Log file open, 09/24/18 19:39:12
LogWindows: Failed to load 'aqProf.dll' (GetLastError=126)
LogWindows: File 'aqProf.dll' does not exist
LogWindows: Failed to load 'VSPerf140.dll' (GetLastError=126)
LogWindows: File 'VSPerf140.dll' does not exist
LogWindows: Failed to load 'VtuneApi.dll' (GetLastError=126)
LogWindows: File 'VtuneApi.dll' does not exist
LogWindows: Failed to load 'VtuneApi32e.dll' (GetLastError=126)
LogWindows: File 'VtuneApi32e.dll' does not exist
LogInit: Display: Running engine for game: ASH_Game
LogPlatformFile: Not using cached read wrapper
LogTaskGraph: Started task graph with 5 named threads and 35 total threads with 3 sets of task threads.
LogStats: Stats thread started at 0.395457
LogD3D11RHI: Loaded GFSDK_Aftermath_Lib.x64.dll
LogICUInternationalization: Display: ICU TimeZone Detection - Raw Offset: -5:00, Platform Override: ''
LogPluginManager: Mounting plugin Paper2D
LogPluginManager: Mounting plugin AISupport
LogPluginManager: Mounting plugin LightPropagationVolume
LogPluginManager: Mounting plugin CLionSourceCodeAccess
LogPluginManager: Mounting plugin CodeLiteSourceCodeAccess
LogPluginManager: Mounting plugin GitSourceControl
LogPluginManager: Mounting plugin KDevelopSourceCodeAccess
LogPluginManager: Mounting plugin NullSourceCodeAccess
LogPluginManager: Mounting plugin PerforceSourceControl
LogPluginManager: Mounting plugin SubversionSourceControl
LogPluginManager: Mounting plugin UObjectPlugin
LogPluginManager: Mounting plugin VisualStudioCodeSourceCodeAccess
LogPluginManager: Mounting plugin VisualStudioSourceCodeAccess
LogPluginManager: Mounting plugin XCodeSourceCodeAccess
LogPluginManager: Mounting plugin AssetManagerEditor
LogPluginManager: Mounting plugin CryptoKeys
LogPluginManager: Mounting plugin DataValidation
LogPluginManager: Mounting plugin FacialAnimation
LogPluginManager: Mounting plugin GameplayTagsEditor
LogPluginManager: Mounting plugin MacGraphicsSwitching
LogPluginManager: Mounting plugin MeshEditor
LogPluginManager: Mounting plugin MobileLauncherProfileWizard
LogPluginManager: Mounting plugin PluginBrowser
LogPluginManager: Mounting plugin SpeedTreeImporter
LogPluginManager: Mounting plugin DatasmithContent
LogPluginManager: Mounting plugin AlembicImporter
LogPluginManager: Mounting plugin AppleImageUtils
LogPluginManager: Mounting plugin AppleVision
LogPluginManager: Mounting plugin BackChannel
LogPluginManager: Mounting plugin CharacterAI
LogPluginManager: Mounting plugin GeometryCache
LogPluginManager: Mounting plugin HTML5Networking
LogPluginManager: Mounting plugin ProxyLODPlugin
LogPluginManager: Mounting plugin MagicLeap
LogPluginManager: Mounting plugin MagicLeapEmulator
LogPluginManager: Mounting plugin MagicLeapMedia
LogPluginManager: Mounting plugin AndroidMedia
LogPluginManager: Mounting plugin AvfMedia
LogPluginManager: Mounting plugin ImgMedia
LogPluginManager: Mounting plugin LinearTimecode
LogPluginManager: Mounting plugin MediaCompositing
LogPluginManager: Mounting plugin MediaPlayerEditor
LogPluginManager: Mounting plugin WmfMedia
LogPluginManager: Mounting plugin TcpMessaging
LogPluginManager: Mounting plugin UdpMessaging
LogPluginManager: Mounting plugin ActorSequence
LogPluginManager: Mounting plugin LevelSequenceEditor
LogPluginManager: Mounting plugin MatineeToLevelSequence
LogPluginManager: Mounting plugin NetcodeUnitTest
LogPluginManager: Mounting plugin NUTUnrealEngine4
LogPluginManager: Mounting plugin OnlineSubsystemGooglePlay
LogPluginManager: Mounting plugin OnlineSubsystemIOS
LogPluginManager: Mounting plugin OnlineSubsystem
LogPluginManager: Mounting plugin OnlineSubsystemNull
LogPluginManager: Mounting plugin OnlineSubsystemUtils
LogPluginManager: Mounting plugin LauncherChunkInstaller
LogPluginManager: Mounting plugin AndroidDeviceProfileSelector
LogPluginManager: Mounting plugin AndroidMoviePlayer
LogPluginManager: Mounting plugin AndroidPermission
LogPluginManager: Mounting plugin AppleMoviePlayer
LogPluginManager: Mounting plugin ArchVisCharacter
LogPluginManager: Mounting plugin AudioCapture
LogPluginManager: Mounting plugin CableComponent
LogPluginManager: Mounting plugin CustomMeshComponent
LogPluginManager: Mounting plugin EditableMesh
LogPluginManager: Mounting plugin ExampleDeviceProfileSelector
LogPluginManager: Mounting plugin GoogleCloudMessaging
LogPluginManager: Mounting plugin ImmediatePhysics
LogPluginManager: Mounting plugin IOSDeviceProfileSelector
LogPluginManager: Mounting plugin LinuxDeviceProfileSelector
LogPluginManager: Mounting plugin LocationServicesBPLibrary
LogPluginManager: Mounting plugin MobilePatchingUtils
LogPluginManager: Mounting plugin OculusVR
LogPluginManager: Plugin shader directory ../../../Engine/Plugins/Runtime/Oculus/OculusVR/Shaders found
LogPluginManager: Mapping shader source directory ../../../Engine/Plugins/Runtime/Oculus/OculusVR/Shaders to virtual directory /Plugin/OculusVR
LogPluginManager: Mounting plugin PhysXVehicles
LogPluginManager: Mounting plugin ProceduralMeshComponent
LogPluginManager: Mounting plugin RuntimePhysXCooking
LogPluginManager: Mounting plugin SteamVR
LogPluginManager: Mounting plugin WindowsMoviePlayer
LogStreaming: Display: Took  0.055s to configure plugins.
LogInit: Using libcurl 7.55.1-DEV
LogInit:  - built for x86_64-pc-win32
LogInit:  - supports SSL with OpenSSL/1.0.2h
LogInit:  - supports HTTP deflate (compression) using libz 1.2.8
LogInit:  - other features:
LogInit:      CURL_VERSION_SSL
LogInit:      CURL_VERSION_LIBZ
LogInit:      CURL_VERSION_IPV6
LogInit:      CURL_VERSION_ASYNCHDNS
LogInit:      CURL_VERSION_LARGEFILE
LogInit:      CURL_VERSION_IDN
LogInit:  CurlRequestOptions (configurable via config and command line):
LogInit:  - bVerifyPeer = false  - Libcurl will NOT verify peer certificate
LogInit:  - bUseHttpProxy = false  - Libcurl will NOT use HTTP proxy
LogInit:  - bDontReuseConnections = false  - Libcurl will reuse connections
LogInit:  - CertBundlePath = nullptr  - Libcurl will use whatever was configured at build time.
LogInit:  - MaxHostConnections = 16  - Libcurl will limit the number of connections to a host
LogInit:  - LocalHostAddr = Default
LogInit:  - BufferSize = 65536
LogInit: WinSock: version 1.1 (2.2), MaxSocks=32767, MaxUdp=65467
LogInit: Build: ++UE4+Release-4.20-CL-4369336
LogInit: Engine Version: 4.20.3-4369336+++UE4+Release-4.20
LogInit: Compatible Engine Version: 4.20.0-4212847+++UE4+Release-4.20
LogInit: Net CL: 4212847
LogInit: OS: Windows 10 (), CPU: Intel(R) Core(TM) i7-8750H CPU @ 2.20GHz, GPU: NVIDIA GeForce GTX 1060
LogInit: Compiled (64-bit): Sep 17 2018 12:26:19
LogInit: Compiled with Visual C++: 19.13.26129.00
LogInit: Build Configuration: Development
LogInit: Branch Name: ++UE4+Release-4.20
LogInit: Command Line: 
LogInit: Base Directory: D:/UE_4.20/Engine/Binaries/Win64/
LogInit: Installed Engine Build: 1
LogDevObjectVersion: Number of dev versions registered: 20
LogDevObjectVersion:   Dev-Blueprints (B0D832E4-1F89-4F0D-ACCF-7EB736FD4AA2): 10
LogDevObjectVersion:   Dev-Build (E1C64328-A22C-4D53-A36C-8E866417BD8C): 0
LogDevObjectVersion:   Dev-Core (375EC13C-06E4-48FB-B500-84F0262A717E): 2
LogDevObjectVersion:   Dev-Editor (E4B068ED-F494-42E9-A231-DA0B2E46BB41): 24
LogDevObjectVersion:   Dev-Framework (CFFC743F-43B0-4480-9391-14DF171D2073): 34
LogDevObjectVersion:   Dev-Mobile (B02B49B5-BB20-44E9-A304-32B752E40360): 2
LogDevObjectVersion:   Dev-Networking (A4E4105C-59A1-49B5-A7C5-40C4547EDFEE): 0
LogDevObjectVersion:   Dev-Online (39C831C9-5AE6-47DC-9A44-9C173E1C8E7C): 0
LogDevObjectVersion:   Dev-Physics (78F01B33-EBEA-4F98-B9B4-84EACCB95AA2): 0
LogDevObjectVersion:   Dev-Platform (6631380F-2D4D-43E0-8009-CF276956A95A): 0
LogDevObjectVersion:   Dev-Rendering (12F88B9F-8875-4AFC-A67C-D90C383ABD29): 26
LogDevObjectVersion:   Dev-Sequencer (7B5AE74C-D270-4C10-A958-57980B212A5A): 9
LogDevObjectVersion:   Dev-VR (D7296918-1DD6-4BDD-9DE2-64A83CC13884): 2
LogDevObjectVersion:   Dev-LoadTimes (C2A15278-BFE7-4AFE-6C17-90FF531DF755): 1
LogDevObjectVersion:   Private-Geometry (6EACA3D4-40EC-4CC1-B786-8BED09428FC5): 3
LogDevObjectVersion:   Dev-AnimPhys (29E575DD-E0A3-4627-9D10-D276232CDCEA): 17
LogDevObjectVersion:   Dev-ReflectionCapture (6B266CEC-1EC7-4B8F-A30B-E4D90942FC07): 1
LogDevObjectVersion:   Dev-Automation (0DF73D61-A23F-47EA-B727-89E90C41499A): 1
LogDevObjectVersion:   FortniteMain (601D1886-AC64-4F84-AA16-D3DE0DEAC7D6): 12
LogDevObjectVersion:   Dev-Enterprise (9DFFBCD6-494F-0158-E221-12823C92A888): 1
LogStreaming: Display: Took  0.001s to delete old logs.
LogInit: Presizing for max 8388607 objects, including 0 objects not considered by GC, pre-allocating 0 bytes for permanent pool.
LogInit: Object subsystem initialized
[2018.09.24-23.39.12:506][  0]LogInit: Selected Device Profile: [Windows]
[2018.09.24-23.39.12:506][  0]LogInit: Applying CVar settings loaded from the selected device profile: [Windows]
[2018.09.24-23.39.12:512][  0]LogHAL: Display: Platform has ~ 16 GB [17028878336 / 17179869184 / 16], which maps to Larger [LargestMinGB=32, LargerMinGB=12, DefaultMinGB=8, SmallerMinGB=6, SmallestMinGB=0)
[2018.09.24-23.39.12:512][  0]LogInit: Setting Device Profile CVar: [[r.Vulkan.UseRealUBs:1]]
[2018.09.24-23.39.12:512][  0]LogInit: Going up to parent DeviceProfile []
[2018.09.24-23.39.12:513][  0]LogInit: Computer: DESKTOP-EQNU1S5
[2018.09.24-23.39.12:513][  0]LogInit: User: XENO
[2018.09.24-23.39.12:513][  0]LogInit: CPU Page size=4096, Cores=6
[2018.09.24-23.39.12:513][  0]LogInit: High frequency timer resolution =2.156251 MHz
[2018.09.24-23.39.12:513][  0]LogMemory: Memory total: Physical=15.9GB (16GB approx)
[2018.09.24-23.39.12:513][  0]LogMemory: Platform Memory Stats for Windows
[2018.09.24-23.39.12:513][  0]LogMemory: Process Physical Memory: 102.31 MB used, 102.31 MB peak
[2018.09.24-23.39.12:513][  0]LogMemory: Process Virtual Memory: 98.04 MB used, 98.04 MB peak
[2018.09.24-23.39.12:513][  0]LogMemory: Physical Memory: 4383.88 MB used,  11856.12 MB free, 16240.00 MB total
[2018.09.24-23.39.12:513][  0]LogMemory: Virtual Memory: 4669.25 MB used,  11856.12 MB free, 134217728.00 MB total
[2018.09.24-23.39.12:815][  0]LogInit: Using OS detected language (en-US).
[2018.09.24-23.39.12:815][  0]LogInit: Using OS detected locale (en-CA).
[2018.09.24-23.39.12:815][  0]LogTextLocalizationManager: No specific localization for 'en-US' exists, so the 'en' localization will be used.
[2018.09.24-23.39.13:111][  0]LogStreaming: Display: Took  0.297s to InitEngineTextLocalization.
[2018.09.24-23.39.13:112][  0]LogInit: Setting process to per monitor DPI aware
[2018.09.24-23.39.13:129][  0]LogSlate: New Slate User Created.  User Index 0, Is Virtual User: 0
[2018.09.24-23.39.13:129][  0]LogSlate: Slate User Registered.  User Index 0, Is Virtual User: 0
[2018.09.24-23.39.13:264][  0]LogHMD: Failed to initialize OpenVR with code 110
[2018.09.24-23.39.13:265][  0]LogD3D11RHI: D3D11 adapters:
[2018.09.24-23.39.13:306][  0]LogD3D11RHI:    0. 'NVIDIA GeForce GTX 1060' (Feature Level 11_0)
[2018.09.24-23.39.13:306][  0]LogD3D11RHI:       6061/0/8120 MB DedicatedVideo/DedicatedSystem/SharedSystem, Outputs:1, VendorId:0x10de
[2018.09.24-23.39.13:329][  0]LogD3D11RHI:    1. 'Intel(R) UHD Graphics 630' (Feature Level 11_0)
[2018.09.24-23.39.13:329][  0]LogD3D11RHI:       128/0/8120 MB DedicatedVideo/DedicatedSystem/SharedSystem, Outputs:0, VendorId:0x8086
[2018.09.24-23.39.13:331][  0]LogD3D11RHI:    2. 'Microsoft Basic Render Driver' (Feature Level 11_0)
[2018.09.24-23.39.13:331][  0]LogD3D11RHI:       0/0/8120 MB DedicatedVideo/DedicatedSystem/SharedSystem, Outputs:0, VendorId:0x1414
[2018.09.24-23.39.13:331][  0]LogD3D11RHI: Chosen D3D11 Adapter: 0
[2018.09.24-23.39.13:336][  0]LogD3D11RHI: Creating new Direct3DDevice
[2018.09.24-23.39.13:336][  0]LogD3D11RHI:     GPU DeviceId: 0x1c60 (for the marketing name, search the web for "GPU Device Id")
[2018.09.24-23.39.13:336][  0]LogWindows: EnumDisplayDevices:
[2018.09.24-23.39.13:336][  0]LogWindows:    0. 'NVIDIA GeForce GTX 1060' (P:1 D:1)
[2018.09.24-23.39.13:336][  0]LogWindows:    1. 'NVIDIA GeForce GTX 1060' (P:0 D:0)
[2018.09.24-23.39.13:336][  0]LogWindows:    2. 'NVIDIA GeForce GTX 1060' (P:0 D:0)
[2018.09.24-23.39.13:337][  0]LogWindows:    3. 'NVIDIA GeForce GTX 1060' (P:0 D:0)
[2018.09.24-23.39.13:337][  0]LogWindows:    4. 'Intel(R) UHD Graphics 630' (P:0 D:0)
[2018.09.24-23.39.13:337][  0]LogWindows:    5. 'Intel(R) UHD Graphics 630' (P:0 D:0)
[2018.09.24-23.39.13:337][  0]LogWindows:    6. 'Intel(R) UHD Graphics 630' (P:0 D:0)
[2018.09.24-23.39.13:337][  0]LogWindows: DebugString: PrimaryIsNotTheChoosenAdapter PrimaryIsNotTheChoosenAdapter PrimaryIsNotTheChoosenAdapter FoundDriverCount:4 
[2018.09.24-23.39.13:337][  0]LogD3D11RHI:     Adapter Name: NVIDIA GeForce GTX 1060
[2018.09.24-23.39.13:337][  0]LogD3D11RHI:   Driver Version: 389.12 (internal:23.21.13.8912, unified:389.12)
[2018.09.24-23.39.13:337][  0]LogD3D11RHI:      Driver Date: 3-7-2018
[2018.09.24-23.39.13:337][  0]LogRHI: Texture pool is 4242 MB (70% of 6061 MB)
[2018.09.24-23.39.13:363][  0]LogD3D11RHI: Async texture creation enabled
[2018.09.24-23.39.13:372][  0]LogD3D11RHI: GPU Timing Frequency: 1000.000000 (Debug: 2 1)
[2018.09.24-23.39.13:417][  0]LogShaderCompilers: Guid format shader working directory is 4 characters bigger than the processId version (../../../../UnrealProjects/A.S.H/ASH_Game/Intermediate/Shaders/WorkingDirectory/8636/).
[2018.09.24-23.39.13:417][  0]LogShaderCompilers: Cleaned the shader compiler working directory 'C:/Users/XENO/AppData/Local/Temp/UnrealShaderWorkingDir/2859AB424A6D49391057F59F983F886F/'.
[2018.09.24-23.39.13:617][  0]LogTemp: Display: Loaded TP AllDesktopTargetPlatform
[2018.09.24-23.39.13:627][  0]LogTemp: Display: Loaded TP MacClientTargetPlatform
[2018.09.24-23.39.13:637][  0]LogTemp: Display: Loaded TP MacNoEditorTargetPlatform
[2018.09.24-23.39.13:647][  0]LogTemp: Display: Loaded TP MacServerTargetPlatform
[2018.09.24-23.39.13:658][  0]LogTemp: Display: Loaded TP MacTargetPlatform
[2018.09.24-23.39.13:668][  0]LogTemp: Display: Loaded TP WindowsClientTargetPlatform
[2018.09.24-23.39.13:678][  0]LogTemp: Display: Loaded TP WindowsNoEditorTargetPlatform
[2018.09.24-23.39.13:688][  0]LogTemp: Display: Loaded TP WindowsServerTargetPlatform
[2018.09.24-23.39.13:693][  0]LogTemp: Display: Loaded TP WindowsTargetPlatform
[2018.09.24-23.39.13:756][  0]LogTemp: Display: Loaded TP AndroidTargetPlatform
[2018.09.24-23.39.13:756][  0]LogTemp: Display: Loaded TP AndroidTargetPlatform
[2018.09.24-23.39.13:756][  0]LogTemp: Display: Loaded TP AndroidTargetPlatform
[2018.09.24-23.39.13:756][  0]LogTemp: Display: Loaded TP AndroidTargetPlatform
[2018.09.24-23.39.13:756][  0]LogTemp: Display: Loaded TP AndroidTargetPlatform
[2018.09.24-23.39.13:756][  0]LogTemp: Display: Loaded TP AndroidTargetPlatform
[2018.09.24-23.39.13:756][  0]LogTemp: Display: Loaded TP AndroidTargetPlatform
[2018.09.24-23.39.13:756][  0]LogTemp: Display: Loaded TP AndroidTargetPlatform
[2018.09.24-23.39.13:756][  0]LogTemp: Display: Loaded TP AndroidTargetPlatform
[2018.09.24-23.39.13:756][  0]LogTemp: Display: Loaded TP AndroidTargetPlatform
[2018.09.24-23.39.13:756][  0]LogTemp: Display: Loaded TP AndroidTargetPlatform
[2018.09.24-23.39.13:756][  0]LogTemp: Display: Loaded TP AndroidTargetPlatform
[2018.09.24-23.39.13:756][  0]LogTemp: Display: Loaded TP AndroidTargetPlatform
[2018.09.24-23.39.13:756][  0]LogTemp: Display: Loaded TP AndroidTargetPlatform
[2018.09.24-23.39.13:756][  0]LogTemp: Display: Loaded TP AndroidTargetPlatform
[2018.09.24-23.39.13:756][  0]LogTemp: Display: Loaded TP AndroidTargetPlatform
[2018.09.24-23.39.13:756][  0]LogTemp: Display: Loaded TP AndroidTargetPlatform
[2018.09.24-23.39.13:756][  0]LogTemp: Display: Loaded TP AndroidTargetPlatform
[2018.09.24-23.39.13:757][  0]LogTemp: Display: Loaded TP HTML5TargetPlatform
[2018.09.24-23.39.13:809][  0]LogTemp: Display: Loaded TP IOSTargetPlatform
[2018.09.24-23.39.13:809][  0]LogTemp: Display: Loaded TP IOSTargetPlatform
[2018.09.24-23.39.13:828][  0]LogTemp: Display: Loaded TP TVOSTargetPlatform
[2018.09.24-23.39.13:828][  0]LogTemp: Display: Loaded TP TVOSTargetPlatform
[2018.09.24-23.39.13:838][  0]LogTemp: Display: Loaded TP LinuxClientTargetPlatform
[2018.09.24-23.39.13:848][  0]LogTemp: Display: Loaded TP LinuxNoEditorTargetPlatform
[2018.09.24-23.39.13:858][  0]LogTemp: Display: Loaded TP LinuxServerTargetPlatform
[2018.09.24-23.39.13:868][  0]LogTemp: Display: Loaded TP LinuxTargetPlatform
[2018.09.24-23.39.13:875][  0]LogTemp: Display: Loaded TP LuminTargetPlatform
[2018.09.24-23.39.13:875][  0]LogTargetPlatformManager: Display: Building Assets For Windows
[2018.09.24-23.39.13:910][  0]LogXGEController: Cannot use XGE Controller as Incredibuild is not installed on this machine.
[2018.09.24-23.39.13:910][  0]LogShaderCompilers: Cannot use XGE Shader Compiler as Incredibuild is not installed on this machine.
[2018.09.24-23.39.13:910][  0]LogShaderCompilers: Display: Using Local Shader Compiler.
[2018.09.24-23.39.14:471][  0]LogDerivedDataCache: Display: Max Cache Size: 512 MB
[2018.09.24-23.39.14:516][  0]LogDerivedDataCache: Loaded boot cache 0.04s 71MB C:/Users/XENO/AppData/Local/UnrealEngine/4.20/DerivedDataCache/Boot.ddc.
[2018.09.24-23.39.14:516][  0]LogDerivedDataCache: Display: Loaded Boot cache: C:/Users/XENO/AppData/Local/UnrealEngine/4.20/DerivedDataCache/Boot.ddc
[2018.09.24-23.39.14:517][  0]LogDerivedDataCache: FDerivedDataBackendGraph:  Pak pak cache file ../../../../UnrealProjects/A.S.H/ASH_Game/DerivedDataCache/DDC.ddp not found, will not use a pak cache.
[2018.09.24-23.39.14:517][  0]LogDerivedDataCache: Unable to find inner node Pak for hierarchical cache Hierarchy.
[2018.09.24-23.39.14:517][  0]LogDerivedDataCache: FDerivedDataBackendGraph:  CompressedPak pak cache file ../../../../UnrealProjects/A.S.H/ASH_Game/DerivedDataCache/Compressed.ddp not found, will not use a pak cache.
[2018.09.24-23.39.14:517][  0]LogDerivedDataCache: Unable to find inner node CompressedPak for hierarchical cache Hierarchy.
[2018.09.24-23.39.14:527][  0]LogDerivedDataCache: Display: Pak cache opened for reading ../../../Engine/DerivedDataCache/Compressed.ddp.
[2018.09.24-23.39.14:540][  0]LogDerivedDataCache: Using Local data cache path C:/Users/XENO/AppData/Local/UnrealEngine/Common/DerivedDataCache: Writable
[2018.09.24-23.39.14:540][  0]LogDerivedDataCache: Shared data cache path not found in *engine.ini, will not use an Shared cache.
[2018.09.24-23.39.14:540][  0]LogDerivedDataCache: Unable to find inner node Shared for hierarchical cache Hierarchy.
[2018.09.24-23.39.14:555][  0]LogMaterial: Verifying Global Shaders for PCD3D_SM5
[2018.09.24-23.39.14:557][  0]LogSlate: Using FreeType 2.6.0
[2018.09.24-23.39.14:557][  0]LogSlate: SlateFontServices - WITH_FREETYPE: 1, WITH_HARFBUZZ: 1
[2018.09.24-23.39.14:618][  0]LogAssetRegistry: FAssetRegistry took 0.0252 seconds to start up
[2018.09.24-23.39.14:860][  0]LogInit: Selected Device Profile: [Windows]
[2018.09.24-23.39.14:897][  0]LogSimplygon: Simplygon DLL not present - disabling.
[2018.09.24-23.39.14:900][  0]LogMeshReduction: Using SimplygonSwarm for distributed automatic mesh merging
[2018.09.24-23.39.14:900][  0]LogMeshReduction: Using ProxyLODMeshReduction for automatic mesh merging
[2018.09.24-23.39.14:900][  0]LogMeshReduction: Using QuadricMeshReduction for automatic static mesh reduction
[2018.09.24-23.39.14:900][  0]LogMeshReduction: No automatic skeletal mesh reduction module available
[2018.09.24-23.39.14:976][  0]LogNetVersion: ASH_Game 1.0.0, NetCL: 4212847, EngineNetVer: 5, GameNetVer: 0 (Checksum: 1471675654)
[2018.09.24-23.39.15:362][  0]LogPackageLocalizationCache: Processed 11 localized package path(s) for 2 prioritized culture(s) in 0.045619 seconds
[2018.09.24-23.39.15:367][  0]LogUObjectArray: 38425 objects as part of root set at end of initial load.
[2018.09.24-23.39.15:367][  0]LogUObjectAllocator: 6690872 out of 0 bytes used by permanent object pool.
[2018.09.24-23.39.15:367][  0]LogUObjectArray: CloseDisregardForGC: 0/0 objects in disregard for GC pool
[2018.09.24-23.39.16:009][  0]LogTcpMessaging: Initializing TcpMessaging bridge
[2018.09.24-23.39.16:022][  0]LogUdpMessaging: Initializing bridge on interface 0.0.0.0:0 to multicast group 230.0.0.1:6666.
[2018.09.24-23.39.16:174][  0]SourceControl: Source control is disabled
[2018.09.24-23.39.16:174][  0]SourceControl: Source control is disabled
[2018.09.24-23.39.16:174][  0]SourceControl: Source control is disabled
[2018.09.24-23.39.16:175][  0]SourceControl: Source control is disabled
[2018.09.24-23.39.16:312][  0]LogAndroidPermission: UAndroidPermissionCallbackProxy::GetInstance
[2018.09.24-23.39.16:354][  0]LogOcInput: OculusInput pre-init called
[2018.09.24-23.39.16:402][  0]LogEngine: Initializing Engine...
[2018.09.24-23.39.16:403][  0]LogHMD: Failed to initialize OpenVR with code 110
[2018.09.24-23.39.16:404][  0]LogStats: UGameplayTagsManager::ConstructGameplayTagTree: ImportINI prefixes -  0.000 s
[2018.09.24-23.39.16:404][  0]LogStats: UGameplayTagsManager::ConstructGameplayTagTree: Construct from data asset -  0.000 s
[2018.09.24-23.39.16:404][  0]LogStats: UGameplayTagsManager::ConstructGameplayTagTree: ImportINI -  0.000 s
[2018.09.24-23.39.16:404][  0]LogStats: UGameplayTagsManager::ConstructGameplayTagTree: GameplayTagTreeChangedEvent.Broadcast -  0.000 s
[2018.09.24-23.39.16:570][  0]LogInit: Initializing FReadOnlyCVARCache
[2018.09.24-23.39.16:578][  0]LogAIModule: Creating AISystem for world Untitled
[2018.09.24-23.39.16:587][  0]LogInit: XAudio2 using 'Speakers/Headphones (Realtek(R) Audio)' : 6 channels at 48 kHz using 32 bits per sample (channel mask 0x3f)
[2018.09.24-23.39.16:814][  0]LogInit: FAudioDevice initialized.
[2018.09.24-23.39.16:815][  0]LogNetVersion: Set ProjectVersion to 1.0.0.0. Version Checksum will be recalculated on next use.
[2018.09.24-23.39.16:899][  0]LogDerivedDataCache: Saved boot cache 0.08s 71MB C:/Users/XENO/AppData/Local/UnrealEngine/4.20/DerivedDataCache/Boot.ddc.
[2018.09.24-23.39.16:899][  0]LogInit: Texture streaming: Enabled
[2018.09.24-23.39.16:908][  0]LogEngineSessionManager: EngineSessionManager initialized
[2018.09.24-23.39.16:915][  0]LogInit: Transaction tracking system initialized
[2018.09.24-23.39.16:927][  0]BlueprintLog: New page: Editor Load
[2018.09.24-23.39.16:971][  0]LocalizationService: Localization service is disabled
[2018.09.24-23.39.17:162][  0]LogAutoReimportManager: Warning: Unable to watch directory ../../../../UnrealProjects/A.S.H/ASH_Game/Content/ as it will conflict with another watching ../../../../UnrealProjects/A.S.H/ASH_Game/Content/.
[2018.09.24-23.39.17:174][  0]LogCook: Display: Max memory allowance for cook 16384mb min free memory 0mb
[2018.09.24-23.39.17:174][  0]LogCook: Display: Mobile HDR setting 1
[2018.09.24-23.39.17:174][  0]LogGameplayTags: Display: UGameplayTagsManager::DoneAddingNativeTags. DelegateIsBound: 0
[2018.09.24-23.39.17:174][  0]LogStats: UGameplayTagsManager::ConstructGameplayTagTree: ImportINI prefixes -  0.000 s
[2018.09.24-23.39.17:174][  0]LogStats: UGameplayTagsManager::ConstructGameplayTagTree: Construct from data asset -  0.000 s
[2018.09.24-23.39.17:174][  0]LogStats: UGameplayTagsManager::ConstructGameplayTagTree: ImportINI -  0.000 s
[2018.09.24-23.39.17:174][  0]LogStats: UGameplayTagsManager::ConstructGameplayTagTree: GameplayTagTreeChangedEvent.Broadcast -  0.000 s
[2018.09.24-23.39.17:250][  0]LogFileCache: Scanning file cache for directory 'D:/UnrealProjects/A.S.H/ASH_Game/Content/' took 0.01s
[2018.09.24-23.39.17:250][  0]SourceControl: Source control is disabled
[2018.09.24-23.39.17:250][  0]Cmd: MAP LOAD FILE="../../../../UnrealProjects/A.S.H/ASH_Game/Content/MapGenerator_Mike/MapGenerator.umap" TEMPLATE=0 SHOWPROGRESS=1 FEATURELEVEL=3
[2018.09.24-23.39.17:250][  0]LightingResults: New page: Lighting Build
[2018.09.24-23.39.17:252][  0]MapCheck: New page: Map Check
[2018.09.24-23.39.17:252][  0]LightingResults: New page: Lighting Build
[2018.09.24-23.39.17:583][  0]LogAIModule: Creating AISystem for world MapGenerator
[2018.09.24-23.39.17:586][  0]LogEditorServer: Finished looking for orphan Actors (0.000 secs)
[2018.09.24-23.39.17:610][  0]Cmd: MAP CHECKDEP NOCLEARLOG
[2018.09.24-23.39.17:646][  0]MapCheck: Map check complete: 0 Error(s), 0 Warning(s), took 36.326ms to complete.
[2018.09.24-23.39.17:646][  0]LogFileHelpers: Loading map 'MapGenerator' took 0.396
[2018.09.24-23.39.17:748][  0]LogSlate: Updating window title bar state: overlay mode, drag disabled, window buttons hidden, title bar hidden
[2018.09.24-23.39.17:753][  0]LogSlate: Updating window title bar state: overlay mode, drag disabled, window buttons hidden, title bar hidden
[2018.09.24-23.39.17:758][  0]LogSlate: Updating window title bar state: overlay mode, drag disabled, window buttons hidden, title bar hidden
[2018.09.24-23.39.17:764][  0]LogSlate: Updating window title bar state: overlay mode, drag disabled, window buttons hidden, title bar hidden
[2018.09.24-23.39.17:768][  0]LogCollectionManager: Loaded 0 collections in 0.000804 seconds
[2018.09.24-23.39.17:808][  0]LogFileCache: Scanning file cache for directory 'D:/UnrealProjects/A.S.H/ASH_Game/Saved/Collections/' took 0.01s
[2018.09.24-23.39.17:808][  0]LogFileCache: Scanning file cache for directory 'D:/UnrealProjects/A.S.H/ASH_Game/Content/Developers/XENO/Collections/' took 0.01s
[2018.09.24-23.39.17:808][  0]LogFileCache: Scanning file cache for directory 'D:/UnrealProjects/A.S.H/ASH_Game/Content/Collections/' took 0.01s
[2018.09.24-23.39.17:808][  0]LogCollectionManager: Rebuilt the GUID cache for 0 collections in 0.000000 seconds
[2018.09.24-23.39.17:816][  0]LogContentBrowser: Native class hierarchy populated in 0.0076 seconds. Added 2572 classes and 603 folders.
[2018.09.24-23.39.17:820][  0]LogContentBrowser: Native class hierarchy updated for 'WidgetCarousel' in 0.0002 seconds. Added 0 classes and 0 folders.
[2018.09.24-23.39.17:850][  0]LogContentBrowser: Native class hierarchy updated for 'AddContentDialog' in 0.0002 seconds. Added 0 classes and 0 folders.
[2018.09.24-23.39.17:853][  0]LogContentBrowser: Native class hierarchy updated for 'SceneOutliner' in 0.0002 seconds. Added 1 classes and 2 folders.
[2018.09.24-23.39.17:864][  0]LogSlate: Took 0.000129 seconds to synchronously load lazily loaded font '../../../Engine/Content/Slate/Fonts/Roboto-Regular.ttf' (155K)
[2018.09.24-23.39.17:866][  0]LogSlate: Took 0.000123 seconds to synchronously load lazily loaded font '../../../Engine/Content/Slate/Fonts/Roboto-Bold.ttf' (160K)
[2018.09.24-23.39.17:871][  0]LogSlate: Took 0.001561 seconds to synchronously load lazily loaded font '../../../Engine/Content/Editor/Slate/Fonts/FontAwesome.ttf' (139K)
[2018.09.24-23.39.17:935][  0]LogRenderer: Reallocating scene render targets to support 1612x808 Format 10 NumSamples 1 (Frame:1).
[2018.09.24-23.39.18:023][  0]LogContentBrowser: Native class hierarchy updated for 'HierarchicalLODOutliner' in 0.0002 seconds. Added 0 classes and 0 folders.
[2018.09.24-23.39.18:023][  0]LogLoad: (Engine Initialization) Total time: 6.97 seconds
[2018.09.24-23.39.18:023][  0]LogLoad: (Engine Initialization) Total Blueprint compile time: 0.00 seconds
[2018.09.24-23.39.18:033][  0]LogWindowsTextInputMethodSystem: Display: IME system now deactivated.
[2018.09.24-23.39.18:064][  0]LogContentStreaming: Texture pool size now 1000 MB
[2018.09.24-23.39.18:153][  1]LogFileCache: Retrieving MD5 hashes for directory 'D:/UnrealProjects/A.S.H/ASH_Game/Content/' took 0.11s
[2018.09.24-23.39.18:168][  1]LogAssetRegistry: Asset discovery search completed in 3.5721 seconds
[2018.09.24-23.39.18:170][  1]LogCollectionManager: Rebuilt the object cache for 0 collections in 0.000000 seconds (found 0 objects)
[2018.09.24-23.39.18:170][  1]LogCollectionManager: Fixed up redirectors for 0 collections in 0.000038 seconds (updated 0 objects)
[2018.09.24-23.39.19:043][101]LogSlate: Took 0.000162 seconds to synchronously load lazily loaded font '../../../Engine/Content/Slate/Fonts/Roboto-Light.ttf' (167K)
[2018.09.24-23.39.27:351][  1]LogSlate: FSceneViewport::OnFocusLost() reason 0
[2018.09.24-23.39.27:598][ 12]LogAssetEditorManager: Opening Asset editor for WidgetBlueprint /Game/UI-Rick/LevelSelectWB.LevelSelectWB
[2018.09.24-23.39.28:022][ 12]LogContentBrowser: Native class hierarchy updated for 'BlueprintGraph' in 0.0005 seconds. Added 116 classes and 0 folders.
[2018.09.24-23.39.28:678][ 12]LogAssetEditorManager: Opening Asset editor for Blueprint /Game/MapGenerator_Mike/MapGenerator_BP.MapGenerator_BP
[2018.09.24-23.39.28:973][ 12]LogLinker: Warning: Can't resolve asset name
[2018.09.24-23.39.28:983][ 12]LogSlate: Took 0.000170 seconds to synchronously load lazily loaded font '../../../Engine/Content/Slate/Fonts/Roboto-BoldCondensed.ttf' (158K)
[2018.09.24-23.39.29:932][ 13]LogSlate: Took 0.000150 seconds to synchronously load lazily loaded font '../../../Engine/Content/Slate/Fonts/Roboto-Italic.ttf' (157K)
[2018.09.24-23.39.46:000][921]LogSlate: FSceneViewport::OnFocusLost() reason 0
[2018.09.24-23.39.53:475][750]LogAIModule: Creating AISystem for world MainMenuTest
[2018.09.24-23.39.53:479][750]LogAssetEditorManager: Opening Asset editor for World /Game/UI-Rick/MainMenuTest.MainMenuTest
[2018.09.24-23.39.53:512][750]Cmd: MAP LOAD FILE="../../../../UnrealProjects/A.S.H/ASH_Game/Content/UI-Rick/MainMenuTest.umap" TEMPLATE=0 SHOWPROGRESS=1 FEATURELEVEL=3
[2018.09.24-23.39.53:512][750]LightingResults: New page: Lighting Build
[2018.09.24-23.39.53:513][750]LoadErrors: New page: Loading map: MainMenuTest.umap
[2018.09.24-23.39.53:514][750]MapCheck: New page: Map Check
[2018.09.24-23.39.53:514][750]LightingResults: New page: Lighting Build
[2018.09.24-23.39.53:545][750]LogEditorServer: Finished looking for orphan Actors (0.000 secs)
[2018.09.24-23.39.53:610][750]Cmd: MAP CHECKDEP NOCLEARLOG
[2018.09.24-23.39.53:668][750]MapCheck: Map check complete: 0 Error(s), 0 Warning(s), took 57.519ms to complete.
[2018.09.24-23.39.53:668][750]LogFileHelpers: Loading map 'MainMenuTest' took 0.156
[2018.09.24-23.39.55:688][942]LogLinker: Warning: Can't find file '/Game/TopDownBP/Blueprints/Assets/Enemies/Parasite/ParasiteAnim_BP'
[2018.09.24-23.39.55:689][942]LoadErrors: Failed to load /Game/TopDownBP/Blueprints/Weapons/PistolBullet.PistolBullet_C Referenced by GUN_GEN_VARIABLE
[2018.09.24-23.39.55:689][942]LogLinker: Warning: Can't find file for asset '/Game/TopDownBP/Blueprints/Assets/Enemies/Parasite/ParasiteAnim_BP' while loading ../../../../UnrealProjects/A.S.H/ASH_Game/Content/TopDownBP/Blueprints/Parasite.uasset.
[2018.09.24-23.39.55:689][942]LoadErrors: Error: /Game/TopDownBP/Blueprints/Parasite : Can't find file for asset. /Game/TopDownBP/Blueprints/Assets/Enemies/Parasite/ParasiteAnim_BP
[2018.09.24-23.39.55:698][942]LogLinker: Warning: Can't find file '/Game/TopDownBP/Blueprints/Assets/Enemies/Parasite/ParasiteAnim_BP'
[2018.09.24-23.39.55:698][942]LoadErrors: Failed to load /Game/TopDownBP/Blueprints/Assets/Enemies/Parasite/ParasiteAnim_BP.ParasiteAnim_BP_C Referenced by GUN_GEN_VARIABLE
[2018.09.24-23.39.55:698][942]LogLinker: Warning: Can't find file for asset '/Game/TopDownBP/Blueprints/Assets/Enemies/Parasite/ParasiteAnim_BP' while loading ../../../../UnrealProjects/A.S.H/ASH_Game/Content/TopDownBP/Blueprints/Parasite.uasset.
[2018.09.24-23.39.55:700][942]LogLinker: Warning: Can't find file '/Game/TopDownBP/Blueprints/Assets/Enemies/Parasite/ParasiteAnim_BP'
[2018.09.24-23.39.55:700][942]LoadErrors: Failed to load /Game/TopDownBP/Blueprints/Assets/Enemies/Parasite/ParasiteAnim_BP.ParasiteAnim_BP_C Referenced by Default__Parasite_C
[2018.09.24-23.39.55:700][942]LogLinker: Warning: Can't find file for asset '/Game/TopDownBP/Blueprints/Assets/Enemies/Parasite/ParasiteAnim_BP' while loading ../../../../UnrealProjects/A.S.H/ASH_Game/Content/TopDownBP/Blueprints/Parasite.uasset.
[2018.09.24-23.39.55:700][942]LogLinker: Warning: Can't find file '/Game/TopDownBP/Blueprints/Assets/Enemies/Parasite/parasite-TPose'
[2018.09.24-23.39.55:700][942]LoadErrors: Failed to load /Game/TopDownBP/Blueprints/Assets/Enemies/Parasite/parasite-TPose.parasite-TPose Referenced by Default__Parasite_C
[2018.09.24-23.39.55:701][942]LogLinker: Warning: Can't find file for asset '/Game/TopDownBP/Blueprints/Assets/Enemies/Parasite/parasite-TPose' while loading ../../../../UnrealProjects/A.S.H/ASH_Game/Content/TopDownBP/Blueprints/Parasite.uasset.
[2018.09.24-23.39.55:701][942]LoadErrors: Error: /Game/TopDownBP/Blueprints/Parasite : Can't find file for asset. /Game/TopDownBP/Blueprints/Assets/Enemies/Parasite/parasite-TPose
[2018.09.24-23.39.55:702][942]LogLinker: Warning: Can't find file '/Game/TopDownBP/Blueprints/Assets/Enemies/Parasite/parasite-TPose'
[2018.09.24-23.39.55:702][942]LoadErrors: Failed to load /Game/TopDownBP/Blueprints/Assets/Enemies/Parasite/parasite-TPose Referenced by GUN_GEN_VARIABLE
[2018.09.24-23.39.55:702][942]LogLinker: Warning: Can't find file for asset '/Game/TopDownBP/Blueprints/Assets/Enemies/Parasite/parasite-TPose' while loading ../../../../UnrealProjects/A.S.H/ASH_Game/Content/TopDownBP/Blueprints/Parasite.uasset.
[2018.09.24-23.39.55:702][942]LogLinker: Warning: Can't find file '/Game/TopDownBP/Blueprints/Assets/Enemies/Parasite/ParasiteAnim_BP'
[2018.09.24-23.39.55:702][942]LoadErrors: Failed to load /Game/TopDownBP/Blueprints/Assets/Enemies/Parasite/ParasiteAnim_BP Referenced by GUN_GEN_VARIABLE
[2018.09.24-23.39.55:702][942]LogLinker: Warning: Can't find file for asset '/Game/TopDownBP/Blueprints/Assets/Enemies/Parasite/ParasiteAnim_BP' while loading ../../../../UnrealProjects/A.S.H/ASH_Game/Content/TopDownBP/Blueprints/Parasite.uasset.
[2018.09.24-23.39.55:702][942]LogLinker: Warning: Can't find file '/Game/TopDownBP/Blueprints/Assets/Enemies/Parasite/parasite-TPose'
[2018.09.24-23.39.55:702][942]LoadErrors: Failed to load /Game/TopDownBP/Blueprints/Assets/Enemies/Parasite/parasite-TPose.parasite-TPose Referenced by GUN_GEN_VARIABLE
[2018.09.24-23.39.55:702][942]LogLinker: Warning: Can't find file for asset '/Game/TopDownBP/Blueprints/Assets/Enemies/Parasite/parasite-TPose' while loading ../../../../UnrealProjects/A.S.H/ASH_Game/Content/TopDownBP/Blueprints/Parasite.uasset.
[2018.09.24-23.39.55:707][942]LogLinker: Warning: Can't find file '/Game/TopDownBP/Blueprints/Assets/Enemies/Parasite/parasite-TPose'
[2018.09.24-23.39.55:707][942]LogLinker: Warning: Can't find file for asset '/Game/TopDownBP/Blueprints/Assets/Enemies/Parasite/parasite-TPose' while loading ../../../../UnrealProjects/A.S.H/ASH_Game/Content/TopDownBP/Blueprints/Parasite.uasset.
[2018.09.24-23.39.55:707][942]LogLinker: Warning: Can't find file '/Game/TopDownBP/Blueprints/Assets/Enemies/Parasite/ParasiteAnim_BP'
[2018.09.24-23.39.55:707][942]LogLinker: Warning: Can't find file for asset '/Game/TopDownBP/Blueprints/Assets/Enemies/Parasite/ParasiteAnim_BP' while loading ../../../../UnrealProjects/A.S.H/ASH_Game/Content/TopDownBP/Blueprints/Parasite.uasset.
[2018.09.24-23.39.55:708][942]LogLinker: Warning: Can't find file '/Game/TopDownBP/Blueprints/Assets/Enemies/Parasite/parasite-TPose'
[2018.09.24-23.39.55:708][942]LogLinker: Warning: Can't find file for asset '/Game/TopDownBP/Blueprints/Assets/Enemies/Parasite/parasite-TPose' while loading ../../../../UnrealProjects/A.S.H/ASH_Game/Content/TopDownBP/Blueprints/Parasite.uasset.
[2018.09.24-23.39.59:181][203]LogAssetEditorManager: Opening Asset editor for LevelScriptBlueprint /Game/UI-Rick/MainMenuTest.MainMenuTest:PersistentLevel.MainMenuTest
[2018.09.24-23.40.23:915][ 55]BlueprintLog: New page: Compile MainMenuTest
[2018.09.24-23.40.23:924][ 55]LogBlueprint: Error: [Compiler PersistentLevel.MainMenuTest] The type of  Object  is undetermined.  Connect something to  Cast To LevelSelectWB  to imply a specific type.
[2018.09.24-23.40.23:924][ 55]LogBlueprint: Error: [Compiler PersistentLevel.MainMenuTest] The current value of the ' Object ' pin is invalid: Unsupported type Object Wildcard on pin Object
[2018.09.24-23.40.24:090][ 55]LogBlueprint: Warning: [Compiler PersistentLevel.MainMenuTest] [0073.04] Compile of PersistentLevel.MainMenuTest failed. 2 Fatal Issue(s) 0 Warning(s) [in 175 ms] (/Game/UI-Rick/MainMenuTest.MainMenuTest:PersistentLevel.MainMenuTest)
[2018.09.24-23.40.59:188][386]LogAssetEditorManager: Opening Asset editor for World /Game/UI-Rick/MainMenuTest.MainMenuTest
[2018.09.24-23.41.01:002][386]LogSlate: Window 'Save Content' being destroyed
[2018.09.24-23.41.34:518][257]LogSlate: Took 0.056537 seconds to synchronously load lazily loaded font '../../../Engine/Content/Slate/Fonts/Roboto-BoldCondensedItalic.ttf' (160K)
[2018.09.24-23.41.50:532][433]BlueprintLog: New page: Compile MainMenuTest
[2018.09.24-23.42.32:464][254]BlueprintLog: New page: Compile LevelSelectWB
[2018.09.24-23.42.35:674][449]LogUObjectArray: Warning: Other object in slot
[2018.09.24-23.42.37:391][449]LogStats: FPlatformStackWalk::StackWalkAndDump -  1.718 s
[2018.09.24-23.42.37:391][449]LogOutputDevice: Error: === Handled ensure: ===
[2018.09.24-23.42.37:391][449]LogOutputDevice: Error: 
[2018.09.24-23.42.37:391][449]LogOutputDevice: Error: Ensure condition failed: false [File:D:\Build\++UE4\Sync\Engine\Source\Editor\UnrealEd\Private\Kismet2\KismetDebugUtilities.cpp] [Line: 1142]
[2018.09.24-23.42.37:391][449]LogOutputDevice: Error: Error: Invalid (but non-null) property associated with pin; cannot get variable value
[2018.09.24-23.42.37:391][449]LogOutputDevice: Error: Stack: 
[2018.09.24-23.42.37:391][449]LogOutputDevice: Error: [Callstack] 0x00007ffffedf71f6 UE4Editor-Core.dll!UnknownFunction []
[2018.09.24-23.42.37:391][449]LogOutputDevice: Error: [Callstack] 0x00007ffffeb30c92 UE4Editor-Core.dll!UnknownFunction []
[2018.09.24-23.42.37:391][449]LogOutputDevice: Error: [Callstack] 0x00007ffffeb4b356 UE4Editor-Core.dll!UnknownFunction []
[2018.09.24-23.42.37:391][449]LogOutputDevice: Error: [Callstack] 0x00007fffe9c411db UE4Editor-UnrealEd.dll!UnknownFunction []
[2018.09.24-23.42.37:391][449]LogOutputDevice: Error: [Callstack] 0x00007fffe9c5060e UE4Editor-UnrealEd.dll!UnknownFunction []
[2018.09.24-23.42.37:392][449]LogOutputDevice: Error: [Callstack] 0x00007fffe84cda7a UE4Editor-BlueprintGraph.dll!UnknownFunction []
[2018.09.24-23.42.37:392][449]LogOutputDevice: Error: [Callstack] 0x00007fffe755ec2a UE4Editor-GraphEditor.dll!UnknownFunction []
[2018.09.24-23.42.37:392][449]LogOutputDevice: Error: [Callstack] 0x00007fffe751f337 UE4Editor-GraphEditor.dll!UnknownFunction []
[2018.09.24-23.42.37:392][449]LogOutputDevice: Error: [Callstack] 0x00007fffeae88204 UE4Editor-Slate.dll!UnknownFunction []
[2018.09.24-23.42.37:392][449]LogOutputDevice: Error: [Callstack] 0x00007fffeb0ce933 UE4Editor-Slate.dll!UnknownFunction []
[2018.09.24-23.42.37:392][449]LogOutputDevice: Error: [Callstack] 0x00007fffeaee281a UE4Editor-Slate.dll!UnknownFunction []
[2018.09.24-23.42.37:392][449]LogOutputDevice: Error: [Callstack] 0x00007fffeaeb8190 UE4Editor-Slate.dll!UnknownFunction []
[2018.09.24-23.42.37:392][449]LogOutputDevice: Error: [Callstack] 0x00007fffeaeab073 UE4Editor-Slate.dll!UnknownFunction []
[2018.09.24-23.42.37:392][449]LogOutputDevice: Error: [Callstack] 0x00007ff8101ed007 UE4Editor-ApplicationCore.dll!UnknownFunction []
[2018.09.24-23.42.37:392][449]LogOutputDevice: Error: [Callstack] 0x00007ff8101e0270 UE4Editor-ApplicationCore.dll!UnknownFunction []
[2018.09.24-23.42.37:392][449]LogOutputDevice: Error: [Callstack] 0x00007ff8101ef4c5 UE4Editor-ApplicationCore.dll!UnknownFunction []
[2018.09.24-23.42.37:392][449]LogOutputDevice: Error: [Callstack] 0x00007ff8101dc209 UE4Editor-ApplicationCore.dll!UnknownFunction []
[2018.09.24-23.42.37:392][449]LogOutputDevice: Error: [Callstack] 0x000001cc1a086cc1 USER32.dll!UnknownFunction []
[2018.09.24-23.42.37:392][449]LogOutputDevice: Error: [Callstack] 0x000001cc1a086693 USER32.dll!UnknownFunction []
[2018.09.24-23.42.37:392][449]LogOutputDevice: Error: [Callstack] 0x00007ff8101f0646 UE4Editor-ApplicationCore.dll!UnknownFunction []
[2018.09.24-23.42.37:392][449]LogOutputDevice: Error: [Callstack] 0x00007ff65dd654e5 UE4Editor.exe!UnknownFunction []
[2018.09.24-23.42.37:392][449]LogOutputDevice: Error: [Callstack] 0x00007ff65dd75b3c UE4Editor.exe!UnknownFunction []
[2018.09.24-23.42.37:392][449]LogOutputDevice: Error: [Callstack] 0x00007ff65dd75bba UE4Editor.exe!UnknownFunction []
[2018.09.24-23.42.37:392][449]LogOutputDevice: Error: [Callstack] 0x00007ff65dd83dac UE4Editor.exe!UnknownFunction []
[2018.09.24-23.42.37:392][449]LogOutputDevice: Error: [Callstack] 0x00007ff65dd85aaa UE4Editor.exe!UnknownFunction []
[2018.09.24-23.42.37:392][449]LogOutputDevice: Error: [Callstack] 0x00007ff823a03034 KERNEL32.DLL!UnknownFunction []
[2018.09.24-23.42.37:392][449]LogOutputDevice: Error: [Callstack] 0x00007ff824681461 ntdll.dll!UnknownFunction []
[2018.09.24-23.42.37:392][449]LogOutputDevice: Error: 
[2018.09.24-23.42.37:395][449]LogStats:                SubmitErrorReport -  0.000 s
[2018.09.24-23.42.37:770][449]LogStats:                    SendNewReport -  0.375 s
[2018.09.24-23.42.37:771][449]LogStats:             FDebug::EnsureFailed -  2.097 s
[2018.09.24-23.42.37:771][449]LogUObjectArray: Warning: Other object in slot
[2018.09.24-23.42.37:773][449]LogUObjectArray: Warning: Other object in slot
[2018.09.24-23.42.37:782][449]LogUObjectArray: Warning: Other object in slot
[2018.09.24-23.42.37:783][449]LogUObjectArray: Warning: Other object in slot
[2018.09.24-23.42.37:787][449]LogUObjectArray: Warning: Other object in slot
[2018.09.24-23.42.37:798][450]LogUObjectArray: Warning: Other object in slot
[2018.09.24-23.42.37:801][450]LogUObjectArray: Warning: Other object in slot
[2018.09.24-23.42.37:813][451]LogUObjectArray: Warning: Other object in slot
[2018.09.24-23.42.37:815][451]LogUObjectArray: Warning: Other object in slot
[2018.09.24-23.42.37:828][452]LogUObjectArray: Warning: Other object in slot
[2018.09.24-23.42.37:831][452]LogUObjectArray: Warning: Other object in slot
[2018.09.24-23.42.37:844][453]LogUObjectArray: Warning: Other object in slot
[2018.09.24-23.42.37:846][453]LogUObjectArray: Warning: Other object in slot
[2018.09.24-23.42.37:862][454]LogUObjectArray: Warning: Other object in slot
[2018.09.24-23.42.37:864][454]LogUObjectArray: Warning: Other object in slot
[2018.09.24-23.42.37:877][455]LogUObjectArray: Warning: Other object in slot
[2018.09.24-23.42.37:880][455]LogUObjectArray: Warning: Other object in slot
[2018.09.24-23.42.37:891][456]LogUObjectArray: Warning: Other object in slot
[2018.09.24-23.42.37:894][456]LogUObjectArray: Warning: Other object in slot
[2018.09.24-23.42.37:905][457]LogUObjectArray: Warning: Other object in slot
[2018.09.24-23.42.37:908][457]LogUObjectArray: Warning: Other object in slot
[2018.09.24-23.42.37:919][458]LogUObjectArray: Warning: Other object in slot
[2018.09.24-23.42.37:921][458]LogUObjectArray: Warning: Other object in slot
[2018.09.24-23.42.37:933][459]LogUObjectArray: Warning: Other object in slot
[2018.09.24-23.42.37:936][459]LogUObjectArray: Warning: Other object in slot
[2018.09.24-23.42.37:950][460]LogUObjectArray: Warning: Other object in slot
[2018.09.24-23.42.37:952][460]LogUObjectArray: Warning: Other object in slot
[2018.09.24-23.42.37:968][461]LogUObjectArray: Warning: Other object in slot
[2018.09.24-23.42.37:971][461]LogUObjectArray: Warning: Other object in slot
[2018.09.24-23.42.37:985][462]LogUObjectArray: Warning: Other object in slot
[2018.09.24-23.42.37:989][462]LogUObjectArray: Warning: Other object in slot
[2018.09.24-23.42.38:002][463]LogUObjectArray: Warning: Other object in slot
[2018.09.24-23.42.38:006][463]LogUObjectArray: Warning: Other object in slot
[2018.09.24-23.42.38:017][464]LogUObjectArray: Warning: Other object in slot
[2018.09.24-23.42.38:020][464]LogUObjectArray: Warning: Other object in slot
[2018.09.24-23.42.38:036][465]LogUObjectArray: Warning: Other object in slot
[2018.09.24-23.42.38:039][465]LogUObjectArray: Warning: Other object in slot
[2018.09.24-23.42.38:051][466]LogUObjectArray: Warning: Other object in slot
[2018.09.24-23.42.38:053][466]LogUObjectArray: Warning: Other object in slot
[2018.09.24-23.42.38:068][467]LogUObjectArray: Warning: Other object in slot
[2018.09.24-23.42.38:071][467]LogUObjectArray: Warning: Other object in slot
[2018.09.24-23.42.38:084][468]LogUObjectArray: Warning: Other object in slot
[2018.09.24-23.42.38:086][468]LogUObjectArray: Warning: Other object in slot
[2018.09.24-23.42.38:098][469]LogUObjectArray: Warning: Other object in slot
[2018.09.24-23.42.38:100][469]LogUObjectArray: Warning: Other object in slot
[2018.09.24-23.42.38:114][470]LogUObjectArray: Warning: Other object in slot
[2018.09.24-23.42.38:117][470]LogUObjectArray: Warning: Other object in slot
[2018.09.24-23.42.38:129][471]LogUObjectArray: Warning: Other object in slot
[2018.09.24-23.42.38:132][471]LogUObjectArray: Warning: Other object in slot
[2018.09.24-23.42.38:143][472]LogUObjectArray: Warning: Other object in slot
[2018.09.24-23.42.38:146][472]LogUObjectArray: Warning: Other object in slot
[2018.09.24-23.42.38:158][473]LogUObjectArray: Warning: Other object in slot
[2018.09.24-23.42.38:161][473]LogUObjectArray: Warning: Other object in slot
[2018.09.24-23.42.38:171][474]LogUObjectArray: Warning: Other object in slot
[2018.09.24-23.42.38:174][474]LogUObjectArray: Warning: Other object in slot
[2018.09.24-23.42.38:185][475]LogUObjectArray: Warning: Other object in slot
[2018.09.24-23.42.38:187][475]LogUObjectArray: Warning: Other object in slot
[2018.09.24-23.42.38:199][476]LogUObjectArray: Warning: Other object in slot
[2018.09.24-23.42.38:202][476]LogUObjectArray: Warning: Other object in slot
[2018.09.24-23.42.38:214][477]LogUObjectArray: Warning: Other object in slot
[2018.09.24-23.42.38:217][477]LogUObjectArray: Warning: Other object in slot
[2018.09.24-23.42.38:233][478]LogUObjectArray: Warning: Other object in slot
[2018.09.24-23.42.38:236][478]LogUObjectArray: Warning: Other object in slot
[2018.09.24-23.42.38:246][479]LogUObjectArray: Warning: Other object in slot
[2018.09.24-23.42.38:248][479]LogUObjectArray: Warning: Other object in slot
[2018.09.24-23.42.38:260][480]LogUObjectArray: Warning: Other object in slot
[2018.09.24-23.42.38:264][480]LogUObjectArray: Warning: Other object in slot
[2018.09.24-23.42.38:277][481]LogUObjectArray: Warning: Other object in slot
[2018.09.24-23.42.38:280][481]LogUObjectArray: Warning: Other object in slot
[2018.09.24-23.42.38:292][482]LogUObjectArray: Warning: Other object in slot
[2018.09.24-23.42.38:296][482]LogUObjectArray: Warning: Other object in slot
[2018.09.24-23.42.38:310][483]LogUObjectArray: Warning: Other object in slot
[2018.09.24-23.42.38:313][483]LogUObjectArray: Warning: Other object in slot
[2018.09.24-23.42.38:327][484]LogUObjectArray: Warning: Other object in slot
[2018.09.24-23.42.38:330][484]LogUObjectArray: Warning: Other object in slot
[2018.09.24-23.42.38:342][485]LogUObjectArray: Warning: Other object in slot
[2018.09.24-23.42.38:344][485]LogUObjectArray: Warning: Other object in slot
[2018.09.24-23.42.38:355][486]LogUObjectArray: Warning: Other object in slot
[2018.09.24-23.42.38:357][486]LogUObjectArray: Warning: Other object in slot
[2018.09.24-23.42.38:369][487]LogUObjectArray: Warning: Other object in slot
[2018.09.24-23.42.38:372][487]LogUObjectArray: Warning: Other object in slot
[2018.09.24-23.42.38:384][488]LogUObjectArray: Warning: Other object in slot
[2018.09.24-23.42.38:388][488]LogUObjectArray: Warning: Other object in slot
[2018.09.24-23.42.38:399][489]LogUObjectArray: Warning: Other object in slot
[2018.09.24-23.42.38:403][489]LogUObjectArray: Warning: Other object in slot
[2018.09.24-23.42.38:414][490]LogUObjectArray: Warning: Other object in slot
[2018.09.24-23.42.38:418][490]LogUObjectArray: Warning: Other object in slot
[2018.09.24-23.42.38:429][491]LogUObjectArray: Warning: Other object in slot
[2018.09.24-23.42.38:431][491]LogUObjectArray: Warning: Other object in slot
[2018.09.24-23.42.38:443][492]LogUObjectArray: Warning: Other object in slot
[2018.09.24-23.42.38:446][492]LogUObjectArray: Warning: Other object in slot
[2018.09.24-23.42.38:459][493]LogUObjectArray: Warning: Other object in slot
[2018.09.24-23.42.38:461][493]LogUObjectArray: Warning: Other object in slot
[2018.09.24-23.42.38:464][493]LogUObjectArray: Warning: Other object in slot
[2018.09.24-23.42.38:476][494]LogUObjectArray: Warning: Other object in slot
[2018.09.24-23.42.38:478][494]LogUObjectArray: Warning: Other object in slot
[2018.09.24-23.42.38:479][494]LogUObjectArray: Warning: Other object in slot
[2018.09.24-23.42.38:479][494]LogUObjectArray: Warning: Other object in slot
[2018.09.24-23.42.38:480][494]LogUObjectArray: Warning: Other object in slot
[2018.09.24-23.42.38:482][494]LogUObjectArray: Warning: Other object in slot
[2018.09.24-23.42.38:485][494]LogUObjectArray: Warning: Other object in slot
[2018.09.24-23.42.38:748][512]LogUObjectArray: Warning: Other object in slot
[2018.09.24-23.42.38:749][512]LogUObjectArray: Warning: Other object in slot
[2018.09.24-23.42.38:751][512]LogUObjectArray: Warning: Other object in slot
[2018.09.24-23.42.38:752][512]LogUObjectArray: Warning: Other object in slot
[2018.09.24-23.42.38:756][512]LogUObjectArray: Warning: Other object in slot
[2018.09.24-23.42.38:901][522]LogUObjectArray: Warning: Other object in slot
[2018.09.24-23.42.38:919][523]LogUObjectArray: Warning: Other object in slot
[2018.09.24-23.42.40:149][614]LogUObjectArray: Warning: Other object in slot
[2018.09.24-23.42.40:149][614]LogUObjectArray: Warning: Other object in slot
[2018.09.24-23.42.40:150][614]LogUObjectArray: Warning: Other object in slot
[2018.09.24-23.42.40:151][614]LogUObjectArray: Warning: Other object in slot
[2018.09.24-23.42.40:153][614]LogUObjectArray: Warning: Other object in slot
[2018.09.24-23.42.40:156][614]LogUObjectArray: Warning: Other object in slot
[2018.09.24-23.42.41:119][697]LogUObjectArray: Warning: Other object in slot
[2018.09.24-23.42.41:119][697]LogUObjectArray: Warning: Other object in slot
[2018.09.24-23.42.41:121][697]LogUObjectArray: Warning: Other object in slot
[2018.09.24-23.42.41:123][697]LogUObjectArray: Warning: Other object in slot
[2018.09.24-23.42.41:127][697]LogUObjectArray: Warning: Other object in slot
[2018.09.24-23.42.41:134][698]LogUObjectArray: Warning: Other object in slot
[2018.09.24-23.42.41:136][698]LogUObjectArray: Warning: Other object in slot
[2018.09.24-23.42.41:141][698]LogUObjectArray: Warning: Other object in slot
[2018.09.24-23.42.41:149][699]LogUObjectArray: Warning: Other object in slot
[2018.09.24-23.42.41:151][699]LogUObjectArray: Warning: Other object in slot
[2018.09.24-23.42.41:155][699]LogUObjectArray: Warning: Other object in slot
[2018.09.24-23.42.41:161][700]LogUObjectArray: Warning: Other object in slot
[2018.09.24-23.42.41:163][700]LogUObjectArray: Warning: Other object in slot
[2018.09.24-23.42.41:166][700]LogUObjectArray: Warning: Other object in slot
[2018.09.24-23.42.41:176][701]LogUObjectArray: Warning: Other object in slot
[2018.09.24-23.43.01:130][398]BlueprintLog: New page: Compile MainMenuTest
[2018.09.24-23.43.47:426][189]LogEditorTransaction: Undo Delete current selection
[2018.09.24-23.43.53:915][576]BlueprintLog: New page: Compile LevelSelectWB
[2018.09.24-23.45.33:128][713]BlueprintLog: New page: Compile LevelSelectWB
[2018.09.24-23.46.49:081][982]BlueprintLog: New page: Compile MapGenerator_BP
[2018.09.24-23.46.49:631][983]Cmd: OBJ SAVEPACKAGE PACKAGE="/Game/MapGenerator_Mike/MapGenerator_BP" FILE="../../../../UnrealProjects/A.S.H/ASH_Game/Content/MapGenerator_Mike/MapGenerator_BP.uasset" SILENT=true
[2018.09.24-23.46.49:949][983]LogSavePackage: Moving '../../../../UnrealProjects/A.S.H/ASH_Game/Saved/MapGenerator_BP5F30FE2047D4A61B8A6E9E8164A4DC8A.tmp' to '../../../../UnrealProjects/A.S.H/ASH_Game/Content/MapGenerator_Mike/MapGenerator_BP.uasset'
[2018.09.24-23.47.58:509][509]BlueprintLog: New page: Compile MapGenerator_BP
[2018.09.24-23.47.59:717][526]Cmd: OBJ SAVEPACKAGE PACKAGE="/Game/MapGenerator_Mike/MapGenerator_BP" FILE="../../../../UnrealProjects/A.S.H/ASH_Game/Content/MapGenerator_Mike/MapGenerator_BP.uasset" SILENT=true
[2018.09.24-23.48.00:021][526]LogSavePackage: Moving '../../../../UnrealProjects/A.S.H/ASH_Game/Saved/MapGenerator_BP88AA18F5409CE895E427BDBCA44967A7.tmp' to '../../../../UnrealProjects/A.S.H/ASH_Game/Content/MapGenerator_Mike/MapGenerator_BP.uasset'
[2018.09.24-23.48.10:521][322]Cmd: OBJ SAVEPACKAGE PACKAGE="/Game/UI-Rick/LevelSelectWB" FILE="../../../../UnrealProjects/A.S.H/ASH_Game/Content/UI-Rick/LevelSelectWB.uasset" SILENT=true
[2018.09.24-23.48.10:834][322]LogSavePackage: Moving '../../../../UnrealProjects/A.S.H/ASH_Game/Saved/LevelSelectWB08C8D5C846364F19B6DCC8858FD592DC.tmp' to '../../../../UnrealProjects/A.S.H/ASH_Game/Content/UI-Rick/LevelSelectWB.uasset'
[2018.09.24-23.49.54:140][397]Cmd: OBJ SAVEPACKAGE PACKAGE="/Game/UI-Rick/MainMenuTest" FILE="../../../../UnrealProjects/A.S.H/ASH_Game/Saved/Autosaves/Game/UI-Rick/MainMenuTest_Auto1.umap" SILENT=true AUTOSAVING=true KEEPDIRTY=false
[2018.09.24-23.49.54:288][397]LogSavePackage: Moving '../../../../UnrealProjects/A.S.H/ASH_Game/Saved/MainMenuTest_Auto18FBE766440360E1AD55868898E3C960A.tmp' to '../../../../UnrealProjects/A.S.H/ASH_Game/Saved/Autosaves/Game/UI-Rick/MainMenuTest_Auto1.umap'
[2018.09.24-23.49.54:290][397]LogFileHelpers: Editor autosave (incl. sublevels) for '/Game/UI-Rick/MainMenuTest' took 0.183
[2018.09.24-23.49.54:290][397]LogFileHelpers: Editor autosave (incl. sublevels) for all levels took 0.183
[2018.09.25-00.01.15:655][290]Cmd: OBJ SAVEPACKAGE PACKAGE="/Game/UI-Rick/MainMenuTest" FILE="../../../../UnrealProjects/A.S.H/ASH_Game/Content/UI-Rick/MainMenuTest.umap" SILENT=true AUTOSAVING=false KEEPDIRTY=false
[2018.09.25-00.01.15:849][290]LogSavePackage: Moving '../../../../UnrealProjects/A.S.H/ASH_Game/Saved/MainMenuTest75EA1D4C4A628968168CF782B8D4BAF3.tmp' to '../../../../UnrealProjects/A.S.H/ASH_Game/Content/UI-Rick/MainMenuTest.umap'
[2018.09.25-00.01.15:873][290]LogFileHelpers: Saving map 'MainMenuTest' took 0.297
[2018.09.25-00.01.52:269][915]BlueprintLog: New page: Compile LevelSelectWB
[2018.09.25-00.02.13:581][719]BlueprintLog: New page: Compile MapGenerator_BP
[2018.09.25-00.05.14:940][921]BlueprintLog: New page: Compile MapGenerator_BP
[2018.09.25-00.05.22:169][491]BlueprintLog: New page: Compile MapGenerator_BP
[2018.09.25-00.05.23:865][583]Cmd: OBJ SAVEPACKAGE PACKAGE="/Game/MapGenerator_Mike/MapGenerator_BP" FILE="../../../../UnrealProjects/A.S.H/ASH_Game/Content/MapGenerator_Mike/MapGenerator_BP.uasset" SILENT=true
[2018.09.25-00.05.24:168][583]LogSavePackage: Moving '../../../../UnrealProjects/A.S.H/ASH_Game/Saved/MapGenerator_BPBE3BA77D48B456A39672519D89593DF8.tmp' to '../../../../UnrealProjects/A.S.H/ASH_Game/Content/MapGenerator_Mike/MapGenerator_BP.uasset'
[2018.09.25-00.11.15:633][840]LogFileHelpers: Editor autosave (incl. sublevels) for '/Game/UI-Rick/MainMenuTest' took 0.038
[2018.09.25-00.11.15:635][840]OBJ SavePackage: Generating thumbnails for [0] asset(s) in package [/Game/UI-Rick/LevelSelectWB] ([1] browsable assets)...
[2018.09.25-00.11.15:635][840]OBJ SavePackage: Finished generating thumbnails for package [/Game/UI-Rick/LevelSelectWB]
[2018.09.25-00.11.15:635][840]Cmd: OBJ SAVEPACKAGE PACKAGE="/Game/UI-Rick/LevelSelectWB" FILE="../../../../UnrealProjects/A.S.H/ASH_Game/Saved/Autosaves/Game/UI-Rick/LevelSelectWB_Auto2.uasset" SILENT=false AUTOSAVING=true
[2018.09.25-00.11.15:915][840]LogSavePackage: Moving '../../../../UnrealProjects/A.S.H/ASH_Game/Saved/LevelSelectWB_Auto28F806B824394D2D4A1975B92D7205593.tmp' to '../../../../UnrealProjects/A.S.H/ASH_Game/Saved/Autosaves/Game/UI-Rick/LevelSelectWB_Auto2.uasset'
[2018.09.25-00.11.16:197][840]LogFileHelpers: Auto-saving content packages took 0.563
[2018.09.25-00.31.21:394][103]LogSlate: Window 'MapGenerator_BP' being destroyed
[2018.09.25-00.31.21:399][103]LogSlate: Window 'MapGenerator_BP' being destroyed
[2018.09.25-00.31.24:679][187]LogSlate: Window 'Save Content' being destroyed
[2018.09.25-00.31.24:699][187]Cmd: OBJ SAVEPACKAGE PACKAGE="/Game/UI-Rick/LevelSelectWB" FILE="../../../../UnrealProjects/A.S.H/ASH_Game/Content/UI-Rick/LevelSelectWB.uasset" SILENT=true
[2018.09.25-00.31.24:961][187]LogSavePackage: Moving '../../../../UnrealProjects/A.S.H/ASH_Game/Saved/LevelSelectWBAE9042694A927BA720D2FD8FAA729FCF.tmp' to '../../../../UnrealProjects/A.S.H/ASH_Game/Content/UI-Rick/LevelSelectWB.uasset'
[2018.09.25-00.31.25:073][187]LogSlate: Window 'ASH_Game - Unreal Editor' being destroyed
[2018.09.25-00.31.25:074][187]LogWindowsTextInputMethodSystem: Display: IME system now deactivated.
[2018.09.25-00.31.25:286][188]Cmd: QUIT_EDITOR
[2018.09.25-00.31.25:321][188]LogExit: Preparing to exit.
[2018.09.25-00.31.25:714][188]LogExit: Editor shut down
[2018.09.25-00.31.25:715][188]LogExit: Transaction tracking system shut down
[2018.09.25-00.31.25:993][188]LogExit: Object subsystem successfully closed.
[2018.09.25-00.31.26:013][188]LogShaderCompilers: Display: Shaders left to compile 0
[2018.09.25-00.31.26:017][188]LogD3D11RHI: Shutdown
[2018.09.25-00.31.26:017][188]LogD3D11RHI: CleanupD3DDevice
[2018.09.25-00.31.26:019][188]LogD3D11RHI: ~FD3D11DynamicRHI
[2018.09.25-00.31.26:033][188]LogModuleManager: Shutting down and abandoning module SequencerWidgets (614)
[2018.09.25-00.31.26:033][188]LogModuleManager: Shutting down and abandoning module BlueprintGraph (612)
[2018.09.25-00.31.26:034][188]LogModuleManager: Shutting down and abandoning module HierarchicalLODOutliner (610)
[2018.09.25-00.31.26:034][188]LogModuleManager: Shutting down and abandoning module SceneOutliner (608)
[2018.09.25-00.31.26:034][188]LogModuleManager: Shutting down and abandoning module AddContentDialog (606)
[2018.09.25-00.31.26:034][188]LogModuleManager: Shutting down and abandoning module WidgetCarousel (605)
[2018.09.25-00.31.26:034][188]LogModuleManager: Shutting down and abandoning module EditorWidgets (602)
[2018.09.25-00.31.26:034][188]LogModuleManager: Shutting down and abandoning module CollectionManager (600)
[2018.09.25-00.31.26:034][188]LogModuleManager: Shutting down and abandoning module StatsViewer (598)
[2018.09.25-00.31.26:034][188]LogModuleManager: Shutting down and abandoning module FoliageEdit (596)
[2018.09.25-00.31.26:034][188]LogModuleManager: Shutting down and abandoning module LandscapeEditor (594)
[2018.09.25-00.31.26:034][188]LogModuleManager: Shutting down and abandoning module MeshPaintMode (592)
[2018.09.25-00.31.26:034][188]LogModuleManager: Shutting down and abandoning module SceneDepthPickerMode (590)
[2018.09.25-00.31.26:035][188]LogModuleManager: Shutting down and abandoning module ActorPickerMode (588)
[2018.09.25-00.31.26:035][188]LogModuleManager: Shutting down and abandoning module GeometryMode (586)
[2018.09.25-00.31.26:035][188]LogModuleManager: Shutting down and abandoning module TextureAlignMode (584)
[2018.09.25-00.31.26:035][188]LogModuleManager: Shutting down and abandoning module BspMode (582)
[2018.09.25-00.31.26:035][188]LogModuleManager: Shutting down and abandoning module PIEPreviewDeviceProfileSelector (580)
[2018.09.25-00.31.26:035][188]LogModuleManager: Shutting down and abandoning module SequenceRecorderSections (578)
[2018.09.25-00.31.26:035][188]LogModuleManager: Shutting down and abandoning module AutomationWorker (576)
[2018.09.25-00.31.26:035][188]LogModuleManager: Shutting down and abandoning module AudioCaptureEditor (574)
[2018.09.25-00.31.26:035][188]LogModuleManager: Shutting down and abandoning module SequenceRecorder (573)
[2018.09.25-00.31.26:035][188]LogModuleManager: Shutting down and abandoning module MatineeToLevelSequence (570)
[2018.09.25-00.31.26:035][188]LogModuleManager: Shutting down and abandoning module LevelSequenceEditor (568)
[2018.09.25-00.31.26:035][188]LogModuleManager: Shutting down and abandoning module PlacementMode (567)
[2018.09.25-00.31.26:035][188]LogModuleManager: Shutting down and abandoning module MaterialEditor (566)
[2018.09.25-00.31.26:035][188]LogModuleManager: Shutting down and abandoning module WmfMediaFactory (562)
[2018.09.25-00.31.26:035][188]LogModuleManager: Shutting down and abandoning module WmfMediaEditor (560)
[2018.09.25-00.31.26:035][188]LogModuleManager: Shutting down and abandoning module MediaPlayerEditor (558)
[2018.09.25-00.31.26:035][188]LogModuleManager: Shutting down and abandoning module OpenExrWrapper (556)
[2018.09.25-00.31.26:035][188]LogModuleManager: Shutting down and abandoning module ImgMediaFactory (554)
[2018.09.25-00.31.26:035][188]LogModuleManager: Shutting down and abandoning module ImgMediaEditor (552)
[2018.09.25-00.31.26:035][188]LogModuleManager: Shutting down and abandoning module AvfMediaFactory (550)
[2018.09.25-00.31.26:035][188]LogModuleManager: Shutting down and abandoning module AvfMediaEditor (548)
[2018.09.25-00.31.26:035][188]LogModuleManager: Shutting down and abandoning module AndroidMediaFactory (546)
[2018.09.25-00.31.26:035][188]LogModuleManager: Shutting down and abandoning module AndroidMediaEditor (544)
[2018.09.25-00.31.26:035][188]LogModuleManager: Shutting down and abandoning module MagicLeapCameraPreviewFactory (542)
[2018.09.25-00.31.26:035][188]LogModuleManager: Shutting down and abandoning module MagicLeapMediaFactory (540)
[2018.09.25-00.31.26:035][188]LogModuleManager: Shutting down and abandoning module MagicLeapMediaEditor (538)
[2018.09.25-00.31.26:035][188]LogModuleManager: Shutting down and abandoning module CharacterAI (536)
[2018.09.25-00.31.26:035][188]LogModuleManager: Shutting down and abandoning module SmartSnapping (534)
[2018.09.25-00.31.26:035][188]LogModuleManager: Shutting down and abandoning module SessionServices (532)
[2018.09.25-00.31.26:035][188]LogModuleManager: Shutting down and abandoning module ViewportSnapping (530)
[2018.09.25-00.31.26:035][188]LogModuleManager: Shutting down and abandoning module ViewportInteraction (528)
[2018.09.25-00.31.26:035][188]LogModuleManager: Shutting down and abandoning module ClothPainter (526)
[2018.09.25-00.31.26:036][188]LogModuleManager: Shutting down and abandoning module SkeletalMeshEditor (525)
[2018.09.25-00.31.26:036][188]LogModuleManager: Shutting down and abandoning module LogVisualizer (522)
[2018.09.25-00.31.26:036][188]LogModuleManager: Shutting down and abandoning module IntroTutorials (520)
[2018.09.25-00.31.26:036][188]LogModuleManager: Shutting down and abandoning module GameProjectGeneration (519)
[2018.09.25-00.31.26:036][188]LogModuleManager: Shutting down and abandoning module LuminPlatformEditor (516)
[2018.09.25-00.31.26:036][188]LogModuleManager: Shutting down and abandoning module IOSPlatformEditor (514)
[2018.09.25-00.31.26:036][188]LogModuleManager: Shutting down and abandoning module HTML5PlatformEditor (512)
[2018.09.25-00.31.26:036][188]LogModuleManager: Shutting down and abandoning module AndroidPlatformEditor (510)
[2018.09.25-00.31.26:036][188]LogModuleManager: Shutting down and abandoning module AndroidDeviceDetection (509)
[2018.09.25-00.31.26:637][188]LogModuleManager: Shutting down and abandoning module WindowsPlatformEditor (506)
[2018.09.25-00.31.26:637][188]LogModuleManager: Shutting down and abandoning module LuminRuntimeSettings (504)
[2018.09.25-00.31.26:637][188]LogModuleManager: Shutting down and abandoning module IOSRuntimeSettings (502)
[2018.09.25-00.31.26:637][188]LogModuleManager: Shutting down and abandoning module AndroidRuntimeSettings (500)
[2018.09.25-00.31.26:637][188]LogModuleManager: Shutting down and abandoning module InputBindingEditor (498)
[2018.09.25-00.31.26:637][188]LogModuleManager: Shutting down and abandoning module MergeActors (496)
[2018.09.25-00.31.26:637][188]LogModuleManager: Shutting down and abandoning module LocalizationDashboard (494)
[2018.09.25-00.31.26:637][188]LogModuleManager: Shutting down and abandoning module LocalizationService (493)
[2018.09.25-00.31.26:637][188]LogModuleManager: Shutting down and abandoning module HardwareTargeting (490)
[2018.09.25-00.31.26:637][188]LogModuleManager: Shutting down and abandoning module DeviceProfileEditor (488)
[2018.09.25-00.31.26:637][188]LogModuleManager: Shutting down and abandoning module UndoHistory (486)
[2018.09.25-00.31.26:637][188]LogModuleManager: Shutting down and abandoning module XmlParser (484)
[2018.09.25-00.31.26:638][188]LogModuleManager: Shutting down and abandoning module Blutility (482)
[2018.09.25-00.31.26:638][188]LogModuleManager: Shutting down and abandoning module ProjectSettingsViewer (480)
[2018.09.25-00.31.26:638][188]LogModuleManager: Shutting down and abandoning module ProjectTargetPlatformEditor (479)
[2018.09.25-00.31.26:638][188]LogModuleManager: Shutting down and abandoning module EditorSettingsViewer (476)
[2018.09.25-00.31.26:638][188]LogModuleManager: Shutting down and abandoning module SettingsEditor (474)
[2018.09.25-00.31.26:638][188]LogModuleManager: Shutting down and abandoning module ProjectLauncher (472)
[2018.09.25-00.31.26:638][188]LogModuleManager: Shutting down and abandoning module SessionFrontend (470)
[2018.09.25-00.31.26:638][188]LogModuleManager: Shutting down and abandoning module ProfilerClient (468)
[2018.09.25-00.31.26:638][188]LogModuleManager: Shutting down and abandoning module DeviceManager (466)
[2018.09.25-00.31.26:638][188]LogModuleManager: Shutting down and abandoning module TargetDeviceServices (465)
[2018.09.25-00.31.26:693][188]LogModuleManager: Shutting down and abandoning module AutomationController (462)
[2018.09.25-00.31.26:693][188]LogModuleManager: Shutting down and abandoning module AutomationWindow (460)
[2018.09.25-00.31.26:693][188]LogModuleManager: Shutting down and abandoning module Layers (458)
[2018.09.25-00.31.26:693][188]LogModuleManager: Shutting down and abandoning module ComponentVisualizers (456)
[2018.09.25-00.31.26:693][188]LogModuleManager: Shutting down and abandoning module DetailCustomizations (454)
[2018.09.25-00.31.26:693][188]LogModuleManager: Shutting down and abandoning module PackagesDialog (452)
[2018.09.25-00.31.26:693][188]LogModuleManager: Shutting down and abandoning module Persona (450)
[2018.09.25-00.31.26:693][188]LogModuleManager: Shutting down and abandoning module AdvancedPreviewScene (449)
[2018.09.25-00.31.26:693][188]LogModuleManager: Shutting down and abandoning module AnimGraph (447)
[2018.09.25-00.31.26:693][188]LogModuleManager: Shutting down and abandoning module Kismet (444)
[2018.09.25-00.31.26:700][188]LogModuleManager: Shutting down and abandoning module GraphEditor (442)
[2018.09.25-00.31.26:700][188]LogModuleManager: Shutting down and abandoning module ClassViewer (440)
[2018.09.25-00.31.26:700][188]LogModuleManager: Shutting down and abandoning module Toolbox (438)
[2018.09.25-00.31.26:701][188]LogModuleManager: Shutting down and abandoning module ModuleUI (436)
[2018.09.25-00.31.26:701][188]LogModuleManager: Shutting down and abandoning module MovieSceneTools (434)
[2018.09.25-00.31.26:701][188]LogModuleManager: Shutting down and abandoning module OutputLog (432)
[2018.09.25-00.31.26:701][188]LogModuleManager: Shutting down and abandoning module GammaUI (430)
[2018.09.25-00.31.26:701][188]LogModuleManager: Shutting down and abandoning module Documentation (428)
[2018.09.25-00.31.26:701][188]LogModuleManager: Shutting down and abandoning module MovieSceneTracks (426)
[2018.09.25-00.31.26:701][188]LogModuleManager: Shutting down and abandoning module MovieScene (424)
[2018.09.25-00.31.26:701][188]LogModuleManager: Shutting down and abandoning module StreamingPauseRendering (422)
[2018.09.25-00.31.26:701][188]LogModuleManager: Shutting down and abandoning module LauncherPlatform (420)
[2018.09.25-00.31.26:701][188]LogModuleManager: Shutting down and abandoning module AnalyticsET (418)
[2018.09.25-00.31.26:701][188]LogModuleManager: Shutting down and abandoning module PortalServices (416)
[2018.09.25-00.31.26:701][188]LogModuleManager: Shutting down and abandoning module PortalRpc (414)
[2018.09.25-00.31.26:701][188]LogModuleManager: Shutting down and abandoning module MessagingRpc (412)
[2018.09.25-00.31.26:701][188]LogModuleManager: Shutting down and abandoning module AIModule (410)
[2018.09.25-00.31.26:701][188]LogModuleManager: Shutting down and abandoning module GameplayDebugger (409)
[2018.09.25-00.31.26:701][188]LogModuleManager: Shutting down and abandoning module AITestSuite (407)
[2018.09.25-00.31.26:701][188]LogModuleManager: Shutting down and abandoning module NavigationSystem (405)
[2018.09.25-00.31.26:701][188]LogModuleManager: Shutting down and abandoning module DesktopPlatform (402)
[2018.09.25-00.31.26:701][188]LogModuleManager: Shutting down and abandoning module ProfilerService (400)
[2018.09.25-00.31.26:909][188]LogModuleManager: Shutting down and abandoning module TaskGraph (398)
[2018.09.25-00.31.26:909][188]LogModuleManager: Shutting down and abandoning module SteamVRController (396)
[2018.09.25-00.31.26:909][188]LogModuleManager: Shutting down and abandoning module ProceduralMeshComponentEditor (394)
[2018.09.25-00.31.26:909][188]LogModuleManager: Shutting down and abandoning module ProceduralMeshComponent (392)
[2018.09.25-00.31.26:909][188]LogModuleManager: Shutting down and abandoning module OculusInput (390)
[2018.09.25-00.31.26:909][188]LogModuleManager: Shutting down and abandoning module MobilePatchingUtils (388)
[2018.09.25-00.31.26:909][188]LogModuleManager: Shutting down and abandoning module EditableMesh (386)
[2018.09.25-00.31.26:910][188]LogModuleManager: Shutting down and abandoning module CustomMeshComponent (384)
[2018.09.25-00.31.26:910][188]LogModuleManager: Shutting down and abandoning module CableComponent (382)
[2018.09.25-00.31.26:910][188]LogModuleManager: Shutting down and abandoning module AudioCapture (380)
[2018.09.25-00.31.26:910][188]LogModuleManager: Shutting down and abandoning module ArchVisCharacter (378)
[2018.09.25-00.31.26:910][188]LogModuleManager: Shutting down and abandoning module AndroidPermission (376)
[2018.09.25-00.31.26:910][188]LogModuleManager: Shutting down and abandoning module NUTUnrealEngine4 (374)
[2018.09.25-00.31.26:910][188]LogModuleManager: Shutting down and abandoning module NetcodeUnitTest (372)
[2018.09.25-00.31.26:910][188]LogModuleManager: Shutting down and abandoning module MediaCompositingEditor (370)
[2018.09.25-00.31.26:910][188]LogModuleManager: Shutting down and abandoning module MediaCompositing (368)
[2018.09.25-00.31.26:910][188]LogModuleManager: Shutting down and abandoning module LinearTimecode (366)
[2018.09.25-00.31.26:910][188]LogModuleManager: Shutting down and abandoning module ImgMedia (364)
[2018.09.25-00.31.26:913][188]LogModuleManager: Shutting down and abandoning module HTML5Networking (362)
[2018.09.25-00.31.26:913][188]LogModuleManager: Shutting down and abandoning module GeometryCacheTracks (360)
[2018.09.25-00.31.26:913][188]LogModuleManager: Shutting down and abandoning module GeometryCacheSequencer (358)
[2018.09.25-00.31.26:913][188]LogModuleManager: Shutting down and abandoning module BackChannel (356)
[2018.09.25-00.31.26:913][188]LogModuleManager: Shutting down and abandoning module AppleVision (354)
[2018.09.25-00.31.26:913][188]LogModuleManager: Shutting down and abandoning module AppleImageUtils (352)
[2018.09.25-00.31.26:913][188]LogModuleManager: Shutting down and abandoning module AlembicImporter (350)
[2018.09.25-00.31.26:913][188]LogModuleManager: Shutting down and abandoning module AlembicLibrary (349)
[2018.09.25-00.31.26:913][188]LogModuleManager: Shutting down and abandoning module GeometryCache (348)
[2018.09.25-00.31.26:913][188]LogModuleManager: Shutting down and abandoning module GeometryCacheEd (347)
[2018.09.25-00.31.26:913][188]LogModuleManager: Shutting down and abandoning module DatasmithContentEditor (342)
[2018.09.25-00.31.26:913][188]LogModuleManager: Shutting down and abandoning module DatasmithContent (340)
[2018.09.25-00.31.26:913][188]LogModuleManager: Shutting down and abandoning module SpeedTreeImporter (338)
[2018.09.25-00.31.26:913][188]LogModuleManager: Shutting down and abandoning module PluginBrowser (336)
[2018.09.25-00.31.26:913][188]LogModuleManager: Shutting down and abandoning module MobileLauncherProfileWizard (334)
[2018.09.25-00.31.26:913][188]LogModuleManager: Shutting down and abandoning module PolygonModeling (332)
[2018.09.25-00.31.26:913][188]LogModuleManager: Shutting down and abandoning module MeshEditor (330)
[2018.09.25-00.31.26:913][188]LogModuleManager: Shutting down and abandoning module CryptoKeysOpenSSL (328)
[2018.09.25-00.31.26:913][188]LogModuleManager: Shutting down and abandoning module CryptoKeys (326)
[2018.09.25-00.31.26:913][188]LogModuleManager: Shutting down and abandoning module VisualStudioSourceCodeAccess (324)
[2018.09.25-00.31.26:914][188]LogModuleManager: Shutting down and abandoning module VisualStudioCodeSourceCodeAccess (322)
[2018.09.25-00.31.26:914][188]LogModuleManager: Shutting down and abandoning module UObjectPlugin (320)
[2018.09.25-00.31.26:914][188]LogModuleManager: Shutting down and abandoning module SubversionSourceControl (318)
[2018.09.25-00.31.26:914][188]LogModuleManager: Shutting down and abandoning module PerforceSourceControl (316)
[2018.09.25-00.31.26:914][188]LogModuleManager: Shutting down and abandoning module GitSourceControl (314)
[2018.09.25-00.31.26:914][188]LogModuleManager: Shutting down and abandoning module SourceControl (313)
[2018.09.25-00.31.26:914][188]LogModuleManager: Shutting down and abandoning module CLionSourceCodeAccess (310)
[2018.09.25-00.31.26:914][188]LogModuleManager: Shutting down and abandoning module LightPropagationVolumeEditor (308)
[2018.09.25-00.31.26:914][188]LogModuleManager: Shutting down and abandoning module PaperTiledImporter (306)
[2018.09.25-00.31.26:914][188]LogModuleManager: Shutting down and abandoning module PaperSpriteSheetImporter (304)
[2018.09.25-00.31.26:914][188]LogModuleManager: Shutting down and abandoning module Paper2DEditor (302)
[2018.09.25-00.31.26:914][188]LogModuleManager: Shutting down and abandoning module MeshPaint (301)
[2018.09.25-00.31.26:914][188]LogModuleManager: Shutting down and abandoning module RuntimePhysXCooking (298)
[2018.09.25-00.31.26:914][188]LogModuleManager: Shutting down and abandoning module PhysXVehiclesEditor (296)
[2018.09.25-00.31.26:914][188]LogModuleManager: Shutting down and abandoning module PhysXVehicles (294)
[2018.09.25-00.31.26:914][188]LogModuleManager: Shutting down and abandoning module OculusEditor (292)
[2018.09.25-00.31.26:914][188]LogModuleManager: Shutting down and abandoning module LocationServicesBPLibrary (290)
[2018.09.25-00.31.26:914][188]LogModuleManager: Shutting down and abandoning module ImmediatePhysicsEditor (288)
[2018.09.25-00.31.26:914][188]LogModuleManager: Shutting down and abandoning module ImmediatePhysics (286)
[2018.09.25-00.31.26:914][188]LogModuleManager: Shutting down and abandoning module ActorSequence (284)
[2018.09.25-00.31.26:914][188]LogModuleManager: Shutting down and abandoning module UdpMessaging (282)
[2018.09.25-00.31.27:015][188]LogModuleManager: Shutting down and abandoning module TcpMessaging (280)
[2018.09.25-00.31.27:115][188]LogModuleManager: Shutting down and abandoning module MagicLeapAudio (278)
[2018.09.25-00.31.27:115][188]LogModuleManager: Shutting down and abandoning module GameplayTagsEditor (276)
[2018.09.25-00.31.27:115][188]LogModuleManager: Shutting down and abandoning module FacialAnimationEditor (274)
[2018.09.25-00.31.27:115][188]LogModuleManager: Shutting down and abandoning module FacialAnimation (272)
[2018.09.25-00.31.27:115][188]LogModuleManager: Shutting down and abandoning module DataValidation (270)
[2018.09.25-00.31.27:115][188]LogModuleManager: Shutting down and abandoning module AssetManagerEditor (268)
[2018.09.25-00.31.27:115][188]LogModuleManager: Shutting down and abandoning module LevelEditor (267)
[2018.09.25-00.31.27:115][188]LogModuleManager: Shutting down and abandoning module PixelInspectorModule (266)
[2018.09.25-00.31.27:115][188]LogModuleManager: Shutting down and abandoning module CommonMenuExtensions (264)
[2018.09.25-00.31.27:116][188]LogModuleManager: Shutting down and abandoning module MainFrame (262)
[2018.09.25-00.31.27:116][188]LogModuleManager: Shutting down and abandoning module HotReload (261)
[2018.09.25-00.31.27:116][188]LogModuleManager: Shutting down and abandoning module ContentBrowser (257)
[2018.09.25-00.31.27:117][188]LogModuleManager: Shutting down and abandoning module TreeMap (255)
[2018.09.25-00.31.27:117][188]LogModuleManager: Shutting down and abandoning module LightPropagationVolumeRuntime (252)
[2018.09.25-00.31.27:117][188]LogModuleManager: Shutting down and abandoning module AISupportModule (250)
[2018.09.25-00.31.27:117][188]LogModuleManager: Shutting down and abandoning module Paper2D (248)
[2018.09.25-00.31.27:117][188]LogModuleManager: Shutting down and abandoning module WindowsMoviePlayer (246)
[2018.09.25-00.31.27:117][188]LogModuleManager: Shutting down and abandoning module WmfMedia (244)
[2018.09.25-00.31.27:118][188]LogModuleManager: Shutting down and abandoning module Media (243)
[2018.09.25-00.31.27:124][188]LogModuleManager: Shutting down and abandoning module PacketHandler (240)
[2018.09.25-00.31.27:124][188]LogModuleManager: Shutting down and abandoning module ClothingSystemEditor (238)
[2018.09.25-00.31.27:124][188]LogModuleManager: Shutting down and abandoning module ClothingSystemRuntime (236)
[2018.09.25-00.31.27:124][188]LogModuleManager: Shutting down and abandoning module MediaAssets (234)
[2018.09.25-00.31.27:124][188]LogModuleManager: Shutting down and abandoning module Overlay (232)
[2018.09.25-00.31.27:124][188]LogModuleManager: Shutting down and abandoning module OverlayEditor (231)
[2018.09.25-00.31.27:124][188]LogModuleManager: Shutting down and abandoning module VREditor (228)
[2018.09.25-00.31.27:124][188]LogModuleManager: Shutting down and abandoning module StringTableEditor (226)
[2018.09.25-00.31.27:124][188]LogModuleManager: Shutting down and abandoning module GameplayTasksEditor (224)
[2018.09.25-00.31.27:125][188]LogModuleManager: Shutting down and abandoning module BehaviorTreeEditor (222)
[2018.09.25-00.31.27:125][188]LogModuleManager: Shutting down and abandoning module FunctionalTesting (220)
[2018.09.25-00.31.27:125][188]LogModuleManager: Shutting down and abandoning module CollisionAnalyzer (218)
[2018.09.25-00.31.27:125][188]LogModuleManager: Shutting down and abandoning module WorkspaceMenuStructure (217)
[2018.09.25-00.31.27:125][188]LogModuleManager: Shutting down and abandoning module UMG (214)
[2018.09.25-00.31.27:125][188]LogModuleManager: Shutting down and abandoning module UMGEditor (213)
[2018.09.25-00.31.27:125][188]LogModuleManager: Shutting down and abandoning module Sequencer (212)
[2018.09.25-00.31.27:125][188]LogModuleManager: Shutting down and abandoning module MessageLog (209)
[2018.09.25-00.31.27:125][188]LogModuleManager: Shutting down and abandoning module SlateReflector (204)
[2018.09.25-00.31.27:125][188]LogModuleManager: Shutting down and abandoning module Slate (202)
[2018.09.25-00.31.27:125][188]LogModuleManager: Shutting down and abandoning module EditorStyle (200)
[2018.09.25-00.31.27:126][188]LogModuleManager: Shutting down and abandoning module MRMesh (198)
[2018.09.25-00.31.27:126][188]LogModuleManager: Shutting down and abandoning module SourceCodeAccess (196)
[2018.09.25-00.31.27:126][188]LogModuleManager: Shutting down and abandoning module HeadMountedDisplay (194)
[2018.09.25-00.31.27:126][188]LogModuleManager: Shutting down and abandoning module XAudio2 (192)
[2018.09.25-00.31.27:126][188]LogModuleManager: Shutting down and abandoning module Networking (190)
[2018.09.25-00.31.27:126][188]LogModuleManager: Shutting down and abandoning module Core (188)
[2018.09.25-00.31.27:126][188]LogModuleManager: Shutting down and abandoning module LevelSequence (186)
[2018.09.25-00.31.27:126][188]LogModuleManager: Shutting down and abandoning module KismetCompiler (184)
[2018.09.25-00.31.27:126][188]LogModuleManager: Shutting down and abandoning module MeshUtilities (182)
[2018.09.25-00.31.27:126][188]LogModuleManager: Shutting down and abandoning module MeshMergeUtilities (181)
[2018.09.25-00.31.27:126][188]LogModuleManager: Shutting down and abandoning module MeshReductionInterface (180)
[2018.09.25-00.31.27:126][188]LogModuleManager: Shutting down and abandoning module SimplygonSwarm (179)
[2018.09.25-00.31.27:126][188]LogModuleManager: Shutting down and abandoning module ProxyLODMeshReduction (177)
[2018.09.25-00.31.27:126][188]LogModuleManager: Shutting down and abandoning module SimplygonMeshReduction (175)
[2018.09.25-00.31.27:126][188]LogModuleManager: Shutting down and abandoning module QuadricMeshReduction (173)
[2018.09.25-00.31.27:126][188]LogModuleManager: Shutting down and abandoning module MaterialBaking (169)
[2018.09.25-00.31.27:126][188]LogModuleManager: Shutting down and abandoning module DirectoryWatcher (165)
[2018.09.25-00.31.27:126][188]LogModuleManager: Shutting down and abandoning module DerivedDataCache (162)
[2018.09.25-00.31.27:205][188]LogDerivedDataCache: Shutdown
[2018.09.25-00.31.27:205][188]LogModuleManager: Shutting down and abandoning module XGEController (160)
[2018.09.25-00.31.27:205][188]LogModuleManager: Shutting down and abandoning module TargetPlatform (158)
[2018.09.25-00.31.27:205][188]LogModuleManager: Shutting down and abandoning module VulkanShaderFormat (157)
[2018.09.25-00.31.27:205][188]LogModuleManager: Shutting down and abandoning module ShaderFormatVectorVM (155)
[2018.09.25-00.31.27:205][188]LogModuleManager: Shutting down and abandoning module ShaderFormatOpenGL (153)
[2018.09.25-00.31.27:205][188]LogModuleManager: Shutting down and abandoning module ShaderFormatD3D (151)
[2018.09.25-00.31.27:205][188]LogModuleManager: Shutting down and abandoning module MetalShaderFormat (149)
[2018.09.25-00.31.27:205][188]LogModuleManager: Shutting down and abandoning module TextureFormatUncompressed (147)
[2018.09.25-00.31.27:205][188]LogModuleManager: Shutting down and abandoning module TextureFormatPVR (145)
[2018.09.25-00.31.27:205][188]LogModuleManager: Shutting down and abandoning module TextureFormatDXT (143)
[2018.09.25-00.31.27:205][188]LogModuleManager: Shutting down and abandoning module TextureFormatIntelISPCTexComp (141)
[2018.09.25-00.31.27:206][188]LogModuleManager: Shutting down and abandoning module TextureFormatASTC (139)
[2018.09.25-00.31.27:206][188]LogModuleManager: Shutting down and abandoning module ImageWrapper (138)
[2018.09.25-00.31.27:206][188]LogModuleManager: Shutting down and abandoning module TextureFormatAndroid (135)
[2018.09.25-00.31.27:206][188]LogModuleManager: Shutting down and abandoning module AudioFormatOpus (133)
[2018.09.25-00.31.27:206][188]LogModuleManager: Shutting down and abandoning module AudioFormatOgg (131)
[2018.09.25-00.31.27:206][188]LogModuleManager: Shutting down and abandoning module AudioFormatADPCM (129)
[2018.09.25-00.31.27:206][188]LogModuleManager: Shutting down and abandoning module LuminTargetPlatform (127)
[2018.09.25-00.31.27:206][188]LogModuleManager: Shutting down and abandoning module LinuxTargetPlatform (125)
[2018.09.25-00.31.27:206][188]LogModuleManager: Shutting down and abandoning module LinuxServerTargetPlatform (123)
[2018.09.25-00.31.27:206][188]LogModuleManager: Shutting down and abandoning module LinuxNoEditorTargetPlatform (121)
[2018.09.25-00.31.27:206][188]LogModuleManager: Shutting down and abandoning module LinuxClientTargetPlatform (119)
[2018.09.25-00.31.27:206][188]LogModuleManager: Shutting down and abandoning module TVOSTargetPlatform (117)
[2018.09.25-00.31.27:206][188]LogModuleManager: Shutting down and abandoning module Messaging (115)
[2018.09.25-00.31.27:206][188]LogModuleManager: Shutting down and abandoning module IOSTargetPlatform (113)
[2018.09.25-00.31.27:207][188]LogModuleManager: Shutting down and abandoning module HTML5TargetPlatform (111)
[2018.09.25-00.31.27:207][188]LogModuleManager: Shutting down and abandoning module AndroidTargetPlatform (109)
[2018.09.25-00.31.27:213][188]LogModuleManager: Shutting down and abandoning module WindowsTargetPlatform (107)
[2018.09.25-00.31.27:213][188]LogModuleManager: Shutting down and abandoning module WindowsServerTargetPlatform (105)
[2018.09.25-00.31.27:213][188]LogModuleManager: Shutting down and abandoning module WindowsNoEditorTargetPlatform (103)
[2018.09.25-00.31.27:213][188]LogModuleManager: Shutting down and abandoning module WindowsClientTargetPlatform (101)
[2018.09.25-00.31.27:213][188]LogModuleManager: Shutting down and abandoning module MacTargetPlatform (99)
[2018.09.25-00.31.27:213][188]LogModuleManager: Shutting down and abandoning module MacServerTargetPlatform (97)
[2018.09.25-00.31.27:213][188]LogModuleManager: Shutting down and abandoning module MacNoEditorTargetPlatform (95)
[2018.09.25-00.31.27:213][188]LogModuleManager: Shutting down and abandoning module MacClientTargetPlatform (93)
[2018.09.25-00.31.27:213][188]LogModuleManager: Shutting down and abandoning module AllDesktopTargetPlatform (91)
[2018.09.25-00.31.27:213][188]LogModuleManager: Shutting down and abandoning module InputCore (88)
[2018.09.25-00.31.27:213][188]LogModuleManager: Shutting down and abandoning module Settings (86)
[2018.09.25-00.31.27:213][188]LogModuleManager: Shutting down and abandoning module PhysXCooking (84)
[2018.09.25-00.31.27:213][188]LogModuleManager: Shutting down and abandoning module SteamVR (82)
[2018.09.25-00.31.27:213][188]LogModuleManager: Shutting down and abandoning module OculusHMD (80)
[2018.09.25-00.31.27:213][188]LogModuleManager: Shutting down and abandoning module ExampleDeviceProfileSelector (78)
[2018.09.25-00.31.27:213][188]LogModuleManager: Shutting down and abandoning module LauncherChunkInstaller (76)
[2018.09.25-00.31.27:213][188]LogModuleManager: Shutting down and abandoning module OnlineBlueprintSupport (74)
[2018.09.25-00.31.27:213][188]LogModuleManager: Shutting down and abandoning module OnlineSubsystem (70)
[2018.09.25-00.31.27:214][188]LogModuleManager: Shutting down and abandoning module XMPP (65)
[2018.09.25-00.31.27:214][188]LogModuleManager: Shutting down and abandoning module WebSockets (64)
[2018.09.25-00.31.27:233][188]LogModuleManager: Shutting down and abandoning module HTTP (61)
[2018.09.25-00.31.27:233][188]LogHttp: Display: Http module shutting down, but needs to wait on 1 outstanding Http requests:
[2018.09.25-00.31.27:233][188]LogHttp: Display: 	verb=[POST] url=[https://datarouter.ol.epicgames.com/datarouter/api/v1/public/data?SessionID=%7BFA5D46E2-4878-D079-D35E-D8AEECCA2AB9%7D&AppID=UEEditor.Rocket.Release&AppVersion=4.20.3-4369336%2B%2B%2BUE4%2BRelease-4.20&UserID=04de7adc41fb3f9d47f5218e2bce6d0f%7C90e14dc38ca047fa894bbc6226fa752a%7C5675fb88-1c8f-4aca-bf29-b35c4edd0721&AppEnvironment=datacollector-binary&UploadType=eteventstream] status=Processing
[2018.09.25-00.31.27:236][188]LogModuleManager: Shutting down and abandoning module SSL (60)
[2018.09.25-00.31.27:237][188]LogModuleManager: Shutting down and abandoning module MagicLeapEmulator (56)
[2018.09.25-00.31.27:237][188]LogModuleManager: Shutting down and abandoning module MagicLeapPrivileges (54)
[2018.09.25-00.31.27:238][188]LogModuleManager: Shutting down and abandoning module MagicLeapIdentity (52)
[2018.09.25-00.31.27:238][188]LogModuleManager: Shutting down and abandoning module MagicLeapHelperVulkan (50)
[2018.09.25-00.31.27:238][188]LogModuleManager: Shutting down and abandoning module MagicLeapHelperOpenGL (48)
[2018.09.25-00.31.27:238][188]LogModuleManager: Shutting down and abandoning module MagicLeapSecureStorage (46)
[2018.09.25-00.31.27:238][188]LogModuleManager: Shutting down and abandoning module MagicLeapGestures (44)
[2018.09.25-00.31.27:238][188]LogModuleManager: Shutting down and abandoning module MagicLeapEyeTracker (42)
[2018.09.25-00.31.27:238][188]LogModuleManager: Shutting down and abandoning module MagicLeapController (40)
[2018.09.25-00.31.27:238][188]LogSlate: Slate User Destroyed.  User Index 0, Is Virtual User: 0
[2018.09.25-00.31.27:238][188]LogModuleManager: Shutting down and abandoning module MagicLeap (38)
[2018.09.25-00.31.27:238][188]LogModuleManager: Shutting down and abandoning module AnimationModifiers (36)
[2018.09.25-00.31.27:238][188]LogModuleManager: Shutting down and abandoning module PropertyEditor (35)
[2018.09.25-00.31.27:238][188]LogModuleManager: Shutting down and abandoning module AudioEditor (32)
[2018.09.25-00.31.27:238][188]LogModuleManager: Shutting down and abandoning module TextureCompressor (30)
[2018.09.25-00.31.27:238][188]LogModuleManager: Shutting down and abandoning module ShaderCore (28)
[2018.09.25-00.31.27:238][188]LogModuleManager: Shutting down and abandoning module Landscape (26)
[2018.09.25-00.31.27:238][188]LogModuleManager: Shutting down and abandoning module SlateRHIRenderer (24)
[2018.09.25-00.31.27:239][188]LogModuleManager: Shutting down and abandoning module OpenGLDrv (22)
[2018.09.25-00.31.27:239][188]LogModuleManager: Shutting down and abandoning module D3D11RHI (20)
[2018.09.25-00.31.27:239][188]LogModuleManager: Shutting down and abandoning module AnimGraphRuntime (18)
[2018.09.25-00.31.27:239][188]LogModuleManager: Shutting down and abandoning module Renderer (16)
[2018.09.25-00.31.27:239][188]LogModuleManager: Shutting down and abandoning module Engine (14)
[2018.09.25-00.31.27:239][188]LogModuleManager: Shutting down and abandoning module CoreUObject (12)
[2018.09.25-00.31.27:239][188]LogModuleManager: Shutting down and abandoning module NetworkFile (10)
[2018.09.25-00.31.27:239][188]LogModuleManager: Shutting down and abandoning module CookedIterativeFile (8)
[2018.09.25-00.31.27:239][188]LogModuleManager: Shutting down and abandoning module StreamingFile (6)
[2018.09.25-00.31.27:239][188]LogModuleManager: Shutting down and abandoning module SandboxFile (4)
[2018.09.25-00.31.27:239][188]LogModuleManager: Shutting down and abandoning module PakFile (2)
[2018.09.25-00.31.27:249][188]LogExit: Exiting.
[2018.09.25-00.31.27:265][188]Log file closed, 09/24/18 20:31:27
