Log file open, 09/25/18 20:29:36
LogWindows: Failed to load 'aqProf.dll' (GetLastError=126)
LogWindows: File 'aqProf.dll' does not exist
LogWindows: Failed to load 'VSPerf140.dll' (GetLastError=126)
LogWindows: File 'VSPerf140.dll' does not exist
LogWindows: Failed to load 'VtuneApi.dll' (GetLastError=126)
LogWindows: File 'VtuneApi.dll' does not exist
LogWindows: Failed to load 'VtuneApi32e.dll' (GetLastError=126)
LogWindows: File 'VtuneApi32e.dll' does not exist
LogInit: Display: Running engine for game: ASH_Game
LogPlatformFile: Not using cached read wrapper
LogTaskGraph: Started task graph with 5 named threads and 35 total threads with 3 sets of task threads.
LogStats: Stats thread started at 0.393475
LogD3D11RHI: Loaded GFSDK_Aftermath_Lib.x64.dll
LogICUInternationalization: Display: ICU TimeZone Detection - Raw Offset: -5:00, Platform Override: ''
LogPluginManager: Mounting plugin Paper2D
LogPluginManager: Mounting plugin AISupport
LogPluginManager: Mounting plugin LightPropagationVolume
LogPluginManager: Mounting plugin CLionSourceCodeAccess
LogPluginManager: Mounting plugin CodeLiteSourceCodeAccess
LogPluginManager: Mounting plugin GitSourceControl
LogPluginManager: Mounting plugin KDevelopSourceCodeAccess
LogPluginManager: Mounting plugin NullSourceCodeAccess
LogPluginManager: Mounting plugin PerforceSourceControl
LogPluginManager: Mounting plugin SubversionSourceControl
LogPluginManager: Mounting plugin UObjectPlugin
LogPluginManager: Mounting plugin VisualStudioCodeSourceCodeAccess
LogPluginManager: Mounting plugin VisualStudioSourceCodeAccess
LogPluginManager: Mounting plugin XCodeSourceCodeAccess
LogPluginManager: Mounting plugin AssetManagerEditor
LogPluginManager: Mounting plugin CryptoKeys
LogPluginManager: Mounting plugin DataValidation
LogPluginManager: Mounting plugin FacialAnimation
LogPluginManager: Mounting plugin GameplayTagsEditor
LogPluginManager: Mounting plugin MacGraphicsSwitching
LogPluginManager: Mounting plugin MeshEditor
LogPluginManager: Mounting plugin MobileLauncherProfileWizard
LogPluginManager: Mounting plugin PluginBrowser
LogPluginManager: Mounting plugin SpeedTreeImporter
LogPluginManager: Mounting plugin DatasmithContent
LogPluginManager: Mounting plugin AlembicImporter
LogPluginManager: Mounting plugin AppleImageUtils
LogPluginManager: Mounting plugin AppleVision
LogPluginManager: Mounting plugin BackChannel
LogPluginManager: Mounting plugin CharacterAI
LogPluginManager: Mounting plugin GeometryCache
LogPluginManager: Mounting plugin HTML5Networking
LogPluginManager: Mounting plugin ProxyLODPlugin
LogPluginManager: Mounting plugin MagicLeap
LogPluginManager: Mounting plugin MagicLeapEmulator
LogPluginManager: Mounting plugin MagicLeapMedia
LogPluginManager: Mounting plugin AndroidMedia
LogPluginManager: Mounting plugin AvfMedia
LogPluginManager: Mounting plugin ImgMedia
LogPluginManager: Mounting plugin LinearTimecode
LogPluginManager: Mounting plugin MediaCompositing
LogPluginManager: Mounting plugin MediaPlayerEditor
LogPluginManager: Mounting plugin WmfMedia
LogPluginManager: Mounting plugin TcpMessaging
LogPluginManager: Mounting plugin UdpMessaging
LogPluginManager: Mounting plugin ActorSequence
LogPluginManager: Mounting plugin LevelSequenceEditor
LogPluginManager: Mounting plugin MatineeToLevelSequence
LogPluginManager: Mounting plugin NetcodeUnitTest
LogPluginManager: Mounting plugin NUTUnrealEngine4
LogPluginManager: Mounting plugin OnlineSubsystemGooglePlay
LogPluginManager: Mounting plugin OnlineSubsystemIOS
LogPluginManager: Mounting plugin OnlineSubsystem
LogPluginManager: Mounting plugin OnlineSubsystemNull
LogPluginManager: Mounting plugin OnlineSubsystemUtils
LogPluginManager: Mounting plugin LauncherChunkInstaller
LogPluginManager: Mounting plugin AndroidDeviceProfileSelector
LogPluginManager: Mounting plugin AndroidMoviePlayer
LogPluginManager: Mounting plugin AndroidPermission
LogPluginManager: Mounting plugin AppleMoviePlayer
LogPluginManager: Mounting plugin ArchVisCharacter
LogPluginManager: Mounting plugin AudioCapture
LogPluginManager: Mounting plugin CableComponent
LogPluginManager: Mounting plugin CustomMeshComponent
LogPluginManager: Mounting plugin EditableMesh
LogPluginManager: Mounting plugin ExampleDeviceProfileSelector
LogPluginManager: Mounting plugin GoogleCloudMessaging
LogPluginManager: Mounting plugin ImmediatePhysics
LogPluginManager: Mounting plugin IOSDeviceProfileSelector
LogPluginManager: Mounting plugin LinuxDeviceProfileSelector
LogPluginManager: Mounting plugin LocationServicesBPLibrary
LogPluginManager: Mounting plugin MobilePatchingUtils
LogPluginManager: Mounting plugin OculusVR
LogPluginManager: Plugin shader directory ../../../Engine/Plugins/Runtime/Oculus/OculusVR/Shaders found
LogPluginManager: Mapping shader source directory ../../../Engine/Plugins/Runtime/Oculus/OculusVR/Shaders to virtual directory /Plugin/OculusVR
LogPluginManager: Mounting plugin PhysXVehicles
LogPluginManager: Mounting plugin ProceduralMeshComponent
LogPluginManager: Mounting plugin RuntimePhysXCooking
LogPluginManager: Mounting plugin SteamVR
LogPluginManager: Mounting plugin WindowsMoviePlayer
LogStreaming: Display: Took  0.320s to configure plugins.
LogInit: Using libcurl 7.55.1-DEV
LogInit:  - built for x86_64-pc-win32
LogInit:  - supports SSL with OpenSSL/1.0.2h
LogInit:  - supports HTTP deflate (compression) using libz 1.2.8
LogInit:  - other features:
LogInit:      CURL_VERSION_SSL
LogInit:      CURL_VERSION_LIBZ
LogInit:      CURL_VERSION_IPV6
LogInit:      CURL_VERSION_ASYNCHDNS
LogInit:      CURL_VERSION_LARGEFILE
LogInit:      CURL_VERSION_IDN
LogInit:  CurlRequestOptions (configurable via config and command line):
LogInit:  - bVerifyPeer = false  - Libcurl will NOT verify peer certificate
LogInit:  - bUseHttpProxy = false  - Libcurl will NOT use HTTP proxy
LogInit:  - bDontReuseConnections = false  - Libcurl will reuse connections
LogInit:  - CertBundlePath = nullptr  - Libcurl will use whatever was configured at build time.
LogInit:  - MaxHostConnections = 16  - Libcurl will limit the number of connections to a host
LogInit:  - LocalHostAddr = Default
LogInit:  - BufferSize = 65536
LogInit: WinSock: version 1.1 (2.2), MaxSocks=32767, MaxUdp=65467
LogInit: Build: ++UE4+Release-4.20-CL-4369336
LogInit: Engine Version: 4.20.3-4369336+++UE4+Release-4.20
LogInit: Compatible Engine Version: 4.20.0-4212847+++UE4+Release-4.20
LogInit: Net CL: 4212847
LogInit: OS: Windows 10 (), CPU: Intel(R) Core(TM) i7-8750H CPU @ 2.20GHz, GPU: NVIDIA GeForce GTX 1060
LogInit: Compiled (64-bit): Sep 17 2018 12:26:19
LogInit: Compiled with Visual C++: 19.13.26129.00
LogInit: Build Configuration: Development
LogInit: Branch Name: ++UE4+Release-4.20
LogInit: Command Line: 
LogInit: Base Directory: D:/UE_4.20/Engine/Binaries/Win64/
LogInit: Installed Engine Build: 1
LogDevObjectVersion: Number of dev versions registered: 20
LogDevObjectVersion:   Dev-Blueprints (B0D832E4-1F89-4F0D-ACCF-7EB736FD4AA2): 10
LogDevObjectVersion:   Dev-Build (E1C64328-A22C-4D53-A36C-8E866417BD8C): 0
LogDevObjectVersion:   Dev-Core (375EC13C-06E4-48FB-B500-84F0262A717E): 2
LogDevObjectVersion:   Dev-Editor (E4B068ED-F494-42E9-A231-DA0B2E46BB41): 24
LogDevObjectVersion:   Dev-Framework (CFFC743F-43B0-4480-9391-14DF171D2073): 34
LogDevObjectVersion:   Dev-Mobile (B02B49B5-BB20-44E9-A304-32B752E40360): 2
LogDevObjectVersion:   Dev-Networking (A4E4105C-59A1-49B5-A7C5-40C4547EDFEE): 0
LogDevObjectVersion:   Dev-Online (39C831C9-5AE6-47DC-9A44-9C173E1C8E7C): 0
LogDevObjectVersion:   Dev-Physics (78F01B33-EBEA-4F98-B9B4-84EACCB95AA2): 0
LogDevObjectVersion:   Dev-Platform (6631380F-2D4D-43E0-8009-CF276956A95A): 0
LogDevObjectVersion:   Dev-Rendering (12F88B9F-8875-4AFC-A67C-D90C383ABD29): 26
LogDevObjectVersion:   Dev-Sequencer (7B5AE74C-D270-4C10-A958-57980B212A5A): 9
LogDevObjectVersion:   Dev-VR (D7296918-1DD6-4BDD-9DE2-64A83CC13884): 2
LogDevObjectVersion:   Dev-LoadTimes (C2A15278-BFE7-4AFE-6C17-90FF531DF755): 1
LogDevObjectVersion:   Private-Geometry (6EACA3D4-40EC-4CC1-B786-8BED09428FC5): 3
LogDevObjectVersion:   Dev-AnimPhys (29E575DD-E0A3-4627-9D10-D276232CDCEA): 17
LogDevObjectVersion:   Dev-ReflectionCapture (6B266CEC-1EC7-4B8F-A30B-E4D90942FC07): 1
LogDevObjectVersion:   Dev-Automation (0DF73D61-A23F-47EA-B727-89E90C41499A): 1
LogDevObjectVersion:   FortniteMain (601D1886-AC64-4F84-AA16-D3DE0DEAC7D6): 12
LogDevObjectVersion:   Dev-Enterprise (9DFFBCD6-494F-0158-E221-12823C92A888): 1
LogStreaming: Display: Took  0.003s to delete old logs.
LogInit: Presizing for max 8388607 objects, including 0 objects not considered by GC, pre-allocating 0 bytes for permanent pool.
LogInit: Object subsystem initialized
[2018.09.26-00.29.37:093][  0]LogInit: Selected Device Profile: [Windows]
[2018.09.26-00.29.37:093][  0]LogInit: Applying CVar settings loaded from the selected device profile: [Windows]
[2018.09.26-00.29.37:141][  0]LogHAL: Display: Platform has ~ 16 GB [17028878336 / 17179869184 / 16], which maps to Larger [LargestMinGB=32, LargerMinGB=12, DefaultMinGB=8, SmallerMinGB=6, SmallestMinGB=0)
[2018.09.26-00.29.37:141][  0]LogInit: Setting Device Profile CVar: [[r.Vulkan.UseRealUBs:1]]
[2018.09.26-00.29.37:141][  0]LogInit: Going up to parent DeviceProfile []
[2018.09.26-00.29.37:142][  0]LogInit: Computer: DESKTOP-EQNU1S5
[2018.09.26-00.29.37:142][  0]LogInit: User: XENO
[2018.09.26-00.29.37:142][  0]LogInit: CPU Page size=4096, Cores=6
[2018.09.26-00.29.37:143][  0]LogInit: High frequency timer resolution =2.156251 MHz
[2018.09.26-00.29.37:144][  0]LogMemory: Memory total: Physical=15.9GB (16GB approx)
[2018.09.26-00.29.37:144][  0]LogMemory: Platform Memory Stats for Windows
[2018.09.26-00.29.37:144][  0]LogMemory: Process Physical Memory: 102.29 MB used, 102.29 MB peak
[2018.09.26-00.29.37:144][  0]LogMemory: Process Virtual Memory: 98.18 MB used, 98.18 MB peak
[2018.09.26-00.29.37:144][  0]LogMemory: Physical Memory: 3633.75 MB used,  12606.25 MB free, 16240.00 MB total
[2018.09.26-00.29.37:144][  0]LogMemory: Virtual Memory: 4669.25 MB used,  12606.25 MB free, 134217728.00 MB total
[2018.09.26-00.29.37:446][  0]LogInit: Using OS detected language (en-US).
[2018.09.26-00.29.37:446][  0]LogInit: Using OS detected locale (en-CA).
[2018.09.26-00.29.37:446][  0]LogTextLocalizationManager: No specific localization for 'en-US' exists, so the 'en' localization will be used.
[2018.09.26-00.29.37:736][  0]LogStreaming: Display: Took  0.289s to InitEngineTextLocalization.
[2018.09.26-00.29.37:736][  0]LogInit: Setting process to per monitor DPI aware
[2018.09.26-00.29.37:757][  0]LogSlate: New Slate User Created.  User Index 0, Is Virtual User: 0
[2018.09.26-00.29.37:757][  0]LogSlate: Slate User Registered.  User Index 0, Is Virtual User: 0
[2018.09.26-00.29.37:904][  0]LogHMD: Failed to initialize OpenVR with code 110
[2018.09.26-00.29.37:904][  0]LogD3D11RHI: D3D11 adapters:
[2018.09.26-00.29.37:948][  0]LogD3D11RHI:    0. 'NVIDIA GeForce GTX 1060' (Feature Level 11_0)
[2018.09.26-00.29.37:948][  0]LogD3D11RHI:       6061/0/8120 MB DedicatedVideo/DedicatedSystem/SharedSystem, Outputs:1, VendorId:0x10de
[2018.09.26-00.29.37:973][  0]LogD3D11RHI:    1. 'Intel(R) UHD Graphics 630' (Feature Level 11_0)
[2018.09.26-00.29.37:973][  0]LogD3D11RHI:       128/0/8120 MB DedicatedVideo/DedicatedSystem/SharedSystem, Outputs:0, VendorId:0x8086
[2018.09.26-00.29.37:975][  0]LogD3D11RHI:    2. 'Microsoft Basic Render Driver' (Feature Level 11_0)
[2018.09.26-00.29.37:975][  0]LogD3D11RHI:       0/0/8120 MB DedicatedVideo/DedicatedSystem/SharedSystem, Outputs:0, VendorId:0x1414
[2018.09.26-00.29.37:975][  0]LogD3D11RHI: Chosen D3D11 Adapter: 0
[2018.09.26-00.29.37:980][  0]LogD3D11RHI: Creating new Direct3DDevice
[2018.09.26-00.29.37:980][  0]LogD3D11RHI:     GPU DeviceId: 0x1c60 (for the marketing name, search the web for "GPU Device Id")
[2018.09.26-00.29.37:980][  0]LogWindows: EnumDisplayDevices:
[2018.09.26-00.29.37:980][  0]LogWindows:    0. 'NVIDIA GeForce GTX 1060' (P:1 D:1)
[2018.09.26-00.29.37:981][  0]LogWindows:    1. 'NVIDIA GeForce GTX 1060' (P:0 D:0)
[2018.09.26-00.29.37:981][  0]LogWindows:    2. 'NVIDIA GeForce GTX 1060' (P:0 D:0)
[2018.09.26-00.29.37:981][  0]LogWindows:    3. 'NVIDIA GeForce GTX 1060' (P:0 D:0)
[2018.09.26-00.29.37:981][  0]LogWindows:    4. 'Intel(R) UHD Graphics 630' (P:0 D:0)
[2018.09.26-00.29.37:981][  0]LogWindows:    5. 'Intel(R) UHD Graphics 630' (P:0 D:0)
[2018.09.26-00.29.37:982][  0]LogWindows:    6. 'Intel(R) UHD Graphics 630' (P:0 D:0)
[2018.09.26-00.29.37:982][  0]LogWindows: DebugString: PrimaryIsNotTheChoosenAdapter PrimaryIsNotTheChoosenAdapter PrimaryIsNotTheChoosenAdapter FoundDriverCount:4 
[2018.09.26-00.29.37:982][  0]LogD3D11RHI:     Adapter Name: NVIDIA GeForce GTX 1060
[2018.09.26-00.29.37:982][  0]LogD3D11RHI:   Driver Version: 389.12 (internal:23.21.13.8912, unified:389.12)
[2018.09.26-00.29.37:982][  0]LogD3D11RHI:      Driver Date: 3-7-2018
[2018.09.26-00.29.37:982][  0]LogRHI: Texture pool is 4242 MB (70% of 6061 MB)
[2018.09.26-00.29.38:012][  0]LogD3D11RHI: Async texture creation enabled
[2018.09.26-00.29.38:023][  0]LogD3D11RHI: GPU Timing Frequency: 1000.000000 (Debug: 2 1)
[2018.09.26-00.29.38:073][  0]LogShaderCompilers: Guid format shader working directory is 3 characters bigger than the processId version (../../../../UnrealProjects/A.S.H/ASH_Game/Intermediate/Shaders/WorkingDirectory/11164/).
[2018.09.26-00.29.38:073][  0]LogShaderCompilers: Cleaned the shader compiler working directory 'C:/Users/XENO/AppData/Local/Temp/UnrealShaderWorkingDir/3BD6A2CF43EC472210818D9AC0B6919C/'.
[2018.09.26-00.29.38:377][  0]LogTemp: Display: Loaded TP AllDesktopTargetPlatform
[2018.09.26-00.29.38:388][  0]LogTemp: Display: Loaded TP MacClientTargetPlatform
[2018.09.26-00.29.38:398][  0]LogTemp: Display: Loaded TP MacNoEditorTargetPlatform
[2018.09.26-00.29.38:408][  0]LogTemp: Display: Loaded TP MacServerTargetPlatform
[2018.09.26-00.29.38:419][  0]LogTemp: Display: Loaded TP MacTargetPlatform
[2018.09.26-00.29.38:429][  0]LogTemp: Display: Loaded TP WindowsClientTargetPlatform
[2018.09.26-00.29.38:438][  0]LogTemp: Display: Loaded TP WindowsNoEditorTargetPlatform
[2018.09.26-00.29.38:449][  0]LogTemp: Display: Loaded TP WindowsServerTargetPlatform
[2018.09.26-00.29.38:453][  0]LogTemp: Display: Loaded TP WindowsTargetPlatform
[2018.09.26-00.29.38:514][  0]LogTemp: Display: Loaded TP AndroidTargetPlatform
[2018.09.26-00.29.38:514][  0]LogTemp: Display: Loaded TP AndroidTargetPlatform
[2018.09.26-00.29.38:514][  0]LogTemp: Display: Loaded TP AndroidTargetPlatform
[2018.09.26-00.29.38:514][  0]LogTemp: Display: Loaded TP AndroidTargetPlatform
[2018.09.26-00.29.38:514][  0]LogTemp: Display: Loaded TP AndroidTargetPlatform
[2018.09.26-00.29.38:514][  0]LogTemp: Display: Loaded TP AndroidTargetPlatform
[2018.09.26-00.29.38:514][  0]LogTemp: Display: Loaded TP AndroidTargetPlatform
[2018.09.26-00.29.38:514][  0]LogTemp: Display: Loaded TP AndroidTargetPlatform
[2018.09.26-00.29.38:514][  0]LogTemp: Display: Loaded TP AndroidTargetPlatform
[2018.09.26-00.29.38:514][  0]LogTemp: Display: Loaded TP AndroidTargetPlatform
[2018.09.26-00.29.38:514][  0]LogTemp: Display: Loaded TP AndroidTargetPlatform
[2018.09.26-00.29.38:514][  0]LogTemp: Display: Loaded TP AndroidTargetPlatform
[2018.09.26-00.29.38:514][  0]LogTemp: Display: Loaded TP AndroidTargetPlatform
[2018.09.26-00.29.38:514][  0]LogTemp: Display: Loaded TP AndroidTargetPlatform
[2018.09.26-00.29.38:514][  0]LogTemp: Display: Loaded TP AndroidTargetPlatform
[2018.09.26-00.29.38:514][  0]LogTemp: Display: Loaded TP AndroidTargetPlatform
[2018.09.26-00.29.38:514][  0]LogTemp: Display: Loaded TP AndroidTargetPlatform
[2018.09.26-00.29.38:514][  0]LogTemp: Display: Loaded TP AndroidTargetPlatform
[2018.09.26-00.29.38:515][  0]LogTemp: Display: Loaded TP HTML5TargetPlatform
[2018.09.26-00.29.38:582][  0]LogTemp: Display: Loaded TP IOSTargetPlatform
[2018.09.26-00.29.38:582][  0]LogTemp: Display: Loaded TP IOSTargetPlatform
[2018.09.26-00.29.38:622][  0]LogTemp: Display: Loaded TP TVOSTargetPlatform
[2018.09.26-00.29.38:622][  0]LogTemp: Display: Loaded TP TVOSTargetPlatform
[2018.09.26-00.29.38:634][  0]LogTemp: Display: Loaded TP LinuxClientTargetPlatform
[2018.09.26-00.29.38:644][  0]LogTemp: Display: Loaded TP LinuxNoEditorTargetPlatform
[2018.09.26-00.29.38:655][  0]LogTemp: Display: Loaded TP LinuxServerTargetPlatform
[2018.09.26-00.29.38:665][  0]LogTemp: Display: Loaded TP LinuxTargetPlatform
[2018.09.26-00.29.38:672][  0]LogTemp: Display: Loaded TP LuminTargetPlatform
[2018.09.26-00.29.38:672][  0]LogTargetPlatformManager: Display: Building Assets For Windows
[2018.09.26-00.29.38:711][  0]LogXGEController: Cannot use XGE Controller as Incredibuild is not installed on this machine.
[2018.09.26-00.29.38:711][  0]LogShaderCompilers: Cannot use XGE Shader Compiler as Incredibuild is not installed on this machine.
[2018.09.26-00.29.38:711][  0]LogShaderCompilers: Display: Using Local Shader Compiler.
[2018.09.26-00.29.39:280][  0]LogDerivedDataCache: Display: Max Cache Size: 512 MB
[2018.09.26-00.29.39:328][  0]LogDerivedDataCache: Loaded boot cache 0.05s 71MB C:/Users/XENO/AppData/Local/UnrealEngine/4.20/DerivedDataCache/Boot.ddc.
[2018.09.26-00.29.39:329][  0]LogDerivedDataCache: Display: Loaded Boot cache: C:/Users/XENO/AppData/Local/UnrealEngine/4.20/DerivedDataCache/Boot.ddc
[2018.09.26-00.29.39:329][  0]LogDerivedDataCache: FDerivedDataBackendGraph:  Pak pak cache file ../../../../UnrealProjects/A.S.H/ASH_Game/DerivedDataCache/DDC.ddp not found, will not use a pak cache.
[2018.09.26-00.29.39:329][  0]LogDerivedDataCache: Unable to find inner node Pak for hierarchical cache Hierarchy.
[2018.09.26-00.29.39:329][  0]LogDerivedDataCache: FDerivedDataBackendGraph:  CompressedPak pak cache file ../../../../UnrealProjects/A.S.H/ASH_Game/DerivedDataCache/Compressed.ddp not found, will not use a pak cache.
[2018.09.26-00.29.39:329][  0]LogDerivedDataCache: Unable to find inner node CompressedPak for hierarchical cache Hierarchy.
[2018.09.26-00.29.39:340][  0]LogDerivedDataCache: Display: Pak cache opened for reading ../../../Engine/DerivedDataCache/Compressed.ddp.
[2018.09.26-00.29.39:352][  0]LogDerivedDataCache: Using Local data cache path C:/Users/XENO/AppData/Local/UnrealEngine/Common/DerivedDataCache: Writable
[2018.09.26-00.29.39:352][  0]LogDerivedDataCache: Shared data cache path not found in *engine.ini, will not use an Shared cache.
[2018.09.26-00.29.39:352][  0]LogDerivedDataCache: Unable to find inner node Shared for hierarchical cache Hierarchy.
[2018.09.26-00.29.39:368][  0]LogMaterial: Verifying Global Shaders for PCD3D_SM5
[2018.09.26-00.29.39:369][  0]LogSlate: Using FreeType 2.6.0
[2018.09.26-00.29.39:370][  0]LogSlate: SlateFontServices - WITH_FREETYPE: 1, WITH_HARFBUZZ: 1
[2018.09.26-00.29.39:434][  0]LogAssetRegistry: FAssetRegistry took 0.0255 seconds to start up
[2018.09.26-00.29.39:673][  0]LogInit: Selected Device Profile: [Windows]
[2018.09.26-00.29.39:779][  0]LogSimplygon: Simplygon DLL not present - disabling.
[2018.09.26-00.29.39:782][  0]LogMeshReduction: Using SimplygonSwarm for distributed automatic mesh merging
[2018.09.26-00.29.39:782][  0]LogMeshReduction: Using ProxyLODMeshReduction for automatic mesh merging
[2018.09.26-00.29.39:782][  0]LogMeshReduction: Using QuadricMeshReduction for automatic static mesh reduction
[2018.09.26-00.29.39:782][  0]LogMeshReduction: No automatic skeletal mesh reduction module available
[2018.09.26-00.29.39:799][  0]LogNetVersion: ASH_Game 1.0.0, NetCL: 4212847, EngineNetVer: 5, GameNetVer: 0 (Checksum: 1471675654)
[2018.09.26-00.29.40:483][  0]LogPackageLocalizationCache: Processed 11 localized package path(s) for 2 prioritized culture(s) in 0.229662 seconds
[2018.09.26-00.29.40:492][  0]LogUObjectArray: 38425 objects as part of root set at end of initial load.
[2018.09.26-00.29.40:492][  0]LogUObjectAllocator: 6690864 out of 0 bytes used by permanent object pool.
[2018.09.26-00.29.40:492][  0]LogUObjectArray: CloseDisregardForGC: 0/0 objects in disregard for GC pool
[2018.09.26-00.29.41:227][  0]LogTcpMessaging: Initializing TcpMessaging bridge
[2018.09.26-00.29.41:240][  0]LogUdpMessaging: Initializing bridge on interface 0.0.0.0:0 to multicast group 230.0.0.1:6666.
[2018.09.26-00.29.41:423][  0]SourceControl: Source control is disabled
[2018.09.26-00.29.41:423][  0]SourceControl: Source control is disabled
[2018.09.26-00.29.41:424][  0]SourceControl: Source control is disabled
[2018.09.26-00.29.41:425][  0]SourceControl: Source control is disabled
[2018.09.26-00.29.41:591][  0]LogAndroidPermission: UAndroidPermissionCallbackProxy::GetInstance
[2018.09.26-00.29.41:664][  0]LogOcInput: OculusInput pre-init called
[2018.09.26-00.29.41:756][  0]LogEngine: Initializing Engine...
[2018.09.26-00.29.41:757][  0]LogHMD: Failed to initialize OpenVR with code 110
[2018.09.26-00.29.41:758][  0]LogStats: UGameplayTagsManager::ConstructGameplayTagTree: ImportINI prefixes -  0.000 s
[2018.09.26-00.29.41:758][  0]LogStats: UGameplayTagsManager::ConstructGameplayTagTree: Construct from data asset -  0.000 s
[2018.09.26-00.29.41:758][  0]LogStats: UGameplayTagsManager::ConstructGameplayTagTree: ImportINI -  0.000 s
[2018.09.26-00.29.41:758][  0]LogStats: UGameplayTagsManager::ConstructGameplayTagTree: GameplayTagTreeChangedEvent.Broadcast -  0.000 s
[2018.09.26-00.29.41:941][  0]LogInit: Initializing FReadOnlyCVARCache
[2018.09.26-00.29.41:950][  0]LogAIModule: Creating AISystem for world Untitled
[2018.09.26-00.29.41:960][  0]LogInit: XAudio2 using 'Speakers/Headphones (Realtek(R) Audio)' : 6 channels at 48 kHz using 32 bits per sample (channel mask 0x3f)
[2018.09.26-00.29.42:237][  0]LogInit: FAudioDevice initialized.
[2018.09.26-00.29.42:237][  0]LogNetVersion: Set ProjectVersion to 1.0.0.0. Version Checksum will be recalculated on next use.
[2018.09.26-00.29.42:326][  0]LogDerivedDataCache: Saved boot cache 0.09s 71MB C:/Users/XENO/AppData/Local/UnrealEngine/4.20/DerivedDataCache/Boot.ddc.
[2018.09.26-00.29.42:326][  0]LogInit: Texture streaming: Enabled
[2018.09.26-00.29.42:355][  0]LogEngineSessionManager: EngineSessionManager initialized
[2018.09.26-00.29.42:367][  0]LogInit: Transaction tracking system initialized
[2018.09.26-00.29.42:394][  0]BlueprintLog: New page: Editor Load
[2018.09.26-00.29.42:444][  0]LocalizationService: Localization service is disabled
[2018.09.26-00.29.42:694][  0]LogAutoReimportManager: Warning: Unable to watch directory ../../../../UnrealProjects/A.S.H/ASH_Game/Content/ as it will conflict with another watching ../../../../UnrealProjects/A.S.H/ASH_Game/Content/.
[2018.09.26-00.29.42:720][  0]LogCook: Display: Max memory allowance for cook 16384mb min free memory 0mb
[2018.09.26-00.29.42:720][  0]LogCook: Display: Mobile HDR setting 1
[2018.09.26-00.29.42:720][  0]LogGameplayTags: Display: UGameplayTagsManager::DoneAddingNativeTags. DelegateIsBound: 0
[2018.09.26-00.29.42:720][  0]LogStats: UGameplayTagsManager::ConstructGameplayTagTree: ImportINI prefixes -  0.000 s
[2018.09.26-00.29.42:720][  0]LogStats: UGameplayTagsManager::ConstructGameplayTagTree: Construct from data asset -  0.000 s
[2018.09.26-00.29.42:720][  0]LogStats: UGameplayTagsManager::ConstructGameplayTagTree: ImportINI -  0.000 s
[2018.09.26-00.29.42:720][  0]LogStats: UGameplayTagsManager::ConstructGameplayTagTree: GameplayTagTreeChangedEvent.Broadcast -  0.000 s
[2018.09.26-00.29.42:799][  0]LogFileCache: Scanning file cache for directory 'D:/UnrealProjects/A.S.H/ASH_Game/Content/' took 0.04s
[2018.09.26-00.29.42:799][  0]SourceControl: Source control is disabled
[2018.09.26-00.29.42:799][  0]Cmd: MAP LOAD FILE="../../../../UnrealProjects/A.S.H/ASH_Game/Content/MapGenerator_Mike/MapGenerator.umap" TEMPLATE=0 SHOWPROGRESS=1 FEATURELEVEL=3
[2018.09.26-00.29.42:833][  0]LightingResults: New page: Lighting Build
[2018.09.26-00.29.42:836][  0]MapCheck: New page: Map Check
[2018.09.26-00.29.42:836][  0]LightingResults: New page: Lighting Build
[2018.09.26-00.29.44:702][  0]LogAIModule: Creating AISystem for world MapGenerator
[2018.09.26-00.29.44:710][  0]LogEditorServer: Finished looking for orphan Actors (0.000 secs)
[2018.09.26-00.29.44:736][  0]Cmd: MAP CHECKDEP NOCLEARLOG
[2018.09.26-00.29.44:773][  0]MapCheck: Map check complete: 0 Error(s), 0 Warning(s), took 36.985ms to complete.
[2018.09.26-00.29.44:773][  0]LogFileHelpers: Loading map 'MapGenerator' took 1.973
[2018.09.26-00.29.45:258][  0]LogSlate: Updating window title bar state: overlay mode, drag disabled, window buttons hidden, title bar hidden
[2018.09.26-00.29.45:285][  0]LogSlate: Updating window title bar state: overlay mode, drag disabled, window buttons hidden, title bar hidden
[2018.09.26-00.29.45:301][  0]LogSlate: Updating window title bar state: overlay mode, drag disabled, window buttons hidden, title bar hidden
[2018.09.26-00.29.45:311][  0]LogSlate: Updating window title bar state: overlay mode, drag disabled, window buttons hidden, title bar hidden
[2018.09.26-00.29.45:388][  0]LogCollectionManager: Loaded 0 collections in 0.018481 seconds
[2018.09.26-00.29.45:555][  0]LogFileCache: Scanning file cache for directory 'D:/UnrealProjects/A.S.H/ASH_Game/Saved/Collections/' took 0.01s
[2018.09.26-00.29.45:555][  0]LogFileCache: Scanning file cache for directory 'D:/UnrealProjects/A.S.H/ASH_Game/Content/Developers/XENO/Collections/' took 0.01s
[2018.09.26-00.29.45:555][  0]LogFileCache: Scanning file cache for directory 'D:/UnrealProjects/A.S.H/ASH_Game/Content/Collections/' took 0.01s
[2018.09.26-00.29.45:555][  0]LogCollectionManager: Rebuilt the GUID cache for 0 collections in 0.000001 seconds
[2018.09.26-00.29.45:609][  0]LogContentBrowser: Native class hierarchy populated in 0.0507 seconds. Added 2572 classes and 603 folders.
[2018.09.26-00.29.45:663][  0]LogContentBrowser: Native class hierarchy updated for 'WidgetCarousel' in 0.0006 seconds. Added 0 classes and 0 folders.
[2018.09.26-00.29.46:380][  0]LogContentBrowser: Native class hierarchy updated for 'AddContentDialog' in 0.0007 seconds. Added 0 classes and 0 folders.
[2018.09.26-00.29.46:445][  0]LogContentBrowser: Native class hierarchy updated for 'SceneOutliner' in 0.0009 seconds. Added 1 classes and 2 folders.
[2018.09.26-00.29.46:901][  0]LogSlate: Took 0.000413 seconds to synchronously load lazily loaded font '../../../Engine/Content/Slate/Fonts/Roboto-Regular.ttf' (155K)
[2018.09.26-00.29.46:908][  0]LogSlate: Took 0.000478 seconds to synchronously load lazily loaded font '../../../Engine/Content/Slate/Fonts/Roboto-Bold.ttf' (160K)
[2018.09.26-00.29.46:964][  0]LogSlate: Took 0.013157 seconds to synchronously load lazily loaded font '../../../Engine/Content/Editor/Slate/Fonts/FontAwesome.ttf' (139K)
[2018.09.26-00.29.47:359][  0]LogRenderer: Reallocating scene render targets to support 1612x808 Format 10 NumSamples 1 (Frame:1).
[2018.09.26-00.29.47:727][  0]LogContentBrowser: Native class hierarchy updated for 'HierarchicalLODOutliner' in 0.0005 seconds. Added 0 classes and 0 folders.
[2018.09.26-00.29.47:727][  0]LogLoad: (Engine Initialization) Total time: 13.30 seconds
[2018.09.26-00.29.47:727][  0]LogLoad: (Engine Initialization) Total Blueprint compile time: 0.00 seconds
[2018.09.26-00.29.47:747][  0]LogWindowsTextInputMethodSystem: Display: IME system now deactivated.
[2018.09.26-00.29.47:823][  0]LogContentStreaming: Texture pool size now 1000 MB
[2018.09.26-00.29.47:946][  1]LogFileCache: Retrieving MD5 hashes for directory 'D:/UnrealProjects/A.S.H/ASH_Game/Content/' took 0.19s
[2018.09.26-00.29.48:041][  2]LogAssetRegistry: Asset discovery search completed in 8.6292 seconds
[2018.09.26-00.29.48:043][  2]LogCollectionManager: Rebuilt the object cache for 0 collections in 0.000000 seconds (found 0 objects)
[2018.09.26-00.29.48:043][  2]LogCollectionManager: Fixed up redirectors for 0 collections in 0.000051 seconds (updated 0 objects)
[2018.09.26-00.29.49:637][ 93]LogSlate: FSceneViewport::OnFocusLost() reason 0
[2018.09.26-00.29.54:205][366]LogTemp: Repeating last play command: New Editor Window (PIE)
[2018.09.26-00.29.54:252][366]LogBlueprintUserMessages: Early PlayInEditor Detection: Level '/Game/MapGenerator_Mike/MapGenerator.MapGenerator:PersistentLevel' has LevelScriptBlueprint '/Game/MapGenerator_Mike/MapGenerator.MapGenerator:PersistentLevel.MapGenerator' with GeneratedClass '/Game/MapGenerator_Mike/MapGenerator.MapGenerator_C' with ClassGeneratedBy '/Game/MapGenerator_Mike/MapGenerator.MapGenerator:PersistentLevel.MapGenerator'
[2018.09.26-00.29.54:253][366]LogPlayLevel: PlayLevel: No blueprints needed recompiling
[2018.09.26-00.29.54:285][366]PIE: New page: PIE session: MapGenerator (Sep 25, 2018, 4:29:54 PM)
[2018.09.26-00.29.54:286][366]LogPlayLevel: Creating play world package: /Game/MapGenerator_Mike/UEDPIE_0_MapGenerator
[2018.09.26-00.29.54:332][366]LogPlayLevel: PIE: StaticDuplicateObject took: (0.045956s)
[2018.09.26-00.29.54:333][366]LogAIModule: Creating AISystem for world MapGenerator
[2018.09.26-00.29.54:334][366]LogPlayLevel: PIE: World Init took: (0.001656s)
[2018.09.26-00.29.54:334][366]LogPlayLevel: PIE: Created PIE world by copying editor world from /Game/MapGenerator_Mike/MapGenerator.MapGenerator to /Game/MapGenerator_Mike/UEDPIE_0_MapGenerator.MapGenerator (0.048023s)
[2018.09.26-00.29.54:392][366]LogInit: XAudio2 using 'Speakers/Headphones (Realtek(R) Audio)' : 6 channels at 48 kHz using 32 bits per sample (channel mask 0x3f)
[2018.09.26-00.29.54:437][366]LogInit: FAudioDevice initialized.
[2018.09.26-00.29.54:465][366]LogSlate: Updating window title bar state: overlay mode, drag disabled, window buttons hidden, title bar hidden
[2018.09.26-00.29.56:321][366]LogLinker: Warning: Can't find file '/Game/TopDownBP/Blueprints/Assets/Enemies/Parasite/ParasiteAnim_BP'
[2018.09.26-00.29.56:323][366]LoadErrors: Failed to load /Game/TopDownBP/Blueprints/Weapons/PistolBullet.PistolBullet_C Referenced by GUN_GEN_VARIABLE
[2018.09.26-00.29.56:323][366]LogLinker: Warning: Can't find file for asset '/Game/TopDownBP/Blueprints/Assets/Enemies/Parasite/ParasiteAnim_BP' while loading ../../../../UnrealProjects/A.S.H/ASH_Game/Content/TopDownBP/Blueprints/Parasite.uasset.
[2018.09.26-00.29.56:323][366]LoadErrors: Error: /Game/TopDownBP/Blueprints/Parasite : Can't find file for asset. /Game/TopDownBP/Blueprints/Assets/Enemies/Parasite/ParasiteAnim_BP
[2018.09.26-00.29.56:393][366]LogLinker: Warning: Can't find file '/Game/TopDownBP/Blueprints/Assets/Enemies/Parasite/ParasiteAnim_BP'
[2018.09.26-00.29.56:393][366]LoadErrors: Failed to load /Game/TopDownBP/Blueprints/Assets/Enemies/Parasite/ParasiteAnim_BP.ParasiteAnim_BP_C Referenced by GUN_GEN_VARIABLE
[2018.09.26-00.29.56:393][366]LogLinker: Warning: Can't find file for asset '/Game/TopDownBP/Blueprints/Assets/Enemies/Parasite/ParasiteAnim_BP' while loading ../../../../UnrealProjects/A.S.H/ASH_Game/Content/TopDownBP/Blueprints/Parasite.uasset.
[2018.09.26-00.29.56:399][366]LogLinker: Warning: Can't find file '/Game/TopDownBP/Blueprints/Assets/Enemies/Parasite/ParasiteAnim_BP'
[2018.09.26-00.29.56:399][366]LoadErrors: Failed to load /Game/TopDownBP/Blueprints/Assets/Enemies/Parasite/ParasiteAnim_BP.ParasiteAnim_BP_C Referenced by Default__Parasite_C
[2018.09.26-00.29.56:400][366]LogLinker: Warning: Can't find file for asset '/Game/TopDownBP/Blueprints/Assets/Enemies/Parasite/ParasiteAnim_BP' while loading ../../../../UnrealProjects/A.S.H/ASH_Game/Content/TopDownBP/Blueprints/Parasite.uasset.
[2018.09.26-00.29.56:400][366]LogLinker: Warning: Can't find file '/Game/TopDownBP/Blueprints/Assets/Enemies/Parasite/parasite-TPose'
[2018.09.26-00.29.56:400][366]LoadErrors: Failed to load /Game/TopDownBP/Blueprints/Assets/Enemies/Parasite/parasite-TPose.parasite-TPose Referenced by Default__Parasite_C
[2018.09.26-00.29.56:401][366]LogLinker: Warning: Can't find file for asset '/Game/TopDownBP/Blueprints/Assets/Enemies/Parasite/parasite-TPose' while loading ../../../../UnrealProjects/A.S.H/ASH_Game/Content/TopDownBP/Blueprints/Parasite.uasset.
[2018.09.26-00.29.56:401][366]LoadErrors: Error: /Game/TopDownBP/Blueprints/Parasite : Can't find file for asset. /Game/TopDownBP/Blueprints/Assets/Enemies/Parasite/parasite-TPose
[2018.09.26-00.29.56:403][366]LogLinker: Warning: Can't find file '/Game/TopDownBP/Blueprints/Assets/Enemies/Parasite/parasite-TPose'
[2018.09.26-00.29.56:404][366]LoadErrors: Failed to load /Game/TopDownBP/Blueprints/Assets/Enemies/Parasite/parasite-TPose Referenced by GUN_GEN_VARIABLE
[2018.09.26-00.29.56:404][366]LogLinker: Warning: Can't find file for asset '/Game/TopDownBP/Blueprints/Assets/Enemies/Parasite/parasite-TPose' while loading ../../../../UnrealProjects/A.S.H/ASH_Game/Content/TopDownBP/Blueprints/Parasite.uasset.
[2018.09.26-00.29.56:405][366]LogLinker: Warning: Can't find file '/Game/TopDownBP/Blueprints/Assets/Enemies/Parasite/ParasiteAnim_BP'
[2018.09.26-00.29.56:405][366]LoadErrors: Failed to load /Game/TopDownBP/Blueprints/Assets/Enemies/Parasite/ParasiteAnim_BP Referenced by GUN_GEN_VARIABLE
[2018.09.26-00.29.56:405][366]LogLinker: Warning: Can't find file for asset '/Game/TopDownBP/Blueprints/Assets/Enemies/Parasite/ParasiteAnim_BP' while loading ../../../../UnrealProjects/A.S.H/ASH_Game/Content/TopDownBP/Blueprints/Parasite.uasset.
[2018.09.26-00.29.56:406][366]LogLinker: Warning: Can't find file '/Game/TopDownBP/Blueprints/Assets/Enemies/Parasite/parasite-TPose'
[2018.09.26-00.29.56:406][366]LoadErrors: Failed to load /Game/TopDownBP/Blueprints/Assets/Enemies/Parasite/parasite-TPose.parasite-TPose Referenced by GUN_GEN_VARIABLE
[2018.09.26-00.29.56:406][366]LogLinker: Warning: Can't find file for asset '/Game/TopDownBP/Blueprints/Assets/Enemies/Parasite/parasite-TPose' while loading ../../../../UnrealProjects/A.S.H/ASH_Game/Content/TopDownBP/Blueprints/Parasite.uasset.
[2018.09.26-00.29.56:417][366]LogLinker: Warning: Can't find file '/Game/TopDownBP/Blueprints/Assets/Enemies/Parasite/parasite-TPose'
[2018.09.26-00.29.56:417][366]LogLinker: Warning: Can't find file for asset '/Game/TopDownBP/Blueprints/Assets/Enemies/Parasite/parasite-TPose' while loading ../../../../UnrealProjects/A.S.H/ASH_Game/Content/TopDownBP/Blueprints/Parasite.uasset.
[2018.09.26-00.29.56:418][366]LogLinker: Warning: Can't find file '/Game/TopDownBP/Blueprints/Assets/Enemies/Parasite/ParasiteAnim_BP'
[2018.09.26-00.29.56:418][366]LogLinker: Warning: Can't find file for asset '/Game/TopDownBP/Blueprints/Assets/Enemies/Parasite/ParasiteAnim_BP' while loading ../../../../UnrealProjects/A.S.H/ASH_Game/Content/TopDownBP/Blueprints/Parasite.uasset.
[2018.09.26-00.29.56:419][366]LogLinker: Warning: Can't find file '/Game/TopDownBP/Blueprints/Assets/Enemies/Parasite/parasite-TPose'
[2018.09.26-00.29.56:420][366]LogLinker: Warning: Can't find file for asset '/Game/TopDownBP/Blueprints/Assets/Enemies/Parasite/parasite-TPose' while loading ../../../../UnrealProjects/A.S.H/ASH_Game/Content/TopDownBP/Blueprints/Parasite.uasset.
[2018.09.26-00.29.57:825][366]LogLoad: Game class is 'TopDownGameMode_C'
[2018.09.26-00.29.57:850][366]LogWorld: Bringing World /Game/MapGenerator_Mike/UEDPIE_0_MapGenerator.MapGenerator up for play (max tick rate 60) at 2018.09.25-20.29.57
[2018.09.26-00.29.57:850][366]LogWorld: Bringing up level for play took: 0.001082
[2018.09.26-00.29.57:920][366]LogContentBrowser: Native class hierarchy updated for 'MovieSceneCapture' in 0.0006 seconds. Added 10 classes and 0 folders.
[2018.09.26-00.29.57:944][366]LogBlueprintUserMessages: [MapGenerator_BP_4] CLONING BAY
[2018.09.26-00.29.58:515][366]LogScript: Warning: Runaway loop detected (over 1,000,000 iterations) - see log for stack trace
	MapGenerator_BP_C /Game/MapGenerator_Mike/UEDPIE_0_MapGenerator.MapGenerator:PersistentLevel.MapGenerator_BP_4
	Function /Game/MapGenerator_Mike/MapGenerator_BP.MapGenerator_BP_C:ExecuteUbergraph_MapGenerator_BP:294E
[2018.09.26-00.29.58:516][366]PIE: Error: Infinite loop detected. Blueprint:  MapGenerator_BP Function:  Branch Call Stack:  Show
[2018.09.26-00.29.58:519][366]PIE: Play in editor start time for /Game/MapGenerator_Mike/UEDPIE_0_MapGenerator 3.46
[2018.09.26-00.29.58:532][366]LogBlueprintUserMessages: Late PlayInEditor Detection: Level '/Game/MapGenerator_Mike/MapGenerator.MapGenerator:PersistentLevel' has LevelScriptBlueprint '/Game/MapGenerator_Mike/MapGenerator.MapGenerator:PersistentLevel.MapGenerator' with GeneratedClass '/Game/MapGenerator_Mike/MapGenerator.MapGenerator_C' with ClassGeneratedBy '/Game/MapGenerator_Mike/MapGenerator.MapGenerator:PersistentLevel.MapGenerator'
[2018.09.26-00.29.58:584][366]LogBlueprintUserMessages: Early EndPlayMap Detection: Level '/Game/MapGenerator_Mike/MapGenerator.MapGenerator:PersistentLevel' has LevelScriptBlueprint '/Game/MapGenerator_Mike/MapGenerator.MapGenerator:PersistentLevel.MapGenerator' with GeneratedClass '/Game/MapGenerator_Mike/MapGenerator.MapGenerator_C' with ClassGeneratedBy '/Game/MapGenerator_Mike/MapGenerator.MapGenerator:PersistentLevel.MapGenerator'
[2018.09.26-00.29.58:584][366]LogSlate: Updating window title bar state: overlay mode, drag disabled, window buttons hidden, title bar hidden
[2018.09.26-00.29.58:600][366]LogSlate: Window 'ASH_Game Game Preview Standalone (64-bit/PCD3D_SM5)' being destroyed
[2018.09.26-00.29.58:636][366]LogPlayLevel: Display: Shutting down PIE online subsystems
[2018.09.26-00.29.58:636][366]LogBlueprintUserMessages: Late EndPlayMap Detection: Level '/Game/MapGenerator_Mike/MapGenerator.MapGenerator:PersistentLevel' has LevelScriptBlueprint '/Game/MapGenerator_Mike/MapGenerator.MapGenerator:PersistentLevel.MapGenerator' with GeneratedClass '/Game/MapGenerator_Mike/MapGenerator.MapGenerator_C' with ClassGeneratedBy '/Game/MapGenerator_Mike/MapGenerator.MapGenerator:PersistentLevel.MapGenerator'
[2018.09.26-00.29.58:716][367]LogPlayLevel: Display: Destroying online subsystem :Context_1
[2018.09.26-00.30.09:484][988]LogSlate: Took 0.029037 seconds to synchronously load lazily loaded font '../../../Engine/Content/Slate/Fonts/Roboto-Light.ttf' (167K)
[2018.09.26-00.30.09:536][988]LogAIModule: Creating AISystem for world MainMenuTest
[2018.09.26-00.30.09:540][988]LogAssetEditorManager: Opening Asset editor for World /Game/UI-Rick/MainMenuTest.MainMenuTest
[2018.09.26-00.30.09:596][988]Cmd: MAP LOAD FILE="../../../../UnrealProjects/A.S.H/ASH_Game/Content/UI-Rick/MainMenuTest.umap" TEMPLATE=0 SHOWPROGRESS=1 FEATURELEVEL=3
[2018.09.26-00.30.09:596][988]LightingResults: New page: Lighting Build
[2018.09.26-00.30.09:596][988]LoadErrors: New page: Loading map: MainMenuTest.umap
[2018.09.26-00.30.09:597][988]MapCheck: New page: Map Check
[2018.09.26-00.30.09:597][988]LightingResults: New page: Lighting Build
[2018.09.26-00.30.09:633][988]LogEditorServer: Finished looking for orphan Actors (0.000 secs)
[2018.09.26-00.30.09:704][988]Cmd: MAP CHECKDEP NOCLEARLOG
[2018.09.26-00.30.09:757][988]MapCheck: Map check complete: 0 Error(s), 0 Warning(s), took 52.028ms to complete.
[2018.09.26-00.30.09:758][988]LogFileHelpers: Loading map 'MainMenuTest' took 0.163
[2018.09.26-00.30.20:426][452]LogSlate: Only BGRA pngs, bmps or icos are supported in by External Image Picker
[2018.09.26-00.30.20:558][453]LogTemp: Executing iPhonePackager certificates Engine -bundlename com.YourCompany.ASHGame
[2018.09.26-00.30.20:558][453]LogTemp: CWD: D:\UE_4.20\Engine\Binaries\DotNET\IOS
[2018.09.26-00.30.20:558][453]LogTemp: Initial Dir: D:\UE_4.20
[2018.09.26-00.30.20:558][453]LogTemp: Env CWD: D:\UE_4.20\Engine\Binaries\DotNET\IOS
[2018.09.26-00.30.20:558][453]LogTemp: BranchPath = DESKTOP-EQNU1S5/D/UE_4.20/Engine/Binaries --- GameBranchPath = DESKTOP-EQNU1S5/D/UE_4.20/Engine/Binaries
[2018.09.26-00.30.20:558][453]LogTemp: IPP ERROR: Could not find provision directory 'C:\Users\XENO\AppData\Local/Apple Computer/MobileDevice/Provisioning Profiles/'.
[2018.09.26-00.30.38:524][502]Cmd: OBJ SAVEPACKAGE PACKAGE="/Game/UI-Rick/MainMenuTest" FILE="../../../../UnrealProjects/A.S.H/ASH_Game/Content/UI-Rick/MainMenuTest.umap" SILENT=true AUTOSAVING=false KEEPDIRTY=false
[2018.09.26-00.30.38:934][502]LogSavePackage: Moving '../../../../UnrealProjects/A.S.H/ASH_Game/Saved/MainMenuTest5C7AB2B742C7D28785FA529BEC986945.tmp' to '../../../../UnrealProjects/A.S.H/ASH_Game/Content/UI-Rick/MainMenuTest.umap'
[2018.09.26-00.30.39:575][536]LogTemp: Repeating last play command: New Editor Window (PIE)
[2018.09.26-00.30.39:594][536]LogBlueprintUserMessages: Early PlayInEditor Detection: Level '/Game/UI-Rick/MainMenuTest.MainMenuTest:PersistentLevel' has LevelScriptBlueprint '/Game/UI-Rick/MainMenuTest.MainMenuTest:PersistentLevel.MainMenuTest' with GeneratedClass '/Game/UI-Rick/MainMenuTest.MainMenuTest_C' with ClassGeneratedBy '/Game/UI-Rick/MainMenuTest.MainMenuTest:PersistentLevel.MainMenuTest'
[2018.09.26-00.30.39:594][536]LogPlayLevel: PlayLevel: No blueprints needed recompiling
[2018.09.26-00.30.39:594][536]PIE: New page: PIE session: MainMenuTest (Sep 25, 2018, 4:30:39 PM)
[2018.09.26-00.30.39:594][536]LogPlayLevel: Creating play world package: /Game/UI-Rick/UEDPIE_0_MainMenuTest
[2018.09.26-00.30.39:595][536]LogPlayLevel: PIE: StaticDuplicateObject took: (0.001150s)
[2018.09.26-00.30.39:595][536]LogAIModule: Creating AISystem for world MainMenuTest
[2018.09.26-00.30.39:596][536]LogPlayLevel: PIE: World Init took: (0.000622s)
[2018.09.26-00.30.39:596][536]LogPlayLevel: PIE: Created PIE world by copying editor world from /Game/UI-Rick/MainMenuTest.MainMenuTest to /Game/UI-Rick/UEDPIE_0_MainMenuTest.MainMenuTest (0.001894s)
[2018.09.26-00.30.39:623][536]LogInit: XAudio2 using 'Speakers/Headphones (Realtek(R) Audio)' : 6 channels at 48 kHz using 32 bits per sample (channel mask 0x3f)
[2018.09.26-00.30.39:674][536]LogInit: FAudioDevice initialized.
[2018.09.26-00.30.39:684][536]LogSlate: Updating window title bar state: overlay mode, drag disabled, window buttons hidden, title bar hidden
[2018.09.26-00.30.39:721][536]LogLoad: Game class is 'TopDownGameMode_C'
[2018.09.26-00.30.39:722][536]LogWorld: Bringing World /Game/UI-Rick/UEDPIE_0_MainMenuTest.MainMenuTest up for play (max tick rate 60) at 2018.09.25-20.30.39
[2018.09.26-00.30.39:722][536]LogWorld: Bringing up level for play took: 0.000374
[2018.09.26-00.30.39:770][536]PIE: Play in editor start time for /Game/UI-Rick/UEDPIE_0_MainMenuTest 0.712
[2018.09.26-00.30.39:770][536]LogBlueprintUserMessages: Late PlayInEditor Detection: Level '/Game/UI-Rick/MainMenuTest.MainMenuTest:PersistentLevel' has LevelScriptBlueprint '/Game/UI-Rick/MainMenuTest.MainMenuTest:PersistentLevel.MainMenuTest' with GeneratedClass '/Game/UI-Rick/MainMenuTest.MainMenuTest_C' with ClassGeneratedBy '/Game/UI-Rick/MainMenuTest.MainMenuTest:PersistentLevel.MainMenuTest'
[2018.09.26-00.30.41:996][661]LogBlueprintUserMessages: [LevelSelectWB_C_0] Hello
[2018.09.26-00.30.42:005][661]LogNet: Browse: /Game/MapGenerator_Mike/MapGenerator
[2018.09.26-00.30.42:006][661]LogLoad: LoadMap: /Game/MapGenerator_Mike/MapGenerator
[2018.09.26-00.30.43:014][661]LogAIModule: Creating AISystem for world MapGenerator
[2018.09.26-00.30.43:015][661]LogLoad: Game class is 'TopDownGameMode_C'
[2018.09.26-00.30.43:019][661]LogWorld: Bringing World /Game/MapGenerator_Mike/UEDPIE_0_MapGenerator.MapGenerator up for play (max tick rate 60) at 2018.09.25-20.30.43
[2018.09.26-00.30.43:019][661]LogWorld: Bringing up level for play took: 0.002290
[2018.09.26-00.30.43:019][661]LogGameMode: FindPlayerStart: PATHS NOT DEFINED or NO PLAYERSTART with positive rating
[2018.09.26-00.30.43:021][661]LogBlueprintUserMessages: [MapGenerator_BP_4] ENGINE ROOM
[2018.09.26-00.30.43:021][661]LogBlueprintUserMessages: [MapGenerator_BP_4] CLONING BAY
[2018.09.26-00.30.43:021][661]LogBlueprintUserMessages: [MapGenerator_BP_4] LIFESUPPORT
[2018.09.26-00.30.43:583][661]LogScript: Warning: Runaway loop detected (over 1,000,000 iterations) - see log for stack trace
	MapGenerator_BP_C /Game/MapGenerator_Mike/UEDPIE_0_MapGenerator.MapGenerator:PersistentLevel.MapGenerator_BP_4
	Function /Game/MapGenerator_Mike/MapGenerator_BP.MapGenerator_BP_C:ExecuteUbergraph_MapGenerator_BP:27A5
[2018.09.26-00.30.43:583][661]PIE: Error: Infinite loop detected. Blueprint:  MapGenerator_BP Function:  Set CloningBayRoomBranch Call Stack:  Show
[2018.09.26-00.30.43:616][661]LogLoad: Took 1.611126 seconds to LoadMap(/Game/MapGenerator_Mike/MapGenerator)
[2018.09.26-00.30.43:629][661]LogBlueprintUserMessages: Early EndPlayMap Detection: Level '/Game/UI-Rick/MainMenuTest.MainMenuTest:PersistentLevel' has LevelScriptBlueprint '/Game/UI-Rick/MainMenuTest.MainMenuTest:PersistentLevel.MainMenuTest' with GeneratedClass '/Game/UI-Rick/MainMenuTest.MainMenuTest_C' with ClassGeneratedBy '/Game/UI-Rick/MainMenuTest.MainMenuTest:PersistentLevel.MainMenuTest'
[2018.09.26-00.30.43:630][661]LogSlate: Updating window title bar state: overlay mode, drag disabled, window buttons hidden, title bar hidden
[2018.09.26-00.30.43:659][661]LogSlate: Window 'ASH_Game Game Preview Standalone (64-bit/PCD3D_SM5)' being destroyed
[2018.09.26-00.30.43:700][661]LogPlayLevel: Display: Shutting down PIE online subsystems
[2018.09.26-00.30.43:700][661]LogBlueprintUserMessages: Late EndPlayMap Detection: Level '/Game/UI-Rick/MainMenuTest.MainMenuTest:PersistentLevel' has LevelScriptBlueprint '/Game/UI-Rick/MainMenuTest.MainMenuTest:PersistentLevel.MainMenuTest' with GeneratedClass '/Game/UI-Rick/MainMenuTest.MainMenuTest_C' with ClassGeneratedBy '/Game/UI-Rick/MainMenuTest.MainMenuTest:PersistentLevel.MainMenuTest'
[2018.09.26-00.30.43:751][662]LogPlayLevel: Display: Destroying online subsystem :Context_3
[2018.09.26-00.30.47:171][860]LogAssetEditorManager: Opening Asset editor for Blueprint /Game/MapGenerator_Mike/MapGenerator_BP.MapGenerator_BP
[2018.09.26-00.30.48:300][860]LogContentBrowser: Native class hierarchy updated for 'BlueprintGraph' in 0.0010 seconds. Added 116 classes and 0 folders.
[2018.09.26-00.30.49:813][860]LogSlate: Took 0.013666 seconds to synchronously load lazily loaded font '../../../Engine/Content/Slate/Fonts/Roboto-BoldCondensed.ttf' (158K)
[2018.09.26-00.30.51:200][861]LogSlate: Took 0.007466 seconds to synchronously load lazily loaded font '../../../Engine/Content/Slate/Fonts/Roboto-Italic.ttf' (157K)
[2018.09.26-00.30.51:287][864]LogHttp: Warning: 000002CF8AE1F9C0: request failed, libcurl error: 6 (Couldn't resolve host name)
[2018.09.26-00.30.51:287][864]LogHttp: Warning: 000002CF8AE1F9C0: libcurl info message cache 0 (Could not resolve host: datarouter.ol.epicgames.com)
[2018.09.26-00.30.51:287][864]LogHttp: Warning: 000002CF8AE1F9C0: libcurl info message cache 1 (Closing connection 0)
[2018.09.26-00.32.51:336][854]LogHttp: Warning: 000002CF94DDB740: request failed, libcurl error: 6 (Couldn't resolve host name)
[2018.09.26-00.32.51:336][854]LogHttp: Warning: 000002CF94DDB740: libcurl info message cache 0 (Could not resolve host: datarouter.ol.epicgames.com)
[2018.09.26-00.32.51:336][854]LogHttp: Warning: 000002CF94DDB740: libcurl info message cache 1 (Closing connection 1)
[2018.09.26-00.34.51:374][786]LogHttp: Warning: 000002CF7A95A840: request failed, libcurl error: 6 (Couldn't resolve host name)
[2018.09.26-00.34.51:374][786]LogHttp: Warning: 000002CF7A95A840: libcurl info message cache 0 (Could not resolve host: datarouter.ol.epicgames.com)
[2018.09.26-00.34.51:374][786]LogHttp: Warning: 000002CF7A95A840: libcurl info message cache 1 (Closing connection 2)
[2018.09.26-00.36.51:414][590]LogHttp: Warning: 000002CF8AD0A340: request failed, libcurl error: 6 (Couldn't resolve host name)
[2018.09.26-00.36.51:414][590]LogHttp: Warning: 000002CF8AD0A340: libcurl info message cache 0 (Could not resolve host: datarouter.ol.epicgames.com)
[2018.09.26-00.36.51:414][590]LogHttp: Warning: 000002CF8AD0A340: libcurl info message cache 1 (Closing connection 3)
[2018.09.26-00.37.29:464][684]BlueprintLog: New page: Compile MapGenerator_BP
[2018.09.26-00.37.29:894][684]Cmd: OBJ SAVEPACKAGE PACKAGE="/Game/MapGenerator_Mike/MapGenerator_BP" FILE="../../../../UnrealProjects/A.S.H/ASH_Game/Content/MapGenerator_Mike/MapGenerator_BP.uasset" SILENT=true
[2018.09.26-00.37.30:160][684]LogSavePackage: Moving '../../../../UnrealProjects/A.S.H/ASH_Game/Saved/MapGenerator_BPD3C146514B53AECD7DF849975FA1C8C2.tmp' to '../../../../UnrealProjects/A.S.H/ASH_Game/Content/MapGenerator_Mike/MapGenerator_BP.uasset'
[2018.09.26-00.38.51:453][328]LogHttp: Warning: 000002CF7C3002C0: request failed, libcurl error: 6 (Couldn't resolve host name)
[2018.09.26-00.38.51:453][328]LogHttp: Warning: 000002CF7C3002C0: libcurl info message cache 0 (Could not resolve host: datarouter.ol.epicgames.com)
[2018.09.26-00.38.51:453][328]LogHttp: Warning: 000002CF7C3002C0: libcurl info message cache 1 (Closing connection 4)
[2018.09.26-00.40.49:987][676]LogWindows: Error: === Critical error: ===
[2018.09.26-00.40.49:987][676]LogWindows: Error: 
[2018.09.26-00.40.49:987][676]LogWindows: Error: Fatal error!
[2018.09.26-00.40.49:987][676]LogWindows: Error: 
[2018.09.26-00.40.49:987][676]LogWindows: Error: Unhandled Exception: EXCEPTION_ACCESS_VIOLATION reading address 0xffffffff
[2018.09.26-00.40.49:987][676]LogWindows: Error: 
[2018.09.26-00.40.49:987][676]LogWindows: Error: [Callstack] 0x00007ff9daeb37a3 NahimicOSD.dll!UnknownFunction []
[2018.09.26-00.40.49:987][676]LogWindows: Error: [Callstack] 0x00007ff9cd7ecdcc UE4Editor-ApplicationCore.dll!UnknownFunction []
[2018.09.26-00.40.49:987][676]LogWindows: Error: [Callstack] 0x00007ff9be7dc05b UE4Editor-Slate.dll!UnknownFunction []
[2018.09.26-00.40.49:987][676]LogWindows: Error: [Callstack] 0x00007ff9be7e34d6 UE4Editor-Slate.dll!UnknownFunction []
[2018.09.26-00.40.49:987][676]LogWindows: Error: [Callstack] 0x00007ff9be7b8190 UE4Editor-Slate.dll!UnknownFunction []
[2018.09.26-00.40.49:987][676]LogWindows: Error: [Callstack] 0x00007ff9be7ab073 UE4Editor-Slate.dll!UnknownFunction []
[2018.09.26-00.40.49:987][676]LogWindows: Error: [Callstack] 0x00007ff9cd7fd007 UE4Editor-ApplicationCore.dll!UnknownFunction []
[2018.09.26-00.40.49:987][676]LogWindows: Error: [Callstack] 0x00007ff9cd7f0270 UE4Editor-ApplicationCore.dll!UnknownFunction []
[2018.09.26-00.40.49:987][676]LogWindows: Error: [Callstack] 0x00007ff9cd7ff4c5 UE4Editor-ApplicationCore.dll!UnknownFunction []
[2018.09.26-00.40.49:987][676]LogWindows: Error: [Callstack] 0x00007ff9cd7ec209 UE4Editor-ApplicationCore.dll!UnknownFunction []
[2018.09.26-00.40.49:987][676]LogWindows: Error: [Callstack] 0x00007ff9ef1c6cc1 USER32.dll!UnknownFunction []
[2018.09.26-00.40.49:987][676]LogWindows: Error: [Callstack] 0x00007ff9ef1c6693 USER32.dll!UnknownFunction []
[2018.09.26-00.40.49:987][676]LogWindows: Error: [Callstack] 0x00007ff9cd800646 UE4Editor-ApplicationCore.dll!UnknownFunction []
[2018.09.26-00.40.49:987][676]LogWindows: Error: [Callstack] 0x00007ff66c4c54e5 UE4Editor.exe!UnknownFunction []
[2018.09.26-00.40.49:987][676]LogWindows: Error: [Callstack] 0x00007ff66c4d5b3c UE4Editor.exe!UnknownFunction []
[2018.09.26-00.40.49:987][676]LogWindows: Error: [Callstack] 0x00007ff66c4d5bba UE4Editor.exe!UnknownFunction []
[2018.09.26-00.40.49:988][676]LogWindows: Error: [Callstack] 0x00007ff66c4e3dac UE4Editor.exe!UnknownFunction []
[2018.09.26-00.40.49:988][676]LogWindows: Error: [Callstack] 0x00007ff66c4e5aaa UE4Editor.exe!UnknownFunction []
[2018.09.26-00.40.49:988][676]LogWindows: Error: [Callstack] 0x00007ff9f1bb3034 KERNEL32.DLL!UnknownFunction []
[2018.09.26-00.40.49:988][676]LogWindows: Error: [Callstack] 0x00007ff9f1d91461 ntdll.dll!UnknownFunction []
[2018.09.26-00.40.49:988][676]LogWindows: Error: 
[2018.09.26-00.40.50:003][676]LogExit: Executing StaticShutdownAfterError
[2018.09.26-00.40.50:017][676]LogWindows: FPlatformMisc::RequestExit(1)
[2018.09.26-00.40.50:025][676]Log file closed, 09/25/18 20:40:50
