Log file open, 09/20/18 07:43:08
LogWindows: Failed to load 'aqProf.dll' (GetLastError=126)
LogWindows: File 'aqProf.dll' does not exist
LogWindows: Failed to load 'VSPerf140.dll' (GetLastError=126)
LogWindows: File 'VSPerf140.dll' does not exist
LogWindows: Failed to load 'VtuneApi.dll' (GetLastError=126)
LogWindows: File 'VtuneApi.dll' does not exist
LogWindows: Failed to load 'VtuneApi32e.dll' (GetLastError=126)
LogWindows: File 'VtuneApi32e.dll' does not exist
LogInit: Display: Running engine for game: ASH_Game
LogPlatformFile: Not using cached read wrapper
LogTaskGraph: Started task graph with 5 named threads and 35 total threads with 3 sets of task threads.
LogStats: Stats thread started at 0.400181
LogD3D11RHI: Loaded GFSDK_Aftermath_Lib.x64.dll
LogICUInternationalization: Display: ICU TimeZone Detection - Raw Offset: -5:00, Platform Override: ''
LogPluginManager: Mounting plugin Paper2D
LogPluginManager: Mounting plugin AISupport
LogPluginManager: Mounting plugin LightPropagationVolume
LogPluginManager: Mounting plugin CLionSourceCodeAccess
LogPluginManager: Mounting plugin CodeLiteSourceCodeAccess
LogPluginManager: Mounting plugin GitSourceControl
LogPluginManager: Mounting plugin KDevelopSourceCodeAccess
LogPluginManager: Mounting plugin NullSourceCodeAccess
LogPluginManager: Mounting plugin PerforceSourceControl
LogPluginManager: Mounting plugin SubversionSourceControl
LogPluginManager: Mounting plugin UObjectPlugin
LogPluginManager: Mounting plugin VisualStudioCodeSourceCodeAccess
LogPluginManager: Mounting plugin VisualStudioSourceCodeAccess
LogPluginManager: Mounting plugin XCodeSourceCodeAccess
LogPluginManager: Mounting plugin AssetManagerEditor
LogPluginManager: Mounting plugin CryptoKeys
LogPluginManager: Mounting plugin DataValidation
LogPluginManager: Mounting plugin FacialAnimation
LogPluginManager: Mounting plugin GameplayTagsEditor
LogPluginManager: Mounting plugin MacGraphicsSwitching
LogPluginManager: Mounting plugin MeshEditor
LogPluginManager: Mounting plugin MobileLauncherProfileWizard
LogPluginManager: Mounting plugin PluginBrowser
LogPluginManager: Mounting plugin SpeedTreeImporter
LogPluginManager: Mounting plugin DatasmithContent
LogPluginManager: Mounting plugin AlembicImporter
LogPluginManager: Mounting plugin AppleImageUtils
LogPluginManager: Mounting plugin AppleVision
LogPluginManager: Mounting plugin BackChannel
LogPluginManager: Mounting plugin CharacterAI
LogPluginManager: Mounting plugin GeometryCache
LogPluginManager: Mounting plugin HTML5Networking
LogPluginManager: Mounting plugin ProxyLODPlugin
LogPluginManager: Mounting plugin MagicLeap
LogPluginManager: Mounting plugin MagicLeapEmulator
LogPluginManager: Mounting plugin MagicLeapMedia
LogPluginManager: Mounting plugin AndroidMedia
LogPluginManager: Mounting plugin AvfMedia
LogPluginManager: Mounting plugin ImgMedia
LogPluginManager: Mounting plugin LinearTimecode
LogPluginManager: Mounting plugin MediaCompositing
LogPluginManager: Mounting plugin MediaPlayerEditor
LogPluginManager: Mounting plugin WmfMedia
LogPluginManager: Mounting plugin TcpMessaging
LogPluginManager: Mounting plugin UdpMessaging
LogPluginManager: Mounting plugin ActorSequence
LogPluginManager: Mounting plugin LevelSequenceEditor
LogPluginManager: Mounting plugin MatineeToLevelSequence
LogPluginManager: Mounting plugin NetcodeUnitTest
LogPluginManager: Mounting plugin NUTUnrealEngine4
LogPluginManager: Mounting plugin OnlineSubsystemGooglePlay
LogPluginManager: Mounting plugin OnlineSubsystemIOS
LogPluginManager: Mounting plugin OnlineSubsystem
LogPluginManager: Mounting plugin OnlineSubsystemNull
LogPluginManager: Mounting plugin OnlineSubsystemUtils
LogPluginManager: Mounting plugin LauncherChunkInstaller
LogPluginManager: Mounting plugin AndroidDeviceProfileSelector
LogPluginManager: Mounting plugin AndroidMoviePlayer
LogPluginManager: Mounting plugin AndroidPermission
LogPluginManager: Mounting plugin AppleMoviePlayer
LogPluginManager: Mounting plugin ArchVisCharacter
LogPluginManager: Mounting plugin AudioCapture
LogPluginManager: Mounting plugin CableComponent
LogPluginManager: Mounting plugin CustomMeshComponent
LogPluginManager: Mounting plugin EditableMesh
LogPluginManager: Mounting plugin ExampleDeviceProfileSelector
LogPluginManager: Mounting plugin GoogleCloudMessaging
LogPluginManager: Mounting plugin ImmediatePhysics
LogPluginManager: Mounting plugin IOSDeviceProfileSelector
LogPluginManager: Mounting plugin LinuxDeviceProfileSelector
LogPluginManager: Mounting plugin LocationServicesBPLibrary
LogPluginManager: Mounting plugin MobilePatchingUtils
LogPluginManager: Mounting plugin OculusVR
LogPluginManager: Plugin shader directory ../../../Engine/Plugins/Runtime/Oculus/OculusVR/Shaders found
LogPluginManager: Mapping shader source directory ../../../Engine/Plugins/Runtime/Oculus/OculusVR/Shaders to virtual directory /Plugin/OculusVR
LogPluginManager: Mounting plugin PhysXVehicles
LogPluginManager: Mounting plugin ProceduralMeshComponent
LogPluginManager: Mounting plugin RuntimePhysXCooking
LogPluginManager: Mounting plugin SteamVR
LogPluginManager: Mounting plugin WindowsMoviePlayer
LogStreaming: Display: Took  0.050s to configure plugins.
LogInit: Using libcurl 7.55.1-DEV
LogInit:  - built for x86_64-pc-win32
LogInit:  - supports SSL with OpenSSL/1.0.2h
LogInit:  - supports HTTP deflate (compression) using libz 1.2.8
LogInit:  - other features:
LogInit:      CURL_VERSION_SSL
LogInit:      CURL_VERSION_LIBZ
LogInit:      CURL_VERSION_IPV6
LogInit:      CURL_VERSION_ASYNCHDNS
LogInit:      CURL_VERSION_LARGEFILE
LogInit:      CURL_VERSION_IDN
LogInit:  CurlRequestOptions (configurable via config and command line):
LogInit:  - bVerifyPeer = false  - Libcurl will NOT verify peer certificate
LogInit:  - bUseHttpProxy = false  - Libcurl will NOT use HTTP proxy
LogInit:  - bDontReuseConnections = false  - Libcurl will reuse connections
LogInit:  - CertBundlePath = nullptr  - Libcurl will use whatever was configured at build time.
LogInit:  - MaxHostConnections = 16  - Libcurl will limit the number of connections to a host
LogInit:  - LocalHostAddr = Default
LogInit:  - BufferSize = 65536
LogInit: WinSock: version 1.1 (2.2), MaxSocks=32767, MaxUdp=65467
LogInit: Build: ++UE4+Release-4.20-CL-4302132
LogInit: Engine Version: 4.20.2-4302132+++UE4+Release-4.20
LogInit: Compatible Engine Version: 4.20.0-4212847+++UE4+Release-4.20
LogInit: Net CL: 4212847
LogInit: OS: Windows 10 (), CPU: Intel(R) Core(TM) i7-8750H CPU @ 2.20GHz, GPU: NVIDIA GeForce GTX 1060
LogInit: Compiled (64-bit): Aug 21 2018 02:06:06
LogInit: Compiled with Visual C++: 19.13.26129.00
LogInit: Build Configuration: Development
LogInit: Branch Name: ++UE4+Release-4.20
LogInit: Command Line:  
LogInit: Base Directory: D:/UE_4.20/Engine/Binaries/Win64/
LogInit: Installed Engine Build: 1
LogDevObjectVersion: Number of dev versions registered: 20
LogDevObjectVersion:   Dev-Blueprints (B0D832E4-1F89-4F0D-ACCF-7EB736FD4AA2): 10
LogDevObjectVersion:   Dev-Build (E1C64328-A22C-4D53-A36C-8E866417BD8C): 0
LogDevObjectVersion:   Dev-Core (375EC13C-06E4-48FB-B500-84F0262A717E): 2
LogDevObjectVersion:   Dev-Editor (E4B068ED-F494-42E9-A231-DA0B2E46BB41): 24
LogDevObjectVersion:   Dev-Framework (CFFC743F-43B0-4480-9391-14DF171D2073): 34
LogDevObjectVersion:   Dev-Mobile (B02B49B5-BB20-44E9-A304-32B752E40360): 2
LogDevObjectVersion:   Dev-Networking (A4E4105C-59A1-49B5-A7C5-40C4547EDFEE): 0
LogDevObjectVersion:   Dev-Online (39C831C9-5AE6-47DC-9A44-9C173E1C8E7C): 0
LogDevObjectVersion:   Dev-Physics (78F01B33-EBEA-4F98-B9B4-84EACCB95AA2): 0
LogDevObjectVersion:   Dev-Platform (6631380F-2D4D-43E0-8009-CF276956A95A): 0
LogDevObjectVersion:   Dev-Rendering (12F88B9F-8875-4AFC-A67C-D90C383ABD29): 26
LogDevObjectVersion:   Dev-Sequencer (7B5AE74C-D270-4C10-A958-57980B212A5A): 9
LogDevObjectVersion:   Dev-VR (D7296918-1DD6-4BDD-9DE2-64A83CC13884): 2
LogDevObjectVersion:   Dev-LoadTimes (C2A15278-BFE7-4AFE-6C17-90FF531DF755): 1
LogDevObjectVersion:   Private-Geometry (6EACA3D4-40EC-4CC1-B786-8BED09428FC5): 3
LogDevObjectVersion:   Dev-AnimPhys (29E575DD-E0A3-4627-9D10-D276232CDCEA): 17
LogDevObjectVersion:   Dev-ReflectionCapture (6B266CEC-1EC7-4B8F-A30B-E4D90942FC07): 1
LogDevObjectVersion:   Dev-Automation (0DF73D61-A23F-47EA-B727-89E90C41499A): 1
LogDevObjectVersion:   FortniteMain (601D1886-AC64-4F84-AA16-D3DE0DEAC7D6): 12
LogDevObjectVersion:   Dev-Enterprise (9DFFBCD6-494F-0158-E221-12823C92A888): 1
LogStreaming: Display: Took  0.001s to delete old logs.
LogInit: Presizing for max 8388607 objects, including 0 objects not considered by GC, pre-allocating 0 bytes for permanent pool.
LogInit: Object subsystem initialized
[2018.09.20-11.43.08:692][  0]LogInit: Selected Device Profile: [Windows]
[2018.09.20-11.43.08:692][  0]LogInit: Applying CVar settings loaded from the selected device profile: [Windows]
[2018.09.20-11.43.08:698][  0]LogHAL: Display: Platform has ~ 16 GB [17028878336 / 17179869184 / 16], which maps to Larger [LargestMinGB=32, LargerMinGB=12, DefaultMinGB=8, SmallerMinGB=6, SmallestMinGB=0)
[2018.09.20-11.43.08:698][  0]LogInit: Setting Device Profile CVar: [[r.Vulkan.UseRealUBs:1]]
[2018.09.20-11.43.08:698][  0]LogInit: Going up to parent DeviceProfile []
[2018.09.20-11.43.08:698][  0]LogInit: Computer: DESKTOP-EQNU1S5
[2018.09.20-11.43.08:698][  0]LogInit: User: XENO
[2018.09.20-11.43.08:698][  0]LogInit: CPU Page size=4096, Cores=6
[2018.09.20-11.43.08:698][  0]LogInit: High frequency timer resolution =2.156251 MHz
[2018.09.20-11.43.08:698][  0]LogMemory: Memory total: Physical=15.9GB (16GB approx)
[2018.09.20-11.43.08:698][  0]LogMemory: Platform Memory Stats for Windows
[2018.09.20-11.43.08:698][  0]LogMemory: Process Physical Memory: 101.63 MB used, 101.63 MB peak
[2018.09.20-11.43.08:698][  0]LogMemory: Process Virtual Memory: 86.29 MB used, 86.29 MB peak
[2018.09.20-11.43.08:698][  0]LogMemory: Physical Memory: 3890.18 MB used,  12349.83 MB free, 16240.00 MB total
[2018.09.20-11.43.08:698][  0]LogMemory: Virtual Memory: 4657.24 MB used,  12349.83 MB free, 134217728.00 MB total
[2018.09.20-11.43.08:948][  0]LogInit: Using OS detected language (en-US).
[2018.09.20-11.43.08:948][  0]LogInit: Using OS detected locale (en-CA).
[2018.09.20-11.43.08:948][  0]LogTextLocalizationManager: No specific localization for 'en-US' exists, so the 'en' localization will be used.
[2018.09.20-11.43.09:237][  0]LogStreaming: Display: Took  0.289s to InitEngineTextLocalization.
[2018.09.20-11.43.09:237][  0]LogInit: Setting process to per monitor DPI aware
[2018.09.20-11.43.09:265][  0]LogSlate: New Slate User Created.  User Index 0, Is Virtual User: 0
[2018.09.20-11.43.09:265][  0]LogSlate: Slate User Registered.  User Index 0, Is Virtual User: 0
[2018.09.20-11.43.09:416][  0]LogHMD: Failed to initialize OpenVR with code 110
[2018.09.20-11.43.09:416][  0]LogD3D11RHI: D3D11 adapters:
[2018.09.20-11.43.09:457][  0]LogD3D11RHI:    0. 'NVIDIA GeForce GTX 1060' (Feature Level 11_0)
[2018.09.20-11.43.09:457][  0]LogD3D11RHI:       6061/0/8120 MB DedicatedVideo/DedicatedSystem/SharedSystem, Outputs:2, VendorId:0x10de
[2018.09.20-11.43.09:468][  0]LogD3D11RHI:    1. 'Intel(R) UHD Graphics 630' (Feature Level 11_0)
[2018.09.20-11.43.09:468][  0]LogD3D11RHI:       128/0/8120 MB DedicatedVideo/DedicatedSystem/SharedSystem, Outputs:0, VendorId:0x8086
[2018.09.20-11.43.09:470][  0]LogD3D11RHI:    2. 'Microsoft Basic Render Driver' (Feature Level 11_0)
[2018.09.20-11.43.09:470][  0]LogD3D11RHI:       0/0/8120 MB DedicatedVideo/DedicatedSystem/SharedSystem, Outputs:0, VendorId:0x1414
[2018.09.20-11.43.09:470][  0]LogD3D11RHI: Chosen D3D11 Adapter: 0
[2018.09.20-11.43.09:475][  0]LogD3D11RHI: Creating new Direct3DDevice
[2018.09.20-11.43.09:475][  0]LogD3D11RHI:     GPU DeviceId: 0x1c60 (for the marketing name, search the web for "GPU Device Id")
[2018.09.20-11.43.09:475][  0]LogWindows: EnumDisplayDevices:
[2018.09.20-11.43.09:475][  0]LogWindows:    0. 'NVIDIA GeForce GTX 1060' (P:1 D:1)
[2018.09.20-11.43.09:475][  0]LogWindows:    1. 'NVIDIA GeForce GTX 1060' (P:0 D:1)
[2018.09.20-11.43.09:476][  0]LogWindows:    2. 'NVIDIA GeForce GTX 1060' (P:0 D:0)
[2018.09.20-11.43.09:476][  0]LogWindows:    3. 'NVIDIA GeForce GTX 1060' (P:0 D:0)
[2018.09.20-11.43.09:476][  0]LogWindows:    4. 'Intel(R) UHD Graphics 630' (P:0 D:0)
[2018.09.20-11.43.09:476][  0]LogWindows:    5. 'Intel(R) UHD Graphics 630' (P:0 D:0)
[2018.09.20-11.43.09:477][  0]LogWindows:    6. 'Intel(R) UHD Graphics 630' (P:0 D:0)
[2018.09.20-11.43.09:477][  0]LogWindows: DebugString: PrimaryIsNotTheChoosenAdapter PrimaryIsNotTheChoosenAdapter PrimaryIsNotTheChoosenAdapter FoundDriverCount:4 
[2018.09.20-11.43.09:477][  0]LogD3D11RHI:     Adapter Name: NVIDIA GeForce GTX 1060
[2018.09.20-11.43.09:477][  0]LogD3D11RHI:   Driver Version: 389.12 (internal:23.21.13.8912, unified:389.12)
[2018.09.20-11.43.09:477][  0]LogD3D11RHI:      Driver Date: 3-7-2018
[2018.09.20-11.43.09:477][  0]LogRHI: Texture pool is 4242 MB (70% of 6061 MB)
[2018.09.20-11.43.09:504][  0]LogD3D11RHI: Async texture creation enabled
[2018.09.20-11.43.09:516][  0]LogD3D11RHI: GPU Timing Frequency: 1000.000000 (Debug: 2 1)
[2018.09.20-11.43.09:564][  0]LogShaderCompilers: Guid format shader working directory is 4 characters bigger than the processId version (../../../../UnrealProjects/A.S.H/ASH_Game/Intermediate/Shaders/WorkingDirectory/1344/).
[2018.09.20-11.43.09:564][  0]LogShaderCompilers: Cleaned the shader compiler working directory 'C:/Users/XENO/AppData/Local/Temp/UnrealShaderWorkingDir/897A75C24F0B0413F1C4A1BA4846BC38/'.
[2018.09.20-11.43.09:784][  0]LogTemp: Display: Loaded TP AllDesktopTargetPlatform
[2018.09.20-11.43.09:795][  0]LogTemp: Display: Loaded TP MacClientTargetPlatform
[2018.09.20-11.43.09:805][  0]LogTemp: Display: Loaded TP MacNoEditorTargetPlatform
[2018.09.20-11.43.09:815][  0]LogTemp: Display: Loaded TP MacServerTargetPlatform
[2018.09.20-11.43.09:825][  0]LogTemp: Display: Loaded TP MacTargetPlatform
[2018.09.20-11.43.09:835][  0]LogTemp: Display: Loaded TP WindowsClientTargetPlatform
[2018.09.20-11.43.09:845][  0]LogTemp: Display: Loaded TP WindowsNoEditorTargetPlatform
[2018.09.20-11.43.09:856][  0]LogTemp: Display: Loaded TP WindowsServerTargetPlatform
[2018.09.20-11.43.09:860][  0]LogTemp: Display: Loaded TP WindowsTargetPlatform
[2018.09.20-11.43.09:923][  0]LogTemp: Display: Loaded TP AndroidTargetPlatform
[2018.09.20-11.43.09:923][  0]LogTemp: Display: Loaded TP AndroidTargetPlatform
[2018.09.20-11.43.09:923][  0]LogTemp: Display: Loaded TP AndroidTargetPlatform
[2018.09.20-11.43.09:923][  0]LogTemp: Display: Loaded TP AndroidTargetPlatform
[2018.09.20-11.43.09:923][  0]LogTemp: Display: Loaded TP AndroidTargetPlatform
[2018.09.20-11.43.09:923][  0]LogTemp: Display: Loaded TP AndroidTargetPlatform
[2018.09.20-11.43.09:923][  0]LogTemp: Display: Loaded TP AndroidTargetPlatform
[2018.09.20-11.43.09:924][  0]LogTemp: Display: Loaded TP AndroidTargetPlatform
[2018.09.20-11.43.09:924][  0]LogTemp: Display: Loaded TP AndroidTargetPlatform
[2018.09.20-11.43.09:924][  0]LogTemp: Display: Loaded TP AndroidTargetPlatform
[2018.09.20-11.43.09:924][  0]LogTemp: Display: Loaded TP AndroidTargetPlatform
[2018.09.20-11.43.09:924][  0]LogTemp: Display: Loaded TP AndroidTargetPlatform
[2018.09.20-11.43.09:924][  0]LogTemp: Display: Loaded TP AndroidTargetPlatform
[2018.09.20-11.43.09:924][  0]LogTemp: Display: Loaded TP AndroidTargetPlatform
[2018.09.20-11.43.09:924][  0]LogTemp: Display: Loaded TP AndroidTargetPlatform
[2018.09.20-11.43.09:924][  0]LogTemp: Display: Loaded TP AndroidTargetPlatform
[2018.09.20-11.43.09:924][  0]LogTemp: Display: Loaded TP AndroidTargetPlatform
[2018.09.20-11.43.09:924][  0]LogTemp: Display: Loaded TP AndroidTargetPlatform
[2018.09.20-11.43.09:924][  0]LogTemp: Display: Loaded TP HTML5TargetPlatform
[2018.09.20-11.43.09:978][  0]LogTemp: Display: Loaded TP IOSTargetPlatform
[2018.09.20-11.43.09:978][  0]LogTemp: Display: Loaded TP IOSTargetPlatform
[2018.09.20-11.43.09:997][  0]LogTemp: Display: Loaded TP TVOSTargetPlatform
[2018.09.20-11.43.09:997][  0]LogTemp: Display: Loaded TP TVOSTargetPlatform
[2018.09.20-11.43.10:006][  0]LogTemp: Display: Loaded TP LinuxClientTargetPlatform
[2018.09.20-11.43.10:016][  0]LogTemp: Display: Loaded TP LinuxNoEditorTargetPlatform
[2018.09.20-11.43.10:026][  0]LogTemp: Display: Loaded TP LinuxServerTargetPlatform
[2018.09.20-11.43.10:036][  0]LogTemp: Display: Loaded TP LinuxTargetPlatform
[2018.09.20-11.43.10:043][  0]LogTemp: Display: Loaded TP LuminTargetPlatform
[2018.09.20-11.43.10:043][  0]LogTargetPlatformManager: Display: Building Assets For Windows
[2018.09.20-11.43.10:078][  0]LogXGEController: Cleaning working directory: C:/Users/XENO/AppData/Local/Temp/UnrealXGEWorkingDir/
[2018.09.20-11.43.10:078][  0]LogXGEController: Cannot use XGE Controller as Incredibuild is not installed on this machine.
[2018.09.20-11.43.10:078][  0]LogShaderCompilers: Cannot use XGE Shader Compiler as Incredibuild is not installed on this machine.
[2018.09.20-11.43.10:078][  0]LogShaderCompilers: Display: Using Local Shader Compiler.
[2018.09.20-11.43.10:663][  0]LogDerivedDataCache: Display: Max Cache Size: 512 MB
[2018.09.20-11.43.10:708][  0]LogDerivedDataCache: Loaded boot cache 0.04s 71MB C:/Users/XENO/AppData/Local/UnrealEngine/4.20/DerivedDataCache/Boot.ddc.
[2018.09.20-11.43.10:709][  0]LogDerivedDataCache: Display: Loaded Boot cache: C:/Users/XENO/AppData/Local/UnrealEngine/4.20/DerivedDataCache/Boot.ddc
[2018.09.20-11.43.10:709][  0]LogDerivedDataCache: FDerivedDataBackendGraph:  Pak pak cache file ../../../../UnrealProjects/A.S.H/ASH_Game/DerivedDataCache/DDC.ddp not found, will not use a pak cache.
[2018.09.20-11.43.10:709][  0]LogDerivedDataCache: Unable to find inner node Pak for hierarchical cache Hierarchy.
[2018.09.20-11.43.10:709][  0]LogDerivedDataCache: FDerivedDataBackendGraph:  CompressedPak pak cache file ../../../../UnrealProjects/A.S.H/ASH_Game/DerivedDataCache/Compressed.ddp not found, will not use a pak cache.
[2018.09.20-11.43.10:709][  0]LogDerivedDataCache: Unable to find inner node CompressedPak for hierarchical cache Hierarchy.
[2018.09.20-11.43.10:720][  0]LogDerivedDataCache: Display: Pak cache opened for reading ../../../Engine/DerivedDataCache/Compressed.ddp.
[2018.09.20-11.43.10:731][  0]LogDerivedDataCache: Using Local data cache path C:/Users/XENO/AppData/Local/UnrealEngine/Common/DerivedDataCache: Writable
[2018.09.20-11.43.10:731][  0]LogDerivedDataCache: Shared data cache path not found in *engine.ini, will not use an Shared cache.
[2018.09.20-11.43.10:731][  0]LogDerivedDataCache: Unable to find inner node Shared for hierarchical cache Hierarchy.
[2018.09.20-11.43.10:746][  0]LogMaterial: Verifying Global Shaders for PCD3D_SM5
[2018.09.20-11.43.10:747][  0]LogSlate: Using FreeType 2.6.0
[2018.09.20-11.43.10:748][  0]LogSlate: SlateFontServices - WITH_FREETYPE: 1, WITH_HARFBUZZ: 1
[2018.09.20-11.43.10:809][  0]LogAssetRegistry: FAssetRegistry took 0.0255 seconds to start up
[2018.09.20-11.43.11:048][  0]LogInit: Selected Device Profile: [Windows]
[2018.09.20-11.43.11:146][  0]LogSimplygon: Simplygon DLL not present - disabling.
[2018.09.20-11.43.11:148][  0]LogMeshReduction: Using SimplygonSwarm for distributed automatic mesh merging
[2018.09.20-11.43.11:148][  0]LogMeshReduction: Using ProxyLODMeshReduction for automatic mesh merging
[2018.09.20-11.43.11:148][  0]LogMeshReduction: Using QuadricMeshReduction for automatic static mesh reduction
[2018.09.20-11.43.11:148][  0]LogMeshReduction: No automatic skeletal mesh reduction module available
[2018.09.20-11.43.11:165][  0]LogNetVersion: ASH_Game 1.0.0, NetCL: 4212847, EngineNetVer: 5, GameNetVer: 0 (Checksum: 1471675654)
[2018.09.20-11.43.11:523][  0]LogPackageLocalizationCache: Processed 11 localized package path(s) for 2 prioritized culture(s) in 0.049056 seconds
[2018.09.20-11.43.11:528][  0]LogUObjectArray: 38425 objects as part of root set at end of initial load.
[2018.09.20-11.43.11:528][  0]LogUObjectAllocator: 6690864 out of 0 bytes used by permanent object pool.
[2018.09.20-11.43.11:528][  0]LogUObjectArray: CloseDisregardForGC: 0/0 objects in disregard for GC pool
[2018.09.20-11.43.12:165][  0]LogTcpMessaging: Initializing TcpMessaging bridge
[2018.09.20-11.43.12:180][  0]LogUdpMessaging: Initializing bridge on interface 0.0.0.0:0 to multicast group 230.0.0.1:6666.
[2018.09.20-11.43.12:309][  0]SourceControl: Source control is disabled
[2018.09.20-11.43.12:309][  0]SourceControl: Source control is disabled
[2018.09.20-11.43.12:310][  0]SourceControl: Source control is disabled
[2018.09.20-11.43.12:310][  0]SourceControl: Source control is disabled
[2018.09.20-11.43.12:529][  0]LogAndroidPermission: UAndroidPermissionCallbackProxy::GetInstance
[2018.09.20-11.43.12:596][  0]LogOcInput: OculusInput pre-init called
[2018.09.20-11.43.12:644][  0]LogEngine: Initializing Engine...
[2018.09.20-11.43.12:644][  0]LogHMD: Failed to initialize OpenVR with code 110
[2018.09.20-11.43.12:646][  0]LogStats: UGameplayTagsManager::ConstructGameplayTagTree: ImportINI prefixes -  0.000 s
[2018.09.20-11.43.12:646][  0]LogStats: UGameplayTagsManager::ConstructGameplayTagTree: Construct from data asset -  0.000 s
[2018.09.20-11.43.12:646][  0]LogStats: UGameplayTagsManager::ConstructGameplayTagTree: ImportINI -  0.000 s
[2018.09.20-11.43.12:646][  0]LogStats: UGameplayTagsManager::ConstructGameplayTagTree: GameplayTagTreeChangedEvent.Broadcast -  0.000 s
[2018.09.20-11.43.12:817][  0]LogInit: Initializing FReadOnlyCVARCache
[2018.09.20-11.43.12:825][  0]LogAIModule: Creating AISystem for world Untitled
[2018.09.20-11.43.12:836][  0]LogInit: XAudio2 using 'Speakers (4- USB Audio Device)' : 2 channels at 48 kHz using 16 bits per sample (channel mask 0x3)
[2018.09.20-11.43.12:856][  0]LogInit: FAudioDevice initialized.
[2018.09.20-11.43.12:856][  0]LogNetVersion: Set ProjectVersion to 1.0.0.0. Version Checksum will be recalculated on next use.
[2018.09.20-11.43.12:933][  0]LogDerivedDataCache: Saved boot cache 0.08s 71MB C:/Users/XENO/AppData/Local/UnrealEngine/4.20/DerivedDataCache/Boot.ddc.
[2018.09.20-11.43.12:941][  0]LogInit: Texture streaming: Enabled
[2018.09.20-11.43.12:951][  0]LogEngineSessionManager: EngineSessionManager initialized
[2018.09.20-11.43.12:958][  0]LogInit: Transaction tracking system initialized
[2018.09.20-11.43.12:970][  0]BlueprintLog: New page: Editor Load
[2018.09.20-11.43.13:011][  0]LocalizationService: Localization service is disabled
[2018.09.20-11.43.13:220][  0]LogCook: Display: Max memory allowance for cook 16384mb min free memory 0mb
[2018.09.20-11.43.13:220][  0]LogCook: Display: Mobile HDR setting 1
[2018.09.20-11.43.13:220][  0]LogGameplayTags: Display: UGameplayTagsManager::DoneAddingNativeTags. DelegateIsBound: 0
[2018.09.20-11.43.13:220][  0]LogStats: UGameplayTagsManager::ConstructGameplayTagTree: ImportINI prefixes -  0.000 s
[2018.09.20-11.43.13:220][  0]LogStats: UGameplayTagsManager::ConstructGameplayTagTree: Construct from data asset -  0.000 s
[2018.09.20-11.43.13:220][  0]LogStats: UGameplayTagsManager::ConstructGameplayTagTree: ImportINI -  0.000 s
[2018.09.20-11.43.13:220][  0]LogStats: UGameplayTagsManager::ConstructGameplayTagTree: GameplayTagTreeChangedEvent.Broadcast -  0.000 s
[2018.09.20-11.43.13:295][  0]LogFileCache: Scanning file cache for directory 'D:/UnrealProjects/A.S.H/ASH_Game/Content/' took 0.01s
[2018.09.20-11.43.13:295][  0]SourceControl: Source control is disabled
[2018.09.20-11.43.13:295][  0]Cmd: MAP LOAD FILE="../../../../UnrealProjects/A.S.H/ASH_Game/Content/MapGenerator_Mike/MapGenerator.umap" TEMPLATE=0 SHOWPROGRESS=1 FEATURELEVEL=3
[2018.09.20-11.43.13:296][  0]LightingResults: New page: Lighting Build
[2018.09.20-11.43.13:297][  0]MapCheck: New page: Map Check
[2018.09.20-11.43.13:297][  0]LightingResults: New page: Lighting Build
[2018.09.20-11.43.13:327][  0]LogAIModule: Creating AISystem for world MapGenerator
[2018.09.20-11.43.13:330][  0]LogEditorServer: Finished looking for orphan Actors (0.000 secs)
[2018.09.20-11.43.13:353][  0]Cmd: MAP CHECKDEP NOCLEARLOG
[2018.09.20-11.43.13:388][  0]MapCheck: Map check complete: 0 Error(s), 0 Warning(s), took 35.052ms to complete.
[2018.09.20-11.43.13:388][  0]LogFileHelpers: Loading map 'MapGenerator' took 0.093
[2018.09.20-11.43.13:480][  0]LogSlate: Updating window title bar state: overlay mode, drag disabled, window buttons hidden, title bar hidden
[2018.09.20-11.43.13:486][  0]LogSlate: Updating window title bar state: overlay mode, drag disabled, window buttons hidden, title bar hidden
[2018.09.20-11.43.13:493][  0]LogSlate: Updating window title bar state: overlay mode, drag disabled, window buttons hidden, title bar hidden
[2018.09.20-11.43.13:499][  0]LogSlate: Updating window title bar state: overlay mode, drag disabled, window buttons hidden, title bar hidden
[2018.09.20-11.43.13:503][  0]LogCollectionManager: Loaded 0 collections in 0.000719 seconds
[2018.09.20-11.43.13:550][  0]LogFileCache: Scanning file cache for directory 'D:/UnrealProjects/A.S.H/ASH_Game/Saved/Collections/' took 0.01s
[2018.09.20-11.43.13:550][  0]LogFileCache: Scanning file cache for directory 'D:/UnrealProjects/A.S.H/ASH_Game/Content/Developers/XENO/Collections/' took 0.01s
[2018.09.20-11.43.13:550][  0]LogFileCache: Scanning file cache for directory 'D:/UnrealProjects/A.S.H/ASH_Game/Content/Collections/' took 0.01s
[2018.09.20-11.43.13:550][  0]LogCollectionManager: Rebuilt the GUID cache for 0 collections in 0.000000 seconds
[2018.09.20-11.43.13:558][  0]LogContentBrowser: Native class hierarchy populated in 0.0078 seconds. Added 2572 classes and 603 folders.
[2018.09.20-11.43.13:562][  0]LogContentBrowser: Native class hierarchy updated for 'WidgetCarousel' in 0.0002 seconds. Added 0 classes and 0 folders.
[2018.09.20-11.43.13:592][  0]LogContentBrowser: Native class hierarchy updated for 'AddContentDialog' in 0.0002 seconds. Added 0 classes and 0 folders.
[2018.09.20-11.43.13:595][  0]LogContentBrowser: Native class hierarchy updated for 'SceneOutliner' in 0.0002 seconds. Added 1 classes and 2 folders.
[2018.09.20-11.43.13:607][  0]LogSlate: Took 0.000168 seconds to synchronously load lazily loaded font '../../../Engine/Content/Slate/Fonts/Roboto-Regular.ttf' (155K)
[2018.09.20-11.43.13:608][  0]LogSlate: Took 0.000141 seconds to synchronously load lazily loaded font '../../../Engine/Content/Slate/Fonts/Roboto-Bold.ttf' (160K)
[2018.09.20-11.43.13:613][  0]LogSlate: Took 0.000128 seconds to synchronously load lazily loaded font '../../../Engine/Content/Editor/Slate/Fonts/FontAwesome.ttf' (139K)
[2018.09.20-11.43.13:679][  0]LogRenderer: Reallocating scene render targets to support 1612x808 Format 10 NumSamples 1 (Frame:1).
[2018.09.20-11.43.13:779][  0]LogContentBrowser: Native class hierarchy updated for 'HierarchicalLODOutliner' in 0.0003 seconds. Added 0 classes and 0 folders.
[2018.09.20-11.43.13:779][  0]LogLoad: (Engine Initialization) Total time: 6.46 seconds
[2018.09.20-11.43.13:779][  0]LogLoad: (Engine Initialization) Total Blueprint compile time: 0.00 seconds
[2018.09.20-11.43.13:800][  0]LogWindowsTextInputMethodSystem: Display: IME system now deactivated.
[2018.09.20-11.43.13:820][  0]LogContentStreaming: Texture pool size now 1000 MB
[2018.09.20-11.43.13:938][  1]LogAssetRegistry: Asset discovery search completed in 3.1525 seconds
[2018.09.20-11.43.13:940][  1]LogCollectionManager: Rebuilt the object cache for 0 collections in 0.000000 seconds (found 0 objects)
[2018.09.20-11.43.13:940][  1]LogCollectionManager: Fixed up redirectors for 0 collections in 0.000045 seconds (updated 0 objects)
[2018.09.20-11.43.17:388][208]LogSlate: FSceneViewport::OnFocusLost() reason 0
[2018.09.20-11.43.17:694][226]LogSlate: Took 0.000136 seconds to synchronously load lazily loaded font '../../../Engine/Content/Slate/Fonts/Roboto-Light.ttf' (167K)
[2018.09.20-11.43.17:701][226]LogAssetEditorManager: Opening Asset editor for World /Game/MapGenerator_Mike/MapGenerator.MapGenerator
[2018.09.20-11.43.17:723][226]Cmd: MAP LOAD FILE="../../../../UnrealProjects/A.S.H/ASH_Game/Content/MapGenerator_Mike/MapGenerator.umap" TEMPLATE=0 SHOWPROGRESS=1 FEATURELEVEL=3
[2018.09.20-11.43.17:723][226]LightingResults: New page: Lighting Build
[2018.09.20-11.43.17:723][226]LoadErrors: New page: Loading map: MapGenerator.umap
[2018.09.20-11.43.17:724][226]MapCheck: New page: Map Check
[2018.09.20-11.43.17:724][226]LightingResults: New page: Lighting Build
[2018.09.20-11.43.17:752][226]LogAIModule: Creating AISystem for world MapGenerator
[2018.09.20-11.43.17:753][226]LogEditorServer: Finished looking for orphan Actors (0.000 secs)
[2018.09.20-11.43.17:789][226]Cmd: MAP CHECKDEP NOCLEARLOG
[2018.09.20-11.43.17:825][226]MapCheck: Map check complete: 0 Error(s), 0 Warning(s), took 35.524ms to complete.
[2018.09.20-11.43.17:825][226]LogFileHelpers: Loading map 'MapGenerator' took 0.104
[2018.09.20-11.43.21:943][462]LogAssetEditorManager: Opening Asset editor for Blueprint /Game/MapGenerator_Mike/MapGenerator_BP.MapGenerator_BP
[2018.09.20-11.43.22:307][462]LogContentBrowser: Native class hierarchy updated for 'BlueprintGraph' in 0.0008 seconds. Added 116 classes and 0 folders.
[2018.09.20-11.43.22:945][462]LogSlate: Took 0.000156 seconds to synchronously load lazily loaded font '../../../Engine/Content/Slate/Fonts/Roboto-BoldCondensed.ttf' (158K)
[2018.09.20-11.43.23:348][463]LogSlate: Took 0.000181 seconds to synchronously load lazily loaded font '../../../Engine/Content/Slate/Fonts/Roboto-Italic.ttf' (157K)
[2018.09.20-11.43.25:286][578]LogTemp: Repeating last play command: New Editor Window (PIE)
[2018.09.20-11.43.25:298][578]LogBlueprintUserMessages: Early PlayInEditor Detection: Level '/Game/MapGenerator_Mike/MapGenerator.MapGenerator:PersistentLevel' has LevelScriptBlueprint '/Game/MapGenerator_Mike/MapGenerator.MapGenerator:PersistentLevel.MapGenerator' with GeneratedClass '/Game/MapGenerator_Mike/MapGenerator.MapGenerator_C' with ClassGeneratedBy '/Game/MapGenerator_Mike/MapGenerator.MapGenerator:PersistentLevel.MapGenerator'
[2018.09.20-11.43.25:298][578]LogPlayLevel: PlayLevel: No blueprints needed recompiling
[2018.09.20-11.43.25:310][578]PIE: New page: PIE session: MapGenerator (Sep 20, 2018, 3:43:25 AM)
[2018.09.20-11.43.25:310][578]LogPlayLevel: Creating play world package: /Game/MapGenerator_Mike/UEDPIE_0_MapGenerator
[2018.09.20-11.43.25:311][578]LogPlayLevel: PIE: StaticDuplicateObject took: (0.001172s)
[2018.09.20-11.43.25:312][578]LogAIModule: Creating AISystem for world MapGenerator
[2018.09.20-11.43.25:312][578]LogPlayLevel: PIE: World Init took: (0.000626s)
[2018.09.20-11.43.25:312][578]LogPlayLevel: PIE: Created PIE world by copying editor world from /Game/MapGenerator_Mike/MapGenerator.MapGenerator to /Game/MapGenerator_Mike/UEDPIE_0_MapGenerator.MapGenerator (0.001900s)
[2018.09.20-11.43.25:345][578]LogInit: XAudio2 using 'Speakers (4- USB Audio Device)' : 2 channels at 48 kHz using 16 bits per sample (channel mask 0x3)
[2018.09.20-11.43.25:353][578]LogInit: FAudioDevice initialized.
[2018.09.20-11.43.25:362][578]LogSlate: Updating window title bar state: overlay mode, drag disabled, window buttons hidden, title bar hidden
[2018.09.20-11.43.25:676][578]LogBlueprint: Warning: [Compiler Ue4ASP_Character] InputAction Event references unknown Action 'Crouch' for  InputAction Crouch
[2018.09.20-11.43.25:677][578]LogBlueprint: Warning: [Compiler Ue4ASP_Character] InputAction Event references unknown Action 'Jump' for  InputAction Jump
[2018.09.20-11.43.25:677][578]LogBlueprint: Warning: [Compiler Ue4ASP_Character] Input Axis Event references unknown Axis 'LookUp' for  InputAxis LookUp
[2018.09.20-11.43.25:677][578]LogBlueprint: Warning: [Compiler Ue4ASP_Character] Input Axis Event references unknown Axis 'Turn' for  InputAxis Turn
[2018.09.20-11.43.25:694][578]LogBlueprint: Warning: [Compiler TopDownCharacter] InputAction Event references unknown Action 'ResetVR' for  InputAction ResetVR
[2018.09.20-11.43.25:732][578]LogBlueprint: Warning: [Compiler Ue4ASP_Character] [0018.42] Compile of Ue4ASP_Character successful, but with 4 Warning(s) [in 106 ms] (/Game/AnimStarterPack/Ue4ASP_Character.Ue4ASP_Character)
[2018.09.20-11.43.25:732][578]LogBlueprint: Warning: [Compiler TopDownCharacter] [0018.42] Compile of TopDownCharacter successful, but with 1 Warning(s) [in 106 ms] (/Game/TopDownBP/Blueprints/TopDownCharacter.TopDownCharacter)
[2018.09.20-11.43.26:036][578]LogLoad: Game class is 'TopDownGameMode_C'
[2018.09.20-11.43.26:038][578]LogWorld: Bringing World /Game/MapGenerator_Mike/UEDPIE_0_MapGenerator.MapGenerator up for play (max tick rate 60) at 2018.09.20-07.43.26
[2018.09.20-11.43.26:038][578]LogWorld: Bringing up level for play took: 0.000385
[2018.09.20-11.43.26:053][578]LogContentBrowser: Native class hierarchy updated for 'MovieSceneCapture' in 0.0002 seconds. Added 10 classes and 0 folders.
[2018.09.20-11.43.26:068][578]PIE: Play in editor start time for /Game/MapGenerator_Mike/UEDPIE_0_MapGenerator 1.01
[2018.09.20-11.43.26:068][578]LogBlueprintUserMessages: Late PlayInEditor Detection: Level '/Game/MapGenerator_Mike/MapGenerator.MapGenerator:PersistentLevel' has LevelScriptBlueprint '/Game/MapGenerator_Mike/MapGenerator.MapGenerator:PersistentLevel.MapGenerator' with GeneratedClass '/Game/MapGenerator_Mike/MapGenerator.MapGenerator_C' with ClassGeneratedBy '/Game/MapGenerator_Mike/MapGenerator.MapGenerator:PersistentLevel.MapGenerator'
[2018.09.20-11.43.28:613][724]LogBlueprintUserMessages: Early EndPlayMap Detection: Level '/Game/MapGenerator_Mike/MapGenerator.MapGenerator:PersistentLevel' has LevelScriptBlueprint '/Game/MapGenerator_Mike/MapGenerator.MapGenerator:PersistentLevel.MapGenerator' with GeneratedClass '/Game/MapGenerator_Mike/MapGenerator.MapGenerator_C' with ClassGeneratedBy '/Game/MapGenerator_Mike/MapGenerator.MapGenerator:PersistentLevel.MapGenerator'
[2018.09.20-11.43.28:613][724]LogSlate: Updating window title bar state: overlay mode, drag disabled, window buttons hidden, title bar hidden
[2018.09.20-11.43.28:623][724]LogSlate: Window 'ASH_Game Game Preview Standalone (64-bit/PCD3D_SM5)' being destroyed
[2018.09.20-11.43.28:656][724]LogPlayLevel: Display: Shutting down PIE online subsystems
[2018.09.20-11.43.28:657][724]LogBlueprintUserMessages: Late EndPlayMap Detection: Level '/Game/MapGenerator_Mike/MapGenerator.MapGenerator:PersistentLevel' has LevelScriptBlueprint '/Game/MapGenerator_Mike/MapGenerator.MapGenerator:PersistentLevel.MapGenerator' with GeneratedClass '/Game/MapGenerator_Mike/MapGenerator.MapGenerator_C' with ClassGeneratedBy '/Game/MapGenerator_Mike/MapGenerator.MapGenerator:PersistentLevel.MapGenerator'
[2018.09.20-11.43.28:715][725]LogPlayLevel: Display: Destroying online subsystem :Context_2
[2018.09.20-11.43.38:322][293]BlueprintLog: New page: Compile MapGenerator_BP
[2018.09.20-11.43.38:545][293]Cmd: OBJ SAVEPACKAGE PACKAGE="/Game/MapGenerator_Mike/MapGenerator_BP" FILE="../../../../UnrealProjects/A.S.H/ASH_Game/Content/MapGenerator_Mike/MapGenerator_BP.uasset" SILENT=true
[2018.09.20-11.43.38:636][293]LogSavePackage: Moving '../../../../UnrealProjects/A.S.H/ASH_Game/Saved/MapGenerator_BP0F7CBF1E499101DB6AF89FA73E05EA86.tmp' to '../../../../UnrealProjects/A.S.H/ASH_Game/Content/MapGenerator_Mike/MapGenerator_BP.uasset'
[2018.09.20-11.43.39:190][306]LogTemp: Repeating last play command: New Editor Window (PIE)
[2018.09.20-11.43.39:202][306]LogBlueprintUserMessages: Early PlayInEditor Detection: Level '/Game/MapGenerator_Mike/MapGenerator.MapGenerator:PersistentLevel' has LevelScriptBlueprint '/Game/MapGenerator_Mike/MapGenerator.MapGenerator:PersistentLevel.MapGenerator' with GeneratedClass '/Game/MapGenerator_Mike/MapGenerator.MapGenerator_C' with ClassGeneratedBy '/Game/MapGenerator_Mike/MapGenerator.MapGenerator:PersistentLevel.MapGenerator'
[2018.09.20-11.43.39:202][306]LogPlayLevel: PlayLevel: No blueprints needed recompiling
[2018.09.20-11.43.39:202][306]PIE: New page: PIE session: MapGenerator (Sep 20, 2018, 3:43:39 AM)
[2018.09.20-11.43.39:202][306]LogPlayLevel: Creating play world package: /Game/MapGenerator_Mike/UEDPIE_0_MapGenerator
[2018.09.20-11.43.39:203][306]LogPlayLevel: PIE: StaticDuplicateObject took: (0.001014s)
[2018.09.20-11.43.39:203][306]LogAIModule: Creating AISystem for world MapGenerator
[2018.09.20-11.43.39:203][306]LogPlayLevel: PIE: World Init took: (0.000476s)
[2018.09.20-11.43.39:203][306]LogPlayLevel: PIE: Created PIE world by copying editor world from /Game/MapGenerator_Mike/MapGenerator.MapGenerator to /Game/MapGenerator_Mike/UEDPIE_0_MapGenerator.MapGenerator (0.001571s)
[2018.09.20-11.43.39:235][306]LogInit: XAudio2 using 'Speakers (4- USB Audio Device)' : 2 channels at 48 kHz using 16 bits per sample (channel mask 0x3)
[2018.09.20-11.43.39:243][306]LogInit: FAudioDevice initialized.
[2018.09.20-11.43.39:253][306]LogSlate: Updating window title bar state: overlay mode, drag disabled, window buttons hidden, title bar hidden
[2018.09.20-11.43.39:311][306]LogLoad: Game class is 'TopDownGameMode_C'
[2018.09.20-11.43.39:312][306]LogWorld: Bringing World /Game/MapGenerator_Mike/UEDPIE_0_MapGenerator.MapGenerator up for play (max tick rate 60) at 2018.09.20-07.43.39
[2018.09.20-11.43.39:312][306]LogWorld: Bringing up level for play took: 0.000341
[2018.09.20-11.43.39:352][306]PIE: Play in editor start time for /Game/MapGenerator_Mike/UEDPIE_0_MapGenerator 0.294
[2018.09.20-11.43.39:352][306]LogBlueprintUserMessages: Late PlayInEditor Detection: Level '/Game/MapGenerator_Mike/MapGenerator.MapGenerator:PersistentLevel' has LevelScriptBlueprint '/Game/MapGenerator_Mike/MapGenerator.MapGenerator:PersistentLevel.MapGenerator' with GeneratedClass '/Game/MapGenerator_Mike/MapGenerator.MapGenerator_C' with ClassGeneratedBy '/Game/MapGenerator_Mike/MapGenerator.MapGenerator:PersistentLevel.MapGenerator'
[2018.09.20-11.43.40:913][395]LogBlueprintUserMessages: Early EndPlayMap Detection: Level '/Game/MapGenerator_Mike/MapGenerator.MapGenerator:PersistentLevel' has LevelScriptBlueprint '/Game/MapGenerator_Mike/MapGenerator.MapGenerator:PersistentLevel.MapGenerator' with GeneratedClass '/Game/MapGenerator_Mike/MapGenerator.MapGenerator_C' with ClassGeneratedBy '/Game/MapGenerator_Mike/MapGenerator.MapGenerator:PersistentLevel.MapGenerator'
[2018.09.20-11.43.40:913][395]LogSlate: Updating window title bar state: overlay mode, drag disabled, window buttons hidden, title bar hidden
[2018.09.20-11.43.40:923][395]LogSlate: Window 'ASH_Game Game Preview Standalone (64-bit/PCD3D_SM5)' being destroyed
[2018.09.20-11.43.40:952][395]LogPlayLevel: Display: Shutting down PIE online subsystems
[2018.09.20-11.43.40:953][395]LogBlueprintUserMessages: Late EndPlayMap Detection: Level '/Game/MapGenerator_Mike/MapGenerator.MapGenerator:PersistentLevel' has LevelScriptBlueprint '/Game/MapGenerator_Mike/MapGenerator.MapGenerator:PersistentLevel.MapGenerator' with GeneratedClass '/Game/MapGenerator_Mike/MapGenerator.MapGenerator_C' with ClassGeneratedBy '/Game/MapGenerator_Mike/MapGenerator.MapGenerator:PersistentLevel.MapGenerator'
[2018.09.20-11.43.41:015][397]LogPlayLevel: Display: Destroying online subsystem :Context_3
[2018.09.20-11.43.49:664][900]BlueprintLog: New page: Compile MapGenerator_BP
[2018.09.20-11.43.49:892][900]Cmd: OBJ SAVEPACKAGE PACKAGE="/Game/MapGenerator_Mike/MapGenerator_BP" FILE="../../../../UnrealProjects/A.S.H/ASH_Game/Content/MapGenerator_Mike/MapGenerator_BP.uasset" SILENT=true
[2018.09.20-11.43.49:984][900]LogSavePackage: Moving '../../../../UnrealProjects/A.S.H/ASH_Game/Saved/MapGenerator_BP9668240B42E4367D838C67BD7AB55753.tmp' to '../../../../UnrealProjects/A.S.H/ASH_Game/Content/MapGenerator_Mike/MapGenerator_BP.uasset'
[2018.09.20-11.43.50:418][918]LogTemp: Repeating last play command: New Editor Window (PIE)
[2018.09.20-11.43.50:429][918]LogBlueprintUserMessages: Early PlayInEditor Detection: Level '/Game/MapGenerator_Mike/MapGenerator.MapGenerator:PersistentLevel' has LevelScriptBlueprint '/Game/MapGenerator_Mike/MapGenerator.MapGenerator:PersistentLevel.MapGenerator' with GeneratedClass '/Game/MapGenerator_Mike/MapGenerator.MapGenerator_C' with ClassGeneratedBy '/Game/MapGenerator_Mike/MapGenerator.MapGenerator:PersistentLevel.MapGenerator'
[2018.09.20-11.43.50:429][918]LogPlayLevel: PlayLevel: No blueprints needed recompiling
[2018.09.20-11.43.50:429][918]PIE: New page: PIE session: MapGenerator (Sep 20, 2018, 3:43:50 AM)
[2018.09.20-11.43.50:429][918]LogPlayLevel: Creating play world package: /Game/MapGenerator_Mike/UEDPIE_0_MapGenerator
[2018.09.20-11.43.50:431][918]LogPlayLevel: PIE: StaticDuplicateObject took: (0.001031s)
[2018.09.20-11.43.50:431][918]LogAIModule: Creating AISystem for world MapGenerator
[2018.09.20-11.43.50:432][918]LogPlayLevel: PIE: World Init took: (0.000488s)
[2018.09.20-11.43.50:432][918]LogPlayLevel: PIE: Created PIE world by copying editor world from /Game/MapGenerator_Mike/MapGenerator.MapGenerator to /Game/MapGenerator_Mike/UEDPIE_0_MapGenerator.MapGenerator (0.001605s)
[2018.09.20-11.43.50:462][918]LogInit: XAudio2 using 'Speakers (4- USB Audio Device)' : 2 channels at 48 kHz using 16 bits per sample (channel mask 0x3)
[2018.09.20-11.43.50:469][918]LogInit: FAudioDevice initialized.
[2018.09.20-11.43.50:479][918]LogSlate: Updating window title bar state: overlay mode, drag disabled, window buttons hidden, title bar hidden
[2018.09.20-11.43.50:544][918]LogLoad: Game class is 'TopDownGameMode_C'
[2018.09.20-11.43.50:546][918]LogWorld: Bringing World /Game/MapGenerator_Mike/UEDPIE_0_MapGenerator.MapGenerator up for play (max tick rate 60) at 2018.09.20-07.43.50
[2018.09.20-11.43.50:546][918]LogWorld: Bringing up level for play took: 0.001265
[2018.09.20-11.43.50:570][918]PIE: Play in editor start time for /Game/MapGenerator_Mike/UEDPIE_0_MapGenerator -0.488
[2018.09.20-11.43.50:571][918]LogBlueprintUserMessages: Late PlayInEditor Detection: Level '/Game/MapGenerator_Mike/MapGenerator.MapGenerator:PersistentLevel' has LevelScriptBlueprint '/Game/MapGenerator_Mike/MapGenerator.MapGenerator:PersistentLevel.MapGenerator' with GeneratedClass '/Game/MapGenerator_Mike/MapGenerator.MapGenerator_C' with ClassGeneratedBy '/Game/MapGenerator_Mike/MapGenerator.MapGenerator:PersistentLevel.MapGenerator'
[2018.09.20-11.43.54:181][131]LogBlueprintUserMessages: Early EndPlayMap Detection: Level '/Game/MapGenerator_Mike/MapGenerator.MapGenerator:PersistentLevel' has LevelScriptBlueprint '/Game/MapGenerator_Mike/MapGenerator.MapGenerator:PersistentLevel.MapGenerator' with GeneratedClass '/Game/MapGenerator_Mike/MapGenerator.MapGenerator_C' with ClassGeneratedBy '/Game/MapGenerator_Mike/MapGenerator.MapGenerator:PersistentLevel.MapGenerator'
[2018.09.20-11.43.54:182][131]LogSlate: Updating window title bar state: overlay mode, drag disabled, window buttons hidden, title bar hidden
[2018.09.20-11.43.54:192][131]LogSlate: Window 'ASH_Game Game Preview Standalone (64-bit/PCD3D_SM5)' being destroyed
[2018.09.20-11.43.54:224][131]LogPlayLevel: Display: Shutting down PIE online subsystems
[2018.09.20-11.43.54:224][131]LogBlueprintUserMessages: Late EndPlayMap Detection: Level '/Game/MapGenerator_Mike/MapGenerator.MapGenerator:PersistentLevel' has LevelScriptBlueprint '/Game/MapGenerator_Mike/MapGenerator.MapGenerator:PersistentLevel.MapGenerator' with GeneratedClass '/Game/MapGenerator_Mike/MapGenerator.MapGenerator_C' with ClassGeneratedBy '/Game/MapGenerator_Mike/MapGenerator.MapGenerator:PersistentLevel.MapGenerator'
[2018.09.20-11.43.54:295][132]LogPlayLevel: Display: Destroying online subsystem :Context_4
[2018.09.20-11.43.58:597][390]LogTemp: Repeating last play command: New Editor Window (PIE)
[2018.09.20-11.43.58:609][390]LogBlueprintUserMessages: Early PlayInEditor Detection: Level '/Game/MapGenerator_Mike/MapGenerator.MapGenerator:PersistentLevel' has LevelScriptBlueprint '/Game/MapGenerator_Mike/MapGenerator.MapGenerator:PersistentLevel.MapGenerator' with GeneratedClass '/Game/MapGenerator_Mike/MapGenerator.MapGenerator_C' with ClassGeneratedBy '/Game/MapGenerator_Mike/MapGenerator.MapGenerator:PersistentLevel.MapGenerator'
[2018.09.20-11.43.58:609][390]LogPlayLevel: PlayLevel: No blueprints needed recompiling
[2018.09.20-11.43.58:609][390]PIE: New page: PIE session: MapGenerator (Sep 20, 2018, 3:43:58 AM)
[2018.09.20-11.43.58:609][390]LogPlayLevel: Creating play world package: /Game/MapGenerator_Mike/UEDPIE_0_MapGenerator
[2018.09.20-11.43.58:610][390]LogPlayLevel: PIE: StaticDuplicateObject took: (0.001035s)
[2018.09.20-11.43.58:610][390]LogAIModule: Creating AISystem for world MapGenerator
[2018.09.20-11.43.58:610][390]LogPlayLevel: PIE: World Init took: (0.000488s)
[2018.09.20-11.43.58:610][390]LogPlayLevel: PIE: Created PIE world by copying editor world from /Game/MapGenerator_Mike/MapGenerator.MapGenerator to /Game/MapGenerator_Mike/UEDPIE_0_MapGenerator.MapGenerator (0.001606s)
[2018.09.20-11.43.58:641][390]LogInit: XAudio2 using 'Speakers (4- USB Audio Device)' : 2 channels at 48 kHz using 16 bits per sample (channel mask 0x3)
[2018.09.20-11.43.58:649][390]LogInit: FAudioDevice initialized.
[2018.09.20-11.43.58:658][390]LogSlate: Updating window title bar state: overlay mode, drag disabled, window buttons hidden, title bar hidden
[2018.09.20-11.43.58:705][390]LogLoad: Game class is 'TopDownGameMode_C'
[2018.09.20-11.43.58:706][390]LogWorld: Bringing World /Game/MapGenerator_Mike/UEDPIE_0_MapGenerator.MapGenerator up for play (max tick rate 60) at 2018.09.20-07.43.58
[2018.09.20-11.43.58:706][390]LogWorld: Bringing up level for play took: 0.000358
[2018.09.20-11.43.58:731][390]PIE: Play in editor start time for /Game/MapGenerator_Mike/UEDPIE_0_MapGenerator -0.327
[2018.09.20-11.43.58:731][390]LogBlueprintUserMessages: Late PlayInEditor Detection: Level '/Game/MapGenerator_Mike/MapGenerator.MapGenerator:PersistentLevel' has LevelScriptBlueprint '/Game/MapGenerator_Mike/MapGenerator.MapGenerator:PersistentLevel.MapGenerator' with GeneratedClass '/Game/MapGenerator_Mike/MapGenerator.MapGenerator_C' with ClassGeneratedBy '/Game/MapGenerator_Mike/MapGenerator.MapGenerator:PersistentLevel.MapGenerator'
[2018.09.20-11.44.00:511][441]LogBlueprintUserMessages: Early EndPlayMap Detection: Level '/Game/MapGenerator_Mike/MapGenerator.MapGenerator:PersistentLevel' has LevelScriptBlueprint '/Game/MapGenerator_Mike/MapGenerator.MapGenerator:PersistentLevel.MapGenerator' with GeneratedClass '/Game/MapGenerator_Mike/MapGenerator.MapGenerator_C' with ClassGeneratedBy '/Game/MapGenerator_Mike/MapGenerator.MapGenerator:PersistentLevel.MapGenerator'
[2018.09.20-11.44.00:511][441]LogSlate: Updating window title bar state: overlay mode, drag disabled, window buttons hidden, title bar hidden
[2018.09.20-11.44.00:520][441]LogSlate: Window 'ASH_Game Game Preview Standalone (64-bit/PCD3D_SM5)' being destroyed
[2018.09.20-11.44.00:550][441]LogPlayLevel: Display: Shutting down PIE online subsystems
[2018.09.20-11.44.00:550][441]LogBlueprintUserMessages: Late EndPlayMap Detection: Level '/Game/MapGenerator_Mike/MapGenerator.MapGenerator:PersistentLevel' has LevelScriptBlueprint '/Game/MapGenerator_Mike/MapGenerator.MapGenerator:PersistentLevel.MapGenerator' with GeneratedClass '/Game/MapGenerator_Mike/MapGenerator.MapGenerator_C' with ClassGeneratedBy '/Game/MapGenerator_Mike/MapGenerator.MapGenerator:PersistentLevel.MapGenerator'
[2018.09.20-11.44.00:627][442]LogPlayLevel: Display: Destroying online subsystem :Context_5
[2018.09.20-11.44.10:727][ 41]BlueprintLog: New page: Compile MapGenerator_BP
[2018.09.20-11.44.10:951][ 41]Cmd: OBJ SAVEPACKAGE PACKAGE="/Game/MapGenerator_Mike/MapGenerator_BP" FILE="../../../../UnrealProjects/A.S.H/ASH_Game/Content/MapGenerator_Mike/MapGenerator_BP.uasset" SILENT=true
[2018.09.20-11.44.11:042][ 41]LogSavePackage: Moving '../../../../UnrealProjects/A.S.H/ASH_Game/Saved/MapGenerator_BP7A7C06DC442D44F43CBB6DAA4D7C98DC.tmp' to '../../../../UnrealProjects/A.S.H/ASH_Game/Content/MapGenerator_Mike/MapGenerator_BP.uasset'
[2018.09.20-11.44.11:868][ 82]LogTemp: Repeating last play command: New Editor Window (PIE)
[2018.09.20-11.44.11:880][ 82]LogBlueprintUserMessages: Early PlayInEditor Detection: Level '/Game/MapGenerator_Mike/MapGenerator.MapGenerator:PersistentLevel' has LevelScriptBlueprint '/Game/MapGenerator_Mike/MapGenerator.MapGenerator:PersistentLevel.MapGenerator' with GeneratedClass '/Game/MapGenerator_Mike/MapGenerator.MapGenerator_C' with ClassGeneratedBy '/Game/MapGenerator_Mike/MapGenerator.MapGenerator:PersistentLevel.MapGenerator'
[2018.09.20-11.44.11:880][ 82]LogPlayLevel: PlayLevel: No blueprints needed recompiling
[2018.09.20-11.44.11:880][ 82]PIE: New page: PIE session: MapGenerator (Sep 20, 2018, 3:44:11 AM)
[2018.09.20-11.44.11:880][ 82]LogPlayLevel: Creating play world package: /Game/MapGenerator_Mike/UEDPIE_0_MapGenerator
[2018.09.20-11.44.11:881][ 82]LogPlayLevel: PIE: StaticDuplicateObject took: (0.001037s)
[2018.09.20-11.44.11:882][ 82]LogAIModule: Creating AISystem for world MapGenerator
[2018.09.20-11.44.11:882][ 82]LogPlayLevel: PIE: World Init took: (0.000492s)
[2018.09.20-11.44.11:882][ 82]LogPlayLevel: PIE: Created PIE world by copying editor world from /Game/MapGenerator_Mike/MapGenerator.MapGenerator to /Game/MapGenerator_Mike/UEDPIE_0_MapGenerator.MapGenerator (0.001612s)
[2018.09.20-11.44.11:915][ 82]LogInit: XAudio2 using 'Speakers (4- USB Audio Device)' : 2 channels at 48 kHz using 16 bits per sample (channel mask 0x3)
[2018.09.20-11.44.11:922][ 82]LogInit: FAudioDevice initialized.
[2018.09.20-11.44.11:932][ 82]LogSlate: Updating window title bar state: overlay mode, drag disabled, window buttons hidden, title bar hidden
[2018.09.20-11.44.11:980][ 82]LogLoad: Game class is 'TopDownGameMode_C'
[2018.09.20-11.44.11:982][ 82]LogWorld: Bringing World /Game/MapGenerator_Mike/UEDPIE_0_MapGenerator.MapGenerator up for play (max tick rate 60) at 2018.09.20-07.44.11
[2018.09.20-11.44.11:982][ 82]LogWorld: Bringing up level for play took: 0.000359
[2018.09.20-11.44.12:006][ 82]PIE: Play in editor start time for /Game/MapGenerator_Mike/UEDPIE_0_MapGenerator 0.947
[2018.09.20-11.44.12:006][ 82]LogBlueprintUserMessages: Late PlayInEditor Detection: Level '/Game/MapGenerator_Mike/MapGenerator.MapGenerator:PersistentLevel' has LevelScriptBlueprint '/Game/MapGenerator_Mike/MapGenerator.MapGenerator:PersistentLevel.MapGenerator' with GeneratedClass '/Game/MapGenerator_Mike/MapGenerator.MapGenerator_C' with ClassGeneratedBy '/Game/MapGenerator_Mike/MapGenerator.MapGenerator:PersistentLevel.MapGenerator'
[2018.09.20-11.44.14:264][213]LogBlueprintUserMessages: Early EndPlayMap Detection: Level '/Game/MapGenerator_Mike/MapGenerator.MapGenerator:PersistentLevel' has LevelScriptBlueprint '/Game/MapGenerator_Mike/MapGenerator.MapGenerator:PersistentLevel.MapGenerator' with GeneratedClass '/Game/MapGenerator_Mike/MapGenerator.MapGenerator_C' with ClassGeneratedBy '/Game/MapGenerator_Mike/MapGenerator.MapGenerator:PersistentLevel.MapGenerator'
[2018.09.20-11.44.14:264][213]LogSlate: Updating window title bar state: overlay mode, drag disabled, window buttons hidden, title bar hidden
[2018.09.20-11.44.14:274][213]LogSlate: Window 'ASH_Game Game Preview Standalone (64-bit/PCD3D_SM5)' being destroyed
[2018.09.20-11.44.14:310][213]LogPlayLevel: Display: Shutting down PIE online subsystems
[2018.09.20-11.44.14:310][213]LogBlueprintUserMessages: Late EndPlayMap Detection: Level '/Game/MapGenerator_Mike/MapGenerator.MapGenerator:PersistentLevel' has LevelScriptBlueprint '/Game/MapGenerator_Mike/MapGenerator.MapGenerator:PersistentLevel.MapGenerator' with GeneratedClass '/Game/MapGenerator_Mike/MapGenerator.MapGenerator_C' with ClassGeneratedBy '/Game/MapGenerator_Mike/MapGenerator.MapGenerator:PersistentLevel.MapGenerator'
[2018.09.20-11.44.14:375][215]LogPlayLevel: Display: Destroying online subsystem :Context_6
[2018.09.20-11.44.25:649][860]LogSlate: FSceneViewport::OnFocusLost() reason 0
[2018.09.20-11.44.31:124][178]LogSavePackage: Moving '../../../../UnrealProjects/A.S.H/ASH_Game/Saved/MapGeneratorA3CB0CD245997C7A898DD4A72CFA79A2.tmp' to '../../../../UnrealProjects/A.S.H/ASH_Game/Content/MapGenerator_Mike/MapGenerator.umap'
[2018.09.20-11.44.31:700][210]LogTemp: Repeating last play command: New Editor Window (PIE)
[2018.09.20-11.44.31:725][210]LogBlueprintUserMessages: Early PlayInEditor Detection: Level '/Game/MapGenerator_Mike/MapGenerator.MapGenerator:PersistentLevel' has LevelScriptBlueprint '/Game/MapGenerator_Mike/MapGenerator.MapGenerator:PersistentLevel.MapGenerator' with GeneratedClass '/Game/MapGenerator_Mike/MapGenerator.MapGenerator_C' with ClassGeneratedBy '/Game/MapGenerator_Mike/MapGenerator.MapGenerator:PersistentLevel.MapGenerator'
[2018.09.20-11.44.31:725][210]LogPlayLevel: PlayLevel: No blueprints needed recompiling
[2018.09.20-11.44.31:725][210]PIE: New page: PIE session: MapGenerator (Sep 20, 2018, 3:44:31 AM)
[2018.09.20-11.44.31:725][210]LogPlayLevel: Creating play world package: /Game/MapGenerator_Mike/UEDPIE_0_MapGenerator
[2018.09.20-11.44.31:726][210]LogPlayLevel: PIE: StaticDuplicateObject took: (0.001072s)
[2018.09.20-11.44.31:726][210]LogAIModule: Creating AISystem for world MapGenerator
[2018.09.20-11.44.31:726][210]LogPlayLevel: PIE: World Init took: (0.000526s)
[2018.09.20-11.44.31:726][210]LogPlayLevel: PIE: Created PIE world by copying editor world from /Game/MapGenerator_Mike/MapGenerator.MapGenerator to /Game/MapGenerator_Mike/UEDPIE_0_MapGenerator.MapGenerator (0.001680s)
[2018.09.20-11.44.31:757][210]LogInit: XAudio2 using 'Speakers (4- USB Audio Device)' : 2 channels at 48 kHz using 16 bits per sample (channel mask 0x3)
[2018.09.20-11.44.31:765][210]LogInit: FAudioDevice initialized.
[2018.09.20-11.44.31:776][210]LogSlate: Updating window title bar state: overlay mode, drag disabled, window buttons hidden, title bar hidden
[2018.09.20-11.44.31:822][210]LogLoad: Game class is 'TopDownGameMode_C'
[2018.09.20-11.44.31:823][210]LogWorld: Bringing World /Game/MapGenerator_Mike/UEDPIE_0_MapGenerator.MapGenerator up for play (max tick rate 60) at 2018.09.20-07.44.31
[2018.09.20-11.44.31:823][210]LogWorld: Bringing up level for play took: 0.000410
[2018.09.20-11.44.31:838][210]LogBlueprintUserMessages: [MapGenerator_BP_4] 4
[2018.09.20-11.44.31:839][210]LogBlueprintUserMessages: [MapGenerator_BP_4] 3
[2018.09.20-11.44.31:843][210]LogBlueprintUserMessages: [MapGenerator_BP_4] 3
[2018.09.20-11.44.31:846][210]LogBlueprintUserMessages: [MapGenerator_BP_4] 2
[2018.09.20-11.44.31:846][210]LogBlueprintUserMessages: [MapGenerator_BP_4] GENERATOR
[2018.09.20-11.44.31:851][210]PIE: Play in editor start time for /Game/MapGenerator_Mike/UEDPIE_0_MapGenerator 0.793
[2018.09.20-11.44.31:852][210]LogBlueprintUserMessages: Late PlayInEditor Detection: Level '/Game/MapGenerator_Mike/MapGenerator.MapGenerator:PersistentLevel' has LevelScriptBlueprint '/Game/MapGenerator_Mike/MapGenerator.MapGenerator:PersistentLevel.MapGenerator' with GeneratedClass '/Game/MapGenerator_Mike/MapGenerator.MapGenerator_C' with ClassGeneratedBy '/Game/MapGenerator_Mike/MapGenerator.MapGenerator:PersistentLevel.MapGenerator'
[2018.09.20-11.44.32:072][211]LogNet: Browse: /Game/MapGenerator_Mike/MapGenerator
[2018.09.20-11.44.32:072][211]LogLoad: LoadMap: /Game/MapGenerator_Mike/MapGenerator
[2018.09.20-11.44.32:100][211]LogPlayLevel: Creating play world package: /Game/MapGenerator_Mike/UEDPIE_0_MapGenerator
[2018.09.20-11.44.32:101][211]LogPlayLevel: PIE: StaticDuplicateObject took: (0.001093s)
[2018.09.20-11.44.32:101][211]LogAIModule: Creating AISystem for world MapGenerator
[2018.09.20-11.44.32:101][211]LogPlayLevel: PIE: World Init took: (0.000532s)
[2018.09.20-11.44.32:101][211]LogPlayLevel: PIE: Created PIE world by copying editor world from /Game/MapGenerator_Mike/MapGenerator.MapGenerator to /Game/MapGenerator_Mike/UEDPIE_0_MapGenerator.MapGenerator (0.001754s)
[2018.09.20-11.44.32:101][211]LogLoad: Game class is 'TopDownGameMode_C'
[2018.09.20-11.44.32:103][211]LogWorld: Bringing World /Game/MapGenerator_Mike/UEDPIE_0_MapGenerator.MapGenerator up for play (max tick rate 60) at 2018.09.20-07.44.32
[2018.09.20-11.44.32:103][211]LogWorld: Bringing up level for play took: 0.000322
[2018.09.20-11.44.32:103][211]LogGameMode: FindPlayerStart: PATHS NOT DEFINED or NO PLAYERSTART with positive rating
[2018.09.20-11.44.32:106][211]LogBlueprintUserMessages: [MapGenerator_BP_4] 3
[2018.09.20-11.44.32:109][211]LogBlueprintUserMessages: [MapGenerator_BP_4] 7
[2018.09.20-11.44.32:115][211]LogLoad: Took 0.042950 seconds to LoadMap(/Game/MapGenerator_Mike/UEDPIE_0_MapGenerator)
[2018.09.20-11.44.32:153][212]LogNet: Browse: /Game/MapGenerator_Mike/MapGenerator
[2018.09.20-11.44.32:159][212]LogLoad: LoadMap: /Game/MapGenerator_Mike/MapGenerator
[2018.09.20-11.44.32:187][212]LogPlayLevel: Creating play world package: /Game/MapGenerator_Mike/UEDPIE_0_MapGenerator
[2018.09.20-11.44.32:188][212]LogPlayLevel: PIE: StaticDuplicateObject took: (0.001154s)
[2018.09.20-11.44.32:188][212]LogAIModule: Creating AISystem for world MapGenerator
[2018.09.20-11.44.32:188][212]LogPlayLevel: PIE: World Init took: (0.000545s)
[2018.09.20-11.44.32:188][212]LogPlayLevel: PIE: Created PIE world by copying editor world from /Game/MapGenerator_Mike/MapGenerator.MapGenerator to /Game/MapGenerator_Mike/UEDPIE_0_MapGenerator.MapGenerator (0.001824s)
[2018.09.20-11.44.32:188][212]LogLoad: Game class is 'TopDownGameMode_C'
[2018.09.20-11.44.32:190][212]LogWorld: Bringing World /Game/MapGenerator_Mike/UEDPIE_0_MapGenerator.MapGenerator up for play (max tick rate 60) at 2018.09.20-07.44.32
[2018.09.20-11.44.32:190][212]LogWorld: Bringing up level for play took: 0.000323
[2018.09.20-11.44.32:190][212]LogGameMode: FindPlayerStart: PATHS NOT DEFINED or NO PLAYERSTART with positive rating
[2018.09.20-11.44.32:193][212]LogBlueprintUserMessages: [MapGenerator_BP_4] 0
[2018.09.20-11.44.32:194][212]LogBlueprintUserMessages: [MapGenerator_BP_4] 4
[2018.09.20-11.44.32:195][212]LogBlueprintUserMessages: [MapGenerator_BP_4] 2
[2018.09.20-11.44.32:197][212]LogBlueprintUserMessages: [MapGenerator_BP_4] 1
[2018.09.20-11.44.32:200][212]LogBlueprintUserMessages: [MapGenerator_BP_4] 3
[2018.09.20-11.44.32:200][212]LogBlueprintUserMessages: [MapGenerator_BP_4] GENERATOR
[2018.09.20-11.44.32:202][212]LogBlueprintUserMessages: [MapGenerator_BP_4] 3
[2018.09.20-11.44.32:203][212]LogBlueprintUserMessages: [MapGenerator_BP_4] LIFESUPPORT
[2018.09.20-11.44.32:206][212]LogLoad: Took 0.046998 seconds to LoadMap(/Game/MapGenerator_Mike/UEDPIE_0_MapGenerator)
[2018.09.20-11.44.35:283][391]LogBlueprintUserMessages: Early EndPlayMap Detection: Level '/Game/MapGenerator_Mike/MapGenerator.MapGenerator:PersistentLevel' has LevelScriptBlueprint '/Game/MapGenerator_Mike/MapGenerator.MapGenerator:PersistentLevel.MapGenerator' with GeneratedClass '/Game/MapGenerator_Mike/MapGenerator.MapGenerator_C' with ClassGeneratedBy '/Game/MapGenerator_Mike/MapGenerator.MapGenerator:PersistentLevel.MapGenerator'
[2018.09.20-11.44.35:284][391]LogSlate: Updating window title bar state: overlay mode, drag disabled, window buttons hidden, title bar hidden
[2018.09.20-11.44.35:294][391]LogSlate: Window 'ASH_Game Game Preview Standalone (64-bit/PCD3D_SM5)' being destroyed
[2018.09.20-11.44.35:326][391]LogPlayLevel: Display: Shutting down PIE online subsystems
[2018.09.20-11.44.35:327][391]LogBlueprintUserMessages: Late EndPlayMap Detection: Level '/Game/MapGenerator_Mike/MapGenerator.MapGenerator:PersistentLevel' has LevelScriptBlueprint '/Game/MapGenerator_Mike/MapGenerator.MapGenerator:PersistentLevel.MapGenerator' with GeneratedClass '/Game/MapGenerator_Mike/MapGenerator.MapGenerator_C' with ClassGeneratedBy '/Game/MapGenerator_Mike/MapGenerator.MapGenerator:PersistentLevel.MapGenerator'
[2018.09.20-11.44.35:402][393]LogPlayLevel: Display: Destroying online subsystem :Context_7
[2018.09.20-11.44.48:183][148]BlueprintLog: New page: Compile MapGenerator_BP
[2018.09.20-11.44.48:411][148]Cmd: OBJ SAVEPACKAGE PACKAGE="/Game/MapGenerator_Mike/MapGenerator_BP" FILE="../../../../UnrealProjects/A.S.H/ASH_Game/Content/MapGenerator_Mike/MapGenerator_BP.uasset" SILENT=true
[2018.09.20-11.44.48:501][148]LogSavePackage: Moving '../../../../UnrealProjects/A.S.H/ASH_Game/Saved/MapGenerator_BP29E0D7194AFA583A327B7A834AEEE39E.tmp' to '../../../../UnrealProjects/A.S.H/ASH_Game/Content/MapGenerator_Mike/MapGenerator_BP.uasset'
[2018.09.20-11.44.48:975][169]LogTemp: Repeating last play command: New Editor Window (PIE)
[2018.09.20-11.44.49:000][169]LogBlueprintUserMessages: Early PlayInEditor Detection: Level '/Game/MapGenerator_Mike/MapGenerator.MapGenerator:PersistentLevel' has LevelScriptBlueprint '/Game/MapGenerator_Mike/MapGenerator.MapGenerator:PersistentLevel.MapGenerator' with GeneratedClass '/Game/MapGenerator_Mike/MapGenerator.MapGenerator_C' with ClassGeneratedBy '/Game/MapGenerator_Mike/MapGenerator.MapGenerator:PersistentLevel.MapGenerator'
[2018.09.20-11.44.49:000][169]LogPlayLevel: PlayLevel: No blueprints needed recompiling
[2018.09.20-11.44.49:000][169]PIE: New page: PIE session: MapGenerator (Sep 20, 2018, 3:44:49 AM)
[2018.09.20-11.44.49:000][169]LogPlayLevel: Creating play world package: /Game/MapGenerator_Mike/UEDPIE_0_MapGenerator
[2018.09.20-11.44.49:002][169]LogPlayLevel: PIE: StaticDuplicateObject took: (0.001073s)
[2018.09.20-11.44.49:002][169]LogAIModule: Creating AISystem for world MapGenerator
[2018.09.20-11.44.49:002][169]LogPlayLevel: PIE: World Init took: (0.000493s)
[2018.09.20-11.44.49:002][169]LogPlayLevel: PIE: Created PIE world by copying editor world from /Game/MapGenerator_Mike/MapGenerator.MapGenerator to /Game/MapGenerator_Mike/UEDPIE_0_MapGenerator.MapGenerator (0.001647s)
[2018.09.20-11.44.49:036][169]LogInit: XAudio2 using 'Speakers (4- USB Audio Device)' : 2 channels at 48 kHz using 16 bits per sample (channel mask 0x3)
[2018.09.20-11.44.49:044][169]LogInit: FAudioDevice initialized.
[2018.09.20-11.44.49:053][169]LogSlate: Updating window title bar state: overlay mode, drag disabled, window buttons hidden, title bar hidden
[2018.09.20-11.44.49:094][169]LogLoad: Game class is 'TopDownGameMode_C'
[2018.09.20-11.44.49:095][169]LogWorld: Bringing World /Game/MapGenerator_Mike/UEDPIE_0_MapGenerator.MapGenerator up for play (max tick rate 60) at 2018.09.20-07.44.49
[2018.09.20-11.44.49:095][169]LogWorld: Bringing up level for play took: 0.000357
[2018.09.20-11.44.49:110][169]LogBlueprintUserMessages: [MapGenerator_BP_4] 2
[2018.09.20-11.44.49:111][169]LogBlueprintUserMessages: [MapGenerator_BP_4] 9
