Log file open, 09/28/18 19:31:44
LogWindows: Failed to load 'aqProf.dll' (GetLastError=126)
LogWindows: File 'aqProf.dll' does not exist
LogWindows: Failed to load 'VSPerf140.dll' (GetLastError=126)
LogWindows: File 'VSPerf140.dll' does not exist
LogWindows: Failed to load 'VtuneApi.dll' (GetLastError=126)
LogWindows: File 'VtuneApi.dll' does not exist
LogWindows: Failed to load 'VtuneApi32e.dll' (GetLastError=126)
LogWindows: File 'VtuneApi32e.dll' does not exist
LogInit: Display: Running engine for game: ASH_Game
LogPlatformFile: Not using cached read wrapper
LogTaskGraph: Started task graph with 5 named threads and 23 total threads with 3 sets of task threads.
LogStats: Stats thread started at 0.279556
LogD3D11RHI: Loaded GFSDK_Aftermath_Lib.x64.dll
LogICUInternationalization: Display: ICU TimeZone Detection - Raw Offset: -5:00, Platform Override: ''
LogPluginManager: Mounting plugin Paper2D
LogPluginManager: Mounting plugin AISupport
LogPluginManager: Mounting plugin LightPropagationVolume
LogPluginManager: Mounting plugin CLionSourceCodeAccess
LogPluginManager: Mounting plugin CodeLiteSourceCodeAccess
LogPluginManager: Mounting plugin GitSourceControl
LogPluginManager: Mounting plugin KDevelopSourceCodeAccess
LogPluginManager: Mounting plugin NullSourceCodeAccess
LogPluginManager: Mounting plugin PerforceSourceControl
LogPluginManager: Mounting plugin SubversionSourceControl
LogPluginManager: Mounting plugin UObjectPlugin
LogPluginManager: Mounting plugin VisualStudioCodeSourceCodeAccess
LogPluginManager: Mounting plugin VisualStudioSourceCodeAccess
LogPluginManager: Mounting plugin XCodeSourceCodeAccess
LogPluginManager: Mounting plugin AssetManagerEditor
LogPluginManager: Mounting plugin CryptoKeys
LogPluginManager: Mounting plugin DataValidation
LogPluginManager: Mounting plugin FacialAnimation
LogPluginManager: Mounting plugin GameplayTagsEditor
LogPluginManager: Mounting plugin MacGraphicsSwitching
LogPluginManager: Mounting plugin MeshEditor
LogPluginManager: Mounting plugin MobileLauncherProfileWizard
LogPluginManager: Mounting plugin PluginBrowser
LogPluginManager: Mounting plugin SpeedTreeImporter
LogPluginManager: Mounting plugin DatasmithContent
LogPluginManager: Mounting plugin AlembicImporter
LogPluginManager: Mounting plugin AppleImageUtils
LogPluginManager: Mounting plugin AppleVision
LogPluginManager: Mounting plugin BackChannel
LogPluginManager: Mounting plugin CharacterAI
LogPluginManager: Mounting plugin GeometryCache
LogPluginManager: Mounting plugin HTML5Networking
LogPluginManager: Mounting plugin ProxyLODPlugin
LogPluginManager: Mounting plugin MagicLeap
LogPluginManager: Mounting plugin MagicLeapEmulator
LogPluginManager: Mounting plugin MagicLeapMedia
LogPluginManager: Mounting plugin AndroidMedia
LogPluginManager: Mounting plugin AvfMedia
LogPluginManager: Mounting plugin ImgMedia
LogPluginManager: Mounting plugin LinearTimecode
LogPluginManager: Mounting plugin MediaCompositing
LogPluginManager: Mounting plugin MediaPlayerEditor
LogPluginManager: Mounting plugin WmfMedia
LogPluginManager: Mounting plugin TcpMessaging
LogPluginManager: Mounting plugin UdpMessaging
LogPluginManager: Mounting plugin ActorSequence
LogPluginManager: Mounting plugin LevelSequenceEditor
LogPluginManager: Mounting plugin MatineeToLevelSequence
LogPluginManager: Mounting plugin NetcodeUnitTest
LogPluginManager: Mounting plugin NUTUnrealEngine4
LogPluginManager: Mounting plugin OnlineSubsystemGooglePlay
LogPluginManager: Mounting plugin OnlineSubsystemIOS
LogPluginManager: Mounting plugin OnlineSubsystem
LogPluginManager: Mounting plugin OnlineSubsystemNull
LogPluginManager: Mounting plugin OnlineSubsystemUtils
LogPluginManager: Mounting plugin LauncherChunkInstaller
LogPluginManager: Mounting plugin AndroidDeviceProfileSelector
LogPluginManager: Mounting plugin AndroidMoviePlayer
LogPluginManager: Mounting plugin AndroidPermission
LogPluginManager: Mounting plugin AppleMoviePlayer
LogPluginManager: Mounting plugin ArchVisCharacter
LogPluginManager: Mounting plugin AudioCapture
LogPluginManager: Mounting plugin CableComponent
LogPluginManager: Mounting plugin CustomMeshComponent
LogPluginManager: Mounting plugin EditableMesh
LogPluginManager: Mounting plugin ExampleDeviceProfileSelector
LogPluginManager: Mounting plugin GoogleCloudMessaging
LogPluginManager: Mounting plugin ImmediatePhysics
LogPluginManager: Mounting plugin IOSDeviceProfileSelector
LogPluginManager: Mounting plugin LinuxDeviceProfileSelector
LogPluginManager: Mounting plugin LocationServicesBPLibrary
LogPluginManager: Mounting plugin MobilePatchingUtils
LogPluginManager: Mounting plugin OculusVR
LogPluginManager: Plugin shader directory ../../../Engine/Plugins/Runtime/Oculus/OculusVR/Shaders found
LogPluginManager: Mapping shader source directory ../../../Engine/Plugins/Runtime/Oculus/OculusVR/Shaders to virtual directory /Plugin/OculusVR
LogPluginManager: Mounting plugin PhysXVehicles
LogPluginManager: Mounting plugin ProceduralMeshComponent
LogPluginManager: Mounting plugin RuntimePhysXCooking
LogPluginManager: Mounting plugin SteamVR
LogPluginManager: Mounting plugin WindowsMoviePlayer
LogStreaming: Display: Took  0.136s to configure plugins.
LogInit: Using libcurl 7.55.1-DEV
LogInit:  - built for x86_64-pc-win32
LogInit:  - supports SSL with OpenSSL/1.0.2h
LogInit:  - supports HTTP deflate (compression) using libz 1.2.8
LogInit:  - other features:
LogInit:      CURL_VERSION_SSL
LogInit:      CURL_VERSION_LIBZ
LogInit:      CURL_VERSION_IPV6
LogInit:      CURL_VERSION_ASYNCHDNS
LogInit:      CURL_VERSION_LARGEFILE
LogInit:      CURL_VERSION_IDN
LogInit:  CurlRequestOptions (configurable via config and command line):
LogInit:  - bVerifyPeer = false  - Libcurl will NOT verify peer certificate
LogInit:  - bUseHttpProxy = false  - Libcurl will NOT use HTTP proxy
LogInit:  - bDontReuseConnections = false  - Libcurl will reuse connections
LogInit:  - CertBundlePath = nullptr  - Libcurl will use whatever was configured at build time.
LogInit:  - MaxHostConnections = 16  - Libcurl will limit the number of connections to a host
LogInit:  - LocalHostAddr = Default
LogInit:  - BufferSize = 65536
LogInit: WinSock: version 1.1 (2.2), MaxSocks=32767, MaxUdp=65467
LogInit: Build: ++UE4+Release-4.20-CL-4302132
LogInit: Engine Version: 4.20.2-4302132+++UE4+Release-4.20
LogInit: Compatible Engine Version: 4.20.0-4212847+++UE4+Release-4.20
LogInit: Net CL: 4212847
LogInit: OS: Windows 10 (), CPU: Intel(R) Core(TM) i7-7700HQ CPU @ 2.80GHz, GPU: NVIDIA GeForce GTX 1070
LogInit: Compiled (64-bit): Aug 21 2018 02:06:06
LogInit: Compiled with Visual C++: 19.13.26129.00
LogInit: Build Configuration: Development
LogInit: Branch Name: ++UE4+Release-4.20
LogInit: Command Line: -EpicPortal 
LogInit: Base Directory: D:/UE_4.20/Engine/Binaries/Win64/
LogInit: Installed Engine Build: 1
LogDevObjectVersion: Number of dev versions registered: 20
LogDevObjectVersion:   Dev-Blueprints (B0D832E4-1F89-4F0D-ACCF-7EB736FD4AA2): 10
LogDevObjectVersion:   Dev-Build (E1C64328-A22C-4D53-A36C-8E866417BD8C): 0
LogDevObjectVersion:   Dev-Core (375EC13C-06E4-48FB-B500-84F0262A717E): 2
LogDevObjectVersion:   Dev-Editor (E4B068ED-F494-42E9-A231-DA0B2E46BB41): 24
LogDevObjectVersion:   Dev-Framework (CFFC743F-43B0-4480-9391-14DF171D2073): 34
LogDevObjectVersion:   Dev-Mobile (B02B49B5-BB20-44E9-A304-32B752E40360): 2
LogDevObjectVersion:   Dev-Networking (A4E4105C-59A1-49B5-A7C5-40C4547EDFEE): 0
LogDevObjectVersion:   Dev-Online (39C831C9-5AE6-47DC-9A44-9C173E1C8E7C): 0
LogDevObjectVersion:   Dev-Physics (78F01B33-EBEA-4F98-B9B4-84EACCB95AA2): 0
LogDevObjectVersion:   Dev-Platform (6631380F-2D4D-43E0-8009-CF276956A95A): 0
LogDevObjectVersion:   Dev-Rendering (12F88B9F-8875-4AFC-A67C-D90C383ABD29): 26
LogDevObjectVersion:   Dev-Sequencer (7B5AE74C-D270-4C10-A958-57980B212A5A): 9
LogDevObjectVersion:   Dev-VR (D7296918-1DD6-4BDD-9DE2-64A83CC13884): 2
LogDevObjectVersion:   Dev-LoadTimes (C2A15278-BFE7-4AFE-6C17-90FF531DF755): 1
LogDevObjectVersion:   Private-Geometry (6EACA3D4-40EC-4CC1-B786-8BED09428FC5): 3
LogDevObjectVersion:   Dev-AnimPhys (29E575DD-E0A3-4627-9D10-D276232CDCEA): 17
LogDevObjectVersion:   Dev-ReflectionCapture (6B266CEC-1EC7-4B8F-A30B-E4D90942FC07): 1
LogDevObjectVersion:   Dev-Automation (0DF73D61-A23F-47EA-B727-89E90C41499A): 1
LogDevObjectVersion:   FortniteMain (601D1886-AC64-4F84-AA16-D3DE0DEAC7D6): 12
LogDevObjectVersion:   Dev-Enterprise (9DFFBCD6-494F-0158-E221-12823C92A888): 1
LogStreaming: Display: Took  0.002s to delete old logs.
LogInit: Presizing for max 8388607 objects, including 0 objects not considered by GC, pre-allocating 0 bytes for permanent pool.
LogInit: Object subsystem initialized
[2018.09.28-23.31.44:519][  0]LogInit: Selected Device Profile: [Windows]
[2018.09.28-23.31.44:519][  0]LogInit: Applying CVar settings loaded from the selected device profile: [Windows]
[2018.09.28-23.31.44:573][  0]LogHAL: Display: Platform has ~ 16 GB [17046728704 / 17179869184 / 16], which maps to Larger [LargestMinGB=32, LargerMinGB=12, DefaultMinGB=8, SmallerMinGB=6, SmallestMinGB=0)
[2018.09.28-23.31.44:573][  0]LogInit: Setting Device Profile CVar: [[r.Vulkan.UseRealUBs:1]]
[2018.09.28-23.31.44:573][  0]LogInit: Going up to parent DeviceProfile []
[2018.09.28-23.31.44:574][  0]LogInit: Computer: DESKTOP-S49REJ4
[2018.09.28-23.31.44:574][  0]LogInit: User: ryanv
[2018.09.28-23.31.44:574][  0]LogInit: CPU Page size=4096, Cores=4
[2018.09.28-23.31.44:574][  0]LogInit: High frequency timer resolution =2.742187 MHz
[2018.09.28-23.31.44:574][  0]LogMemory: Memory total: Physical=15.9GB (16GB approx)
[2018.09.28-23.31.44:574][  0]LogMemory: Platform Memory Stats for Windows
[2018.09.28-23.31.44:574][  0]LogMemory: Process Physical Memory: 100.25 MB used, 100.25 MB peak
[2018.09.28-23.31.44:574][  0]LogMemory: Process Virtual Memory: 91.04 MB used, 91.04 MB peak
[2018.09.28-23.31.44:574][  0]LogMemory: Physical Memory: 7253.80 MB used,  9003.23 MB free, 16257.03 MB total
[2018.09.28-23.31.44:574][  0]LogMemory: Virtual Memory: 4644.98 MB used,  9003.23 MB free, 134217728.00 MB total
[2018.09.28-23.31.44:913][  0]LogInit: Using OS detected language (en-US).
[2018.09.28-23.31.44:913][  0]LogInit: Using OS detected locale (en-CA).
[2018.09.28-23.31.44:914][  0]LogTextLocalizationManager: No specific localization for 'en-US' exists, so the 'en' localization will be used.
[2018.09.28-23.31.45:308][  0]LogStreaming: Display: Took  0.395s to InitEngineTextLocalization.
[2018.09.28-23.31.45:308][  0]LogInit: Setting process to per monitor DPI aware
[2018.09.28-23.31.45:338][  0]LogSlate: New Slate User Created.  User Index 0, Is Virtual User: 0
[2018.09.28-23.31.45:338][  0]LogSlate: Slate User Registered.  User Index 0, Is Virtual User: 0
[2018.09.28-23.31.51:185][  0]LogHMD: Failed to initialize OpenVR with code 108
[2018.09.28-23.31.51:185][  0]LogD3D11RHI: D3D11 adapters:
[2018.09.28-23.31.51:227][  0]LogD3D11RHI:    0. 'NVIDIA GeForce GTX 1070' (Feature Level 11_0)
[2018.09.28-23.31.51:227][  0]LogD3D11RHI:       8074/0/8128 MB DedicatedVideo/DedicatedSystem/SharedSystem, Outputs:1, VendorId:0x10de
[2018.09.28-23.31.51:752][  0]LogD3D11RHI:    1. 'Intel(R) HD Graphics 630' (Feature Level 11_0)
[2018.09.28-23.31.51:752][  0]LogD3D11RHI:       128/0/8128 MB DedicatedVideo/DedicatedSystem/SharedSystem, Outputs:0, VendorId:0x8086
[2018.09.28-23.31.51:754][  0]LogD3D11RHI:    2. 'Microsoft Basic Render Driver' (Feature Level 11_0)
[2018.09.28-23.31.51:754][  0]LogD3D11RHI:       0/0/8128 MB DedicatedVideo/DedicatedSystem/SharedSystem, Outputs:0, VendorId:0x1414
[2018.09.28-23.31.51:754][  0]LogD3D11RHI: Chosen D3D11 Adapter: 0
[2018.09.28-23.31.51:762][  0]LogD3D11RHI: Creating new Direct3DDevice
[2018.09.28-23.31.51:762][  0]LogD3D11RHI:     GPU DeviceId: 0x1be1 (for the marketing name, search the web for "GPU Device Id")
[2018.09.28-23.31.51:762][  0]LogWindows: EnumDisplayDevices:
[2018.09.28-23.31.51:762][  0]LogWindows:    0. 'NVIDIA GeForce GTX 1070' (P:1 D:1)
[2018.09.28-23.31.51:763][  0]LogWindows:    1. 'NVIDIA GeForce GTX 1070' (P:0 D:0)
[2018.09.28-23.31.51:763][  0]LogWindows:    2. 'NVIDIA GeForce GTX 1070' (P:0 D:0)
[2018.09.28-23.31.51:763][  0]LogWindows:    3. 'NVIDIA GeForce GTX 1070' (P:0 D:0)
[2018.09.28-23.31.51:763][  0]LogWindows:    4. 'Intel(R) HD Graphics 630' (P:0 D:0)
[2018.09.28-23.31.51:764][  0]LogWindows:    5. 'Intel(R) HD Graphics 630' (P:0 D:0)
[2018.09.28-23.31.51:764][  0]LogWindows:    6. 'Intel(R) HD Graphics 630' (P:0 D:0)
[2018.09.28-23.31.51:765][  0]LogWindows: DebugString: PrimaryIsNotTheChoosenAdapter PrimaryIsNotTheChoosenAdapter PrimaryIsNotTheChoosenAdapter FoundDriverCount:4 
[2018.09.28-23.31.51:765][  0]LogD3D11RHI:     Adapter Name: NVIDIA GeForce GTX 1070
[2018.09.28-23.31.51:765][  0]LogD3D11RHI:   Driver Version: 385.14 (internal:22.21.13.8514, unified:385.14)
[2018.09.28-23.31.51:765][  0]LogD3D11RHI:      Driver Date: 7-30-2017
[2018.09.28-23.31.51:765][  0]LogRHI: Texture pool is 5651 MB (70% of 8074 MB)
[2018.09.28-23.31.51:788][  0]LogD3D11RHI: Async texture creation enabled
[2018.09.28-23.31.51:799][  0]LogD3D11RHI: GPU Timing Frequency: 1000.000000 (Debug: 2 1)
[2018.09.28-23.31.51:846][  0]LogShaderCompilers: Guid format shader working directory is 1 characters bigger than the processId version (../../../../GameDev/_Projects/A.S.H/ASH_Game/Intermediate/Shaders/WorkingDirectory/18144/).
[2018.09.28-23.31.51:846][  0]LogShaderCompilers: Cleaned the shader compiler working directory 'C:/Users/ryanv/AppData/Local/Temp/UnrealShaderWorkingDir/42EA4BE9412A082D6BB7CCB1A29ED325/'.
[2018.09.28-23.31.52:180][  0]LogTemp: Display: Loaded TP AllDesktopTargetPlatform
[2018.09.28-23.31.52:194][  0]LogTemp: Display: Loaded TP MacClientTargetPlatform
[2018.09.28-23.31.52:207][  0]LogTemp: Display: Loaded TP MacNoEditorTargetPlatform
[2018.09.28-23.31.52:219][  0]LogTemp: Display: Loaded TP MacServerTargetPlatform
[2018.09.28-23.31.52:233][  0]LogTemp: Display: Loaded TP MacTargetPlatform
[2018.09.28-23.31.52:245][  0]LogTemp: Display: Loaded TP WindowsClientTargetPlatform
[2018.09.28-23.31.52:257][  0]LogTemp: Display: Loaded TP WindowsNoEditorTargetPlatform
[2018.09.28-23.31.52:270][  0]LogTemp: Display: Loaded TP WindowsServerTargetPlatform
[2018.09.28-23.31.52:275][  0]LogTemp: Display: Loaded TP WindowsTargetPlatform
[2018.09.28-23.31.52:350][  0]LogTemp: Display: Loaded TP AndroidTargetPlatform
[2018.09.28-23.31.52:350][  0]LogTemp: Display: Loaded TP AndroidTargetPlatform
[2018.09.28-23.31.52:350][  0]LogTemp: Display: Loaded TP AndroidTargetPlatform
[2018.09.28-23.31.52:350][  0]LogTemp: Display: Loaded TP AndroidTargetPlatform
[2018.09.28-23.31.52:350][  0]LogTemp: Display: Loaded TP AndroidTargetPlatform
[2018.09.28-23.31.52:350][  0]LogTemp: Display: Loaded TP AndroidTargetPlatform
[2018.09.28-23.31.52:350][  0]LogTemp: Display: Loaded TP AndroidTargetPlatform
[2018.09.28-23.31.52:350][  0]LogTemp: Display: Loaded TP AndroidTargetPlatform
[2018.09.28-23.31.52:350][  0]LogTemp: Display: Loaded TP AndroidTargetPlatform
[2018.09.28-23.31.52:350][  0]LogTemp: Display: Loaded TP AndroidTargetPlatform
[2018.09.28-23.31.52:350][  0]LogTemp: Display: Loaded TP AndroidTargetPlatform
[2018.09.28-23.31.52:350][  0]LogTemp: Display: Loaded TP AndroidTargetPlatform
[2018.09.28-23.31.52:350][  0]LogTemp: Display: Loaded TP AndroidTargetPlatform
[2018.09.28-23.31.52:350][  0]LogTemp: Display: Loaded TP AndroidTargetPlatform
[2018.09.28-23.31.52:350][  0]LogTemp: Display: Loaded TP AndroidTargetPlatform
[2018.09.28-23.31.52:350][  0]LogTemp: Display: Loaded TP AndroidTargetPlatform
[2018.09.28-23.31.52:350][  0]LogTemp: Display: Loaded TP AndroidTargetPlatform
[2018.09.28-23.31.52:350][  0]LogTemp: Display: Loaded TP AndroidTargetPlatform
[2018.09.28-23.31.52:351][  0]LogTemp: Display: Loaded TP HTML5TargetPlatform
[2018.09.28-23.31.52:410][  0]LogTemp: Display: Loaded TP IOSTargetPlatform
[2018.09.28-23.31.52:410][  0]LogTemp: Display: Loaded TP IOSTargetPlatform
[2018.09.28-23.31.52:434][  0]LogTemp: Display: Loaded TP TVOSTargetPlatform
[2018.09.28-23.31.52:434][  0]LogTemp: Display: Loaded TP TVOSTargetPlatform
[2018.09.28-23.31.52:446][  0]LogTemp: Display: Loaded TP LinuxClientTargetPlatform
[2018.09.28-23.31.52:459][  0]LogTemp: Display: Loaded TP LinuxNoEditorTargetPlatform
[2018.09.28-23.31.52:471][  0]LogTemp: Display: Loaded TP LinuxServerTargetPlatform
[2018.09.28-23.31.52:483][  0]LogTemp: Display: Loaded TP LinuxTargetPlatform
[2018.09.28-23.31.52:493][  0]LogTemp: Display: Loaded TP LuminTargetPlatform
[2018.09.28-23.31.52:493][  0]LogTargetPlatformManager: Display: Building Assets For Windows
[2018.09.28-23.31.52:536][  0]LogXGEController: Cannot use XGE Controller as Incredibuild is not installed on this machine.
[2018.09.28-23.31.52:536][  0]LogShaderCompilers: Cannot use XGE Shader Compiler as Incredibuild is not installed on this machine.
[2018.09.28-23.31.52:536][  0]LogShaderCompilers: Display: Using Local Shader Compiler.
[2018.09.28-23.31.53:226][  0]LogDerivedDataCache: Display: Max Cache Size: 512 MB
[2018.09.28-23.31.53:282][  0]LogDerivedDataCache: Loaded boot cache 0.06s 71MB C:/Users/ryanv/AppData/Local/UnrealEngine/4.20/DerivedDataCache/Boot.ddc.
[2018.09.28-23.31.53:283][  0]LogDerivedDataCache: Display: Loaded Boot cache: C:/Users/ryanv/AppData/Local/UnrealEngine/4.20/DerivedDataCache/Boot.ddc
[2018.09.28-23.31.53:283][  0]LogDerivedDataCache: FDerivedDataBackendGraph:  Pak pak cache file ../../../../GameDev/_Projects/A.S.H/ASH_Game/DerivedDataCache/DDC.ddp not found, will not use a pak cache.
[2018.09.28-23.31.53:283][  0]LogDerivedDataCache: Unable to find inner node Pak for hierarchical cache Hierarchy.
[2018.09.28-23.31.53:283][  0]LogDerivedDataCache: FDerivedDataBackendGraph:  CompressedPak pak cache file ../../../../GameDev/_Projects/A.S.H/ASH_Game/DerivedDataCache/Compressed.ddp not found, will not use a pak cache.
[2018.09.28-23.31.53:283][  0]LogDerivedDataCache: Unable to find inner node CompressedPak for hierarchical cache Hierarchy.
[2018.09.28-23.31.53:296][  0]LogDerivedDataCache: Display: Pak cache opened for reading ../../../Engine/DerivedDataCache/Compressed.ddp.
[2018.09.28-23.31.53:309][  0]LogDerivedDataCache: Using Local data cache path C:/Users/ryanv/AppData/Local/UnrealEngine/Common/DerivedDataCache: Writable
[2018.09.28-23.31.53:309][  0]LogDerivedDataCache: Shared data cache path not found in *engine.ini, will not use an Shared cache.
[2018.09.28-23.31.53:309][  0]LogDerivedDataCache: Unable to find inner node Shared for hierarchical cache Hierarchy.
[2018.09.28-23.31.53:328][  0]LogMaterial: Verifying Global Shaders for PCD3D_SM5
[2018.09.28-23.31.53:329][  0]LogSlate: Using FreeType 2.6.0
[2018.09.28-23.31.53:330][  0]LogSlate: SlateFontServices - WITH_FREETYPE: 1, WITH_HARFBUZZ: 1
[2018.09.28-23.31.53:401][  0]LogAssetRegistry: FAssetRegistry took 0.0260 seconds to start up
[2018.09.28-23.31.53:703][  0]LogInit: Selected Device Profile: [Windows]
[2018.09.28-23.31.53:828][  0]LogSimplygon: Simplygon DLL not present - disabling.
[2018.09.28-23.31.53:831][  0]LogMeshReduction: Using SimplygonSwarm for distributed automatic mesh merging
[2018.09.28-23.31.53:831][  0]LogMeshReduction: Using ProxyLODMeshReduction for automatic mesh merging
[2018.09.28-23.31.53:831][  0]LogMeshReduction: Using QuadricMeshReduction for automatic static mesh reduction
[2018.09.28-23.31.53:831][  0]LogMeshReduction: No automatic skeletal mesh reduction module available
[2018.09.28-23.31.53:845][  0]LogNetVersion: ASH_Game 1.0.0, NetCL: 4212847, EngineNetVer: 5, GameNetVer: 0 (Checksum: 1471675654)
[2018.09.28-23.31.54:402][  0]LogPackageLocalizationCache: Processed 11 localized package path(s) for 2 prioritized culture(s) in 0.101687 seconds
[2018.09.28-23.31.54:409][  0]LogUObjectArray: 38425 objects as part of root set at end of initial load.
[2018.09.28-23.31.54:409][  0]LogUObjectAllocator: 6690864 out of 0 bytes used by permanent object pool.
[2018.09.28-23.31.54:409][  0]LogUObjectArray: CloseDisregardForGC: 0/0 objects in disregard for GC pool
[2018.09.28-23.31.55:197][  0]LogTcpMessaging: Initializing TcpMessaging bridge
[2018.09.28-23.31.55:211][  0]LogUdpMessaging: Initializing bridge on interface 0.0.0.0:0 to multicast group 230.0.0.1:6666.
[2018.09.28-23.31.55:348][  0]SourceControl: Source control is disabled
[2018.09.28-23.31.55:348][  0]SourceControl: Source control is disabled
[2018.09.28-23.31.55:349][  0]SourceControl: Source control is disabled
[2018.09.28-23.31.55:349][  0]SourceControl: Source control is disabled
[2018.09.28-23.31.55:499][  0]LogAndroidPermission: UAndroidPermissionCallbackProxy::GetInstance
[2018.09.28-23.31.55:566][  0]LogOcInput: OculusInput pre-init called
[2018.09.28-23.31.55:621][  0]LogEngine: Initializing Engine...
[2018.09.28-23.32.01:117][  0]LogHMD: Failed to initialize OpenVR with code 108
[2018.09.28-23.32.01:118][  0]LogStats: UGameplayTagsManager::ConstructGameplayTagTree: ImportINI prefixes -  0.000 s
[2018.09.28-23.32.01:118][  0]LogStats: UGameplayTagsManager::ConstructGameplayTagTree: Construct from data asset -  0.000 s
[2018.09.28-23.32.01:119][  0]LogStats: UGameplayTagsManager::ConstructGameplayTagTree: ImportINI -  0.000 s
[2018.09.28-23.32.01:119][  0]LogStats: UGameplayTagsManager::ConstructGameplayTagTree: GameplayTagTreeChangedEvent.Broadcast -  0.000 s
[2018.09.28-23.32.01:397][  0]LogInit: Initializing FReadOnlyCVARCache
[2018.09.28-23.32.01:408][  0]LogAIModule: Creating AISystem for world Untitled
[2018.09.28-23.32.01:427][  0]LogInit: XAudio2 using 'Speakers / Headphones (Realtek Audio)' : 6 channels at 48 kHz using 32 bits per sample (channel mask 0x3f)
[2018.09.28-23.32.01:499][  0]LogInit: FAudioDevice initialized.
[2018.09.28-23.32.01:500][  0]LogNetVersion: Set ProjectVersion to 1.0.0.0. Version Checksum will be recalculated on next use.
[2018.09.28-23.32.01:586][  0]LogDerivedDataCache: Saved boot cache 0.09s 71MB C:/Users/ryanv/AppData/Local/UnrealEngine/4.20/DerivedDataCache/Boot.ddc.
[2018.09.28-23.32.01:589][  0]LogInit: Texture streaming: Enabled
[2018.09.28-23.32.01:601][  0]LogEngineSessionManager: EngineSessionManager initialized
[2018.09.28-23.32.01:730][  0]LogInit: Transaction tracking system initialized
[2018.09.28-23.32.01:746][  0]BlueprintLog: New page: Editor Load
[2018.09.28-23.32.01:801][  0]LocalizationService: Localization service is disabled
[2018.09.28-23.32.02:130][  0]LogCook: Display: Max memory allowance for cook 16384mb min free memory 0mb
[2018.09.28-23.32.02:130][  0]LogCook: Display: Mobile HDR setting 1
[2018.09.28-23.32.02:137][  0]LogFileCache: Scanning file cache for directory 'D:/GameDev/_Projects/A.S.H/ASH_Game/Content/' took 0.03s
[2018.09.28-23.32.02:138][  0]LogGameplayTags: Display: UGameplayTagsManager::DoneAddingNativeTags. DelegateIsBound: 0
[2018.09.28-23.32.02:138][  0]LogStats: UGameplayTagsManager::ConstructGameplayTagTree: ImportINI prefixes -  0.000 s
[2018.09.28-23.32.02:138][  0]LogStats: UGameplayTagsManager::ConstructGameplayTagTree: Construct from data asset -  0.000 s
[2018.09.28-23.32.02:138][  0]LogStats: UGameplayTagsManager::ConstructGameplayTagTree: ImportINI -  0.000 s
[2018.09.28-23.32.02:138][  0]LogStats: UGameplayTagsManager::ConstructGameplayTagTree: GameplayTagTreeChangedEvent.Broadcast -  0.000 s
[2018.09.28-23.32.02:242][  0]SourceControl: Source control is disabled
[2018.09.28-23.32.02:243][  0]Cmd: MAP LOAD FILE="../../../../GameDev/_Projects/A.S.H/ASH_Game/Content/UI-Rick/MainMenuTest.umap" TEMPLATE=0 SHOWPROGRESS=1 FEATURELEVEL=3
[2018.09.28-23.32.02:243][  0]LightingResults: New page: Lighting Build
[2018.09.28-23.32.02:245][  0]MapCheck: New page: Map Check
[2018.09.28-23.32.02:245][  0]LightingResults: New page: Lighting Build
[2018.09.28-23.32.03:738][  0]LogAIModule: Creating AISystem for world MainMenuTest
[2018.09.28-23.32.03:738][  0]LogEditorServer: Finished looking for orphan Actors (0.000 secs)
[2018.09.28-23.32.03:770][  0]Cmd: MAP CHECKDEP NOCLEARLOG
[2018.09.28-23.32.03:826][  0]MapCheck: Map check complete: 0 Error(s), 0 Warning(s), took 56.026ms to complete.
[2018.09.28-23.32.03:826][  0]LogFileHelpers: Loading map 'MainMenuTest' took 1.583
[2018.09.28-23.32.04:567][  0]LogSlate: Updating window title bar state: overlay mode, drag disabled, window buttons hidden, title bar hidden
[2018.09.28-23.32.04:630][  0]LogSlate: Updating window title bar state: overlay mode, drag disabled, window buttons hidden, title bar hidden
[2018.09.28-23.32.04:639][  0]LogSlate: Updating window title bar state: overlay mode, drag disabled, window buttons hidden, title bar hidden
[2018.09.28-23.32.04:647][  0]LogSlate: Updating window title bar state: overlay mode, drag disabled, window buttons hidden, title bar hidden
[2018.09.28-23.32.04:721][  0]LogCollectionManager: Loaded 0 collections in 0.000965 seconds
[2018.09.28-23.32.04:863][  0]LogFileCache: Scanning file cache for directory 'D:/GameDev/_Projects/A.S.H/ASH_Game/Saved/Collections/' took 0.01s
[2018.09.28-23.32.04:863][  0]LogFileCache: Scanning file cache for directory 'D:/GameDev/_Projects/A.S.H/ASH_Game/Content/Developers/ryanv/Collections/' took 0.01s
[2018.09.28-23.32.04:863][  0]LogFileCache: Scanning file cache for directory 'D:/GameDev/_Projects/A.S.H/ASH_Game/Content/Collections/' took 0.01s
[2018.09.28-23.32.04:863][  0]LogCollectionManager: Rebuilt the GUID cache for 0 collections in 0.000000 seconds
[2018.09.28-23.32.04:875][  0]LogContentBrowser: Native class hierarchy populated in 0.0103 seconds. Added 2572 classes and 603 folders.
[2018.09.28-23.32.04:971][  0]LogContentBrowser: Native class hierarchy updated for 'WidgetCarousel' in 0.0002 seconds. Added 0 classes and 0 folders.
[2018.09.28-23.32.06:081][  0]LogContentBrowser: Native class hierarchy updated for 'AddContentDialog' in 0.0003 seconds. Added 0 classes and 0 folders.
[2018.09.28-23.32.06:128][  0]LogContentBrowser: Native class hierarchy updated for 'SceneOutliner' in 0.0002 seconds. Added 1 classes and 2 folders.
[2018.09.28-23.32.07:275][  0]LogSlate: Took 0.000225 seconds to synchronously load lazily loaded font '../../../Engine/Content/Slate/Fonts/Roboto-Regular.ttf' (155K)
[2018.09.28-23.32.07:277][  0]LogSlate: Took 0.000226 seconds to synchronously load lazily loaded font '../../../Engine/Content/Slate/Fonts/Roboto-Bold.ttf' (160K)
[2018.09.28-23.32.07:342][  0]LogSlate: Took 0.014080 seconds to synchronously load lazily loaded font '../../../Engine/Content/Editor/Slate/Fonts/FontAwesome.ttf' (139K)
[2018.09.28-23.32.07:807][  0]LogRenderer: Reallocating scene render targets to support 1028x388 Format 10 NumSamples 1 (Frame:1).
[2018.09.28-23.32.08:357][  0]LogContentBrowser: Native class hierarchy updated for 'HierarchicalLODOutliner' in 0.0002 seconds. Added 0 classes and 0 folders.
[2018.09.28-23.32.08:357][  0]LogLoad: (Engine Initialization) Total time: 26.08 seconds
[2018.09.28-23.32.08:357][  0]LogLoad: (Engine Initialization) Total Blueprint compile time: 0.00 seconds
[2018.09.28-23.32.08:549][  0]LogContentStreaming: Texture pool size now 1000 MB
[2018.09.28-23.32.08:636][  1]LogFileCache: Retrieving MD5 hashes for directory 'D:/GameDev/_Projects/A.S.H/ASH_Game/Content/' took 0.21s
[2018.09.28-23.32.08:757][  2]LogAssetRegistry: Asset discovery search completed in 15.3782 seconds
[2018.09.28-23.32.08:758][  2]LogCollectionManager: Rebuilt the object cache for 0 collections in 0.000000 seconds (found 0 objects)
[2018.09.28-23.32.08:759][  2]LogCollectionManager: Fixed up redirectors for 0 collections in 0.000064 seconds (updated 0 objects)
[2018.09.28-23.34.49:054][509]LogSlate: FSceneViewport::OnFocusLost() reason 0
[2018.09.28-23.34.54:928][827]LogSlate: Took 0.017428 seconds to synchronously load lazily loaded font '../../../Engine/Content/Slate/Fonts/Roboto-Light.ttf' (167K)
[2018.09.28-23.35.11:136][781]Cmd: MAP LOAD FILE="../../../../GameDev/_Projects/A.S.H/ASH_Game/Content/TopDownBP/Maps/RoomCreationLand.umap" TEMPLATE=0 SHOWPROGRESS=1 FEATURELEVEL=3
[2018.09.28-23.35.11:164][781]LogSlate: Took 0.000163 seconds to synchronously load lazily loaded font '../../../Engine/Content/Slate/Fonts/Roboto-Light.ttf' (167K)
[2018.09.28-23.35.11:178][781]LightingResults: New page: Lighting Build
[2018.09.28-23.35.11:178][781]LoadErrors: New page: Loading map: RoomCreationLand.umap
[2018.09.28-23.35.11:180][781]MapCheck: New page: Map Check
[2018.09.28-23.35.11:180][781]LightingResults: New page: Lighting Build
[2018.09.28-23.35.15:387][781]LogTexture: Display: Building textures: select_character (AutoDXT, 512X512)
[2018.09.28-23.35.15:387][781]LogTexture: Display: Building textures: vanguard_specular (AutoDXT, 1024X1024)
[2018.09.28-23.35.15:589][781]LogTexture: Display: Building textures: vanguard_diffuse (AutoDXT, 1024X1024)
[2018.09.28-23.35.15:589][781]LogTexture: Display: Building textures: vanguard_normal (BC5, 1024X1024)
[2018.09.28-23.35.15:964][781]LogAnimationCompression: Building Anim DDC data for AnimSequence /Game/TopDownBP/Blueprints/Assets_Erick/PlayerCharacter/Death/vanguard_t_choonyung_Death.vanguard_t_choonyung_Death
[2018.09.28-23.35.15:972][781]LogAnimationCompression: Recompressing (AnimSequence /Game/TopDownBP/Blueprints/Assets_Erick/PlayerCharacter/Death/vanguard_t_choonyung_Death.vanguard_t_choonyung_Death) using current/default (AnimCompress_BitwiseCompressOnly_0) bFirstRecompressUsingCurrentOrDefault(1) bTryAlternateCompressor(0) IsCompressedDataValid(0)
[2018.09.28-23.35.16:283][781]LogMaterial: Display: Missing cached shader map for material Vanguard_VisorMat, compiling. 
[2018.09.28-23.35.16:446][781]LogSkeletalMesh: Building Skeletal Mesh vanguard-TPose...
[2018.09.28-23.35.16:494][781]LogShaderCompilers: Display: Shaders left to compile 60
[2018.09.28-23.35.16:494][781]LogShaderCompilers: Display: Shaders left to compile 50
[2018.09.28-23.35.16:494][781]LogShaderCompilers: Display: Shaders left to compile 40
[2018.09.28-23.35.16:494][781]LogShaderCompilers: Display: Shaders left to compile 30
[2018.09.28-23.35.16:494][781]LogSkeletalMesh: Built Skeletal Mesh [0.05s] /Game/TopDownBP/Blueprints/Assets_Erick/PlayerCharacter/vanguard-TPose.vanguard-TPose
[2018.09.28-23.35.16:952][781]LogAudioDerivedData: Display: Building compressed audio format OGG hash OGG wave FOOTSTEP_Generic_Metal_Hollow_Run_RR2_mono...
[2018.09.28-23.35.16:953][781]LogTemp: Couldn't find amount to resample to.
[2018.09.28-23.35.17:072][781]LogAudioDerivedData: Display: Building compressed audio format OGG hash OGG wave FOOTSTEP_Generic_Metal_Hollow_Run_RR1_mono...
[2018.09.28-23.35.17:072][781]LogTemp: Couldn't find amount to resample to.
[2018.09.28-23.35.17:247][781]LogAudioDerivedData: Display: Building compressed audio format OGG hash OGG wave FOOTSTEP_Generic_Metal_Hollow_Run_RR3_mono...
[2018.09.28-23.35.17:247][781]LogTemp: Couldn't find amount to resample to.
[2018.09.28-23.35.17:254][781]LogAudioDerivedData: Display: Building compressed audio format OGG hash OGG wave FOOTSTEP_Generic_Metal_Hollow_Run_RR4_mono...
[2018.09.28-23.35.17:254][781]LogTemp: Couldn't find amount to resample to.
[2018.09.28-23.35.17:343][781]LogAudioDerivedData: Display: Building compressed audio format OGG hash OGG wave FOOTSTEP_Generic_Metal_Hollow_Run_RR6_mono...
[2018.09.28-23.35.17:343][781]LogTemp: Couldn't find amount to resample to.
[2018.09.28-23.35.17:351][781]LogAudioDerivedData: Display: Building compressed audio format OGG hash OGG wave FOOTSTEP_Generic_Metal_Hollow_Run_RR5_mono...
[2018.09.28-23.35.17:351][781]LogTemp: Couldn't find amount to resample to.
[2018.09.28-23.35.17:393][781]LogAudioDerivedData: Display: Building compressed audio format OGG hash OGG wave FOOTSTEP_Generic_Metal_Hollow_Run_RR8_mono...
[2018.09.28-23.35.17:393][781]LogTemp: Couldn't find amount to resample to.
[2018.09.28-23.35.17:401][781]LogAudioDerivedData: Display: Building compressed audio format OGG hash OGG wave FOOTSTEP_Generic_Metal_Hollow_Run_RR7_mono...
[2018.09.28-23.35.17:401][781]LogTemp: Couldn't find amount to resample to.
[2018.09.28-23.35.17:411][781]LogMaterial: Display: Missing cached shader map for material VanguardBodyMat, compiling. 
[2018.09.28-23.35.17:446][781]LogAnimationCompression: Building Anim DDC data for AnimSequence /Game/TopDownBP/Blueprints/Assets_Erick/PlayerCharacter/Walking_Anim.Walking_Anim
[2018.09.28-23.35.17:446][781]LogAnimationCompression: Recompressing (AnimSequence /Game/TopDownBP/Blueprints/Assets_Erick/PlayerCharacter/Walking_Anim.Walking_Anim) using current/default (AnimCompress_BitwiseCompressOnly_0) bFirstRecompressUsingCurrentOrDefault(1) bTryAlternateCompressor(0) IsCompressedDataValid(0)
[2018.09.28-23.35.17:447][781]LogAnimationCompression: Building Anim DDC data for AnimSequence /Game/TopDownBP/Blueprints/Assets_Erick/PlayerCharacter/Running_Anim.Running_Anim
[2018.09.28-23.35.17:447][781]LogAnimationCompression: Recompressing (AnimSequence /Game/TopDownBP/Blueprints/Assets_Erick/PlayerCharacter/Running_Anim.Running_Anim) using current/default (AnimCompress_BitwiseCompressOnly_0) bFirstRecompressUsingCurrentOrDefault(1) bTryAlternateCompressor(0) IsCompressedDataValid(0)
[2018.09.28-23.35.17:476][781]LogAnimationCompression: Building Anim DDC data for AnimSequence /Game/TopDownBP/Blueprints/Assets_Erick/PlayerCharacter/Idle_Anim.Idle_Anim
[2018.09.28-23.35.17:476][781]LogAnimationCompression: Recompressing (AnimSequence /Game/TopDownBP/Blueprints/Assets_Erick/PlayerCharacter/Idle_Anim.Idle_Anim) using current/default (AnimCompress_BitwiseCompressOnly_0) bFirstRecompressUsingCurrentOrDefault(1) bTryAlternateCompressor(0) IsCompressedDataValid(0)
[2018.09.28-23.35.17:479][781]LogAnimationCompression: Building Anim DDC data for AnimSequence /Game/TopDownBP/Blueprints/Assets_Erick/PlayerCharacter/Picking_Up_Anim.Picking_Up_Anim
[2018.09.28-23.35.17:479][781]LogAnimationCompression: Recompressing (AnimSequence /Game/TopDownBP/Blueprints/Assets_Erick/PlayerCharacter/Picking_Up_Anim.Picking_Up_Anim) using current/default (AnimCompress_BitwiseCompressOnly_0) bFirstRecompressUsingCurrentOrDefault(1) bTryAlternateCompressor(0) IsCompressedDataValid(0)
[2018.09.28-23.35.17:483][781]LogAnimationCompression: Building Anim DDC data for AnimSequence /Game/TopDownBP/Blueprints/Assets_Erick/PlayerCharacter/Givingitem_Anim.Givingitem_Anim
[2018.09.28-23.35.17:483][781]LogAnimationCompression: Recompressing (AnimSequence /Game/TopDownBP/Blueprints/Assets_Erick/PlayerCharacter/Givingitem_Anim.Givingitem_Anim) using current/default (AnimCompress_BitwiseCompressOnly_0) bFirstRecompressUsingCurrentOrDefault(1) bTryAlternateCompressor(0) IsCompressedDataValid(0)
[2018.09.28-23.35.17:485][781]LogAnimationCompression: Building Anim DDC data for AnimSequence /Game/TopDownBP/Blueprints/Assets_Erick/PlayerCharacter/Death/vanguard_t_choonyung_Rifle_Death.vanguard_t_choonyung_Rifle_Death
[2018.09.28-23.35.17:485][781]LogAnimationCompression: Recompressing (AnimSequence /Game/TopDownBP/Blueprints/Assets_Erick/PlayerCharacter/Death/vanguard_t_choonyung_Rifle_Death.vanguard_t_choonyung_Rifle_Death) using current/default (AnimCompress_BitwiseCompressOnly_0) bFirstRecompressUsingCurrentOrDefault(1) bTryAlternateCompressor(0) IsCompressedDataValid(0)
[2018.09.28-23.35.17:576][781]LogAnimationCompression: Building Anim DDC data for AnimSequence /Game/TopDownBP/Blueprints/Assets_Erick/PlayerCharacter/Death/vanguard_t_choonyung_Death_From_Front_Headshot.vanguard_t_choonyung_Death_From_Front_Headshot
[2018.09.28-23.35.17:576][781]LogAnimationCompression: Recompressing (AnimSequence /Game/TopDownBP/Blueprints/Assets_Erick/PlayerCharacter/Death/vanguard_t_choonyung_Death_From_Front_Headshot.vanguard_t_choonyung_Death_From_Front_Headshot) using current/default (AnimCompress_BitwiseCompressOnly_0) bFirstRecompressUsingCurrentOrDefault(1) bTryAlternateCompressor(0) IsCompressedDataValid(0)
[2018.09.28-23.35.17:668][781]LogAIModule: Creating AISystem for world RoomCreationLand
[2018.09.28-23.35.18:571][781]LogEditorServer: Finished looking for orphan Actors (0.000 secs)
[2018.09.28-23.35.18:714][781]Cmd: MAP CHECKDEP NOCLEARLOG
[2018.09.28-23.35.18:806][781]MapCheck: Map check complete: 0 Error(s), 0 Warning(s), took 91.635ms to complete.
[2018.09.28-23.35.18:806][781]LogFileHelpers: Loading map 'RoomCreationLand' took 7.671
[2018.09.28-23.35.18:819][781]LogSlate: Window 'Open Level' being destroyed
[2018.09.28-23.35.21:244][907]LogShaderCompilers: Display: Shaders left to compile 80
[2018.09.28-23.35.21:320][910]LogShaderCompilers: Display: Shaders left to compile 70
[2018.09.28-23.35.22:380][974]LogShaderCompilers: Display: Shaders left to compile 60
[2018.09.28-23.35.22:595][987]LogShaderCompilers: Display: Shaders left to compile 50
[2018.09.28-23.35.23:663][ 51]LogShaderCompilers: Display: Shaders left to compile 40
[2018.09.28-23.35.24:432][ 97]LogShaderCompilers: Display: Shaders left to compile 30
[2018.09.28-23.35.24:540][102]LogShaderCompilers: Display: Shaders left to compile 20
[2018.09.28-23.35.26:082][193]LogShaderCompilers: Display: Shaders left to compile 10
[2018.09.28-23.35.56:937][932]LogSlate: FSceneViewport::OnFocusLost() reason 2
[2018.09.28-23.37.02:430][847]LogSlate: FSceneViewport::OnFocusLost() reason 0
[2018.09.28-23.37.50:882][216]LogAssetEditorManager: Opening Asset editor for Blueprint /Game/TopDownBP/Blueprints/Enemy_SpawnPoints/Rooms/SPECIAL_ROOM_1A.SPECIAL_ROOM_1A
[2018.09.28-23.37.52:064][216]LogContentBrowser: Native class hierarchy updated for 'BlueprintGraph' in 0.0006 seconds. Added 116 classes and 0 folders.
[2018.09.28-23.37.54:039][216]LogSlate: Took 0.023361 seconds to synchronously load lazily loaded font '../../../Engine/Content/Slate/Fonts/Roboto-BoldCondensed.ttf' (158K)
[2018.09.28-23.38.14:151][393]LogRenderer: Reallocating scene render targets to support 1028x600 Format 10 NumSamples 1 (Frame:1).
[2018.09.28-23.38.25:281][ 51]LogSlate: FSceneViewport::OnFocusLost() reason 0
[2018.09.28-23.38.27:434][175]LogAssetEditorManager: Opening Asset editor for Blueprint /Game/TopDownBP/Blueprints/Enemy_SpawnPoints/Rooms/SPECIAL_ROOM_2A.SPECIAL_ROOM_2A
[2018.09.28-23.38.34:861][569]LogSlate: Took 0.042782 seconds to synchronously load lazily loaded font '../../../Engine/Content/Slate/Fonts/Roboto-Italic.ttf' (157K)
[2018.09.28-23.38.36:011][637]LogSlate: FSceneViewport::OnFocusLost() reason 0
[2018.09.28-23.38.46:425][227]BlueprintLog: New page: Compile SPECIAL_ROOM_2A
[2018.09.28-23.38.48:433][301]LogSavePackage: Moving '../../../../GameDev/_Projects/A.S.H/ASH_Game/Saved/SPECIAL_ROOM_2A3342E4C745203EC3D50A70B18E830A2C.tmp' to '../../../../GameDev/_Projects/A.S.H/ASH_Game/Content/TopDownBP/Blueprints/Enemy_SpawnPoints/Rooms/SPECIAL_ROOM_2A.uasset'
[2018.09.28-23.38.51:768][487]LogSlate: FSceneViewport::OnFocusLost() reason 0
[2018.09.28-23.38.57:187][806]LogSlate: FSceneViewport::OnFocusLost() reason 0
[2018.09.28-23.38.57:287][812]BlueprintLog: New page: Compile SPECIAL_ROOM_1A
[2018.09.28-23.38.57:704][819]LogSavePackage: Moving '../../../../GameDev/_Projects/A.S.H/ASH_Game/Saved/SPECIAL_ROOM_1AA02B1A60468088508A8394961C2C312C.tmp' to '../../../../GameDev/_Projects/A.S.H/ASH_Game/Content/TopDownBP/Blueprints/Enemy_SpawnPoints/Rooms/SPECIAL_ROOM_1A.uasset'
[2018.09.28-23.39.20:359][897]LogSlate: FSceneViewport::OnFocusLost() reason 2
[2018.09.28-23.39.37:996][817]LogTexture: Display: Building textures: EXO_specular (AutoDXT, 1024X1024)
[2018.09.28-23.39.37:996][817]LogTexture: Display: Building textures: EXO_diffuse (AutoDXT, 2048X2048)
[2018.09.28-23.39.37:996][817]LogTexture: Display: Building textures: EXO_normal (BC5, 2048X2048)
[2018.09.28-23.39.37:996][817]LogMaterial: Display: Missing cached shader map for material Exo_MAT, compiling. 
[2018.09.28-23.39.38:033][817]LogShaderCompilers: Display: Shaders left to compile 60
[2018.09.28-23.39.38:033][817]LogShaderCompilers: Display: Shaders left to compile 50
[2018.09.28-23.39.38:033][817]LogShaderCompilers: Display: Shaders left to compile 40
[2018.09.28-23.39.38:033][817]LogShaderCompilers: Display: Shaders left to compile 30
[2018.09.28-23.39.41:141][998]LogShaderCompilers: Display: Shaders left to compile 20
[2018.09.28-23.39.41:599][ 25]LogShaderCompilers: Display: Shaders left to compile 10
[2018.09.28-23.40.40:521][537]LogSlate: FSceneViewport::OnFocusLost() reason 2
[2018.09.28-23.40.46:767][896]LogSlate: FSceneViewport::OnFocusLost() reason 2
[2018.09.28-23.41.14:346][143]LogSlate: FSceneViewport::OnFocusLost() reason 0
[2018.09.28-23.41.14:845][171]LogRenderer: Reallocating scene render targets to support 1416x900 Format 10 NumSamples 1 (Frame:1068).
[2018.09.28-23.41.17:389][317]LogAssetEditorManager: Opening Asset editor for Blueprint /Game/TopDownBP/Blueprints/Enemy_SpawnPoints/Rooms/SPECIAL_ROOM_3A.SPECIAL_ROOM_3A
[2018.09.28-23.41.20:305][468]LogSlate: FSceneViewport::OnFocusLost() reason 0
[2018.09.28-23.41.23:983][677]BlueprintLog: New page: Compile SPECIAL_ROOM_3A
[2018.09.28-23.41.24:548][693]LogSavePackage: Moving '../../../../GameDev/_Projects/A.S.H/ASH_Game/Saved/SPECIAL_ROOM_3A3A9261D8460F60557D22C6A4B2EE9224.tmp' to '../../../../GameDev/_Projects/A.S.H/ASH_Game/Content/TopDownBP/Blueprints/Enemy_SpawnPoints/Rooms/SPECIAL_ROOM_3A.uasset'
[2018.09.28-23.42.22:825][921]LogSlate: FSceneViewport::OnFocusLost() reason 2
[2018.09.28-23.42.30:158][352]LogEditorTransaction: Undo Edit Static Mesh
[2018.09.28-23.42.30:627][374]LogEditorTransaction: Undo Edit Static Mesh
[2018.09.28-23.42.31:169][405]LogEditorTransaction: Undo Replace component used material
[2018.09.28-23.42.33:119][520]LogSlate: FSceneViewport::OnFocusLost() reason 0
[2018.09.28-23.42.35:126][634]LogSlate: FSceneViewport::OnFocusLost() reason 2
[2018.09.28-23.42.38:901][855]LogSlate: FSceneViewport::OnFocusLost() reason 0
[2018.09.28-23.42.39:523][888]LogSavePackage: Moving '../../../../GameDev/_Projects/A.S.H/ASH_Game/Saved/SPECIAL_ROOM_1A9CD1E2D645C76E2A699D3BA659E7962A.tmp' to '../../../../GameDev/_Projects/A.S.H/ASH_Game/Content/TopDownBP/Blueprints/Enemy_SpawnPoints/Rooms/SPECIAL_ROOM_1A.uasset'
[2018.09.28-23.42.40:615][953]BlueprintLog: New page: Compile SPECIAL_ROOM_1A
[2018.09.28-23.42.41:293][973]LogSavePackage: Moving '../../../../GameDev/_Projects/A.S.H/ASH_Game/Saved/SPECIAL_ROOM_1AC54BD1FC4BFFD7FCD317BAA2178B7E9C.tmp' to '../../../../GameDev/_Projects/A.S.H/ASH_Game/Content/TopDownBP/Blueprints/Enemy_SpawnPoints/Rooms/SPECIAL_ROOM_1A.uasset'
[2018.09.28-23.42.43:180][ 84]LogAssetEditorManager: Opening Asset editor for Blueprint /Game/TopDownBP/Blueprints/Enemy_SpawnPoints/Rooms/SPECIAL_ROOM_4A.SPECIAL_ROOM_4A
[2018.09.28-23.42.46:070][231]LogSlate: FSceneViewport::OnFocusLost() reason 0
[2018.09.28-23.42.50:474][484]BlueprintLog: New page: Compile SPECIAL_ROOM_4A
[2018.09.28-23.42.50:968][497]LogSavePackage: Moving '../../../../GameDev/_Projects/A.S.H/ASH_Game/Saved/SPECIAL_ROOM_4A511085F64021E64954DD6EA5AB2E99C3.tmp' to '../../../../GameDev/_Projects/A.S.H/ASH_Game/Content/TopDownBP/Blueprints/Enemy_SpawnPoints/Rooms/SPECIAL_ROOM_4A.uasset'
[2018.09.28-23.42.53:012][618]LogAssetEditorManager: Opening Asset editor for Blueprint /Game/TopDownBP/Blueprints/Enemy_SpawnPoints/Rooms/SPECIAL_ROOM_5A.SPECIAL_ROOM_5A
[2018.09.28-23.42.56:276][787]LogSlate: FSceneViewport::OnFocusLost() reason 0
[2018.09.28-23.42.59:593][976]BlueprintLog: New page: Compile SPECIAL_ROOM_5A
[2018.09.28-23.43.00:040][986]LogSavePackage: Moving '../../../../GameDev/_Projects/A.S.H/ASH_Game/Saved/SPECIAL_ROOM_5ADB21A4CC41437F2C92597BBBC20B19FD.tmp' to '../../../../GameDev/_Projects/A.S.H/ASH_Game/Content/TopDownBP/Blueprints/Enemy_SpawnPoints/Rooms/SPECIAL_ROOM_5A.uasset'
