Log file open, 09/27/18 09:23:33
LogWindows: Failed to load 'aqProf.dll' (GetLastError=126)
LogWindows: File 'aqProf.dll' does not exist
LogWindows: Failed to load 'VSPerf140.dll' (GetLastError=126)
LogWindows: File 'VSPerf140.dll' does not exist
LogWindows: Failed to load 'VtuneApi.dll' (GetLastError=126)
LogWindows: File 'VtuneApi.dll' does not exist
LogWindows: Failed to load 'VtuneApi32e.dll' (GetLastError=126)
LogWindows: File 'VtuneApi32e.dll' does not exist
LogInit: Display: Running engine for game: ASH_Game
LogPlatformFile: Not using cached read wrapper
LogTaskGraph: Started task graph with 5 named threads and 35 total threads with 3 sets of task threads.
LogStats: Stats thread started at 0.418912
LogD3D11RHI: Loaded GFSDK_Aftermath_Lib.x64.dll
LogICUInternationalization: Display: ICU TimeZone Detection - Raw Offset: -5:00, Platform Override: ''
LogPluginManager: Mounting plugin Paper2D
LogPluginManager: Mounting plugin AISupport
LogPluginManager: Mounting plugin LightPropagationVolume
LogPluginManager: Mounting plugin CLionSourceCodeAccess
LogPluginManager: Mounting plugin CodeLiteSourceCodeAccess
LogPluginManager: Mounting plugin GitSourceControl
LogPluginManager: Mounting plugin KDevelopSourceCodeAccess
LogPluginManager: Mounting plugin NullSourceCodeAccess
LogPluginManager: Mounting plugin PerforceSourceControl
LogPluginManager: Mounting plugin SubversionSourceControl
LogPluginManager: Mounting plugin UObjectPlugin
LogPluginManager: Mounting plugin VisualStudioCodeSourceCodeAccess
LogPluginManager: Mounting plugin VisualStudioSourceCodeAccess
LogPluginManager: Mounting plugin XCodeSourceCodeAccess
LogPluginManager: Mounting plugin AssetManagerEditor
LogPluginManager: Mounting plugin CryptoKeys
LogPluginManager: Mounting plugin DataValidation
LogPluginManager: Mounting plugin FacialAnimation
LogPluginManager: Mounting plugin GameplayTagsEditor
LogPluginManager: Mounting plugin MacGraphicsSwitching
LogPluginManager: Mounting plugin MeshEditor
LogPluginManager: Mounting plugin MobileLauncherProfileWizard
LogPluginManager: Mounting plugin PluginBrowser
LogPluginManager: Mounting plugin SpeedTreeImporter
LogPluginManager: Mounting plugin DatasmithContent
LogPluginManager: Mounting plugin AlembicImporter
LogPluginManager: Mounting plugin AppleImageUtils
LogPluginManager: Mounting plugin AppleVision
LogPluginManager: Mounting plugin BackChannel
LogPluginManager: Mounting plugin CharacterAI
LogPluginManager: Mounting plugin GeometryCache
LogPluginManager: Mounting plugin HTML5Networking
LogPluginManager: Mounting plugin ProxyLODPlugin
LogPluginManager: Mounting plugin MagicLeap
LogPluginManager: Mounting plugin MagicLeapEmulator
LogPluginManager: Mounting plugin MagicLeapMedia
LogPluginManager: Mounting plugin AndroidMedia
LogPluginManager: Mounting plugin AvfMedia
LogPluginManager: Mounting plugin ImgMedia
LogPluginManager: Mounting plugin LinearTimecode
LogPluginManager: Mounting plugin MediaCompositing
LogPluginManager: Mounting plugin MediaPlayerEditor
LogPluginManager: Mounting plugin WmfMedia
LogPluginManager: Mounting plugin TcpMessaging
LogPluginManager: Mounting plugin UdpMessaging
LogPluginManager: Mounting plugin ActorSequence
LogPluginManager: Mounting plugin LevelSequenceEditor
LogPluginManager: Mounting plugin MatineeToLevelSequence
LogPluginManager: Mounting plugin NetcodeUnitTest
LogPluginManager: Mounting plugin NUTUnrealEngine4
LogPluginManager: Mounting plugin OnlineSubsystemGooglePlay
LogPluginManager: Mounting plugin OnlineSubsystemIOS
LogPluginManager: Mounting plugin OnlineSubsystem
LogPluginManager: Mounting plugin OnlineSubsystemNull
LogPluginManager: Mounting plugin OnlineSubsystemUtils
LogPluginManager: Mounting plugin LauncherChunkInstaller
LogPluginManager: Mounting plugin AndroidDeviceProfileSelector
LogPluginManager: Mounting plugin AndroidMoviePlayer
LogPluginManager: Mounting plugin AndroidPermission
LogPluginManager: Mounting plugin AppleMoviePlayer
LogPluginManager: Mounting plugin ArchVisCharacter
LogPluginManager: Mounting plugin AudioCapture
LogPluginManager: Mounting plugin CableComponent
LogPluginManager: Mounting plugin CustomMeshComponent
LogPluginManager: Mounting plugin EditableMesh
LogPluginManager: Mounting plugin ExampleDeviceProfileSelector
LogPluginManager: Mounting plugin GoogleCloudMessaging
LogPluginManager: Mounting plugin ImmediatePhysics
LogPluginManager: Mounting plugin IOSDeviceProfileSelector
LogPluginManager: Mounting plugin LinuxDeviceProfileSelector
LogPluginManager: Mounting plugin LocationServicesBPLibrary
LogPluginManager: Mounting plugin MobilePatchingUtils
LogPluginManager: Mounting plugin OculusVR
LogPluginManager: Plugin shader directory ../../../Engine/Plugins/Runtime/Oculus/OculusVR/Shaders found
LogPluginManager: Mapping shader source directory ../../../Engine/Plugins/Runtime/Oculus/OculusVR/Shaders to virtual directory /Plugin/OculusVR
LogPluginManager: Mounting plugin PhysXVehicles
LogPluginManager: Mounting plugin ProceduralMeshComponent
LogPluginManager: Mounting plugin RuntimePhysXCooking
LogPluginManager: Mounting plugin SteamVR
LogPluginManager: Mounting plugin WindowsMoviePlayer
LogStreaming: Display: Took  0.897s to configure plugins.
LogInit: Using libcurl 7.55.1-DEV
LogInit:  - built for x86_64-pc-win32
LogInit:  - supports SSL with OpenSSL/1.0.2h
LogInit:  - supports HTTP deflate (compression) using libz 1.2.8
LogInit:  - other features:
LogInit:      CURL_VERSION_SSL
LogInit:      CURL_VERSION_LIBZ
LogInit:      CURL_VERSION_IPV6
LogInit:      CURL_VERSION_ASYNCHDNS
LogInit:      CURL_VERSION_LARGEFILE
LogInit:      CURL_VERSION_IDN
LogInit:  CurlRequestOptions (configurable via config and command line):
LogInit:  - bVerifyPeer = false  - Libcurl will NOT verify peer certificate
LogInit:  - bUseHttpProxy = false  - Libcurl will NOT use HTTP proxy
LogInit:  - bDontReuseConnections = false  - Libcurl will reuse connections
LogInit:  - CertBundlePath = nullptr  - Libcurl will use whatever was configured at build time.
LogInit:  - MaxHostConnections = 16  - Libcurl will limit the number of connections to a host
LogInit:  - LocalHostAddr = Default
LogInit:  - BufferSize = 65536
LogInit: WinSock: version 1.1 (2.2), MaxSocks=32767, MaxUdp=65467
LogInit: Build: ++UE4+Release-4.20-CL-4369336
LogInit: Engine Version: 4.20.3-4369336+++UE4+Release-4.20
LogInit: Compatible Engine Version: 4.20.0-4212847+++UE4+Release-4.20
LogInit: Net CL: 4212847
LogInit: OS: Windows 10 (), CPU: Intel(R) Core(TM) i7-8750H CPU @ 2.20GHz, GPU: NVIDIA GeForce GTX 1060
LogInit: Compiled (64-bit): Sep 17 2018 12:26:19
LogInit: Compiled with Visual C++: 19.13.26129.00
LogInit: Build Configuration: Development
LogInit: Branch Name: ++UE4+Release-4.20
LogInit: Command Line: 
LogInit: Base Directory: D:/UE_4.20/Engine/Binaries/Win64/
LogInit: Installed Engine Build: 1
LogDevObjectVersion: Number of dev versions registered: 20
LogDevObjectVersion:   Dev-Blueprints (B0D832E4-1F89-4F0D-ACCF-7EB736FD4AA2): 10
LogDevObjectVersion:   Dev-Build (E1C64328-A22C-4D53-A36C-8E866417BD8C): 0
LogDevObjectVersion:   Dev-Core (375EC13C-06E4-48FB-B500-84F0262A717E): 2
LogDevObjectVersion:   Dev-Editor (E4B068ED-F494-42E9-A231-DA0B2E46BB41): 24
LogDevObjectVersion:   Dev-Framework (CFFC743F-43B0-4480-9391-14DF171D2073): 34
LogDevObjectVersion:   Dev-Mobile (B02B49B5-BB20-44E9-A304-32B752E40360): 2
LogDevObjectVersion:   Dev-Networking (A4E4105C-59A1-49B5-A7C5-40C4547EDFEE): 0
LogDevObjectVersion:   Dev-Online (39C831C9-5AE6-47DC-9A44-9C173E1C8E7C): 0
LogDevObjectVersion:   Dev-Physics (78F01B33-EBEA-4F98-B9B4-84EACCB95AA2): 0
LogDevObjectVersion:   Dev-Platform (6631380F-2D4D-43E0-8009-CF276956A95A): 0
LogDevObjectVersion:   Dev-Rendering (12F88B9F-8875-4AFC-A67C-D90C383ABD29): 26
LogDevObjectVersion:   Dev-Sequencer (7B5AE74C-D270-4C10-A958-57980B212A5A): 9
LogDevObjectVersion:   Dev-VR (D7296918-1DD6-4BDD-9DE2-64A83CC13884): 2
LogDevObjectVersion:   Dev-LoadTimes (C2A15278-BFE7-4AFE-6C17-90FF531DF755): 1
LogDevObjectVersion:   Private-Geometry (6EACA3D4-40EC-4CC1-B786-8BED09428FC5): 3
LogDevObjectVersion:   Dev-AnimPhys (29E575DD-E0A3-4627-9D10-D276232CDCEA): 17
LogDevObjectVersion:   Dev-ReflectionCapture (6B266CEC-1EC7-4B8F-A30B-E4D90942FC07): 1
LogDevObjectVersion:   Dev-Automation (0DF73D61-A23F-47EA-B727-89E90C41499A): 1
LogDevObjectVersion:   FortniteMain (601D1886-AC64-4F84-AA16-D3DE0DEAC7D6): 12
LogDevObjectVersion:   Dev-Enterprise (9DFFBCD6-494F-0158-E221-12823C92A888): 1
LogStreaming: Display: Took  0.173s to delete old logs.
LogInit: Presizing for max 8388607 objects, including 0 objects not considered by GC, pre-allocating 0 bytes for permanent pool.
LogInit: Object subsystem initialized
[2018.09.27-13.23.34:875][  0]LogInit: Selected Device Profile: [Windows]
[2018.09.27-13.23.34:875][  0]LogInit: Applying CVar settings loaded from the selected device profile: [Windows]
[2018.09.27-13.23.34:919][  0]LogHAL: Display: Platform has ~ 16 GB [17028878336 / 17179869184 / 16], which maps to Larger [LargestMinGB=32, LargerMinGB=12, DefaultMinGB=8, SmallerMinGB=6, SmallestMinGB=0)
[2018.09.27-13.23.34:919][  0]LogInit: Setting Device Profile CVar: [[r.Vulkan.UseRealUBs:1]]
[2018.09.27-13.23.34:919][  0]LogInit: Going up to parent DeviceProfile []
[2018.09.27-13.23.34:919][  0]LogInit: Computer: DESKTOP-EQNU1S5
[2018.09.27-13.23.34:919][  0]LogInit: User: XENO
[2018.09.27-13.23.34:920][  0]LogInit: CPU Page size=4096, Cores=6
[2018.09.27-13.23.34:920][  0]LogInit: High frequency timer resolution =2.156250 MHz
[2018.09.27-13.23.34:920][  0]LogMemory: Memory total: Physical=15.9GB (16GB approx)
[2018.09.27-13.23.34:920][  0]LogMemory: Platform Memory Stats for Windows
[2018.09.27-13.23.34:920][  0]LogMemory: Process Physical Memory: 101.37 MB used, 101.37 MB peak
[2018.09.27-13.23.34:920][  0]LogMemory: Process Virtual Memory: 85.82 MB used, 85.82 MB peak
[2018.09.27-13.23.34:920][  0]LogMemory: Physical Memory: 5465.32 MB used,  10774.68 MB free, 16240.00 MB total
[2018.09.27-13.23.34:920][  0]LogMemory: Virtual Memory: 4657.25 MB used,  10774.68 MB free, 134217728.00 MB total
[2018.09.27-13.23.35:321][  0]LogInit: Using OS detected language (en-US).
[2018.09.27-13.23.35:321][  0]LogInit: Using OS detected locale (en-CA).
[2018.09.27-13.23.35:322][  0]LogTextLocalizationManager: No specific localization for 'en-US' exists, so the 'en' localization will be used.
[2018.09.27-13.23.35:671][  0]LogStreaming: Display: Took  0.351s to InitEngineTextLocalization.
[2018.09.27-13.23.35:672][  0]LogInit: Setting process to per monitor DPI aware
[2018.09.27-13.23.35:700][  0]LogSlate: New Slate User Created.  User Index 0, Is Virtual User: 0
[2018.09.27-13.23.35:700][  0]LogSlate: Slate User Registered.  User Index 0, Is Virtual User: 0
[2018.09.27-13.23.35:891][  0]LogHMD: Failed to initialize OpenVR with code 110
[2018.09.27-13.23.35:891][  0]LogD3D11RHI: D3D11 adapters:
[2018.09.27-13.23.35:938][  0]LogD3D11RHI:    0. 'NVIDIA GeForce GTX 1060' (Feature Level 11_0)
[2018.09.27-13.23.35:938][  0]LogD3D11RHI:       6061/0/8120 MB DedicatedVideo/DedicatedSystem/SharedSystem, Outputs:2, VendorId:0x10de
[2018.09.27-13.23.35:961][  0]LogD3D11RHI:    1. 'Intel(R) UHD Graphics 630' (Feature Level 11_0)
[2018.09.27-13.23.35:961][  0]LogD3D11RHI:       128/0/8120 MB DedicatedVideo/DedicatedSystem/SharedSystem, Outputs:0, VendorId:0x8086
[2018.09.27-13.23.35:963][  0]LogD3D11RHI:    2. 'Microsoft Basic Render Driver' (Feature Level 11_0)
[2018.09.27-13.23.35:963][  0]LogD3D11RHI:       0/0/8120 MB DedicatedVideo/DedicatedSystem/SharedSystem, Outputs:0, VendorId:0x1414
[2018.09.27-13.23.35:963][  0]LogD3D11RHI: Chosen D3D11 Adapter: 0
[2018.09.27-13.23.35:971][  0]LogD3D11RHI: Creating new Direct3DDevice
[2018.09.27-13.23.35:971][  0]LogD3D11RHI:     GPU DeviceId: 0x1c60 (for the marketing name, search the web for "GPU Device Id")
[2018.09.27-13.23.35:971][  0]LogWindows: EnumDisplayDevices:
[2018.09.27-13.23.35:971][  0]LogWindows:    0. 'NVIDIA GeForce GTX 1060' (P:1 D:1)
[2018.09.27-13.23.35:971][  0]LogWindows:    1. 'NVIDIA GeForce GTX 1060' (P:0 D:1)
[2018.09.27-13.23.35:972][  0]LogWindows:    2. 'NVIDIA GeForce GTX 1060' (P:0 D:0)
[2018.09.27-13.23.35:972][  0]LogWindows:    3. 'NVIDIA GeForce GTX 1060' (P:0 D:0)
[2018.09.27-13.23.35:972][  0]LogWindows:    4. 'Intel(R) UHD Graphics 630' (P:0 D:0)
[2018.09.27-13.23.35:972][  0]LogWindows:    5. 'Intel(R) UHD Graphics 630' (P:0 D:0)
[2018.09.27-13.23.35:973][  0]LogWindows:    6. 'Intel(R) UHD Graphics 630' (P:0 D:0)
[2018.09.27-13.23.35:973][  0]LogWindows: DebugString: PrimaryIsNotTheChoosenAdapter PrimaryIsNotTheChoosenAdapter PrimaryIsNotTheChoosenAdapter FoundDriverCount:4 
[2018.09.27-13.23.35:973][  0]LogD3D11RHI:     Adapter Name: NVIDIA GeForce GTX 1060
[2018.09.27-13.23.35:973][  0]LogD3D11RHI:   Driver Version: 389.12 (internal:23.21.13.8912, unified:389.12)
[2018.09.27-13.23.35:973][  0]LogD3D11RHI:      Driver Date: 3-7-2018
[2018.09.27-13.23.35:973][  0]LogRHI: Texture pool is 4242 MB (70% of 6061 MB)
[2018.09.27-13.23.36:005][  0]LogD3D11RHI: Async texture creation enabled
[2018.09.27-13.23.36:016][  0]LogD3D11RHI: GPU Timing Frequency: 1000.000000 (Debug: 2 1)
[2018.09.27-13.23.36:064][  0]LogShaderCompilers: Guid format shader working directory is 4 characters bigger than the processId version (../../../../UnrealProjects/A.S.H/ASH_Game/Intermediate/Shaders/WorkingDirectory/1524/).
[2018.09.27-13.23.36:064][  0]LogShaderCompilers: Cleaned the shader compiler working directory 'C:/Users/XENO/AppData/Local/Temp/UnrealShaderWorkingDir/DA80A75446A0AEB73BAB6BAA4F5D6F0F/'.
[2018.09.27-13.23.36:323][  0]LogTemp: Display: Loaded TP AllDesktopTargetPlatform
[2018.09.27-13.23.36:336][  0]LogTemp: Display: Loaded TP MacClientTargetPlatform
[2018.09.27-13.23.36:349][  0]LogTemp: Display: Loaded TP MacNoEditorTargetPlatform
[2018.09.27-13.23.36:363][  0]LogTemp: Display: Loaded TP MacServerTargetPlatform
[2018.09.27-13.23.36:376][  0]LogTemp: Display: Loaded TP MacTargetPlatform
[2018.09.27-13.23.36:388][  0]LogTemp: Display: Loaded TP WindowsClientTargetPlatform
[2018.09.27-13.23.36:399][  0]LogTemp: Display: Loaded TP WindowsNoEditorTargetPlatform
[2018.09.27-13.23.36:410][  0]LogTemp: Display: Loaded TP WindowsServerTargetPlatform
[2018.09.27-13.23.36:415][  0]LogTemp: Display: Loaded TP WindowsTargetPlatform
[2018.09.27-13.23.36:519][  0]LogTemp: Display: Loaded TP AndroidTargetPlatform
[2018.09.27-13.23.36:519][  0]LogTemp: Display: Loaded TP AndroidTargetPlatform
[2018.09.27-13.23.36:519][  0]LogTemp: Display: Loaded TP AndroidTargetPlatform
[2018.09.27-13.23.36:519][  0]LogTemp: Display: Loaded TP AndroidTargetPlatform
[2018.09.27-13.23.36:519][  0]LogTemp: Display: Loaded TP AndroidTargetPlatform
[2018.09.27-13.23.36:519][  0]LogTemp: Display: Loaded TP AndroidTargetPlatform
[2018.09.27-13.23.36:519][  0]LogTemp: Display: Loaded TP AndroidTargetPlatform
[2018.09.27-13.23.36:519][  0]LogTemp: Display: Loaded TP AndroidTargetPlatform
[2018.09.27-13.23.36:519][  0]LogTemp: Display: Loaded TP AndroidTargetPlatform
[2018.09.27-13.23.36:519][  0]LogTemp: Display: Loaded TP AndroidTargetPlatform
[2018.09.27-13.23.36:519][  0]LogTemp: Display: Loaded TP AndroidTargetPlatform
[2018.09.27-13.23.36:519][  0]LogTemp: Display: Loaded TP AndroidTargetPlatform
[2018.09.27-13.23.36:519][  0]LogTemp: Display: Loaded TP AndroidTargetPlatform
[2018.09.27-13.23.36:519][  0]LogTemp: Display: Loaded TP AndroidTargetPlatform
[2018.09.27-13.23.36:520][  0]LogTemp: Display: Loaded TP AndroidTargetPlatform
[2018.09.27-13.23.36:520][  0]LogTemp: Display: Loaded TP AndroidTargetPlatform
[2018.09.27-13.23.36:520][  0]LogTemp: Display: Loaded TP AndroidTargetPlatform
[2018.09.27-13.23.36:520][  0]LogTemp: Display: Loaded TP AndroidTargetPlatform
[2018.09.27-13.23.36:521][  0]LogTemp: Display: Loaded TP HTML5TargetPlatform
[2018.09.27-13.23.36:586][  0]LogTemp: Display: Loaded TP IOSTargetPlatform
[2018.09.27-13.23.36:586][  0]LogTemp: Display: Loaded TP IOSTargetPlatform
[2018.09.27-13.23.36:611][  0]LogTemp: Display: Loaded TP TVOSTargetPlatform
[2018.09.27-13.23.36:611][  0]LogTemp: Display: Loaded TP TVOSTargetPlatform
[2018.09.27-13.23.36:624][  0]LogTemp: Display: Loaded TP LinuxClientTargetPlatform
[2018.09.27-13.23.36:640][  0]LogTemp: Display: Loaded TP LinuxNoEditorTargetPlatform
[2018.09.27-13.23.36:652][  0]LogTemp: Display: Loaded TP LinuxServerTargetPlatform
[2018.09.27-13.23.36:664][  0]LogTemp: Display: Loaded TP LinuxTargetPlatform
[2018.09.27-13.23.36:672][  0]LogTemp: Display: Loaded TP LuminTargetPlatform
[2018.09.27-13.23.36:672][  0]LogTargetPlatformManager: Display: Building Assets For Windows
[2018.09.27-13.23.36:717][  0]LogXGEController: Cannot use XGE Controller as Incredibuild is not installed on this machine.
[2018.09.27-13.23.36:717][  0]LogShaderCompilers: Cannot use XGE Shader Compiler as Incredibuild is not installed on this machine.
[2018.09.27-13.23.36:717][  0]LogShaderCompilers: Display: Using Local Shader Compiler.
[2018.09.27-13.23.37:536][  0]LogDerivedDataCache: Display: Max Cache Size: 512 MB
[2018.09.27-13.23.37:609][  0]LogDerivedDataCache: Loaded boot cache 0.07s 71MB C:/Users/XENO/AppData/Local/UnrealEngine/4.20/DerivedDataCache/Boot.ddc.
[2018.09.27-13.23.37:609][  0]LogDerivedDataCache: Display: Loaded Boot cache: C:/Users/XENO/AppData/Local/UnrealEngine/4.20/DerivedDataCache/Boot.ddc
[2018.09.27-13.23.37:610][  0]LogDerivedDataCache: FDerivedDataBackendGraph:  Pak pak cache file ../../../../UnrealProjects/A.S.H/ASH_Game/DerivedDataCache/DDC.ddp not found, will not use a pak cache.
[2018.09.27-13.23.37:610][  0]LogDerivedDataCache: Unable to find inner node Pak for hierarchical cache Hierarchy.
[2018.09.27-13.23.37:610][  0]LogDerivedDataCache: FDerivedDataBackendGraph:  CompressedPak pak cache file ../../../../UnrealProjects/A.S.H/ASH_Game/DerivedDataCache/Compressed.ddp not found, will not use a pak cache.
[2018.09.27-13.23.37:610][  0]LogDerivedDataCache: Unable to find inner node CompressedPak for hierarchical cache Hierarchy.
[2018.09.27-13.23.37:626][  0]LogDerivedDataCache: Display: Pak cache opened for reading ../../../Engine/DerivedDataCache/Compressed.ddp.
[2018.09.27-13.23.37:638][  0]LogDerivedDataCache: Using Local data cache path C:/Users/XENO/AppData/Local/UnrealEngine/Common/DerivedDataCache: Writable
[2018.09.27-13.23.37:638][  0]LogDerivedDataCache: Shared data cache path not found in *engine.ini, will not use an Shared cache.
[2018.09.27-13.23.37:638][  0]LogDerivedDataCache: Unable to find inner node Shared for hierarchical cache Hierarchy.
[2018.09.27-13.23.37:660][  0]LogMaterial: Verifying Global Shaders for PCD3D_SM5
[2018.09.27-13.23.37:661][  0]LogSlate: Using FreeType 2.6.0
[2018.09.27-13.23.37:662][  0]LogSlate: SlateFontServices - WITH_FREETYPE: 1, WITH_HARFBUZZ: 1
[2018.09.27-13.23.37:743][  0]LogAssetRegistry: FAssetRegistry took 0.0267 seconds to start up
[2018.09.27-13.23.38:082][  0]LogInit: Selected Device Profile: [Windows]
[2018.09.27-13.23.38:210][  0]LogSimplygon: Simplygon DLL not present - disabling.
[2018.09.27-13.23.38:212][  0]LogMeshReduction: Using SimplygonSwarm for distributed automatic mesh merging
[2018.09.27-13.23.38:212][  0]LogMeshReduction: Using ProxyLODMeshReduction for automatic mesh merging
[2018.09.27-13.23.38:212][  0]LogMeshReduction: Using QuadricMeshReduction for automatic static mesh reduction
[2018.09.27-13.23.38:212][  0]LogMeshReduction: No automatic skeletal mesh reduction module available
[2018.09.27-13.23.38:236][  0]LogNetVersion: ASH_Game 1.0.0, NetCL: 4212847, EngineNetVer: 5, GameNetVer: 0 (Checksum: 1471675654)
[2018.09.27-13.23.39:162][  0]LogPackageLocalizationCache: Processed 11 localized package path(s) for 2 prioritized culture(s) in 0.411707 seconds
[2018.09.27-13.23.39:171][  0]LogUObjectArray: 38425 objects as part of root set at end of initial load.
[2018.09.27-13.23.39:171][  0]LogUObjectAllocator: 6690864 out of 0 bytes used by permanent object pool.
[2018.09.27-13.23.39:171][  0]LogUObjectArray: CloseDisregardForGC: 0/0 objects in disregard for GC pool
[2018.09.27-13.23.40:032][  0]LogTcpMessaging: Initializing TcpMessaging bridge
[2018.09.27-13.23.40:046][  0]LogUdpMessaging: Initializing bridge on interface 0.0.0.0:0 to multicast group 230.0.0.1:6666.
[2018.09.27-13.23.40:186][  0]SourceControl: Source control is disabled
[2018.09.27-13.23.40:186][  0]SourceControl: Source control is disabled
[2018.09.27-13.23.40:187][  0]SourceControl: Source control is disabled
[2018.09.27-13.23.40:188][  0]SourceControl: Source control is disabled
[2018.09.27-13.23.40:374][  0]LogAndroidPermission: UAndroidPermissionCallbackProxy::GetInstance
[2018.09.27-13.23.40:431][  0]LogOcInput: OculusInput pre-init called
[2018.09.27-13.23.40:500][  0]LogEngine: Initializing Engine...
[2018.09.27-13.23.40:501][  0]LogHMD: Failed to initialize OpenVR with code 110
[2018.09.27-13.23.40:503][  0]LogStats: UGameplayTagsManager::ConstructGameplayTagTree: ImportINI prefixes -  0.000 s
[2018.09.27-13.23.40:503][  0]LogStats: UGameplayTagsManager::ConstructGameplayTagTree: Construct from data asset -  0.000 s
[2018.09.27-13.23.40:503][  0]LogStats: UGameplayTagsManager::ConstructGameplayTagTree: ImportINI -  0.000 s
[2018.09.27-13.23.40:503][  0]LogStats: UGameplayTagsManager::ConstructGameplayTagTree: GameplayTagTreeChangedEvent.Broadcast -  0.000 s
[2018.09.27-13.23.40:732][  0]LogInit: Initializing FReadOnlyCVARCache
[2018.09.27-13.23.40:742][  0]LogAIModule: Creating AISystem for world Untitled
[2018.09.27-13.23.40:809][  0]LogInit: XAudio2 using 'Speakers/Headphones (Realtek(R) Audio)' : 6 channels at 48 kHz using 32 bits per sample (channel mask 0x3f)
[2018.09.27-13.23.41:047][  0]LogInit: FAudioDevice initialized.
[2018.09.27-13.23.41:047][  0]LogNetVersion: Set ProjectVersion to 1.0.0.0. Version Checksum will be recalculated on next use.
[2018.09.27-13.23.41:128][  0]LogDerivedDataCache: Saved boot cache 0.08s 71MB C:/Users/XENO/AppData/Local/UnrealEngine/4.20/DerivedDataCache/Boot.ddc.
[2018.09.27-13.23.41:133][  0]LogInit: Texture streaming: Enabled
[2018.09.27-13.23.41:147][  0]LogEngineSessionManager: EngineSessionManager initialized
[2018.09.27-13.23.41:159][  0]LogInit: Transaction tracking system initialized
[2018.09.27-13.23.41:175][  0]BlueprintLog: New page: Editor Load
[2018.09.27-13.23.41:234][  0]LocalizationService: Localization service is disabled
[2018.09.27-13.23.41:605][  0]LogCook: Display: Max memory allowance for cook 16384mb min free memory 0mb
[2018.09.27-13.23.41:605][  0]LogCook: Display: Mobile HDR setting 1
[2018.09.27-13.23.41:605][  0]LogGameplayTags: Display: UGameplayTagsManager::DoneAddingNativeTags. DelegateIsBound: 0
[2018.09.27-13.23.41:605][  0]LogStats: UGameplayTagsManager::ConstructGameplayTagTree: ImportINI prefixes -  0.000 s
[2018.09.27-13.23.41:605][  0]LogStats: UGameplayTagsManager::ConstructGameplayTagTree: Construct from data asset -  0.000 s
[2018.09.27-13.23.41:605][  0]LogStats: UGameplayTagsManager::ConstructGameplayTagTree: ImportINI -  0.000 s
[2018.09.27-13.23.41:605][  0]LogStats: UGameplayTagsManager::ConstructGameplayTagTree: GameplayTagTreeChangedEvent.Broadcast -  0.000 s
[2018.09.27-13.23.41:711][  0]LogFileCache: Scanning file cache for directory 'D:/UnrealProjects/A.S.H/ASH_Game/Content/' took 0.07s
[2018.09.27-13.23.41:711][  0]SourceControl: Source control is disabled
[2018.09.27-13.23.41:711][  0]Cmd: MAP LOAD FILE="../../../../UnrealProjects/A.S.H/ASH_Game/Content/UI-Rick/MainMenuTest.umap" TEMPLATE=0 SHOWPROGRESS=1 FEATURELEVEL=3
[2018.09.27-13.23.41:794][  0]LightingResults: New page: Lighting Build
[2018.09.27-13.23.41:796][  0]MapCheck: New page: Map Check
[2018.09.27-13.23.41:796][  0]LightingResults: New page: Lighting Build
[2018.09.27-13.23.44:690][  0]LogAIModule: Creating AISystem for world MainMenuTest
[2018.09.27-13.23.44:691][  0]LogEditorServer: Finished looking for orphan Actors (0.000 secs)
[2018.09.27-13.23.44:718][  0]Cmd: MAP CHECKDEP NOCLEARLOG
[2018.09.27-13.23.44:766][  0]MapCheck: Map check complete: 0 Error(s), 0 Warning(s), took 48.083ms to complete.
[2018.09.27-13.23.44:766][  0]LogFileHelpers: Loading map 'MainMenuTest' took 3.055
[2018.09.27-13.23.45:555][  0]LogSlate: Updating window title bar state: overlay mode, drag disabled, window buttons hidden, title bar hidden
[2018.09.27-13.23.45:597][  0]LogSlate: Updating window title bar state: overlay mode, drag disabled, window buttons hidden, title bar hidden
[2018.09.27-13.23.45:604][  0]LogSlate: Updating window title bar state: overlay mode, drag disabled, window buttons hidden, title bar hidden
[2018.09.27-13.23.45:611][  0]LogSlate: Updating window title bar state: overlay mode, drag disabled, window buttons hidden, title bar hidden
[2018.09.27-13.23.45:784][  0]LogCollectionManager: Loaded 0 collections in 0.022662 seconds
[2018.09.27-13.23.45:995][  0]LogFileCache: Scanning file cache for directory 'D:/UnrealProjects/A.S.H/ASH_Game/Saved/Collections/' took 0.01s
[2018.09.27-13.23.45:995][  0]LogFileCache: Scanning file cache for directory 'D:/UnrealProjects/A.S.H/ASH_Game/Content/Developers/XENO/Collections/' took 0.01s
[2018.09.27-13.23.45:996][  0]LogFileCache: Scanning file cache for directory 'D:/UnrealProjects/A.S.H/ASH_Game/Content/Collections/' took 0.01s
[2018.09.27-13.23.45:996][  0]LogCollectionManager: Rebuilt the GUID cache for 0 collections in 0.000000 seconds
[2018.09.27-13.23.46:023][  0]LogContentBrowser: Native class hierarchy populated in 0.0123 seconds. Added 2572 classes and 603 folders.
[2018.09.27-13.23.46:117][  0]LogContentBrowser: Native class hierarchy updated for 'WidgetCarousel' in 0.0002 seconds. Added 0 classes and 0 folders.
[2018.09.27-13.23.47:925][  0]LogContentBrowser: Native class hierarchy updated for 'AddContentDialog' in 0.0002 seconds. Added 0 classes and 0 folders.
[2018.09.27-13.23.48:004][  0]LogContentBrowser: Native class hierarchy updated for 'SceneOutliner' in 0.0003 seconds. Added 1 classes and 2 folders.
[2018.09.27-13.23.48:767][  0]LogSlate: Took 0.000238 seconds to synchronously load lazily loaded font '../../../Engine/Content/Slate/Fonts/Roboto-Regular.ttf' (155K)
[2018.09.27-13.23.48:779][  0]LogSlate: Took 0.000233 seconds to synchronously load lazily loaded font '../../../Engine/Content/Slate/Fonts/Roboto-Bold.ttf' (160K)
[2018.09.27-13.23.49:169][  0]LogSlate: Took 0.294146 seconds to synchronously load lazily loaded font '../../../Engine/Content/Editor/Slate/Fonts/FontAwesome.ttf' (139K)
[2018.09.27-13.23.49:771][  0]LogRenderer: Reallocating scene render targets to support 1612x808 Format 10 NumSamples 1 (Frame:1).
[2018.09.27-13.23.50:627][  0]LogContentBrowser: Native class hierarchy updated for 'HierarchicalLODOutliner' in 0.0002 seconds. Added 0 classes and 0 folders.
[2018.09.27-13.23.50:627][  0]LogLoad: (Engine Initialization) Total time: 20.11 seconds
[2018.09.27-13.23.50:627][  0]LogLoad: (Engine Initialization) Total Blueprint compile time: 0.00 seconds
[2018.09.27-13.23.50:646][  0]LogWindowsTextInputMethodSystem: Display: IME system now deactivated.
[2018.09.27-13.23.50:726][  0]LogContentStreaming: Texture pool size now 1000 MB
[2018.09.27-13.23.50:798][  1]LogFileCache: Retrieving MD5 hashes for directory 'D:/UnrealProjects/A.S.H/ASH_Game/Content/' took 0.14s
[2018.09.27-13.23.50:884][  2]LogAssetRegistry: Asset discovery search completed in 13.1634 seconds
[2018.09.27-13.23.50:886][  2]LogCollectionManager: Rebuilt the object cache for 0 collections in 0.000000 seconds (found 0 objects)
[2018.09.27-13.23.50:886][  2]LogCollectionManager: Fixed up redirectors for 0 collections in 0.000067 seconds (updated 0 objects)
[2018.09.27-13.23.57:456][361]LogSlate: FSceneViewport::OnFocusLost() reason 0
[2018.09.27-13.24.00:470][361]LogSlate: Took 0.038619 seconds to synchronously load lazily loaded font '../../../Engine/Content/Slate/Fonts/Roboto-Light.ttf' (167K)
[2018.09.27-13.24.00:527][361]LogAssetEditorManager: Opening Asset editor for Blueprint /Game/MapGenerator_Mike/MapGenerator_BP.MapGenerator_BP
[2018.09.27-13.24.03:865][361]LogContentBrowser: Native class hierarchy updated for 'BlueprintGraph' in 0.0298 seconds. Added 116 classes and 0 folders.
[2018.09.27-13.24.09:307][361]LogSlate: Took 0.029850 seconds to synchronously load lazily loaded font '../../../Engine/Content/Slate/Fonts/Roboto-BoldCondensed.ttf' (158K)
[2018.09.27-13.24.28:429][111]LogSlate: Took 0.019866 seconds to synchronously load lazily loaded font '../../../Engine/Content/Slate/Fonts/Roboto-Italic.ttf' (157K)
[2018.09.27-13.25.32:267][332]BlueprintLog: New page: Compile MapGenerator_BP
[2018.09.27-13.25.34:830][332]Cmd: OBJ SAVEPACKAGE PACKAGE="/Game/MapGenerator_Mike/MapGenerator_BP" FILE="../../../../UnrealProjects/A.S.H/ASH_Game/Content/MapGenerator_Mike/MapGenerator_BP.uasset" SILENT=true
[2018.09.27-13.25.36:632][332]LogSavePackage: Moving '../../../../UnrealProjects/A.S.H/ASH_Game/Saved/MapGenerator_BPE4A24E7547F6404FA5EF1480C5A7D7F6.tmp' to '../../../../UnrealProjects/A.S.H/ASH_Game/Content/MapGenerator_Mike/MapGenerator_BP.uasset'
[2018.09.27-13.30.29:103][635]BlueprintLog: New page: Compile MapGenerator_BP
[2018.09.27-13.30.29:741][635]Cmd: OBJ SAVEPACKAGE PACKAGE="/Game/MapGenerator_Mike/MapGenerator_BP" FILE="../../../../UnrealProjects/A.S.H/ASH_Game/Content/MapGenerator_Mike/MapGenerator_BP.uasset" SILENT=true
[2018.09.27-13.30.30:205][635]LogSavePackage: Moving '../../../../UnrealProjects/A.S.H/ASH_Game/Saved/MapGenerator_BP1418F1C344B7683D4D3F03AEA70508A5.tmp' to '../../../../UnrealProjects/A.S.H/ASH_Game/Content/MapGenerator_Mike/MapGenerator_BP.uasset'
[2018.09.27-13.31.59:515][539]BlueprintLog: New page: Compile MapGenerator_BP
[2018.09.27-13.32.00:143][539]Cmd: OBJ SAVEPACKAGE PACKAGE="/Game/MapGenerator_Mike/MapGenerator_BP" FILE="../../../../UnrealProjects/A.S.H/ASH_Game/Content/MapGenerator_Mike/MapGenerator_BP.uasset" SILENT=true
[2018.09.27-13.32.00:560][539]LogSavePackage: Moving '../../../../UnrealProjects/A.S.H/ASH_Game/Saved/MapGenerator_BP86E050D647F20D2BA7967CBDF350A639.tmp' to '../../../../UnrealProjects/A.S.H/ASH_Game/Content/MapGenerator_Mike/MapGenerator_BP.uasset'
[2018.09.27-13.32.50:969][207]BlueprintLog: New page: Compile MapGenerator_BP
[2018.09.27-13.32.51:505][207]Cmd: OBJ SAVEPACKAGE PACKAGE="/Game/MapGenerator_Mike/MapGenerator_BP" FILE="../../../../UnrealProjects/A.S.H/ASH_Game/Content/MapGenerator_Mike/MapGenerator_BP.uasset" SILENT=true
[2018.09.27-13.32.51:899][207]LogSavePackage: Moving '../../../../UnrealProjects/A.S.H/ASH_Game/Saved/MapGenerator_BP4AF065B4448FD41236B59482F87BC208.tmp' to '../../../../UnrealProjects/A.S.H/ASH_Game/Content/MapGenerator_Mike/MapGenerator_BP.uasset'
[2018.09.27-13.34.59:247][180]LogSelectionDetails: Warning: NavigateToFunctionSource:  Unable to find symbols for 'UKismetSystemLibrary::PrintString' [Element not found.]
[2018.09.27-13.35.02:236][352]BlueprintLog: New page: Compile MapGenerator_BP
[2018.09.27-13.35.02:873][352]Cmd: OBJ SAVEPACKAGE PACKAGE="/Game/MapGenerator_Mike/MapGenerator_BP" FILE="../../../../UnrealProjects/A.S.H/ASH_Game/Content/MapGenerator_Mike/MapGenerator_BP.uasset" SILENT=true
[2018.09.27-13.35.03:255][352]LogSavePackage: Moving '../../../../UnrealProjects/A.S.H/ASH_Game/Saved/MapGenerator_BP718FE5A44053CDEAAB73538846938C91.tmp' to '../../../../UnrealProjects/A.S.H/ASH_Game/Content/MapGenerator_Mike/MapGenerator_BP.uasset'
[2018.09.27-13.35.20:264][137]LogEditorTransaction: Undo Move Nodes
[2018.09.27-13.36.47:647][881]BlueprintLog: New page: Compile MapGenerator_BP
[2018.09.27-13.36.48:277][881]Cmd: OBJ SAVEPACKAGE PACKAGE="/Game/MapGenerator_Mike/MapGenerator_BP" FILE="../../../../UnrealProjects/A.S.H/ASH_Game/Content/MapGenerator_Mike/MapGenerator_BP.uasset" SILENT=true
[2018.09.27-13.36.48:647][881]LogSavePackage: Moving '../../../../UnrealProjects/A.S.H/ASH_Game/Saved/MapGenerator_BPE555176846DDAF995D0DF0806AB62141.tmp' to '../../../../UnrealProjects/A.S.H/ASH_Game/Content/MapGenerator_Mike/MapGenerator_BP.uasset'
[2018.09.27-13.39.21:059][583]BlueprintLog: New page: Compile MapGenerator_BP
[2018.09.27-13.39.21:638][583]Cmd: OBJ SAVEPACKAGE PACKAGE="/Game/MapGenerator_Mike/MapGenerator_BP" FILE="../../../../UnrealProjects/A.S.H/ASH_Game/Content/MapGenerator_Mike/MapGenerator_BP.uasset" SILENT=true
[2018.09.27-13.39.22:024][583]LogSavePackage: Moving '../../../../UnrealProjects/A.S.H/ASH_Game/Saved/MapGenerator_BP09F493CC461534B624431BB610C0A0A7.tmp' to '../../../../UnrealProjects/A.S.H/ASH_Game/Content/MapGenerator_Mike/MapGenerator_BP.uasset'
[2018.09.27-13.39.23:502][665]Cmd: OBJ SAVEPACKAGE PACKAGE="/Game/MapGenerator_Mike/MapGenerator_BP" FILE="../../../../UnrealProjects/A.S.H/ASH_Game/Content/MapGenerator_Mike/MapGenerator_BP.uasset" SILENT=true
[2018.09.27-13.39.23:886][665]LogSavePackage: Moving '../../../../UnrealProjects/A.S.H/ASH_Game/Saved/MapGenerator_BPFC65A63D4E0243184E6CD5A79A6F387A.tmp' to '../../../../UnrealProjects/A.S.H/ASH_Game/Content/MapGenerator_Mike/MapGenerator_BP.uasset'
[2018.09.27-13.40.02:129][759]BlueprintLog: New page: Compile MapGenerator_BP
[2018.09.27-13.40.02:754][759]Cmd: OBJ SAVEPACKAGE PACKAGE="/Game/MapGenerator_Mike/MapGenerator_BP" FILE="../../../../UnrealProjects/A.S.H/ASH_Game/Content/MapGenerator_Mike/MapGenerator_BP.uasset" SILENT=true
[2018.09.27-13.40.03:125][759]LogSavePackage: Moving '../../../../UnrealProjects/A.S.H/ASH_Game/Saved/MapGenerator_BP1177679843BDF7A35531B985AABA7BD3.tmp' to '../../../../UnrealProjects/A.S.H/ASH_Game/Content/MapGenerator_Mike/MapGenerator_BP.uasset'
[2018.09.27-13.40.13:296][328]BlueprintLog: New page: Compile MapGenerator_BP
[2018.09.27-13.40.13:968][328]Cmd: OBJ SAVEPACKAGE PACKAGE="/Game/MapGenerator_Mike/MapGenerator_BP" FILE="../../../../UnrealProjects/A.S.H/ASH_Game/Content/MapGenerator_Mike/MapGenerator_BP.uasset" SILENT=true
[2018.09.27-13.40.14:400][328]LogSavePackage: Moving '../../../../UnrealProjects/A.S.H/ASH_Game/Saved/MapGenerator_BP879D7A47461DDEC95E591D8DB93BBD8C.tmp' to '../../../../UnrealProjects/A.S.H/ASH_Game/Content/MapGenerator_Mike/MapGenerator_BP.uasset'
[2018.09.27-13.40.17:315][417]BlueprintLog: New page: Compile MapGenerator_BP
[2018.09.27-13.40.18:946][440]LogTemp: Repeating last play command: New Editor Window (PIE)
[2018.09.27-13.40.19:049][440]LogBlueprintUserMessages: Early PlayInEditor Detection: Level '/Game/UI-Rick/MainMenuTest.MainMenuTest:PersistentLevel' has LevelScriptBlueprint '/Game/UI-Rick/MainMenuTest.MainMenuTest:PersistentLevel.MainMenuTest' with GeneratedClass '/Game/UI-Rick/MainMenuTest.MainMenuTest_C' with ClassGeneratedBy '/Game/UI-Rick/MainMenuTest.MainMenuTest:PersistentLevel.MainMenuTest'
[2018.09.27-13.40.19:072][440]LogPlayLevel: PlayLevel: No blueprints needed recompiling
[2018.09.27-13.40.19:185][440]PIE: New page: PIE session: MainMenuTest (Sep 27, 2018, 5:40:19 AM)
[2018.09.27-13.40.19:192][440]LogPlayLevel: Creating play world package: /Game/UI-Rick/UEDPIE_0_MainMenuTest
[2018.09.27-13.40.19:256][440]LogPlayLevel: PIE: StaticDuplicateObject took: (0.064217s)
[2018.09.27-13.40.19:257][440]LogAIModule: Creating AISystem for world MainMenuTest
[2018.09.27-13.40.19:264][440]LogPlayLevel: PIE: World Init took: (0.007581s)
[2018.09.27-13.40.19:273][440]LogPlayLevel: PIE: Created PIE world by copying editor world from /Game/UI-Rick/MainMenuTest.MainMenuTest to /Game/UI-Rick/UEDPIE_0_MainMenuTest.MainMenuTest (0.080648s)
[2018.09.27-13.40.19:368][440]LogInit: XAudio2 using 'Speakers/Headphones (Realtek(R) Audio)' : 6 channels at 48 kHz using 32 bits per sample (channel mask 0x3f)
[2018.09.27-13.40.19:432][440]LogInit: FAudioDevice initialized.
[2018.09.27-13.40.19:452][440]LogSlate: Updating window title bar state: overlay mode, drag disabled, window buttons hidden, title bar hidden
[2018.09.27-13.40.22:817][440]LogLoad: Game class is 'TopDownGameMode_C'
[2018.09.27-13.40.22:921][440]LogWorld: Bringing World /Game/UI-Rick/UEDPIE_0_MainMenuTest.MainMenuTest up for play (max tick rate 60) at 2018.09.27-09.40.22
[2018.09.27-13.40.22:948][440]LogWorld: Bringing up level for play took: 0.027211
[2018.09.27-13.40.23:213][440]LogContentBrowser: Native class hierarchy updated for 'MovieSceneCapture' in 0.0003 seconds. Added 10 classes and 0 folders.
[2018.09.27-13.40.23:392][440]PIE: Play in editor start time for /Game/UI-Rick/UEDPIE_0_MainMenuTest 5.334
[2018.09.27-13.40.23:404][440]LogBlueprintUserMessages: Late PlayInEditor Detection: Level '/Game/UI-Rick/MainMenuTest.MainMenuTest:PersistentLevel' has LevelScriptBlueprint '/Game/UI-Rick/MainMenuTest.MainMenuTest:PersistentLevel.MainMenuTest' with GeneratedClass '/Game/UI-Rick/MainMenuTest.MainMenuTest_C' with ClassGeneratedBy '/Game/UI-Rick/MainMenuTest.MainMenuTest:PersistentLevel.MainMenuTest'
[2018.09.27-13.40.25:452][482]LogNet: Browse: /Game/MapGenerator_Mike/MapGenerator
[2018.09.27-13.40.25:460][482]LogLoad: LoadMap: /Game/MapGenerator_Mike/MapGenerator
[2018.09.27-13.40.26:468][482]LogAIModule: Creating AISystem for world MapGenerator
[2018.09.27-13.40.26:468][482]LogLoad: Game class is 'TopDownGameMode_C'
[2018.09.27-13.40.26:470][482]LogWorld: Bringing World /Game/MapGenerator_Mike/UEDPIE_0_MapGenerator.MapGenerator up for play (max tick rate 60) at 2018.09.27-09.40.26
[2018.09.27-13.40.26:470][482]LogWorld: Bringing up level for play took: 0.000751
[2018.09.27-13.40.26:471][482]LogGameMode: FindPlayerStart: PATHS NOT DEFINED or NO PLAYERSTART with positive rating
[2018.09.27-13.40.26:491][482]LogBlueprintUserMessages: [MapGenerator_BP_4] ENGINE ROOM
[2018.09.27-13.40.27:584][482]LogScript: Warning: Runaway loop detected (over 1,000,000 iterations) - see log for stack trace
	MapGenerator_BP_C /Game/MapGenerator_Mike/UEDPIE_0_MapGenerator.MapGenerator:PersistentLevel.MapGenerator_BP_4
	Function /Game/MapGenerator_Mike/MapGenerator_BP.MapGenerator_BP_C:ExecuteUbergraph_MapGenerator_BP:374A
[2018.09.27-13.40.27:584][482]PIE: Error: Infinite loop detected. Blueprint:  MapGenerator_BP Function:  Branch Call Stack:  Show
[2018.09.27-13.40.27:584][482]LogBlueprintUserMessages: [MapGenerator_BP_4] COLDSTORAGE
[2018.09.27-13.40.27:601][482]LogBlueprintUserMessages: [MapGenerator_BP_4] CSbranch#2
[2018.09.27-13.40.27:796][482]LogBlueprintUserMessages: [MapGenerator_BP_4] CS Spawned
[2018.09.27-13.40.27:805][482]LogBlueprintUserMessages: [MapGenerator_BP_4] REA Spawned
[2018.09.27-13.40.27:828][482]LogLoad: Took 2.367842 seconds to LoadMap(/Game/MapGenerator_Mike/MapGenerator)
[2018.09.27-13.40.27:894][482]LogBlueprintUserMessages: Early EndPlayMap Detection: Level '/Game/UI-Rick/MainMenuTest.MainMenuTest:PersistentLevel' has LevelScriptBlueprint '/Game/UI-Rick/MainMenuTest.MainMenuTest:PersistentLevel.MainMenuTest' with GeneratedClass '/Game/UI-Rick/MainMenuTest.MainMenuTest_C' with ClassGeneratedBy '/Game/UI-Rick/MainMenuTest.MainMenuTest:PersistentLevel.MainMenuTest'
[2018.09.27-13.40.27:894][482]LogSlate: Updating window title bar state: overlay mode, drag disabled, window buttons hidden, title bar hidden
[2018.09.27-13.40.27:910][482]LogSlate: Window 'ASH_Game Game Preview Standalone (64-bit/PCD3D_SM5)' being destroyed
[2018.09.27-13.40.28:138][482]LogPlayLevel: Display: Shutting down PIE online subsystems
[2018.09.27-13.40.28:164][482]LogBlueprintUserMessages: Late EndPlayMap Detection: Level '/Game/UI-Rick/MainMenuTest.MainMenuTest:PersistentLevel' has LevelScriptBlueprint '/Game/UI-Rick/MainMenuTest.MainMenuTest:PersistentLevel.MainMenuTest' with GeneratedClass '/Game/UI-Rick/MainMenuTest.MainMenuTest_C' with ClassGeneratedBy '/Game/UI-Rick/MainMenuTest.MainMenuTest:PersistentLevel.MainMenuTest'
[2018.09.27-13.40.28:339][483]LogPlayLevel: Display: Destroying online subsystem :Context_2
[2018.09.27-13.41.37:153][439]BlueprintLog: New page: Compile MapGenerator_BP
[2018.09.27-13.41.45:174][776]BlueprintLog: New page: Compile MapGenerator_BP
[2018.09.27-13.41.45:768][776]Cmd: OBJ SAVEPACKAGE PACKAGE="/Game/MapGenerator_Mike/MapGenerator_BP" FILE="../../../../UnrealProjects/A.S.H/ASH_Game/Content/MapGenerator_Mike/MapGenerator_BP.uasset" SILENT=true
[2018.09.27-13.41.46:138][776]LogSavePackage: Moving '../../../../UnrealProjects/A.S.H/ASH_Game/Saved/MapGenerator_BPFFC1B57248495C76F4E82CAE4C31339B.tmp' to '../../../../UnrealProjects/A.S.H/ASH_Game/Content/MapGenerator_Mike/MapGenerator_BP.uasset'
[2018.09.27-13.41.47:212][813]LogTemp: Repeating last play command: New Editor Window (PIE)
[2018.09.27-13.41.47:230][813]LogBlueprintUserMessages: Early PlayInEditor Detection: Level '/Game/UI-Rick/MainMenuTest.MainMenuTest:PersistentLevel' has LevelScriptBlueprint '/Game/UI-Rick/MainMenuTest.MainMenuTest:PersistentLevel.MainMenuTest' with GeneratedClass '/Game/UI-Rick/MainMenuTest.MainMenuTest_C' with ClassGeneratedBy '/Game/UI-Rick/MainMenuTest.MainMenuTest:PersistentLevel.MainMenuTest'
[2018.09.27-13.41.47:230][813]LogPlayLevel: PlayLevel: No blueprints needed recompiling
[2018.09.27-13.41.47:230][813]PIE: New page: PIE session: MainMenuTest (Sep 27, 2018, 5:41:47 AM)
[2018.09.27-13.41.47:232][813]LogPlayLevel: Creating play world package: /Game/UI-Rick/UEDPIE_0_MainMenuTest
[2018.09.27-13.41.47:233][813]LogPlayLevel: PIE: StaticDuplicateObject took: (0.001116s)
[2018.09.27-13.41.47:233][813]LogAIModule: Creating AISystem for world MainMenuTest
[2018.09.27-13.41.47:234][813]LogPlayLevel: PIE: World Init took: (0.000724s)
[2018.09.27-13.41.47:234][813]LogPlayLevel: PIE: Created PIE world by copying editor world from /Game/UI-Rick/MainMenuTest.MainMenuTest to /Game/UI-Rick/UEDPIE_0_MainMenuTest.MainMenuTest (0.002005s)
[2018.09.27-13.41.47:269][813]LogInit: XAudio2 using 'Speakers/Headphones (Realtek(R) Audio)' : 6 channels at 48 kHz using 32 bits per sample (channel mask 0x3f)
[2018.09.27-13.41.47:331][813]LogInit: FAudioDevice initialized.
[2018.09.27-13.41.47:340][813]LogSlate: Updating window title bar state: overlay mode, drag disabled, window buttons hidden, title bar hidden
[2018.09.27-13.41.47:420][813]LogLoad: Game class is 'TopDownGameMode_C'
[2018.09.27-13.41.47:421][813]LogWorld: Bringing World /Game/UI-Rick/UEDPIE_0_MainMenuTest.MainMenuTest up for play (max tick rate 60) at 2018.09.27-09.41.47
[2018.09.27-13.41.47:421][813]LogWorld: Bringing up level for play took: 0.000449
[2018.09.27-13.41.47:462][813]PIE: Play in editor start time for /Game/UI-Rick/UEDPIE_0_MainMenuTest -0.596
[2018.09.27-13.41.47:463][813]LogBlueprintUserMessages: Late PlayInEditor Detection: Level '/Game/UI-Rick/MainMenuTest.MainMenuTest:PersistentLevel' has LevelScriptBlueprint '/Game/UI-Rick/MainMenuTest.MainMenuTest:PersistentLevel.MainMenuTest' with GeneratedClass '/Game/UI-Rick/MainMenuTest.MainMenuTest_C' with ClassGeneratedBy '/Game/UI-Rick/MainMenuTest.MainMenuTest:PersistentLevel.MainMenuTest'
[2018.09.27-13.41.49:010][884]LogNet: Browse: /Game/MapGenerator_Mike/MapGenerator
[2018.09.27-13.41.49:018][884]LogLoad: LoadMap: /Game/MapGenerator_Mike/MapGenerator
[2018.09.27-13.41.49:163][884]LogAIModule: Creating AISystem for world MapGenerator
[2018.09.27-13.41.49:163][884]LogLoad: Game class is 'TopDownGameMode_C'
[2018.09.27-13.41.49:165][884]LogWorld: Bringing World /Game/MapGenerator_Mike/UEDPIE_0_MapGenerator.MapGenerator up for play (max tick rate 60) at 2018.09.27-09.41.49
[2018.09.27-13.41.49:165][884]LogWorld: Bringing up level for play took: 0.000713
[2018.09.27-13.41.49:165][884]LogGameMode: FindPlayerStart: PATHS NOT DEFINED or NO PLAYERSTART with positive rating
[2018.09.27-13.41.49:166][884]LogBlueprintUserMessages: [MapGenerator_BP_4] COLDSTORAGE
[2018.09.27-13.41.49:166][884]LogBlueprintUserMessages: [MapGenerator_BP_4] CSbranch#3
[2018.09.27-13.41.49:166][884]LogBlueprintUserMessages: [MapGenerator_BP_4] NAVIGATION
[2018.09.27-13.41.49:166][884]LogBlueprintUserMessages: [MapGenerator_BP_4] NAVbranch#2
[2018.09.27-13.41.49:173][884]LogBlueprintUserMessages: [MapGenerator_BP_4] NAV Spawned
[2018.09.27-13.41.49:181][884]LogBlueprintUserMessages: [MapGenerator_BP_4] CS Spawned
[2018.09.27-13.41.49:182][884]LogLoad: Took 0.164922 seconds to LoadMap(/Game/MapGenerator_Mike/MapGenerator)
[2018.09.27-13.41.51:132][976]LogBlueprintUserMessages: Early EndPlayMap Detection: Level '/Game/UI-Rick/MainMenuTest.MainMenuTest:PersistentLevel' has LevelScriptBlueprint '/Game/UI-Rick/MainMenuTest.MainMenuTest:PersistentLevel.MainMenuTest' with GeneratedClass '/Game/UI-Rick/MainMenuTest.MainMenuTest_C' with ClassGeneratedBy '/Game/UI-Rick/MainMenuTest.MainMenuTest:PersistentLevel.MainMenuTest'
[2018.09.27-13.41.51:132][976]LogSlate: Updating window title bar state: overlay mode, drag disabled, window buttons hidden, title bar hidden
[2018.09.27-13.41.51:143][976]LogSlate: Window 'ASH_Game Game Preview Standalone (64-bit/PCD3D_SM5)' being destroyed
[2018.09.27-13.41.51:185][976]LogPlayLevel: Display: Shutting down PIE online subsystems
[2018.09.27-13.41.51:185][976]LogBlueprintUserMessages: Late EndPlayMap Detection: Level '/Game/UI-Rick/MainMenuTest.MainMenuTest:PersistentLevel' has LevelScriptBlueprint '/Game/UI-Rick/MainMenuTest.MainMenuTest:PersistentLevel.MainMenuTest' with GeneratedClass '/Game/UI-Rick/MainMenuTest.MainMenuTest_C' with ClassGeneratedBy '/Game/UI-Rick/MainMenuTest.MainMenuTest:PersistentLevel.MainMenuTest'
[2018.09.27-13.41.51:275][977]LogPlayLevel: Display: Destroying online subsystem :Context_3
[2018.09.27-13.41.57:001][277]BlueprintLog: New page: Compile MapGenerator_BP
[2018.09.27-13.41.58:444][298]LogTemp: Repeating last play command: New Editor Window (PIE)
[2018.09.27-13.41.58:466][298]LogBlueprintUserMessages: Early PlayInEditor Detection: Level '/Game/UI-Rick/MainMenuTest.MainMenuTest:PersistentLevel' has LevelScriptBlueprint '/Game/UI-Rick/MainMenuTest.MainMenuTest:PersistentLevel.MainMenuTest' with GeneratedClass '/Game/UI-Rick/MainMenuTest.MainMenuTest_C' with ClassGeneratedBy '/Game/UI-Rick/MainMenuTest.MainMenuTest:PersistentLevel.MainMenuTest'
[2018.09.27-13.41.58:466][298]LogPlayLevel: PlayLevel: No blueprints needed recompiling
[2018.09.27-13.41.58:466][298]PIE: New page: PIE session: MainMenuTest (Sep 27, 2018, 5:41:58 AM)
[2018.09.27-13.41.58:467][298]LogPlayLevel: Creating play world package: /Game/UI-Rick/UEDPIE_0_MainMenuTest
[2018.09.27-13.41.58:469][298]LogPlayLevel: PIE: StaticDuplicateObject took: (0.001075s)
[2018.09.27-13.41.58:469][298]LogAIModule: Creating AISystem for world MainMenuTest
[2018.09.27-13.41.58:469][298]LogPlayLevel: PIE: World Init took: (0.000668s)
[2018.09.27-13.41.58:469][298]LogPlayLevel: PIE: Created PIE world by copying editor world from /Game/UI-Rick/MainMenuTest.MainMenuTest to /Game/UI-Rick/UEDPIE_0_MainMenuTest.MainMenuTest (0.001901s)
[2018.09.27-13.41.58:506][298]LogInit: XAudio2 using 'Speakers/Headphones (Realtek(R) Audio)' : 6 channels at 48 kHz using 32 bits per sample (channel mask 0x3f)
[2018.09.27-13.41.58:570][298]LogInit: FAudioDevice initialized.
[2018.09.27-13.41.58:578][298]LogSlate: Updating window title bar state: overlay mode, drag disabled, window buttons hidden, title bar hidden
[2018.09.27-13.41.58:666][298]LogLoad: Game class is 'TopDownGameMode_C'
[2018.09.27-13.41.58:667][298]LogWorld: Bringing World /Game/UI-Rick/UEDPIE_0_MainMenuTest.MainMenuTest up for play (max tick rate 60) at 2018.09.27-09.41.58
[2018.09.27-13.41.58:667][298]LogWorld: Bringing up level for play took: 0.000489
[2018.09.27-13.41.58:709][298]PIE: Play in editor start time for /Game/UI-Rick/UEDPIE_0_MainMenuTest 0.651
[2018.09.27-13.41.58:709][298]LogBlueprintUserMessages: Late PlayInEditor Detection: Level '/Game/UI-Rick/MainMenuTest.MainMenuTest:PersistentLevel' has LevelScriptBlueprint '/Game/UI-Rick/MainMenuTest.MainMenuTest:PersistentLevel.MainMenuTest' with GeneratedClass '/Game/UI-Rick/MainMenuTest.MainMenuTest_C' with ClassGeneratedBy '/Game/UI-Rick/MainMenuTest.MainMenuTest:PersistentLevel.MainMenuTest'
[2018.09.27-13.42.00:269][359]LogNet: Browse: /Game/MapGenerator_Mike/MapGenerator
[2018.09.27-13.42.00:276][359]LogLoad: LoadMap: /Game/MapGenerator_Mike/MapGenerator
[2018.09.27-13.42.00:376][359]LogAIModule: Creating AISystem for world MapGenerator
[2018.09.27-13.42.00:376][359]LogLoad: Game class is 'TopDownGameMode_C'
[2018.09.27-13.42.00:378][359]LogWorld: Bringing World /Game/MapGenerator_Mike/UEDPIE_0_MapGenerator.MapGenerator up for play (max tick rate 60) at 2018.09.27-09.42.00
[2018.09.27-13.42.00:378][359]LogWorld: Bringing up level for play took: 0.000895
[2018.09.27-13.42.00:379][359]LogGameMode: FindPlayerStart: PATHS NOT DEFINED or NO PLAYERSTART with positive rating
[2018.09.27-13.42.00:379][359]LogBlueprintUserMessages: [MapGenerator_BP_4] ENGINE ROOM
[2018.09.27-13.42.01:469][359]LogScript: Warning: Runaway loop detected (over 1,000,000 iterations) - see log for stack trace
	MapGenerator_BP_C /Game/MapGenerator_Mike/UEDPIE_0_MapGenerator.MapGenerator:PersistentLevel.MapGenerator_BP_4
	Function /Game/MapGenerator_Mike/MapGenerator_BP.MapGenerator_BP_C:ExecuteUbergraph_MapGenerator_BP:35B2
[2018.09.27-13.42.01:469][359]PIE: Error: Infinite loop detected. Blueprint:  MapGenerator_BP Function:  Branch Call Stack:  Show
[2018.09.27-13.42.01:469][359]LogBlueprintUserMessages: [MapGenerator_BP_4] LSbranch#2
[2018.09.27-13.42.01:474][359]LogBlueprintUserMessages: [MapGenerator_BP_4] LS Spawned
[2018.09.27-13.42.01:478][359]LogBlueprintUserMessages: [MapGenerator_BP_4] REA Spawned
[2018.09.27-13.42.01:483][359]LogLoad: Took 1.207297 seconds to LoadMap(/Game/MapGenerator_Mike/MapGenerator)
[2018.09.27-13.42.01:485][359]LogBlueprintUserMessages: Early EndPlayMap Detection: Level '/Game/UI-Rick/MainMenuTest.MainMenuTest:PersistentLevel' has LevelScriptBlueprint '/Game/UI-Rick/MainMenuTest.MainMenuTest:PersistentLevel.MainMenuTest' with GeneratedClass '/Game/UI-Rick/MainMenuTest.MainMenuTest_C' with ClassGeneratedBy '/Game/UI-Rick/MainMenuTest.MainMenuTest:PersistentLevel.MainMenuTest'
[2018.09.27-13.42.01:485][359]LogSlate: Updating window title bar state: overlay mode, drag disabled, window buttons hidden, title bar hidden
[2018.09.27-13.42.01:498][359]LogSlate: Window 'ASH_Game Game Preview Standalone (64-bit/PCD3D_SM5)' being destroyed
[2018.09.27-13.42.01:547][359]LogPlayLevel: Display: Shutting down PIE online subsystems
[2018.09.27-13.42.01:548][359]LogBlueprintUserMessages: Late EndPlayMap Detection: Level '/Game/UI-Rick/MainMenuTest.MainMenuTest:PersistentLevel' has LevelScriptBlueprint '/Game/UI-Rick/MainMenuTest.MainMenuTest:PersistentLevel.MainMenuTest' with GeneratedClass '/Game/UI-Rick/MainMenuTest.MainMenuTest_C' with ClassGeneratedBy '/Game/UI-Rick/MainMenuTest.MainMenuTest:PersistentLevel.MainMenuTest'
[2018.09.27-13.42.01:670][360]LogPlayLevel: Display: Destroying online subsystem :Context_4
[2018.09.27-13.42.32:642][ 41]BlueprintLog: New page: Compile MapGenerator_BP
[2018.09.27-13.42.33:306][ 41]Cmd: OBJ SAVEPACKAGE PACKAGE="/Game/MapGenerator_Mike/MapGenerator_BP" FILE="../../../../UnrealProjects/A.S.H/ASH_Game/Content/MapGenerator_Mike/MapGenerator_BP.uasset" SILENT=true
[2018.09.27-13.42.33:710][ 41]LogSavePackage: Moving '../../../../UnrealProjects/A.S.H/ASH_Game/Saved/MapGenerator_BPCD3679D541939B78293CAC9706EE617C.tmp' to '../../../../UnrealProjects/A.S.H/ASH_Game/Content/MapGenerator_Mike/MapGenerator_BP.uasset'
[2018.09.27-13.42.34:123][ 42]LogTemp: Repeating last play command: New Editor Window (PIE)
[2018.09.27-13.42.34:142][ 42]LogBlueprintUserMessages: Early PlayInEditor Detection: Level '/Game/UI-Rick/MainMenuTest.MainMenuTest:PersistentLevel' has LevelScriptBlueprint '/Game/UI-Rick/MainMenuTest.MainMenuTest:PersistentLevel.MainMenuTest' with GeneratedClass '/Game/UI-Rick/MainMenuTest.MainMenuTest_C' with ClassGeneratedBy '/Game/UI-Rick/MainMenuTest.MainMenuTest:PersistentLevel.MainMenuTest'
[2018.09.27-13.42.34:142][ 42]LogPlayLevel: PlayLevel: No blueprints needed recompiling
[2018.09.27-13.42.34:142][ 42]PIE: New page: PIE session: MainMenuTest (Sep 27, 2018, 5:42:34 AM)
[2018.09.27-13.42.34:143][ 42]LogPlayLevel: Creating play world package: /Game/UI-Rick/UEDPIE_0_MainMenuTest
[2018.09.27-13.42.34:144][ 42]LogPlayLevel: PIE: StaticDuplicateObject took: (0.001267s)
[2018.09.27-13.42.34:145][ 42]LogAIModule: Creating AISystem for world MainMenuTest
[2018.09.27-13.42.34:145][ 42]LogPlayLevel: PIE: World Init took: (0.000893s)
[2018.09.27-13.42.34:145][ 42]LogPlayLevel: PIE: Created PIE world by copying editor world from /Game/UI-Rick/MainMenuTest.MainMenuTest to /Game/UI-Rick/UEDPIE_0_MainMenuTest.MainMenuTest (0.002311s)
[2018.09.27-13.42.34:176][ 42]LogInit: XAudio2 using 'Speakers/Headphones (Realtek(R) Audio)' : 6 channels at 48 kHz using 32 bits per sample (channel mask 0x3f)
[2018.09.27-13.42.34:232][ 42]LogInit: FAudioDevice initialized.
[2018.09.27-13.42.34:241][ 42]LogSlate: Updating window title bar state: overlay mode, drag disabled, window buttons hidden, title bar hidden
[2018.09.27-13.42.34:321][ 42]LogLoad: Game class is 'TopDownGameMode_C'
[2018.09.27-13.42.34:323][ 42]LogWorld: Bringing World /Game/UI-Rick/UEDPIE_0_MainMenuTest.MainMenuTest up for play (max tick rate 60) at 2018.09.27-09.42.34
[2018.09.27-13.42.34:323][ 42]LogWorld: Bringing up level for play took: 0.000471
[2018.09.27-13.42.34:362][ 42]PIE: Play in editor start time for /Game/UI-Rick/UEDPIE_0_MainMenuTest 0.304
[2018.09.27-13.42.34:362][ 42]LogBlueprintUserMessages: Late PlayInEditor Detection: Level '/Game/UI-Rick/MainMenuTest.MainMenuTest:PersistentLevel' has LevelScriptBlueprint '/Game/UI-Rick/MainMenuTest.MainMenuTest:PersistentLevel.MainMenuTest' with GeneratedClass '/Game/UI-Rick/MainMenuTest.MainMenuTest_C' with ClassGeneratedBy '/Game/UI-Rick/MainMenuTest.MainMenuTest:PersistentLevel.MainMenuTest'
[2018.09.27-13.42.35:969][113]LogNet: Browse: /Game/MapGenerator_Mike/MapGenerator
[2018.09.27-13.42.35:981][113]LogLoad: LoadMap: /Game/MapGenerator_Mike/MapGenerator
[2018.09.27-13.42.36:088][113]LogAIModule: Creating AISystem for world MapGenerator
[2018.09.27-13.42.36:089][113]LogLoad: Game class is 'TopDownGameMode_C'
[2018.09.27-13.42.36:090][113]LogWorld: Bringing World /Game/MapGenerator_Mike/UEDPIE_0_MapGenerator.MapGenerator up for play (max tick rate 60) at 2018.09.27-09.42.36
[2018.09.27-13.42.36:090][113]LogWorld: Bringing up level for play took: 0.000779
[2018.09.27-13.42.36:091][113]LogGameMode: FindPlayerStart: PATHS NOT DEFINED or NO PLAYERSTART with positive rating
[2018.09.27-13.42.36:091][113]LogBlueprintUserMessages: [MapGenerator_BP_4] COLDSTORAGE
[2018.09.27-13.42.36:091][113]LogBlueprintUserMessages: [MapGenerator_BP_4] CSbranch#1
[2018.09.27-13.42.36:091][113]LogBlueprintUserMessages: [MapGenerator_BP_4] LSbranch#3
[2018.09.27-13.42.36:094][113]LogBlueprintUserMessages: [MapGenerator_BP_4] CS Spawned
[2018.09.27-13.42.36:105][113]LogBlueprintUserMessages: [MapGenerator_BP_4] LS Spawned
[2018.09.27-13.42.36:106][113]LogBlueprintUserMessages: [MapGenerator_BP_4] REA Spawned
[2018.09.27-13.42.36:107][113]LogLoad: Took 0.125773 seconds to LoadMap(/Game/MapGenerator_Mike/MapGenerator)
[2018.09.27-13.42.38:077][199]LogNet: Browse: /Game/MapGenerator_Mike/MapGenerator
[2018.09.27-13.42.38:092][199]LogLoad: LoadMap: /Game/MapGenerator_Mike/MapGenerator
[2018.09.27-13.42.38:197][199]LogAIModule: Creating AISystem for world MapGenerator
[2018.09.27-13.42.38:197][199]LogLoad: Game class is 'TopDownGameMode_C'
[2018.09.27-13.42.38:199][199]LogWorld: Bringing World /Game/MapGenerator_Mike/UEDPIE_0_MapGenerator.MapGenerator up for play (max tick rate 60) at 2018.09.27-09.42.38
[2018.09.27-13.42.38:199][199]LogWorld: Bringing up level for play took: 0.000821
[2018.09.27-13.42.38:199][199]LogGameMode: FindPlayerStart: PATHS NOT DEFINED or NO PLAYERSTART with positive rating
[2018.09.27-13.42.38:200][199]LogBlueprintUserMessages: [MapGenerator_BP_4] LSbranch#1
[2018.09.27-13.42.38:200][199]LogBlueprintUserMessages: [MapGenerator_BP_4] COLDSTORAGE
[2018.09.27-13.42.38:200][199]LogBlueprintUserMessages: [MapGenerator_BP_4] CSbranch#2
[2018.09.27-13.42.38:201][199]LogBlueprintUserMessages: [MapGenerator_BP_4] LS Spawned
[2018.09.27-13.42.38:212][199]LogBlueprintUserMessages: [MapGenerator_BP_4] CS Spawned
[2018.09.27-13.42.38:224][199]LogLoad: Took 0.132649 seconds to LoadMap(/Game/MapGenerator_Mike/MapGenerator)
[2018.09.27-13.42.39:204][244]LogNet: Browse: /Game/MapGenerator_Mike/MapGenerator
[2018.09.27-13.42.39:216][244]LogLoad: LoadMap: /Game/MapGenerator_Mike/MapGenerator
[2018.09.27-13.42.39:317][244]LogAIModule: Creating AISystem for world MapGenerator
[2018.09.27-13.42.39:318][244]LogLoad: Game class is 'TopDownGameMode_C'
[2018.09.27-13.42.39:319][244]LogWorld: Bringing World /Game/MapGenerator_Mike/UEDPIE_0_MapGenerator.MapGenerator up for play (max tick rate 60) at 2018.09.27-09.42.39
[2018.09.27-13.42.39:319][244]LogWorld: Bringing up level for play took: 0.000735
[2018.09.27-13.42.39:320][244]LogGameMode: FindPlayerStart: PATHS NOT DEFINED or NO PLAYERSTART with positive rating
[2018.09.27-13.42.39:320][244]LogBlueprintUserMessages: [MapGenerator_BP_4] COLDSTORAGE
[2018.09.27-13.42.39:320][244]LogBlueprintUserMessages: [MapGenerator_BP_4] CSbranch#2
[2018.09.27-13.42.39:320][244]LogBlueprintUserMessages: [MapGenerator_BP_4] ENGINE ROOM
[2018.09.27-13.42.39:320][244]LogBlueprintUserMessages: [MapGenerator_BP_4] ENGbranch#1
[2018.09.27-13.42.39:323][244]LogBlueprintUserMessages: [MapGenerator_BP_4] ER Spawned
[2018.09.27-13.42.39:325][244]LogBlueprintUserMessages: [MapGenerator_BP_4] CS Spawned
[2018.09.27-13.42.39:333][244]LogBlueprintUserMessages: [MapGenerator_BP_4] REA Spawned
[2018.09.27-13.42.39:333][244]LogLoad: Took 0.116566 seconds to LoadMap(/Game/MapGenerator_Mike/MapGenerator)
[2018.09.27-13.42.44:413][490]LogNet: Browse: /Game/MapGenerator_Mike/MapGenerator
[2018.09.27-13.42.44:424][490]LogLoad: LoadMap: /Game/MapGenerator_Mike/MapGenerator
[2018.09.27-13.42.44:529][490]LogAIModule: Creating AISystem for world MapGenerator
[2018.09.27-13.42.44:529][490]LogLoad: Game class is 'TopDownGameMode_C'
[2018.09.27-13.42.44:531][490]LogWorld: Bringing World /Game/MapGenerator_Mike/UEDPIE_0_MapGenerator.MapGenerator up for play (max tick rate 60) at 2018.09.27-09.42.44
[2018.09.27-13.42.44:531][490]LogWorld: Bringing up level for play took: 0.000990
[2018.09.27-13.42.44:532][490]LogGameMode: FindPlayerStart: PATHS NOT DEFINED or NO PLAYERSTART with positive rating
[2018.09.27-13.42.44:532][490]LogBlueprintUserMessages: [MapGenerator_BP_4] CLONING BAY
[2018.09.27-13.42.44:532][490]LogBlueprintUserMessages: [MapGenerator_BP_4] CBbranch#2
[2018.09.27-13.42.44:532][490]LogBlueprintUserMessages: [MapGenerator_BP_4] NAVIGATION
[2018.09.27-13.42.44:532][490]LogBlueprintUserMessages: [MapGenerator_BP_4] NAVbranch#2
[2018.09.27-13.42.44:545][490]LogBlueprintUserMessages: [MapGenerator_BP_4] CB Spawned
[2018.09.27-13.42.44:552][490]LogBlueprintUserMessages: [MapGenerator_BP_4] NAV Spawned
[2018.09.27-13.42.44:553][490]LogBlueprintUserMessages: [MapGenerator_BP_4] REA Spawned
[2018.09.27-13.42.44:554][490]LogLoad: Took 0.129804 seconds to LoadMap(/Game/MapGenerator_Mike/MapGenerator)
[2018.09.27-13.42.49:070][709]LogNet: Browse: /Game/MapGenerator_Mike/MapGenerator
[2018.09.27-13.42.49:083][709]LogLoad: LoadMap: /Game/MapGenerator_Mike/MapGenerator
[2018.09.27-13.42.49:187][709]LogAIModule: Creating AISystem for world MapGenerator
[2018.09.27-13.42.49:187][709]LogLoad: Game class is 'TopDownGameMode_C'
[2018.09.27-13.42.49:189][709]LogWorld: Bringing World /Game/MapGenerator_Mike/UEDPIE_0_MapGenerator.MapGenerator up for play (max tick rate 60) at 2018.09.27-09.42.49
[2018.09.27-13.42.49:189][709]LogWorld: Bringing up level for play took: 0.000960
[2018.09.27-13.42.49:189][709]LogGameMode: FindPlayerStart: PATHS NOT DEFINED or NO PLAYERSTART with positive rating
[2018.09.27-13.42.49:190][709]LogBlueprintUserMessages: [MapGenerator_BP_4] COLDSTORAGE
[2018.09.27-13.42.49:190][709]LogBlueprintUserMessages: [MapGenerator_BP_4] CSbranch#2
[2018.09.27-13.42.49:190][709]LogBlueprintUserMessages: [MapGenerator_BP_4] LSbranch#3
[2018.09.27-13.42.49:202][709]LogBlueprintUserMessages: [MapGenerator_BP_4] CS Spawned
[2018.09.27-13.42.49:216][709]LogBlueprintUserMessages: [MapGenerator_BP_4] LS Spawned
[2018.09.27-13.42.49:217][709]LogBlueprintUserMessages: [MapGenerator_BP_4] REA Spawned
[2018.09.27-13.42.49:219][709]LogLoad: Took 0.135678 seconds to LoadMap(/Game/MapGenerator_Mike/MapGenerator)
[2018.09.27-13.42.56:100][ 38]LogNet: Browse: /Game/MapGenerator_Mike/MapGenerator
[2018.09.27-13.42.56:112][ 38]LogLoad: LoadMap: /Game/MapGenerator_Mike/MapGenerator
[2018.09.27-13.42.56:223][ 38]LogAIModule: Creating AISystem for world MapGenerator
[2018.09.27-13.42.56:223][ 38]LogLoad: Game class is 'TopDownGameMode_C'
[2018.09.27-13.42.56:225][ 38]LogWorld: Bringing World /Game/MapGenerator_Mike/UEDPIE_0_MapGenerator.MapGenerator up for play (max tick rate 60) at 2018.09.27-09.42.56
[2018.09.27-13.42.56:225][ 38]LogWorld: Bringing up level for play took: 0.000902
[2018.09.27-13.42.56:225][ 38]LogGameMode: FindPlayerStart: PATHS NOT DEFINED or NO PLAYERSTART with positive rating
[2018.09.27-13.42.56:226][ 38]LogBlueprintUserMessages: [MapGenerator_BP_4] NAVIGATION
[2018.09.27-13.42.56:226][ 38]LogBlueprintUserMessages: [MapGenerator_BP_4] NAVbranch#2
[2018.09.27-13.42.56:226][ 38]LogBlueprintUserMessages: [MapGenerator_BP_4] COLDSTORAGE
[2018.09.27-13.42.56:226][ 38]LogBlueprintUserMessages: [MapGenerator_BP_4] CSbranch#2
[2018.09.27-13.42.56:228][ 38]LogBlueprintUserMessages: [MapGenerator_BP_4] NAV Spawned
[2018.09.27-13.42.56:239][ 38]LogBlueprintUserMessages: [MapGenerator_BP_4] CS Spawned
[2018.09.27-13.42.56:250][ 38]LogBlueprintUserMessages: [MapGenerator_BP_4] REA Spawned
[2018.09.27-13.42.56:251][ 38]LogLoad: Took 0.138778 seconds to LoadMap(/Game/MapGenerator_Mike/MapGenerator)
[2018.09.27-13.42.58:323][137]LogBlueprintUserMessages: Early EndPlayMap Detection: Level '/Game/UI-Rick/MainMenuTest.MainMenuTest:PersistentLevel' has LevelScriptBlueprint '/Game/UI-Rick/MainMenuTest.MainMenuTest:PersistentLevel.MainMenuTest' with GeneratedClass '/Game/UI-Rick/MainMenuTest.MainMenuTest_C' with ClassGeneratedBy '/Game/UI-Rick/MainMenuTest.MainMenuTest:PersistentLevel.MainMenuTest'
[2018.09.27-13.42.58:323][137]LogSlate: Updating window title bar state: overlay mode, drag disabled, window buttons hidden, title bar hidden
[2018.09.27-13.42.58:336][137]LogSlate: Window 'ASH_Game Game Preview Standalone (64-bit/PCD3D_SM5)' being destroyed
[2018.09.27-13.42.58:373][137]LogPlayLevel: Display: Shutting down PIE online subsystems
[2018.09.27-13.42.58:374][137]LogBlueprintUserMessages: Late EndPlayMap Detection: Level '/Game/UI-Rick/MainMenuTest.MainMenuTest:PersistentLevel' has LevelScriptBlueprint '/Game/UI-Rick/MainMenuTest.MainMenuTest:PersistentLevel.MainMenuTest' with GeneratedClass '/Game/UI-Rick/MainMenuTest.MainMenuTest_C' with ClassGeneratedBy '/Game/UI-Rick/MainMenuTest.MainMenuTest:PersistentLevel.MainMenuTest'
[2018.09.27-13.42.58:462][138]LogPlayLevel: Display: Destroying online subsystem :Context_5
[2018.09.27-13.43.37:391][321]BlueprintLog: New page: Compile MapGenerator_BP
[2018.09.27-13.43.38:030][321]Cmd: OBJ SAVEPACKAGE PACKAGE="/Game/MapGenerator_Mike/MapGenerator_BP" FILE="../../../../UnrealProjects/A.S.H/ASH_Game/Content/MapGenerator_Mike/MapGenerator_BP.uasset" SILENT=true
[2018.09.27-13.43.38:417][321]LogSavePackage: Moving '../../../../UnrealProjects/A.S.H/ASH_Game/Saved/MapGenerator_BP34C84EFB4CFC90D4A9651C9BA9215061.tmp' to '../../../../UnrealProjects/A.S.H/ASH_Game/Content/MapGenerator_Mike/MapGenerator_BP.uasset'
[2018.09.27-13.43.52:494][456]LogTemp: Repeating last play command: New Editor Window (PIE)
[2018.09.27-13.43.52:512][456]LogBlueprintUserMessages: Early PlayInEditor Detection: Level '/Game/UI-Rick/MainMenuTest.MainMenuTest:PersistentLevel' has LevelScriptBlueprint '/Game/UI-Rick/MainMenuTest.MainMenuTest:PersistentLevel.MainMenuTest' with GeneratedClass '/Game/UI-Rick/MainMenuTest.MainMenuTest_C' with ClassGeneratedBy '/Game/UI-Rick/MainMenuTest.MainMenuTest:PersistentLevel.MainMenuTest'
[2018.09.27-13.43.52:512][456]LogPlayLevel: PlayLevel: No blueprints needed recompiling
[2018.09.27-13.43.52:512][456]PIE: New page: PIE session: MainMenuTest (Sep 27, 2018, 5:43:52 AM)
[2018.09.27-13.43.52:514][456]LogPlayLevel: Creating play world package: /Game/UI-Rick/UEDPIE_0_MainMenuTest
[2018.09.27-13.43.52:515][456]LogPlayLevel: PIE: StaticDuplicateObject took: (0.001088s)
[2018.09.27-13.43.52:515][456]LogAIModule: Creating AISystem for world MainMenuTest
[2018.09.27-13.43.52:515][456]LogPlayLevel: PIE: World Init took: (0.000661s)
[2018.09.27-13.43.52:515][456]LogPlayLevel: PIE: Created PIE world by copying editor world from /Game/UI-Rick/MainMenuTest.MainMenuTest to /Game/UI-Rick/UEDPIE_0_MainMenuTest.MainMenuTest (0.001884s)
[2018.09.27-13.43.52:551][456]LogInit: XAudio2 using 'Speakers/Headphones (Realtek(R) Audio)' : 6 channels at 48 kHz using 32 bits per sample (channel mask 0x3f)
[2018.09.27-13.43.52:618][456]LogInit: FAudioDevice initialized.
[2018.09.27-13.43.52:627][456]LogSlate: Updating window title bar state: overlay mode, drag disabled, window buttons hidden, title bar hidden
[2018.09.27-13.43.52:714][456]LogLoad: Game class is 'TopDownGameMode_C'
[2018.09.27-13.43.52:715][456]LogWorld: Bringing World /Game/UI-Rick/UEDPIE_0_MainMenuTest.MainMenuTest up for play (max tick rate 60) at 2018.09.27-09.43.52
[2018.09.27-13.43.52:715][456]LogWorld: Bringing up level for play took: 0.000528
[2018.09.27-13.43.52:762][456]PIE: Play in editor start time for /Game/UI-Rick/UEDPIE_0_MainMenuTest 0.704
[2018.09.27-13.43.52:763][456]LogBlueprintUserMessages: Late PlayInEditor Detection: Level '/Game/UI-Rick/MainMenuTest.MainMenuTest:PersistentLevel' has LevelScriptBlueprint '/Game/UI-Rick/MainMenuTest.MainMenuTest:PersistentLevel.MainMenuTest' with GeneratedClass '/Game/UI-Rick/MainMenuTest.MainMenuTest_C' with ClassGeneratedBy '/Game/UI-Rick/MainMenuTest.MainMenuTest:PersistentLevel.MainMenuTest'
[2018.09.27-13.43.54:485][529]LogNet: Browse: /Game/MapGenerator_Mike/MapGenerator
[2018.09.27-13.43.54:498][529]LogLoad: LoadMap: /Game/MapGenerator_Mike/MapGenerator
[2018.09.27-13.43.54:605][529]LogAIModule: Creating AISystem for world MapGenerator
[2018.09.27-13.43.54:605][529]LogLoad: Game class is 'TopDownGameMode_C'
[2018.09.27-13.43.54:607][529]LogWorld: Bringing World /Game/MapGenerator_Mike/UEDPIE_0_MapGenerator.MapGenerator up for play (max tick rate 60) at 2018.09.27-09.43.54
[2018.09.27-13.43.54:607][529]LogWorld: Bringing up level for play took: 0.001078
[2018.09.27-13.43.54:607][529]LogGameMode: FindPlayerStart: PATHS NOT DEFINED or NO PLAYERSTART with positive rating
[2018.09.27-13.43.54:608][529]LogBlueprintUserMessages: [MapGenerator_BP_4] CSbranch#2
[2018.09.27-13.43.54:608][529]LogBlueprintUserMessages: [MapGenerator_BP_4] NAVbranch#2
[2018.09.27-13.43.54:621][529]LogBlueprintUserMessages: [MapGenerator_BP_4] CS Spawned
[2018.09.27-13.43.54:632][529]LogBlueprintUserMessages: [MapGenerator_BP_4] NAV Spawned
[2018.09.27-13.43.54:632][529]LogBlueprintUserMessages: [MapGenerator_BP_4] REA Spawned
[2018.09.27-13.43.54:633][529]LogLoad: Took 0.135945 seconds to LoadMap(/Game/MapGenerator_Mike/MapGenerator)
[2018.09.27-13.43.59:193][742]LogBlueprintUserMessages: Early EndPlayMap Detection: Level '/Game/UI-Rick/MainMenuTest.MainMenuTest:PersistentLevel' has LevelScriptBlueprint '/Game/UI-Rick/MainMenuTest.MainMenuTest:PersistentLevel.MainMenuTest' with GeneratedClass '/Game/UI-Rick/MainMenuTest.MainMenuTest_C' with ClassGeneratedBy '/Game/UI-Rick/MainMenuTest.MainMenuTest:PersistentLevel.MainMenuTest'
[2018.09.27-13.43.59:193][742]LogSlate: Updating window title bar state: overlay mode, drag disabled, window buttons hidden, title bar hidden
[2018.09.27-13.43.59:208][742]LogSlate: Window 'ASH_Game Game Preview Standalone (64-bit/PCD3D_SM5)' being destroyed
[2018.09.27-13.43.59:249][742]LogPlayLevel: Display: Shutting down PIE online subsystems
[2018.09.27-13.43.59:249][742]LogBlueprintUserMessages: Late EndPlayMap Detection: Level '/Game/UI-Rick/MainMenuTest.MainMenuTest:PersistentLevel' has LevelScriptBlueprint '/Game/UI-Rick/MainMenuTest.MainMenuTest:PersistentLevel.MainMenuTest' with GeneratedClass '/Game/UI-Rick/MainMenuTest.MainMenuTest_C' with ClassGeneratedBy '/Game/UI-Rick/MainMenuTest.MainMenuTest:PersistentLevel.MainMenuTest'
[2018.09.27-13.43.59:349][743]LogPlayLevel: Display: Destroying online subsystem :Context_6
[2018.09.27-13.44.26:285][ 59]BlueprintLog: New page: Compile MapGenerator_BP
[2018.09.27-13.44.26:975][ 59]Cmd: OBJ SAVEPACKAGE PACKAGE="/Game/MapGenerator_Mike/MapGenerator_BP" FILE="../../../../UnrealProjects/A.S.H/ASH_Game/Content/MapGenerator_Mike/MapGenerator_BP.uasset" SILENT=true
[2018.09.27-13.44.27:623][ 59]LogSavePackage: Moving '../../../../UnrealProjects/A.S.H/ASH_Game/Saved/MapGenerator_BPDA4CBE644C12D19E1AB5AFABA4D3FD0D.tmp' to '../../../../UnrealProjects/A.S.H/ASH_Game/Content/MapGenerator_Mike/MapGenerator_BP.uasset'
[2018.09.27-13.44.28:464][ 80]LogTemp: Repeating last play command: New Editor Window (PIE)
[2018.09.27-13.44.28:480][ 80]LogBlueprintUserMessages: Early PlayInEditor Detection: Level '/Game/UI-Rick/MainMenuTest.MainMenuTest:PersistentLevel' has LevelScriptBlueprint '/Game/UI-Rick/MainMenuTest.MainMenuTest:PersistentLevel.MainMenuTest' with GeneratedClass '/Game/UI-Rick/MainMenuTest.MainMenuTest_C' with ClassGeneratedBy '/Game/UI-Rick/MainMenuTest.MainMenuTest:PersistentLevel.MainMenuTest'
[2018.09.27-13.44.28:480][ 80]LogPlayLevel: PlayLevel: No blueprints needed recompiling
[2018.09.27-13.44.28:480][ 80]PIE: New page: PIE session: MainMenuTest (Sep 27, 2018, 5:44:28 AM)
[2018.09.27-13.44.28:481][ 80]LogPlayLevel: Creating play world package: /Game/UI-Rick/UEDPIE_0_MainMenuTest
[2018.09.27-13.44.28:482][ 80]LogPlayLevel: PIE: StaticDuplicateObject took: (0.001162s)
[2018.09.27-13.44.28:483][ 80]LogAIModule: Creating AISystem for world MainMenuTest
[2018.09.27-13.44.28:483][ 80]LogPlayLevel: PIE: World Init took: (0.000704s)
[2018.09.27-13.44.28:483][ 80]LogPlayLevel: PIE: Created PIE world by copying editor world from /Game/UI-Rick/MainMenuTest.MainMenuTest to /Game/UI-Rick/UEDPIE_0_MainMenuTest.MainMenuTest (0.002021s)
[2018.09.27-13.44.28:517][ 80]LogInit: XAudio2 using 'Speakers/Headphones (Realtek(R) Audio)' : 6 channels at 48 kHz using 32 bits per sample (channel mask 0x3f)
[2018.09.27-13.44.28:579][ 80]LogInit: FAudioDevice initialized.
[2018.09.27-13.44.28:588][ 80]LogSlate: Updating window title bar state: overlay mode, drag disabled, window buttons hidden, title bar hidden
[2018.09.27-13.44.28:660][ 80]LogLoad: Game class is 'TopDownGameMode_C'
[2018.09.27-13.44.28:662][ 80]LogWorld: Bringing World /Game/UI-Rick/UEDPIE_0_MainMenuTest.MainMenuTest up for play (max tick rate 60) at 2018.09.27-09.44.28
[2018.09.27-13.44.28:662][ 80]LogWorld: Bringing up level for play took: 0.000399
[2018.09.27-13.44.28:701][ 80]PIE: Play in editor start time for /Game/UI-Rick/UEDPIE_0_MainMenuTest 0.642
[2018.09.27-13.44.28:701][ 80]LogBlueprintUserMessages: Late PlayInEditor Detection: Level '/Game/UI-Rick/MainMenuTest.MainMenuTest:PersistentLevel' has LevelScriptBlueprint '/Game/UI-Rick/MainMenuTest.MainMenuTest:PersistentLevel.MainMenuTest' with GeneratedClass '/Game/UI-Rick/MainMenuTest.MainMenuTest_C' with ClassGeneratedBy '/Game/UI-Rick/MainMenuTest.MainMenuTest:PersistentLevel.MainMenuTest'
[2018.09.27-13.44.30:334][143]LogNet: Browse: /Game/MapGenerator_Mike/MapGenerator
[2018.09.27-13.44.30:347][143]LogLoad: LoadMap: /Game/MapGenerator_Mike/MapGenerator
[2018.09.27-13.44.30:452][143]LogAIModule: Creating AISystem for world MapGenerator
[2018.09.27-13.44.30:452][143]LogLoad: Game class is 'TopDownGameMode_C'
[2018.09.27-13.44.30:454][143]LogWorld: Bringing World /Game/MapGenerator_Mike/UEDPIE_0_MapGenerator.MapGenerator up for play (max tick rate 60) at 2018.09.27-09.44.30
[2018.09.27-13.44.30:454][143]LogWorld: Bringing up level for play took: 0.000735
[2018.09.27-13.44.30:454][143]LogGameMode: FindPlayerStart: PATHS NOT DEFINED or NO PLAYERSTART with positive rating
[2018.09.27-13.44.30:455][143]LogBlueprintUserMessages: [MapGenerator_BP_4] NAVbranch#2
[2018.09.27-13.44.30:477][143]LogBlueprintUserMessages: [MapGenerator_BP_4] REA Spawned
[2018.09.27-13.44.30:484][143]LogLoad: Took 0.137624 seconds to LoadMap(/Game/MapGenerator_Mike/MapGenerator)
[2018.09.27-13.44.35:275][342]LogBlueprintUserMessages: Early EndPlayMap Detection: Level '/Game/UI-Rick/MainMenuTest.MainMenuTest:PersistentLevel' has LevelScriptBlueprint '/Game/UI-Rick/MainMenuTest.MainMenuTest:PersistentLevel.MainMenuTest' with GeneratedClass '/Game/UI-Rick/MainMenuTest.MainMenuTest_C' with ClassGeneratedBy '/Game/UI-Rick/MainMenuTest.MainMenuTest:PersistentLevel.MainMenuTest'
[2018.09.27-13.44.35:276][342]LogSlate: Updating window title bar state: overlay mode, drag disabled, window buttons hidden, title bar hidden
[2018.09.27-13.44.35:286][342]LogSlate: Window 'ASH_Game Game Preview Standalone (64-bit/PCD3D_SM5)' being destroyed
[2018.09.27-13.44.35:327][342]LogPlayLevel: Display: Shutting down PIE online subsystems
[2018.09.27-13.44.35:328][342]LogBlueprintUserMessages: Late EndPlayMap Detection: Level '/Game/UI-Rick/MainMenuTest.MainMenuTest:PersistentLevel' has LevelScriptBlueprint '/Game/UI-Rick/MainMenuTest.MainMenuTest:PersistentLevel.MainMenuTest' with GeneratedClass '/Game/UI-Rick/MainMenuTest.MainMenuTest_C' with ClassGeneratedBy '/Game/UI-Rick/MainMenuTest.MainMenuTest:PersistentLevel.MainMenuTest'
[2018.09.27-13.44.35:423][343]LogPlayLevel: Display: Destroying online subsystem :Context_7
[2018.09.27-13.44.51:152][120]BlueprintLog: New page: Compile MapGenerator_BP
[2018.09.27-13.44.51:835][120]Cmd: OBJ SAVEPACKAGE PACKAGE="/Game/MapGenerator_Mike/MapGenerator_BP" FILE="../../../../UnrealProjects/A.S.H/ASH_Game/Content/MapGenerator_Mike/MapGenerator_BP.uasset" SILENT=true
[2018.09.27-13.44.52:216][120]LogSavePackage: Moving '../../../../UnrealProjects/A.S.H/ASH_Game/Saved/MapGenerator_BP9B288706469990BC04C26E993667348D.tmp' to '../../../../UnrealProjects/A.S.H/ASH_Game/Content/MapGenerator_Mike/MapGenerator_BP.uasset'
[2018.09.27-13.44.53:471][157]LogTemp: Repeating last play command: New Editor Window (PIE)
[2018.09.27-13.44.53:488][157]LogBlueprintUserMessages: Early PlayInEditor Detection: Level '/Game/UI-Rick/MainMenuTest.MainMenuTest:PersistentLevel' has LevelScriptBlueprint '/Game/UI-Rick/MainMenuTest.MainMenuTest:PersistentLevel.MainMenuTest' with GeneratedClass '/Game/UI-Rick/MainMenuTest.MainMenuTest_C' with ClassGeneratedBy '/Game/UI-Rick/MainMenuTest.MainMenuTest:PersistentLevel.MainMenuTest'
[2018.09.27-13.44.53:488][157]LogPlayLevel: PlayLevel: No blueprints needed recompiling
[2018.09.27-13.44.53:488][157]PIE: New page: PIE session: MainMenuTest (Sep 27, 2018, 5:44:53 AM)
[2018.09.27-13.44.53:489][157]LogPlayLevel: Creating play world package: /Game/UI-Rick/UEDPIE_0_MainMenuTest
[2018.09.27-13.44.53:490][157]LogPlayLevel: PIE: StaticDuplicateObject took: (0.001140s)
[2018.09.27-13.44.53:491][157]LogAIModule: Creating AISystem for world MainMenuTest
[2018.09.27-13.44.53:491][157]LogPlayLevel: PIE: World Init took: (0.000719s)
[2018.09.27-13.44.53:491][157]LogPlayLevel: PIE: Created PIE world by copying editor world from /Game/UI-Rick/MainMenuTest.MainMenuTest to /Game/UI-Rick/UEDPIE_0_MainMenuTest.MainMenuTest (0.002004s)
[2018.09.27-13.44.53:527][157]LogInit: XAudio2 using 'Speakers/Headphones (Realtek(R) Audio)' : 6 channels at 48 kHz using 32 bits per sample (channel mask 0x3f)
[2018.09.27-13.44.53:596][157]LogInit: FAudioDevice initialized.
[2018.09.27-13.44.53:606][157]LogSlate: Updating window title bar state: overlay mode, drag disabled, window buttons hidden, title bar hidden
[2018.09.27-13.44.53:683][157]LogLoad: Game class is 'TopDownGameMode_C'
[2018.09.27-13.44.53:684][157]LogWorld: Bringing World /Game/UI-Rick/UEDPIE_0_MainMenuTest.MainMenuTest up for play (max tick rate 60) at 2018.09.27-09.44.53
[2018.09.27-13.44.53:684][157]LogWorld: Bringing up level for play took: 0.000406
[2018.09.27-13.44.53:724][157]PIE: Play in editor start time for /Game/UI-Rick/UEDPIE_0_MainMenuTest -0.334
[2018.09.27-13.44.53:725][157]LogBlueprintUserMessages: Late PlayInEditor Detection: Level '/Game/UI-Rick/MainMenuTest.MainMenuTest:PersistentLevel' has LevelScriptBlueprint '/Game/UI-Rick/MainMenuTest.MainMenuTest:PersistentLevel.MainMenuTest' with GeneratedClass '/Game/UI-Rick/MainMenuTest.MainMenuTest_C' with ClassGeneratedBy '/Game/UI-Rick/MainMenuTest.MainMenuTest:PersistentLevel.MainMenuTest'
[2018.09.27-13.44.55:194][216]LogNet: Browse: /Game/MapGenerator_Mike/MapGenerator
[2018.09.27-13.44.55:206][216]LogLoad: LoadMap: /Game/MapGenerator_Mike/MapGenerator
[2018.09.27-13.44.55:322][216]LogAIModule: Creating AISystem for world MapGenerator
[2018.09.27-13.44.55:323][216]LogLoad: Game class is 'TopDownGameMode_C'
[2018.09.27-13.44.55:324][216]LogWorld: Bringing World /Game/MapGenerator_Mike/UEDPIE_0_MapGenerator.MapGenerator up for play (max tick rate 60) at 2018.09.27-09.44.55
[2018.09.27-13.44.55:325][216]LogWorld: Bringing up level for play took: 0.000950
[2018.09.27-13.44.55:325][216]LogGameMode: FindPlayerStart: PATHS NOT DEFINED or NO PLAYERSTART with positive rating
[2018.09.27-13.44.55:326][216]LogBlueprintUserMessages: [MapGenerator_BP_4] CSbranch#3
[2018.09.27-13.44.55:326][216]LogBlueprintUserMessages: [MapGenerator_BP_4] NAVbranch#2
[2018.09.27-13.44.55:349][216]LogLoad: Took 0.142042 seconds to LoadMap(/Game/MapGenerator_Mike/MapGenerator)
[2018.09.27-13.44.58:387][344]LogBlueprintUserMessages: Early EndPlayMap Detection: Level '/Game/UI-Rick/MainMenuTest.MainMenuTest:PersistentLevel' has LevelScriptBlueprint '/Game/UI-Rick/MainMenuTest.MainMenuTest:PersistentLevel.MainMenuTest' with GeneratedClass '/Game/UI-Rick/MainMenuTest.MainMenuTest_C' with ClassGeneratedBy '/Game/UI-Rick/MainMenuTest.MainMenuTest:PersistentLevel.MainMenuTest'
[2018.09.27-13.44.58:388][344]LogSlate: Updating window title bar state: overlay mode, drag disabled, window buttons hidden, title bar hidden
[2018.09.27-13.44.58:400][344]LogSlate: Window 'ASH_Game Game Preview Standalone (64-bit/PCD3D_SM5)' being destroyed
[2018.09.27-13.44.58:441][344]LogPlayLevel: Display: Shutting down PIE online subsystems
[2018.09.27-13.44.58:442][344]LogBlueprintUserMessages: Late EndPlayMap Detection: Level '/Game/UI-Rick/MainMenuTest.MainMenuTest:PersistentLevel' has LevelScriptBlueprint '/Game/UI-Rick/MainMenuTest.MainMenuTest:PersistentLevel.MainMenuTest' with GeneratedClass '/Game/UI-Rick/MainMenuTest.MainMenuTest_C' with ClassGeneratedBy '/Game/UI-Rick/MainMenuTest.MainMenuTest:PersistentLevel.MainMenuTest'
[2018.09.27-13.44.58:532][345]LogPlayLevel: Display: Destroying online subsystem :Context_8
[2018.09.27-13.45.47:797][969]BlueprintLog: New page: Compile MapGenerator_BP
[2018.09.27-13.45.48:438][969]Cmd: OBJ SAVEPACKAGE PACKAGE="/Game/MapGenerator_Mike/MapGenerator_BP" FILE="../../../../UnrealProjects/A.S.H/ASH_Game/Content/MapGenerator_Mike/MapGenerator_BP.uasset" SILENT=true
[2018.09.27-13.45.48:781][969]LogSavePackage: Moving '../../../../UnrealProjects/A.S.H/ASH_Game/Saved/MapGenerator_BP74F6408A49B76FE0E812379A80CB3A38.tmp' to '../../../../UnrealProjects/A.S.H/ASH_Game/Content/MapGenerator_Mike/MapGenerator_BP.uasset'
[2018.09.27-13.45.49:225][970]LogTemp: Repeating last play command: New Editor Window (PIE)
[2018.09.27-13.45.49:241][970]LogBlueprintUserMessages: Early PlayInEditor Detection: Level '/Game/UI-Rick/MainMenuTest.MainMenuTest:PersistentLevel' has LevelScriptBlueprint '/Game/UI-Rick/MainMenuTest.MainMenuTest:PersistentLevel.MainMenuTest' with GeneratedClass '/Game/UI-Rick/MainMenuTest.MainMenuTest_C' with ClassGeneratedBy '/Game/UI-Rick/MainMenuTest.MainMenuTest:PersistentLevel.MainMenuTest'
[2018.09.27-13.45.49:241][970]LogPlayLevel: PlayLevel: No blueprints needed recompiling
[2018.09.27-13.45.49:241][970]PIE: New page: PIE session: MainMenuTest (Sep 27, 2018, 5:45:49 AM)
[2018.09.27-13.45.49:242][970]LogPlayLevel: Creating play world package: /Game/UI-Rick/UEDPIE_0_MainMenuTest
[2018.09.27-13.45.49:243][970]LogPlayLevel: PIE: StaticDuplicateObject took: (0.001188s)
[2018.09.27-13.45.49:244][970]LogAIModule: Creating AISystem for world MainMenuTest
[2018.09.27-13.45.49:244][970]LogPlayLevel: PIE: World Init took: (0.000817s)
[2018.09.27-13.45.49:244][970]LogPlayLevel: PIE: Created PIE world by copying editor world from /Game/UI-Rick/MainMenuTest.MainMenuTest to /Game/UI-Rick/UEDPIE_0_MainMenuTest.MainMenuTest (0.002146s)
[2018.09.27-13.45.49:282][970]LogInit: XAudio2 using 'Speakers/Headphones (Realtek(R) Audio)' : 6 channels at 48 kHz using 32 bits per sample (channel mask 0x3f)
[2018.09.27-13.45.49:346][970]LogInit: FAudioDevice initialized.
[2018.09.27-13.45.49:356][970]LogSlate: Updating window title bar state: overlay mode, drag disabled, window buttons hidden, title bar hidden
[2018.09.27-13.45.49:437][970]LogLoad: Game class is 'TopDownGameMode_C'
[2018.09.27-13.45.49:438][970]LogWorld: Bringing World /Game/UI-Rick/UEDPIE_0_MainMenuTest.MainMenuTest up for play (max tick rate 60) at 2018.09.27-09.45.49
[2018.09.27-13.45.49:438][970]LogWorld: Bringing up level for play took: 0.000419
[2018.09.27-13.45.49:480][970]PIE: Play in editor start time for /Game/UI-Rick/UEDPIE_0_MainMenuTest -0.579
[2018.09.27-13.45.49:480][970]LogBlueprintUserMessages: Late PlayInEditor Detection: Level '/Game/UI-Rick/MainMenuTest.MainMenuTest:PersistentLevel' has LevelScriptBlueprint '/Game/UI-Rick/MainMenuTest.MainMenuTest:PersistentLevel.MainMenuTest' with GeneratedClass '/Game/UI-Rick/MainMenuTest.MainMenuTest_C' with ClassGeneratedBy '/Game/UI-Rick/MainMenuTest.MainMenuTest:PersistentLevel.MainMenuTest'
[2018.09.27-13.45.50:932][ 36]LogNet: Browse: /Game/MapGenerator_Mike/MapGenerator
[2018.09.27-13.45.50:945][ 36]LogLoad: LoadMap: /Game/MapGenerator_Mike/MapGenerator
[2018.09.27-13.45.51:056][ 36]LogAIModule: Creating AISystem for world MapGenerator
[2018.09.27-13.45.51:056][ 36]LogLoad: Game class is 'TopDownGameMode_C'
[2018.09.27-13.45.51:058][ 36]LogWorld: Bringing World /Game/MapGenerator_Mike/UEDPIE_0_MapGenerator.MapGenerator up for play (max tick rate 60) at 2018.09.27-09.45.51
[2018.09.27-13.45.51:058][ 36]LogWorld: Bringing up level for play took: 0.000962
[2018.09.27-13.45.51:058][ 36]LogGameMode: FindPlayerStart: PATHS NOT DEFINED or NO PLAYERSTART with positive rating
[2018.09.27-13.45.51:059][ 36]LogBlueprintUserMessages: [MapGenerator_BP_4] NAVbranch#2
[2018.09.27-13.45.51:059][ 36]LogBlueprintUserMessages: [MapGenerator_BP_4] ENGbranch#3
[2018.09.27-13.45.51:080][ 36]LogLoad: Took 0.134520 seconds to LoadMap(/Game/MapGenerator_Mike/MapGenerator)
[2018.09.27-13.45.51:080][ 36]LogBlueprintUserMessages: [MapGenerator_BP_4] 3
[2018.09.27-13.45.51:121][ 37]LogBlueprintUserMessages: [MapGenerator_BP_4] 3
[2018.09.27-13.45.51:144][ 38]LogBlueprintUserMessages: [MapGenerator_BP_4] 3
[2018.09.27-13.45.51:165][ 39]LogBlueprintUserMessages: [MapGenerator_BP_4] 3
[2018.09.27-13.45.51:184][ 40]LogBlueprintUserMessages: [MapGenerator_BP_4] 3
[2018.09.27-13.45.51:204][ 41]LogBlueprintUserMessages: [MapGenerator_BP_4] 3
[2018.09.27-13.45.51:223][ 42]LogBlueprintUserMessages: [MapGenerator_BP_4] 3
[2018.09.27-13.45.51:242][ 43]LogBlueprintUserMessages: [MapGenerator_BP_4] 3
[2018.09.27-13.45.51:262][ 44]LogBlueprintUserMessages: [MapGenerator_BP_4] 3
[2018.09.27-13.45.51:282][ 45]LogBlueprintUserMessages: [MapGenerator_BP_4] 3
[2018.09.27-13.45.51:302][ 46]LogBlueprintUserMessages: [MapGenerator_BP_4] 3
[2018.09.27-13.45.51:320][ 47]LogBlueprintUserMessages: [MapGenerator_BP_4] 3
[2018.09.27-13.45.51:340][ 48]LogBlueprintUserMessages: [MapGenerator_BP_4] 3
[2018.09.27-13.45.51:361][ 49]LogBlueprintUserMessages: [MapGenerator_BP_4] 3
[2018.09.27-13.45.51:382][ 50]LogBlueprintUserMessages: [MapGenerator_BP_4] 3
[2018.09.27-13.45.51:402][ 51]LogBlueprintUserMessages: [MapGenerator_BP_4] 3
[2018.09.27-13.45.51:420][ 52]LogBlueprintUserMessages: [MapGenerator_BP_4] 3
[2018.09.27-13.45.51:442][ 53]LogBlueprintUserMessages: [MapGenerator_BP_4] 3
[2018.09.27-13.45.51:465][ 54]LogBlueprintUserMessages: [MapGenerator_BP_4] 3
[2018.09.27-13.45.51:484][ 55]LogBlueprintUserMessages: [MapGenerator_BP_4] 3
[2018.09.27-13.45.51:504][ 56]LogBlueprintUserMessages: [MapGenerator_BP_4] 3
[2018.09.27-13.45.51:525][ 57]LogBlueprintUserMessages: [MapGenerator_BP_4] 3
[2018.09.27-13.45.51:544][ 58]LogBlueprintUserMessages: [MapGenerator_BP_4] 3
[2018.09.27-13.45.51:564][ 59]LogBlueprintUserMessages: [MapGenerator_BP_4] 3
[2018.09.27-13.45.51:582][ 60]LogBlueprintUserMessages: [MapGenerator_BP_4] 3
[2018.09.27-13.45.51:603][ 61]LogBlueprintUserMessages: [MapGenerator_BP_4] 3
[2018.09.27-13.45.51:622][ 62]LogBlueprintUserMessages: [MapGenerator_BP_4] 3
[2018.09.27-13.45.51:641][ 63]LogBlueprintUserMessages: [MapGenerator_BP_4] 3
[2018.09.27-13.45.51:662][ 64]LogBlueprintUserMessages: [MapGenerator_BP_4] 3
[2018.09.27-13.45.51:681][ 65]LogBlueprintUserMessages: [MapGenerator_BP_4] 3
[2018.09.27-13.45.51:700][ 66]LogBlueprintUserMessages: [MapGenerator_BP_4] 3
[2018.09.27-13.45.51:721][ 67]LogBlueprintUserMessages: [MapGenerator_BP_4] 3
[2018.09.27-13.45.51:741][ 68]LogBlueprintUserMessages: [MapGenerator_BP_4] 3
[2018.09.27-13.45.51:762][ 69]LogBlueprintUserMessages: [MapGenerator_BP_4] 3
[2018.09.27-13.45.51:782][ 70]LogBlueprintUserMessages: [MapGenerator_BP_4] 3
[2018.09.27-13.45.51:803][ 71]LogBlueprintUserMessages: [MapGenerator_BP_4] 3
[2018.09.27-13.45.51:822][ 72]LogBlueprintUserMessages: [MapGenerator_BP_4] 3
[2018.09.27-13.45.51:841][ 73]LogBlueprintUserMessages: [MapGenerator_BP_4] 3
[2018.09.27-13.45.51:861][ 74]LogBlueprintUserMessages: [MapGenerator_BP_4] 3
[2018.09.27-13.45.51:881][ 75]LogBlueprintUserMessages: [MapGenerator_BP_4] 3
[2018.09.27-13.45.51:901][ 76]LogBlueprintUserMessages: [MapGenerator_BP_4] 3
[2018.09.27-13.45.51:922][ 77]LogBlueprintUserMessages: [MapGenerator_BP_4] 3
[2018.09.27-13.45.51:943][ 78]LogBlueprintUserMessages: [MapGenerator_BP_4] 3
[2018.09.27-13.45.51:966][ 79]LogBlueprintUserMessages: [MapGenerator_BP_4] 3
[2018.09.27-13.45.51:987][ 80]LogBlueprintUserMessages: [MapGenerator_BP_4] 3
[2018.09.27-13.45.52:007][ 81]LogBlueprintUserMessages: [MapGenerator_BP_4] 3
[2018.09.27-13.45.52:028][ 82]LogBlueprintUserMessages: [MapGenerator_BP_4] 3
[2018.09.27-13.45.52:047][ 83]LogBlueprintUserMessages: [MapGenerator_BP_4] 3
[2018.09.27-13.45.52:067][ 84]LogBlueprintUserMessages: [MapGenerator_BP_4] 3
[2018.09.27-13.45.52:086][ 85]LogBlueprintUserMessages: [MapGenerator_BP_4] 3
[2018.09.27-13.45.52:107][ 86]LogBlueprintUserMessages: [MapGenerator_BP_4] 3
[2018.09.27-13.45.52:127][ 87]LogBlueprintUserMessages: [MapGenerator_BP_4] 3
[2018.09.27-13.45.52:147][ 88]LogBlueprintUserMessages: [MapGenerator_BP_4] 3
[2018.09.27-13.45.52:167][ 89]LogBlueprintUserMessages: [MapGenerator_BP_4] 3
[2018.09.27-13.45.52:186][ 90]LogBlueprintUserMessages: [MapGenerator_BP_4] 3
[2018.09.27-13.45.52:207][ 91]LogBlueprintUserMessages: [MapGenerator_BP_4] 3
[2018.09.27-13.45.52:229][ 92]LogBlueprintUserMessages: [MapGenerator_BP_4] 3
[2018.09.27-13.45.52:250][ 93]LogBlueprintUserMessages: [MapGenerator_BP_4] 3
[2018.09.27-13.45.52:250][ 93]LogBlueprintUserMessages: Early EndPlayMap Detection: Level '/Game/UI-Rick/MainMenuTest.MainMenuTest:PersistentLevel' has LevelScriptBlueprint '/Game/UI-Rick/MainMenuTest.MainMenuTest:PersistentLevel.MainMenuTest' with GeneratedClass '/Game/UI-Rick/MainMenuTest.MainMenuTest_C' with ClassGeneratedBy '/Game/UI-Rick/MainMenuTest.MainMenuTest:PersistentLevel.MainMenuTest'
[2018.09.27-13.45.52:251][ 93]LogSlate: Updating window title bar state: overlay mode, drag disabled, window buttons hidden, title bar hidden
[2018.09.27-13.45.52:265][ 93]LogSlate: Window 'ASH_Game Game Preview Standalone (64-bit/PCD3D_SM5)' being destroyed
[2018.09.27-13.45.52:307][ 93]LogPlayLevel: Display: Shutting down PIE online subsystems
[2018.09.27-13.45.52:308][ 93]LogBlueprintUserMessages: Late EndPlayMap Detection: Level '/Game/UI-Rick/MainMenuTest.MainMenuTest:PersistentLevel' has LevelScriptBlueprint '/Game/UI-Rick/MainMenuTest.MainMenuTest:PersistentLevel.MainMenuTest' with GeneratedClass '/Game/UI-Rick/MainMenuTest.MainMenuTest_C' with ClassGeneratedBy '/Game/UI-Rick/MainMenuTest.MainMenuTest:PersistentLevel.MainMenuTest'
[2018.09.27-13.45.52:394][ 94]LogPlayLevel: Display: Destroying online subsystem :Context_9
[2018.09.27-13.45.58:303][422]BlueprintLog: New page: Compile MapGenerator_BP
[2018.09.27-13.45.59:025][422]Cmd: OBJ SAVEPACKAGE PACKAGE="/Game/MapGenerator_Mike/MapGenerator_BP" FILE="../../../../UnrealProjects/A.S.H/ASH_Game/Content/MapGenerator_Mike/MapGenerator_BP.uasset" SILENT=true
[2018.09.27-13.45.59:424][422]LogSavePackage: Moving '../../../../UnrealProjects/A.S.H/ASH_Game/Saved/MapGenerator_BP545745C74121115B069CFEB8AEC7CCDE.tmp' to '../../../../UnrealProjects/A.S.H/ASH_Game/Content/MapGenerator_Mike/MapGenerator_BP.uasset'
[2018.09.27-13.47.28:579][247]LogEditorTransaction: Undo Delete current selection
[2018.09.27-13.47.48:047][283]LogEditorTransaction: Undo Add Pin
[2018.09.27-13.48.04:016][114]BlueprintLog: New page: Compile MapGenerator_BP
[2018.09.27-13.48.04:732][114]Cmd: OBJ SAVEPACKAGE PACKAGE="/Game/MapGenerator_Mike/MapGenerator_BP" FILE="../../../../UnrealProjects/A.S.H/ASH_Game/Content/MapGenerator_Mike/MapGenerator_BP.uasset" SILENT=true
[2018.09.27-13.48.05:149][114]LogSavePackage: Moving '../../../../UnrealProjects/A.S.H/ASH_Game/Saved/MapGenerator_BP6BAE04EF4B68182939C1E08A1129EBAB.tmp' to '../../../../UnrealProjects/A.S.H/ASH_Game/Content/MapGenerator_Mike/MapGenerator_BP.uasset'
