Log file open, 09/24/18 02:12:20
LogWindows: Failed to load 'aqProf.dll' (GetLastError=126)
LogWindows: File 'aqProf.dll' does not exist
LogWindows: Failed to load 'VSPerf140.dll' (GetLastError=126)
LogWindows: File 'VSPerf140.dll' does not exist
LogWindows: Failed to load 'VtuneApi.dll' (GetLastError=126)
LogWindows: File 'VtuneApi.dll' does not exist
LogWindows: Failed to load 'VtuneApi32e.dll' (GetLastError=126)
LogWindows: File 'VtuneApi32e.dll' does not exist
LogInit: Display: Running engine for game: ASH_Game
LogPlatformFile: Not using cached read wrapper
LogTaskGraph: Started task graph with 5 named threads and 23 total threads with 3 sets of task threads.
LogStats: Stats thread started at 3.079025
LogD3D11RHI: Loaded GFSDK_Aftermath_Lib.x64.dll
LogICUInternationalization: Display: ICU TimeZone Detection - Raw Offset: -5:00, Platform Override: ''
LogPluginManager: Mounting plugin Paper2D
LogPluginManager: Mounting plugin AISupport
LogPluginManager: Mounting plugin LightPropagationVolume
LogPluginManager: Mounting plugin CLionSourceCodeAccess
LogPluginManager: Mounting plugin CodeLiteSourceCodeAccess
LogPluginManager: Mounting plugin GitSourceControl
LogPluginManager: Mounting plugin KDevelopSourceCodeAccess
LogPluginManager: Mounting plugin NullSourceCodeAccess
LogPluginManager: Mounting plugin PerforceSourceControl
LogPluginManager: Mounting plugin SubversionSourceControl
LogPluginManager: Mounting plugin UObjectPlugin
LogPluginManager: Mounting plugin VisualStudioCodeSourceCodeAccess
LogPluginManager: Mounting plugin VisualStudioSourceCodeAccess
LogPluginManager: Mounting plugin XCodeSourceCodeAccess
LogPluginManager: Mounting plugin AssetManagerEditor
LogPluginManager: Mounting plugin CryptoKeys
LogPluginManager: Mounting plugin DataValidation
LogPluginManager: Mounting plugin FacialAnimation
LogPluginManager: Mounting plugin GameplayTagsEditor
LogPluginManager: Mounting plugin MacGraphicsSwitching
LogPluginManager: Mounting plugin MeshEditor
LogPluginManager: Mounting plugin MobileLauncherProfileWizard
LogPluginManager: Mounting plugin PluginBrowser
LogPluginManager: Mounting plugin SpeedTreeImporter
LogPluginManager: Mounting plugin DatasmithContent
LogPluginManager: Mounting plugin AlembicImporter
LogPluginManager: Mounting plugin AppleImageUtils
LogPluginManager: Mounting plugin AppleVision
LogPluginManager: Mounting plugin BackChannel
LogPluginManager: Mounting plugin CharacterAI
LogPluginManager: Mounting plugin GeometryCache
LogPluginManager: Mounting plugin HTML5Networking
LogPluginManager: Mounting plugin ProxyLODPlugin
LogPluginManager: Mounting plugin MagicLeap
LogPluginManager: Mounting plugin MagicLeapEmulator
LogPluginManager: Mounting plugin MagicLeapMedia
LogPluginManager: Mounting plugin AndroidMedia
LogPluginManager: Mounting plugin AvfMedia
LogPluginManager: Mounting plugin ImgMedia
LogPluginManager: Mounting plugin LinearTimecode
LogPluginManager: Mounting plugin MediaCompositing
LogPluginManager: Mounting plugin MediaPlayerEditor
LogPluginManager: Mounting plugin WmfMedia
LogPluginManager: Mounting plugin TcpMessaging
LogPluginManager: Mounting plugin UdpMessaging
LogPluginManager: Mounting plugin ActorSequence
LogPluginManager: Mounting plugin LevelSequenceEditor
LogPluginManager: Mounting plugin MatineeToLevelSequence
LogPluginManager: Mounting plugin NetcodeUnitTest
LogPluginManager: Mounting plugin NUTUnrealEngine4
LogPluginManager: Mounting plugin OnlineSubsystemGooglePlay
LogPluginManager: Mounting plugin OnlineSubsystemIOS
LogPluginManager: Mounting plugin OnlineSubsystem
LogPluginManager: Mounting plugin OnlineSubsystemNull
LogPluginManager: Mounting plugin OnlineSubsystemUtils
LogPluginManager: Mounting plugin LauncherChunkInstaller
LogPluginManager: Mounting plugin AndroidDeviceProfileSelector
LogPluginManager: Mounting plugin AndroidMoviePlayer
LogPluginManager: Mounting plugin AndroidPermission
LogPluginManager: Mounting plugin AppleMoviePlayer
LogPluginManager: Mounting plugin ArchVisCharacter
LogPluginManager: Mounting plugin AudioCapture
LogPluginManager: Mounting plugin CableComponent
LogPluginManager: Mounting plugin CustomMeshComponent
LogPluginManager: Mounting plugin EditableMesh
LogPluginManager: Mounting plugin ExampleDeviceProfileSelector
LogPluginManager: Mounting plugin GoogleCloudMessaging
LogPluginManager: Mounting plugin ImmediatePhysics
LogPluginManager: Mounting plugin IOSDeviceProfileSelector
LogPluginManager: Mounting plugin LinuxDeviceProfileSelector
LogPluginManager: Mounting plugin LocationServicesBPLibrary
LogPluginManager: Mounting plugin MobilePatchingUtils
LogPluginManager: Mounting plugin OculusVR
LogPluginManager: Plugin shader directory ../../../Engine/Plugins/Runtime/Oculus/OculusVR/Shaders found
LogPluginManager: Mapping shader source directory ../../../Engine/Plugins/Runtime/Oculus/OculusVR/Shaders to virtual directory /Plugin/OculusVR
LogPluginManager: Mounting plugin PhysXVehicles
LogPluginManager: Mounting plugin ProceduralMeshComponent
LogPluginManager: Mounting plugin RuntimePhysXCooking
LogPluginManager: Mounting plugin SteamVR
LogPluginManager: Mounting plugin WindowsMoviePlayer
LogStreaming: Display: Took  0.437s to configure plugins.
LogInit: Using libcurl 7.55.1-DEV
LogInit:  - built for x86_64-pc-win32
LogInit:  - supports SSL with OpenSSL/1.0.2h
LogInit:  - supports HTTP deflate (compression) using libz 1.2.8
LogInit:  - other features:
LogInit:      CURL_VERSION_SSL
LogInit:      CURL_VERSION_LIBZ
LogInit:      CURL_VERSION_IPV6
LogInit:      CURL_VERSION_ASYNCHDNS
LogInit:      CURL_VERSION_LARGEFILE
LogInit:      CURL_VERSION_IDN
LogInit:  CurlRequestOptions (configurable via config and command line):
LogInit:  - bVerifyPeer = false  - Libcurl will NOT verify peer certificate
LogInit:  - bUseHttpProxy = false  - Libcurl will NOT use HTTP proxy
LogInit:  - bDontReuseConnections = false  - Libcurl will reuse connections
LogInit:  - CertBundlePath = nullptr  - Libcurl will use whatever was configured at build time.
LogInit:  - MaxHostConnections = 16  - Libcurl will limit the number of connections to a host
LogInit:  - LocalHostAddr = Default
LogInit:  - BufferSize = 65536
LogInit: WinSock: version 1.1 (2.2), MaxSocks=32767, MaxUdp=65467
LogInit: Build: ++UE4+Release-4.20-CL-4369336
LogInit: Engine Version: 4.20.3-4369336+++UE4+Release-4.20
LogInit: Compatible Engine Version: 4.20.0-4212847+++UE4+Release-4.20
LogInit: Net CL: 4212847
LogInit: OS: Windows 10 (), CPU: Intel(R) Core(TM) i7-7700HQ CPU @ 2.80GHz, GPU: NVIDIA GeForce GTX 1070
LogInit: Compiled (64-bit): Sep 17 2018 12:26:19
LogInit: Compiled with Visual C++: 19.13.26129.00
LogInit: Build Configuration: Development
LogInit: Branch Name: ++UE4+Release-4.20
LogInit: Command Line:  
LogInit: Base Directory: D:/UE_4.20/Engine/Binaries/Win64/
LogInit: Installed Engine Build: 1
LogDevObjectVersion: Number of dev versions registered: 20
LogDevObjectVersion:   Dev-Blueprints (B0D832E4-1F89-4F0D-ACCF-7EB736FD4AA2): 10
LogDevObjectVersion:   Dev-Build (E1C64328-A22C-4D53-A36C-8E866417BD8C): 0
LogDevObjectVersion:   Dev-Core (375EC13C-06E4-48FB-B500-84F0262A717E): 2
LogDevObjectVersion:   Dev-Editor (E4B068ED-F494-42E9-A231-DA0B2E46BB41): 24
LogDevObjectVersion:   Dev-Framework (CFFC743F-43B0-4480-9391-14DF171D2073): 34
LogDevObjectVersion:   Dev-Mobile (B02B49B5-BB20-44E9-A304-32B752E40360): 2
LogDevObjectVersion:   Dev-Networking (A4E4105C-59A1-49B5-A7C5-40C4547EDFEE): 0
LogDevObjectVersion:   Dev-Online (39C831C9-5AE6-47DC-9A44-9C173E1C8E7C): 0
LogDevObjectVersion:   Dev-Physics (78F01B33-EBEA-4F98-B9B4-84EACCB95AA2): 0
LogDevObjectVersion:   Dev-Platform (6631380F-2D4D-43E0-8009-CF276956A95A): 0
LogDevObjectVersion:   Dev-Rendering (12F88B9F-8875-4AFC-A67C-D90C383ABD29): 26
LogDevObjectVersion:   Dev-Sequencer (7B5AE74C-D270-4C10-A958-57980B212A5A): 9
LogDevObjectVersion:   Dev-VR (D7296918-1DD6-4BDD-9DE2-64A83CC13884): 2
LogDevObjectVersion:   Dev-LoadTimes (C2A15278-BFE7-4AFE-6C17-90FF531DF755): 1
LogDevObjectVersion:   Private-Geometry (6EACA3D4-40EC-4CC1-B786-8BED09428FC5): 3
LogDevObjectVersion:   Dev-AnimPhys (29E575DD-E0A3-4627-9D10-D276232CDCEA): 17
LogDevObjectVersion:   Dev-ReflectionCapture (6B266CEC-1EC7-4B8F-A30B-E4D90942FC07): 1
LogDevObjectVersion:   Dev-Automation (0DF73D61-A23F-47EA-B727-89E90C41499A): 1
LogDevObjectVersion:   FortniteMain (601D1886-AC64-4F84-AA16-D3DE0DEAC7D6): 12
LogDevObjectVersion:   Dev-Enterprise (9DFFBCD6-494F-0158-E221-12823C92A888): 1
LogStreaming: Display: Took  0.032s to delete old logs.
LogInit: Presizing for max 8388607 objects, including 0 objects not considered by GC, pre-allocating 0 bytes for permanent pool.
LogInit: Object subsystem initialized
[2018.09.24-06.12.23:697][  0]LogInit: Selected Device Profile: [Windows]
[2018.09.24-06.12.23:698][  0]LogInit: Applying CVar settings loaded from the selected device profile: [Windows]
[2018.09.24-06.12.23:762][  0]LogHAL: Display: Platform has ~ 16 GB [17046728704 / 17179869184 / 16], which maps to Larger [LargestMinGB=32, LargerMinGB=12, DefaultMinGB=8, SmallerMinGB=6, SmallestMinGB=0)
[2018.09.24-06.12.23:770][  0]LogInit: Setting Device Profile CVar: [[r.Vulkan.UseRealUBs:1]]
[2018.09.24-06.12.23:775][  0]LogInit: Going up to parent DeviceProfile []
[2018.09.24-06.12.23:813][  0]LogInit: Computer: DESKTOP-Q614RLO
[2018.09.24-06.12.23:813][  0]LogInit: User: maloo
[2018.09.24-06.12.23:813][  0]LogInit: CPU Page size=4096, Cores=4
[2018.09.24-06.12.23:813][  0]LogInit: High frequency timer resolution =2.742191 MHz
[2018.09.24-06.12.23:813][  0]LogMemory: Memory total: Physical=15.9GB (16GB approx)
[2018.09.24-06.12.23:813][  0]LogMemory: Platform Memory Stats for Windows
[2018.09.24-06.12.23:813][  0]LogMemory: Process Physical Memory: 100.60 MB used, 100.60 MB peak
[2018.09.24-06.12.23:813][  0]LogMemory: Process Virtual Memory: 93.42 MB used, 93.42 MB peak
[2018.09.24-06.12.23:813][  0]LogMemory: Physical Memory: 3952.37 MB used,  12304.66 MB free, 16257.03 MB total
[2018.09.24-06.12.23:813][  0]LogMemory: Virtual Memory: 4647.37 MB used,  12304.66 MB free, 134217728.00 MB total
[2018.09.24-06.12.24:893][  0]LogInit: Using OS detected language (en-US).
[2018.09.24-06.12.24:894][  0]LogInit: Using OS detected locale (en-CA).
[2018.09.24-06.12.24:977][  0]LogTextLocalizationManager: No specific localization for 'en-US' exists, so the 'en' localization will be used.
[2018.09.24-06.12.25:764][  0]LogStreaming: Display: Took  0.845s to InitEngineTextLocalization.
[2018.09.24-06.12.25:774][  0]LogInit: Setting process to per monitor DPI aware
[2018.09.24-06.12.26:346][  0]LogSlate: New Slate User Created.  User Index 0, Is Virtual User: 0
[2018.09.24-06.12.26:346][  0]LogSlate: Slate User Registered.  User Index 0, Is Virtual User: 0
[2018.09.24-06.12.29:614][  0]LogHMD: Failed to initialize OpenVR with code 110
[2018.09.24-06.12.29:614][  0]LogD3D11RHI: D3D11 adapters:
[2018.09.24-06.12.29:687][  0]LogD3D11RHI:    0. 'NVIDIA GeForce GTX 1070' (Feature Level 11_0)
[2018.09.24-06.12.29:688][  0]LogD3D11RHI:       8081/0/8128 MB DedicatedVideo/DedicatedSystem/SharedSystem, Outputs:1, VendorId:0x10de
[2018.09.24-06.12.30:212][  0]LogD3D11RHI:    1. 'Intel(R) HD Graphics 630' (Feature Level 11_0)
[2018.09.24-06.12.30:212][  0]LogD3D11RHI:       128/0/8128 MB DedicatedVideo/DedicatedSystem/SharedSystem, Outputs:0, VendorId:0x8086
[2018.09.24-06.12.30:214][  0]LogD3D11RHI:    2. 'Microsoft Basic Render Driver' (Feature Level 11_0)
[2018.09.24-06.12.30:214][  0]LogD3D11RHI:       0/0/8128 MB DedicatedVideo/DedicatedSystem/SharedSystem, Outputs:0, VendorId:0x1414
[2018.09.24-06.12.30:214][  0]LogD3D11RHI: Chosen D3D11 Adapter: 0
[2018.09.24-06.12.30:301][  0]LogD3D11RHI: Creating new Direct3DDevice
[2018.09.24-06.12.30:301][  0]LogD3D11RHI:     GPU DeviceId: 0x1be1 (for the marketing name, search the web for "GPU Device Id")
[2018.09.24-06.12.30:307][  0]LogWindows: EnumDisplayDevices:
[2018.09.24-06.12.30:307][  0]LogWindows:    0. 'NVIDIA GeForce GTX 1070' (P:1 D:1)
[2018.09.24-06.12.30:308][  0]LogWindows:    1. 'NVIDIA GeForce GTX 1070' (P:0 D:0)
[2018.09.24-06.12.30:308][  0]LogWindows:    2. 'NVIDIA GeForce GTX 1070' (P:0 D:0)
[2018.09.24-06.12.30:308][  0]LogWindows:    3. 'NVIDIA GeForce GTX 1070' (P:0 D:0)
[2018.09.24-06.12.30:308][  0]LogWindows:    4. 'Intel(R) HD Graphics 630' (P:0 D:0)
[2018.09.24-06.12.30:308][  0]LogWindows:    5. 'Intel(R) HD Graphics 630' (P:0 D:0)
[2018.09.24-06.12.30:308][  0]LogWindows:    6. 'Intel(R) HD Graphics 630' (P:0 D:0)
[2018.09.24-06.12.30:309][  0]LogWindows: DebugString: PrimaryIsNotTheChoosenAdapter PrimaryIsNotTheChoosenAdapter PrimaryIsNotTheChoosenAdapter FoundDriverCount:4 
[2018.09.24-06.12.30:309][  0]LogD3D11RHI:     Adapter Name: NVIDIA GeForce GTX 1070
[2018.09.24-06.12.30:319][  0]LogD3D11RHI:   Driver Version: 411.63 (internal:24.21.14.1163, unified:411.63)
[2018.09.24-06.12.30:319][  0]LogD3D11RHI:      Driver Date: 9-18-2018
[2018.09.24-06.12.30:319][  0]LogRHI: Texture pool is 5656 MB (70% of 8081 MB)
[2018.09.24-06.12.30:362][  0]LogD3D11RHI: Async texture creation enabled
[2018.09.24-06.12.30:630][  0]LogD3D11RHI: GPU Timing Frequency: 1000.000000 (Debug: 2 2)
[2018.09.24-06.12.30:701][  0]LogShaderCompilers: Guid format shader working directory is 2 characters bigger than the processId version (../../../../GameDev/_Projects/A.S.H/ASH_Game/Intermediate/Shaders/WorkingDirectory/2036/).
[2018.09.24-06.12.30:701][  0]LogShaderCompilers: Cleaned the shader compiler working directory 'C:/Users/maloo/AppData/Local/Temp/UnrealShaderWorkingDir/97DEB2074DF98AA7B6F52FA79ABE57D4/'.
[2018.09.24-06.12.31:630][  0]LogTemp: Display: Loaded TP AllDesktopTargetPlatform
[2018.09.24-06.12.31:683][  0]LogTemp: Display: Loaded TP MacClientTargetPlatform
[2018.09.24-06.12.31:711][  0]LogTemp: Display: Loaded TP MacNoEditorTargetPlatform
[2018.09.24-06.12.31:735][  0]LogTemp: Display: Loaded TP MacServerTargetPlatform
[2018.09.24-06.12.31:806][  0]LogTemp: Display: Loaded TP MacTargetPlatform
[2018.09.24-06.12.31:846][  0]LogTemp: Display: Loaded TP WindowsClientTargetPlatform
[2018.09.24-06.12.31:894][  0]LogTemp: Display: Loaded TP WindowsNoEditorTargetPlatform
[2018.09.24-06.12.31:933][  0]LogTemp: Display: Loaded TP WindowsServerTargetPlatform
[2018.09.24-06.12.31:950][  0]LogTemp: Display: Loaded TP WindowsTargetPlatform
[2018.09.24-06.12.32:070][  0]LogTemp: Display: Loaded TP AndroidTargetPlatform
[2018.09.24-06.12.32:070][  0]LogTemp: Display: Loaded TP AndroidTargetPlatform
[2018.09.24-06.12.32:070][  0]LogTemp: Display: Loaded TP AndroidTargetPlatform
[2018.09.24-06.12.32:070][  0]LogTemp: Display: Loaded TP AndroidTargetPlatform
[2018.09.24-06.12.32:070][  0]LogTemp: Display: Loaded TP AndroidTargetPlatform
[2018.09.24-06.12.32:070][  0]LogTemp: Display: Loaded TP AndroidTargetPlatform
[2018.09.24-06.12.32:070][  0]LogTemp: Display: Loaded TP AndroidTargetPlatform
[2018.09.24-06.12.32:070][  0]LogTemp: Display: Loaded TP AndroidTargetPlatform
[2018.09.24-06.12.32:070][  0]LogTemp: Display: Loaded TP AndroidTargetPlatform
[2018.09.24-06.12.32:070][  0]LogTemp: Display: Loaded TP AndroidTargetPlatform
[2018.09.24-06.12.32:070][  0]LogTemp: Display: Loaded TP AndroidTargetPlatform
[2018.09.24-06.12.32:070][  0]LogTemp: Display: Loaded TP AndroidTargetPlatform
[2018.09.24-06.12.32:070][  0]LogTemp: Display: Loaded TP AndroidTargetPlatform
[2018.09.24-06.12.32:070][  0]LogTemp: Display: Loaded TP AndroidTargetPlatform
[2018.09.24-06.12.32:070][  0]LogTemp: Display: Loaded TP AndroidTargetPlatform
[2018.09.24-06.12.32:070][  0]LogTemp: Display: Loaded TP AndroidTargetPlatform
[2018.09.24-06.12.32:070][  0]LogTemp: Display: Loaded TP AndroidTargetPlatform
[2018.09.24-06.12.32:070][  0]LogTemp: Display: Loaded TP AndroidTargetPlatform
[2018.09.24-06.12.32:099][  0]LogTemp: Display: Loaded TP HTML5TargetPlatform
[2018.09.24-06.12.32:278][  0]LogTemp: Display: Loaded TP IOSTargetPlatform
[2018.09.24-06.12.32:278][  0]LogTemp: Display: Loaded TP IOSTargetPlatform
[2018.09.24-06.12.32:338][  0]LogTemp: Display: Loaded TP TVOSTargetPlatform
[2018.09.24-06.12.32:338][  0]LogTemp: Display: Loaded TP TVOSTargetPlatform
[2018.09.24-06.12.32:376][  0]LogTemp: Display: Loaded TP LinuxClientTargetPlatform
[2018.09.24-06.12.32:427][  0]LogTemp: Display: Loaded TP LinuxNoEditorTargetPlatform
[2018.09.24-06.12.32:482][  0]LogTemp: Display: Loaded TP LinuxServerTargetPlatform
[2018.09.24-06.12.32:570][  0]LogTemp: Display: Loaded TP LinuxTargetPlatform
[2018.09.24-06.12.32:602][  0]LogTemp: Display: Loaded TP LuminTargetPlatform
[2018.09.24-06.12.32:602][  0]LogTargetPlatformManager: Display: Building Assets For Windows
[2018.09.24-06.12.33:460][  0]LogXGEController: Cleaning working directory: C:/Users/maloo/AppData/Local/Temp/UnrealXGEWorkingDir/
[2018.09.24-06.12.33:460][  0]LogXGEController: Cannot use XGE Controller as Incredibuild is not installed on this machine.
[2018.09.24-06.12.33:460][  0]LogShaderCompilers: Cannot use XGE Shader Compiler as Incredibuild is not installed on this machine.
[2018.09.24-06.12.33:460][  0]LogShaderCompilers: Display: Using Local Shader Compiler.
[2018.09.24-06.12.36:597][  0]LogDerivedDataCache: Display: Max Cache Size: 512 MB
[2018.09.24-06.12.36:920][  0]LogDerivedDataCache: Loaded boot cache 0.32s 71MB C:/Users/maloo/AppData/Local/UnrealEngine/4.20/DerivedDataCache/Boot.ddc.
[2018.09.24-06.12.36:921][  0]LogDerivedDataCache: Display: Loaded Boot cache: C:/Users/maloo/AppData/Local/UnrealEngine/4.20/DerivedDataCache/Boot.ddc
[2018.09.24-06.12.36:921][  0]LogDerivedDataCache: FDerivedDataBackendGraph:  Pak pak cache file ../../../../GameDev/_Projects/A.S.H/ASH_Game/DerivedDataCache/DDC.ddp not found, will not use a pak cache.
[2018.09.24-06.12.36:921][  0]LogDerivedDataCache: Unable to find inner node Pak for hierarchical cache Hierarchy.
[2018.09.24-06.12.36:921][  0]LogDerivedDataCache: FDerivedDataBackendGraph:  CompressedPak pak cache file ../../../../GameDev/_Projects/A.S.H/ASH_Game/DerivedDataCache/Compressed.ddp not found, will not use a pak cache.
[2018.09.24-06.12.36:921][  0]LogDerivedDataCache: Unable to find inner node CompressedPak for hierarchical cache Hierarchy.
[2018.09.24-06.12.37:051][  0]LogDerivedDataCache: Display: Pak cache opened for reading ../../../Engine/DerivedDataCache/Compressed.ddp.
[2018.09.24-06.12.37:064][  0]LogDerivedDataCache: Using Local data cache path C:/Users/maloo/AppData/Local/UnrealEngine/Common/DerivedDataCache: Writable
[2018.09.24-06.12.37:064][  0]LogDerivedDataCache: Shared data cache path not found in *engine.ini, will not use an Shared cache.
[2018.09.24-06.12.37:064][  0]LogDerivedDataCache: Unable to find inner node Shared for hierarchical cache Hierarchy.
[2018.09.24-06.12.37:137][  0]LogMaterial: Verifying Global Shaders for PCD3D_SM5
[2018.09.24-06.12.37:185][  0]LogSlate: Using FreeType 2.6.0
[2018.09.24-06.12.37:282][  0]LogSlate: SlateFontServices - WITH_FREETYPE: 1, WITH_HARFBUZZ: 1
[2018.09.24-06.12.37:897][  0]LogAssetRegistry: FAssetRegistry took 0.0303 seconds to start up
[2018.09.24-06.12.41:252][  0]LogInit: Selected Device Profile: [Windows]
[2018.09.24-06.12.42:851][  0]LogSimplygon: Simplygon DLL not present - disabling.
[2018.09.24-06.12.43:048][  0]LogMeshReduction: Using SimplygonSwarm for distributed automatic mesh merging
[2018.09.24-06.12.43:048][  0]LogMeshReduction: Using ProxyLODMeshReduction for automatic mesh merging
[2018.09.24-06.12.43:061][  0]LogMeshReduction: Using QuadricMeshReduction for automatic static mesh reduction
[2018.09.24-06.12.43:061][  0]LogMeshReduction: No automatic skeletal mesh reduction module available
[2018.09.24-06.12.43:676][  0]LogNetVersion: ASH_Game 1.0.0, NetCL: 4212847, EngineNetVer: 5, GameNetVer: 0 (Checksum: 1471675654)
[2018.09.24-06.12.48:460][  0]LogPackageLocalizationCache: Processed 11 localized package path(s) for 2 prioritized culture(s) in 0.170189 seconds
[2018.09.24-06.12.48:505][  0]LogUObjectArray: 38425 objects as part of root set at end of initial load.
[2018.09.24-06.12.48:505][  0]LogUObjectAllocator: 6690872 out of 0 bytes used by permanent object pool.
[2018.09.24-06.12.48:505][  0]LogUObjectArray: CloseDisregardForGC: 0/0 objects in disregard for GC pool
[2018.09.24-06.13.09:736][  0]LogTcpMessaging: Initializing TcpMessaging bridge
[2018.09.24-06.13.09:775][  0]LogUdpMessaging: Initializing bridge on interface 0.0.0.0:0 to multicast group 230.0.0.1:6666.
[2018.09.24-06.13.10:939][  0]SourceControl: Source control is disabled
[2018.09.24-06.13.10:949][  0]SourceControl: Source control is disabled
[2018.09.24-06.13.11:072][  0]SourceControl: Source control is disabled
[2018.09.24-06.13.11:115][  0]SourceControl: Source control is disabled
[2018.09.24-06.13.12:734][  0]LogAndroidPermission: UAndroidPermissionCallbackProxy::GetInstance
[2018.09.24-06.13.13:003][  0]LogOcInput: OculusInput pre-init called
[2018.09.24-06.13.13:564][  0]LogEngine: Initializing Engine...
[2018.09.24-06.13.13:593][  0]LogHMD: Failed to initialize OpenVR with code 110
[2018.09.24-06.13.13:611][  0]LogStats: UGameplayTagsManager::ConstructGameplayTagTree: ImportINI prefixes -  0.000 s
[2018.09.24-06.13.13:612][  0]LogStats: UGameplayTagsManager::ConstructGameplayTagTree: Construct from data asset -  0.000 s
[2018.09.24-06.13.13:612][  0]LogStats: UGameplayTagsManager::ConstructGameplayTagTree: ImportINI -  0.000 s
[2018.09.24-06.13.13:612][  0]LogStats: UGameplayTagsManager::ConstructGameplayTagTree: GameplayTagTreeChangedEvent.Broadcast -  0.000 s
[2018.09.24-06.13.14:405][  0]LogInit: Initializing FReadOnlyCVARCache
[2018.09.24-06.13.14:700][  0]LogAIModule: Creating AISystem for world Untitled
[2018.09.24-06.13.15:451][  0]LogInit: XAudio2 using 'Speakers / Headphones (Realtek Audio)' : 6 channels at 48 kHz using 32 bits per sample (channel mask 0x3f)
[2018.09.24-06.13.15:931][  0]LogInit: FAudioDevice initialized.
[2018.09.24-06.13.15:931][  0]LogNetVersion: Set ProjectVersion to 1.0.0.0. Version Checksum will be recalculated on next use.
[2018.09.24-06.13.16:011][  0]LogDerivedDataCache: Saved boot cache 0.08s 71MB C:/Users/maloo/AppData/Local/UnrealEngine/4.20/DerivedDataCache/Boot.ddc.
[2018.09.24-06.13.16:015][  0]LogInit: Texture streaming: Enabled
[2018.09.24-06.13.16:214][  0]LogEngineSessionManager: EngineSessionManager initialized
[2018.09.24-06.13.16:214][  0]LogEngineSessionManager: EngineSessionManager sent abnormal shutdown report. Type=AbnormalShutdown, SessionId={898CBE81-46F8-D411-B4C4-3D90FAE7AAAA}
[2018.09.24-06.13.16:298][  0]LogInit: Transaction tracking system initialized
[2018.09.24-06.13.16:708][  0]BlueprintLog: New page: Editor Load
[2018.09.24-06.13.17:948][  0]LocalizationService: Localization service is disabled
[2018.09.24-06.13.20:978][  0]LogAutoReimportManager: Warning: Unable to watch directory ../../../../GameDev/_Projects/A.S.H/ASH_Game/Content/ as it will conflict with another watching ../../../../GameDev/_Projects/A.S.H/ASH_Game/Content/.
[2018.09.24-06.13.21:014][  0]LogFileCache: Scanning file cache for directory 'D:/GameDev/_Projects/A.S.H/ASH_Game/Content/' took 0.02s
[2018.09.24-06.13.21:014][  0]LogCook: Display: Max memory allowance for cook 16384mb min free memory 0mb
[2018.09.24-06.13.21:014][  0]LogCook: Display: Mobile HDR setting 1
[2018.09.24-06.13.21:026][  0]LogGameplayTags: Display: UGameplayTagsManager::DoneAddingNativeTags. DelegateIsBound: 0
[2018.09.24-06.13.21:026][  0]LogStats: UGameplayTagsManager::ConstructGameplayTagTree: ImportINI prefixes -  0.000 s
[2018.09.24-06.13.21:026][  0]LogStats: UGameplayTagsManager::ConstructGameplayTagTree: Construct from data asset -  0.000 s
[2018.09.24-06.13.21:026][  0]LogStats: UGameplayTagsManager::ConstructGameplayTagTree: ImportINI -  0.000 s
[2018.09.24-06.13.21:026][  0]LogStats: UGameplayTagsManager::ConstructGameplayTagTree: GameplayTagTreeChangedEvent.Broadcast -  0.000 s
[2018.09.24-06.13.23:201][  0]SourceControl: Source control is disabled
[2018.09.24-06.13.23:219][  0]Cmd: MAP LOAD FILE="../../../../GameDev/_Projects/A.S.H/ASH_Game/Content/MapGenerator_Mike/MapGenerator.umap" TEMPLATE=0 SHOWPROGRESS=1 FEATURELEVEL=3
[2018.09.24-06.13.23:224][  0]LightingResults: New page: Lighting Build
[2018.09.24-06.13.23:366][  0]MapCheck: New page: Map Check
[2018.09.24-06.13.23:366][  0]LightingResults: New page: Lighting Build
[2018.09.24-06.13.24:634][  0]LogMaterial: Display: Missing cached shader map for material NavigationTile, compiling. 
[2018.09.24-06.13.24:801][  0]LogShaderCompilers: Display: Shaders left to compile 61
[2018.09.24-06.13.24:801][  0]LogShaderCompilers: Display: Shaders left to compile 51
[2018.09.24-06.13.24:801][  0]LogShaderCompilers: Display: Shaders left to compile 41
[2018.09.24-06.13.24:801][  0]LogShaderCompilers: Display: Shaders left to compile 31
[2018.09.24-06.13.24:801][  0]LogShaderCompilers: Display: Shaders left to compile 21
[2018.09.24-06.13.24:801][  0]LogMaterial: Display: Missing cached shader map for material EngineRoomTile, compiling. 
[2018.09.24-06.13.24:852][  0]LogMaterial: Display: Missing cached shader map for material CloningBayTile, compiling. 
[2018.09.24-06.13.24:940][  0]LogAIModule: Creating AISystem for world MapGenerator
[2018.09.24-06.13.25:586][  0]LogEditorServer: Finished looking for orphan Actors (0.000 secs)
[2018.09.24-06.13.25:764][  0]Cmd: MAP CHECKDEP NOCLEARLOG
[2018.09.24-06.13.25:847][  0]MapCheck: Map check complete: 0 Error(s), 0 Warning(s), took 83.625ms to complete.
[2018.09.24-06.13.25:847][  0]LogFileHelpers: Loading map 'MapGenerator' took 2.637
[2018.09.24-06.13.28:032][  0]LogSlate: Updating window title bar state: overlay mode, drag disabled, window buttons hidden, title bar hidden
[2018.09.24-06.13.28:065][  0]LogSlate: Updating window title bar state: overlay mode, drag disabled, window buttons hidden, title bar hidden
[2018.09.24-06.13.28:073][  0]LogSlate: Updating window title bar state: overlay mode, drag disabled, window buttons hidden, title bar hidden
[2018.09.24-06.13.28:081][  0]LogSlate: Updating window title bar state: overlay mode, drag disabled, window buttons hidden, title bar hidden
[2018.09.24-06.13.28:135][  0]LogCollectionManager: Loaded 0 collections in 0.001129 seconds
[2018.09.24-06.13.28:235][  0]LogFileCache: Scanning file cache for directory 'D:/GameDev/_Projects/A.S.H/ASH_Game/Saved/Collections/' took 0.01s
[2018.09.24-06.13.28:235][  0]LogFileCache: Scanning file cache for directory 'D:/GameDev/_Projects/A.S.H/ASH_Game/Content/Developers/maloo/Collections/' took 0.01s
[2018.09.24-06.13.28:235][  0]LogFileCache: Scanning file cache for directory 'D:/GameDev/_Projects/A.S.H/ASH_Game/Content/Collections/' took 0.01s
[2018.09.24-06.13.28:235][  0]LogCollectionManager: Rebuilt the GUID cache for 0 collections in 0.000000 seconds
[2018.09.24-06.13.28:249][  0]LogContentBrowser: Native class hierarchy populated in 0.0139 seconds. Added 2572 classes and 603 folders.
[2018.09.24-06.13.28:290][  0]LogContentBrowser: Native class hierarchy updated for 'WidgetCarousel' in 0.0005 seconds. Added 0 classes and 0 folders.
[2018.09.24-06.13.29:362][  0]LogContentBrowser: Native class hierarchy updated for 'AddContentDialog' in 0.0004 seconds. Added 0 classes and 0 folders.
[2018.09.24-06.13.29:406][  0]LogContentBrowser: Native class hierarchy updated for 'SceneOutliner' in 0.0003 seconds. Added 1 classes and 2 folders.
[2018.09.24-06.13.30:207][  0]LogSlate: Took 0.018553 seconds to synchronously load lazily loaded font '../../../Engine/Content/Slate/Fonts/Roboto-Regular.ttf' (155K)
[2018.09.24-06.13.30:242][  0]LogSlate: Took 0.033018 seconds to synchronously load lazily loaded font '../../../Engine/Content/Slate/Fonts/Roboto-Bold.ttf' (160K)
[2018.09.24-06.13.30:335][  0]LogShaderCompilers: Display: Shaders left to compile 133
[2018.09.24-06.13.30:335][  0]LogSlate: Took 0.025195 seconds to synchronously load lazily loaded font '../../../Engine/Content/Editor/Slate/Fonts/FontAwesome.ttf' (139K)
[2018.09.24-06.13.30:793][  0]LogShaderCompilers: Display: Shaders left to compile 123
[2018.09.24-06.13.30:793][  0]LogRenderer: Reallocating scene render targets to support 1072x452 Format 10 NumSamples 1 (Frame:1).
[2018.09.24-06.13.31:380][  0]LogContentBrowser: Native class hierarchy updated for 'HierarchicalLODOutliner' in 0.0003 seconds. Added 0 classes and 0 folders.
[2018.09.24-06.13.31:380][  0]LogLoad: (Engine Initialization) Total time: 85.93 seconds
[2018.09.24-06.13.31:380][  0]LogLoad: (Engine Initialization) Total Blueprint compile time: 0.00 seconds
[2018.09.24-06.13.31:631][  0]LogShaderCompilers: Display: Shaders left to compile 113
[2018.09.24-06.13.31:631][  0]LogShaderCompilers: Display: Shaders left to compile 103
[2018.09.24-06.13.31:631][  0]LogContentStreaming: Texture pool size now 1000 MB
[2018.09.24-06.13.31:836][  1]LogFileCache: Retrieving MD5 hashes for directory 'D:/GameDev/_Projects/A.S.H/ASH_Game/Content/' took 0.39s
[2018.09.24-06.13.32:079][  3]LogAssetRegistry: Asset discovery search completed in 54.2052 seconds
[2018.09.24-06.13.32:082][  3]LogCollectionManager: Rebuilt the object cache for 0 collections in 0.000001 seconds (found 0 objects)
[2018.09.24-06.13.32:082][  3]LogCollectionManager: Fixed up redirectors for 0 collections in 0.000135 seconds (updated 0 objects)
[2018.09.24-06.13.32:206][  7]LogShaderCompilers: Display: Shaders left to compile 93
[2018.09.24-06.13.32:498][ 18]LogSlate: Took 0.019600 seconds to synchronously load lazily loaded font '../../../Engine/Content/Slate/Fonts/Roboto-Light.ttf' (167K)
[2018.09.24-06.13.34:138][108]LogShaderCompilers: Display: Shaders left to compile 83
[2018.09.24-06.13.34:449][126]LogShaderCompilers: Display: Shaders left to compile 73
[2018.09.24-06.13.35:101][165]LogShaderCompilers: Display: Shaders left to compile 63
[2018.09.24-06.13.35:101][165]LogShaderCompilers: Display: Shaders left to compile 53
[2018.09.24-06.13.36:917][274]LogShaderCompilers: Display: Shaders left to compile 43
[2018.09.24-06.13.37:832][329]LogShaderCompilers: Display: Shaders left to compile 33
[2018.09.24-06.13.38:208][351]LogShaderCompilers: Display: Shaders left to compile 23
[2018.09.24-06.13.38:270][355]LogShaderCompilers: Display: Shaders left to compile 13
[2018.09.24-06.13.40:140][466]LogShaderCompilers: Display: Shaders left to compile 3
[2018.09.24-06.14.02:071][766]LogSlate: FSceneViewport::OnFocusLost() reason 0
[2018.09.24-06.14.02:150][770]LogLinker: Warning: Can't find file '/Game/TopDownBP/Blueprints/Assets/Enemies/Parasite/ParasiteAnim_BP'
[2018.09.24-06.14.02:150][770]LogLinker: Warning: Can't find file for asset '/Game/TopDownBP/Blueprints/Assets/Enemies/Parasite/ParasiteAnim_BP' while loading ../../../../GameDev/_Projects/A.S.H/ASH_Game/Content/TopDownBP/Blueprints/Parasite.uasset.
[2018.09.24-06.14.02:150][770]LoadErrors: Error: /Game/TopDownBP/Blueprints/Parasite : Can't find file for asset. /Game/TopDownBP/Blueprints/Assets/Enemies/Parasite/ParasiteAnim_BP
[2018.09.24-06.14.03:417][770]LogLinker: Warning: Can't find file '/Game/TopDownBP/Blueprints/Assets/Enemies/Parasite/ParasiteAnim_BP'
[2018.09.24-06.14.03:418][770]LoadErrors: Failed to load /Game/TopDownBP/Blueprints/Assets/Enemies/Parasite/ParasiteAnim_BP.ParasiteAnim_BP_C Referenced by Default__Parasite_C
[2018.09.24-06.14.03:418][770]LogLinker: Warning: Can't find file for asset '/Game/TopDownBP/Blueprints/Assets/Enemies/Parasite/ParasiteAnim_BP' while loading ../../../../GameDev/_Projects/A.S.H/ASH_Game/Content/TopDownBP/Blueprints/Weapons/ProjectileBase_Bp.uasset.
[2018.09.24-06.14.03:418][770]LoadErrors: Error: /Game/TopDownBP/Blueprints/Weapons/ProjectileBase_Bp : Can't find file for asset. /Game/TopDownBP/Blueprints/Assets/Enemies/Parasite/ParasiteAnim_BP
[2018.09.24-06.14.03:418][770]LogLinker: Warning: Can't find file '/Game/TopDownBP/Blueprints/Assets/Enemies/Parasite/parasite-TPose'
[2018.09.24-06.14.03:418][770]LoadErrors: Failed to load /Game/TopDownBP/Blueprints/Assets/Enemies/Parasite/parasite-TPose.parasite-TPose Referenced by Default__Parasite_C
[2018.09.24-06.14.03:418][770]LogLinker: Warning: Can't find file for asset '/Game/TopDownBP/Blueprints/Assets/Enemies/Parasite/parasite-TPose' while loading ../../../../GameDev/_Projects/A.S.H/ASH_Game/Content/TopDownBP/Blueprints/Weapons/ProjectileBase_Bp.uasset.
[2018.09.24-06.14.03:418][770]LoadErrors: Error: /Game/TopDownBP/Blueprints/Weapons/ProjectileBase_Bp : Can't find file for asset. /Game/TopDownBP/Blueprints/Assets/Enemies/Parasite/parasite-TPose
[2018.09.24-06.14.03:439][770]LogLinker: Warning: Can't find file '/Game/TopDownBP/Blueprints/Assets/Enemies/Parasite/ParasiteAnim_BP'
[2018.09.24-06.14.03:440][770]LoadErrors: Failed to load /Game/TopDownBP/Blueprints/Assets/Enemies/Parasite/ParasiteAnim_BP.ParasiteAnim_BP_C Referenced by GUN_GEN_VARIABLE
[2018.09.24-06.14.03:440][770]LogLinker: Warning: Can't find file for asset '/Game/TopDownBP/Blueprints/Assets/Enemies/Parasite/ParasiteAnim_BP' while loading ../../../../GameDev/_Projects/A.S.H/ASH_Game/Content/TopDownBP/Blueprints/Weapons/ProjectileBase_Bp.uasset.
[2018.09.24-06.14.03:440][770]LogLinker: Warning: Can't find file '/Game/TopDownBP/Blueprints/Assets/Enemies/Parasite/parasite-TPose'
[2018.09.24-06.14.03:440][770]LoadErrors: Failed to load /Game/TopDownBP/Blueprints/Assets/Enemies/Parasite/parasite-TPose Referenced by GUN_GEN_VARIABLE
[2018.09.24-06.14.03:440][770]LogLinker: Warning: Can't find file for asset '/Game/TopDownBP/Blueprints/Assets/Enemies/Parasite/parasite-TPose' while loading ../../../../GameDev/_Projects/A.S.H/ASH_Game/Content/TopDownBP/Blueprints/Weapons/ProjectileBase_Bp.uasset.
[2018.09.24-06.14.03:441][770]LogLinker: Warning: Can't find file '/Game/TopDownBP/Blueprints/Assets/Enemies/Parasite/ParasiteAnim_BP'
[2018.09.24-06.14.03:441][770]LoadErrors: Failed to load /Game/TopDownBP/Blueprints/Assets/Enemies/Parasite/ParasiteAnim_BP Referenced by GUN_GEN_VARIABLE
[2018.09.24-06.14.03:441][770]LogLinker: Warning: Can't find file for asset '/Game/TopDownBP/Blueprints/Assets/Enemies/Parasite/ParasiteAnim_BP' while loading ../../../../GameDev/_Projects/A.S.H/ASH_Game/Content/TopDownBP/Blueprints/Weapons/ProjectileBase_Bp.uasset.
[2018.09.24-06.14.03:441][770]LogLinker: Warning: Can't find file '/Game/TopDownBP/Blueprints/Assets/Enemies/Parasite/parasite-TPose'
[2018.09.24-06.14.03:441][770]LoadErrors: Failed to load /Game/TopDownBP/Blueprints/Assets/Enemies/Parasite/parasite-TPose.parasite-TPose Referenced by GUN_GEN_VARIABLE
[2018.09.24-06.14.03:441][770]LogLinker: Warning: Can't find file for asset '/Game/TopDownBP/Blueprints/Assets/Enemies/Parasite/parasite-TPose' while loading ../../../../GameDev/_Projects/A.S.H/ASH_Game/Content/TopDownBP/Blueprints/Weapons/ProjectileBase_Bp.uasset.
[2018.09.24-06.14.03:802][770]LogLinker: Warning: Can't find file '/Game/TopDownBP/Blueprints/Assets/Enemies/Parasite/parasite-TPose'
[2018.09.24-06.14.03:802][770]LogLinker: Warning: Can't find file for asset '/Game/TopDownBP/Blueprints/Assets/Enemies/Parasite/parasite-TPose' while loading ../../../../GameDev/_Projects/A.S.H/ASH_Game/Content/TopDownBP/Blueprints/Parasite.uasset.
[2018.09.24-06.14.03:802][770]LoadErrors: Error: /Game/TopDownBP/Blueprints/Parasite : Can't find file for asset. /Game/TopDownBP/Blueprints/Assets/Enemies/Parasite/parasite-TPose
[2018.09.24-06.14.03:802][770]LogLinker: Warning: Can't find file '/Game/TopDownBP/Blueprints/Assets/Enemies/Parasite/ParasiteAnim_BP'
[2018.09.24-06.14.03:802][770]LogLinker: Warning: Can't find file for asset '/Game/TopDownBP/Blueprints/Assets/Enemies/Parasite/ParasiteAnim_BP' while loading ../../../../GameDev/_Projects/A.S.H/ASH_Game/Content/TopDownBP/Blueprints/Parasite.uasset.
[2018.09.24-06.14.03:803][770]LogLinker: Warning: Can't find file '/Game/TopDownBP/Blueprints/Assets/Enemies/Parasite/parasite-TPose'
[2018.09.24-06.14.03:803][770]LogLinker: Warning: Can't find file for asset '/Game/TopDownBP/Blueprints/Assets/Enemies/Parasite/parasite-TPose' while loading ../../../../GameDev/_Projects/A.S.H/ASH_Game/Content/TopDownBP/Blueprints/Parasite.uasset.
[2018.09.24-06.14.04:181][770]LogAudioDerivedData: Display: Building compressed audio format OGG hash OGG wave FOOTSTEP_Generic_Metal_Hollow_Run_RR2_mono...
[2018.09.24-06.14.04:182][770]LogTemp: Couldn't find amount to resample to.
[2018.09.24-06.14.04:230][770]LogAudioDerivedData: Display: Building compressed audio format OGG hash OGG wave FOOTSTEP_Generic_Metal_Hollow_Run_RR1_mono...
[2018.09.24-06.14.04:230][770]LogTemp: Couldn't find amount to resample to.
[2018.09.24-06.14.04:239][770]LogAudioDerivedData: Display: Building compressed audio format OGG hash OGG wave FOOTSTEP_Generic_Metal_Hollow_Run_RR3_mono...
[2018.09.24-06.14.04:239][770]LogTemp: Couldn't find amount to resample to.
[2018.09.24-06.14.04:246][770]LogAudioDerivedData: Display: Building compressed audio format OGG hash OGG wave FOOTSTEP_Generic_Metal_Hollow_Run_RR4_mono...
[2018.09.24-06.14.04:246][770]LogTemp: Couldn't find amount to resample to.
[2018.09.24-06.14.04:256][770]LogAudioDerivedData: Display: Building compressed audio format OGG hash OGG wave FOOTSTEP_Generic_Metal_Hollow_Run_RR5_mono...
[2018.09.24-06.14.04:256][770]LogTemp: Couldn't find amount to resample to.
[2018.09.24-06.14.04:264][770]LogAudioDerivedData: Display: Building compressed audio format OGG hash OGG wave FOOTSTEP_Generic_Metal_Hollow_Run_RR7_mono...
[2018.09.24-06.14.04:264][770]LogTemp: Couldn't find amount to resample to.
[2018.09.24-06.14.04:274][770]LogAudioDerivedData: Display: Building compressed audio format OGG hash OGG wave FOOTSTEP_Generic_Metal_Hollow_Run_RR6_mono...
[2018.09.24-06.14.04:274][770]LogTemp: Couldn't find amount to resample to.
[2018.09.24-06.14.04:281][770]LogAudioDerivedData: Display: Building compressed audio format OGG hash OGG wave FOOTSTEP_Generic_Metal_Hollow_Run_RR8_mono...
[2018.09.24-06.14.04:281][770]LogTemp: Couldn't find amount to resample to.
[2018.09.24-06.14.04:836][770]LogAssetEditorManager: Opening Asset editor for Blueprint /Game/TopDownBP/Blueprints/Parasite.Parasite
[2018.09.24-06.14.05:906][770]LogContentBrowser: Native class hierarchy updated for 'BlueprintGraph' in 0.0006 seconds. Added 116 classes and 0 folders.
[2018.09.24-06.14.08:262][770]LogAssetEditorManager: Opening Asset editor for Blueprint /Game/TopDownBP/Blueprints/AI_NPC.AI_NPC
[2018.09.24-06.14.08:636][770]LogAssetEditorManager: Opening Asset editor for Blueprint /Game/TopDownBP/Blueprints/Weapons/PistolBullet.PistolBullet
[2018.09.24-06.14.08:972][770]LogAssetEditorManager: Opening Asset editor for Blueprint /Game/TopDownBP/Blueprints/Weapons/ProjectileBase_Bp.ProjectileBase_Bp
[2018.09.24-06.14.09:322][770]LogAssetEditorManager: Opening Asset editor for Blueprint /Game/FPWeapon/GunFP_BP.GunFP_BP
[2018.09.24-06.14.09:679][770]LogAssetEditorManager: Opening Asset editor for Blueprint /Game/TopDownBP/Blueprints/Weapons/WeaponBaseClass.WeaponBaseClass
[2018.09.24-06.14.10:029][770]LogAssetEditorManager: Opening Asset editor for Blueprint /Game/TopDownBP/Blueprints/TopDownCharacter.TopDownCharacter
[2018.09.24-06.14.10:429][770]LogAssetEditorManager: Opening Asset editor for Blueprint /Game/TopDownBP/Blueprints/TopDownController.TopDownController
[2018.09.24-06.14.10:789][770]LogAssetEditorManager: Opening Asset editor for Blueprint /Game/TopDownBP/Character/Base_Enemy_Bp.Base_Enemy_Bp
[2018.09.24-06.14.11:543][770]LogSlate: Took 0.024128 seconds to synchronously load lazily loaded font '../../../Engine/Content/Slate/Fonts/Roboto-BoldCondensed.ttf' (158K)
[2018.09.24-06.14.12:770][771]LogSlate: Took 0.018612 seconds to synchronously load lazily loaded font '../../../Engine/Content/Slate/Fonts/Roboto-Italic.ttf' (157K)
[2018.09.24-06.14.21:508][276]LogSlate: Window 'Base_Enemy_Bp' being destroyed
[2018.09.24-06.14.21:514][276]LogSlate: Window 'Base_Enemy_Bp' being destroyed
[2018.09.24-06.14.21:669][276]LogActorComponent: UnregisterComponent: (/Engine/Transient.EditorFloorComp) Not registered. Aborting.
[2018.09.24-06.14.21:749][276]LogActorComponent: UnregisterComponent: (/Engine/Transient.EditorFloorComp) Not registered. Aborting.
[2018.09.24-06.14.21:814][276]LogActorComponent: UnregisterComponent: (/Engine/Transient.EditorFloorComp) Not registered. Aborting.
[2018.09.24-06.14.21:879][276]LogActorComponent: UnregisterComponent: (/Engine/Transient.EditorFloorComp) Not registered. Aborting.
[2018.09.24-06.14.21:945][276]LogActorComponent: UnregisterComponent: (/Engine/Transient.EditorFloorComp) Not registered. Aborting.
[2018.09.24-06.15.55:642][657]LogAssetEditorManager: Opening Asset editor for Blueprint /Game/TopDownBP/Blueprints/Weapons/ARBullet.ARBullet
[2018.09.24-06.16.00:808][927]LogRenderer: Reallocating scene render targets to support 1072x472 Format 10 NumSamples 1 (Frame:1).
[2018.09.24-06.16.03:764][ 83]LogSlate: Window 'ARBullet' being destroyed
[2018.09.24-06.16.03:774][ 83]LogSlate: Window 'ARBullet' being destroyed
[2018.09.24-07.18.44:975][410]LogActorComponent: UnregisterComponent: (/Engine/Transient.EditorFloorComp) Not registered. Aborting.
[2018.09.24-07.18.45:027][410]LogActorComponent: UnregisterComponent: (/Engine/Transient.EditorFloorComp) Not registered. Aborting.
[2018.09.24-07.18.45:162][410]LogActorComponent: UnregisterComponent: (/Engine/Transient.EditorFloorComp) Not registered. Aborting.
[2018.09.24-07.18.45:227][410]LogSlate: Window 'ASH_Game - Unreal Editor' being destroyed
[2018.09.24-07.18.45:698][411]Cmd: QUIT_EDITOR
[2018.09.24-07.18.46:049][411]LogWindowsTextInputMethodSystem: Display: IME system now deactivated.
[2018.09.24-07.18.46:086][411]LogExit: Preparing to exit.
[2018.09.24-07.18.47:760][411]LogExit: Editor shut down
[2018.09.24-07.18.47:761][411]LogExit: Transaction tracking system shut down
[2018.09.24-07.18.49:462][411]LogExit: Object subsystem successfully closed.
[2018.09.24-07.18.49:625][411]LogShaderCompilers: Display: Shaders left to compile 0
[2018.09.24-07.18.49:650][411]LogD3D11RHI: Shutdown
[2018.09.24-07.18.49:650][411]LogD3D11RHI: CleanupD3DDevice
[2018.09.24-07.18.49:693][411]LogD3D11RHI: ~FD3D11DynamicRHI
[2018.09.24-07.18.50:811][411]LogModuleManager: Shutting down and abandoning module BlueprintGraph (612)
[2018.09.24-07.18.50:811][411]LogModuleManager: Shutting down and abandoning module HierarchicalLODOutliner (610)
[2018.09.24-07.18.50:811][411]LogModuleManager: Shutting down and abandoning module SceneOutliner (608)
[2018.09.24-07.18.50:811][411]LogModuleManager: Shutting down and abandoning module AddContentDialog (606)
[2018.09.24-07.18.50:838][411]LogModuleManager: Shutting down and abandoning module WidgetCarousel (605)
[2018.09.24-07.18.50:838][411]LogModuleManager: Shutting down and abandoning module EditorWidgets (602)
[2018.09.24-07.18.50:838][411]LogModuleManager: Shutting down and abandoning module CollectionManager (600)
[2018.09.24-07.18.50:849][411]LogModuleManager: Shutting down and abandoning module StatsViewer (598)
[2018.09.24-07.18.50:860][411]LogModuleManager: Shutting down and abandoning module FoliageEdit (596)
[2018.09.24-07.18.50:865][411]LogModuleManager: Shutting down and abandoning module LandscapeEditor (594)
[2018.09.24-07.18.50:876][411]LogModuleManager: Shutting down and abandoning module MeshPaintMode (592)
[2018.09.24-07.18.50:886][411]LogModuleManager: Shutting down and abandoning module SceneDepthPickerMode (590)
[2018.09.24-07.18.50:886][411]LogModuleManager: Shutting down and abandoning module ActorPickerMode (588)
[2018.09.24-07.18.50:886][411]LogModuleManager: Shutting down and abandoning module GeometryMode (586)
[2018.09.24-07.18.50:886][411]LogModuleManager: Shutting down and abandoning module TextureAlignMode (584)
[2018.09.24-07.18.50:886][411]LogModuleManager: Shutting down and abandoning module BspMode (582)
[2018.09.24-07.18.50:886][411]LogModuleManager: Shutting down and abandoning module PIEPreviewDeviceProfileSelector (580)
[2018.09.24-07.18.50:900][411]LogModuleManager: Shutting down and abandoning module SequenceRecorderSections (578)
[2018.09.24-07.18.50:915][411]LogModuleManager: Shutting down and abandoning module AutomationWorker (576)
[2018.09.24-07.18.50:915][411]LogModuleManager: Shutting down and abandoning module AudioCaptureEditor (574)
[2018.09.24-07.18.50:915][411]LogModuleManager: Shutting down and abandoning module SequenceRecorder (573)
[2018.09.24-07.18.50:929][411]LogModuleManager: Shutting down and abandoning module MatineeToLevelSequence (570)
[2018.09.24-07.18.50:943][411]LogModuleManager: Shutting down and abandoning module LevelSequenceEditor (568)
[2018.09.24-07.18.50:962][411]LogModuleManager: Shutting down and abandoning module PlacementMode (567)
[2018.09.24-07.18.50:962][411]LogModuleManager: Shutting down and abandoning module MaterialEditor (566)
