Log file open, 09/18/18 05:26:37
LogWindows: Failed to load 'aqProf.dll' (GetLastError=126)
LogWindows: File 'aqProf.dll' does not exist
LogWindows: Failed to load 'VSPerf140.dll' (GetLastError=126)
LogWindows: File 'VSPerf140.dll' does not exist
LogWindows: Failed to load 'VtuneApi.dll' (GetLastError=126)
LogWindows: File 'VtuneApi.dll' does not exist
LogWindows: Failed to load 'VtuneApi32e.dll' (GetLastError=126)
LogWindows: File 'VtuneApi32e.dll' does not exist
LogInit: Display: Running engine for game: ASH_Game
LogPlatformFile: Not using cached read wrapper
LogTaskGraph: Started task graph with 5 named threads and 35 total threads with 3 sets of task threads.
LogStats: Stats thread started at 0.411699
LogD3D11RHI: Loaded GFSDK_Aftermath_Lib.x64.dll
LogICUInternationalization: Display: ICU TimeZone Detection - Raw Offset: -5:00, Platform Override: ''
LogPluginManager: Mounting plugin Paper2D
LogPluginManager: Mounting plugin AISupport
LogPluginManager: Mounting plugin LightPropagationVolume
LogPluginManager: Mounting plugin CLionSourceCodeAccess
LogPluginManager: Mounting plugin CodeLiteSourceCodeAccess
LogPluginManager: Mounting plugin GitSourceControl
LogPluginManager: Mounting plugin KDevelopSourceCodeAccess
LogPluginManager: Mounting plugin NullSourceCodeAccess
LogPluginManager: Mounting plugin PerforceSourceControl
LogPluginManager: Mounting plugin SubversionSourceControl
LogPluginManager: Mounting plugin UObjectPlugin
LogPluginManager: Mounting plugin VisualStudioCodeSourceCodeAccess
LogPluginManager: Mounting plugin VisualStudioSourceCodeAccess
LogPluginManager: Mounting plugin XCodeSourceCodeAccess
LogPluginManager: Mounting plugin AssetManagerEditor
LogPluginManager: Mounting plugin CryptoKeys
LogPluginManager: Mounting plugin DataValidation
LogPluginManager: Mounting plugin FacialAnimation
LogPluginManager: Mounting plugin GameplayTagsEditor
LogPluginManager: Mounting plugin MacGraphicsSwitching
LogPluginManager: Mounting plugin MeshEditor
LogPluginManager: Mounting plugin MobileLauncherProfileWizard
LogPluginManager: Mounting plugin PluginBrowser
LogPluginManager: Mounting plugin SpeedTreeImporter
LogPluginManager: Mounting plugin DatasmithContent
LogPluginManager: Mounting plugin AlembicImporter
LogPluginManager: Mounting plugin AppleImageUtils
LogPluginManager: Mounting plugin AppleVision
LogPluginManager: Mounting plugin BackChannel
LogPluginManager: Mounting plugin CharacterAI
LogPluginManager: Mounting plugin GeometryCache
LogPluginManager: Mounting plugin HTML5Networking
LogPluginManager: Mounting plugin ProxyLODPlugin
LogPluginManager: Mounting plugin MagicLeap
LogPluginManager: Mounting plugin MagicLeapEmulator
LogPluginManager: Mounting plugin MagicLeapMedia
LogPluginManager: Mounting plugin AndroidMedia
LogPluginManager: Mounting plugin AvfMedia
LogPluginManager: Mounting plugin ImgMedia
LogPluginManager: Mounting plugin LinearTimecode
LogPluginManager: Mounting plugin MediaCompositing
LogPluginManager: Mounting plugin MediaPlayerEditor
LogPluginManager: Mounting plugin WmfMedia
LogPluginManager: Mounting plugin TcpMessaging
LogPluginManager: Mounting plugin UdpMessaging
LogPluginManager: Mounting plugin ActorSequence
LogPluginManager: Mounting plugin LevelSequenceEditor
LogPluginManager: Mounting plugin MatineeToLevelSequence
LogPluginManager: Mounting plugin NetcodeUnitTest
LogPluginManager: Mounting plugin NUTUnrealEngine4
LogPluginManager: Mounting plugin OnlineSubsystemGooglePlay
LogPluginManager: Mounting plugin OnlineSubsystemIOS
LogPluginManager: Mounting plugin OnlineSubsystem
LogPluginManager: Mounting plugin OnlineSubsystemNull
LogPluginManager: Mounting plugin OnlineSubsystemUtils
LogPluginManager: Mounting plugin LauncherChunkInstaller
LogPluginManager: Mounting plugin AndroidDeviceProfileSelector
LogPluginManager: Mounting plugin AndroidMoviePlayer
LogPluginManager: Mounting plugin AndroidPermission
LogPluginManager: Mounting plugin AppleMoviePlayer
LogPluginManager: Mounting plugin ArchVisCharacter
LogPluginManager: Mounting plugin AudioCapture
LogPluginManager: Mounting plugin CableComponent
LogPluginManager: Mounting plugin CustomMeshComponent
LogPluginManager: Mounting plugin EditableMesh
LogPluginManager: Mounting plugin ExampleDeviceProfileSelector
LogPluginManager: Mounting plugin GoogleCloudMessaging
LogPluginManager: Mounting plugin ImmediatePhysics
LogPluginManager: Mounting plugin IOSDeviceProfileSelector
LogPluginManager: Mounting plugin LinuxDeviceProfileSelector
LogPluginManager: Mounting plugin LocationServicesBPLibrary
LogPluginManager: Mounting plugin MobilePatchingUtils
LogPluginManager: Mounting plugin OculusVR
LogPluginManager: Plugin shader directory ../../../Engine/Plugins/Runtime/Oculus/OculusVR/Shaders found
LogPluginManager: Mapping shader source directory ../../../Engine/Plugins/Runtime/Oculus/OculusVR/Shaders to virtual directory /Plugin/OculusVR
LogPluginManager: Mounting plugin PhysXVehicles
LogPluginManager: Mounting plugin ProceduralMeshComponent
LogPluginManager: Mounting plugin RuntimePhysXCooking
LogPluginManager: Mounting plugin SteamVR
LogPluginManager: Mounting plugin WindowsMoviePlayer
LogStreaming: Display: Took  0.067s to configure plugins.
LogInit: Using libcurl 7.55.1-DEV
LogInit:  - built for x86_64-pc-win32
LogInit:  - supports SSL with OpenSSL/1.0.2h
LogInit:  - supports HTTP deflate (compression) using libz 1.2.8
LogInit:  - other features:
LogInit:      CURL_VERSION_SSL
LogInit:      CURL_VERSION_LIBZ
LogInit:      CURL_VERSION_IPV6
LogInit:      CURL_VERSION_ASYNCHDNS
LogInit:      CURL_VERSION_LARGEFILE
LogInit:      CURL_VERSION_IDN
LogInit:  CurlRequestOptions (configurable via config and command line):
LogInit:  - bVerifyPeer = false  - Libcurl will NOT verify peer certificate
LogInit:  - bUseHttpProxy = false  - Libcurl will NOT use HTTP proxy
LogInit:  - bDontReuseConnections = false  - Libcurl will reuse connections
LogInit:  - CertBundlePath = nullptr  - Libcurl will use whatever was configured at build time.
LogInit:  - MaxHostConnections = 16  - Libcurl will limit the number of connections to a host
LogInit:  - LocalHostAddr = Default
LogInit:  - BufferSize = 65536
LogInit: WinSock: version 1.1 (2.2), MaxSocks=32767, MaxUdp=65467
LogInit: Build: ++UE4+Release-4.20-CL-4302132
LogInit: Engine Version: 4.20.2-4302132+++UE4+Release-4.20
LogInit: Compatible Engine Version: 4.20.0-4212847+++UE4+Release-4.20
LogInit: Net CL: 4212847
LogInit: OS: Windows 10 (), CPU: Intel(R) Core(TM) i7-8750H CPU @ 2.20GHz, GPU: NVIDIA GeForce GTX 1060
LogInit: Compiled (64-bit): Aug 21 2018 02:06:06
LogInit: Compiled with Visual C++: 19.13.26129.00
LogInit: Build Configuration: Development
LogInit: Branch Name: ++UE4+Release-4.20
LogInit: Command Line:  
LogInit: Base Directory: D:/UE_4.20/Engine/Binaries/Win64/
LogInit: Installed Engine Build: 1
LogDevObjectVersion: Number of dev versions registered: 20
LogDevObjectVersion:   Dev-Blueprints (B0D832E4-1F89-4F0D-ACCF-7EB736FD4AA2): 10
LogDevObjectVersion:   Dev-Build (E1C64328-A22C-4D53-A36C-8E866417BD8C): 0
LogDevObjectVersion:   Dev-Core (375EC13C-06E4-48FB-B500-84F0262A717E): 2
LogDevObjectVersion:   Dev-Editor (E4B068ED-F494-42E9-A231-DA0B2E46BB41): 24
LogDevObjectVersion:   Dev-Framework (CFFC743F-43B0-4480-9391-14DF171D2073): 34
LogDevObjectVersion:   Dev-Mobile (B02B49B5-BB20-44E9-A304-32B752E40360): 2
LogDevObjectVersion:   Dev-Networking (A4E4105C-59A1-49B5-A7C5-40C4547EDFEE): 0
LogDevObjectVersion:   Dev-Online (39C831C9-5AE6-47DC-9A44-9C173E1C8E7C): 0
LogDevObjectVersion:   Dev-Physics (78F01B33-EBEA-4F98-B9B4-84EACCB95AA2): 0
LogDevObjectVersion:   Dev-Platform (6631380F-2D4D-43E0-8009-CF276956A95A): 0
LogDevObjectVersion:   Dev-Rendering (12F88B9F-8875-4AFC-A67C-D90C383ABD29): 26
LogDevObjectVersion:   Dev-Sequencer (7B5AE74C-D270-4C10-A958-57980B212A5A): 9
LogDevObjectVersion:   Dev-VR (D7296918-1DD6-4BDD-9DE2-64A83CC13884): 2
LogDevObjectVersion:   Dev-LoadTimes (C2A15278-BFE7-4AFE-6C17-90FF531DF755): 1
LogDevObjectVersion:   Private-Geometry (6EACA3D4-40EC-4CC1-B786-8BED09428FC5): 3
LogDevObjectVersion:   Dev-AnimPhys (29E575DD-E0A3-4627-9D10-D276232CDCEA): 17
LogDevObjectVersion:   Dev-ReflectionCapture (6B266CEC-1EC7-4B8F-A30B-E4D90942FC07): 1
LogDevObjectVersion:   Dev-Automation (0DF73D61-A23F-47EA-B727-89E90C41499A): 1
LogDevObjectVersion:   FortniteMain (601D1886-AC64-4F84-AA16-D3DE0DEAC7D6): 12
LogDevObjectVersion:   Dev-Enterprise (9DFFBCD6-494F-0158-E221-12823C92A888): 1
LogStreaming: Display: Took  0.001s to delete old logs.
LogInit: Presizing for max 8388607 objects, including 0 objects not considered by GC, pre-allocating 0 bytes for permanent pool.
LogInit: Object subsystem initialized
[2018.09.18-09.26.37:468][  0]LogInit: Selected Device Profile: [Windows]
[2018.09.18-09.26.37:468][  0]LogInit: Applying CVar settings loaded from the selected device profile: [Windows]
[2018.09.18-09.26.37:477][  0]LogHAL: Display: Platform has ~ 16 GB [17028878336 / 17179869184 / 16], which maps to Larger [LargestMinGB=32, LargerMinGB=12, DefaultMinGB=8, SmallerMinGB=6, SmallestMinGB=0)
[2018.09.18-09.26.37:477][  0]LogInit: Setting Device Profile CVar: [[r.Vulkan.UseRealUBs:1]]
[2018.09.18-09.26.37:477][  0]LogInit: Going up to parent DeviceProfile []
[2018.09.18-09.26.37:477][  0]LogInit: Computer: DESKTOP-EQNU1S5
[2018.09.18-09.26.37:477][  0]LogInit: User: XENO
[2018.09.18-09.26.37:477][  0]LogInit: CPU Page size=4096, Cores=6
[2018.09.18-09.26.37:477][  0]LogInit: High frequency timer resolution =2.156248 MHz
[2018.09.18-09.26.37:477][  0]LogMemory: Memory total: Physical=15.9GB (16GB approx)
[2018.09.18-09.26.37:477][  0]LogMemory: Platform Memory Stats for Windows
[2018.09.18-09.26.37:477][  0]LogMemory: Process Physical Memory: 101.45 MB used, 101.45 MB peak
[2018.09.18-09.26.37:477][  0]LogMemory: Process Virtual Memory: 85.98 MB used, 85.98 MB peak
[2018.09.18-09.26.37:478][  0]LogMemory: Physical Memory: 5244.89 MB used,  10995.11 MB free, 16240.00 MB total
[2018.09.18-09.26.37:478][  0]LogMemory: Virtual Memory: 4657.24 MB used,  10995.11 MB free, 134217728.00 MB total
[2018.09.18-09.26.37:800][  0]LogInit: Using OS detected language (en-US).
[2018.09.18-09.26.37:800][  0]LogInit: Using OS detected locale (en-CA).
[2018.09.18-09.26.37:801][  0]LogTextLocalizationManager: No specific localization for 'en-US' exists, so the 'en' localization will be used.
[2018.09.18-09.26.38:189][  0]LogStreaming: Display: Took  0.389s to InitEngineTextLocalization.
[2018.09.18-09.26.38:189][  0]LogInit: Setting process to per monitor DPI aware
[2018.09.18-09.26.38:231][  0]LogSlate: New Slate User Created.  User Index 0, Is Virtual User: 0
[2018.09.18-09.26.38:231][  0]LogSlate: Slate User Registered.  User Index 0, Is Virtual User: 0
[2018.09.18-09.26.38:385][  0]LogHMD: Failed to initialize OpenVR with code 110
[2018.09.18-09.26.38:385][  0]LogD3D11RHI: D3D11 adapters:
[2018.09.18-09.26.38:429][  0]LogD3D11RHI:    0. 'NVIDIA GeForce GTX 1060' (Feature Level 11_0)
[2018.09.18-09.26.38:429][  0]LogD3D11RHI:       6061/0/8120 MB DedicatedVideo/DedicatedSystem/SharedSystem, Outputs:2, VendorId:0x10de
[2018.09.18-09.26.38:953][  0]LogD3D11RHI:    1. 'Intel(R) UHD Graphics 630' (Feature Level 11_0)
[2018.09.18-09.26.38:953][  0]LogD3D11RHI:       128/0/8120 MB DedicatedVideo/DedicatedSystem/SharedSystem, Outputs:0, VendorId:0x8086
[2018.09.18-09.26.38:955][  0]LogD3D11RHI:    2. 'Microsoft Basic Render Driver' (Feature Level 11_0)
[2018.09.18-09.26.38:956][  0]LogD3D11RHI:       0/0/8120 MB DedicatedVideo/DedicatedSystem/SharedSystem, Outputs:0, VendorId:0x1414
[2018.09.18-09.26.38:956][  0]LogD3D11RHI: Chosen D3D11 Adapter: 0
[2018.09.18-09.26.38:963][  0]LogD3D11RHI: Creating new Direct3DDevice
[2018.09.18-09.26.38:963][  0]LogD3D11RHI:     GPU DeviceId: 0x1c60 (for the marketing name, search the web for "GPU Device Id")
[2018.09.18-09.26.38:963][  0]LogWindows: EnumDisplayDevices:
[2018.09.18-09.26.38:963][  0]LogWindows:    0. 'NVIDIA GeForce GTX 1060' (P:1 D:1)
[2018.09.18-09.26.38:964][  0]LogWindows:    1. 'NVIDIA GeForce GTX 1060' (P:0 D:1)
[2018.09.18-09.26.38:964][  0]LogWindows:    2. 'NVIDIA GeForce GTX 1060' (P:0 D:0)
[2018.09.18-09.26.38:964][  0]LogWindows:    3. 'NVIDIA GeForce GTX 1060' (P:0 D:0)
[2018.09.18-09.26.38:964][  0]LogWindows:    4. 'Intel(R) UHD Graphics 630' (P:0 D:0)
[2018.09.18-09.26.38:964][  0]LogWindows:    5. 'Intel(R) UHD Graphics 630' (P:0 D:0)
[2018.09.18-09.26.38:965][  0]LogWindows:    6. 'Intel(R) UHD Graphics 630' (P:0 D:0)
[2018.09.18-09.26.38:965][  0]LogWindows: DebugString: PrimaryIsNotTheChoosenAdapter PrimaryIsNotTheChoosenAdapter PrimaryIsNotTheChoosenAdapter FoundDriverCount:4 
[2018.09.18-09.26.38:965][  0]LogD3D11RHI:     Adapter Name: NVIDIA GeForce GTX 1060
[2018.09.18-09.26.38:965][  0]LogD3D11RHI:   Driver Version: 389.12 (internal:23.21.13.8912, unified:389.12)
[2018.09.18-09.26.38:965][  0]LogD3D11RHI:      Driver Date: 3-7-2018
[2018.09.18-09.26.38:965][  0]LogRHI: Texture pool is 4242 MB (70% of 6061 MB)
[2018.09.18-09.26.38:995][  0]LogD3D11RHI: Async texture creation enabled
[2018.09.18-09.26.39:005][  0]LogD3D11RHI: GPU Timing Frequency: 1000.000000 (Debug: 2 1)
[2018.09.18-09.26.39:053][  0]LogShaderCompilers: Guid format shader working directory is 4 characters bigger than the processId version (../../../../UnrealProjects/A.S.H/ASH_Game/Intermediate/Shaders/WorkingDirectory/9852/).
[2018.09.18-09.26.39:053][  0]LogShaderCompilers: Cleaned the shader compiler working directory 'C:/Users/XENO/AppData/Local/Temp/UnrealShaderWorkingDir/47ED83D04CB589D2B39BECA27B9A6CB1/'.
[2018.09.18-09.26.39:288][  0]LogTemp: Display: Loaded TP AllDesktopTargetPlatform
[2018.09.18-09.26.39:299][  0]LogTemp: Display: Loaded TP MacClientTargetPlatform
[2018.09.18-09.26.39:311][  0]LogTemp: Display: Loaded TP MacNoEditorTargetPlatform
[2018.09.18-09.26.39:322][  0]LogTemp: Display: Loaded TP MacServerTargetPlatform
[2018.09.18-09.26.39:340][  0]LogTemp: Display: Loaded TP MacTargetPlatform
[2018.09.18-09.26.39:353][  0]LogTemp: Display: Loaded TP WindowsClientTargetPlatform
[2018.09.18-09.26.39:370][  0]LogTemp: Display: Loaded TP WindowsNoEditorTargetPlatform
[2018.09.18-09.26.39:385][  0]LogTemp: Display: Loaded TP WindowsServerTargetPlatform
[2018.09.18-09.26.39:392][  0]LogTemp: Display: Loaded TP WindowsTargetPlatform
[2018.09.18-09.26.39:476][  0]LogTemp: Display: Loaded TP AndroidTargetPlatform
[2018.09.18-09.26.39:476][  0]LogTemp: Display: Loaded TP AndroidTargetPlatform
[2018.09.18-09.26.39:476][  0]LogTemp: Display: Loaded TP AndroidTargetPlatform
[2018.09.18-09.26.39:476][  0]LogTemp: Display: Loaded TP AndroidTargetPlatform
[2018.09.18-09.26.39:476][  0]LogTemp: Display: Loaded TP AndroidTargetPlatform
[2018.09.18-09.26.39:476][  0]LogTemp: Display: Loaded TP AndroidTargetPlatform
[2018.09.18-09.26.39:476][  0]LogTemp: Display: Loaded TP AndroidTargetPlatform
[2018.09.18-09.26.39:476][  0]LogTemp: Display: Loaded TP AndroidTargetPlatform
[2018.09.18-09.26.39:476][  0]LogTemp: Display: Loaded TP AndroidTargetPlatform
[2018.09.18-09.26.39:476][  0]LogTemp: Display: Loaded TP AndroidTargetPlatform
[2018.09.18-09.26.39:476][  0]LogTemp: Display: Loaded TP AndroidTargetPlatform
[2018.09.18-09.26.39:476][  0]LogTemp: Display: Loaded TP AndroidTargetPlatform
[2018.09.18-09.26.39:476][  0]LogTemp: Display: Loaded TP AndroidTargetPlatform
[2018.09.18-09.26.39:476][  0]LogTemp: Display: Loaded TP AndroidTargetPlatform
[2018.09.18-09.26.39:476][  0]LogTemp: Display: Loaded TP AndroidTargetPlatform
[2018.09.18-09.26.39:476][  0]LogTemp: Display: Loaded TP AndroidTargetPlatform
[2018.09.18-09.26.39:476][  0]LogTemp: Display: Loaded TP AndroidTargetPlatform
[2018.09.18-09.26.39:476][  0]LogTemp: Display: Loaded TP AndroidTargetPlatform
[2018.09.18-09.26.39:477][  0]LogTemp: Display: Loaded TP HTML5TargetPlatform
[2018.09.18-09.26.39:539][  0]LogTemp: Display: Loaded TP IOSTargetPlatform
[2018.09.18-09.26.39:539][  0]LogTemp: Display: Loaded TP IOSTargetPlatform
[2018.09.18-09.26.39:565][  0]LogTemp: Display: Loaded TP TVOSTargetPlatform
[2018.09.18-09.26.39:565][  0]LogTemp: Display: Loaded TP TVOSTargetPlatform
[2018.09.18-09.26.39:576][  0]LogTemp: Display: Loaded TP LinuxClientTargetPlatform
[2018.09.18-09.26.39:591][  0]LogTemp: Display: Loaded TP LinuxNoEditorTargetPlatform
[2018.09.18-09.26.39:602][  0]LogTemp: Display: Loaded TP LinuxServerTargetPlatform
[2018.09.18-09.26.39:613][  0]LogTemp: Display: Loaded TP LinuxTargetPlatform
[2018.09.18-09.26.39:621][  0]LogTemp: Display: Loaded TP LuminTargetPlatform
[2018.09.18-09.26.39:621][  0]LogTargetPlatformManager: Display: Building Assets For Windows
[2018.09.18-09.26.39:664][  0]LogXGEController: Cleaning working directory: C:/Users/XENO/AppData/Local/Temp/UnrealXGEWorkingDir/
[2018.09.18-09.26.39:665][  0]LogXGEController: Cannot use XGE Controller as Incredibuild is not installed on this machine.
[2018.09.18-09.26.39:665][  0]LogShaderCompilers: Cannot use XGE Shader Compiler as Incredibuild is not installed on this machine.
[2018.09.18-09.26.39:665][  0]LogShaderCompilers: Display: Using Local Shader Compiler.
[2018.09.18-09.26.40:498][  0]LogDerivedDataCache: Display: Max Cache Size: 512 MB
[2018.09.18-09.26.40:563][  0]LogDerivedDataCache: Loaded boot cache 0.06s 71MB C:/Users/XENO/AppData/Local/UnrealEngine/4.20/DerivedDataCache/Boot.ddc.
[2018.09.18-09.26.40:563][  0]LogDerivedDataCache: Display: Loaded Boot cache: C:/Users/XENO/AppData/Local/UnrealEngine/4.20/DerivedDataCache/Boot.ddc
[2018.09.18-09.26.40:563][  0]LogDerivedDataCache: FDerivedDataBackendGraph:  Pak pak cache file ../../../../UnrealProjects/A.S.H/ASH_Game/DerivedDataCache/DDC.ddp not found, will not use a pak cache.
[2018.09.18-09.26.40:563][  0]LogDerivedDataCache: Unable to find inner node Pak for hierarchical cache Hierarchy.
[2018.09.18-09.26.40:563][  0]LogDerivedDataCache: FDerivedDataBackendGraph:  CompressedPak pak cache file ../../../../UnrealProjects/A.S.H/ASH_Game/DerivedDataCache/Compressed.ddp not found, will not use a pak cache.
[2018.09.18-09.26.40:563][  0]LogDerivedDataCache: Unable to find inner node CompressedPak for hierarchical cache Hierarchy.
[2018.09.18-09.26.40:581][  0]LogDerivedDataCache: Display: Pak cache opened for reading ../../../Engine/DerivedDataCache/Compressed.ddp.
[2018.09.18-09.26.40:594][  0]LogDerivedDataCache: Using Local data cache path C:/Users/XENO/AppData/Local/UnrealEngine/Common/DerivedDataCache: Writable
[2018.09.18-09.26.40:594][  0]LogDerivedDataCache: Shared data cache path not found in *engine.ini, will not use an Shared cache.
[2018.09.18-09.26.40:594][  0]LogDerivedDataCache: Unable to find inner node Shared for hierarchical cache Hierarchy.
[2018.09.18-09.26.40:620][  0]LogMaterial: Verifying Global Shaders for PCD3D_SM5
[2018.09.18-09.26.40:622][  0]LogSlate: Using FreeType 2.6.0
[2018.09.18-09.26.40:623][  0]LogSlate: SlateFontServices - WITH_FREETYPE: 1, WITH_HARFBUZZ: 1
[2018.09.18-09.26.40:706][  0]LogAssetRegistry: FAssetRegistry took 0.0286 seconds to start up
[2018.09.18-09.26.41:059][  0]LogInit: Selected Device Profile: [Windows]
[2018.09.18-09.26.41:193][  0]LogSimplygon: Simplygon DLL not present - disabling.
[2018.09.18-09.26.41:195][  0]LogMeshReduction: Using SimplygonSwarm for distributed automatic mesh merging
[2018.09.18-09.26.41:195][  0]LogMeshReduction: Using ProxyLODMeshReduction for automatic mesh merging
[2018.09.18-09.26.41:195][  0]LogMeshReduction: Using QuadricMeshReduction for automatic static mesh reduction
[2018.09.18-09.26.41:195][  0]LogMeshReduction: No automatic skeletal mesh reduction module available
[2018.09.18-09.26.41:218][  0]LogNetVersion: ASH_Game 1.0.0, NetCL: 4212847, EngineNetVer: 5, GameNetVer: 0 (Checksum: 1471675654)
[2018.09.18-09.26.41:751][  0]LogPackageLocalizationCache: Processed 11 localized package path(s) for 2 prioritized culture(s) in 0.082459 seconds
[2018.09.18-09.26.41:758][  0]LogUObjectArray: 38425 objects as part of root set at end of initial load.
[2018.09.18-09.26.41:758][  0]LogUObjectAllocator: 6690872 out of 0 bytes used by permanent object pool.
[2018.09.18-09.26.41:758][  0]LogUObjectArray: CloseDisregardForGC: 0/0 objects in disregard for GC pool
[2018.09.18-09.26.42:552][  0]LogTcpMessaging: Initializing TcpMessaging bridge
[2018.09.18-09.26.42:566][  0]LogUdpMessaging: Initializing bridge on interface 0.0.0.0:0 to multicast group 230.0.0.1:6666.
[2018.09.18-09.26.42:713][  0]SourceControl: Source control is disabled
[2018.09.18-09.26.42:713][  0]SourceControl: Source control is disabled
[2018.09.18-09.26.42:714][  0]SourceControl: Source control is disabled
[2018.09.18-09.26.42:716][  0]SourceControl: Source control is disabled
[2018.09.18-09.26.42:881][  0]LogAndroidPermission: UAndroidPermissionCallbackProxy::GetInstance
[2018.09.18-09.26.42:943][  0]LogOcInput: OculusInput pre-init called
[2018.09.18-09.26.43:012][  0]LogEngine: Initializing Engine...
[2018.09.18-09.26.43:013][  0]LogHMD: Failed to initialize OpenVR with code 110
[2018.09.18-09.26.43:014][  0]LogStats: UGameplayTagsManager::ConstructGameplayTagTree: ImportINI prefixes -  0.000 s
[2018.09.18-09.26.43:014][  0]LogStats: UGameplayTagsManager::ConstructGameplayTagTree: Construct from data asset -  0.000 s
[2018.09.18-09.26.43:014][  0]LogStats: UGameplayTagsManager::ConstructGameplayTagTree: ImportINI -  0.000 s
[2018.09.18-09.26.43:014][  0]LogStats: UGameplayTagsManager::ConstructGameplayTagTree: GameplayTagTreeChangedEvent.Broadcast -  0.000 s
[2018.09.18-09.26.43:259][  0]LogInit: Initializing FReadOnlyCVARCache
[2018.09.18-09.26.43:271][  0]LogAIModule: Creating AISystem for world Untitled
[2018.09.18-09.26.43:281][  0]LogInit: XAudio2 using 'Speakers/Headphones (Realtek(R) Audio)' : 6 channels at 48 kHz using 32 bits per sample (channel mask 0x3f)
[2018.09.18-09.26.43:528][  0]LogInit: FAudioDevice initialized.
[2018.09.18-09.26.43:528][  0]LogNetVersion: Set ProjectVersion to 1.0.0.0. Version Checksum will be recalculated on next use.
[2018.09.18-09.26.43:608][  0]LogDerivedDataCache: Saved boot cache 0.08s 71MB C:/Users/XENO/AppData/Local/UnrealEngine/4.20/DerivedDataCache/Boot.ddc.
[2018.09.18-09.26.43:619][  0]LogInit: Texture streaming: Enabled
[2018.09.18-09.26.43:633][  0]LogEngineSessionManager: EngineSessionManager initialized
[2018.09.18-09.26.43:645][  0]LogInit: Transaction tracking system initialized
[2018.09.18-09.26.43:668][  0]BlueprintLog: New page: Editor Load
[2018.09.18-09.26.43:737][  0]LocalizationService: Localization service is disabled
[2018.09.18-09.26.44:011][  0]LogCook: Display: Max memory allowance for cook 16384mb min free memory 0mb
[2018.09.18-09.26.44:011][  0]LogCook: Display: Mobile HDR setting 1
[2018.09.18-09.26.44:011][  0]LogGameplayTags: Display: UGameplayTagsManager::DoneAddingNativeTags. DelegateIsBound: 0
[2018.09.18-09.26.44:011][  0]LogStats: UGameplayTagsManager::ConstructGameplayTagTree: ImportINI prefixes -  0.000 s
[2018.09.18-09.26.44:011][  0]LogStats: UGameplayTagsManager::ConstructGameplayTagTree: Construct from data asset -  0.000 s
[2018.09.18-09.26.44:011][  0]LogStats: UGameplayTagsManager::ConstructGameplayTagTree: ImportINI -  0.000 s
[2018.09.18-09.26.44:011][  0]LogStats: UGameplayTagsManager::ConstructGameplayTagTree: GameplayTagTreeChangedEvent.Broadcast -  0.000 s
[2018.09.18-09.26.44:117][  0]LogFileCache: Scanning file cache for directory 'D:/UnrealProjects/A.S.H/ASH_Game/Content/' took 0.02s
[2018.09.18-09.26.44:117][  0]SourceControl: Source control is disabled
[2018.09.18-09.26.44:117][  0]Cmd: MAP LOAD FILE="../../../../UnrealProjects/A.S.H/ASH_Game/Content/MapGenerator_Mike/MapGenerator.umap" TEMPLATE=0 SHOWPROGRESS=1 FEATURELEVEL=3
[2018.09.18-09.26.44:117][  0]LightingResults: New page: Lighting Build
[2018.09.18-09.26.44:119][  0]MapCheck: New page: Map Check
[2018.09.18-09.26.44:119][  0]LightingResults: New page: Lighting Build
[2018.09.18-09.26.44:164][  0]LogLinker: Warning: Can't find file '/Game/TopDownBP/Blueprints/FloorTypes/Floor_Base'
[2018.09.18-09.26.44:164][  0]LogLinker: Warning: Can't find file for asset '/Game/TopDownBP/Blueprints/FloorTypes/Floor_Base' while loading ../../../../UnrealProjects/A.S.H/ASH_Game/Content/MapGenerator_Mike/MapGenerator.uasset.
[2018.09.18-09.26.44:164][  0]LoadErrors: Error: /Game/MapGenerator_Mike/MapGenerator : Can't find file for asset. /Game/TopDownBP/Blueprints/FloorTypes/Floor_Base
[2018.09.18-09.26.44:164][  0]LogLinker: Warning: Can't find file '/Game/TopDownBP/Blueprints/FloorTypes/Floor_Pathway'
[2018.09.18-09.26.44:164][  0]LogLinker: Warning: Can't find file for asset '/Game/TopDownBP/Blueprints/FloorTypes/Floor_Pathway' while loading ../../../../UnrealProjects/A.S.H/ASH_Game/Content/MapGenerator_Mike/MapGenerator.uasset.
[2018.09.18-09.26.44:164][  0]LoadErrors: Error: /Game/MapGenerator_Mike/MapGenerator : Can't find file for asset. /Game/TopDownBP/Blueprints/FloorTypes/Floor_Pathway
[2018.09.18-09.26.44:166][  0]LogLinker: Warning: Can't find file '/Game/TopDownBP/Blueprints/FloorTypes/Floor_Base'
[2018.09.18-09.26.44:167][  0]LogLinker: Warning: Can't find file for asset '/Game/TopDownBP/Blueprints/FloorTypes/Floor_Base' while loading ../../../../UnrealProjects/A.S.H/ASH_Game/Content/MapGenerator_Mike/MapGenerator.uasset.
[2018.09.18-09.26.44:167][  0]LoadErrors: Error: /Game/MapGenerator_Mike/MapGenerator : Can't find file for asset. /Game/TopDownBP/Blueprints/FloorTypes/Floor_Base
[2018.09.18-09.26.44:167][  0]LogLinker: Warning: Can't find file '/Game/TopDownBP/Blueprints/FloorTypes/Floor_Pathway'
[2018.09.18-09.26.44:167][  0]LogLinker: Warning: Can't find file for asset '/Game/TopDownBP/Blueprints/FloorTypes/Floor_Pathway' while loading ../../../../UnrealProjects/A.S.H/ASH_Game/Content/MapGenerator_Mike/MapGenerator.uasset.
[2018.09.18-09.26.44:167][  0]LoadErrors: Error: /Game/MapGenerator_Mike/MapGenerator : Can't find file for asset. /Game/TopDownBP/Blueprints/FloorTypes/Floor_Pathway
[2018.09.18-09.26.44:167][  0]LogLinker: Warning: Can't find file '/Game/TopDownBP/MapTestWidget'
[2018.09.18-09.26.44:167][  0]LogLinker: Warning: Can't find file for asset '/Game/TopDownBP/MapTestWidget' while loading ../../../../UnrealProjects/A.S.H/ASH_Game/Content/MapGenerator_Mike/MapGenerator.uasset.
[2018.09.18-09.26.44:167][  0]LoadErrors: Error: /Game/MapGenerator_Mike/MapGenerator : Can't find file for asset. /Game/TopDownBP/MapTestWidget
[2018.09.18-09.26.44:168][  0]LogLinker: Warning: Can't find file '/Game/TopDownBP/MapTestWidget'
[2018.09.18-09.26.44:168][  0]LogLinker: Warning: Can't find file for asset '/Game/TopDownBP/MapTestWidget' while loading ../../../../UnrealProjects/A.S.H/ASH_Game/Content/MapGenerator_Mike/MapGenerator.uasset.
[2018.09.18-09.26.44:168][  0]LoadErrors: Error: /Game/MapGenerator_Mike/MapGenerator : Can't find file for asset. /Game/TopDownBP/MapTestWidget
[2018.09.18-09.26.44:169][  0]LogLinker: Warning: Can't find file '/Game/TopDownBP/Blueprints/FloorTypes/Floor_Base'
[2018.09.18-09.26.44:169][  0]LogLinker: Warning: Can't find file for asset '/Game/TopDownBP/Blueprints/FloorTypes/Floor_Base' while loading NULL.
[2018.09.18-09.26.44:169][  0]LogLinker: Warning: Can't find file '/Game/TopDownBP/Blueprints/FloorTypes/Floor_Pathway'
[2018.09.18-09.26.44:169][  0]LogLinker: Warning: Can't find file for asset '/Game/TopDownBP/Blueprints/FloorTypes/Floor_Pathway' while loading NULL.
[2018.09.18-09.26.44:170][  0]LogLinker: Warning: Can't find file '/Game/TopDownBP/MapTestWidget'
[2018.09.18-09.26.44:170][  0]LogLinker: Warning: Can't find file for asset '/Game/TopDownBP/MapTestWidget' while loading NULL.
[2018.09.18-09.26.44:170][  0]LogLinker: Warning: Can't find file '/Game/TopDownBP/Blueprints/FloorTypes/Floor_Base'
[2018.09.18-09.26.44:170][  0]LogLinker: Warning: Can't find file for asset '/Game/TopDownBP/Blueprints/FloorTypes/Floor_Base' while loading NULL.
[2018.09.18-09.26.44:170][  0]LogLinker: Warning: Can't find file '/Game/TopDownBP/Blueprints/FloorTypes/Floor_Pathway'
[2018.09.18-09.26.44:170][  0]LogLinker: Warning: Can't find file for asset '/Game/TopDownBP/Blueprints/FloorTypes/Floor_Pathway' while loading NULL.
[2018.09.18-09.26.44:170][  0]LogLinker: Warning: Can't find file '/Game/TopDownBP/Blueprints/FloorTypes/Floor_Base'
[2018.09.18-09.26.44:170][  0]LogLinker: Warning: Can't find file for asset '/Game/TopDownBP/Blueprints/FloorTypes/Floor_Base' while loading NULL.
[2018.09.18-09.26.44:170][  0]LogLinker: Warning: Can't find file '/Game/TopDownBP/Blueprints/FloorTypes/Floor_Pathway'
[2018.09.18-09.26.44:170][  0]LogLinker: Warning: Can't find file for asset '/Game/TopDownBP/Blueprints/FloorTypes/Floor_Pathway' while loading NULL.
[2018.09.18-09.26.44:170][  0]LogLinker: Warning: Can't find file '/Game/TopDownBP/MapTestWidget'
[2018.09.18-09.26.44:171][  0]LogLinker: Warning: Can't find file for asset '/Game/TopDownBP/MapTestWidget' while loading NULL.
[2018.09.18-09.26.44:171][  0]LogLinker: Warning: Can't find file '/Game/TopDownBP/MapTestWidget'
[2018.09.18-09.26.44:171][  0]LogLinker: Warning: Can't find file for asset '/Game/TopDownBP/MapTestWidget' while loading NULL.
[2018.09.18-09.26.44:176][  0]LogLinker: Warning: Can't find file '/Game/TopDownBP/Blueprints/FloorTypes/Floor_Base'
[2018.09.18-09.26.44:176][  0]LoadErrors: Failed to load /Game/TopDownBP/Blueprints/FloorTypes/Floor_Base.Floor_Base_C Referenced by K2Node_SpawnActorFromClass_2
[2018.09.18-09.26.44:176][  0]LogLinker: Warning: Can't find file for asset '/Game/TopDownBP/Blueprints/FloorTypes/Floor_Base' while loading NULL.
[2018.09.18-09.26.44:176][  0]LoadErrors: Failed to load /Game/TopDownBP/Blueprints/FloorTypes/Floor_Base.Floor_Base_C Referenced by K2Node_SpawnActorFromClass_2
[2018.09.18-09.26.44:176][  0]LogLinker: Warning: Can't find file '/Game/TopDownBP/Blueprints/FloorTypes/Floor_Base'
[2018.09.18-09.26.44:176][  0]LoadErrors: Failed to load /Game/TopDownBP/Blueprints/FloorTypes/Floor_Base.Floor_Base_C Referenced by K2Node_SpawnActorFromClass_2
[2018.09.18-09.26.44:176][  0]LogLinker: Warning: Can't find file for asset '/Game/TopDownBP/Blueprints/FloorTypes/Floor_Base' while loading NULL.
[2018.09.18-09.26.44:176][  0]LoadErrors: Failed to load /Game/TopDownBP/Blueprints/FloorTypes/Floor_Base.Floor_Base_C Referenced by K2Node_SpawnActorFromClass_2
[2018.09.18-09.26.44:177][  0]LogLinker: Warning: Can't find file '/Game/TopDownBP/Blueprints/FloorTypes/Floor_Base'
[2018.09.18-09.26.44:177][  0]LoadErrors: Failed to load /Game/TopDownBP/Blueprints/FloorTypes/Floor_Base.Floor_Base_C Referenced by K2Node_SpawnActorFromClass_0
[2018.09.18-09.26.44:177][  0]LogLinker: Warning: Can't find file for asset '/Game/TopDownBP/Blueprints/FloorTypes/Floor_Base' while loading NULL.
[2018.09.18-09.26.44:177][  0]LoadErrors: Failed to load /Game/TopDownBP/Blueprints/FloorTypes/Floor_Base.Floor_Base_C Referenced by K2Node_SpawnActorFromClass_0
[2018.09.18-09.26.44:177][  0]LogLinker: Warning: Can't find file '/Game/TopDownBP/Blueprints/FloorTypes/Floor_Base'
[2018.09.18-09.26.44:177][  0]LoadErrors: Failed to load /Game/TopDownBP/Blueprints/FloorTypes/Floor_Base.Floor_Base_C Referenced by K2Node_SpawnActorFromClass_0
[2018.09.18-09.26.44:177][  0]LogLinker: Warning: Can't find file for asset '/Game/TopDownBP/Blueprints/FloorTypes/Floor_Base' while loading NULL.
[2018.09.18-09.26.44:177][  0]LoadErrors: Failed to load /Game/TopDownBP/Blueprints/FloorTypes/Floor_Base.Floor_Base_C Referenced by K2Node_SpawnActorFromClass_0
[2018.09.18-09.26.44:178][  0]LogLinker: Warning: Can't find file '/Game/TopDownBP/MapTestWidget'
[2018.09.18-09.26.44:178][  0]LoadErrors: Failed to load /Game/TopDownBP/MapTestWidget.MapTestWidget_C Referenced by K2Node_CreateWidget_1
[2018.09.18-09.26.44:178][  0]LogLinker: Warning: Can't find file for asset '/Game/TopDownBP/MapTestWidget' while loading NULL.
[2018.09.18-09.26.44:178][  0]LoadErrors: Failed to load /Game/TopDownBP/MapTestWidget.MapTestWidget_C Referenced by K2Node_CreateWidget_1
[2018.09.18-09.26.44:178][  0]LogLinker: Warning: Can't find file '/Game/TopDownBP/MapTestWidget'
[2018.09.18-09.26.44:178][  0]LoadErrors: Failed to load /Game/TopDownBP/MapTestWidget.MapTestWidget_C Referenced by K2Node_CreateWidget_1
[2018.09.18-09.26.44:178][  0]LogLinker: Warning: Can't find file for asset '/Game/TopDownBP/MapTestWidget' while loading NULL.
[2018.09.18-09.26.44:178][  0]LoadErrors: Failed to load /Game/TopDownBP/MapTestWidget.MapTestWidget_C Referenced by K2Node_CreateWidget_1
[2018.09.18-09.26.44:179][  0]LogLinker: Warning: Can't find file '/Game/TopDownBP/Blueprints/FloorTypes/Floor_Pathway'
[2018.09.18-09.26.44:179][  0]LoadErrors: Failed to load /Game/TopDownBP/Blueprints/FloorTypes/Floor_Pathway.Floor_Pathway_C Referenced by K2Node_SpawnActorFromClass_6
[2018.09.18-09.26.44:179][  0]LogLinker: Warning: Can't find file for asset '/Game/TopDownBP/Blueprints/FloorTypes/Floor_Pathway' while loading NULL.
[2018.09.18-09.26.44:179][  0]LoadErrors: Failed to load /Game/TopDownBP/Blueprints/FloorTypes/Floor_Pathway.Floor_Pathway_C Referenced by K2Node_SpawnActorFromClass_6
[2018.09.18-09.26.44:179][  0]LogLinker: Warning: Can't find file '/Game/TopDownBP/Blueprints/FloorTypes/Floor_Pathway'
[2018.09.18-09.26.44:179][  0]LoadErrors: Failed to load /Game/TopDownBP/Blueprints/FloorTypes/Floor_Pathway.Floor_Pathway_C Referenced by K2Node_SpawnActorFromClass_6
[2018.09.18-09.26.44:179][  0]LogLinker: Warning: Can't find file for asset '/Game/TopDownBP/Blueprints/FloorTypes/Floor_Pathway' while loading NULL.
[2018.09.18-09.26.44:179][  0]LoadErrors: Failed to load /Game/TopDownBP/Blueprints/FloorTypes/Floor_Pathway.Floor_Pathway_C Referenced by K2Node_SpawnActorFromClass_6
[2018.09.18-09.26.44:180][  0]LogLinker: Warning: Can't find file '/Game/TopDownBP/Blueprints/FloorTypes/Floor_Pathway'
[2018.09.18-09.26.44:180][  0]LoadErrors: Failed to load /Game/TopDownBP/Blueprints/FloorTypes/Floor_Pathway.Floor_Pathway_C Referenced by K2Node_SpawnActorFromClass_3
[2018.09.18-09.26.44:180][  0]LogLinker: Warning: Can't find file for asset '/Game/TopDownBP/Blueprints/FloorTypes/Floor_Pathway' while loading NULL.
[2018.09.18-09.26.44:180][  0]LoadErrors: Failed to load /Game/TopDownBP/Blueprints/FloorTypes/Floor_Pathway.Floor_Pathway_C Referenced by K2Node_SpawnActorFromClass_3
[2018.09.18-09.26.44:180][  0]LogLinker: Warning: Can't find file '/Game/TopDownBP/Blueprints/FloorTypes/Floor_Pathway'
[2018.09.18-09.26.44:180][  0]LoadErrors: Failed to load /Game/TopDownBP/Blueprints/FloorTypes/Floor_Pathway.Floor_Pathway_C Referenced by K2Node_SpawnActorFromClass_3
[2018.09.18-09.26.44:180][  0]LogLinker: Warning: Can't find file for asset '/Game/TopDownBP/Blueprints/FloorTypes/Floor_Pathway' while loading NULL.
[2018.09.18-09.26.44:180][  0]LoadErrors: Failed to load /Game/TopDownBP/Blueprints/FloorTypes/Floor_Pathway.Floor_Pathway_C Referenced by K2Node_SpawnActorFromClass_3
[2018.09.18-09.26.44:183][  0]LogLinker: Warning: Can't find file '/Game/TopDownBP/Blueprints/FloorTypes/Floor_Base'
[2018.09.18-09.26.44:183][  0]LoadErrors: Failed to load /Game/TopDownBP/Blueprints/FloorTypes/Floor_Base.Floor_Base_C Referenced by K2Node_SpawnActorFromClass_1
[2018.09.18-09.26.44:183][  0]LogLinker: Warning: Can't find file for asset '/Game/TopDownBP/Blueprints/FloorTypes/Floor_Base' while loading NULL.
[2018.09.18-09.26.44:183][  0]LoadErrors: Failed to load /Game/TopDownBP/Blueprints/FloorTypes/Floor_Base.Floor_Base_C Referenced by K2Node_SpawnActorFromClass_1
[2018.09.18-09.26.44:183][  0]LogLinker: Warning: Can't find file '/Game/TopDownBP/Blueprints/FloorTypes/Floor_Base'
[2018.09.18-09.26.44:183][  0]LoadErrors: Failed to load /Game/TopDownBP/Blueprints/FloorTypes/Floor_Base.Floor_Base_C Referenced by K2Node_SpawnActorFromClass_1
[2018.09.18-09.26.44:183][  0]LogLinker: Warning: Can't find file for asset '/Game/TopDownBP/Blueprints/FloorTypes/Floor_Base' while loading NULL.
[2018.09.18-09.26.44:183][  0]LoadErrors: Failed to load /Game/TopDownBP/Blueprints/FloorTypes/Floor_Base.Floor_Base_C Referenced by K2Node_SpawnActorFromClass_1
[2018.09.18-09.26.44:262][  0]LogBlueprint: Error: [Compiler MapGenerator] Spawn node  SpawnActor NONE  must have a  Class  specified.
[2018.09.18-09.26.44:262][  0]LogBlueprint: Error: [Compiler MapGenerator] Spawn node  SpawnActor NONE  must have a  Class  specified.
[2018.09.18-09.26.44:262][  0]LogBlueprint: Error: [Compiler MapGenerator] Spawn node  SpawnActor NONE  must have a  Class  specified.
[2018.09.18-09.26.44:262][  0]LogBlueprint: Error: [Compiler MapGenerator] Spawn node  Create Widget  must have a class specified.
[2018.09.18-09.26.44:263][  0]LogBlueprint: Error: [Compiler MapGenerator] Spawn node  SpawnActor NONE  must have a  Class  specified.
[2018.09.18-09.26.44:263][  0]LogBlueprint: Error: [Compiler MapGenerator] Spawn node  SpawnActor NONE  must have a  Class  specified.
[2018.09.18-09.26.44:263][  0]LogBlueprint: Warning: [Compiler MapGenerator] Input pin  Instigator  specifying non-default value no longer exists on node  SpawnActor NONE . Please refresh node or reset pin to default value to remove pin.
[2018.09.18-09.26.44:264][  0]LogBlueprint: Warning: [Compiler MapGenerator] Input pin  Instigator  specifying non-default value no longer exists on node  SpawnActor NONE . Please refresh node or reset pin to default value to remove pin.
[2018.09.18-09.26.44:265][  0]LogBlueprint: Warning: [Compiler MapGenerator] Input pin  Instigator  specifying non-default value no longer exists on node  SpawnActor NONE . Please refresh node or reset pin to default value to remove pin.
[2018.09.18-09.26.44:265][  0]LogBlueprint: Warning: [Compiler MapGenerator] Input pin  Instigator  specifying non-default value no longer exists on node  SpawnActor NONE . Please refresh node or reset pin to default value to remove pin.
[2018.09.18-09.26.44:265][  0]LogBlueprint: Warning: [Compiler MapGenerator] Input pin  Instigator  specifying non-default value no longer exists on node  SpawnActor NONE . Please refresh node or reset pin to default value to remove pin.
[2018.09.18-09.26.44:271][  0]LogBlueprint: Warning: [Compiler MapGenerator] [0008.48] Compile of MapGenerator failed. 6 Fatal Issue(s) 5 Warning(s) [in 85 ms] (/Game/MapGenerator_Mike/MapGenerator.MapGenerator)
[2018.09.18-09.26.45:761][  0]LogReferenceChain: (standalone) MetaData /Game/MapGenerator_Mike/MapGenerator.PackageMetaData->Outer
[2018.09.18-09.26.45:761][  0]LogReferenceChain:  Package /Game/MapGenerator_Mike/MapGenerator
[2018.09.18-09.26.45:761][  0]LogReferenceChain:   
[2018.09.18-09.26.45:761][  0]LogReferenceChain: (standalone) Blueprint /Game/MapGenerator_Mike/MapGenerator.MapGenerator->Outer
[2018.09.18-09.26.45:761][  0]LogReferenceChain:  Package /Game/MapGenerator_Mike/MapGenerator
[2018.09.18-09.26.45:761][  0]LogReferenceChain:   
[2018.09.18-09.26.45:761][  0]LogReferenceChain: (standalone) Blueprint /Game/MapGenerator_Mike/MapGenerator.MapGenerator->SimpleConstructionScript
[2018.09.18-09.26.45:761][  0]LogReferenceChain:  SimpleConstructionScript /Game/MapGenerator_Mike/MapGenerator.MapGenerator_C:SimpleConstructionScript_0::AddReferencedObjects()
[2018.09.18-09.26.45:761][  0]LogReferenceChain:   Package /Game/MapGenerator_Mike/MapGenerator
[2018.09.18-09.26.45:761][  0]LogReferenceChain:   
[2018.09.18-09.26.45:761][  0]LogReferenceChain: (standalone) Blueprint /Game/MapGenerator_Mike/MapGenerator.MapGenerator->SkeletonGeneratedClass
[2018.09.18-09.26.45:761][  0]LogReferenceChain:  BlueprintGeneratedClass /Game/MapGenerator_Mike/MapGenerator.SKEL_MapGenerator_C->Outer
[2018.09.18-09.26.45:761][  0]LogReferenceChain:   Package /Game/MapGenerator_Mike/MapGenerator
[2018.09.18-09.26.45:761][  0]LogReferenceChain:   
[2018.09.18-09.26.45:761][  0]LogReferenceChain: (standalone) Blueprint /Game/MapGenerator_Mike/MapGenerator.MapGenerator->UbergraphPages
[2018.09.18-09.26.45:761][  0]LogReferenceChain:  EdGraph /Game/MapGenerator_Mike/MapGenerator.MapGenerator:EventGraph::AddReferencedObjects()
[2018.09.18-09.26.45:761][  0]LogReferenceChain:   Package /Game/MapGenerator_Mike/MapGenerator
[2018.09.18-09.26.45:761][  0]LogReferenceChain:   
[2018.09.18-09.26.45:761][  0]LogReferenceChain: (standalone) Blueprint /Game/MapGenerator_Mike/MapGenerator.MapGenerator->FunctionGraphs
[2018.09.18-09.26.45:761][  0]LogReferenceChain:  EdGraph /Game/MapGenerator_Mike/MapGenerator.MapGenerator:UserConstructionScript::AddReferencedObjects()
[2018.09.18-09.26.45:761][  0]LogReferenceChain:   Package /Game/MapGenerator_Mike/MapGenerator
[2018.09.18-09.26.45:761][  0]LogReferenceChain:   
[2018.09.18-09.26.45:761][  0]LogReferenceChain: (standalone) Blueprint /Game/MapGenerator_Mike/MapGenerator.MapGenerator->ThumbnailInfo
[2018.09.18-09.26.45:761][  0]LogReferenceChain:  SceneThumbnailInfo /Game/MapGenerator_Mike/MapGenerator.MapGenerator:SceneThumbnailInfo_0::AddReferencedObjects()
[2018.09.18-09.26.45:762][  0]LogReferenceChain:   Package /Game/MapGenerator_Mike/MapGenerator
[2018.09.18-09.26.45:762][  0]LogReferenceChain:   
[2018.09.18-09.26.45:762][  0]LogReferenceChain: (standalone) Blueprint /Game/MapGenerator_Mike/MapGenerator.MapGenerator->GeneratedClass
[2018.09.18-09.26.45:762][  0]LogReferenceChain:  BlueprintGeneratedClass /Game/MapGenerator_Mike/MapGenerator.MapGenerator_C->Outer
[2018.09.18-09.26.45:762][  0]LogReferenceChain:   Package /Game/MapGenerator_Mike/MapGenerator
[2018.09.18-09.26.45:762][  0]LogReferenceChain:   
[2018.09.18-09.26.45:762][  0]LogReferenceChain: (standalone) Blueprint /Game/MapGenerator_Mike/MapGenerator.MapGenerator->UbergraphPages
[2018.09.18-09.26.45:762][  0]LogReferenceChain:  EdGraph /Game/MapGenerator_Mike/MapGenerator.MapGenerator:EventGraph->Nodes
[2018.09.18-09.26.45:762][  0]LogReferenceChain:   K2Node_CustomEvent /Game/MapGenerator_Mike/MapGenerator.MapGenerator:EventGraph.K2Node_CustomEvent_3::AddReferencedObjects()
[2018.09.18-09.26.45:762][  0]LogReferenceChain:    Package /Game/MapGenerator_Mike/MapGenerator
[2018.09.18-09.26.45:762][  0]LogReferenceChain:   
[2018.09.18-09.26.45:762][  0]LogReferenceChain: (standalone) Blueprint /Game/MapGenerator_Mike/MapGenerator.MapGenerator->UbergraphPages
[2018.09.18-09.26.45:762][  0]LogReferenceChain:  EdGraph /Game/MapGenerator_Mike/MapGenerator.MapGenerator:EventGraph->Nodes
[2018.09.18-09.26.45:762][  0]LogReferenceChain:   K2Node_MacroInstance /Game/MapGenerator_Mike/MapGenerator.MapGenerator:EventGraph.K2Node_MacroInstance_2::AddReferencedObjects()
[2018.09.18-09.26.45:762][  0]LogReferenceChain:    Package /Game/MapGenerator_Mike/MapGenerator
[2018.09.18-09.26.45:762][  0]LogReferenceChain:   
[2018.09.18-09.26.45:762][  0]LogReferenceChain: (standalone) Blueprint /Game/MapGenerator_Mike/MapGenerator.MapGenerator->UbergraphPages
[2018.09.18-09.26.45:762][  0]LogReferenceChain:  EdGraph /Game/MapGenerator_Mike/MapGenerator.MapGenerator:EventGraph->Nodes
[2018.09.18-09.26.45:762][  0]LogReferenceChain:   K2Node_Event /Game/MapGenerator_Mike/MapGenerator.MapGenerator:EventGraph.K2Node_Event_0::AddReferencedObjects()
[2018.09.18-09.26.45:762][  0]LogReferenceChain:    Package /Game/MapGenerator_Mike/MapGenerator
[2018.09.18-09.26.45:762][  0]LogReferenceChain:   
[2018.09.18-09.26.45:762][  0]LogReferenceChain: (standalone) Blueprint /Game/MapGenerator_Mike/MapGenerator.MapGenerator->UbergraphPages
[2018.09.18-09.26.45:762][  0]LogReferenceChain:  EdGraph /Game/MapGenerator_Mike/MapGenerator.MapGenerator:EventGraph->Nodes
[2018.09.18-09.26.45:762][  0]LogReferenceChain:   K2Node_VariableGet /Game/MapGenerator_Mike/MapGenerator.MapGenerator:EventGraph.K2Node_VariableGet_15::AddReferencedObjects()
[2018.09.18-09.26.45:762][  0]LogReferenceChain:    Package /Game/MapGenerator_Mike/MapGenerator
[2018.09.18-09.26.45:762][  0]LogReferenceChain:   
[2018.09.18-09.26.45:762][  0]LogReferenceChain: (standalone) Blueprint /Game/MapGenerator_Mike/MapGenerator.MapGenerator->UbergraphPages
[2018.09.18-09.26.45:762][  0]LogReferenceChain:  EdGraph /Game/MapGenerator_Mike/MapGenerator.MapGenerator:EventGraph->Nodes
[2018.09.18-09.26.45:762][  0]LogReferenceChain:   K2Node_VariableGet /Game/MapGenerator_Mike/MapGenerator.MapGenerator:EventGraph.K2Node_VariableGet_1::AddReferencedObjects()
[2018.09.18-09.26.45:762][  0]LogReferenceChain:    Package /Game/MapGenerator_Mike/MapGenerator
[2018.09.18-09.26.45:762][  0]LogReferenceChain:   
[2018.09.18-09.26.45:762][  0]LogReferenceChain: (standalone) Blueprint /Game/MapGenerator_Mike/MapGenerator.MapGenerator->UbergraphPages
[2018.09.18-09.26.45:762][  0]LogReferenceChain:  EdGraph /Game/MapGenerator_Mike/MapGenerator.MapGenerator:EventGraph->Nodes
[2018.09.18-09.26.45:762][  0]LogReferenceChain:   K2Node_CallFunction /Game/MapGenerator_Mike/MapGenerator.MapGenerator:EventGraph.K2Node_CallFunction_3::AddReferencedObjects()
[2018.09.18-09.26.45:762][  0]LogReferenceChain:    Package /Game/MapGenerator_Mike/MapGenerator
[2018.09.18-09.26.45:762][  0]LogReferenceChain:   
[2018.09.18-09.26.45:762][  0]LogReferenceChain: (standalone) Blueprint /Game/MapGenerator_Mike/MapGenerator.MapGenerator->UbergraphPages
[2018.09.18-09.26.45:762][  0]LogReferenceChain:  EdGraph /Game/MapGenerator_Mike/MapGenerator.MapGenerator:EventGraph->Nodes
[2018.09.18-09.26.45:762][  0]LogReferenceChain:   K2Node_CustomEvent /Game/MapGenerator_Mike/MapGenerator.MapGenerator:EventGraph.K2Node_CustomEvent_4::AddReferencedObjects()
[2018.09.18-09.26.45:762][  0]LogReferenceChain:    Package /Game/MapGenerator_Mike/MapGenerator
[2018.09.18-09.26.45:762][  0]LogReferenceChain:   
[2018.09.18-09.26.45:762][  0]LogReferenceChain: (standalone) Blueprint /Game/MapGenerator_Mike/MapGenerator.MapGenerator->UbergraphPages
[2018.09.18-09.26.45:762][  0]LogReferenceChain:  EdGraph /Game/MapGenerator_Mike/MapGenerator.MapGenerator:EventGraph->Nodes
[2018.09.18-09.26.45:762][  0]LogReferenceChain:   K2Node_CallFunction /Game/MapGenerator_Mike/MapGenerator.MapGenerator:EventGraph.K2Node_CallFunction_4::AddReferencedObjects()
[2018.09.18-09.26.45:762][  0]LogReferenceChain:    Package /Game/MapGenerator_Mike/MapGenerator
[2018.09.18-09.26.45:762][  0]LogReferenceChain:   
[2018.09.18-09.26.45:762][  0]LogReferenceChain: (standalone) Blueprint /Game/MapGenerator_Mike/MapGenerator.MapGenerator->UbergraphPages
[2018.09.18-09.26.45:762][  0]LogReferenceChain:  EdGraph /Game/MapGenerator_Mike/MapGenerator.MapGenerator:EventGraph->Nodes
[2018.09.18-09.26.45:762][  0]LogReferenceChain:   K2Node_VariableSet /Game/MapGenerator_Mike/MapGenerator.MapGenerator:EventGraph.K2Node_VariableSet_4::AddReferencedObjects()
[2018.09.18-09.26.45:762][  0]LogReferenceChain:    Package /Game/MapGenerator_Mike/MapGenerator
[2018.09.18-09.26.45:762][  0]LogReferenceChain:   
[2018.09.18-09.26.45:762][  0]LogReferenceChain: (standalone) Blueprint /Game/MapGenerator_Mike/MapGenerator.MapGenerator->UbergraphPages
[2018.09.18-09.26.45:762][  0]LogReferenceChain:  EdGraph /Game/MapGenerator_Mike/MapGenerator.MapGenerator:EventGraph->Nodes
[2018.09.18-09.26.45:762][  0]LogReferenceChain:   K2Node_VariableGet /Game/MapGenerator_Mike/MapGenerator.MapGenerator:EventGraph.K2Node_VariableGet_19::AddReferencedObjects()
[2018.09.18-09.26.45:762][  0]LogReferenceChain:    Package /Game/MapGenerator_Mike/MapGenerator
[2018.09.18-09.26.45:762][  0]LogReferenceChain:   
[2018.09.18-09.26.45:762][  0]LogReferenceChain: (standalone) Blueprint /Game/MapGenerator_Mike/MapGenerator.MapGenerator->UbergraphPages
[2018.09.18-09.26.45:762][  0]LogReferenceChain:  EdGraph /Game/MapGenerator_Mike/MapGenerator.MapGenerator:EventGraph->Nodes
[2018.09.18-09.26.45:762][  0]LogReferenceChain:   K2Node_CustomEvent /Game/MapGenerator_Mike/MapGenerator.MapGenerator:EventGraph.K2Node_CustomEvent_13::AddReferencedObjects()
[2018.09.18-09.26.45:762][  0]LogReferenceChain:    Package /Game/MapGenerator_Mike/MapGenerator
[2018.09.18-09.26.45:762][  0]LogReferenceChain:   
[2018.09.18-09.26.45:762][  0]LogReferenceChain: (standalone) Blueprint /Game/MapGenerator_Mike/MapGenerator.MapGenerator->UbergraphPages
[2018.09.18-09.26.45:762][  0]LogReferenceChain:  EdGraph /Game/MapGenerator_Mike/MapGenerator.MapGenerator:EventGraph->Nodes
[2018.09.18-09.26.45:762][  0]LogReferenceChain:   K2Node_VariableGet /Game/MapGenerator_Mike/MapGenerator.MapGenerator:EventGraph.K2Node_VariableGet_21::AddReferencedObjects()
[2018.09.18-09.26.45:762][  0]LogReferenceChain:    Package /Game/MapGenerator_Mike/MapGenerator
[2018.09.18-09.26.45:762][  0]LogReferenceChain:   
[2018.09.18-09.26.45:762][  0]LogReferenceChain: (standalone) Blueprint /Game/MapGenerator_Mike/MapGenerator.MapGenerator->SimpleConstructionScript
[2018.09.18-09.26.45:762][  0]LogReferenceChain:  SimpleConstructionScript /Game/MapGenerator_Mike/MapGenerator.MapGenerator_C:SimpleConstructionScript_0->RootNodes
[2018.09.18-09.26.45:762][  0]LogReferenceChain:   SCS_Node /Game/MapGenerator_Mike/MapGenerator.MapGenerator_C:SimpleConstructionScript_0.SCS_Node_0::AddReferencedObjects()
[2018.09.18-09.26.45:762][  0]LogReferenceChain:    Package /Game/MapGenerator_Mike/MapGenerator
[2018.09.18-09.26.45:762][  0]LogReferenceChain:   
[2018.09.18-09.26.45:762][  0]LogReferenceChain: (standalone) Blueprint /Game/MapGenerator_Mike/MapGenerator.MapGenerator->UbergraphPages
[2018.09.18-09.26.45:762][  0]LogReferenceChain:  EdGraph /Game/MapGenerator_Mike/MapGenerator.MapGenerator:EventGraph->Nodes
[2018.09.18-09.26.45:762][  0]LogReferenceChain:   K2Node_VariableSet /Game/MapGenerator_Mike/MapGenerator.MapGenerator:EventGraph.K2Node_VariableSet_16::AddReferencedObjects()
[2018.09.18-09.26.45:762][  0]LogReferenceChain:    Package /Game/MapGenerator_Mike/MapGenerator
[2018.09.18-09.26.45:763][  0]LogReferenceChain:   
[2018.09.18-09.26.45:763][  0]LogReferenceChain: (standalone) Blueprint /Game/MapGenerator_Mike/MapGenerator.MapGenerator->UbergraphPages
[2018.09.18-09.26.45:763][  0]LogReferenceChain:  EdGraph /Game/MapGenerator_Mike/MapGenerator.MapGenerator:EventGraph->Nodes
[2018.09.18-09.26.45:763][  0]LogReferenceChain:   K2Node_VariableGet /Game/MapGenerator_Mike/MapGenerator.MapGenerator:EventGraph.K2Node_VariableGet_30::AddReferencedObjects()
[2018.09.18-09.26.45:763][  0]LogReferenceChain:    Package /Game/MapGenerator_Mike/MapGenerator
[2018.09.18-09.26.45:763][  0]LogReferenceChain:   
[2018.09.18-09.26.45:763][  0]LogReferenceChain: (standalone) Blueprint /Game/MapGenerator_Mike/MapGenerator.MapGenerator->UbergraphPages
[2018.09.18-09.26.45:763][  0]LogReferenceChain:  EdGraph /Game/MapGenerator_Mike/MapGenerator.MapGenerator:EventGraph->Nodes
[2018.09.18-09.26.45:763][  0]LogReferenceChain:   K2Node_CommutativeAssociativeBinaryOperator /Game/MapGenerator_Mike/MapGenerator.MapGenerator:EventGraph.K2Node_CommutativeAssociativeBinaryOperator_2::AddReferencedObjects()
[2018.09.18-09.26.45:763][  0]LogReferenceChain:    Package /Game/MapGenerator_Mike/MapGenerator
[2018.09.18-09.26.45:763][  0]LogReferenceChain:   
[2018.09.18-09.26.45:763][  0]LogReferenceChain: (standalone) Blueprint /Game/MapGenerator_Mike/MapGenerator.MapGenerator->UbergraphPages
[2018.09.18-09.26.45:763][  0]LogReferenceChain:  EdGraph /Game/MapGenerator_Mike/MapGenerator.MapGenerator:EventGraph->Nodes
[2018.09.18-09.26.45:763][  0]LogReferenceChain:   K2Node_CallFunction /Game/MapGenerator_Mike/MapGenerator.MapGenerator:EventGraph.K2Node_CallFunction_17::AddReferencedObjects()
[2018.09.18-09.26.45:763][  0]LogReferenceChain:    Package /Game/MapGenerator_Mike/MapGenerator
[2018.09.18-09.26.45:763][  0]LogReferenceChain:   
[2018.09.18-09.26.45:763][  0]LogReferenceChain: (standalone) Blueprint /Game/MapGenerator_Mike/MapGenerator.MapGenerator->UbergraphPages
[2018.09.18-09.26.45:763][  0]LogReferenceChain:  EdGraph /Game/MapGenerator_Mike/MapGenerator.MapGenerator:EventGraph->Nodes
[2018.09.18-09.26.45:763][  0]LogReferenceChain:   K2Node_MacroInstance /Game/MapGenerator_Mike/MapGenerator.MapGenerator:EventGraph.K2Node_MacroInstance_5::AddReferencedObjects()
[2018.09.18-09.26.45:763][  0]LogReferenceChain:    Package /Game/MapGenerator_Mike/MapGenerator
[2018.09.18-09.26.45:763][  0]LogReferenceChain:   
[2018.09.18-09.26.45:763][  0]LogReferenceChain: (standalone) Blueprint /Game/MapGenerator_Mike/MapGenerator.MapGenerator->UbergraphPages
[2018.09.18-09.26.45:763][  0]LogReferenceChain:  EdGraph /Game/MapGenerator_Mike/MapGenerator.MapGenerator:EventGraph->Nodes
[2018.09.18-09.26.45:763][  0]LogReferenceChain:   K2Node_CustomEvent /Game/MapGenerator_Mike/MapGenerator.MapGenerator:EventGraph.K2Node_CustomEvent_11::AddReferencedObjects()
[2018.09.18-09.26.45:763][  0]LogReferenceChain:    Package /Game/MapGenerator_Mike/MapGenerator
[2018.09.18-09.26.45:763][  0]LogReferenceChain:   
[2018.09.18-09.26.45:763][  0]LogReferenceChain: (standalone) Blueprint /Game/MapGenerator_Mike/MapGenerator.MapGenerator->UbergraphPages
[2018.09.18-09.26.45:763][  0]LogReferenceChain:  EdGraph /Game/MapGenerator_Mike/MapGenerator.MapGenerator:EventGraph->Nodes
[2018.09.18-09.26.45:763][  0]LogReferenceChain:   K2Node_CallFunction /Game/MapGenerator_Mike/MapGenerator.MapGenerator:EventGraph.K2Node_CallFunction_25::AddReferencedObjects()
[2018.09.18-09.26.45:763][  0]LogReferenceChain:    Package /Game/MapGenerator_Mike/MapGenerator
[2018.09.18-09.26.45:763][  0]LogReferenceChain:   
[2018.09.18-09.26.45:763][  0]LogReferenceChain: (standalone) Blueprint /Game/MapGenerator_Mike/MapGenerator.MapGenerator->UbergraphPages
[2018.09.18-09.26.45:763][  0]LogReferenceChain:  EdGraph /Game/MapGenerator_Mike/MapGenerator.MapGenerator:EventGraph->Nodes
[2018.09.18-09.26.45:763][  0]LogReferenceChain:   K2Node_SpawnActorFromClass /Game/MapGenerator_Mike/MapGenerator.MapGenerator:EventGraph.K2Node_SpawnActorFromClass_2::AddReferencedObjects()
[2018.09.18-09.26.45:763][  0]LogReferenceChain:    Package /Game/MapGenerator_Mike/MapGenerator
[2018.09.18-09.26.45:763][  0]LogReferenceChain:   
[2018.09.18-09.26.45:763][  0]LogReferenceChain: (standalone) Blueprint /Game/MapGenerator_Mike/MapGenerator.MapGenerator->UbergraphPages
[2018.09.18-09.26.45:763][  0]LogReferenceChain:  EdGraph /Game/MapGenerator_Mike/MapGenerator.MapGenerator:EventGraph->Nodes
[2018.09.18-09.26.45:763][  0]LogReferenceChain:   K2Node_CustomEvent /Game/MapGenerator_Mike/MapGenerator.MapGenerator:EventGraph.K2Node_CustomEvent_10::AddReferencedObjects()
[2018.09.18-09.26.45:763][  0]LogReferenceChain:    Package /Game/MapGenerator_Mike/MapGenerator
[2018.09.18-09.26.45:763][  0]LogReferenceChain:   
[2018.09.18-09.26.45:763][  0]LogReferenceChain: (standalone) Blueprint /Game/MapGenerator_Mike/MapGenerator.MapGenerator->UbergraphPages
[2018.09.18-09.26.45:763][  0]LogReferenceChain:  EdGraph /Game/MapGenerator_Mike/MapGenerator.MapGenerator:EventGraph->Nodes
[2018.09.18-09.26.45:763][  0]LogReferenceChain:   K2Node_VariableSet /Game/MapGenerator_Mike/MapGenerator.MapGenerator:EventGraph.K2Node_VariableSet_7::AddReferencedObjects()
[2018.09.18-09.26.45:763][  0]LogReferenceChain:    Package /Game/MapGenerator_Mike/MapGenerator
[2018.09.18-09.26.45:763][  0]LogReferenceChain:   
[2018.09.18-09.26.45:763][  0]LogReferenceChain: (standalone) Blueprint /Game/MapGenerator_Mike/MapGenerator.MapGenerator->UbergraphPages
[2018.09.18-09.26.45:763][  0]LogReferenceChain:  EdGraph /Game/MapGenerator_Mike/MapGenerator.MapGenerator:EventGraph->Nodes
[2018.09.18-09.26.45:763][  0]LogReferenceChain:   K2Node_CallFunction /Game/MapGenerator_Mike/MapGenerator.MapGenerator:EventGraph.K2Node_CallFunction_16::AddReferencedObjects()
[2018.09.18-09.26.45:763][  0]LogReferenceChain:    Package /Game/MapGenerator_Mike/MapGenerator
[2018.09.18-09.26.45:763][  0]LogReferenceChain:   
[2018.09.18-09.26.45:763][  0]LogReferenceChain: (standalone) Blueprint /Game/MapGenerator_Mike/MapGenerator.MapGenerator->UbergraphPages
[2018.09.18-09.26.45:763][  0]LogReferenceChain:  EdGraph /Game/MapGenerator_Mike/MapGenerator.MapGenerator:EventGraph->Nodes
[2018.09.18-09.26.45:763][  0]LogReferenceChain:   K2Node_CallFunction /Game/MapGenerator_Mike/MapGenerator.MapGenerator:EventGraph.K2Node_CallFunction_41::AddReferencedObjects()
[2018.09.18-09.26.45:763][  0]LogReferenceChain:    Package /Game/MapGenerator_Mike/MapGenerator
[2018.09.18-09.26.45:763][  0]LogReferenceChain:   
[2018.09.18-09.26.45:763][  0]LogReferenceChain: (standalone) Blueprint /Game/MapGenerator_Mike/MapGenerator.MapGenerator->UbergraphPages
[2018.09.18-09.26.45:763][  0]LogReferenceChain:  EdGraph /Game/MapGenerator_Mike/MapGenerator.MapGenerator:EventGraph->Nodes
[2018.09.18-09.26.45:763][  0]LogReferenceChain:   K2Node_VariableGet /Game/MapGenerator_Mike/MapGenerator.MapGenerator:EventGraph.K2Node_VariableGet_16::AddReferencedObjects()
[2018.09.18-09.26.45:763][  0]LogReferenceChain:    Package /Game/MapGenerator_Mike/MapGenerator
[2018.09.18-09.26.45:763][  0]LogReferenceChain:   
[2018.09.18-09.26.45:763][  0]LogReferenceChain: (standalone) Blueprint /Game/MapGenerator_Mike/MapGenerator.MapGenerator->UbergraphPages
[2018.09.18-09.26.45:763][  0]LogReferenceChain:  EdGraph /Game/MapGenerator_Mike/MapGenerator.MapGenerator:EventGraph->Nodes
[2018.09.18-09.26.45:763][  0]LogReferenceChain:   K2Node_IfThenElse /Game/MapGenerator_Mike/MapGenerator.MapGenerator:EventGraph.K2Node_IfThenElse_2::AddReferencedObjects()
[2018.09.18-09.26.45:763][  0]LogReferenceChain:    Package /Game/MapGenerator_Mike/MapGenerator
[2018.09.18-09.26.45:763][  0]LogReferenceChain:   
[2018.09.18-09.26.45:763][  0]LogReferenceChain: (standalone) Blueprint /Game/MapGenerator_Mike/MapGenerator.MapGenerator->UbergraphPages
[2018.09.18-09.26.45:763][  0]LogReferenceChain:  EdGraph /Game/MapGenerator_Mike/MapGenerator.MapGenerator:EventGraph->Nodes
[2018.09.18-09.26.45:763][  0]LogReferenceChain:   K2Node_VariableSet /Game/MapGenerator_Mike/MapGenerator.MapGenerator:EventGraph.K2Node_VariableSet_13::AddReferencedObjects()
[2018.09.18-09.26.45:763][  0]LogReferenceChain:    Package /Game/MapGenerator_Mike/MapGenerator
[2018.09.18-09.26.45:763][  0]LogReferenceChain:   
[2018.09.18-09.26.45:763][  0]LogReferenceChain: (standalone) Blueprint /Game/MapGenerator_Mike/MapGenerator.MapGenerator->UbergraphPages
[2018.09.18-09.26.45:763][  0]LogReferenceChain:  EdGraph /Game/MapGenerator_Mike/MapGenerator.MapGenerator:EventGraph->Nodes
[2018.09.18-09.26.45:763][  0]LogReferenceChain:   K2Node_CommutativeAssociativeBinaryOperator /Game/MapGenerator_Mike/MapGenerator.MapGenerator:EventGraph.K2Node_CommutativeAssociativeBinaryOperator_8::AddReferencedObjects()
[2018.09.18-09.26.45:764][  0]LogReferenceChain:    Package /Game/MapGenerator_Mike/MapGenerator
[2018.09.18-09.26.45:764][  0]LogReferenceChain:   
[2018.09.18-09.26.45:764][  0]LogReferenceChain: (standalone) Blueprint /Game/MapGenerator_Mike/MapGenerator.MapGenerator->UbergraphPages
[2018.09.18-09.26.45:764][  0]LogReferenceChain:  EdGraph /Game/MapGenerator_Mike/MapGenerator.MapGenerator:EventGraph->Nodes
[2018.09.18-09.26.45:764][  0]LogReferenceChain:   K2Node_VariableGet /Game/MapGenerator_Mike/MapGenerator.MapGenerator:EventGraph.K2Node_VariableGet_20::AddReferencedObjects()
[2018.09.18-09.26.45:764][  0]LogReferenceChain:    Package /Game/MapGenerator_Mike/MapGenerator
[2018.09.18-09.26.45:764][  0]LogReferenceChain:   
[2018.09.18-09.26.45:764][  0]LogReferenceChain: (standalone) Blueprint /Game/MapGenerator_Mike/MapGenerator.MapGenerator->UbergraphPages
[2018.09.18-09.26.45:764][  0]LogReferenceChain:  EdGraph /Game/MapGenerator_Mike/MapGenerator.MapGenerator:EventGraph->Nodes
[2018.09.18-09.26.45:764][  0]LogReferenceChain:   K2Node_VariableGet /Game/MapGenerator_Mike/MapGenerator.MapGenerator:EventGraph.K2Node_VariableGet_29::AddReferencedObjects()
[2018.09.18-09.26.45:764][  0]LogReferenceChain:    Package /Game/MapGenerator_Mike/MapGenerator
[2018.09.18-09.26.45:764][  0]LogReferenceChain:   
[2018.09.18-09.26.45:764][  0]LogReferenceChain: (standalone) Blueprint /Game/MapGenerator_Mike/MapGenerator.MapGenerator->UbergraphPages
[2018.09.18-09.26.45:764][  0]LogReferenceChain:  EdGraph /Game/MapGenerator_Mike/MapGenerator.MapGenerator:EventGraph->Nodes
[2018.09.18-09.26.45:764][  0]LogReferenceChain:   K2Node_MacroInstance /Game/MapGenerator_Mike/MapGenerator.MapGenerator:EventGraph.K2Node_MacroInstance_3::AddReferencedObjects()
[2018.09.18-09.26.45:764][  0]LogReferenceChain:    Package /Game/MapGenerator_Mike/MapGenerator
[2018.09.18-09.26.45:764][  0]LogReferenceChain:   
[2018.09.18-09.26.45:764][  0]LogReferenceChain: (standalone) Blueprint /Game/MapGenerator_Mike/MapGenerator.MapGenerator->UbergraphPages
[2018.09.18-09.26.45:764][  0]LogReferenceChain:  EdGraph /Game/MapGenerator_Mike/MapGenerator.MapGenerator:EventGraph->Nodes
[2018.09.18-09.26.45:764][  0]LogReferenceChain:   K2Node_MacroInstance /Game/MapGenerator_Mike/MapGenerator.MapGenerator:EventGraph.K2Node_MacroInstance_1::AddReferencedObjects()
[2018.09.18-09.26.45:764][  0]LogReferenceChain:    Package /Game/MapGenerator_Mike/MapGenerator
[2018.09.18-09.26.45:764][  0]LogReferenceChain:   
[2018.09.18-09.26.45:764][  0]LogReferenceChain: (standalone) Blueprint /Game/MapGenerator_Mike/MapGenerator.MapGenerator->UbergraphPages
[2018.09.18-09.26.45:764][  0]LogReferenceChain:  EdGraph /Game/MapGenerator_Mike/MapGenerator.MapGenerator:EventGraph->Nodes
[2018.09.18-09.26.45:764][  0]LogReferenceChain:   K2Node_CustomEvent /Game/MapGenerator_Mike/MapGenerator.MapGenerator:EventGraph.K2Node_CustomEvent_9::AddReferencedObjects()
[2018.09.18-09.26.45:764][  0]LogReferenceChain:    Package /Game/MapGenerator_Mike/MapGenerator
[2018.09.18-09.26.45:764][  0]LogReferenceChain:   
[2018.09.18-09.26.45:764][  0]LogReferenceChain: (standalone) Blueprint /Game/MapGenerator_Mike/MapGenerator.MapGenerator->UbergraphPages
[2018.09.18-09.26.45:764][  0]LogReferenceChain:  EdGraph /Game/MapGenerator_Mike/MapGenerator.MapGenerator:EventGraph->Nodes
[2018.09.18-09.26.45:764][  0]LogReferenceChain:   K2Node_SpawnActorFromClass /Game/MapGenerator_Mike/MapGenerator.MapGenerator:EventGraph.K2Node_SpawnActorFromClass_0::AddReferencedObjects()
[2018.09.18-09.26.45:764][  0]LogReferenceChain:    Package /Game/MapGenerator_Mike/MapGenerator
[2018.09.18-09.26.45:764][  0]LogReferenceChain:   
[2018.09.18-09.26.45:764][  0]LogReferenceChain: (standalone) Blueprint /Game/MapGenerator_Mike/MapGenerator.MapGenerator->UbergraphPages
[2018.09.18-09.26.45:764][  0]LogReferenceChain:  EdGraph /Game/MapGenerator_Mike/MapGenerator.MapGenerator:EventGraph->Nodes
[2018.09.18-09.26.45:764][  0]LogReferenceChain:   K2Node_CallFunction /Game/MapGenerator_Mike/MapGenerator.MapGenerator:EventGraph.K2Node_CallFunction_29::AddReferencedObjects()
[2018.09.18-09.26.45:764][  0]LogReferenceChain:    Package /Game/MapGenerator_Mike/MapGenerator
[2018.09.18-09.26.45:764][  0]LogReferenceChain:   
[2018.09.18-09.26.45:764][  0]LogReferenceChain: (standalone) Blueprint /Game/MapGenerator_Mike/MapGenerator.MapGenerator->UbergraphPages
[2018.09.18-09.26.45:764][  0]LogReferenceChain:  EdGraph /Game/MapGenerator_Mike/MapGenerator.MapGenerator:EventGraph->Nodes
[2018.09.18-09.26.45:764][  0]LogReferenceChain:   K2Node_CallFunction /Game/MapGenerator_Mike/MapGenerator.MapGenerator:EventGraph.K2Node_CallFunction_30::AddReferencedObjects()
[2018.09.18-09.26.45:764][  0]LogReferenceChain:    Package /Game/MapGenerator_Mike/MapGenerator
[2018.09.18-09.26.45:764][  0]LogReferenceChain:   
[2018.09.18-09.26.45:764][  0]LogReferenceChain: (standalone) Blueprint /Game/MapGenerator_Mike/MapGenerator.MapGenerator->UbergraphPages
[2018.09.18-09.26.45:764][  0]LogReferenceChain:  EdGraph /Game/MapGenerator_Mike/MapGenerator.MapGenerator:EventGraph->Nodes
[2018.09.18-09.26.45:764][  0]LogReferenceChain:   K2Node_VariableSet /Game/MapGenerator_Mike/MapGenerator.MapGenerator:EventGraph.K2Node_VariableSet_11::AddReferencedObjects()
[2018.09.18-09.26.45:764][  0]LogReferenceChain:    Package /Game/MapGenerator_Mike/MapGenerator
[2018.09.18-09.26.45:764][  0]LogReferenceChain:   
[2018.09.18-09.26.45:764][  0]LogReferenceChain: (standalone) Blueprint /Game/MapGenerator_Mike/MapGenerator.MapGenerator->UbergraphPages
[2018.09.18-09.26.45:764][  0]LogReferenceChain:  EdGraph /Game/MapGenerator_Mike/MapGenerator.MapGenerator:EventGraph->Nodes
[2018.09.18-09.26.45:764][  0]LogReferenceChain:   K2Node_VariableGet /Game/MapGenerator_Mike/MapGenerator.MapGenerator:EventGraph.K2Node_VariableGet_17::AddReferencedObjects()
[2018.09.18-09.26.45:764][  0]LogReferenceChain:    Package /Game/MapGenerator_Mike/MapGenerator
[2018.09.18-09.26.45:764][  0]LogReferenceChain:   
[2018.09.18-09.26.45:764][  0]LogReferenceChain: (standalone) Blueprint /Game/MapGenerator_Mike/MapGenerator.MapGenerator->UbergraphPages
[2018.09.18-09.26.45:764][  0]LogReferenceChain:  EdGraph /Game/MapGenerator_Mike/MapGenerator.MapGenerator:EventGraph->Nodes
[2018.09.18-09.26.45:764][  0]LogReferenceChain:   K2Node_CustomEvent /Game/MapGenerator_Mike/MapGenerator.MapGenerator:EventGraph.K2Node_CustomEvent_5::AddReferencedObjects()
[2018.09.18-09.26.45:764][  0]LogReferenceChain:    Package /Game/MapGenerator_Mike/MapGenerator
[2018.09.18-09.26.45:764][  0]LogReferenceChain:   
[2018.09.18-09.26.45:764][  0]LogReferenceChain: (standalone) Blueprint /Game/MapGenerator_Mike/MapGenerator.MapGenerator->UbergraphPages
[2018.09.18-09.26.45:764][  0]LogReferenceChain:  EdGraph /Game/MapGenerator_Mike/MapGenerator.MapGenerator:EventGraph->Nodes
[2018.09.18-09.26.45:764][  0]LogReferenceChain:   K2Node_VariableSet /Game/MapGenerator_Mike/MapGenerator.MapGenerator:EventGraph.K2Node_VariableSet_2::AddReferencedObjects()
[2018.09.18-09.26.45:764][  0]LogReferenceChain:    Package /Game/MapGenerator_Mike/MapGenerator
[2018.09.18-09.26.45:764][  0]LogReferenceChain:   
[2018.09.18-09.26.45:764][  0]LogReferenceChain: (standalone) Blueprint /Game/MapGenerator_Mike/MapGenerator.MapGenerator->UbergraphPages
[2018.09.18-09.26.45:764][  0]LogReferenceChain:  EdGraph /Game/MapGenerator_Mike/MapGenerator.MapGenerator:EventGraph->Nodes
[2018.09.18-09.26.45:764][  0]LogReferenceChain:   K2Node_VariableGet /Game/MapGenerator_Mike/MapGenerator.MapGenerator:EventGraph.K2Node_VariableGet_6::AddReferencedObjects()
[2018.09.18-09.26.45:764][  0]LogReferenceChain:    Package /Game/MapGenerator_Mike/MapGenerator
[2018.09.18-09.26.45:764][  0]LogReferenceChain:   
[2018.09.18-09.26.45:764][  0]LogReferenceChain: (standalone) Blueprint /Game/MapGenerator_Mike/MapGenerator.MapGenerator->UbergraphPages
[2018.09.18-09.26.45:764][  0]LogReferenceChain:  EdGraph /Game/MapGenerator_Mike/MapGenerator.MapGenerator:EventGraph->Nodes
[2018.09.18-09.26.45:764][  0]LogReferenceChain:   K2Node_CallFunction /Game/MapGenerator_Mike/MapGenerator.MapGenerator:EventGraph.K2Node_CallFunction_45::AddReferencedObjects()
[2018.09.18-09.26.45:764][  0]LogReferenceChain:    Package /Game/MapGenerator_Mike/MapGenerator
[2018.09.18-09.26.45:764][  0]LogReferenceChain:   
[2018.09.18-09.26.45:764][  0]LogReferenceChain: (standalone) Blueprint /Game/MapGenerator_Mike/MapGenerator.MapGenerator->UbergraphPages
[2018.09.18-09.26.45:764][  0]LogReferenceChain:  EdGraph /Game/MapGenerator_Mike/MapGenerator.MapGenerator:EventGraph->Nodes
[2018.09.18-09.26.45:765][  0]LogReferenceChain:   K2Node_CallFunction /Game/MapGenerator_Mike/MapGenerator.MapGenerator:EventGraph.K2Node_CallFunction_46::AddReferencedObjects()
[2018.09.18-09.26.45:765][  0]LogReferenceChain:    Package /Game/MapGenerator_Mike/MapGenerator
[2018.09.18-09.26.45:765][  0]LogReferenceChain:   
[2018.09.18-09.26.45:765][  0]LogReferenceChain: (standalone) Blueprint /Game/MapGenerator_Mike/MapGenerator.MapGenerator->UbergraphPages
[2018.09.18-09.26.45:765][  0]LogReferenceChain:  EdGraph /Game/MapGenerator_Mike/MapGenerator.MapGenerator:EventGraph->Nodes
[2018.09.18-09.26.45:765][  0]LogReferenceChain:   K2Node_CallFunction /Game/MapGenerator_Mike/MapGenerator.MapGenerator:EventGraph.K2Node_CallFunction_49::AddReferencedObjects()
[2018.09.18-09.26.45:765][  0]LogReferenceChain:    Package /Game/MapGenerator_Mike/MapGenerator
[2018.09.18-09.26.45:765][  0]LogReferenceChain:   
[2018.09.18-09.26.45:765][  0]LogReferenceChain: (standalone) Blueprint /Game/MapGenerator_Mike/MapGenerator.MapGenerator->UbergraphPages
[2018.09.18-09.26.45:765][  0]LogReferenceChain:  EdGraph /Game/MapGenerator_Mike/MapGenerator.MapGenerator:EventGraph->Nodes
[2018.09.18-09.26.45:765][  0]LogReferenceChain:   K2Node_CallFunction /Game/MapGenerator_Mike/MapGenerator.MapGenerator:EventGraph.K2Node_CallFunction_13::AddReferencedObjects()
[2018.09.18-09.26.45:765][  0]LogReferenceChain:    Package /Game/MapGenerator_Mike/MapGenerator
[2018.09.18-09.26.45:765][  0]LogReferenceChain:   
[2018.09.18-09.26.45:765][  0]LogReferenceChain: (standalone) Blueprint /Game/MapGenerator_Mike/MapGenerator.MapGenerator->UbergraphPages
[2018.09.18-09.26.45:765][  0]LogReferenceChain:  EdGraph /Game/MapGenerator_Mike/MapGenerator.MapGenerator:EventGraph->Nodes
[2018.09.18-09.26.45:765][  0]LogReferenceChain:   K2Node_CreateWidget /Game/MapGenerator_Mike/MapGenerator.MapGenerator:EventGraph.K2Node_CreateWidget_1::AddReferencedObjects()
[2018.09.18-09.26.45:765][  0]LogReferenceChain:    Package /Game/MapGenerator_Mike/MapGenerator
[2018.09.18-09.26.45:765][  0]LogReferenceChain:   
[2018.09.18-09.26.45:765][  0]LogReferenceChain: (standalone) Blueprint /Game/MapGenerator_Mike/MapGenerator.MapGenerator->UbergraphPages
[2018.09.18-09.26.45:765][  0]LogReferenceChain:  EdGraph /Game/MapGenerator_Mike/MapGenerator.MapGenerator:EventGraph->Nodes
[2018.09.18-09.26.45:765][  0]LogReferenceChain:   K2Node_VariableSet /Game/MapGenerator_Mike/MapGenerator.MapGenerator:EventGraph.K2Node_VariableSet_1::AddReferencedObjects()
[2018.09.18-09.26.45:765][  0]LogReferenceChain:    Package /Game/MapGenerator_Mike/MapGenerator
[2018.09.18-09.26.45:765][  0]LogReferenceChain:   
[2018.09.18-09.26.45:765][  0]LogReferenceChain: (standalone) Blueprint /Game/MapGenerator_Mike/MapGenerator.MapGenerator->UbergraphPages
[2018.09.18-09.26.45:765][  0]LogReferenceChain:  EdGraph /Game/MapGenerator_Mike/MapGenerator.MapGenerator:EventGraph->Nodes
[2018.09.18-09.26.45:765][  0]LogReferenceChain:   K2Node_CallFunction /Game/MapGenerator_Mike/MapGenerator.MapGenerator:EventGraph.K2Node_CallFunction_14::AddReferencedObjects()
[2018.09.18-09.26.45:765][  0]LogReferenceChain:    Package /Game/MapGenerator_Mike/MapGenerator
[2018.09.18-09.26.45:765][  0]LogReferenceChain:   
[2018.09.18-09.26.45:765][  0]LogReferenceChain: (standalone) Blueprint /Game/MapGenerator_Mike/MapGenerator.MapGenerator->UbergraphPages
[2018.09.18-09.26.45:765][  0]LogReferenceChain:  EdGraph /Game/MapGenerator_Mike/MapGenerator.MapGenerator:EventGraph->Nodes
[2018.09.18-09.26.45:765][  0]LogReferenceChain:   K2Node_CallFunction /Game/MapGenerator_Mike/MapGenerator.MapGenerator:EventGraph.K2Node_CallFunction_10::AddReferencedObjects()
[2018.09.18-09.26.45:765][  0]LogReferenceChain:    Package /Game/MapGenerator_Mike/MapGenerator
[2018.09.18-09.26.45:765][  0]LogReferenceChain:   
[2018.09.18-09.26.45:765][  0]LogReferenceChain: (standalone) Blueprint /Game/MapGenerator_Mike/MapGenerator.MapGenerator->UbergraphPages
[2018.09.18-09.26.45:765][  0]LogReferenceChain:  EdGraph /Game/MapGenerator_Mike/MapGenerator.MapGenerator:EventGraph->Nodes
[2018.09.18-09.26.45:765][  0]LogReferenceChain:   K2Node_CustomEvent /Game/MapGenerator_Mike/MapGenerator.MapGenerator:EventGraph.K2Node_CustomEvent_1::AddReferencedObjects()
[2018.09.18-09.26.45:765][  0]LogReferenceChain:    Package /Game/MapGenerator_Mike/MapGenerator
[2018.09.18-09.26.45:765][  0]LogReferenceChain:   
[2018.09.18-09.26.45:765][  0]LogReferenceChain: (standalone) Blueprint /Game/MapGenerator_Mike/MapGenerator.MapGenerator->UbergraphPages
[2018.09.18-09.26.45:765][  0]LogReferenceChain:  EdGraph /Game/MapGenerator_Mike/MapGenerator.MapGenerator:EventGraph->Nodes
[2018.09.18-09.26.45:765][  0]LogReferenceChain:   K2Node_MacroInstance /Game/MapGenerator_Mike/MapGenerator.MapGenerator:EventGraph.K2Node_MacroInstance_7::AddReferencedObjects()
[2018.09.18-09.26.45:765][  0]LogReferenceChain:    Package /Game/MapGenerator_Mike/MapGenerator
[2018.09.18-09.26.45:765][  0]LogReferenceChain:   
[2018.09.18-09.26.45:765][  0]LogReferenceChain: (standalone) Blueprint /Game/MapGenerator_Mike/MapGenerator.MapGenerator->UbergraphPages
[2018.09.18-09.26.45:765][  0]LogReferenceChain:  EdGraph /Game/MapGenerator_Mike/MapGenerator.MapGenerator:EventGraph->Nodes
[2018.09.18-09.26.45:765][  0]LogReferenceChain:   K2Node_CustomEvent /Game/MapGenerator_Mike/MapGenerator.MapGenerator:EventGraph.K2Node_Event_3::AddReferencedObjects()
[2018.09.18-09.26.45:765][  0]LogReferenceChain:    Package /Game/MapGenerator_Mike/MapGenerator
[2018.09.18-09.26.45:765][  0]LogReferenceChain:   
[2018.09.18-09.26.45:765][  0]LogReferenceChain: (standalone) Blueprint /Game/MapGenerator_Mike/MapGenerator.MapGenerator->UbergraphPages
[2018.09.18-09.26.45:765][  0]LogReferenceChain:  EdGraph /Game/MapGenerator_Mike/MapGenerator.MapGenerator:EventGraph->Nodes
[2018.09.18-09.26.45:765][  0]LogReferenceChain:   K2Node_SpawnActorFromClass /Game/MapGenerator_Mike/MapGenerator.MapGenerator:EventGraph.K2Node_SpawnActorFromClass_6::AddReferencedObjects()
[2018.09.18-09.26.45:765][  0]LogReferenceChain:    Package /Game/MapGenerator_Mike/MapGenerator
[2018.09.18-09.26.45:765][  0]LogReferenceChain:   
[2018.09.18-09.26.45:765][  0]LogReferenceChain: (standalone) Blueprint /Game/MapGenerator_Mike/MapGenerator.MapGenerator->UbergraphPages
[2018.09.18-09.26.45:765][  0]LogReferenceChain:  EdGraph /Game/MapGenerator_Mike/MapGenerator.MapGenerator:EventGraph->Nodes
[2018.09.18-09.26.45:765][  0]LogReferenceChain:   K2Node_VariableGet /Game/MapGenerator_Mike/MapGenerator.MapGenerator:EventGraph.K2Node_VariableGet_13::AddReferencedObjects()
[2018.09.18-09.26.45:765][  0]LogReferenceChain:    Package /Game/MapGenerator_Mike/MapGenerator
[2018.09.18-09.26.45:765][  0]LogReferenceChain:   
[2018.09.18-09.26.45:765][  0]LogReferenceChain: (standalone) Blueprint /Game/MapGenerator_Mike/MapGenerator.MapGenerator->UbergraphPages
[2018.09.18-09.26.45:765][  0]LogReferenceChain:  EdGraph /Game/MapGenerator_Mike/MapGenerator.MapGenerator:EventGraph->Nodes
[2018.09.18-09.26.45:765][  0]LogReferenceChain:   K2Node_VariableSet /Game/MapGenerator_Mike/MapGenerator.MapGenerator:EventGraph.K2Node_VariableSet_3::AddReferencedObjects()
[2018.09.18-09.26.45:765][  0]LogReferenceChain:    Package /Game/MapGenerator_Mike/MapGenerator
[2018.09.18-09.26.45:765][  0]LogReferenceChain:   
[2018.09.18-09.26.45:765][  0]LogReferenceChain: (standalone) Blueprint /Game/MapGenerator_Mike/MapGenerator.MapGenerator->UbergraphPages
[2018.09.18-09.26.45:765][  0]LogReferenceChain:  EdGraph /Game/MapGenerator_Mike/MapGenerator.MapGenerator:EventGraph->Nodes
[2018.09.18-09.26.45:765][  0]LogReferenceChain:   K2Node_CallFunction /Game/MapGenerator_Mike/MapGenerator.MapGenerator:EventGraph.K2Node_CallFunction_67::AddReferencedObjects()
[2018.09.18-09.26.45:765][  0]LogReferenceChain:    Package /Game/MapGenerator_Mike/MapGenerator
[2018.09.18-09.26.45:765][  0]LogReferenceChain:   
[2018.09.18-09.26.45:765][  0]LogReferenceChain: (standalone) Blueprint /Game/MapGenerator_Mike/MapGenerator.MapGenerator->UbergraphPages
[2018.09.18-09.26.45:765][  0]LogReferenceChain:  EdGraph /Game/MapGenerator_Mike/MapGenerator.MapGenerator:EventGraph->Nodes
[2018.09.18-09.26.45:765][  0]LogReferenceChain:   K2Node_CallFunction /Game/MapGenerator_Mike/MapGenerator.MapGenerator:EventGraph.K2Node_CallFunction_68::AddReferencedObjects()
[2018.09.18-09.26.45:765][  0]LogReferenceChain:    Package /Game/MapGenerator_Mike/MapGenerator
[2018.09.18-09.26.45:765][  0]LogReferenceChain:   
[2018.09.18-09.26.45:765][  0]LogReferenceChain: (standalone) Blueprint /Game/MapGenerator_Mike/MapGenerator.MapGenerator->UbergraphPages
[2018.09.18-09.26.45:765][  0]LogReferenceChain:  EdGraph /Game/MapGenerator_Mike/MapGenerator.MapGenerator:EventGraph->Nodes
[2018.09.18-09.26.45:766][  0]LogReferenceChain:   K2Node_CallFunction /Game/MapGenerator_Mike/MapGenerator.MapGenerator:EventGraph.K2Node_CallFunction_69::AddReferencedObjects()
[2018.09.18-09.26.45:766][  0]LogReferenceChain:    Package /Game/MapGenerator_Mike/MapGenerator
[2018.09.18-09.26.45:766][  0]LogReferenceChain:   
[2018.09.18-09.26.45:766][  0]LogReferenceChain: (standalone) Blueprint /Game/MapGenerator_Mike/MapGenerator.MapGenerator->UbergraphPages
[2018.09.18-09.26.45:766][  0]LogReferenceChain:  EdGraph /Game/MapGenerator_Mike/MapGenerator.MapGenerator:EventGraph->Nodes
[2018.09.18-09.26.45:766][  0]LogReferenceChain:   K2Node_CallFunction /Game/MapGenerator_Mike/MapGenerator.MapGenerator:EventGraph.K2Node_CallFunction_70::AddReferencedObjects()
[2018.09.18-09.26.45:766][  0]LogReferenceChain:    Package /Game/MapGenerator_Mike/MapGenerator
[2018.09.18-09.26.45:766][  0]LogReferenceChain:   
[2018.09.18-09.26.45:766][  0]LogReferenceChain: (standalone) Blueprint /Game/MapGenerator_Mike/MapGenerator.MapGenerator->UbergraphPages
[2018.09.18-09.26.45:766][  0]LogReferenceChain:  EdGraph /Game/MapGenerator_Mike/MapGenerator.MapGenerator:EventGraph->Nodes
[2018.09.18-09.26.45:766][  0]LogReferenceChain:   K2Node_VariableGet /Game/MapGenerator_Mike/MapGenerator.MapGenerator:EventGraph.K2Node_VariableGet_2::AddReferencedObjects()
[2018.09.18-09.26.45:766][  0]LogReferenceChain:    Package /Game/MapGenerator_Mike/MapGenerator
[2018.09.18-09.26.45:766][  0]LogReferenceChain:   
[2018.09.18-09.26.45:766][  0]LogReferenceChain: (standalone) Blueprint /Game/MapGenerator_Mike/MapGenerator.MapGenerator->UbergraphPages
[2018.09.18-09.26.45:766][  0]LogReferenceChain:  EdGraph /Game/MapGenerator_Mike/MapGenerator.MapGenerator:EventGraph->Nodes
[2018.09.18-09.26.45:766][  0]LogReferenceChain:   K2Node_MacroInstance /Game/MapGenerator_Mike/MapGenerator.MapGenerator:EventGraph.K2Node_MacroInstance_6::AddReferencedObjects()
[2018.09.18-09.26.45:766][  0]LogReferenceChain:    Package /Game/MapGenerator_Mike/MapGenerator
[2018.09.18-09.26.45:766][  0]LogReferenceChain:   
[2018.09.18-09.26.45:766][  0]LogReferenceChain: (standalone) Blueprint /Game/MapGenerator_Mike/MapGenerator.MapGenerator->UbergraphPages
[2018.09.18-09.26.45:766][  0]LogReferenceChain:  EdGraph /Game/MapGenerator_Mike/MapGenerator.MapGenerator:EventGraph->Nodes
[2018.09.18-09.26.45:766][  0]LogReferenceChain:   K2Node_SpawnActorFromClass /Game/MapGenerator_Mike/MapGenerator.MapGenerator:EventGraph.K2Node_SpawnActorFromClass_3::AddReferencedObjects()
[2018.09.18-09.26.45:766][  0]LogReferenceChain:    Package /Game/MapGenerator_Mike/MapGenerator
[2018.09.18-09.26.45:766][  0]LogReferenceChain:   
[2018.09.18-09.26.45:766][  0]LogReferenceChain: (standalone) Blueprint /Game/MapGenerator_Mike/MapGenerator.MapGenerator->UbergraphPages
[2018.09.18-09.26.45:766][  0]LogReferenceChain:  EdGraph /Game/MapGenerator_Mike/MapGenerator.MapGenerator:EventGraph->Nodes
[2018.09.18-09.26.45:766][  0]LogReferenceChain:   K2Node_VariableGet /Game/MapGenerator_Mike/MapGenerator.MapGenerator:EventGraph.K2Node_VariableGet_8::AddReferencedObjects()
[2018.09.18-09.26.45:766][  0]LogReferenceChain:    Package /Game/MapGenerator_Mike/MapGenerator
[2018.09.18-09.26.45:766][  0]LogReferenceChain:   
[2018.09.18-09.26.45:766][  0]LogReferenceChain: (standalone) Blueprint /Game/MapGenerator_Mike/MapGenerator.MapGenerator->UbergraphPages
[2018.09.18-09.26.45:766][  0]LogReferenceChain:  EdGraph /Game/MapGenerator_Mike/MapGenerator.MapGenerator:EventGraph->Nodes
[2018.09.18-09.26.45:766][  0]LogReferenceChain:   K2Node_VariableSet /Game/MapGenerator_Mike/MapGenerator.MapGenerator:EventGraph.K2Node_VariableSet_15::AddReferencedObjects()
[2018.09.18-09.26.45:766][  0]LogReferenceChain:    Package /Game/MapGenerator_Mike/MapGenerator
[2018.09.18-09.26.45:766][  0]LogReferenceChain:   
[2018.09.18-09.26.45:766][  0]LogReferenceChain: (standalone) Blueprint /Game/MapGenerator_Mike/MapGenerator.MapGenerator->UbergraphPages
[2018.09.18-09.26.45:766][  0]LogReferenceChain:  EdGraph /Game/MapGenerator_Mike/MapGenerator.MapGenerator:EventGraph->Nodes
[2018.09.18-09.26.45:766][  0]LogReferenceChain:   K2Node_CallFunction /Game/MapGenerator_Mike/MapGenerator.MapGenerator:EventGraph.K2Node_CallFunction_58::AddReferencedObjects()
[2018.09.18-09.26.45:766][  0]LogReferenceChain:    Package /Game/MapGenerator_Mike/MapGenerator
[2018.09.18-09.26.45:766][  0]LogReferenceChain:   
[2018.09.18-09.26.45:766][  0]LogReferenceChain: (standalone) Blueprint /Game/MapGenerator_Mike/MapGenerator.MapGenerator->UbergraphPages
[2018.09.18-09.26.45:766][  0]LogReferenceChain:  EdGraph /Game/MapGenerator_Mike/MapGenerator.MapGenerator:EventGraph->Nodes
[2018.09.18-09.26.45:766][  0]LogReferenceChain:   K2Node_VariableSet /Game/MapGenerator_Mike/MapGenerator.MapGenerator:EventGraph.K2Node_VariableSet_0::AddReferencedObjects()
[2018.09.18-09.26.45:766][  0]LogReferenceChain:    Package /Game/MapGenerator_Mike/MapGenerator
[2018.09.18-09.26.45:766][  0]LogReferenceChain:   
[2018.09.18-09.26.45:766][  0]LogReferenceChain: (standalone) Blueprint /Game/MapGenerator_Mike/MapGenerator.MapGenerator->UbergraphPages
[2018.09.18-09.26.45:766][  0]LogReferenceChain:  EdGraph /Game/MapGenerator_Mike/MapGenerator.MapGenerator:EventGraph->Nodes
[2018.09.18-09.26.45:767][  0]LogReferenceChain:   K2Node_CommutativeAssociativeBinaryOperator /Game/MapGenerator_Mike/MapGenerator.MapGenerator:EventGraph.K2Node_CommutativeAssociativeBinaryOperator_7::AddReferencedObjects()
[2018.09.18-09.26.45:767][  0]LogReferenceChain:    Package /Game/MapGenerator_Mike/MapGenerator
[2018.09.18-09.26.45:767][  0]LogReferenceChain:   
[2018.09.18-09.26.45:767][  0]LogReferenceChain: (standalone) Blueprint /Game/MapGenerator_Mike/MapGenerator.MapGenerator->UbergraphPages
[2018.09.18-09.26.45:767][  0]LogReferenceChain:  EdGraph /Game/MapGenerator_Mike/MapGenerator.MapGenerator:EventGraph->Nodes
[2018.09.18-09.26.45:767][  0]LogReferenceChain:   K2Node_CallFunction /Game/MapGenerator_Mike/MapGenerator.MapGenerator:EventGraph.K2Node_CallFunction_74::AddReferencedObjects()
[2018.09.18-09.26.45:767][  0]LogReferenceChain:    Package /Game/MapGenerator_Mike/MapGenerator
[2018.09.18-09.26.45:767][  0]LogReferenceChain:   
[2018.09.18-09.26.45:767][  0]LogReferenceChain: (standalone) Blueprint /Game/MapGenerator_Mike/MapGenerator.MapGenerator->UbergraphPages
[2018.09.18-09.26.45:767][  0]LogReferenceChain:  EdGraph /Game/MapGenerator_Mike/MapGenerator.MapGenerator:EventGraph->Nodes
[2018.09.18-09.26.45:767][  0]LogReferenceChain:   K2Node_VariableGet /Game/MapGenerator_Mike/MapGenerator.MapGenerator:EventGraph.K2Node_VariableGet_22::AddReferencedObjects()
[2018.09.18-09.26.45:767][  0]LogReferenceChain:    Package /Game/MapGenerator_Mike/MapGenerator
[2018.09.18-09.26.45:767][  0]LogReferenceChain:   
[2018.09.18-09.26.45:767][  0]LogReferenceChain: (standalone) Blueprint /Game/MapGenerator_Mike/MapGenerator.MapGenerator->UbergraphPages
[2018.09.18-09.26.45:767][  0]LogReferenceChain:  EdGraph /Game/MapGenerator_Mike/MapGenerator.MapGenerator:EventGraph->Nodes
[2018.09.18-09.26.45:767][  0]LogReferenceChain:   K2Node_VariableGet /Game/MapGenerator_Mike/MapGenerator.MapGenerator:EventGraph.K2Node_VariableGet_18::AddReferencedObjects()
[2018.09.18-09.26.45:767][  0]LogReferenceChain:    Package /Game/MapGenerator_Mike/MapGenerator
[2018.09.18-09.26.45:767][  0]LogReferenceChain:   
[2018.09.18-09.26.45:767][  0]LogReferenceChain: (standalone) Blueprint /Game/MapGenerator_Mike/MapGenerator.MapGenerator->UbergraphPages
[2018.09.18-09.26.45:767][  0]LogReferenceChain:  EdGraph /Game/MapGenerator_Mike/MapGenerator.MapGenerator:EventGraph->Nodes
[2018.09.18-09.26.45:767][  0]LogReferenceChain:   K2Node_CustomEvent /Game/MapGenerator_Mike/MapGenerator.MapGenerator:EventGraph.K2Node_CustomEvent_0::AddReferencedObjects()
[2018.09.18-09.26.45:767][  0]LogReferenceChain:    Package /Game/MapGenerator_Mike/MapGenerator
[2018.09.18-09.26.45:767][  0]LogReferenceChain:   
[2018.09.18-09.26.45:767][  0]LogReferenceChain: (standalone) Blueprint /Game/MapGenerator_Mike/MapGenerator.MapGenerator->UbergraphPages
[2018.09.18-09.26.45:767][  0]LogReferenceChain:  EdGraph /Game/MapGenerator_Mike/MapGenerator.MapGenerator:EventGraph->Nodes
[2018.09.18-09.26.45:767][  0]LogReferenceChain:   K2Node_VariableSet /Game/MapGenerator_Mike/MapGenerator.MapGenerator:EventGraph.K2Node_VariableSet_5::AddReferencedObjects()
[2018.09.18-09.26.45:767][  0]LogReferenceChain:    Package /Game/MapGenerator_Mike/MapGenerator
[2018.09.18-09.26.45:767][  0]LogReferenceChain:   
[2018.09.18-09.26.45:767][  0]LogReferenceChain: (standalone) Blueprint /Game/MapGenerator_Mike/MapGenerator.MapGenerator->UbergraphPages
[2018.09.18-09.26.45:767][  0]LogReferenceChain:  EdGraph /Game/MapGenerator_Mike/MapGenerator.MapGenerator:EventGraph->Nodes
[2018.09.18-09.26.45:767][  0]LogReferenceChain:   K2Node_VariableGet /Game/MapGenerator_Mike/MapGenerator.MapGenerator:EventGraph.K2Node_VariableGet_3::AddReferencedObjects()
[2018.09.18-09.26.45:767][  0]LogReferenceChain:    Package /Game/MapGenerator_Mike/MapGenerator
[2018.09.18-09.26.45:767][  0]LogReferenceChain:   
[2018.09.18-09.26.45:767][  0]LogReferenceChain: (standalone) Blueprint /Game/MapGenerator_Mike/MapGenerator.MapGenerator->UbergraphPages
[2018.09.18-09.26.45:767][  0]LogReferenceChain:  EdGraph /Game/MapGenerator_Mike/MapGenerator.MapGenerator:EventGraph->Nodes
[2018.09.18-09.26.45:767][  0]LogReferenceChain:   K2Node_Knot /Game/MapGenerator_Mike/MapGenerator.MapGenerator:EventGraph.K2Node_Knot_1::AddReferencedObjects()
[2018.09.18-09.26.45:767][  0]LogReferenceChain:    Package /Game/MapGenerator_Mike/MapGenerator
[2018.09.18-09.26.45:767][  0]LogReferenceChain:   
[2018.09.18-09.26.45:767][  0]LogReferenceChain: (standalone) Blueprint /Game/MapGenerator_Mike/MapGenerator.MapGenerator->UbergraphPages
[2018.09.18-09.26.45:767][  0]LogReferenceChain:  EdGraph /Game/MapGenerator_Mike/MapGenerator.MapGenerator:EventGraph->Nodes
[2018.09.18-09.26.45:767][  0]LogReferenceChain:   K2Node_VariableGet /Game/MapGenerator_Mike/MapGenerator.MapGenerator:EventGraph.K2Node_VariableGet_5::AddReferencedObjects()
[2018.09.18-09.26.45:767][  0]LogReferenceChain:    Package /Game/MapGenerator_Mike/MapGenerator
[2018.09.18-09.26.45:767][  0]LogReferenceChain:   
[2018.09.18-09.26.45:767][  0]LogReferenceChain: (standalone) Blueprint /Game/MapGenerator_Mike/MapGenerator.MapGenerator->UbergraphPages
[2018.09.18-09.26.45:767][  0]LogReferenceChain:  EdGraph /Game/MapGenerator_Mike/MapGenerator.MapGenerator:EventGraph->Nodes
[2018.09.18-09.26.45:767][  0]LogReferenceChain:   K2Node_VariableGet /Game/MapGenerator_Mike/MapGenerator.MapGenerator:EventGraph.K2Node_VariableGet_4::AddReferencedObjects()
[2018.09.18-09.26.45:768][  0]LogReferenceChain:    Package /Game/MapGenerator_Mike/MapGenerator
[2018.09.18-09.26.45:768][  0]LogReferenceChain:   
[2018.09.18-09.26.45:768][  0]LogReferenceChain: (standalone) Blueprint /Game/MapGenerator_Mike/MapGenerator.MapGenerator->UbergraphPages
[2018.09.18-09.26.45:768][  0]LogReferenceChain:  EdGraph /Game/MapGenerator_Mike/MapGenerator.MapGenerator:EventGraph->Nodes
[2018.09.18-09.26.45:768][  0]LogReferenceChain:   K2Node_CallFunction /Game/MapGenerator_Mike/MapGenerator.MapGenerator:EventGraph.K2Node_CallFunction_34::AddReferencedObjects()
[2018.09.18-09.26.45:768][  0]LogReferenceChain:    Package /Game/MapGenerator_Mike/MapGenerator
[2018.09.18-09.26.45:768][  0]LogReferenceChain:   
[2018.09.18-09.26.45:768][  0]LogReferenceChain: (standalone) Blueprint /Game/MapGenerator_Mike/MapGenerator.MapGenerator->UbergraphPages
[2018.09.18-09.26.45:768][  0]LogReferenceChain:  EdGraph /Game/MapGenerator_Mike/MapGenerator.MapGenerator:EventGraph->Nodes
[2018.09.18-09.26.45:768][  0]LogReferenceChain:   K2Node_VariableSet /Game/MapGenerator_Mike/MapGenerator.MapGenerator:EventGraph.K2Node_VariableSet_8::AddReferencedObjects()
[2018.09.18-09.26.45:768][  0]LogReferenceChain:    Package /Game/MapGenerator_Mike/MapGenerator
[2018.09.18-09.26.45:768][  0]LogReferenceChain:   
[2018.09.18-09.26.45:768][  0]LogReferenceChain: (standalone) Blueprint /Game/MapGenerator_Mike/MapGenerator.MapGenerator->UbergraphPages
[2018.09.18-09.26.45:768][  0]LogReferenceChain:  EdGraph /Game/MapGenerator_Mike/MapGenerator.MapGenerator:EventGraph->Nodes
[2018.09.18-09.26.45:768][  0]LogReferenceChain:   K2Node_VariableGet /Game/MapGenerator_Mike/MapGenerator.MapGenerator:EventGraph.K2Node_VariableGet_10::AddReferencedObjects()
[2018.09.18-09.26.45:768][  0]LogReferenceChain:    Package /Game/MapGenerator_Mike/MapGenerator
[2018.09.18-09.26.45:768][  0]LogReferenceChain:   
[2018.09.18-09.26.45:768][  0]LogReferenceChain: (standalone) Blueprint /Game/MapGenerator_Mike/MapGenerator.MapGenerator->UbergraphPages
[2018.09.18-09.26.45:768][  0]LogReferenceChain:  EdGraph /Game/MapGenerator_Mike/MapGenerator.MapGenerator:EventGraph->Nodes
[2018.09.18-09.26.45:768][  0]LogReferenceChain:   K2Node_CallFunction /Game/MapGenerator_Mike/MapGenerator.MapGenerator:EventGraph.K2Node_CallFunction_21::AddReferencedObjects()
[2018.09.18-09.26.45:768][  0]LogReferenceChain:    Package /Game/MapGenerator_Mike/MapGenerator
[2018.09.18-09.26.45:768][  0]LogReferenceChain:   
[2018.09.18-09.26.45:768][  0]LogReferenceChain: (standalone) Blueprint /Game/MapGenerator_Mike/MapGenerator.MapGenerator->UbergraphPages
[2018.09.18-09.26.45:768][  0]LogReferenceChain:  EdGraph /Game/MapGenerator_Mike/MapGenerator.MapGenerator:EventGraph->Nodes
[2018.09.18-09.26.45:768][  0]LogReferenceChain:   K2Node_VariableSet /Game/MapGenerator_Mike/MapGenerator.MapGenerator:EventGraph.K2Node_VariableSet_6::AddReferencedObjects()
[2018.09.18-09.26.45:768][  0]LogReferenceChain:    Package /Game/MapGenerator_Mike/MapGenerator
[2018.09.18-09.26.45:768][  0]LogReferenceChain:   
[2018.09.18-09.26.45:768][  0]LogReferenceChain: (standalone) Blueprint /Game/MapGenerator_Mike/MapGenerator.MapGenerator->UbergraphPages
[2018.09.18-09.26.45:768][  0]LogReferenceChain:  EdGraph /Game/MapGenerator_Mike/MapGenerator.MapGenerator:EventGraph->Nodes
[2018.09.18-09.26.45:768][  0]LogReferenceChain:   K2Node_CallFunction /Game/MapGenerator_Mike/MapGenerator.MapGenerator:EventGraph.K2Node_CallFunction_20::AddReferencedObjects()
[2018.09.18-09.26.45:768][  0]LogReferenceChain:    Package /Game/MapGenerator_Mike/MapGenerator
[2018.09.18-09.26.45:768][  0]LogReferenceChain:   
[2018.09.18-09.26.45:768][  0]LogReferenceChain: (standalone) Blueprint /Game/MapGenerator_Mike/MapGenerator.MapGenerator->UbergraphPages
[2018.09.18-09.26.45:768][  0]LogReferenceChain:  EdGraph /Game/MapGenerator_Mike/MapGenerator.MapGenerator:EventGraph->Nodes
[2018.09.18-09.26.45:768][  0]LogReferenceChain:   K2Node_VariableGet /Game/MapGenerator_Mike/MapGenerator.MapGenerator:EventGraph.K2Node_VariableGet_9::AddReferencedObjects()
[2018.09.18-09.26.45:768][  0]LogReferenceChain:    Package /Game/MapGenerator_Mike/MapGenerator
[2018.09.18-09.26.45:768][  0]LogReferenceChain:   
[2018.09.18-09.26.45:768][  0]LogReferenceChain: (standalone) Blueprint /Game/MapGenerator_Mike/MapGenerator.MapGenerator->UbergraphPages
[2018.09.18-09.26.45:768][  0]LogReferenceChain:  EdGraph /Game/MapGenerator_Mike/MapGenerator.MapGenerator:EventGraph->Nodes
[2018.09.18-09.26.45:768][  0]LogReferenceChain:   K2Node_CallFunction /Game/MapGenerator_Mike/MapGenerator.MapGenerator:EventGraph.K2Node_CallFunction_27::AddReferencedObjects()
[2018.09.18-09.26.45:768][  0]LogReferenceChain:    Package /Game/MapGenerator_Mike/MapGenerator
[2018.09.18-09.26.45:768][  0]LogReferenceChain:   
[2018.09.18-09.26.45:768][  0]LogReferenceChain: (standalone) Blueprint /Game/MapGenerator_Mike/MapGenerator.MapGenerator->UbergraphPages
[2018.09.18-09.26.45:768][  0]LogReferenceChain:  EdGraph /Game/MapGenerator_Mike/MapGenerator.MapGenerator:EventGraph->Nodes
[2018.09.18-09.26.45:768][  0]LogReferenceChain:   K2Node_CommutativeAssociativeBinaryOperator /Game/MapGenerator_Mike/MapGenerator.MapGenerator:EventGraph.K2Node_CommutativeAssociativeBinaryOperator_0::AddReferencedObjects()
[2018.09.18-09.26.45:768][  0]LogReferenceChain:    Package /Game/MapGenerator_Mike/MapGenerator
[2018.09.18-09.26.45:768][  0]LogReferenceChain:   
[2018.09.18-09.26.45:769][  0]LogReferenceChain: (standalone) Blueprint /Game/MapGenerator_Mike/MapGenerator.MapGenerator->UbergraphPages
[2018.09.18-09.26.45:769][  0]LogReferenceChain:  EdGraph /Game/MapGenerator_Mike/MapGenerator.MapGenerator:EventGraph->Nodes
[2018.09.18-09.26.45:769][  0]LogReferenceChain:   K2Node_CallFunction /Game/MapGenerator_Mike/MapGenerator.MapGenerator:EventGraph.K2Node_CallFunction_39::AddReferencedObjects()
[2018.09.18-09.26.45:769][  0]LogReferenceChain:    Package /Game/MapGenerator_Mike/MapGenerator
[2018.09.18-09.26.45:769][  0]LogReferenceChain:   
[2018.09.18-09.26.45:769][  0]LogReferenceChain: (standalone) Blueprint /Game/MapGenerator_Mike/MapGenerator.MapGenerator->UbergraphPages
[2018.09.18-09.26.45:769][  0]LogReferenceChain:  EdGraph /Game/MapGenerator_Mike/MapGenerator.MapGenerator:EventGraph->Nodes
[2018.09.18-09.26.45:769][  0]LogReferenceChain:   K2Node_CommutativeAssociativeBinaryOperator /Game/MapGenerator_Mike/MapGenerator.MapGenerator:EventGraph.K2Node_CommutativeAssociativeBinaryOperator_1::AddReferencedObjects()
[2018.09.18-09.26.45:769][  0]LogReferenceChain:    Package /Game/MapGenerator_Mike/MapGenerator
[2018.09.18-09.26.45:769][  0]LogReferenceChain:   
[2018.09.18-09.26.45:769][  0]LogReferenceChain: (standalone) Blueprint /Game/MapGenerator_Mike/MapGenerator.MapGenerator->UbergraphPages
[2018.09.18-09.26.45:769][  0]LogReferenceChain:  EdGraph /Game/MapGenerator_Mike/MapGenerator.MapGenerator:EventGraph->Nodes
[2018.09.18-09.26.45:769][  0]LogReferenceChain:   K2Node_CallFunction /Game/MapGenerator_Mike/MapGenerator.MapGenerator:EventGraph.K2Node_CallFunction_48::AddReferencedObjects()
[2018.09.18-09.26.45:769][  0]LogReferenceChain:    Package /Game/MapGenerator_Mike/MapGenerator
[2018.09.18-09.26.45:769][  0]LogReferenceChain:   
[2018.09.18-09.26.45:769][  0]LogReferenceChain: (standalone) Blueprint /Game/MapGenerator_Mike/MapGenerator.MapGenerator->UbergraphPages
[2018.09.18-09.26.45:769][  0]LogReferenceChain:  EdGraph /Game/MapGenerator_Mike/MapGenerator.MapGenerator:EventGraph->Nodes
[2018.09.18-09.26.45:769][  0]LogReferenceChain:   EdGraphNode_Comment /Game/MapGenerator_Mike/MapGenerator.MapGenerator:EventGraph.EdGraphNode_Comment_0::AddReferencedObjects()
[2018.09.18-09.26.45:769][  0]LogReferenceChain:    Package /Game/MapGenerator_Mike/MapGenerator
[2018.09.18-09.26.45:769][  0]LogReferenceChain:   
[2018.09.18-09.26.45:769][  0]LogReferenceChain: (standalone) Blueprint /Game/MapGenerator_Mike/MapGenerator.MapGenerator->UbergraphPages
[2018.09.18-09.26.45:769][  0]LogReferenceChain:  EdGraph /Game/MapGenerator_Mike/MapGenerator.MapGenerator:EventGraph->Nodes
[2018.09.18-09.26.45:769][  0]LogReferenceChain:   EdGraphNode_Comment /Game/MapGenerator_Mike/MapGenerator.MapGenerator:EventGraph.EdGraphNode_Comment_1::AddReferencedObjects()
[2018.09.18-09.26.45:769][  0]LogReferenceChain:    Package /Game/MapGenerator_Mike/MapGenerator
[2018.09.18-09.26.45:769][  0]LogReferenceChain:   
[2018.09.18-09.26.45:769][  0]LogReferenceChain: (standalone) Blueprint /Game/MapGenerator_Mike/MapGenerator.MapGenerator->UbergraphPages
[2018.09.18-09.26.45:769][  0]LogReferenceChain:  EdGraph /Game/MapGenerator_Mike/MapGenerator.MapGenerator:EventGraph->Nodes
[2018.09.18-09.26.45:769][  0]LogReferenceChain:   EdGraphNode_Comment /Game/MapGenerator_Mike/MapGenerator.MapGenerator:EventGraph.EdGraphNode_Comment_2::AddReferencedObjects()
[2018.09.18-09.26.45:769][  0]LogReferenceChain:    Package /Game/MapGenerator_Mike/MapGenerator
[2018.09.18-09.26.45:769][  0]LogReferenceChain:   
[2018.09.18-09.26.45:769][  0]LogReferenceChain: Referenced by 49 more reference chain(s).
[2018.09.18-09.26.45:922][  0]LogWindows: Windows GetLastError: The operation completed successfully. (0)
[2018.09.18-09.26.52:026][  0]LogWindows: Error: === Critical error: ===
[2018.09.18-09.26.52:026][  0]LogWindows: Error: 
[2018.09.18-09.26.52:026][  0]LogWindows: Error: Fatal error: [File:D:\Build\++UE4\Sync\Engine\Source\Editor\UnrealEd\Private\EditorServer.cpp] [Line: 2536] 
[2018.09.18-09.26.52:026][  0]LogWindows: Error: Failed to find the world in /Game/MapGenerator_Mike/MapGenerator.
[2018.09.18-09.26.52:026][  0]LogWindows: Error: ../../../../UnrealProjects/A.S.H/ASH_Game/Content/MapGenerator_Mike/MapGenerator.umap
[2018.09.18-09.26.52:026][  0]LogWindows: Error: 
[2018.09.18-09.26.52:026][  0]LogWindows: Error: 
[2018.09.18-09.26.52:026][  0]LogWindows: Error: [Callstack] 0x00007ff964d9a388 KERNELBASE.dll!UnknownFunction []
[2018.09.18-09.26.52:026][  0]LogWindows: Error: [Callstack] 0x00007ff956936850 UE4Editor-ApplicationCore.dll!UnknownFunction []
[2018.09.18-09.26.52:026][  0]LogWindows: Error: [Callstack] 0x00007ff92d3a62ec UE4Editor-Core.dll!UnknownFunction []
[2018.09.18-09.26.52:026][  0]LogWindows: Error: [Callstack] 0x00007ff92d3351cb UE4Editor-Core.dll!UnknownFunction []
[2018.09.18-09.26.52:026][  0]LogWindows: Error: [Callstack] 0x00007ff92744c63a UE4Editor-UnrealEd.dll!UnknownFunction []
[2018.09.18-09.26.52:026][  0]LogWindows: Error: [Callstack] 0x00007ff92743c815 UE4Editor-UnrealEd.dll!UnknownFunction []
[2018.09.18-09.26.52:026][  0]LogWindows: Error: [Callstack] 0x00007ff92741f4a5 UE4Editor-UnrealEd.dll!UnknownFunction []
[2018.09.18-09.26.52:026][  0]LogWindows: Error: [Callstack] 0x00007ff927cfda23 UE4Editor-UnrealEd.dll!UnknownFunction []
[2018.09.18-09.26.52:026][  0]LogWindows: Error: [Callstack] 0x00007ff9277e2f1c UE4Editor-UnrealEd.dll!UnknownFunction []
[2018.09.18-09.26.52:026][  0]LogWindows: Error: [Callstack] 0x00007ff9277e2d03 UE4Editor-UnrealEd.dll!UnknownFunction []
[2018.09.18-09.26.52:026][  0]LogWindows: Error: [Callstack] 0x00007ff927d15df5 UE4Editor-UnrealEd.dll!UnknownFunction []
[2018.09.18-09.26.52:026][  0]LogWindows: Error: [Callstack] 0x00007ff927cfc1f3 UE4Editor-UnrealEd.dll!UnknownFunction []
[2018.09.18-09.26.52:026][  0]LogWindows: Error: [Callstack] 0x00007ff7ae2c5a34 UE4Editor.exe!UnknownFunction []
[2018.09.18-09.26.52:026][  0]LogWindows: Error: [Callstack] 0x00007ff7ae2c5bba UE4Editor.exe!UnknownFunction []
[2018.09.18-09.26.52:027][  0]LogWindows: Error: [Callstack] 0x00007ff7ae2d3dac UE4Editor.exe!UnknownFunction []
[2018.09.18-09.26.52:027][  0]LogWindows: Error: [Callstack] 0x00007ff7ae2d5aaa UE4Editor.exe!UnknownFunction []
[2018.09.18-09.26.52:027][  0]LogWindows: Error: [Callstack] 0x00007ff968503034 KERNEL32.DLL!UnknownFunction []
[2018.09.18-09.26.52:027][  0]LogWindows: Error: [Callstack] 0x00007ff968a01461 ntdll.dll!UnknownFunction []
[2018.09.18-09.26.52:027][  0]LogWindows: Error: 
[2018.09.18-09.26.52:043][  0]LogExit: Executing StaticShutdownAfterError
[2018.09.18-09.26.52:067][  0]LogWindows: FPlatformMisc::RequestExit(1)
[2018.09.18-09.26.52:078][  0]Log file closed, 09/18/18 05:26:52
