Log file open, 09/30/18 13:40:06
LogWindows: Failed to load 'aqProf.dll' (GetLastError=126)
LogWindows: File 'aqProf.dll' does not exist
LogWindows: Failed to load 'VSPerf140.dll' (GetLastError=126)
LogWindows: File 'VSPerf140.dll' does not exist
LogWindows: Failed to load 'VtuneApi.dll' (GetLastError=126)
LogWindows: File 'VtuneApi.dll' does not exist
LogWindows: Failed to load 'VtuneApi32e.dll' (GetLastError=126)
LogWindows: File 'VtuneApi32e.dll' does not exist
LogInit: Display: Running engine for game: ASH_Game
LogPlatformFile: Not using cached read wrapper
LogTaskGraph: Started task graph with 5 named threads and 23 total threads with 3 sets of task threads.
LogStats: Stats thread started at 0.280323
LogD3D11RHI: Loaded GFSDK_Aftermath_Lib.x64.dll
LogICUInternationalization: Display: ICU TimeZone Detection - Raw Offset: -5:00, Platform Override: ''
LogPluginManager: Mounting plugin Paper2D
LogPluginManager: Mounting plugin AISupport
LogPluginManager: Mounting plugin LightPropagationVolume
LogPluginManager: Mounting plugin CLionSourceCodeAccess
LogPluginManager: Mounting plugin CodeLiteSourceCodeAccess
LogPluginManager: Mounting plugin GitSourceControl
LogPluginManager: Mounting plugin KDevelopSourceCodeAccess
LogPluginManager: Mounting plugin NullSourceCodeAccess
LogPluginManager: Mounting plugin PerforceSourceControl
LogPluginManager: Mounting plugin SubversionSourceControl
LogPluginManager: Mounting plugin UObjectPlugin
LogPluginManager: Mounting plugin VisualStudioCodeSourceCodeAccess
LogPluginManager: Mounting plugin VisualStudioSourceCodeAccess
LogPluginManager: Mounting plugin XCodeSourceCodeAccess
LogPluginManager: Mounting plugin AssetManagerEditor
LogPluginManager: Mounting plugin CryptoKeys
LogPluginManager: Mounting plugin DataValidation
LogPluginManager: Mounting plugin FacialAnimation
LogPluginManager: Mounting plugin GameplayTagsEditor
LogPluginManager: Mounting plugin MacGraphicsSwitching
LogPluginManager: Mounting plugin MeshEditor
LogPluginManager: Mounting plugin MobileLauncherProfileWizard
LogPluginManager: Mounting plugin PluginBrowser
LogPluginManager: Mounting plugin SpeedTreeImporter
LogPluginManager: Mounting plugin DatasmithContent
LogPluginManager: Mounting plugin AlembicImporter
LogPluginManager: Mounting plugin AppleImageUtils
LogPluginManager: Mounting plugin AppleVision
LogPluginManager: Mounting plugin BackChannel
LogPluginManager: Mounting plugin CharacterAI
LogPluginManager: Mounting plugin GeometryCache
LogPluginManager: Mounting plugin HTML5Networking
LogPluginManager: Mounting plugin ProxyLODPlugin
LogPluginManager: Mounting plugin MagicLeap
LogPluginManager: Mounting plugin MagicLeapEmulator
LogPluginManager: Mounting plugin MagicLeapMedia
LogPluginManager: Mounting plugin AndroidMedia
LogPluginManager: Mounting plugin AvfMedia
LogPluginManager: Mounting plugin ImgMedia
LogPluginManager: Mounting plugin LinearTimecode
LogPluginManager: Mounting plugin MediaCompositing
LogPluginManager: Mounting plugin MediaPlayerEditor
LogPluginManager: Mounting plugin WmfMedia
LogPluginManager: Mounting plugin TcpMessaging
LogPluginManager: Mounting plugin UdpMessaging
LogPluginManager: Mounting plugin ActorSequence
LogPluginManager: Mounting plugin LevelSequenceEditor
LogPluginManager: Mounting plugin MatineeToLevelSequence
LogPluginManager: Mounting plugin NetcodeUnitTest
LogPluginManager: Mounting plugin NUTUnrealEngine4
LogPluginManager: Mounting plugin OnlineSubsystemGooglePlay
LogPluginManager: Mounting plugin OnlineSubsystemIOS
LogPluginManager: Mounting plugin OnlineSubsystem
LogPluginManager: Mounting plugin OnlineSubsystemNull
LogPluginManager: Mounting plugin OnlineSubsystemUtils
LogPluginManager: Mounting plugin LauncherChunkInstaller
LogPluginManager: Mounting plugin AndroidDeviceProfileSelector
LogPluginManager: Mounting plugin AndroidMoviePlayer
LogPluginManager: Mounting plugin AndroidPermission
LogPluginManager: Mounting plugin AppleMoviePlayer
LogPluginManager: Mounting plugin ArchVisCharacter
LogPluginManager: Mounting plugin AudioCapture
LogPluginManager: Mounting plugin CableComponent
LogPluginManager: Mounting plugin CustomMeshComponent
LogPluginManager: Mounting plugin EditableMesh
LogPluginManager: Mounting plugin ExampleDeviceProfileSelector
LogPluginManager: Mounting plugin GoogleCloudMessaging
LogPluginManager: Mounting plugin ImmediatePhysics
LogPluginManager: Mounting plugin IOSDeviceProfileSelector
LogPluginManager: Mounting plugin LinuxDeviceProfileSelector
LogPluginManager: Mounting plugin LocationServicesBPLibrary
LogPluginManager: Mounting plugin MobilePatchingUtils
LogPluginManager: Mounting plugin OculusVR
LogPluginManager: Plugin shader directory ../../../Engine/Plugins/Runtime/Oculus/OculusVR/Shaders found
LogPluginManager: Mapping shader source directory ../../../Engine/Plugins/Runtime/Oculus/OculusVR/Shaders to virtual directory /Plugin/OculusVR
LogPluginManager: Mounting plugin PhysXVehicles
LogPluginManager: Mounting plugin ProceduralMeshComponent
LogPluginManager: Mounting plugin RuntimePhysXCooking
LogPluginManager: Mounting plugin SteamVR
LogPluginManager: Mounting plugin WindowsMoviePlayer
LogStreaming: Display: Took  0.185s to configure plugins.
LogInit: Using libcurl 7.55.1-DEV
LogInit:  - built for x86_64-pc-win32
LogInit:  - supports SSL with OpenSSL/1.0.2h
LogInit:  - supports HTTP deflate (compression) using libz 1.2.8
LogInit:  - other features:
LogInit:      CURL_VERSION_SSL
LogInit:      CURL_VERSION_LIBZ
LogInit:      CURL_VERSION_IPV6
LogInit:      CURL_VERSION_ASYNCHDNS
LogInit:      CURL_VERSION_LARGEFILE
LogInit:      CURL_VERSION_IDN
LogInit:  CurlRequestOptions (configurable via config and command line):
LogInit:  - bVerifyPeer = false  - Libcurl will NOT verify peer certificate
LogInit:  - bUseHttpProxy = false  - Libcurl will NOT use HTTP proxy
LogInit:  - bDontReuseConnections = false  - Libcurl will reuse connections
LogInit:  - CertBundlePath = nullptr  - Libcurl will use whatever was configured at build time.
LogInit:  - MaxHostConnections = 16  - Libcurl will limit the number of connections to a host
LogInit:  - LocalHostAddr = Default
LogInit:  - BufferSize = 65536
LogInit: WinSock: version 1.1 (2.2), MaxSocks=32767, MaxUdp=65467
LogInit: Build: ++UE4+Release-4.20-CL-4302132
LogInit: Engine Version: 4.20.2-4302132+++UE4+Release-4.20
LogInit: Compatible Engine Version: 4.20.0-4212847+++UE4+Release-4.20
LogInit: Net CL: 4212847
LogInit: OS: Windows 10 (), CPU: Intel(R) Core(TM) i7-7700HQ CPU @ 2.80GHz, GPU: NVIDIA GeForce GTX 1070
LogInit: Compiled (64-bit): Aug 21 2018 02:06:06
LogInit: Compiled with Visual C++: 19.13.26129.00
LogInit: Build Configuration: Development
LogInit: Branch Name: ++UE4+Release-4.20
LogInit: Command Line: 
LogInit: Base Directory: D:/Program Files/UE_4.20/Engine/Binaries/Win64/
LogInit: Installed Engine Build: 1
LogDevObjectVersion: Number of dev versions registered: 20
LogDevObjectVersion:   Dev-Blueprints (B0D832E4-1F89-4F0D-ACCF-7EB736FD4AA2): 10
LogDevObjectVersion:   Dev-Build (E1C64328-A22C-4D53-A36C-8E866417BD8C): 0
LogDevObjectVersion:   Dev-Core (375EC13C-06E4-48FB-B500-84F0262A717E): 2
LogDevObjectVersion:   Dev-Editor (E4B068ED-F494-42E9-A231-DA0B2E46BB41): 24
LogDevObjectVersion:   Dev-Framework (CFFC743F-43B0-4480-9391-14DF171D2073): 34
LogDevObjectVersion:   Dev-Mobile (B02B49B5-BB20-44E9-A304-32B752E40360): 2
LogDevObjectVersion:   Dev-Networking (A4E4105C-59A1-49B5-A7C5-40C4547EDFEE): 0
LogDevObjectVersion:   Dev-Online (39C831C9-5AE6-47DC-9A44-9C173E1C8E7C): 0
LogDevObjectVersion:   Dev-Physics (78F01B33-EBEA-4F98-B9B4-84EACCB95AA2): 0
LogDevObjectVersion:   Dev-Platform (6631380F-2D4D-43E0-8009-CF276956A95A): 0
LogDevObjectVersion:   Dev-Rendering (12F88B9F-8875-4AFC-A67C-D90C383ABD29): 26
LogDevObjectVersion:   Dev-Sequencer (7B5AE74C-D270-4C10-A958-57980B212A5A): 9
LogDevObjectVersion:   Dev-VR (D7296918-1DD6-4BDD-9DE2-64A83CC13884): 2
LogDevObjectVersion:   Dev-LoadTimes (C2A15278-BFE7-4AFE-6C17-90FF531DF755): 1
LogDevObjectVersion:   Private-Geometry (6EACA3D4-40EC-4CC1-B786-8BED09428FC5): 3
LogDevObjectVersion:   Dev-AnimPhys (29E575DD-E0A3-4627-9D10-D276232CDCEA): 17
LogDevObjectVersion:   Dev-ReflectionCapture (6B266CEC-1EC7-4B8F-A30B-E4D90942FC07): 1
LogDevObjectVersion:   Dev-Automation (0DF73D61-A23F-47EA-B727-89E90C41499A): 1
LogDevObjectVersion:   FortniteMain (601D1886-AC64-4F84-AA16-D3DE0DEAC7D6): 12
LogDevObjectVersion:   Dev-Enterprise (9DFFBCD6-494F-0158-E221-12823C92A888): 1
LogStreaming: Display: Took  0.070s to delete old logs.
LogInit: Presizing for max 8388607 objects, including 0 objects not considered by GC, pre-allocating 0 bytes for permanent pool.
LogInit: Object subsystem initialized
[2018.09.30-17.40.06:430][  0]LogInit: Selected Device Profile: [Windows]
[2018.09.30-17.40.06:430][  0]LogInit: Applying CVar settings loaded from the selected device profile: [Windows]
[2018.09.30-17.40.06:477][  0]LogHAL: Display: Platform has ~ 16 GB [17046728704 / 17179869184 / 16], which maps to Larger [LargestMinGB=32, LargerMinGB=12, DefaultMinGB=8, SmallerMinGB=6, SmallestMinGB=0)
[2018.09.30-17.40.06:477][  0]LogInit: Setting Device Profile CVar: [[r.Vulkan.UseRealUBs:1]]
[2018.09.30-17.40.06:477][  0]LogInit: Going up to parent DeviceProfile []
[2018.09.30-17.40.06:478][  0]LogInit: Computer: DESKTOP-VS8RPUE
[2018.09.30-17.40.06:478][  0]LogInit: User: alex1
[2018.09.30-17.40.06:478][  0]LogInit: CPU Page size=4096, Cores=4
[2018.09.30-17.40.06:478][  0]LogInit: High frequency timer resolution =2.742187 MHz
[2018.09.30-17.40.06:478][  0]LogMemory: Memory total: Physical=15.9GB (16GB approx)
[2018.09.30-17.40.06:478][  0]LogMemory: Platform Memory Stats for Windows
[2018.09.30-17.40.06:478][  0]LogMemory: Process Physical Memory: 100.16 MB used, 100.16 MB peak
[2018.09.30-17.40.06:478][  0]LogMemory: Process Virtual Memory: 91.12 MB used, 91.12 MB peak
[2018.09.30-17.40.06:478][  0]LogMemory: Physical Memory: 7629.28 MB used,  8627.75 MB free, 16257.03 MB total
[2018.09.30-17.40.06:478][  0]LogMemory: Virtual Memory: 4644.98 MB used,  8627.75 MB free, 134217728.00 MB total
[2018.09.30-17.40.06:720][  0]LogInit: Using OS detected language (en-US).
[2018.09.30-17.40.06:720][  0]LogInit: Using OS detected locale (en-CA).
[2018.09.30-17.40.06:721][  0]LogTextLocalizationManager: No specific localization for 'en-US' exists, so the 'en' localization will be used.
[2018.09.30-17.40.07:128][  0]LogStreaming: Display: Took  0.407s to InitEngineTextLocalization.
[2018.09.30-17.40.07:128][  0]LogInit: Setting process to per monitor DPI aware
[2018.09.30-17.40.07:158][  0]LogSlate: New Slate User Created.  User Index 0, Is Virtual User: 0
[2018.09.30-17.40.07:158][  0]LogSlate: Slate User Registered.  User Index 0, Is Virtual User: 0
[2018.09.30-17.40.07:357][  0]LogHMD: Failed to initialize OpenVR with code 110
[2018.09.30-17.40.07:357][  0]LogD3D11RHI: D3D11 adapters:
[2018.09.30-17.40.07:413][  0]LogD3D11RHI:    0. 'NVIDIA GeForce GTX 1070' (Feature Level 11_0)
[2018.09.30-17.40.07:413][  0]LogD3D11RHI:       8074/0/8128 MB DedicatedVideo/DedicatedSystem/SharedSystem, Outputs:1, VendorId:0x10de
[2018.09.30-17.40.07:936][  0]LogD3D11RHI:    1. 'Intel(R) HD Graphics 630' (Feature Level 11_0)
[2018.09.30-17.40.07:936][  0]LogD3D11RHI:       128/0/8128 MB DedicatedVideo/DedicatedSystem/SharedSystem, Outputs:0, VendorId:0x8086
[2018.09.30-17.40.07:939][  0]LogD3D11RHI:    2. 'Microsoft Basic Render Driver' (Feature Level 11_0)
[2018.09.30-17.40.07:939][  0]LogD3D11RHI:       0/0/8128 MB DedicatedVideo/DedicatedSystem/SharedSystem, Outputs:0, VendorId:0x1414
[2018.09.30-17.40.07:939][  0]LogD3D11RHI: Chosen D3D11 Adapter: 0
[2018.09.30-17.40.07:946][  0]LogD3D11RHI: Creating new Direct3DDevice
[2018.09.30-17.40.07:946][  0]LogD3D11RHI:     GPU DeviceId: 0x1be1 (for the marketing name, search the web for "GPU Device Id")
[2018.09.30-17.40.07:946][  0]LogWindows: EnumDisplayDevices:
[2018.09.30-17.40.07:946][  0]LogWindows:    0. 'NVIDIA GeForce GTX 1070' (P:1 D:1)
[2018.09.30-17.40.07:946][  0]LogWindows:    1. 'NVIDIA GeForce GTX 1070' (P:0 D:0)
[2018.09.30-17.40.07:946][  0]LogWindows:    2. 'NVIDIA GeForce GTX 1070' (P:0 D:0)
[2018.09.30-17.40.07:947][  0]LogWindows:    3. 'NVIDIA GeForce GTX 1070' (P:0 D:0)
[2018.09.30-17.40.07:947][  0]LogWindows:    4. 'Intel(R) HD Graphics 630' (P:0 D:0)
[2018.09.30-17.40.07:947][  0]LogWindows:    5. 'Intel(R) HD Graphics 630' (P:0 D:0)
[2018.09.30-17.40.07:947][  0]LogWindows:    6. 'Intel(R) HD Graphics 630' (P:0 D:0)
[2018.09.30-17.40.07:947][  0]LogWindows: DebugString: PrimaryIsNotTheChoosenAdapter PrimaryIsNotTheChoosenAdapter PrimaryIsNotTheChoosenAdapter FoundDriverCount:4 
[2018.09.30-17.40.07:947][  0]LogD3D11RHI:     Adapter Name: NVIDIA GeForce GTX 1070
[2018.09.30-17.40.07:947][  0]LogD3D11RHI:   Driver Version: 385.14 (internal:22.21.13.8514, unified:385.14)
[2018.09.30-17.40.07:947][  0]LogD3D11RHI:      Driver Date: 7-30-2017
[2018.09.30-17.40.07:947][  0]LogRHI: Texture pool is 5651 MB (70% of 8074 MB)
[2018.09.30-17.40.07:971][  0]LogD3D11RHI: Async texture creation enabled
[2018.09.30-17.40.07:982][  0]LogD3D11RHI: GPU Timing Frequency: 1000.000000 (Debug: 2 1)
[2018.09.30-17.40.08:028][  0]LogShaderCompilers: Guid format shader working directory is -1 characters bigger than the processId version (../../../../../GameDev/_Projects/A.S.H/ASH_Game/Intermediate/Shaders/WorkingDirectory/8300/).
[2018.09.30-17.40.08:028][  0]LogShaderCompilers: Cleaned the shader compiler working directory 'C:/Users/alex1/AppData/Local/Temp/UnrealShaderWorkingDir/FACEF29949EACF82FF119C817469EA1E/'.
[2018.09.30-17.40.08:341][  0]LogTemp: Display: Loaded TP AllDesktopTargetPlatform
[2018.09.30-17.40.08:353][  0]LogTemp: Display: Loaded TP MacClientTargetPlatform
[2018.09.30-17.40.08:369][  0]LogTemp: Display: Loaded TP MacNoEditorTargetPlatform
[2018.09.30-17.40.08:384][  0]LogTemp: Display: Loaded TP MacServerTargetPlatform
[2018.09.30-17.40.08:399][  0]LogTemp: Display: Loaded TP MacTargetPlatform
[2018.09.30-17.40.08:417][  0]LogTemp: Display: Loaded TP WindowsClientTargetPlatform
[2018.09.30-17.40.08:429][  0]LogTemp: Display: Loaded TP WindowsNoEditorTargetPlatform
[2018.09.30-17.40.08:443][  0]LogTemp: Display: Loaded TP WindowsServerTargetPlatform
[2018.09.30-17.40.08:449][  0]LogTemp: Display: Loaded TP WindowsTargetPlatform
[2018.09.30-17.40.08:532][  0]LogTemp: Display: Loaded TP AndroidTargetPlatform
[2018.09.30-17.40.08:532][  0]LogTemp: Display: Loaded TP AndroidTargetPlatform
[2018.09.30-17.40.08:532][  0]LogTemp: Display: Loaded TP AndroidTargetPlatform
[2018.09.30-17.40.08:532][  0]LogTemp: Display: Loaded TP AndroidTargetPlatform
[2018.09.30-17.40.08:532][  0]LogTemp: Display: Loaded TP AndroidTargetPlatform
[2018.09.30-17.40.08:532][  0]LogTemp: Display: Loaded TP AndroidTargetPlatform
[2018.09.30-17.40.08:532][  0]LogTemp: Display: Loaded TP AndroidTargetPlatform
[2018.09.30-17.40.08:532][  0]LogTemp: Display: Loaded TP AndroidTargetPlatform
[2018.09.30-17.40.08:532][  0]LogTemp: Display: Loaded TP AndroidTargetPlatform
[2018.09.30-17.40.08:532][  0]LogTemp: Display: Loaded TP AndroidTargetPlatform
[2018.09.30-17.40.08:532][  0]LogTemp: Display: Loaded TP AndroidTargetPlatform
[2018.09.30-17.40.08:532][  0]LogTemp: Display: Loaded TP AndroidTargetPlatform
[2018.09.30-17.40.08:532][  0]LogTemp: Display: Loaded TP AndroidTargetPlatform
[2018.09.30-17.40.08:532][  0]LogTemp: Display: Loaded TP AndroidTargetPlatform
[2018.09.30-17.40.08:532][  0]LogTemp: Display: Loaded TP AndroidTargetPlatform
[2018.09.30-17.40.08:532][  0]LogTemp: Display: Loaded TP AndroidTargetPlatform
[2018.09.30-17.40.08:532][  0]LogTemp: Display: Loaded TP AndroidTargetPlatform
[2018.09.30-17.40.08:532][  0]LogTemp: Display: Loaded TP AndroidTargetPlatform
[2018.09.30-17.40.08:534][  0]LogTemp: Display: Loaded TP HTML5TargetPlatform
[2018.09.30-17.40.08:596][  0]LogTemp: Display: Loaded TP IOSTargetPlatform
[2018.09.30-17.40.08:596][  0]LogTemp: Display: Loaded TP IOSTargetPlatform
[2018.09.30-17.40.08:624][  0]LogTemp: Display: Loaded TP TVOSTargetPlatform
[2018.09.30-17.40.08:624][  0]LogTemp: Display: Loaded TP TVOSTargetPlatform
[2018.09.30-17.40.08:639][  0]LogTemp: Display: Loaded TP LinuxClientTargetPlatform
[2018.09.30-17.40.08:653][  0]LogTemp: Display: Loaded TP LinuxNoEditorTargetPlatform
[2018.09.30-17.40.08:673][  0]LogTemp: Display: Loaded TP LinuxServerTargetPlatform
[2018.09.30-17.40.08:687][  0]LogTemp: Display: Loaded TP LinuxTargetPlatform
[2018.09.30-17.40.08:695][  0]LogTemp: Display: Loaded TP LuminTargetPlatform
[2018.09.30-17.40.08:695][  0]LogTargetPlatformManager: Display: Building Assets For Windows
[2018.09.30-17.40.08:741][  0]LogXGEController: Cannot use XGE Controller as Incredibuild is not installed on this machine.
[2018.09.30-17.40.08:741][  0]LogShaderCompilers: Cannot use XGE Shader Compiler as Incredibuild is not installed on this machine.
[2018.09.30-17.40.08:741][  0]LogShaderCompilers: Display: Using Local Shader Compiler.
[2018.09.30-17.40.09:546][  0]LogDerivedDataCache: Display: Max Cache Size: 512 MB
[2018.09.30-17.40.09:601][  0]LogDerivedDataCache: Loaded boot cache 0.06s 71MB C:/Users/alex1/AppData/Local/UnrealEngine/4.20/DerivedDataCache/Boot.ddc.
[2018.09.30-17.40.09:602][  0]LogDerivedDataCache: Display: Loaded Boot cache: C:/Users/alex1/AppData/Local/UnrealEngine/4.20/DerivedDataCache/Boot.ddc
[2018.09.30-17.40.09:602][  0]LogDerivedDataCache: FDerivedDataBackendGraph:  Pak pak cache file ../../../../../GameDev/_Projects/A.S.H/ASH_Game/DerivedDataCache/DDC.ddp not found, will not use a pak cache.
[2018.09.30-17.40.09:602][  0]LogDerivedDataCache: Unable to find inner node Pak for hierarchical cache Hierarchy.
[2018.09.30-17.40.09:602][  0]LogDerivedDataCache: FDerivedDataBackendGraph:  CompressedPak pak cache file ../../../../../GameDev/_Projects/A.S.H/ASH_Game/DerivedDataCache/Compressed.ddp not found, will not use a pak cache.
[2018.09.30-17.40.09:602][  0]LogDerivedDataCache: Unable to find inner node CompressedPak for hierarchical cache Hierarchy.
[2018.09.30-17.40.09:616][  0]LogDerivedDataCache: Display: Pak cache opened for reading ../../../Engine/DerivedDataCache/Compressed.ddp.
[2018.09.30-17.40.09:628][  0]LogDerivedDataCache: Using Local data cache path C:/Users/alex1/AppData/Local/UnrealEngine/Common/DerivedDataCache: Writable
[2018.09.30-17.40.09:628][  0]LogDerivedDataCache: Shared data cache path not found in *engine.ini, will not use an Shared cache.
[2018.09.30-17.40.09:628][  0]LogDerivedDataCache: Unable to find inner node Shared for hierarchical cache Hierarchy.
[2018.09.30-17.40.09:648][  0]LogMaterial: Verifying Global Shaders for PCD3D_SM5
[2018.09.30-17.40.09:650][  0]LogSlate: Using FreeType 2.6.0
[2018.09.30-17.40.09:650][  0]LogSlate: SlateFontServices - WITH_FREETYPE: 1, WITH_HARFBUZZ: 1
[2018.09.30-17.40.09:729][  0]LogAssetRegistry: FAssetRegistry took 0.0268 seconds to start up
[2018.09.30-17.40.10:105][  0]LogInit: Selected Device Profile: [Windows]
[2018.09.30-17.40.10:238][  0]LogSimplygon: Simplygon DLL not present - disabling.
[2018.09.30-17.40.10:241][  0]LogMeshReduction: Using SimplygonSwarm for distributed automatic mesh merging
[2018.09.30-17.40.10:241][  0]LogMeshReduction: Using ProxyLODMeshReduction for automatic mesh merging
[2018.09.30-17.40.10:241][  0]LogMeshReduction: Using QuadricMeshReduction for automatic static mesh reduction
[2018.09.30-17.40.10:241][  0]LogMeshReduction: No automatic skeletal mesh reduction module available
[2018.09.30-17.40.10:260][  0]LogNetVersion: ASH_Game 1.0.0, NetCL: 4212847, EngineNetVer: 5, GameNetVer: 0 (Checksum: 1471675654)
[2018.09.30-17.40.10:905][  0]LogPackageLocalizationCache: Processed 11 localized package path(s) for 2 prioritized culture(s) in 0.138260 seconds
[2018.09.30-17.40.10:911][  0]LogUObjectArray: 38425 objects as part of root set at end of initial load.
[2018.09.30-17.40.10:911][  0]LogUObjectAllocator: 6690872 out of 0 bytes used by permanent object pool.
[2018.09.30-17.40.10:911][  0]LogUObjectArray: CloseDisregardForGC: 0/0 objects in disregard for GC pool
[2018.09.30-17.40.11:794][  0]LogTcpMessaging: Initializing TcpMessaging bridge
[2018.09.30-17.40.11:806][  0]LogUdpMessaging: Initializing bridge on interface 0.0.0.0:0 to multicast group 230.0.0.1:6666.
[2018.09.30-17.40.11:950][  0]SourceControl: Source control is disabled
[2018.09.30-17.40.11:951][  0]SourceControl: Source control is disabled
[2018.09.30-17.40.11:952][  0]SourceControl: Source control is disabled
[2018.09.30-17.40.11:953][  0]SourceControl: Source control is disabled
[2018.09.30-17.40.12:112][  0]LogAndroidPermission: UAndroidPermissionCallbackProxy::GetInstance
[2018.09.30-17.40.12:171][  0]LogOcInput: OculusInput pre-init called
[2018.09.30-17.40.12:235][  0]LogEngine: Initializing Engine...
[2018.09.30-17.40.12:235][  0]LogHMD: Failed to initialize OpenVR with code 110
[2018.09.30-17.40.12:238][  0]LogStats: UGameplayTagsManager::ConstructGameplayTagTree: ImportINI prefixes -  0.000 s
[2018.09.30-17.40.12:238][  0]LogStats: UGameplayTagsManager::ConstructGameplayTagTree: Construct from data asset -  0.000 s
[2018.09.30-17.40.12:238][  0]LogStats: UGameplayTagsManager::ConstructGameplayTagTree: ImportINI -  0.000 s
[2018.09.30-17.40.12:238][  0]LogStats: UGameplayTagsManager::ConstructGameplayTagTree: GameplayTagTreeChangedEvent.Broadcast -  0.000 s
[2018.09.30-17.40.12:499][  0]LogInit: Initializing FReadOnlyCVARCache
[2018.09.30-17.40.12:511][  0]LogAIModule: Creating AISystem for world Untitled
[2018.09.30-17.40.12:524][  0]LogInit: XAudio2 using 'Speakers / Headphones (Realtek Audio)' : 6 channels at 48 kHz using 32 bits per sample (channel mask 0x3f)
[2018.09.30-17.40.12:591][  0]LogInit: FAudioDevice initialized.
[2018.09.30-17.40.12:591][  0]LogNetVersion: Set ProjectVersion to 1.0.0.0. Version Checksum will be recalculated on next use.
[2018.09.30-17.40.12:673][  0]LogDerivedDataCache: Saved boot cache 0.08s 71MB C:/Users/alex1/AppData/Local/UnrealEngine/4.20/DerivedDataCache/Boot.ddc.
[2018.09.30-17.40.12:686][  0]LogInit: Texture streaming: Enabled
[2018.09.30-17.40.12:698][  0]LogEngineSessionManager: EngineSessionManager initialized
[2018.09.30-17.40.12:710][  0]LogInit: Transaction tracking system initialized
[2018.09.30-17.40.12:727][  0]BlueprintLog: New page: Editor Load
[2018.09.30-17.40.12:788][  0]LocalizationService: Localization service is disabled
[2018.09.30-17.40.13:144][  0]LogCook: Display: Max memory allowance for cook 16384mb min free memory 0mb
[2018.09.30-17.40.13:144][  0]LogCook: Display: Mobile HDR setting 1
[2018.09.30-17.40.13:144][  0]LogGameplayTags: Display: UGameplayTagsManager::DoneAddingNativeTags. DelegateIsBound: 0
[2018.09.30-17.40.13:144][  0]LogStats: UGameplayTagsManager::ConstructGameplayTagTree: ImportINI prefixes -  0.000 s
[2018.09.30-17.40.13:144][  0]LogStats: UGameplayTagsManager::ConstructGameplayTagTree: Construct from data asset -  0.000 s
[2018.09.30-17.40.13:144][  0]LogStats: UGameplayTagsManager::ConstructGameplayTagTree: ImportINI -  0.000 s
[2018.09.30-17.40.13:144][  0]LogStats: UGameplayTagsManager::ConstructGameplayTagTree: GameplayTagTreeChangedEvent.Broadcast -  0.000 s
[2018.09.30-17.40.13:248][  0]LogFileCache: Scanning file cache for directory 'D:/GameDev/_Projects/A.S.H/ASH_Game/Content/' took 0.02s
[2018.09.30-17.40.13:248][  0]SourceControl: Source control is disabled
[2018.09.30-17.40.13:248][  0]Cmd: MAP LOAD FILE="../../../../../GameDev/_Projects/A.S.H/ASH_Game/Content/UI-Rick/MainMenuTest.umap" TEMPLATE=0 SHOWPROGRESS=1 FEATURELEVEL=3
[2018.09.30-17.40.13:263][  0]LightingResults: New page: Lighting Build
[2018.09.30-17.40.13:265][  0]MapCheck: New page: Map Check
[2018.09.30-17.40.13:265][  0]LightingResults: New page: Lighting Build
[2018.09.30-17.40.17:791][  0]LogAIModule: Creating AISystem for world MainMenuTest
[2018.09.30-17.40.17:791][  0]LogEditorServer: Finished looking for orphan Actors (0.000 secs)
[2018.09.30-17.40.17:823][  0]Cmd: MAP CHECKDEP NOCLEARLOG
[2018.09.30-17.40.17:886][  0]MapCheck: Map check complete: 0 Error(s), 0 Warning(s), took 63.416ms to complete.
[2018.09.30-17.40.17:886][  0]LogFileHelpers: Loading map 'MainMenuTest' took 4.639
[2018.09.30-17.40.18:230][  0]LogSlate: Updating window title bar state: overlay mode, drag disabled, window buttons hidden, title bar hidden
[2018.09.30-17.40.18:239][  0]LogSlate: Updating window title bar state: overlay mode, drag disabled, window buttons hidden, title bar hidden
[2018.09.30-17.40.18:247][  0]LogSlate: Updating window title bar state: overlay mode, drag disabled, window buttons hidden, title bar hidden
[2018.09.30-17.40.18:256][  0]LogSlate: Updating window title bar state: overlay mode, drag disabled, window buttons hidden, title bar hidden
[2018.09.30-17.40.18:265][  0]LogCollectionManager: Loaded 0 collections in 0.001075 seconds
[2018.09.30-17.40.18:353][  0]LogFileCache: Scanning file cache for directory 'D:/GameDev/_Projects/A.S.H/ASH_Game/Saved/Collections/' took 0.01s
[2018.09.30-17.40.18:353][  0]LogFileCache: Scanning file cache for directory 'D:/GameDev/_Projects/A.S.H/ASH_Game/Content/Developers/alex1/Collections/' took 0.01s
[2018.09.30-17.40.18:354][  0]LogFileCache: Scanning file cache for directory 'D:/GameDev/_Projects/A.S.H/ASH_Game/Content/Collections/' took 0.01s
[2018.09.30-17.40.18:354][  0]LogCollectionManager: Rebuilt the GUID cache for 0 collections in 0.000000 seconds
[2018.09.30-17.40.18:364][  0]LogContentBrowser: Native class hierarchy populated in 0.0104 seconds. Added 2572 classes and 603 folders.
[2018.09.30-17.40.18:389][  0]LogContentBrowser: Native class hierarchy updated for 'WidgetCarousel' in 0.0002 seconds. Added 0 classes and 0 folders.
[2018.09.30-17.40.19:112][  0]LogContentBrowser: Native class hierarchy updated for 'AddContentDialog' in 0.0002 seconds. Added 0 classes and 0 folders.
[2018.09.30-17.40.19:150][  0]LogContentBrowser: Native class hierarchy updated for 'SceneOutliner' in 0.0003 seconds. Added 1 classes and 2 folders.
[2018.09.30-17.40.19:754][  0]LogSlate: Took 0.000233 seconds to synchronously load lazily loaded font '../../../Engine/Content/Slate/Fonts/Roboto-Regular.ttf' (155K)
[2018.09.30-17.40.19:766][  0]LogSlate: Took 0.000264 seconds to synchronously load lazily loaded font '../../../Engine/Content/Slate/Fonts/Roboto-Bold.ttf' (160K)
[2018.09.30-17.40.19:824][  0]LogSlate: Took 0.010018 seconds to synchronously load lazily loaded font '../../../Engine/Content/Editor/Slate/Fonts/FontAwesome.ttf' (139K)
[2018.09.30-17.40.20:079][  0]LogRenderer: Reallocating scene render targets to support 940x452 Format 10 NumSamples 1 (Frame:1).
[2018.09.30-17.40.20:291][  0]LogContentBrowser: Native class hierarchy updated for 'HierarchicalLODOutliner' in 0.0003 seconds. Added 0 classes and 0 folders.
[2018.09.30-17.40.20:291][  0]LogLoad: (Engine Initialization) Total time: 15.83 seconds
[2018.09.30-17.40.20:291][  0]LogLoad: (Engine Initialization) Total Blueprint compile time: 0.00 seconds
[2018.09.30-17.40.20:360][  0]LogContentStreaming: Texture pool size now 1000 MB
[2018.09.30-17.40.20:522][  1]LogRenderer: Reallocating scene render targets to support 940x468 Format 10 NumSamples 1 (Frame:3).
[2018.09.30-17.40.20:529][  1]LogFileCache: Retrieving MD5 hashes for directory 'D:/GameDev/_Projects/A.S.H/ASH_Game/Content/' took 0.21s
[2018.09.30-17.40.20:593][  2]LogAssetRegistry: Asset discovery search completed in 10.8863 seconds
[2018.09.30-17.40.20:597][  2]LogCollectionManager: Rebuilt the object cache for 0 collections in 0.000000 seconds (found 0 objects)
[2018.09.30-17.40.20:597][  2]LogCollectionManager: Fixed up redirectors for 0 collections in 0.000086 seconds (updated 0 objects)
[2018.09.30-17.41.45:767][957]LogSlate: FSceneViewport::OnFocusLost() reason 0
[2018.09.30-17.41.54:308][547]LogSlate: Took 0.019835 seconds to synchronously load lazily loaded font '../../../Engine/Content/Slate/Fonts/Roboto-Light.ttf' (167K)
[2018.09.30-17.41.54:318][547]LogAssetEditorManager: Opening Asset editor for Blueprint /Game/TopDownBP/Blueprints/Enemy_SpawnPoints/Rooms/SPECIAL_ROOM_2A.SPECIAL_ROOM_2A
[2018.09.30-17.41.55:321][547]LogContentBrowser: Native class hierarchy updated for 'BlueprintGraph' in 0.0006 seconds. Added 116 classes and 0 folders.
[2018.09.30-17.41.56:821][547]PIE: Warning: AttachTo: '/Engine/Transient.World_3:PersistentLevel.SPECIAL_ROOM_2A_C_0.Desk1_Blueprint' is not static  (in blueprint "SPECIAL_ROOM_2A"), cannot attach '/Engine/Transient.World_3:PersistentLevel.Desk1_Blueprint_GEN_VARIABLE_Desk1_Blueprint_C_CAT_0.StaticMeshComponent0' which is static to it. Aborting.
[2018.09.30-17.41.56:844][547]PIE: Warning: AttachTo: '/Engine/Transient.World_2:PersistentLevel.SPECIAL_ROOM_2A_C_0.Desk1_Blueprint' is not static  (in blueprint "SPECIAL_ROOM_2A"), cannot attach '/Engine/Transient.World_2:PersistentLevel.Desk1_Blueprint_GEN_VARIABLE_Desk1_Blueprint_C_CAT_0.StaticMeshComponent0' which is static to it. Aborting.
[2018.09.30-17.41.56:871][547]LogSlate: Took 0.009351 seconds to synchronously load lazily loaded font '../../../Engine/Content/Slate/Fonts/Roboto-BoldCondensed.ttf' (158K)
[2018.09.30-17.41.57:990][628]LogSlate: Took 0.076858 seconds to synchronously load lazily loaded font '../../../Engine/Content/Slate/Fonts/Roboto-Italic.ttf' (157K)
[2018.09.30-17.41.58:914][707]PIE: Warning: AttachTo: '/Engine/Transient.World_2:PersistentLevel.SPECIAL_ROOM_2A_C_0.Desk1_Blueprint' is not static  (in blueprint "SPECIAL_ROOM_2A"), cannot attach '/Engine/Transient.World_2:PersistentLevel.Desk1_Blueprint_GEN_VARIABLE_Desk1_Blueprint_C_CAT_2.StaticMeshComponent0' which is static to it. Aborting.
[2018.09.30-17.41.58:958][708]LogRenderer: Reallocating scene render targets to support 1016x600 Format 10 NumSamples 1 (Frame:1).
[2018.09.30-17.42.02:321][ 38]LogSlate: FSceneViewport::OnFocusLost() reason 0
[2018.09.30-17.42.06:146][427]LogAssetEditorManager: Opening Asset editor for Blueprint /Game/TopDownBP/Blueprints/Enemy_SpawnPoints/Rooms/SPECIAL_ROOM_4A.SPECIAL_ROOM_4A
[2018.09.30-18.37.17:924][185]LogSlate: FSceneViewport::OnFocusLost() reason 0
[2018.09.30-18.37.32:332][578]LogSlate: FSceneViewport::OnFocusLost() reason 2
[2018.09.30-18.37.39:412][209]PIE: Warning: AttachTo: '/Engine/Transient.World_3:PersistentLevel.SPECIAL_ROOM_2A_C_0.Desk1_Blueprint' is not static  (in blueprint "SPECIAL_ROOM_2A"), cannot attach '/Engine/Transient.World_3:PersistentLevel.Desk1_Blueprint_GEN_VARIABLE_Desk1_Blueprint_C_CAT_2.StaticMeshComponent0' which is static to it. Aborting.
[2018.09.30-18.37.39:433][209]PIE: Warning: AttachTo: '/Engine/Transient.World_2:PersistentLevel.SPECIAL_ROOM_2A_C_0.Desk1_Blueprint' is not static  (in blueprint "SPECIAL_ROOM_2A"), cannot attach '/Engine/Transient.World_2:PersistentLevel.Desk1_Blueprint_GEN_VARIABLE_Desk1_Blueprint_C_CAT_4.StaticMeshComponent0' which is static to it. Aborting.
[2018.09.30-18.37.39:451][209]PIE: Warning: AttachTo: '/Engine/Transient.World_3:PersistentLevel.SPECIAL_ROOM_2A_C_0.Desk1_Blueprint' is not static  (in blueprint "SPECIAL_ROOM_2A"), cannot attach '/Engine/Transient.World_3:PersistentLevel.Desk1_Blueprint_GEN_VARIABLE_Desk1_Blueprint_C_CAT_4.StaticMeshComponent0' which is static to it. Aborting.
[2018.09.30-18.37.39:467][209]PIE: Warning: AttachTo: '/Engine/Transient.World_2:PersistentLevel.SPECIAL_ROOM_2A_C_0.Desk1_Blueprint' is not static  (in blueprint "SPECIAL_ROOM_2A"), cannot attach '/Engine/Transient.World_2:PersistentLevel.Desk1_Blueprint_GEN_VARIABLE_Desk1_Blueprint_C_CAT_6.StaticMeshComponent0' which is static to it. Aborting.
[2018.09.30-18.37.39:481][209]PIE: Warning: AttachTo: '/Engine/Transient.World_3:PersistentLevel.SPECIAL_ROOM_2A_C_0.Desk1_Blueprint' is not static  (in blueprint "SPECIAL_ROOM_2A"), cannot attach '/Engine/Transient.World_3:PersistentLevel.Desk1_Blueprint_GEN_VARIABLE_Desk1_Blueprint_C_CAT_6.StaticMeshComponent0' which is static to it. Aborting.
[2018.09.30-18.37.39:496][209]PIE: Warning: AttachTo: '/Engine/Transient.World_2:PersistentLevel.SPECIAL_ROOM_2A_C_0.Desk1_Blueprint' is not static  (in blueprint "SPECIAL_ROOM_2A"), cannot attach '/Engine/Transient.World_2:PersistentLevel.Desk1_Blueprint_GEN_VARIABLE_Desk1_Blueprint_C_CAT_8.StaticMeshComponent0' which is static to it. Aborting.
[2018.09.30-18.37.39:511][209]PIE: Warning: AttachTo: '/Engine/Transient.World_3:PersistentLevel.SPECIAL_ROOM_2A_C_0.Desk1_Blueprint' is not static  (in blueprint "SPECIAL_ROOM_2A"), cannot attach '/Engine/Transient.World_3:PersistentLevel.Desk1_Blueprint_GEN_VARIABLE_Desk1_Blueprint_C_CAT_8.StaticMeshComponent0' which is static to it. Aborting.
[2018.09.30-18.37.39:528][209]PIE: Warning: AttachTo: '/Engine/Transient.World_2:PersistentLevel.SPECIAL_ROOM_2A_C_0.Desk1_Blueprint' is not static  (in blueprint "SPECIAL_ROOM_2A"), cannot attach '/Engine/Transient.World_2:PersistentLevel.Desk1_Blueprint_GEN_VARIABLE_Desk1_Blueprint_C_CAT_10.StaticMeshComponent0' which is static to it. Aborting.
[2018.09.30-18.37.39:544][209]PIE: Warning: AttachTo: '/Engine/Transient.World_3:PersistentLevel.SPECIAL_ROOM_2A_C_0.Desk1_Blueprint' is not static  (in blueprint "SPECIAL_ROOM_2A"), cannot attach '/Engine/Transient.World_3:PersistentLevel.Desk1_Blueprint_GEN_VARIABLE_Desk1_Blueprint_C_CAT_10.StaticMeshComponent0' which is static to it. Aborting.
[2018.09.30-18.37.39:557][209]PIE: Warning: AttachTo: '/Engine/Transient.World_2:PersistentLevel.SPECIAL_ROOM_2A_C_0.Desk1_Blueprint' is not static  (in blueprint "SPECIAL_ROOM_2A"), cannot attach '/Engine/Transient.World_2:PersistentLevel.Desk1_Blueprint_GEN_VARIABLE_Desk1_Blueprint_C_CAT_12.StaticMeshComponent0' which is static to it. Aborting.
[2018.09.30-18.37.39:570][209]PIE: Warning: AttachTo: '/Engine/Transient.World_3:PersistentLevel.SPECIAL_ROOM_2A_C_0.Desk1_Blueprint' is not static  (in blueprint "SPECIAL_ROOM_2A"), cannot attach '/Engine/Transient.World_3:PersistentLevel.Desk1_Blueprint_GEN_VARIABLE_Desk1_Blueprint_C_CAT_12.StaticMeshComponent0' which is static to it. Aborting.
[2018.09.30-18.37.39:586][209]PIE: Warning: AttachTo: '/Engine/Transient.World_2:PersistentLevel.SPECIAL_ROOM_2A_C_0.Desk1_Blueprint' is not static  (in blueprint "SPECIAL_ROOM_2A"), cannot attach '/Engine/Transient.World_2:PersistentLevel.Desk1_Blueprint_GEN_VARIABLE_Desk1_Blueprint_C_CAT_14.StaticMeshComponent0' which is static to it. Aborting.
[2018.09.30-18.37.39:602][209]PIE: Warning: AttachTo: '/Engine/Transient.World_3:PersistentLevel.SPECIAL_ROOM_2A_C_0.Desk1_Blueprint' is not static  (in blueprint "SPECIAL_ROOM_2A"), cannot attach '/Engine/Transient.World_3:PersistentLevel.Desk1_Blueprint_GEN_VARIABLE_Desk1_Blueprint_C_CAT_14.StaticMeshComponent0' which is static to it. Aborting.
[2018.09.30-18.37.39:615][209]PIE: Warning: AttachTo: '/Engine/Transient.World_2:PersistentLevel.SPECIAL_ROOM_2A_C_0.Desk1_Blueprint' is not static  (in blueprint "SPECIAL_ROOM_2A"), cannot attach '/Engine/Transient.World_2:PersistentLevel.Desk1_Blueprint_GEN_VARIABLE_Desk1_Blueprint_C_CAT_16.StaticMeshComponent0' which is static to it. Aborting.
[2018.09.30-18.37.39:633][209]PIE: Warning: AttachTo: '/Engine/Transient.World_3:PersistentLevel.SPECIAL_ROOM_2A_C_0.Desk1_Blueprint' is not static  (in blueprint "SPECIAL_ROOM_2A"), cannot attach '/Engine/Transient.World_3:PersistentLevel.Desk1_Blueprint_GEN_VARIABLE_Desk1_Blueprint_C_CAT_16.StaticMeshComponent0' which is static to it. Aborting.
[2018.09.30-18.37.39:648][209]PIE: Warning: AttachTo: '/Engine/Transient.World_2:PersistentLevel.SPECIAL_ROOM_2A_C_0.Desk1_Blueprint' is not static  (in blueprint "SPECIAL_ROOM_2A"), cannot attach '/Engine/Transient.World_2:PersistentLevel.Desk1_Blueprint_GEN_VARIABLE_Desk1_Blueprint_C_CAT_18.StaticMeshComponent0' which is static to it. Aborting.
[2018.09.30-18.37.55:392][795]LogSlate: FSceneViewport::OnFocusLost() reason 0
[2018.09.30-18.38.00:356][374]LogAssetEditorManager: Opening Asset editor for Blueprint /Game/Objects/Beds/Bed2BP.Bed2BP
[2018.09.30-18.38.07:512][ 98]LogSlate: FSceneViewport::OnFocusLost() reason 2
[2018.09.30-18.38.11:918][409]PIE: Warning: AttachTo: '/Engine/Transient.World_3:PersistentLevel.SPECIAL_ROOM_2A_C_0.Desk1_Blueprint' is not static  (in blueprint "SPECIAL_ROOM_2A"), cannot attach '/Engine/Transient.World_3:PersistentLevel.Desk1_Blueprint_GEN_VARIABLE_Desk1_Blueprint_C_CAT_18.StaticMeshComponent0' which is static to it. Aborting.
[2018.09.30-18.38.11:932][409]PIE: Warning: AttachTo: '/Engine/Transient.World_2:PersistentLevel.SPECIAL_ROOM_2A_C_0.Desk1_Blueprint' is not static  (in blueprint "SPECIAL_ROOM_2A"), cannot attach '/Engine/Transient.World_2:PersistentLevel.Desk1_Blueprint_GEN_VARIABLE_Desk1_Blueprint_C_CAT_20.StaticMeshComponent0' which is static to it. Aborting.
[2018.09.30-18.38.15:199][754]LogSlate: FSceneViewport::OnFocusLost() reason 0
[2018.09.30-18.38.15:371][764]Cmd: OBJ SAVEPACKAGE PACKAGE="/Game/Objects/Beds/Bed2BP" FILE="../../../../../GameDev/_Projects/A.S.H/ASH_Game/Content/Objects/Beds/Bed2BP.uasset" SILENT=true
[2018.09.30-18.38.15:502][764]LogSavePackage: Moving '../../../../../GameDev/_Projects/A.S.H/ASH_Game/Saved/Bed2BPC346F396416F97C06845D9973317EC42.tmp' to '../../../../../GameDev/_Projects/A.S.H/ASH_Game/Content/Objects/Beds/Bed2BP.uasset'
[2018.09.30-18.38.23:637][616]LogSlate: FSceneViewport::OnFocusLost() reason 0
[2018.09.30-18.38.40:101][760]PIE: Warning: AttachTo: '/Engine/Transient.World_3:PersistentLevel.SPECIAL_ROOM_2A_C_0.Desk1_Blueprint' is not static  (in blueprint "SPECIAL_ROOM_2A"), cannot attach '/Engine/Transient.World_3:PersistentLevel.Desk1_Blueprint_GEN_VARIABLE_Desk1_Blueprint_C_CAT_20.StaticMeshComponent0' which is static to it. Aborting.
[2018.09.30-18.38.40:115][760]PIE: Warning: AttachTo: '/Engine/Transient.World_2:PersistentLevel.SPECIAL_ROOM_2A_C_0.Desk1_Blueprint' is not static  (in blueprint "SPECIAL_ROOM_2A"), cannot attach '/Engine/Transient.World_2:PersistentLevel.Desk1_Blueprint_GEN_VARIABLE_Desk1_Blueprint_C_CAT_22.StaticMeshComponent0' which is static to it. Aborting.
[2018.09.30-18.38.42:193][967]Cmd: OBJ SAVEPACKAGE PACKAGE="/Game/Objects/Beds/Bed2BP" FILE="../../../../../GameDev/_Projects/A.S.H/ASH_Game/Content/Objects/Beds/Bed2BP.uasset" SILENT=true
[2018.09.30-18.38.42:220][967]LogSavePackage: Moving '../../../../../GameDev/_Projects/A.S.H/ASH_Game/Saved/Bed2BP83B7C26D4A1F6E83478BD0BF8A56E823.tmp' to '../../../../../GameDev/_Projects/A.S.H/ASH_Game/Content/Objects/Beds/Bed2BP.uasset'
[2018.09.30-18.38.53:954][172]LogSlate: FSceneViewport::OnFocusLost() reason 2
[2018.09.30-18.39.00:523][848]PIE: Warning: AttachTo: '/Engine/Transient.World_3:PersistentLevel.SPECIAL_ROOM_2A_C_0.Desk1_Blueprint' is not static  (in blueprint "SPECIAL_ROOM_2A"), cannot attach '/Engine/Transient.World_3:PersistentLevel.Desk1_Blueprint_GEN_VARIABLE_Desk1_Blueprint_C_CAT_22.StaticMeshComponent0' which is static to it. Aborting.
[2018.09.30-18.39.00:541][848]PIE: Warning: AttachTo: '/Engine/Transient.World_2:PersistentLevel.SPECIAL_ROOM_2A_C_0.Desk1_Blueprint' is not static  (in blueprint "SPECIAL_ROOM_2A"), cannot attach '/Engine/Transient.World_2:PersistentLevel.Desk1_Blueprint_GEN_VARIABLE_Desk1_Blueprint_C_CAT_24.StaticMeshComponent0' which is static to it. Aborting.
[2018.09.30-18.39.00:923][881]LogSlate: FSceneViewport::OnFocusLost() reason 0
[2018.09.30-18.39.22:355][ 83]LogSlate: FSceneViewport::OnFocusLost() reason 0
[2018.09.30-18.39.22:789][130]BlueprintLog: New page: Compile SPECIAL_ROOM_2A
[2018.09.30-18.39.22:847][130]PIE: Warning: AttachTo: '/Engine/Transient.World_3:PersistentLevel.SPECIAL_ROOM_2A_C_0.Desk1_Blueprint' is not static  (in blueprint "SPECIAL_ROOM_2A"), cannot attach '/Engine/Transient.World_3:PersistentLevel.Desk1_Blueprint_GEN_VARIABLE_Desk1_Blueprint_C_CAT_24.StaticMeshComponent0' which is static to it. Aborting.
[2018.09.30-18.39.22:858][130]PIE: Warning: AttachTo: '/Engine/Transient.World_2:PersistentLevel.SPECIAL_ROOM_2A_C_0.Desk1_Blueprint' is not static  (in blueprint "SPECIAL_ROOM_2A"), cannot attach '/Engine/Transient.World_2:PersistentLevel.Desk1_Blueprint_GEN_VARIABLE_Desk1_Blueprint_C_CAT_26.StaticMeshComponent0' which is static to it. Aborting.
[2018.09.30-18.39.23:247][130]PIE: Warning: AttachTo: '/Engine/Transient.World_3:PersistentLevel.SPECIAL_ROOM_2A_C_0.Desk1_Blueprint' is not static  (in blueprint "SPECIAL_ROOM_2A"), cannot attach '/Engine/Transient.World_3:PersistentLevel.Desk1_Blueprint_GEN_VARIABLE_Desk1_Blueprint_C_CAT_26.StaticMeshComponent0' which is static to it. Aborting.
[2018.09.30-18.39.23:261][130]PIE: Warning: AttachTo: '/Engine/Transient.World_2:PersistentLevel.SPECIAL_ROOM_2A_C_0.Desk1_Blueprint' is not static  (in blueprint "SPECIAL_ROOM_2A"), cannot attach '/Engine/Transient.World_2:PersistentLevel.Desk1_Blueprint_GEN_VARIABLE_Desk1_Blueprint_C_CAT_28.StaticMeshComponent0' which is static to it. Aborting.
[2018.09.30-18.39.23:271][130]PIE: Warning: AttachTo: '/Engine/Transient.World_3:PersistentLevel.SPECIAL_ROOM_2A_C_1.Desk1_Blueprint' is not static  (in blueprint "SPECIAL_ROOM_2A"), cannot attach '/Engine/Transient.World_3:PersistentLevel.Desk1_Blueprint_GEN_VARIABLE_Desk1_Blueprint_C_CAT_28.StaticMeshComponent0' which is static to it. Aborting.
[2018.09.30-18.39.23:288][130]PIE: Warning: AttachTo: '/Engine/Transient.World_2:PersistentLevel.SPECIAL_ROOM_2A_C_0.Desk1_Blueprint' is not static  (in blueprint "SPECIAL_ROOM_2A"), cannot attach '/Engine/Transient.World_2:PersistentLevel.Desk1_Blueprint_GEN_VARIABLE_Desk1_Blueprint_C_CAT_30.StaticMeshComponent0' which is static to it. Aborting.
[2018.09.30-18.39.23:301][130]PIE: Warning: AttachTo: '/Engine/Transient.World_3:PersistentLevel.SPECIAL_ROOM_2A_C_1.Desk1_Blueprint' is not static  (in blueprint "SPECIAL_ROOM_2A"), cannot attach '/Engine/Transient.World_3:PersistentLevel.Desk1_Blueprint_GEN_VARIABLE_Desk1_Blueprint_C_CAT_30.StaticMeshComponent0' which is static to it. Aborting.
[2018.09.30-18.39.23:346][130]PIE: Warning: AttachTo: '/Engine/Transient.World_2:PersistentLevel.SPECIAL_ROOM_2A_C_0.Desk1_Blueprint' is not static  (in blueprint "SPECIAL_ROOM_2A"), cannot attach '/Engine/Transient.World_2:PersistentLevel.Desk1_Blueprint_GEN_VARIABLE_Desk1_Blueprint_C_CAT_32.StaticMeshComponent0' which is static to it. Aborting.
[2018.09.30-18.39.23:802][163]LogSavePackage: Moving '../../../../../GameDev/_Projects/A.S.H/ASH_Game/Saved/SPECIAL_ROOM_2A34619A7E41CC117B8DECC0970602A973.tmp' to '../../../../../GameDev/_Projects/A.S.H/ASH_Game/Content/TopDownBP/Blueprints/Enemy_SpawnPoints/Rooms/SPECIAL_ROOM_2A.uasset'
[2018.09.30-19.32.46:068][743]LogSlate: FSceneViewport::OnFocusLost() reason 0
[2018.09.30-19.32.52:664][133]LogAssetEditorManager: Opening Asset editor for Blueprint /Game/Objects/Desks/Desk1_Blueprint.Desk1_Blueprint
[2018.09.30-19.32.57:271][376]LogAssetEditorManager: Opening Asset editor for Blueprint /Game/Objects/Desks/Desk1_Blueprint.Desk1_Blueprint
[2018.09.30-19.33.03:618][728]LogSlate: FSceneViewport::OnFocusLost() reason 2
[2018.09.30-19.33.06:543][894]PIE: Warning: AttachTo: '/Engine/Transient.World_2:PersistentLevel.SPECIAL_ROOM_2A_C_0.Desk1_Blueprint' is not static  (in blueprint "SPECIAL_ROOM_2A"), cannot attach '/Engine/Transient.World_2:PersistentLevel.Desk1_Blueprint_GEN_VARIABLE_Desk1_Blueprint_C_CAT_34.StaticMeshComponent0' which is static to it. Aborting.
[2018.09.30-19.33.06:561][894]PIE: Warning: AttachTo: '/Engine/Transient.World_3:PersistentLevel.SPECIAL_ROOM_2A_C_1.Desk1_Blueprint' is not static  (in blueprint "SPECIAL_ROOM_2A"), cannot attach '/Engine/Transient.World_3:PersistentLevel.Desk1_Blueprint_GEN_VARIABLE_Desk1_Blueprint_C_CAT_32.StaticMeshComponent0' which is static to it. Aborting.
[2018.09.30-19.33.07:815][968]LogSlate: FSceneViewport::OnFocusLost() reason 2
[2018.09.30-19.33.13:881][325]PIE: Warning: AttachTo: '/Engine/Transient.World_3:PersistentLevel.SPECIAL_ROOM_2A_C_1.Desk1_Blueprint' is not static  (in blueprint "SPECIAL_ROOM_2A"), cannot attach '/Engine/Transient.World_3:PersistentLevel.Desk1_Blueprint_GEN_VARIABLE_Desk1_Blueprint_C_CAT_34.StaticMeshComponent0' which is static to it. Aborting.
[2018.09.30-19.33.13:894][325]PIE: Warning: AttachTo: '/Engine/Transient.World_2:PersistentLevel.SPECIAL_ROOM_2A_C_0.Desk1_Blueprint' is not static  (in blueprint "SPECIAL_ROOM_2A"), cannot attach '/Engine/Transient.World_2:PersistentLevel.Desk1_Blueprint_GEN_VARIABLE_Desk1_Blueprint_C_CAT_36.StaticMeshComponent0' which is static to it. Aborting.
[2018.09.30-19.33.24:326][949]LogSlate: FSceneViewport::OnFocusLost() reason 2
[2018.09.30-19.33.40:649][916]PIE: Warning: AttachTo: '/Engine/Transient.World_2:PersistentLevel.SPECIAL_ROOM_2A_C_0.Desk1_Blueprint' is not static  (in blueprint "SPECIAL_ROOM_2A"), cannot attach '/Engine/Transient.World_2:PersistentLevel.Desk1_Blueprint_GEN_VARIABLE_Desk1_Blueprint_C_CAT_38.StaticMeshComponent0' which is static to it. Aborting.
[2018.09.30-19.33.40:666][916]PIE: Warning: AttachTo: '/Engine/Transient.World_3:PersistentLevel.SPECIAL_ROOM_2A_C_1.Desk1_Blueprint' is not static  (in blueprint "SPECIAL_ROOM_2A"), cannot attach '/Engine/Transient.World_3:PersistentLevel.Desk1_Blueprint_GEN_VARIABLE_Desk1_Blueprint_C_CAT_36.StaticMeshComponent0' which is static to it. Aborting.
[2018.09.30-19.33.45:710][218]LogSlate: FSceneViewport::OnFocusLost() reason 0
[2018.09.30-19.33.51:689][572]Cmd: OBJ SAVEPACKAGE PACKAGE="/Game/Objects/Desks/Desk1_Blueprint" FILE="../../../../../GameDev/_Projects/A.S.H/ASH_Game/Content/Objects/Desks/Desk1_Blueprint.uasset" SILENT=true
[2018.09.30-19.33.51:741][572]LogSavePackage: Moving '../../../../../GameDev/_Projects/A.S.H/ASH_Game/Saved/Desk1_Blueprint6AD8E2DB472B2A4AE8E7BF8888F420B4.tmp' to '../../../../../GameDev/_Projects/A.S.H/ASH_Game/Content/Objects/Desks/Desk1_Blueprint.uasset'
[2018.09.30-19.33.58:179][957]LogSlate: FSceneViewport::OnFocusLost() reason 0
[2018.09.30-19.34.07:146][491]LogActorComponent: UnregisterComponent: (/Engine/Transient.EditorFloorComp) Not registered. Aborting.
[2018.09.30-19.34.12:625][814]LogAssetEditorManager: Opening Asset editor for Blueprint /Game/Objects/Chairs/PyramidChairBP.PyramidChairBP
[2018.09.30-19.34.17:641][ 79]LogSlate: FSceneViewport::OnFocusLost() reason 2
[2018.09.30-19.34.31:308][888]LogMaterial: Warning: Material /Engine/VREditor/Devices/Generic/GenericHMDMaterial.GenericHMDMaterial needed to have new flag set bUsedWithSkeletalMesh !
[2018.09.30-19.34.31:310][888]LogMaterial: Display: Missing cached shader map for material GenericHMDMaterial, compiling. 
[2018.09.30-19.34.31:457][888]LogShaderCompilers: Display: Shaders left to compile 60
[2018.09.30-19.34.31:457][888]LogShaderCompilers: Display: Shaders left to compile 50
[2018.09.30-19.34.31:457][888]LogShaderCompilers: Display: Shaders left to compile 40
[2018.09.30-19.34.31:457][888]LogShaderCompilers: Display: Shaders left to compile 30
[2018.09.30-19.34.31:458][888]PIE: Warning: AttachTo: '/Engine/Transient.World_3:PersistentLevel.SPECIAL_ROOM_2A_C_1.Desk1_Blueprint' is not static  (in blueprint "SPECIAL_ROOM_2A"), cannot attach '/Engine/Transient.World_3:PersistentLevel.Desk1_Blueprint_GEN_VARIABLE_Desk1_Blueprint_C_CAT_38.StaticMeshComponent0' which is static to it. Aborting.
[2018.09.30-19.34.31:472][888]PIE: Warning: AttachTo: '/Engine/Transient.World_2:PersistentLevel.SPECIAL_ROOM_2A_C_0.Desk1_Blueprint' is not static  (in blueprint "SPECIAL_ROOM_2A"), cannot attach '/Engine/Transient.World_2:PersistentLevel.Desk1_Blueprint_GEN_VARIABLE_Desk1_Blueprint_C_CAT_40.StaticMeshComponent0' which is static to it. Aborting.
[2018.09.30-19.34.36:631][181]LogShaderCompilers: Display: Shaders left to compile 20
[2018.09.30-19.34.37:647][241]LogShaderCompilers: Display: Shaders left to compile 10
[2018.09.30-19.34.44:962][676]LogSlate: FSceneViewport::OnFocusLost() reason 0
[2018.09.30-19.34.45:090][682]Cmd: OBJ SAVEPACKAGE PACKAGE="/Game/Objects/Chairs/PyramidChairBP" FILE="../../../../../GameDev/_Projects/A.S.H/ASH_Game/Content/Objects/Chairs/PyramidChairBP.uasset" SILENT=true
[2018.09.30-19.34.45:131][682]LogSavePackage: Moving '../../../../../GameDev/_Projects/A.S.H/ASH_Game/Saved/PyramidChairBPD928C97F4B002F70AD83F0AE5C396370.tmp' to '../../../../../GameDev/_Projects/A.S.H/ASH_Game/Content/Objects/Chairs/PyramidChairBP.uasset'
[2018.09.30-19.34.52:502][124]LogSlate: FSceneViewport::OnFocusLost() reason 0
[2018.09.30-19.35.00:490][597]LogSlate: FSceneViewport::OnFocusLost() reason 0
[2018.09.30-19.35.00:645][602]LogSavePackage: Moving '../../../../../GameDev/_Projects/A.S.H/ASH_Game/Saved/SPECIAL_ROOM_2A7F33C570438D50D7A0362CA0F43EEDF4.tmp' to '../../../../../GameDev/_Projects/A.S.H/ASH_Game/Content/TopDownBP/Blueprints/Enemy_SpawnPoints/Rooms/SPECIAL_ROOM_2A.uasset'
[2018.09.30-19.35.10:191][170]LogSlate: FSceneViewport::OnFocusLost() reason 0
[2018.09.30-19.35.14:422][423]LogAssetEditorManager: Opening Asset editor for Blueprint /Game/Objects/CablesAndRopes/CablesBP.CablesBP
[2018.09.30-19.35.18:369][632]LogSlate: FSceneViewport::OnFocusLost() reason 2
[2018.09.30-19.35.29:021][260]PIE: Warning: AttachTo: '/Engine/Transient.World_2:PersistentLevel.SPECIAL_ROOM_2A_C_0.Desk1_Blueprint' is not static  (in blueprint "SPECIAL_ROOM_2A"), cannot attach '/Engine/Transient.World_2:PersistentLevel.Desk1_Blueprint_GEN_VARIABLE_Desk1_Blueprint_C_CAT_42.StaticMeshComponent0' which is static to it. Aborting.
[2018.09.30-19.35.29:035][260]PIE: Warning: AttachTo: '/Engine/Transient.World_3:PersistentLevel.SPECIAL_ROOM_2A_C_1.Desk1_Blueprint' is not static  (in blueprint "SPECIAL_ROOM_2A"), cannot attach '/Engine/Transient.World_3:PersistentLevel.Desk1_Blueprint_GEN_VARIABLE_Desk1_Blueprint_C_CAT_40.StaticMeshComponent0' which is static to it. Aborting.
[2018.09.30-19.35.33:081][502]LogSlate: FSceneViewport::OnFocusLost() reason 0
[2018.09.30-19.35.33:193][507]Cmd: OBJ SAVEPACKAGE PACKAGE="/Game/Objects/CablesAndRopes/CablesBP" FILE="../../../../../GameDev/_Projects/A.S.H/ASH_Game/Content/Objects/CablesAndRopes/CablesBP.uasset" SILENT=true
[2018.09.30-19.35.33:236][507]LogSavePackage: Moving '../../../../../GameDev/_Projects/A.S.H/ASH_Game/Saved/CablesBP2CC026DA43B8FA6C34B60F9525C715ED.tmp' to '../../../../../GameDev/_Projects/A.S.H/ASH_Game/Content/Objects/CablesAndRopes/CablesBP.uasset'
[2018.09.30-19.35.42:525][ 59]LogSlate: FSceneViewport::OnFocusLost() reason 0
[2018.09.30-19.35.45:624][244]Cmd: OBJ SAVEPACKAGE PACKAGE="/Game/Objects/CablesAndRopes/CablesBP" FILE="../../../../../GameDev/_Projects/A.S.H/ASH_Game/Content/Objects/CablesAndRopes/CablesBP.uasset" SILENT=true
[2018.09.30-19.35.45:654][244]LogSavePackage: Moving '../../../../../GameDev/_Projects/A.S.H/ASH_Game/Saved/CablesBP2DBBBC8C419182521E8AD7B22EF6F4BA.tmp' to '../../../../../GameDev/_Projects/A.S.H/ASH_Game/Content/Objects/CablesAndRopes/CablesBP.uasset'
[2018.09.30-19.35.52:384][643]LogSlate: FSceneViewport::OnFocusLost() reason 0
[2018.09.30-19.36.18:383][177]LogSlate: FSceneViewport::OnFocusLost() reason 2
[2018.09.30-19.36.40:349][462]LogSlate: FSceneViewport::OnFocusLost() reason 0
[2018.09.30-19.36.40:449][468]BlueprintLog: New page: Compile SPECIAL_ROOM_4A
[2018.09.30-19.36.41:352][495]LogSavePackage: Moving '../../../../../GameDev/_Projects/A.S.H/ASH_Game/Saved/SPECIAL_ROOM_4AA0BAD6EC429EE4D53D7FCA9359071044.tmp' to '../../../../../GameDev/_Projects/A.S.H/ASH_Game/Content/TopDownBP/Blueprints/Enemy_SpawnPoints/Rooms/SPECIAL_ROOM_4A.uasset'
[2018.09.30-19.37.00:773][516]LogSlate: FSceneViewport::OnFocusLost() reason 0
[2018.09.30-19.37.02:780][634]LogAssetEditorManager: Opening Asset editor for StaticMesh /Game/Objects/Pipes/Pipe2/Pipes_Cylinder02.Pipes_Cylinder02
[2018.09.30-19.37.05:227][714]LogRenderer: Reallocating scene render targets to support 1016x804 Format 10 NumSamples 1 (Frame:77).
[2018.09.30-19.37.26:746][986]Cmd: OBJ SAVEPACKAGE PACKAGE="/Game/Objects/Pipes/Pipe2/Pipes_Cylinder02" FILE="../../../../../GameDev/_Projects/A.S.H/ASH_Game/Content/Objects/Pipes/Pipe2/Pipes_Cylinder02.uasset" SILENT=true
[2018.09.30-19.37.26:780][986]LogSavePackage: Moving '../../../../../GameDev/_Projects/A.S.H/ASH_Game/Saved/Pipes_Cylinder02E4454945418AB2332CB06BB34983D47A.tmp' to '../../../../../GameDev/_Projects/A.S.H/ASH_Game/Content/Objects/Pipes/Pipe2/Pipes_Cylinder02.uasset'
[2018.09.30-19.37.33:328][361]LogSlate: FSceneViewport::OnFocusLost() reason 2
[2018.09.30-19.37.48:175][242]LogSlate: FSceneViewport::OnFocusLost() reason 0
[2018.09.30-19.37.48:323][247]LogSavePackage: Moving '../../../../../GameDev/_Projects/A.S.H/ASH_Game/Saved/SPECIAL_ROOM_4A1634669A4D17D9EADA798EAF01DD034C.tmp' to '../../../../../GameDev/_Projects/A.S.H/ASH_Game/Content/TopDownBP/Blueprints/Enemy_SpawnPoints/Rooms/SPECIAL_ROOM_4A.uasset'
[2018.09.30-19.37.53:336][543]LogAssetEditorManager: Opening Asset editor for StaticMesh /Game/Objects/Pipes/Pipe2/Pipes_Cylinder09.Pipes_Cylinder09
[2018.09.30-19.38.00:754][967]Cmd: OBJ SAVEPACKAGE PACKAGE="/Game/Objects/Pipes/Pipe2/Pipes_Cylinder09" FILE="../../../../../GameDev/_Projects/A.S.H/ASH_Game/Content/Objects/Pipes/Pipe2/Pipes_Cylinder09.uasset" SILENT=true
[2018.09.30-19.38.00:788][967]LogSavePackage: Moving '../../../../../GameDev/_Projects/A.S.H/ASH_Game/Saved/Pipes_Cylinder09B8121E6F4EBF4308E637F0B9A27CC82C.tmp' to '../../../../../GameDev/_Projects/A.S.H/ASH_Game/Content/Objects/Pipes/Pipe2/Pipes_Cylinder09.uasset'
[2018.09.30-19.38.04:696][201]LogSlate: FSceneViewport::OnFocusLost() reason 0
[2018.09.30-19.38.04:842][206]LogSavePackage: Moving '../../../../../GameDev/_Projects/A.S.H/ASH_Game/Saved/SPECIAL_ROOM_4AE6539B154B210034E597B5A1CC7A3AEE.tmp' to '../../../../../GameDev/_Projects/A.S.H/ASH_Game/Content/TopDownBP/Blueprints/Enemy_SpawnPoints/Rooms/SPECIAL_ROOM_4A.uasset'
[2018.09.30-19.38.10:858][565]LogSlate: FSceneViewport::OnFocusLost() reason 0
[2018.09.30-19.38.13:655][729]LogSlate: FSceneViewport::OnFocusLost() reason 2
[2018.09.30-19.38.13:803][732]LogSlate: Took 0.000195 seconds to synchronously load lazily loaded font '../../../Engine/Content/Slate/Fonts/Roboto-Light.ttf' (167K)
[2018.09.30-19.38.15:203][732]LogSlate: Window 'Save Asset As' being destroyed
[2018.09.30-19.38.17:129][773]LogSlate: Window 'Save Asset As' being destroyed
[2018.09.30-19.38.25:137][816]LogSlate: Window 'Save Asset As' being destroyed
[2018.09.30-19.38.32:325][243]PIE: Warning: AttachTo: '/Engine/Transient.World_3:PersistentLevel.SPECIAL_ROOM_2A_C_1.Desk1_Blueprint' is not static  (in blueprint "SPECIAL_ROOM_2A"), cannot attach '/Engine/Transient.World_3:PersistentLevel.Desk1_Blueprint_GEN_VARIABLE_Desk1_Blueprint_C_CAT_42.StaticMeshComponent0' which is static to it. Aborting.
[2018.09.30-19.38.32:341][243]PIE: Warning: AttachTo: '/Engine/Transient.World_2:PersistentLevel.SPECIAL_ROOM_2A_C_0.Desk1_Blueprint' is not static  (in blueprint "SPECIAL_ROOM_2A"), cannot attach '/Engine/Transient.World_2:PersistentLevel.Desk1_Blueprint_GEN_VARIABLE_Desk1_Blueprint_C_CAT_44.StaticMeshComponent0' which is static to it. Aborting.
[2018.09.30-19.38.39:449][667]LogSlate: FSceneViewport::OnFocusLost() reason 0
[2018.09.30-19.38.39:614][673]LogSavePackage: Moving '../../../../../GameDev/_Projects/A.S.H/ASH_Game/Saved/SPECIAL_ROOM_2A21A951EB4733C4DCC6773784543CC4CA.tmp' to '../../../../../GameDev/_Projects/A.S.H/ASH_Game/Content/TopDownBP/Blueprints/Enemy_SpawnPoints/Rooms/SPECIAL_ROOM_2A.uasset'
[2018.09.30-19.38.45:662][ 34]LogSlate: FSceneViewport::OnFocusLost() reason 0
[2018.09.30-19.38.45:826][ 40]LogSavePackage: Moving '../../../../../GameDev/_Projects/A.S.H/ASH_Game/Saved/SPECIAL_ROOM_2A6D576E1B476508D8B5A461BFDEF63F00.tmp' to '../../../../../GameDev/_Projects/A.S.H/ASH_Game/Content/TopDownBP/Blueprints/Enemy_SpawnPoints/Rooms/SPECIAL_ROOM_2A.uasset'
[2018.09.30-19.38.46:828][100]LogSlate: Window 'Pipes_Cylinder09' being destroyed
[2018.09.30-19.38.46:832][100]LogSlate: Window 'Pipes_Cylinder09' being destroyed
[2018.09.30-19.38.46:835][100]LogActorComponent: UnregisterComponent: (/Engine/Transient.EditorFloorComp) Not registered. Aborting.
[2018.09.30-19.38.46:924][100]LogActorComponent: UnregisterComponent: (/Engine/Transient.EditorFloorComp) Not registered. Aborting.
[2018.09.30-19.38.48:447][178]Cmd: OBJ SAVEPACKAGE PACKAGE="/Game/UI-Rick/MainMenuTest" FILE="../../../../../GameDev/_Projects/A.S.H/ASH_Game/Content/UI-Rick/MainMenuTest.umap" SILENT=true AUTOSAVING=false KEEPDIRTY=false
[2018.09.30-19.38.48:693][178]LogSavePackage: Moving '../../../../../GameDev/_Projects/A.S.H/ASH_Game/Saved/MainMenuTest4F9E885B4CB6188C185C85A8523E5786.tmp' to '../../../../../GameDev/_Projects/A.S.H/ASH_Game/Content/UI-Rick/MainMenuTest.umap'
[2018.09.30-19.38.51:298][210]LogSlate: Window 'Save Content' being destroyed
[2018.09.30-19.38.51:334][210]Cmd: OBJ SAVEPACKAGE PACKAGE="/Engine/VREditor/Devices/Generic/GenericHMDMaterial" FILE="../../../Engine/Content/VREditor/Devices/Generic/GenericHMDMaterial.uasset" SILENT=true
[2018.09.30-19.38.51:370][210]LogSavePackage: Moving '../../../../../GameDev/_Projects/A.S.H/ASH_Game/Saved/GenericHMDMaterialECB4E44E4208AC9B231BEC90BFDF6E60.tmp' to '../../../Engine/Content/VREditor/Devices/Generic/GenericHMDMaterial.uasset'
[2018.09.30-19.38.51:521][210]LogSlate: Window 'ASH_Game - Unreal Editor' being destroyed
[2018.09.30-19.38.51:521][210]LogWindowsTextInputMethodSystem: Display: IME system now deactivated.
[2018.09.30-19.38.51:727][211]Cmd: QUIT_EDITOR
[2018.09.30-19.38.51:786][211]LogExit: Preparing to exit.
[2018.09.30-19.38.52:667][211]LogExit: Editor shut down
[2018.09.30-19.38.52:667][211]LogExit: Transaction tracking system shut down
[2018.09.30-19.38.53:232][211]LogExit: Object subsystem successfully closed.
[2018.09.30-19.38.53:257][211]LogShaderCompilers: Display: Shaders left to compile 0
[2018.09.30-19.38.53:262][211]LogD3D11RHI: Shutdown
[2018.09.30-19.38.53:262][211]LogD3D11RHI: CleanupD3DDevice
[2018.09.30-19.38.53:266][211]LogD3D11RHI: ~FD3D11DynamicRHI
[2018.09.30-19.38.53:277][211]LogModuleManager: Shutting down and abandoning module StaticMeshEditor (616)
[2018.09.30-19.38.53:278][211]LogModuleManager: Shutting down and abandoning module HierarchicalLODUtilities (614)
[2018.09.30-19.38.53:278][211]LogModuleManager: Shutting down and abandoning module BlueprintGraph (612)
[2018.09.30-19.38.53:278][211]LogModuleManager: Shutting down and abandoning module HierarchicalLODOutliner (610)
[2018.09.30-19.38.53:278][211]LogModuleManager: Shutting down and abandoning module SceneOutliner (608)
[2018.09.30-19.38.53:278][211]LogModuleManager: Shutting down and abandoning module AddContentDialog (606)
[2018.09.30-19.38.53:278][211]LogModuleManager: Shutting down and abandoning module WidgetCarousel (605)
[2018.09.30-19.38.53:279][211]LogModuleManager: Shutting down and abandoning module EditorWidgets (602)
[2018.09.30-19.38.53:279][211]LogModuleManager: Shutting down and abandoning module CollectionManager (600)
[2018.09.30-19.38.53:279][211]LogModuleManager: Shutting down and abandoning module StatsViewer (598)
[2018.09.30-19.38.53:279][211]LogModuleManager: Shutting down and abandoning module FoliageEdit (596)
[2018.09.30-19.38.53:279][211]LogModuleManager: Shutting down and abandoning module LandscapeEditor (594)
[2018.09.30-19.38.53:279][211]LogModuleManager: Shutting down and abandoning module MeshPaintMode (592)
[2018.09.30-19.38.53:279][211]LogModuleManager: Shutting down and abandoning module SceneDepthPickerMode (590)
[2018.09.30-19.38.53:279][211]LogModuleManager: Shutting down and abandoning module ActorPickerMode (588)
[2018.09.30-19.38.53:279][211]LogModuleManager: Shutting down and abandoning module GeometryMode (586)
[2018.09.30-19.38.53:279][211]LogModuleManager: Shutting down and abandoning module TextureAlignMode (584)
[2018.09.30-19.38.53:279][211]LogModuleManager: Shutting down and abandoning module BspMode (582)
[2018.09.30-19.38.53:279][211]LogModuleManager: Shutting down and abandoning module PIEPreviewDeviceProfileSelector (580)
[2018.09.30-19.38.53:279][211]LogModuleManager: Shutting down and abandoning module SequenceRecorderSections (578)
[2018.09.30-19.38.53:279][211]LogModuleManager: Shutting down and abandoning module AutomationWorker (576)
[2018.09.30-19.38.53:279][211]LogModuleManager: Shutting down and abandoning module AudioCaptureEditor (574)
[2018.09.30-19.38.53:279][211]LogModuleManager: Shutting down and abandoning module SequenceRecorder (573)
[2018.09.30-19.38.53:280][211]LogModuleManager: Shutting down and abandoning module MatineeToLevelSequence (570)
[2018.09.30-19.38.53:280][211]LogModuleManager: Shutting down and abandoning module LevelSequenceEditor (568)
[2018.09.30-19.38.53:280][211]LogModuleManager: Shutting down and abandoning module PlacementMode (567)
[2018.09.30-19.38.53:280][211]LogModuleManager: Shutting down and abandoning module MaterialEditor (566)
[2018.09.30-19.38.53:280][211]LogModuleManager: Shutting down and abandoning module WmfMediaFactory (562)
[2018.09.30-19.38.53:280][211]LogModuleManager: Shutting down and abandoning module WmfMediaEditor (560)
[2018.09.30-19.38.53:280][211]LogModuleManager: Shutting down and abandoning module MediaPlayerEditor (558)
[2018.09.30-19.38.53:280][211]LogModuleManager: Shutting down and abandoning module OpenExrWrapper (556)
[2018.09.30-19.38.53:280][211]LogModuleManager: Shutting down and abandoning module ImgMediaFactory (554)
[2018.09.30-19.38.53:280][211]LogModuleManager: Shutting down and abandoning module ImgMediaEditor (552)
[2018.09.30-19.38.53:280][211]LogModuleManager: Shutting down and abandoning module AvfMediaFactory (550)
[2018.09.30-19.38.53:280][211]LogModuleManager: Shutting down and abandoning module AvfMediaEditor (548)
[2018.09.30-19.38.53:280][211]LogModuleManager: Shutting down and abandoning module AndroidMediaFactory (546)
[2018.09.30-19.38.53:280][211]LogModuleManager: Shutting down and abandoning module AndroidMediaEditor (544)
[2018.09.30-19.38.53:280][211]LogModuleManager: Shutting down and abandoning module MagicLeapCameraPreviewFactory (542)
[2018.09.30-19.38.53:280][211]LogModuleManager: Shutting down and abandoning module MagicLeapMediaFactory (540)
[2018.09.30-19.38.53:280][211]LogModuleManager: Shutting down and abandoning module MagicLeapMediaEditor (538)
[2018.09.30-19.38.53:280][211]LogModuleManager: Shutting down and abandoning module CharacterAI (536)
[2018.09.30-19.38.53:280][211]LogModuleManager: Shutting down and abandoning module SmartSnapping (534)
[2018.09.30-19.38.53:280][211]LogModuleManager: Shutting down and abandoning module SessionServices (532)
[2018.09.30-19.38.53:280][211]LogModuleManager: Shutting down and abandoning module ViewportSnapping (530)
[2018.09.30-19.38.53:280][211]LogModuleManager: Shutting down and abandoning module ViewportInteraction (528)
[2018.09.30-19.38.53:280][211]LogModuleManager: Shutting down and abandoning module ClothPainter (526)
[2018.09.30-19.38.53:280][211]LogModuleManager: Shutting down and abandoning module SkeletalMeshEditor (525)
[2018.09.30-19.38.53:280][211]LogModuleManager: Shutting down and abandoning module LogVisualizer (522)
[2018.09.30-19.38.53:280][211]LogModuleManager: Shutting down and abandoning module IntroTutorials (520)
[2018.09.30-19.38.53:280][211]LogModuleManager: Shutting down and abandoning module GameProjectGeneration (519)
[2018.09.30-19.38.53:280][211]LogModuleManager: Shutting down and abandoning module LuminPlatformEditor (516)
[2018.09.30-19.38.53:280][211]LogModuleManager: Shutting down and abandoning module IOSPlatformEditor (514)
[2018.09.30-19.38.53:280][211]LogModuleManager: Shutting down and abandoning module HTML5PlatformEditor (512)
[2018.09.30-19.38.53:280][211]LogModuleManager: Shutting down and abandoning module AndroidPlatformEditor (510)
[2018.09.30-19.38.53:281][211]LogModuleManager: Shutting down and abandoning module AndroidDeviceDetection (509)
[2018.09.30-19.38.54:747][211]LogModuleManager: Shutting down and abandoning module WindowsPlatformEditor (506)
[2018.09.30-19.38.54:747][211]LogModuleManager: Shutting down and abandoning module LuminRuntimeSettings (504)
[2018.09.30-19.38.54:747][211]LogModuleManager: Shutting down and abandoning module IOSRuntimeSettings (502)
[2018.09.30-19.38.54:747][211]LogModuleManager: Shutting down and abandoning module AndroidRuntimeSettings (500)
[2018.09.30-19.38.54:747][211]LogModuleManager: Shutting down and abandoning module InputBindingEditor (498)
[2018.09.30-19.38.54:747][211]LogModuleManager: Shutting down and abandoning module MergeActors (496)
[2018.09.30-19.38.54:747][211]LogModuleManager: Shutting down and abandoning module LocalizationDashboard (494)
[2018.09.30-19.38.54:747][211]LogModuleManager: Shutting down and abandoning module LocalizationService (493)
[2018.09.30-19.38.54:748][211]LogModuleManager: Shutting down and abandoning module HardwareTargeting (490)
[2018.09.30-19.38.54:748][211]LogModuleManager: Shutting down and abandoning module DeviceProfileEditor (488)
[2018.09.30-19.38.54:748][211]LogModuleManager: Shutting down and abandoning module UndoHistory (486)
[2018.09.30-19.38.54:748][211]LogModuleManager: Shutting down and abandoning module XmlParser (484)
[2018.09.30-19.38.54:748][211]LogModuleManager: Shutting down and abandoning module Blutility (482)
[2018.09.30-19.38.54:748][211]LogModuleManager: Shutting down and abandoning module ProjectSettingsViewer (480)
[2018.09.30-19.38.54:748][211]LogModuleManager: Shutting down and abandoning module ProjectTargetPlatformEditor (479)
[2018.09.30-19.38.54:748][211]LogModuleManager: Shutting down and abandoning module EditorSettingsViewer (476)
[2018.09.30-19.38.54:748][211]LogModuleManager: Shutting down and abandoning module SettingsEditor (474)
[2018.09.30-19.38.54:748][211]LogModuleManager: Shutting down and abandoning module ProjectLauncher (472)
[2018.09.30-19.38.54:748][211]LogModuleManager: Shutting down and abandoning module SessionFrontend (470)
[2018.09.30-19.38.54:748][211]LogModuleManager: Shutting down and abandoning module ProfilerClient (468)
[2018.09.30-19.38.54:748][211]LogModuleManager: Shutting down and abandoning module DeviceManager (466)
[2018.09.30-19.38.54:748][211]LogModuleManager: Shutting down and abandoning module TargetDeviceServices (465)
[2018.09.30-19.38.54:815][211]LogModuleManager: Shutting down and abandoning module AutomationController (462)
[2018.09.30-19.38.54:815][211]LogModuleManager: Shutting down and abandoning module AutomationWindow (460)
[2018.09.30-19.38.54:815][211]LogModuleManager: Shutting down and abandoning module Layers (458)
[2018.09.30-19.38.54:815][211]LogModuleManager: Shutting down and abandoning module ComponentVisualizers (456)
[2018.09.30-19.38.54:815][211]LogModuleManager: Shutting down and abandoning module DetailCustomizations (454)
[2018.09.30-19.38.54:815][211]LogModuleManager: Shutting down and abandoning module PackagesDialog (452)
[2018.09.30-19.38.54:816][211]LogModuleManager: Shutting down and abandoning module Persona (450)
[2018.09.30-19.38.54:816][211]LogModuleManager: Shutting down and abandoning module AdvancedPreviewScene (449)
[2018.09.30-19.38.54:816][211]LogModuleManager: Shutting down and abandoning module AnimGraph (447)
[2018.09.30-19.38.54:816][211]LogModuleManager: Shutting down and abandoning module Kismet (444)
[2018.09.30-19.38.54:824][211]LogModuleManager: Shutting down and abandoning module GraphEditor (442)
[2018.09.30-19.38.54:824][211]LogModuleManager: Shutting down and abandoning module ClassViewer (440)
[2018.09.30-19.38.54:824][211]LogModuleManager: Shutting down and abandoning module Toolbox (438)
[2018.09.30-19.38.54:824][211]LogModuleManager: Shutting down and abandoning module ModuleUI (436)
[2018.09.30-19.38.54:824][211]LogModuleManager: Shutting down and abandoning module MovieSceneTools (434)
[2018.09.30-19.38.54:825][211]LogModuleManager: Shutting down and abandoning module OutputLog (432)
[2018.09.30-19.38.54:825][211]LogModuleManager: Shutting down and abandoning module GammaUI (430)
[2018.09.30-19.38.54:825][211]LogModuleManager: Shutting down and abandoning module Documentation (428)
[2018.09.30-19.38.54:825][211]LogModuleManager: Shutting down and abandoning module MovieSceneTracks (426)
[2018.09.30-19.38.54:825][211]LogModuleManager: Shutting down and abandoning module MovieScene (424)
[2018.09.30-19.38.54:825][211]LogModuleManager: Shutting down and abandoning module StreamingPauseRendering (422)
[2018.09.30-19.38.54:825][211]LogModuleManager: Shutting down and abandoning module LauncherPlatform (420)
[2018.09.30-19.38.54:825][211]LogModuleManager: Shutting down and abandoning module AnalyticsET (418)
[2018.09.30-19.38.54:825][211]LogModuleManager: Shutting down and abandoning module PortalServices (416)
[2018.09.30-19.38.54:825][211]LogModuleManager: Shutting down and abandoning module PortalRpc (414)
[2018.09.30-19.38.54:825][211]LogModuleManager: Shutting down and abandoning module MessagingRpc (412)
[2018.09.30-19.38.54:825][211]LogModuleManager: Shutting down and abandoning module AIModule (410)
[2018.09.30-19.38.54:825][211]LogModuleManager: Shutting down and abandoning module GameplayDebugger (409)
[2018.09.30-19.38.54:825][211]LogModuleManager: Shutting down and abandoning module AITestSuite (407)
[2018.09.30-19.38.54:825][211]LogModuleManager: Shutting down and abandoning module NavigationSystem (405)
[2018.09.30-19.38.54:825][211]LogModuleManager: Shutting down and abandoning module DesktopPlatform (402)
[2018.09.30-19.38.54:825][211]LogModuleManager: Shutting down and abandoning module ProfilerService (400)
[2018.09.30-19.38.54:958][211]LogModuleManager: Shutting down and abandoning module TaskGraph (398)
[2018.09.30-19.38.54:958][211]LogModuleManager: Shutting down and abandoning module SteamVRController (396)
[2018.09.30-19.38.54:958][211]LogModuleManager: Shutting down and abandoning module ProceduralMeshComponentEditor (394)
[2018.09.30-19.38.54:958][211]LogModuleManager: Shutting down and abandoning module ProceduralMeshComponent (392)
[2018.09.30-19.38.54:958][211]LogModuleManager: Shutting down and abandoning module OculusInput (390)
[2018.09.30-19.38.54:958][211]LogModuleManager: Shutting down and abandoning module MobilePatchingUtils (388)
[2018.09.30-19.38.54:959][211]LogModuleManager: Shutting down and abandoning module EditableMesh (386)
[2018.09.30-19.38.54:959][211]LogModuleManager: Shutting down and abandoning module CustomMeshComponent (384)
[2018.09.30-19.38.54:959][211]LogModuleManager: Shutting down and abandoning module CableComponent (382)
[2018.09.30-19.38.54:959][211]LogModuleManager: Shutting down and abandoning module AudioCapture (380)
[2018.09.30-19.38.54:959][211]LogModuleManager: Shutting down and abandoning module ArchVisCharacter (378)
[2018.09.30-19.38.54:959][211]LogModuleManager: Shutting down and abandoning module AndroidPermission (376)
[2018.09.30-19.38.54:959][211]LogModuleManager: Shutting down and abandoning module NUTUnrealEngine4 (374)
[2018.09.30-19.38.54:959][211]LogModuleManager: Shutting down and abandoning module NetcodeUnitTest (372)
[2018.09.30-19.38.54:959][211]LogModuleManager: Shutting down and abandoning module MediaCompositingEditor (370)
[2018.09.30-19.38.54:959][211]LogModuleManager: Shutting down and abandoning module MediaCompositing (368)
[2018.09.30-19.38.54:959][211]LogModuleManager: Shutting down and abandoning module LinearTimecode (366)
[2018.09.30-19.38.54:959][211]LogModuleManager: Shutting down and abandoning module ImgMedia (364)
[2018.09.30-19.38.54:962][211]LogModuleManager: Shutting down and abandoning module HTML5Networking (362)
[2018.09.30-19.38.54:962][211]LogModuleManager: Shutting down and abandoning module GeometryCacheTracks (360)
[2018.09.30-19.38.54:962][211]LogModuleManager: Shutting down and abandoning module GeometryCacheSequencer (358)
[2018.09.30-19.38.54:962][211]LogModuleManager: Shutting down and abandoning module BackChannel (356)
[2018.09.30-19.38.54:962][211]LogModuleManager: Shutting down and abandoning module AppleVision (354)
[2018.09.30-19.38.54:962][211]LogModuleManager: Shutting down and abandoning module AppleImageUtils (352)
[2018.09.30-19.38.54:962][211]LogModuleManager: Shutting down and abandoning module AlembicImporter (350)
[2018.09.30-19.38.54:962][211]LogModuleManager: Shutting down and abandoning module AlembicLibrary (349)
[2018.09.30-19.38.54:962][211]LogModuleManager: Shutting down and abandoning module GeometryCache (348)
[2018.09.30-19.38.54:962][211]LogModuleManager: Shutting down and abandoning module GeometryCacheEd (347)
[2018.09.30-19.38.54:962][211]LogModuleManager: Shutting down and abandoning module DatasmithContentEditor (342)
[2018.09.30-19.38.54:962][211]LogModuleManager: Shutting down and abandoning module DatasmithContent (340)
[2018.09.30-19.38.54:963][211]LogModuleManager: Shutting down and abandoning module SpeedTreeImporter (338)
[2018.09.30-19.38.54:963][211]LogModuleManager: Shutting down and abandoning module PluginBrowser (336)
[2018.09.30-19.38.54:963][211]LogModuleManager: Shutting down and abandoning module MobileLauncherProfileWizard (334)
[2018.09.30-19.38.54:963][211]LogModuleManager: Shutting down and abandoning module PolygonModeling (332)
[2018.09.30-19.38.54:963][211]LogModuleManager: Shutting down and abandoning module MeshEditor (330)
[2018.09.30-19.38.54:963][211]LogModuleManager: Shutting down and abandoning module CryptoKeysOpenSSL (328)
[2018.09.30-19.38.54:963][211]LogModuleManager: Shutting down and abandoning module CryptoKeys (326)
[2018.09.30-19.38.54:963][211]LogModuleManager: Shutting down and abandoning module VisualStudioSourceCodeAccess (324)
[2018.09.30-19.38.54:963][211]LogModuleManager: Shutting down and abandoning module VisualStudioCodeSourceCodeAccess (322)
[2018.09.30-19.38.54:963][211]LogModuleManager: Shutting down and abandoning module UObjectPlugin (320)
[2018.09.30-19.38.54:963][211]LogModuleManager: Shutting down and abandoning module SubversionSourceControl (318)
[2018.09.30-19.38.54:963][211]LogModuleManager: Shutting down and abandoning module PerforceSourceControl (316)
[2018.09.30-19.38.54:963][211]LogModuleManager: Shutting down and abandoning module GitSourceControl (314)
[2018.09.30-19.38.54:963][211]LogModuleManager: Shutting down and abandoning module SourceControl (313)
[2018.09.30-19.38.54:963][211]LogModuleManager: Shutting down and abandoning module CLionSourceCodeAccess (310)
[2018.09.30-19.38.54:963][211]LogModuleManager: Shutting down and abandoning module LightPropagationVolumeEditor (308)
[2018.09.30-19.38.54:963][211]LogModuleManager: Shutting down and abandoning module PaperTiledImporter (306)
[2018.09.30-19.38.54:963][211]LogModuleManager: Shutting down and abandoning module PaperSpriteSheetImporter (304)
[2018.09.30-19.38.54:963][211]LogModuleManager: Shutting down and abandoning module Paper2DEditor (302)
[2018.09.30-19.38.54:964][211]LogModuleManager: Shutting down and abandoning module MeshPaint (301)
[2018.09.30-19.38.54:964][211]LogModuleManager: Shutting down and abandoning module RuntimePhysXCooking (298)
[2018.09.30-19.38.54:964][211]LogModuleManager: Shutting down and abandoning module PhysXVehiclesEditor (296)
[2018.09.30-19.38.54:964][211]LogModuleManager: Shutting down and abandoning module PhysXVehicles (294)
[2018.09.30-19.38.54:964][211]LogModuleManager: Shutting down and abandoning module OculusEditor (292)
[2018.09.30-19.38.54:964][211]LogModuleManager: Shutting down and abandoning module LocationServicesBPLibrary (290)
[2018.09.30-19.38.54:964][211]LogModuleManager: Shutting down and abandoning module ImmediatePhysicsEditor (288)
[2018.09.30-19.38.54:964][211]LogModuleManager: Shutting down and abandoning module ImmediatePhysics (286)
[2018.09.30-19.38.54:964][211]LogModuleManager: Shutting down and abandoning module ActorSequence (284)
[2018.09.30-19.38.54:964][211]LogModuleManager: Shutting down and abandoning module UdpMessaging (282)
[2018.09.30-19.38.55:065][211]LogModuleManager: Shutting down and abandoning module TcpMessaging (280)
[2018.09.30-19.38.55:165][211]LogModuleManager: Shutting down and abandoning module MagicLeapAudio (278)
[2018.09.30-19.38.55:165][211]LogModuleManager: Shutting down and abandoning module GameplayTagsEditor (276)
[2018.09.30-19.38.55:165][211]LogModuleManager: Shutting down and abandoning module FacialAnimationEditor (274)
[2018.09.30-19.38.55:165][211]LogModuleManager: Shutting down and abandoning module FacialAnimation (272)
[2018.09.30-19.38.55:165][211]LogModuleManager: Shutting down and abandoning module DataValidation (270)
[2018.09.30-19.38.55:165][211]LogModuleManager: Shutting down and abandoning module AssetManagerEditor (268)
[2018.09.30-19.38.55:165][211]LogModuleManager: Shutting down and abandoning module LevelEditor (267)
[2018.09.30-19.38.55:166][211]LogModuleManager: Shutting down and abandoning module PixelInspectorModule (266)
[2018.09.30-19.38.55:166][211]LogModuleManager: Shutting down and abandoning module CommonMenuExtensions (264)
[2018.09.30-19.38.55:166][211]LogModuleManager: Shutting down and abandoning module MainFrame (262)
[2018.09.30-19.38.55:166][211]LogModuleManager: Shutting down and abandoning module HotReload (261)
[2018.09.30-19.38.55:166][211]LogModuleManager: Shutting down and abandoning module ContentBrowser (257)
[2018.09.30-19.38.55:168][211]LogModuleManager: Shutting down and abandoning module TreeMap (255)
[2018.09.30-19.38.55:168][211]LogModuleManager: Shutting down and abandoning module LightPropagationVolumeRuntime (252)
[2018.09.30-19.38.55:168][211]LogModuleManager: Shutting down and abandoning module AISupportModule (250)
[2018.09.30-19.38.55:168][211]LogModuleManager: Shutting down and abandoning module Paper2D (248)
[2018.09.30-19.38.55:168][211]LogModuleManager: Shutting down and abandoning module WindowsMoviePlayer (246)
[2018.09.30-19.38.55:168][211]LogModuleManager: Shutting down and abandoning module WmfMedia (244)
[2018.09.30-19.38.55:169][211]LogModuleManager: Shutting down and abandoning module Media (243)
[2018.09.30-19.38.55:175][211]LogModuleManager: Shutting down and abandoning module PacketHandler (240)
[2018.09.30-19.38.55:175][211]LogModuleManager: Shutting down and abandoning module ClothingSystemEditor (238)
[2018.09.30-19.38.55:175][211]LogModuleManager: Shutting down and abandoning module ClothingSystemRuntime (236)
[2018.09.30-19.38.55:175][211]LogModuleManager: Shutting down and abandoning module MediaAssets (234)
[2018.09.30-19.38.55:175][211]LogModuleManager: Shutting down and abandoning module Overlay (232)
[2018.09.30-19.38.55:175][211]LogModuleManager: Shutting down and abandoning module OverlayEditor (231)
[2018.09.30-19.38.55:175][211]LogModuleManager: Shutting down and abandoning module VREditor (228)
[2018.09.30-19.38.55:176][211]LogModuleManager: Shutting down and abandoning module StringTableEditor (226)
[2018.09.30-19.38.55:176][211]LogModuleManager: Shutting down and abandoning module GameplayTasksEditor (224)
[2018.09.30-19.38.55:176][211]LogModuleManager: Shutting down and abandoning module BehaviorTreeEditor (222)
[2018.09.30-19.38.55:176][211]LogModuleManager: Shutting down and abandoning module FunctionalTesting (220)
[2018.09.30-19.38.55:176][211]LogModuleManager: Shutting down and abandoning module CollisionAnalyzer (218)
[2018.09.30-19.38.55:176][211]LogModuleManager: Shutting down and abandoning module WorkspaceMenuStructure (217)
[2018.09.30-19.38.55:176][211]LogModuleManager: Shutting down and abandoning module UMG (214)
[2018.09.30-19.38.55:176][211]LogModuleManager: Shutting down and abandoning module UMGEditor (213)
[2018.09.30-19.38.55:176][211]LogModuleManager: Shutting down and abandoning module Sequencer (212)
[2018.09.30-19.38.55:176][211]LogModuleManager: Shutting down and abandoning module MessageLog (209)
[2018.09.30-19.38.55:176][211]LogModuleManager: Shutting down and abandoning module SlateReflector (204)
[2018.09.30-19.38.55:176][211]LogModuleManager: Shutting down and abandoning module Slate (202)
[2018.09.30-19.38.55:176][211]LogModuleManager: Shutting down and abandoning module EditorStyle (200)
[2018.09.30-19.38.55:178][211]LogModuleManager: Shutting down and abandoning module MRMesh (198)
[2018.09.30-19.38.55:178][211]LogModuleManager: Shutting down and abandoning module SourceCodeAccess (196)
[2018.09.30-19.38.55:178][211]LogModuleManager: Shutting down and abandoning module HeadMountedDisplay (194)
[2018.09.30-19.38.55:178][211]LogModuleManager: Shutting down and abandoning module XAudio2 (192)
[2018.09.30-19.38.55:178][211]LogModuleManager: Shutting down and abandoning module Networking (190)
[2018.09.30-19.38.55:179][211]LogModuleManager: Shutting down and abandoning module Core (188)
[2018.09.30-19.38.55:179][211]LogModuleManager: Shutting down and abandoning module LevelSequence (186)
[2018.09.30-19.38.55:179][211]LogModuleManager: Shutting down and abandoning module KismetCompiler (184)
[2018.09.30-19.38.55:179][211]LogModuleManager: Shutting down and abandoning module MeshUtilities (182)
[2018.09.30-19.38.55:179][211]LogModuleManager: Shutting down and abandoning module MeshMergeUtilities (181)
[2018.09.30-19.38.55:179][211]LogModuleManager: Shutting down and abandoning module MeshReductionInterface (180)
[2018.09.30-19.38.55:179][211]LogModuleManager: Shutting down and abandoning module SimplygonSwarm (179)
[2018.09.30-19.38.55:179][211]LogModuleManager: Shutting down and abandoning module ProxyLODMeshReduction (177)
[2018.09.30-19.38.55:179][211]LogModuleManager: Shutting down and abandoning module SimplygonMeshReduction (175)
[2018.09.30-19.38.55:179][211]LogModuleManager: Shutting down and abandoning module QuadricMeshReduction (173)
[2018.09.30-19.38.55:179][211]LogModuleManager: Shutting down and abandoning module MaterialBaking (169)
[2018.09.30-19.38.55:179][211]LogModuleManager: Shutting down and abandoning module DirectoryWatcher (165)
[2018.09.30-19.38.55:179][211]LogModuleManager: Shutting down and abandoning module DerivedDataCache (162)
[2018.09.30-19.38.55:203][211]LogDerivedDataCache: Shutdown
[2018.09.30-19.38.55:203][211]LogModuleManager: Shutting down and abandoning module XGEController (160)
[2018.09.30-19.38.55:203][211]LogModuleManager: Shutting down and abandoning module TargetPlatform (158)
[2018.09.30-19.38.55:203][211]LogModuleManager: Shutting down and abandoning module VulkanShaderFormat (157)
[2018.09.30-19.38.55:203][211]LogModuleManager: Shutting down and abandoning module ShaderFormatVectorVM (155)
[2018.09.30-19.38.55:204][211]LogModuleManager: Shutting down and abandoning module ShaderFormatOpenGL (153)
[2018.09.30-19.38.55:204][211]LogModuleManager: Shutting down and abandoning module ShaderFormatD3D (151)
[2018.09.30-19.38.55:204][211]LogModuleManager: Shutting down and abandoning module MetalShaderFormat (149)
[2018.09.30-19.38.55:204][211]LogModuleManager: Shutting down and abandoning module TextureFormatUncompressed (147)
[2018.09.30-19.38.55:204][211]LogModuleManager: Shutting down and abandoning module TextureFormatPVR (145)
[2018.09.30-19.38.55:204][211]LogModuleManager: Shutting down and abandoning module TextureFormatDXT (143)
[2018.09.30-19.38.55:204][211]LogModuleManager: Shutting down and abandoning module TextureFormatIntelISPCTexComp (141)
[2018.09.30-19.38.55:204][211]LogModuleManager: Shutting down and abandoning module TextureFormatASTC (139)
[2018.09.30-19.38.55:204][211]LogModuleManager: Shutting down and abandoning module ImageWrapper (138)
[2018.09.30-19.38.55:204][211]LogModuleManager: Shutting down and abandoning module TextureFormatAndroid (135)
[2018.09.30-19.38.55:204][211]LogModuleManager: Shutting down and abandoning module AudioFormatOpus (133)
[2018.09.30-19.38.55:204][211]LogModuleManager: Shutting down and abandoning module AudioFormatOgg (131)
[2018.09.30-19.38.55:204][211]LogModuleManager: Shutting down and abandoning module AudioFormatADPCM (129)
[2018.09.30-19.38.55:204][211]LogModuleManager: Shutting down and abandoning module LuminTargetPlatform (127)
[2018.09.30-19.38.55:204][211]LogModuleManager: Shutting down and abandoning module LinuxTargetPlatform (125)
[2018.09.30-19.38.55:204][211]LogModuleManager: Shutting down and abandoning module LinuxServerTargetPlatform (123)
[2018.09.30-19.38.55:204][211]LogModuleManager: Shutting down and abandoning module LinuxNoEditorTargetPlatform (121)
[2018.09.30-19.38.55:204][211]LogModuleManager: Shutting down and abandoning module LinuxClientTargetPlatform (119)
[2018.09.30-19.38.55:204][211]LogModuleManager: Shutting down and abandoning module TVOSTargetPlatform (117)
[2018.09.30-19.38.55:211][211]LogModuleManager: Shutting down and abandoning module Messaging (115)
[2018.09.30-19.38.55:211][211]LogModuleManager: Shutting down and abandoning module IOSTargetPlatform (113)
[2018.09.30-19.38.55:217][211]LogModuleManager: Shutting down and abandoning module HTML5TargetPlatform (111)
[2018.09.30-19.38.55:217][211]LogModuleManager: Shutting down and abandoning module AndroidTargetPlatform (109)
[2018.09.30-19.38.55:258][211]LogModuleManager: Shutting down and abandoning module WindowsTargetPlatform (107)
[2018.09.30-19.38.55:258][211]LogModuleManager: Shutting down and abandoning module WindowsServerTargetPlatform (105)
[2018.09.30-19.38.55:258][211]LogModuleManager: Shutting down and abandoning module WindowsNoEditorTargetPlatform (103)
[2018.09.30-19.38.55:258][211]LogModuleManager: Shutting down and abandoning module WindowsClientTargetPlatform (101)
[2018.09.30-19.38.55:258][211]LogModuleManager: Shutting down and abandoning module MacTargetPlatform (99)
[2018.09.30-19.38.55:259][211]LogModuleManager: Shutting down and abandoning module MacServerTargetPlatform (97)
[2018.09.30-19.38.55:259][211]LogModuleManager: Shutting down and abandoning module MacNoEditorTargetPlatform (95)
[2018.09.30-19.38.55:259][211]LogModuleManager: Shutting down and abandoning module MacClientTargetPlatform (93)
[2018.09.30-19.38.55:259][211]LogModuleManager: Shutting down and abandoning module AllDesktopTargetPlatform (91)
[2018.09.30-19.38.55:259][211]LogModuleManager: Shutting down and abandoning module InputCore (88)
[2018.09.30-19.38.55:259][211]LogModuleManager: Shutting down and abandoning module Settings (86)
[2018.09.30-19.38.55:259][211]LogModuleManager: Shutting down and abandoning module PhysXCooking (84)
[2018.09.30-19.38.55:259][211]LogModuleManager: Shutting down and abandoning module SteamVR (82)
[2018.09.30-19.38.55:259][211]LogModuleManager: Shutting down and abandoning module OculusHMD (80)
[2018.09.30-19.38.55:259][211]LogModuleManager: Shutting down and abandoning module ExampleDeviceProfileSelector (78)
[2018.09.30-19.38.55:259][211]LogModuleManager: Shutting down and abandoning module LauncherChunkInstaller (76)
[2018.09.30-19.38.55:259][211]LogModuleManager: Shutting down and abandoning module OnlineBlueprintSupport (74)
[2018.09.30-19.38.55:259][211]LogModuleManager: Shutting down and abandoning module OnlineSubsystem (70)
[2018.09.30-19.38.55:261][211]LogModuleManager: Shutting down and abandoning module XMPP (65)
[2018.09.30-19.38.55:261][211]LogModuleManager: Shutting down and abandoning module WebSockets (64)
[2018.09.30-19.38.55:296][211]LogModuleManager: Shutting down and abandoning module HTTP (61)
[2018.09.30-19.38.55:296][211]LogHttp: Display: Http module shutting down, but needs to wait on 1 outstanding Http requests:
[2018.09.30-19.38.55:296][211]LogHttp: Display: 	verb=[POST] url=[https://datarouter.ol.epicgames.com/datarouter/api/v1/public/data?SessionID=%7B7A4BBB06-4E8F-546E-3D10-51B2133D8311%7D&AppID=UEEditor.Rocket.Release&AppVersion=4.20.2-4302132%2B%2B%2BUE4%2BRelease-4.20&UserID=5ead885c497ccb402be315a14a621dee%7C243f4beaf35c40f1a5204d47fed09fdf%7C50a69c9e-3cbd-47da-a4f6-9ca329688afb&AppEnvironment=datacollector-binary&UploadType=eteventstream] status=Processing
[2018.09.30-19.38.55:302][211]LogModuleManager: Shutting down and abandoning module SSL (60)
[2018.09.30-19.38.55:303][211]LogModuleManager: Shutting down and abandoning module MagicLeapEmulator (56)
[2018.09.30-19.38.55:303][211]LogModuleManager: Shutting down and abandoning module MagicLeapPrivileges (54)
[2018.09.30-19.38.55:303][211]LogModuleManager: Shutting down and abandoning module MagicLeapIdentity (52)
[2018.09.30-19.38.55:303][211]LogModuleManager: Shutting down and abandoning module MagicLeapHelperVulkan (50)
[2018.09.30-19.38.55:303][211]LogModuleManager: Shutting down and abandoning module MagicLeapHelperOpenGL (48)
[2018.09.30-19.38.55:303][211]LogModuleManager: Shutting down and abandoning module MagicLeapSecureStorage (46)
[2018.09.30-19.38.55:303][211]LogModuleManager: Shutting down and abandoning module MagicLeapGestures (44)
[2018.09.30-19.38.55:303][211]LogModuleManager: Shutting down and abandoning module MagicLeapEyeTracker (42)
[2018.09.30-19.38.55:303][211]LogModuleManager: Shutting down and abandoning module MagicLeapController (40)
[2018.09.30-19.38.55:303][211]LogSlate: Slate User Destroyed.  User Index 0, Is Virtual User: 0
[2018.09.30-19.38.55:304][211]LogModuleManager: Shutting down and abandoning module MagicLeap (38)
[2018.09.30-19.38.55:304][211]LogModuleManager: Shutting down and abandoning module AnimationModifiers (36)
[2018.09.30-19.38.55:304][211]LogModuleManager: Shutting down and abandoning module PropertyEditor (35)
[2018.09.30-19.38.55:304][211]LogModuleManager: Shutting down and abandoning module AudioEditor (32)
[2018.09.30-19.38.55:304][211]LogModuleManager: Shutting down and abandoning module TextureCompressor (30)
[2018.09.30-19.38.55:304][211]LogModuleManager: Shutting down and abandoning module ShaderCore (28)
[2018.09.30-19.38.55:304][211]LogModuleManager: Shutting down and abandoning module Landscape (26)
[2018.09.30-19.38.55:304][211]LogModuleManager: Shutting down and abandoning module SlateRHIRenderer (24)
[2018.09.30-19.38.55:305][211]LogModuleManager: Shutting down and abandoning module OpenGLDrv (22)
[2018.09.30-19.38.55:305][211]LogModuleManager: Shutting down and abandoning module D3D11RHI (20)
[2018.09.30-19.38.55:305][211]LogModuleManager: Shutting down and abandoning module AnimGraphRuntime (18)
[2018.09.30-19.38.55:305][211]LogModuleManager: Shutting down and abandoning module Renderer (16)
[2018.09.30-19.38.55:305][211]LogModuleManager: Shutting down and abandoning module Engine (14)
[2018.09.30-19.38.55:305][211]LogModuleManager: Shutting down and abandoning module CoreUObject (12)
[2018.09.30-19.38.55:305][211]LogModuleManager: Shutting down and abandoning module NetworkFile (10)
[2018.09.30-19.38.55:305][211]LogModuleManager: Shutting down and abandoning module CookedIterativeFile (8)
[2018.09.30-19.38.55:305][211]LogModuleManager: Shutting down and abandoning module StreamingFile (6)
[2018.09.30-19.38.55:305][211]LogModuleManager: Shutting down and abandoning module SandboxFile (4)
[2018.09.30-19.38.55:305][211]LogModuleManager: Shutting down and abandoning module PakFile (2)
[2018.09.30-19.38.55:311][211]LogExit: Exiting.
[2018.09.30-19.38.55:339][211]Log file closed, 09/30/18 15:38:55
