Log file open, 10/01/18 00:42:40
LogWindows: Failed to load 'aqProf.dll' (GetLastError=126)
LogWindows: File 'aqProf.dll' does not exist
LogWindows: Failed to load 'VSPerf140.dll' (GetLastError=126)
LogWindows: File 'VSPerf140.dll' does not exist
LogWindows: Failed to load 'VtuneApi.dll' (GetLastError=126)
LogWindows: File 'VtuneApi.dll' does not exist
LogWindows: Failed to load 'VtuneApi32e.dll' (GetLastError=126)
LogWindows: File 'VtuneApi32e.dll' does not exist
LogInit: Display: Running engine for game: ASH_Game
LogPlatformFile: Not using cached read wrapper
LogTaskGraph: Started task graph with 5 named threads and 23 total threads with 3 sets of task threads.
LogStats: Stats thread started at 0.297915
LogD3D11RHI: Loaded GFSDK_Aftermath_Lib.x64.dll
LogICUInternationalization: Display: ICU TimeZone Detection - Raw Offset: -5:00, Platform Override: ''
LogPluginManager: Mounting plugin Paper2D
LogPluginManager: Mounting plugin AISupport
LogPluginManager: Mounting plugin LightPropagationVolume
LogPluginManager: Mounting plugin CLionSourceCodeAccess
LogPluginManager: Mounting plugin CodeLiteSourceCodeAccess
LogPluginManager: Mounting plugin GitSourceControl
LogPluginManager: Mounting plugin KDevelopSourceCodeAccess
LogPluginManager: Mounting plugin NullSourceCodeAccess
LogPluginManager: Mounting plugin PerforceSourceControl
LogPluginManager: Mounting plugin SubversionSourceControl
LogPluginManager: Mounting plugin UObjectPlugin
LogPluginManager: Mounting plugin VisualStudioCodeSourceCodeAccess
LogPluginManager: Mounting plugin VisualStudioSourceCodeAccess
LogPluginManager: Mounting plugin XCodeSourceCodeAccess
LogPluginManager: Mounting plugin AssetManagerEditor
LogPluginManager: Mounting plugin CryptoKeys
LogPluginManager: Mounting plugin DataValidation
LogPluginManager: Mounting plugin EditorScriptingUtilities
LogPluginManager: Mounting plugin FacialAnimation
LogPluginManager: Mounting plugin GameplayTagsEditor
LogPluginManager: Mounting plugin MacGraphicsSwitching
LogPluginManager: Mounting plugin MeshEditor
LogPluginManager: Mounting plugin MobileLauncherProfileWizard
LogPluginManager: Mounting plugin PluginBrowser
LogPluginManager: Mounting plugin SpeedTreeImporter
LogPluginManager: Mounting plugin DatasmithContent
LogPluginManager: Mounting plugin AlembicImporter
LogPluginManager: Mounting plugin AppleImageUtils
LogPluginManager: Mounting plugin AppleVision
LogPluginManager: Mounting plugin BackChannel
LogPluginManager: Mounting plugin CharacterAI
LogPluginManager: Mounting plugin GeometryCache
LogPluginManager: Mounting plugin HTML5Networking
LogPluginManager: Mounting plugin ProxyLODPlugin
LogPluginManager: Mounting plugin MagicLeap
LogPluginManager: Mounting plugin MagicLeapEmulator
LogPluginManager: Mounting plugin MagicLeapMedia
LogPluginManager: Mounting plugin AndroidMedia
LogPluginManager: Mounting plugin AvfMedia
LogPluginManager: Mounting plugin ImgMedia
LogPluginManager: Mounting plugin LinearTimecode
LogPluginManager: Mounting plugin MediaCompositing
LogPluginManager: Mounting plugin MediaPlayerEditor
LogPluginManager: Mounting plugin WmfMedia
LogPluginManager: Mounting plugin TcpMessaging
LogPluginManager: Mounting plugin UdpMessaging
LogPluginManager: Mounting plugin ActorSequence
LogPluginManager: Mounting plugin LevelSequenceEditor
LogPluginManager: Mounting plugin MatineeToLevelSequence
LogPluginManager: Mounting plugin NetcodeUnitTest
LogPluginManager: Mounting plugin NUTUnrealEngine4
LogPluginManager: Mounting plugin OnlineSubsystemGooglePlay
LogPluginManager: Mounting plugin OnlineSubsystemIOS
LogPluginManager: Mounting plugin OnlineSubsystem
LogPluginManager: Mounting plugin OnlineSubsystemNull
LogPluginManager: Mounting plugin OnlineSubsystemUtils
LogPluginManager: Mounting plugin LauncherChunkInstaller
LogPluginManager: Mounting plugin AndroidDeviceProfileSelector
LogPluginManager: Mounting plugin AndroidMoviePlayer
LogPluginManager: Mounting plugin AndroidPermission
LogPluginManager: Mounting plugin AppleMoviePlayer
LogPluginManager: Mounting plugin ArchVisCharacter
LogPluginManager: Mounting plugin AudioCapture
LogPluginManager: Mounting plugin CableComponent
LogPluginManager: Mounting plugin CustomMeshComponent
LogPluginManager: Mounting plugin EditableMesh
LogPluginManager: Mounting plugin ExampleDeviceProfileSelector
LogPluginManager: Mounting plugin GoogleCloudMessaging
LogPluginManager: Mounting plugin ImmediatePhysics
LogPluginManager: Mounting plugin IOSDeviceProfileSelector
LogPluginManager: Mounting plugin LinuxDeviceProfileSelector
LogPluginManager: Mounting plugin LocationServicesBPLibrary
LogPluginManager: Mounting plugin MobilePatchingUtils
LogPluginManager: Mounting plugin OculusVR
LogPluginManager: Plugin shader directory ../../../Engine/Plugins/Runtime/Oculus/OculusVR/Shaders found
LogPluginManager: Mapping shader source directory ../../../Engine/Plugins/Runtime/Oculus/OculusVR/Shaders to virtual directory /Plugin/OculusVR
LogPluginManager: Mounting plugin PhysXVehicles
LogPluginManager: Mounting plugin ProceduralMeshComponent
LogPluginManager: Mounting plugin RuntimePhysXCooking
LogPluginManager: Mounting plugin SteamVR
LogPluginManager: Mounting plugin WindowsMoviePlayer
LogPluginManager: Mounting plugin DatasmithCADImporter
LogPluginManager: Mounting plugin DatasmithFBXImporter
LogPluginManager: Mounting plugin DatasmithImporter
LogPluginManager: Mounting plugin DatasmithMDLImporter
LogPluginManager: Mounting plugin StaticMeshEditorExtension
LogStreaming: Display: Took  0.144s to configure plugins.
LogInit: Using libcurl 7.55.1-DEV
LogInit:  - built for x86_64-pc-win32
LogInit:  - supports SSL with OpenSSL/1.0.2h
LogInit:  - supports HTTP deflate (compression) using libz 1.2.8
LogInit:  - other features:
LogInit:      CURL_VERSION_SSL
LogInit:      CURL_VERSION_LIBZ
LogInit:      CURL_VERSION_IPV6
LogInit:      CURL_VERSION_ASYNCHDNS
LogInit:      CURL_VERSION_LARGEFILE
LogInit:      CURL_VERSION_IDN
LogInit:  CurlRequestOptions (configurable via config and command line):
LogInit:  - bVerifyPeer = false  - Libcurl will NOT verify peer certificate
LogInit:  - bUseHttpProxy = false  - Libcurl will NOT use HTTP proxy
LogInit:  - bDontReuseConnections = false  - Libcurl will reuse connections
LogInit:  - CertBundlePath = nullptr  - Libcurl will use whatever was configured at build time.
LogInit:  - MaxHostConnections = 16  - Libcurl will limit the number of connections to a host
LogInit:  - LocalHostAddr = Default
LogInit:  - BufferSize = 65536
LogInit: WinSock: version 1.1 (2.2), MaxSocks=32767, MaxUdp=65467
LogInit: Build: ++UE4+Release-4.20-CL-4369336
LogInit: Engine Version: 4.20.3-4369336+++UE4+Release-4.20
LogInit: Compatible Engine Version: 4.20.0-4212847+++UE4+Release-4.20
LogInit: Net CL: 4212847
LogInit: OS: Windows 10 (), CPU: Intel(R) Core(TM) i7-7700HQ CPU @ 2.80GHz, GPU: NVIDIA GeForce GTX 1070
LogInit: Compiled (64-bit): Sep 17 2018 12:26:19
LogInit: Compiled with Visual C++: 19.13.26129.00
LogInit: Build Configuration: Development
LogInit: Branch Name: ++UE4+Release-4.20
LogInit: Command Line: 
LogInit: Base Directory: D:/UE_4.20/Engine/Binaries/Win64/
LogInit: Installed Engine Build: 1
LogDevObjectVersion: Number of dev versions registered: 20
LogDevObjectVersion:   Dev-Blueprints (B0D832E4-1F89-4F0D-ACCF-7EB736FD4AA2): 10
LogDevObjectVersion:   Dev-Build (E1C64328-A22C-4D53-A36C-8E866417BD8C): 0
LogDevObjectVersion:   Dev-Core (375EC13C-06E4-48FB-B500-84F0262A717E): 2
LogDevObjectVersion:   Dev-Editor (E4B068ED-F494-42E9-A231-DA0B2E46BB41): 24
LogDevObjectVersion:   Dev-Framework (CFFC743F-43B0-4480-9391-14DF171D2073): 34
LogDevObjectVersion:   Dev-Mobile (B02B49B5-BB20-44E9-A304-32B752E40360): 2
LogDevObjectVersion:   Dev-Networking (A4E4105C-59A1-49B5-A7C5-40C4547EDFEE): 0
LogDevObjectVersion:   Dev-Online (39C831C9-5AE6-47DC-9A44-9C173E1C8E7C): 0
LogDevObjectVersion:   Dev-Physics (78F01B33-EBEA-4F98-B9B4-84EACCB95AA2): 0
LogDevObjectVersion:   Dev-Platform (6631380F-2D4D-43E0-8009-CF276956A95A): 0
LogDevObjectVersion:   Dev-Rendering (12F88B9F-8875-4AFC-A67C-D90C383ABD29): 26
LogDevObjectVersion:   Dev-Sequencer (7B5AE74C-D270-4C10-A958-57980B212A5A): 9
LogDevObjectVersion:   Dev-VR (D7296918-1DD6-4BDD-9DE2-64A83CC13884): 2
LogDevObjectVersion:   Dev-LoadTimes (C2A15278-BFE7-4AFE-6C17-90FF531DF755): 1
LogDevObjectVersion:   Private-Geometry (6EACA3D4-40EC-4CC1-B786-8BED09428FC5): 3
LogDevObjectVersion:   Dev-AnimPhys (29E575DD-E0A3-4627-9D10-D276232CDCEA): 17
LogDevObjectVersion:   Dev-ReflectionCapture (6B266CEC-1EC7-4B8F-A30B-E4D90942FC07): 1
LogDevObjectVersion:   Dev-Automation (0DF73D61-A23F-47EA-B727-89E90C41499A): 1
LogDevObjectVersion:   FortniteMain (601D1886-AC64-4F84-AA16-D3DE0DEAC7D6): 12
LogDevObjectVersion:   Dev-Enterprise (9DFFBCD6-494F-0158-E221-12823C92A888): 1
LogStreaming: Display: Took  0.002s to delete old logs.
LogInit: Presizing for max 8388607 objects, including 0 objects not considered by GC, pre-allocating 0 bytes for permanent pool.
LogInit: Object subsystem initialized
[2018.10.01-04.42.41:084][  0]LogInit: Selected Device Profile: [Windows]
[2018.10.01-04.42.41:084][  0]LogInit: Applying CVar settings loaded from the selected device profile: [Windows]
[2018.10.01-04.42.41:099][  0]LogHAL: Display: Platform has ~ 16 GB [17046728704 / 17179869184 / 16], which maps to Larger [LargestMinGB=32, LargerMinGB=12, DefaultMinGB=8, SmallerMinGB=6, SmallestMinGB=0)
[2018.10.01-04.42.41:099][  0]LogInit: Setting Device Profile CVar: [[r.Vulkan.UseRealUBs:1]]
[2018.10.01-04.42.41:099][  0]LogInit: Going up to parent DeviceProfile []
[2018.10.01-04.42.41:099][  0]LogInit: Computer: DESKTOP-MIASDKN
[2018.10.01-04.42.41:099][  0]LogInit: User: DKG
[2018.10.01-04.42.41:099][  0]LogInit: CPU Page size=4096, Cores=4
[2018.10.01-04.42.41:099][  0]LogInit: High frequency timer resolution =2.742187 MHz
[2018.10.01-04.42.41:099][  0]LogMemory: Memory total: Physical=15.9GB (16GB approx)
[2018.10.01-04.42.41:099][  0]LogMemory: Platform Memory Stats for Windows
[2018.10.01-04.42.41:100][  0]LogMemory: Process Physical Memory: 101.70 MB used, 101.70 MB peak
[2018.10.01-04.42.41:100][  0]LogMemory: Process Virtual Memory: 85.73 MB used, 85.73 MB peak
[2018.10.01-04.42.41:100][  0]LogMemory: Physical Memory: 7946.72 MB used,  8310.31 MB free, 16257.03 MB total
[2018.10.01-04.42.41:100][  0]LogMemory: Virtual Memory: 4639.48 MB used,  8310.31 MB free, 134217728.00 MB total
[2018.10.01-04.42.41:471][  0]LogInit: Using OS detected language (en-US).
[2018.10.01-04.42.41:471][  0]LogInit: Using OS detected locale (en-CA).
[2018.10.01-04.42.41:472][  0]LogTextLocalizationManager: No specific localization for 'en-US' exists, so the 'en' localization will be used.
[2018.10.01-04.42.41:869][  0]LogStreaming: Display: Took  0.398s to InitEngineTextLocalization.
[2018.10.01-04.42.41:869][  0]LogInit: Setting process to per monitor DPI aware
[2018.10.01-04.42.41:921][  0]LogSlate: New Slate User Created.  User Index 0, Is Virtual User: 0
[2018.10.01-04.42.41:921][  0]LogSlate: Slate User Registered.  User Index 0, Is Virtual User: 0
[2018.10.01-04.42.47:644][  0]LogHMD: Failed to initialize OpenVR with code 108
[2018.10.01-04.42.47:644][  0]LogD3D11RHI: D3D11 adapters:
[2018.10.01-04.42.47:726][  0]LogD3D11RHI:    0. 'NVIDIA GeForce GTX 1070' (Feature Level 11_0)
[2018.10.01-04.42.47:726][  0]LogD3D11RHI:       8081/0/8128 MB DedicatedVideo/DedicatedSystem/SharedSystem, Outputs:1, VendorId:0x10de
[2018.10.01-04.42.47:749][  0]LogD3D11RHI:    1. 'Intel(R) HD Graphics 630' (Feature Level 11_0)
[2018.10.01-04.42.47:749][  0]LogD3D11RHI:       128/0/8128 MB DedicatedVideo/DedicatedSystem/SharedSystem, Outputs:0, VendorId:0x8086
[2018.10.01-04.42.47:752][  0]LogD3D11RHI:    2. 'Microsoft Basic Render Driver' (Feature Level 11_0)
[2018.10.01-04.42.47:752][  0]LogD3D11RHI:       0/0/8128 MB DedicatedVideo/DedicatedSystem/SharedSystem, Outputs:0, VendorId:0x1414
[2018.10.01-04.42.47:752][  0]LogD3D11RHI: Chosen D3D11 Adapter: 0
[2018.10.01-04.42.47:762][  0]LogD3D11RHI: Creating new Direct3DDevice
[2018.10.01-04.42.47:762][  0]LogD3D11RHI:     GPU DeviceId: 0x1be1 (for the marketing name, search the web for "GPU Device Id")
[2018.10.01-04.42.47:762][  0]LogWindows: EnumDisplayDevices:
[2018.10.01-04.42.47:762][  0]LogWindows:    0. 'NVIDIA GeForce GTX 1070' (P:1 D:1)
[2018.10.01-04.42.47:763][  0]LogWindows:    1. 'NVIDIA GeForce GTX 1070' (P:0 D:0)
[2018.10.01-04.42.47:763][  0]LogWindows:    2. 'NVIDIA GeForce GTX 1070' (P:0 D:0)
[2018.10.01-04.42.47:763][  0]LogWindows:    3. 'NVIDIA GeForce GTX 1070' (P:0 D:0)
[2018.10.01-04.42.47:764][  0]LogWindows:    4. 'Intel(R) HD Graphics 630' (P:0 D:0)
[2018.10.01-04.42.47:764][  0]LogWindows:    5. 'Intel(R) HD Graphics 630' (P:0 D:0)
[2018.10.01-04.42.47:764][  0]LogWindows:    6. 'Intel(R) HD Graphics 630' (P:0 D:0)
[2018.10.01-04.42.47:765][  0]LogWindows: DebugString: PrimaryIsNotTheChoosenAdapter PrimaryIsNotTheChoosenAdapter PrimaryIsNotTheChoosenAdapter FoundDriverCount:4 
[2018.10.01-04.42.47:765][  0]LogD3D11RHI:     Adapter Name: NVIDIA GeForce GTX 1070
[2018.10.01-04.42.47:765][  0]LogD3D11RHI:   Driver Version: 398.36 (internal:24.21.13.9836, unified:398.36)
[2018.10.01-04.42.47:765][  0]LogD3D11RHI:      Driver Date: 6-24-2018
[2018.10.01-04.42.47:765][  0]LogRHI: Texture pool is 5656 MB (70% of 8081 MB)
[2018.10.01-04.42.47:815][  0]LogD3D11RHI: Async texture creation enabled
[2018.10.01-04.42.47:848][  0]LogD3D11RHI: GPU Timing Frequency: 1000.000000 (Debug: 2 2)
[2018.10.01-04.42.47:896][  0]LogShaderCompilers: Guid format shader working directory is -1 characters bigger than the processId version (../../../../GameDev/_projects/A.S.H/ASH_Game/Intermediate/Shaders/WorkingDirectory/13460/).
[2018.10.01-04.42.47:896][  0]LogShaderCompilers: Cleaned the shader compiler working directory 'C:/Users/DKG/AppData/Local/Temp/UnrealShaderWorkingDir/CB05535A43CC31DEBE36C8B2A5BD9D71/'.
[2018.10.01-04.42.48:208][  0]LogTemp: Display: Loaded TP AllDesktopTargetPlatform
[2018.10.01-04.42.48:222][  0]LogTemp: Display: Loaded TP MacClientTargetPlatform
[2018.10.01-04.42.48:235][  0]LogTemp: Display: Loaded TP MacNoEditorTargetPlatform
[2018.10.01-04.42.48:247][  0]LogTemp: Display: Loaded TP MacServerTargetPlatform
[2018.10.01-04.42.48:261][  0]LogTemp: Display: Loaded TP MacTargetPlatform
[2018.10.01-04.42.48:275][  0]LogTemp: Display: Loaded TP WindowsClientTargetPlatform
[2018.10.01-04.42.48:290][  0]LogTemp: Display: Loaded TP WindowsNoEditorTargetPlatform
[2018.10.01-04.42.48:304][  0]LogTemp: Display: Loaded TP WindowsServerTargetPlatform
[2018.10.01-04.42.48:312][  0]LogTemp: Display: Loaded TP WindowsTargetPlatform
[2018.10.01-04.42.48:406][  0]LogTemp: Display: Loaded TP AndroidTargetPlatform
[2018.10.01-04.42.48:406][  0]LogTemp: Display: Loaded TP AndroidTargetPlatform
[2018.10.01-04.42.48:406][  0]LogTemp: Display: Loaded TP AndroidTargetPlatform
[2018.10.01-04.42.48:406][  0]LogTemp: Display: Loaded TP AndroidTargetPlatform
[2018.10.01-04.42.48:406][  0]LogTemp: Display: Loaded TP AndroidTargetPlatform
[2018.10.01-04.42.48:406][  0]LogTemp: Display: Loaded TP AndroidTargetPlatform
[2018.10.01-04.42.48:407][  0]LogTemp: Display: Loaded TP AndroidTargetPlatform
[2018.10.01-04.42.48:407][  0]LogTemp: Display: Loaded TP AndroidTargetPlatform
[2018.10.01-04.42.48:407][  0]LogTemp: Display: Loaded TP AndroidTargetPlatform
[2018.10.01-04.42.48:407][  0]LogTemp: Display: Loaded TP AndroidTargetPlatform
[2018.10.01-04.42.48:407][  0]LogTemp: Display: Loaded TP AndroidTargetPlatform
[2018.10.01-04.42.48:407][  0]LogTemp: Display: Loaded TP AndroidTargetPlatform
[2018.10.01-04.42.48:407][  0]LogTemp: Display: Loaded TP AndroidTargetPlatform
[2018.10.01-04.42.48:407][  0]LogTemp: Display: Loaded TP AndroidTargetPlatform
[2018.10.01-04.42.48:407][  0]LogTemp: Display: Loaded TP AndroidTargetPlatform
[2018.10.01-04.42.48:407][  0]LogTemp: Display: Loaded TP AndroidTargetPlatform
[2018.10.01-04.42.48:407][  0]LogTemp: Display: Loaded TP AndroidTargetPlatform
[2018.10.01-04.42.48:407][  0]LogTemp: Display: Loaded TP AndroidTargetPlatform
[2018.10.01-04.42.48:408][  0]LogTemp: Display: Loaded TP HTML5TargetPlatform
[2018.10.01-04.42.48:473][  0]LogTemp: Display: Loaded TP IOSTargetPlatform
[2018.10.01-04.42.48:473][  0]LogTemp: Display: Loaded TP IOSTargetPlatform
[2018.10.01-04.42.48:502][  0]LogTemp: Display: Loaded TP TVOSTargetPlatform
[2018.10.01-04.42.48:502][  0]LogTemp: Display: Loaded TP TVOSTargetPlatform
[2018.10.01-04.42.48:517][  0]LogTemp: Display: Loaded TP LinuxClientTargetPlatform
[2018.10.01-04.42.48:532][  0]LogTemp: Display: Loaded TP LinuxNoEditorTargetPlatform
[2018.10.01-04.42.48:546][  0]LogTemp: Display: Loaded TP LinuxServerTargetPlatform
[2018.10.01-04.42.48:562][  0]LogTemp: Display: Loaded TP LinuxTargetPlatform
[2018.10.01-04.42.48:571][  0]LogTemp: Display: Loaded TP LuminTargetPlatform
[2018.10.01-04.42.48:572][  0]LogTargetPlatformManager: Display: Building Assets For Windows
[2018.10.01-04.42.48:623][  0]LogXGEController: Cannot use XGE Controller as Incredibuild is not installed on this machine.
[2018.10.01-04.42.48:623][  0]LogShaderCompilers: Cannot use XGE Shader Compiler as Incredibuild is not installed on this machine.
[2018.10.01-04.42.48:623][  0]LogShaderCompilers: Display: Using Local Shader Compiler.
[2018.10.01-04.42.49:437][  0]LogDerivedDataCache: Display: Max Cache Size: 512 MB
[2018.10.01-04.42.49:496][  0]LogDerivedDataCache: Loaded boot cache 0.06s 72MB C:/Users/DKG/AppData/Local/UnrealEngine/4.20/DerivedDataCache/Boot.ddc.
[2018.10.01-04.42.49:496][  0]LogDerivedDataCache: Display: Loaded Boot cache: C:/Users/DKG/AppData/Local/UnrealEngine/4.20/DerivedDataCache/Boot.ddc
[2018.10.01-04.42.49:496][  0]LogDerivedDataCache: FDerivedDataBackendGraph:  Pak pak cache file ../../../../GameDev/_projects/A.S.H/ASH_Game/DerivedDataCache/DDC.ddp not found, will not use a pak cache.
[2018.10.01-04.42.49:496][  0]LogDerivedDataCache: Unable to find inner node Pak for hierarchical cache Hierarchy.
[2018.10.01-04.42.49:496][  0]LogDerivedDataCache: FDerivedDataBackendGraph:  CompressedPak pak cache file ../../../../GameDev/_projects/A.S.H/ASH_Game/DerivedDataCache/Compressed.ddp not found, will not use a pak cache.
[2018.10.01-04.42.49:496][  0]LogDerivedDataCache: Unable to find inner node CompressedPak for hierarchical cache Hierarchy.
[2018.10.01-04.42.49:511][  0]LogDerivedDataCache: Display: Pak cache opened for reading ../../../Engine/DerivedDataCache/Compressed.ddp.
[2018.10.01-04.42.49:523][  0]LogDerivedDataCache: Using Local data cache path C:/Users/DKG/AppData/Local/UnrealEngine/Common/DerivedDataCache: Writable
[2018.10.01-04.42.49:523][  0]LogDerivedDataCache: Shared data cache path not found in *engine.ini, will not use an Shared cache.
[2018.10.01-04.42.49:523][  0]LogDerivedDataCache: Unable to find inner node Shared for hierarchical cache Hierarchy.
[2018.10.01-04.42.49:544][  0]LogMaterial: Verifying Global Shaders for PCD3D_SM5
[2018.10.01-04.42.49:545][  0]LogSlate: Using FreeType 2.6.0
[2018.10.01-04.42.49:546][  0]LogSlate: SlateFontServices - WITH_FREETYPE: 1, WITH_HARFBUZZ: 1
[2018.10.01-04.42.49:622][  0]LogAssetRegistry: FAssetRegistry took 0.0266 seconds to start up
[2018.10.01-04.42.49:990][  0]LogInit: Selected Device Profile: [Windows]
[2018.10.01-04.42.50:150][  0]LogSimplygon: Simplygon DLL not present - disabling.
[2018.10.01-04.42.50:154][  0]LogMeshReduction: Using SimplygonSwarm for distributed automatic mesh merging
[2018.10.01-04.42.50:154][  0]LogMeshReduction: Using ProxyLODMeshReduction for automatic mesh merging
[2018.10.01-04.42.50:154][  0]LogMeshReduction: Using QuadricMeshReduction for automatic static mesh reduction
[2018.10.01-04.42.50:154][  0]LogMeshReduction: No automatic skeletal mesh reduction module available
[2018.10.01-04.42.50:173][  0]LogNetVersion: ASH_Game 1.0.0, NetCL: 4212847, EngineNetVer: 5, GameNetVer: 0 (Checksum: 1471675654)
[2018.10.01-04.42.50:759][  0]LogPackageLocalizationCache: Processed 13 localized package path(s) for 2 prioritized culture(s) in 0.126386 seconds
[2018.10.01-04.42.50:767][  0]LogUObjectArray: 38425 objects as part of root set at end of initial load.
[2018.10.01-04.42.50:767][  0]LogUObjectAllocator: 6690864 out of 0 bytes used by permanent object pool.
[2018.10.01-04.42.50:767][  0]LogUObjectArray: CloseDisregardForGC: 0/0 objects in disregard for GC pool
[2018.10.01-04.42.51:680][  0]LogTcpMessaging: Initializing TcpMessaging bridge
[2018.10.01-04.42.51:695][  0]LogUdpMessaging: Initializing bridge on interface 0.0.0.0:0 to multicast group 230.0.0.1:6666.
[2018.10.01-04.42.51:849][  0]SourceControl: Source control is disabled
[2018.10.01-04.42.51:849][  0]SourceControl: Source control is disabled
[2018.10.01-04.42.51:851][  0]SourceControl: Source control is disabled
[2018.10.01-04.42.51:853][  0]SourceControl: Source control is disabled
[2018.10.01-04.42.52:031][  0]LogAndroidPermission: UAndroidPermissionCallbackProxy::GetInstance
[2018.10.01-04.42.52:136][  0]LogOcInput: OculusInput pre-init called
[2018.10.01-04.42.54:290][  0]LogEngine: Initializing Engine...
[2018.10.01-04.42.59:826][  0]LogHMD: Failed to initialize OpenVR with code 108
[2018.10.01-04.42.59:828][  0]LogStats: UGameplayTagsManager::ConstructGameplayTagTree: ImportINI prefixes -  0.000 s
[2018.10.01-04.42.59:828][  0]LogStats: UGameplayTagsManager::ConstructGameplayTagTree: Construct from data asset -  0.000 s
[2018.10.01-04.42.59:828][  0]LogStats: UGameplayTagsManager::ConstructGameplayTagTree: ImportINI -  0.000 s
[2018.10.01-04.42.59:828][  0]LogStats: UGameplayTagsManager::ConstructGameplayTagTree: GameplayTagTreeChangedEvent.Broadcast -  0.000 s
[2018.10.01-04.43.00:061][  0]LogInit: Initializing FReadOnlyCVARCache
[2018.10.01-04.43.00:072][  0]LogAIModule: Creating AISystem for world Untitled
[2018.10.01-04.43.00:160][  0]LogInit: XAudio2 using 'Speakers / Headphones (Realtek Audio)' : 6 channels at 48 kHz using 32 bits per sample (channel mask 0x3f)
[2018.10.01-04.43.00:244][  0]LogInit: FAudioDevice initialized.
[2018.10.01-04.43.00:244][  0]LogNetVersion: Set ProjectVersion to 1.0.0.0. Version Checksum will be recalculated on next use.
[2018.10.01-04.43.00:400][  0]LogDerivedDataCache: Saved boot cache 0.16s 72MB C:/Users/DKG/AppData/Local/UnrealEngine/4.20/DerivedDataCache/Boot.ddc.
[2018.10.01-04.43.00:404][  0]LogInit: Texture streaming: Enabled
[2018.10.01-04.43.00:418][  0]LogEngineSessionManager: EngineSessionManager initialized
[2018.10.01-04.43.00:431][  0]LogInit: Transaction tracking system initialized
[2018.10.01-04.43.00:449][  0]BlueprintLog: New page: Editor Load
[2018.10.01-04.43.00:506][  0]LocalizationService: Localization service is disabled
[2018.10.01-04.43.00:806][  0]LogAutoReimportManager: Warning: Unable to watch directory ../../../../GameDev/_projects/A.S.H/ASH_Game/Content/ as it will conflict with another watching ../../../../GameDev/_projects/A.S.H/ASH_Game/Content/.
[2018.10.01-04.43.00:818][  0]LogCook: Display: Max memory allowance for cook 16384mb min free memory 0mb
[2018.10.01-04.43.00:818][  0]LogCook: Display: Mobile HDR setting 1
[2018.10.01-04.43.00:818][  0]LogGameplayTags: Display: UGameplayTagsManager::DoneAddingNativeTags. DelegateIsBound: 0
[2018.10.01-04.43.00:818][  0]LogStats: UGameplayTagsManager::ConstructGameplayTagTree: ImportINI prefixes -  0.000 s
[2018.10.01-04.43.00:818][  0]LogStats: UGameplayTagsManager::ConstructGameplayTagTree: Construct from data asset -  0.000 s
[2018.10.01-04.43.00:818][  0]LogStats: UGameplayTagsManager::ConstructGameplayTagTree: ImportINI -  0.000 s
[2018.10.01-04.43.00:818][  0]LogStats: UGameplayTagsManager::ConstructGameplayTagTree: GameplayTagTreeChangedEvent.Broadcast -  0.000 s
[2018.10.01-04.43.00:833][  0]LogFileCache: Scanning file cache for directory 'D:/GameDev/_projects/A.S.H/ASH_Game/Content/' took 0.02s
[2018.10.01-04.43.02:262][  0]SourceControl: Source control is disabled
[2018.10.01-04.43.02:262][  0]Cmd: MAP LOAD FILE="../../../../GameDev/_projects/A.S.H/ASH_Game/Content/UI-Rick/MainMenuTest.umap" TEMPLATE=0 SHOWPROGRESS=1 FEATURELEVEL=3
[2018.10.01-04.43.02:262][  0]LightingResults: New page: Lighting Build
[2018.10.01-04.43.02:265][  0]MapCheck: New page: Map Check
[2018.10.01-04.43.02:265][  0]LightingResults: New page: Lighting Build
[2018.10.01-04.43.04:849][  0]LogAIModule: Creating AISystem for world MainMenuTest
[2018.10.01-04.43.04:850][  0]LogEditorServer: Finished looking for orphan Actors (0.000 secs)
[2018.10.01-04.43.04:891][  0]Cmd: MAP CHECKDEP NOCLEARLOG
[2018.10.01-04.43.04:998][  0]MapCheck: Map check complete: 0 Error(s), 0 Warning(s), took 107.665ms to complete.
[2018.10.01-04.43.04:998][  0]LogFileHelpers: Loading map 'MainMenuTest' took 2.736
[2018.10.01-04.43.05:123][  0]LogSlate: Updating window title bar state: overlay mode, drag disabled, window buttons hidden, title bar hidden
[2018.10.01-04.43.05:132][  0]LogSlate: Updating window title bar state: overlay mode, drag disabled, window buttons hidden, title bar hidden
[2018.10.01-04.43.05:140][  0]LogSlate: Updating window title bar state: overlay mode, drag disabled, window buttons hidden, title bar hidden
[2018.10.01-04.43.05:148][  0]LogSlate: Updating window title bar state: overlay mode, drag disabled, window buttons hidden, title bar hidden
[2018.10.01-04.43.05:246][  0]LogCollectionManager: Loaded 0 collections in 0.001014 seconds
[2018.10.01-04.43.05:290][  0]LogFileCache: Scanning file cache for directory 'D:/GameDev/_projects/A.S.H/ASH_Game/Saved/Collections/' took 0.01s
[2018.10.01-04.43.05:290][  0]LogFileCache: Scanning file cache for directory 'D:/GameDev/_projects/A.S.H/ASH_Game/Content/Developers/DKG/Collections/' took 0.01s
[2018.10.01-04.43.05:290][  0]LogFileCache: Scanning file cache for directory 'D:/GameDev/_projects/A.S.H/ASH_Game/Content/Collections/' took 0.01s
[2018.10.01-04.43.05:290][  0]LogCollectionManager: Rebuilt the GUID cache for 0 collections in 0.000001 seconds
[2018.10.01-04.43.05:300][  0]LogContentBrowser: Native class hierarchy populated in 0.0107 seconds. Added 2622 classes and 631 folders.
[2018.10.01-04.43.05:306][  0]LogContentBrowser: Native class hierarchy updated for 'WidgetCarousel' in 0.0003 seconds. Added 0 classes and 0 folders.
[2018.10.01-04.43.05:359][  0]LogContentBrowser: Native class hierarchy updated for 'AddContentDialog' in 0.0003 seconds. Added 0 classes and 0 folders.
[2018.10.01-04.43.05:380][  0]LogSlate: Took 0.000186 seconds to synchronously load lazily loaded font '../../../Engine/Content/Slate/Fonts/Roboto-Regular.ttf' (155K)
[2018.10.01-04.43.05:382][  0]LogSlate: Took 0.000185 seconds to synchronously load lazily loaded font '../../../Engine/Content/Slate/Fonts/Roboto-Bold.ttf' (160K)
[2018.10.01-04.43.05:390][  0]LogSlate: Took 0.000369 seconds to synchronously load lazily loaded font '../../../Engine/Content/Editor/Slate/Fonts/FontAwesome.ttf' (139K)
[2018.10.01-04.43.05:485][  0]LogRenderer: Reallocating scene render targets to support 972x540 Format 10 NumSamples 1 (Frame:1).
[2018.10.01-04.43.05:660][  0]LogContentBrowser: Native class hierarchy updated for 'HierarchicalLODOutliner' in 0.0002 seconds. Added 0 classes and 0 folders.
[2018.10.01-04.43.05:660][  0]LogLoad: (Engine Initialization) Total time: 26.38 seconds
[2018.10.01-04.43.05:660][  0]LogLoad: (Engine Initialization) Total Blueprint compile time: 0.00 seconds
[2018.10.01-04.43.05:719][  0]LogContentStreaming: Texture pool size now 1000 MB
[2018.10.01-04.43.05:777][  1]LogFileCache: Retrieving MD5 hashes for directory 'D:/GameDev/_projects/A.S.H/ASH_Game/Content/' took 0.08s
[2018.10.01-04.43.05:934][  3]LogAssetRegistry: Asset discovery search completed in 16.3342 seconds
[2018.10.01-04.43.05:937][  3]LogCollectionManager: Rebuilt the object cache for 0 collections in 0.000000 seconds (found 0 objects)
[2018.10.01-04.43.05:937][  3]LogCollectionManager: Fixed up redirectors for 0 collections in 0.000075 seconds (updated 0 objects)
[2018.10.01-04.43.07:266][  7]LogSlate: Took 0.000177 seconds to synchronously load lazily loaded font '../../../Engine/Content/Slate/Fonts/Roboto-Light.ttf' (167K)
[2018.10.01-04.44.44:942][401]LogSlate: FSceneViewport::OnFocusLost() reason 0
[2018.10.01-04.44.45:059][408]LogTemp: Repeating last play command: New Editor Window (PIE)
[2018.10.01-04.44.45:080][408]LogBlueprintUserMessages: Early PlayInEditor Detection: Level '/Game/UI-Rick/MainMenuTest.MainMenuTest:PersistentLevel' has LevelScriptBlueprint '/Game/UI-Rick/MainMenuTest.MainMenuTest:PersistentLevel.MainMenuTest' with GeneratedClass '/Game/UI-Rick/MainMenuTest.MainMenuTest_C' with ClassGeneratedBy '/Game/UI-Rick/MainMenuTest.MainMenuTest:PersistentLevel.MainMenuTest'
[2018.10.01-04.44.45:080][408]LogPlayLevel: PlayLevel: No blueprints needed recompiling
[2018.10.01-04.44.45:093][408]PIE: New page: PIE session: MainMenuTest (Sep 30, 2018, 8:44:45 PM)
[2018.10.01-04.44.45:094][408]LogPlayLevel: Creating play world package: /Game/UI-Rick/UEDPIE_0_MainMenuTest
[2018.10.01-04.44.45:095][408]LogPlayLevel: PIE: StaticDuplicateObject took: (0.001240s)
[2018.10.01-04.44.45:095][408]LogAIModule: Creating AISystem for world MainMenuTest
[2018.10.01-04.44.45:096][408]LogPlayLevel: PIE: World Init took: (0.000743s)
[2018.10.01-04.44.45:096][408]LogPlayLevel: PIE: Created PIE world by copying editor world from /Game/UI-Rick/MainMenuTest.MainMenuTest to /Game/UI-Rick/UEDPIE_0_MainMenuTest.MainMenuTest (0.002194s)
[2018.10.01-04.44.45:129][408]LogInit: XAudio2 using 'Speakers / Headphones (Realtek Audio)' : 6 channels at 48 kHz using 32 bits per sample (channel mask 0x3f)
[2018.10.01-04.44.45:211][408]LogInit: FAudioDevice initialized.
[2018.10.01-04.44.45:236][408]LogSlate: Updating window title bar state: overlay mode, drag disabled, window buttons hidden, title bar hidden
[2018.10.01-04.44.45:338][408]LogLoad: Game class is 'TopDownGameMode_C'
[2018.10.01-04.44.45:339][408]LogWorld: Bringing World /Game/UI-Rick/UEDPIE_0_MainMenuTest.MainMenuTest up for play (max tick rate 60) at 2018.10.01-00.44.45
[2018.10.01-04.44.45:339][408]LogWorld: Bringing up level for play took: 0.000375
[2018.10.01-04.44.45:356][408]LogContentBrowser: Native class hierarchy updated for 'MovieSceneCapture' in 0.0003 seconds. Added 10 classes and 0 folders.
[2018.10.01-04.44.45:361][408]PIE: Play in editor start time for /Game/UI-Rick/UEDPIE_0_MainMenuTest -0.436
[2018.10.01-04.44.45:362][408]LogBlueprintUserMessages: Late PlayInEditor Detection: Level '/Game/UI-Rick/MainMenuTest.MainMenuTest:PersistentLevel' has LevelScriptBlueprint '/Game/UI-Rick/MainMenuTest.MainMenuTest:PersistentLevel.MainMenuTest' with GeneratedClass '/Game/UI-Rick/MainMenuTest.MainMenuTest_C' with ClassGeneratedBy '/Game/UI-Rick/MainMenuTest.MainMenuTest:PersistentLevel.MainMenuTest'
[2018.10.01-04.44.46:166][445]LogRenderer: Reallocating scene render targets to support 1708x896 Format 10 NumSamples 1 (Frame:39).
[2018.10.01-04.44.47:563][528]LogNet: Browse: /Game/Beta/MapGeneration
[2018.10.01-04.44.47:563][528]LogLoad: LoadMap: /Game/Beta/MapGeneration
[2018.10.01-04.44.48:204][528]LogAIModule: Creating AISystem for world MapGeneration
[2018.10.01-04.44.48:204][528]LogLoad: Game class is 'TopDownGameMode_C'
[2018.10.01-04.44.48:216][528]LogWorld: Bringing World /Game/Beta/UEDPIE_0_MapGeneration.MapGeneration up for play (max tick rate 60) at 2018.10.01-00.44.48
[2018.10.01-04.44.48:217][528]LogWorld: Bringing up level for play took: 0.011843
[2018.10.01-04.44.48:218][528]LogBlueprintUserMessages: [MapGenerator_BP_2] REAbranch#1
[2018.10.01-04.44.48:218][528]LogBlueprintUserMessages: [MapGenerator_BP_2] CSbranch#3
[2018.10.01-04.44.48:218][528]LogBlueprintUserMessages: [MapGenerator_BP_2] ENGbranch#2
[2018.10.01-04.44.48:232][528]LogBlueprintUserMessages: [MapGenerator_BP_2] REA Spawned
[2018.10.01-04.44.48:269][528]LogBlueprintUserMessages: [MapGenerator_BP_2] ER Spawned
[2018.10.01-04.44.48:330][528]LogBlueprintUserMessages: [MapGenerator_BP_2] CS Spawned
[2018.10.01-04.44.48:338][528]LogBlueprintUserMessages: [MapGeneration_C_1] 1
[2018.10.01-04.44.48:338][528]LogScript: Warning: Accessed None trying to read property K2Node_DynamicCast_AsTop_Down_Character
	MapGeneration_C /Game/Beta/UEDPIE_0_MapGeneration.MapGeneration:PersistentLevel.MapGeneration_C_1
	Function /Game/Beta/UEDPIE_0_MapGeneration.MapGeneration_C:ExecuteUbergraph_MapGeneration:0040
[2018.10.01-04.44.48:338][528]PIE: Error: Blueprint Runtime Error: "Accessed None trying to read property K2Node_DynamicCast_AsTop_Down_Character". Blueprint:  MapGeneration Function:  Execute Ubergraph Map Generation Graph:  EventGraph Node:  Bind Event to TimerDispatch
[2018.10.01-04.44.48:339][528]LogLoad: Took 0.775130 seconds to LoadMap(/Game/Beta/MapGeneration)
[2018.10.01-04.44.48:455][529]LogSpawn: Warning: SpawnActor failed because of collision at the spawn location [X=10024.000 Y=3170.458 Z=-73.440] for [WALL_C]
[2018.10.01-04.44.48:455][529]LogScript: Warning: Attempted to access WALL_C_60 via property CallFunc_FinishSpawningActor_ReturnValue, but WALL_C_60 is pending kill
	SP_DOOR1_C /Game/Beta/UEDPIE_0_MapGeneration.MapGeneration:PersistentLevel.SP_DOOR1_GEN_VARIABLE_SP_DOOR1_C_CAT_15
	Function /Game/TopDownBP/Blueprints/Enemy_SpawnPoints/Rooms/DOORS/SP_DOOR1.SP_DOOR1_C:ExecuteUbergraph_SP_DOOR1:0376
[2018.10.01-04.44.48:455][529]PIE: Error: Blueprint Runtime Error: "Attempted to access WALL_C_60 via property CallFunc_FinishSpawningActor_ReturnValue, but WALL_C_60 is pending kill". Blueprint:  SP_DOOR1 Function:  Execute Ubergraph SP DOOR1 Graph:  EventGraph Node:  SetActorRotation
[2018.10.01-04.44.48:455][529]LogScript: Warning: Attempted to access WALL_C_60 via property CallFunc_FinishSpawningActor_ReturnValue, but WALL_C_60 is pending kill
	SP_DOOR1_C /Game/Beta/UEDPIE_0_MapGeneration.MapGeneration:PersistentLevel.SP_DOOR1_GEN_VARIABLE_SP_DOOR1_C_CAT_15
	Function /Game/TopDownBP/Blueprints/Enemy_SpawnPoints/Rooms/DOORS/SP_DOOR1.SP_DOOR1_C:ExecuteUbergraph_SP_DOOR1:03A6
[2018.10.01-04.44.48:455][529]PIE: Error: Blueprint Runtime Error: "Attempted to access WALL_C_60 via property CallFunc_FinishSpawningActor_ReturnValue, but WALL_C_60 is pending kill". Blueprint:  SP_DOOR1 Function:  Execute Ubergraph SP DOOR1 Graph:  EventGraph Node:  Set Actor Scale 3D
[2018.10.01-04.44.48:455][529]LogScript: Warning: Attempted to access WALL_C_60 via property CallFunc_FinishSpawningActor_ReturnValue, but WALL_C_60 is pending kill
	SP_DOOR1_C /Game/Beta/UEDPIE_0_MapGeneration.MapGeneration:PersistentLevel.SP_DOOR1_GEN_VARIABLE_SP_DOOR1_C_CAT_15
	Function /Game/TopDownBP/Blueprints/Enemy_SpawnPoints/Rooms/DOORS/SP_DOOR1.SP_DOOR1_C:ExecuteUbergraph_SP_DOOR1:0497
[2018.10.01-04.44.48:455][529]PIE: Error: Blueprint Runtime Error: "Attempted to access WALL_C_60 via property CallFunc_FinishSpawningActor_ReturnValue, but WALL_C_60 is pending kill". Blueprint:  SP_DOOR1 Function:  Execute Ubergraph SP DOOR1 Graph:  EventGraph Node:  SetWorldLocation
[2018.10.01-04.44.48:455][529]LogScript: Warning: Accessed None
	SP_DOOR1_C /Game/Beta/UEDPIE_0_MapGeneration.MapGeneration:PersistentLevel.SP_DOOR1_GEN_VARIABLE_SP_DOOR1_C_CAT_15
	Function /Game/TopDownBP/Blueprints/Enemy_SpawnPoints/Rooms/DOORS/SP_DOOR1.SP_DOOR1_C:ExecuteUbergraph_SP_DOOR1:04AC
[2018.10.01-04.44.48:455][529]PIE: Error: Blueprint Runtime Error: "Accessed None". Blueprint:  SP_DOOR1 Function:  Execute Ubergraph SP DOOR1 Graph:  EventGraph Node:  SetWorldLocation
[2018.10.01-04.44.48:456][529]LogSpawn: Warning: SpawnActor failed because of collision at the spawn location [X=9169.925 Y=3990.400 Z=-73.437] for [WALL_C]
[2018.10.01-04.44.48:456][529]LogScript: Warning: Attempted to access WALL_C_62 via property CallFunc_FinishSpawningActor_ReturnValue, but WALL_C_62 is pending kill
	SP_DOOR3_C /Game/Beta/UEDPIE_0_MapGeneration.MapGeneration:PersistentLevel.SP_DOOR3_GEN_VARIABLE_SP_DOOR3_C_CAT_15
	Function /Game/TopDownBP/Blueprints/Enemy_SpawnPoints/Rooms/DOORS/SP_DOOR3.SP_DOOR3_C:ExecuteUbergraph_SP_DOOR3:0376
[2018.10.01-04.44.48:457][529]PIE: Error: Blueprint Runtime Error: "Attempted to access WALL_C_62 via property CallFunc_FinishSpawningActor_ReturnValue, but WALL_C_62 is pending kill". Blueprint:  SP_DOOR3 Function:  Execute Ubergraph SP DOOR3 Graph:  EventGraph Node:  SetActorRotation
[2018.10.01-04.44.48:457][529]LogScript: Warning: Attempted to access WALL_C_62 via property CallFunc_FinishSpawningActor_ReturnValue, but WALL_C_62 is pending kill
	SP_DOOR3_C /Game/Beta/UEDPIE_0_MapGeneration.MapGeneration:PersistentLevel.SP_DOOR3_GEN_VARIABLE_SP_DOOR3_C_CAT_15
	Function /Game/TopDownBP/Blueprints/Enemy_SpawnPoints/Rooms/DOORS/SP_DOOR3.SP_DOOR3_C:ExecuteUbergraph_SP_DOOR3:03A6
[2018.10.01-04.44.48:457][529]PIE: Error: Blueprint Runtime Error: "Attempted to access WALL_C_62 via property CallFunc_FinishSpawningActor_ReturnValue, but WALL_C_62 is pending kill". Blueprint:  SP_DOOR3 Function:  Execute Ubergraph SP DOOR3 Graph:  EventGraph Node:  Set Actor Scale 3D
[2018.10.01-04.44.48:457][529]LogScript: Warning: Attempted to access WALL_C_62 via property CallFunc_FinishSpawningActor_ReturnValue, but WALL_C_62 is pending kill
	SP_DOOR3_C /Game/Beta/UEDPIE_0_MapGeneration.MapGeneration:PersistentLevel.SP_DOOR3_GEN_VARIABLE_SP_DOOR3_C_CAT_15
	Function /Game/TopDownBP/Blueprints/Enemy_SpawnPoints/Rooms/DOORS/SP_DOOR3.SP_DOOR3_C:ExecuteUbergraph_SP_DOOR3:0497
[2018.10.01-04.44.48:457][529]PIE: Error: Blueprint Runtime Error: "Attempted to access WALL_C_62 via property CallFunc_FinishSpawningActor_ReturnValue, but WALL_C_62 is pending kill". Blueprint:  SP_DOOR3 Function:  Execute Ubergraph SP DOOR3 Graph:  EventGraph Node:  SetWorldLocation
[2018.10.01-04.44.48:457][529]LogScript: Warning: Accessed None
	SP_DOOR3_C /Game/Beta/UEDPIE_0_MapGeneration.MapGeneration:PersistentLevel.SP_DOOR3_GEN_VARIABLE_SP_DOOR3_C_CAT_15
	Function /Game/TopDownBP/Blueprints/Enemy_SpawnPoints/Rooms/DOORS/SP_DOOR3.SP_DOOR3_C:ExecuteUbergraph_SP_DOOR3:04AC
[2018.10.01-04.44.48:457][529]PIE: Error: Blueprint Runtime Error: "Accessed None". Blueprint:  SP_DOOR3 Function:  Execute Ubergraph SP DOOR3 Graph:  EventGraph Node:  SetWorldLocation
[2018.10.01-04.44.48:457][529]LogSpawn: Warning: SpawnActor failed because of collision at the spawn location [X=10830.084 Y=3990.400 Z=-73.439] for [WALL_C]
[2018.10.01-04.44.48:457][529]LogScript: Warning: Attempted to access WALL_C_63 via property CallFunc_FinishSpawningActor_ReturnValue, but WALL_C_63 is pending kill
	SP_DOOR4_C /Game/Beta/UEDPIE_0_MapGeneration.MapGeneration:PersistentLevel.SP_DOOR4_GEN_VARIABLE_SP_DOOR4_C_CAT_15
	Function /Game/TopDownBP/Blueprints/Enemy_SpawnPoints/Rooms/DOORS/SP_DOOR4.SP_DOOR4_C:ExecuteUbergraph_SP_DOOR4:0376
[2018.10.01-04.44.48:457][529]PIE: Error: Blueprint Runtime Error: "Attempted to access WALL_C_63 via property CallFunc_FinishSpawningActor_ReturnValue, but WALL_C_63 is pending kill". Blueprint:  SP_DOOR4 Function:  Execute Ubergraph SP DOOR4 Graph:  EventGraph Node:  SetActorRotation
[2018.10.01-04.44.48:457][529]LogScript: Warning: Attempted to access WALL_C_63 via property CallFunc_FinishSpawningActor_ReturnValue, but WALL_C_63 is pending kill
	SP_DOOR4_C /Game/Beta/UEDPIE_0_MapGeneration.MapGeneration:PersistentLevel.SP_DOOR4_GEN_VARIABLE_SP_DOOR4_C_CAT_15
	Function /Game/TopDownBP/Blueprints/Enemy_SpawnPoints/Rooms/DOORS/SP_DOOR4.SP_DOOR4_C:ExecuteUbergraph_SP_DOOR4:03A6
[2018.10.01-04.44.48:458][529]PIE: Error: Blueprint Runtime Error: "Attempted to access WALL_C_63 via property CallFunc_FinishSpawningActor_ReturnValue, but WALL_C_63 is pending kill". Blueprint:  SP_DOOR4 Function:  Execute Ubergraph SP DOOR4 Graph:  EventGraph Node:  Set Actor Scale 3D
[2018.10.01-04.44.48:458][529]LogScript: Warning: Attempted to access WALL_C_63 via property CallFunc_FinishSpawningActor_ReturnValue, but WALL_C_63 is pending kill
	SP_DOOR4_C /Game/Beta/UEDPIE_0_MapGeneration.MapGeneration:PersistentLevel.SP_DOOR4_GEN_VARIABLE_SP_DOOR4_C_CAT_15
	Function /Game/TopDownBP/Blueprints/Enemy_SpawnPoints/Rooms/DOORS/SP_DOOR4.SP_DOOR4_C:ExecuteUbergraph_SP_DOOR4:0497
[2018.10.01-04.44.48:458][529]PIE: Error: Blueprint Runtime Error: "Attempted to access WALL_C_63 via property CallFunc_FinishSpawningActor_ReturnValue, but WALL_C_63 is pending kill". Blueprint:  SP_DOOR4 Function:  Execute Ubergraph SP DOOR4 Graph:  EventGraph Node:  SetWorldLocation
[2018.10.01-04.44.48:458][529]LogScript: Warning: Accessed None
	SP_DOOR4_C /Game/Beta/UEDPIE_0_MapGeneration.MapGeneration:PersistentLevel.SP_DOOR4_GEN_VARIABLE_SP_DOOR4_C_CAT_15
	Function /Game/TopDownBP/Blueprints/Enemy_SpawnPoints/Rooms/DOORS/SP_DOOR4.SP_DOOR4_C:ExecuteUbergraph_SP_DOOR4:04AC
[2018.10.01-04.44.48:458][529]PIE: Error: Blueprint Runtime Error: "Accessed None". Blueprint:  SP_DOOR4 Function:  Execute Ubergraph SP DOOR4 Graph:  EventGraph Node:  SetWorldLocation
[2018.10.01-04.44.48:625][537]LogBlueprintUserMessages: [TopDownCharacter] false
[2018.10.01-04.44.49:626][597]LogBlueprintUserMessages: [TopDownCharacter] false
[2018.10.01-04.44.50:626][657]LogBlueprintUserMessages: [TopDownCharacter] false
[2018.10.01-04.44.51:625][717]LogBlueprintUserMessages: [TopDownCharacter] false
[2018.10.01-04.44.52:625][777]LogBlueprintUserMessages: [TopDownCharacter] false
[2018.10.01-04.44.53:626][837]LogBlueprintUserMessages: [TopDownCharacter] false
[2018.10.01-04.44.54:626][897]LogBlueprintUserMessages: [TopDownCharacter] false
[2018.10.01-04.44.55:626][957]LogBlueprintUserMessages: [TopDownCharacter] false
[2018.10.01-04.44.56:626][ 17]LogBlueprintUserMessages: [TopDownCharacter] false
[2018.10.01-04.44.57:626][ 77]LogBlueprintUserMessages: [TopDownCharacter] false
[2018.10.01-04.44.58:626][137]LogBlueprintUserMessages: [TopDownCharacter] true
[2018.10.01-04.44.59:627][197]LogBlueprintUserMessages: [TopDownCharacter] true
[2018.10.01-04.45.00:628][257]LogBlueprintUserMessages: [TopDownCharacter] true
[2018.10.01-04.45.01:562][313]LogBlueprintUserMessages: Early EndPlayMap Detection: Level '/Game/UI-Rick/MainMenuTest.MainMenuTest:PersistentLevel' has LevelScriptBlueprint '/Game/UI-Rick/MainMenuTest.MainMenuTest:PersistentLevel.MainMenuTest' with GeneratedClass '/Game/UI-Rick/MainMenuTest.MainMenuTest_C' with ClassGeneratedBy '/Game/UI-Rick/MainMenuTest.MainMenuTest:PersistentLevel.MainMenuTest'
[2018.10.01-04.45.01:562][313]LogSlate: Updating window title bar state: overlay mode, drag disabled, window buttons hidden, title bar hidden
[2018.10.01-04.45.01:584][313]LogSlate: Window 'ASH_Game Game Preview Standalone (64-bit/PCD3D_SM5)' being destroyed
[2018.10.01-04.45.01:647][313]LogPlayLevel: Display: Shutting down PIE online subsystems
[2018.10.01-04.45.01:647][313]LogBlueprintUserMessages: Late EndPlayMap Detection: Level '/Game/UI-Rick/MainMenuTest.MainMenuTest:PersistentLevel' has LevelScriptBlueprint '/Game/UI-Rick/MainMenuTest.MainMenuTest:PersistentLevel.MainMenuTest' with GeneratedClass '/Game/UI-Rick/MainMenuTest.MainMenuTest_C' with ClassGeneratedBy '/Game/UI-Rick/MainMenuTest.MainMenuTest:PersistentLevel.MainMenuTest'
[2018.10.01-04.45.01:719][314]LogPlayLevel: Display: Destroying online subsystem :Context_3
[2018.10.01-04.45.05:862][553]LogTemp: Repeating last play command: New Editor Window (PIE)
[2018.10.01-04.45.05:884][553]LogBlueprintUserMessages: Early PlayInEditor Detection: Level '/Game/UI-Rick/MainMenuTest.MainMenuTest:PersistentLevel' has LevelScriptBlueprint '/Game/UI-Rick/MainMenuTest.MainMenuTest:PersistentLevel.MainMenuTest' with GeneratedClass '/Game/UI-Rick/MainMenuTest.MainMenuTest_C' with ClassGeneratedBy '/Game/UI-Rick/MainMenuTest.MainMenuTest:PersistentLevel.MainMenuTest'
[2018.10.01-04.45.05:884][553]LogPlayLevel: PlayLevel: No blueprints needed recompiling
[2018.10.01-04.45.05:884][553]PIE: New page: PIE session: MainMenuTest (Sep 30, 2018, 8:45:05 PM)
[2018.10.01-04.45.05:885][553]LogPlayLevel: Creating play world package: /Game/UI-Rick/UEDPIE_0_MainMenuTest
[2018.10.01-04.45.05:886][553]LogPlayLevel: PIE: StaticDuplicateObject took: (0.001011s)
[2018.10.01-04.45.05:887][553]LogAIModule: Creating AISystem for world MainMenuTest
[2018.10.01-04.45.05:887][553]LogPlayLevel: PIE: World Init took: (0.000846s)
[2018.10.01-04.45.05:887][553]LogPlayLevel: PIE: Created PIE world by copying editor world from /Game/UI-Rick/MainMenuTest.MainMenuTest to /Game/UI-Rick/UEDPIE_0_MainMenuTest.MainMenuTest (0.002032s)
[2018.10.01-04.45.05:920][553]LogInit: XAudio2 using 'Speakers / Headphones (Realtek Audio)' : 6 channels at 48 kHz using 32 bits per sample (channel mask 0x3f)
[2018.10.01-04.45.06:000][553]LogInit: FAudioDevice initialized.
[2018.10.01-04.45.06:026][553]LogSlate: Updating window title bar state: overlay mode, drag disabled, window buttons hidden, title bar hidden
[2018.10.01-04.45.06:115][553]LogLoad: Game class is 'TopDownGameMode_C'
[2018.10.01-04.45.06:116][553]LogWorld: Bringing World /Game/UI-Rick/UEDPIE_0_MainMenuTest.MainMenuTest up for play (max tick rate 60) at 2018.10.01-00.45.06
[2018.10.01-04.45.06:117][553]LogWorld: Bringing up level for play took: 0.000445
[2018.10.01-04.45.06:134][553]PIE: Play in editor start time for /Game/UI-Rick/UEDPIE_0_MainMenuTest 0.336
[2018.10.01-04.45.06:134][553]LogBlueprintUserMessages: Late PlayInEditor Detection: Level '/Game/UI-Rick/MainMenuTest.MainMenuTest:PersistentLevel' has LevelScriptBlueprint '/Game/UI-Rick/MainMenuTest.MainMenuTest:PersistentLevel.MainMenuTest' with GeneratedClass '/Game/UI-Rick/MainMenuTest.MainMenuTest_C' with ClassGeneratedBy '/Game/UI-Rick/MainMenuTest.MainMenuTest:PersistentLevel.MainMenuTest'
[2018.10.01-04.45.09:248][731]LogNet: Browse: /Game/Beta/MapGeneration
[2018.10.01-04.45.09:248][731]LogLoad: LoadMap: /Game/Beta/MapGeneration
[2018.10.01-04.45.09:714][731]LogAIModule: Creating AISystem for world MapGeneration
[2018.10.01-04.45.09:714][731]LogLoad: Game class is 'TopDownGameMode_C'
[2018.10.01-04.45.09:726][731]LogWorld: Bringing World /Game/Beta/UEDPIE_0_MapGeneration.MapGeneration up for play (max tick rate 60) at 2018.10.01-00.45.09
[2018.10.01-04.45.09:727][731]LogWorld: Bringing up level for play took: 0.011057
[2018.10.01-04.45.09:728][731]LogBlueprintUserMessages: [MapGenerator_BP_2] REAbranch#8
[2018.10.01-04.45.09:728][731]LogBlueprintUserMessages: [MapGenerator_BP_2] LSbranch#4
[2018.10.01-04.45.09:728][731]LogBlueprintUserMessages: [MapGenerator_BP_2] ENGbranch#5
[2018.10.01-04.45.09:970][731]LogBlueprintUserMessages: [MapGenerator_BP_2] LS Spawned
[2018.10.01-04.45.10:024][731]LogBlueprintUserMessages: [MapGenerator_BP_2] ER Spawned
[2018.10.01-04.45.10:210][731]LogBlueprintUserMessages: [MapGenerator_BP_2] REA Spawned
[2018.10.01-04.45.10:257][731]LogBlueprintUserMessages: [MapGeneration_C_1] 4
[2018.10.01-04.45.10:257][731]LogScript: Warning: Accessed None trying to read property K2Node_DynamicCast_AsTop_Down_Character
	MapGeneration_C /Game/Beta/UEDPIE_0_MapGeneration.MapGeneration:PersistentLevel.MapGeneration_C_1
	Function /Game/Beta/UEDPIE_0_MapGeneration.MapGeneration_C:ExecuteUbergraph_MapGeneration:0040
[2018.10.01-04.45.10:257][731]PIE: Error: Blueprint Runtime Error: "Accessed None trying to read property K2Node_DynamicCast_AsTop_Down_Character". Blueprint:  MapGeneration Function:  Execute Ubergraph Map Generation Graph:  EventGraph Node:  Bind Event to TimerDispatch
[2018.10.01-04.45.10:258][731]LogLoad: Took 1.010014 seconds to LoadMap(/Game/Beta/MapGeneration)
[2018.10.01-04.45.10:483][732]LogSpawn: Warning: SpawnActor failed because of collision at the spawn location [X=30024.000 Y=9170.459 Z=-73.440] for [WALL_C]
[2018.10.01-04.45.10:483][732]LogScript: Warning: Attempted to access WALL_C_340 via property CallFunc_FinishSpawningActor_ReturnValue, but WALL_C_340 is pending kill
	SP_DOOR1_C /Game/Beta/UEDPIE_0_MapGeneration.MapGeneration:PersistentLevel.SP_DOOR1_GEN_VARIABLE_SP_DOOR1_C_CAT_85
	Function /Game/TopDownBP/Blueprints/Enemy_SpawnPoints/Rooms/DOORS/SP_DOOR1.SP_DOOR1_C:ExecuteUbergraph_SP_DOOR1:0376
[2018.10.01-04.45.10:483][732]PIE: Error: Blueprint Runtime Error: "Attempted to access WALL_C_340 via property CallFunc_FinishSpawningActor_ReturnValue, but WALL_C_340 is pending kill". Blueprint:  SP_DOOR1 Function:  Execute Ubergraph SP DOOR1 Graph:  EventGraph Node:  SetActorRotation
[2018.10.01-04.45.10:483][732]LogScript: Warning: Attempted to access WALL_C_340 via property CallFunc_FinishSpawningActor_ReturnValue, but WALL_C_340 is pending kill
	SP_DOOR1_C /Game/Beta/UEDPIE_0_MapGeneration.MapGeneration:PersistentLevel.SP_DOOR1_GEN_VARIABLE_SP_DOOR1_C_CAT_85
	Function /Game/TopDownBP/Blueprints/Enemy_SpawnPoints/Rooms/DOORS/SP_DOOR1.SP_DOOR1_C:ExecuteUbergraph_SP_DOOR1:03A6
[2018.10.01-04.45.10:483][732]PIE: Error: Blueprint Runtime Error: "Attempted to access WALL_C_340 via property CallFunc_FinishSpawningActor_ReturnValue, but WALL_C_340 is pending kill". Blueprint:  SP_DOOR1 Function:  Execute Ubergraph SP DOOR1 Graph:  EventGraph Node:  Set Actor Scale 3D
[2018.10.01-04.45.10:483][732]LogScript: Warning: Attempted to access WALL_C_340 via property CallFunc_FinishSpawningActor_ReturnValue, but WALL_C_340 is pending kill
	SP_DOOR1_C /Game/Beta/UEDPIE_0_MapGeneration.MapGeneration:PersistentLevel.SP_DOOR1_GEN_VARIABLE_SP_DOOR1_C_CAT_85
	Function /Game/TopDownBP/Blueprints/Enemy_SpawnPoints/Rooms/DOORS/SP_DOOR1.SP_DOOR1_C:ExecuteUbergraph_SP_DOOR1:0497
[2018.10.01-04.45.10:483][732]PIE: Error: Blueprint Runtime Error: "Attempted to access WALL_C_340 via property CallFunc_FinishSpawningActor_ReturnValue, but WALL_C_340 is pending kill". Blueprint:  SP_DOOR1 Function:  Execute Ubergraph SP DOOR1 Graph:  EventGraph Node:  SetWorldLocation
[2018.10.01-04.45.10:483][732]LogScript: Warning: Accessed None
	SP_DOOR1_C /Game/Beta/UEDPIE_0_MapGeneration.MapGeneration:PersistentLevel.SP_DOOR1_GEN_VARIABLE_SP_DOOR1_C_CAT_85
	Function /Game/TopDownBP/Blueprints/Enemy_SpawnPoints/Rooms/DOORS/SP_DOOR1.SP_DOOR1_C:ExecuteUbergraph_SP_DOOR1:04AC
[2018.10.01-04.45.10:483][732]PIE: Error: Blueprint Runtime Error: "Accessed None". Blueprint:  SP_DOOR1 Function:  Execute Ubergraph SP DOOR1 Graph:  EventGraph Node:  SetWorldLocation
[2018.10.01-04.45.10:484][732]LogSpawn: Warning: SpawnActor failed because of collision at the spawn location [X=29169.926 Y=9990.400 Z=-73.437] for [WALL_C]
[2018.10.01-04.45.10:484][732]LogScript: Warning: Attempted to access WALL_C_342 via property CallFunc_FinishSpawningActor_ReturnValue, but WALL_C_342 is pending kill
	SP_DOOR3_C /Game/Beta/UEDPIE_0_MapGeneration.MapGeneration:PersistentLevel.SP_DOOR3_GEN_VARIABLE_SP_DOOR3_C_CAT_85
	Function /Game/TopDownBP/Blueprints/Enemy_SpawnPoints/Rooms/DOORS/SP_DOOR3.SP_DOOR3_C:ExecuteUbergraph_SP_DOOR3:0376
[2018.10.01-04.45.10:484][732]PIE: Error: Blueprint Runtime Error: "Attempted to access WALL_C_342 via property CallFunc_FinishSpawningActor_ReturnValue, but WALL_C_342 is pending kill". Blueprint:  SP_DOOR3 Function:  Execute Ubergraph SP DOOR3 Graph:  EventGraph Node:  SetActorRotation
[2018.10.01-04.45.10:484][732]LogScript: Warning: Attempted to access WALL_C_342 via property CallFunc_FinishSpawningActor_ReturnValue, but WALL_C_342 is pending kill
	SP_DOOR3_C /Game/Beta/UEDPIE_0_MapGeneration.MapGeneration:PersistentLevel.SP_DOOR3_GEN_VARIABLE_SP_DOOR3_C_CAT_85
	Function /Game/TopDownBP/Blueprints/Enemy_SpawnPoints/Rooms/DOORS/SP_DOOR3.SP_DOOR3_C:ExecuteUbergraph_SP_DOOR3:03A6
[2018.10.01-04.45.10:484][732]PIE: Error: Blueprint Runtime Error: "Attempted to access WALL_C_342 via property CallFunc_FinishSpawningActor_ReturnValue, but WALL_C_342 is pending kill". Blueprint:  SP_DOOR3 Function:  Execute Ubergraph SP DOOR3 Graph:  EventGraph Node:  Set Actor Scale 3D
[2018.10.01-04.45.10:484][732]LogScript: Warning: Attempted to access WALL_C_342 via property CallFunc_FinishSpawningActor_ReturnValue, but WALL_C_342 is pending kill
	SP_DOOR3_C /Game/Beta/UEDPIE_0_MapGeneration.MapGeneration:PersistentLevel.SP_DOOR3_GEN_VARIABLE_SP_DOOR3_C_CAT_85
	Function /Game/TopDownBP/Blueprints/Enemy_SpawnPoints/Rooms/DOORS/SP_DOOR3.SP_DOOR3_C:ExecuteUbergraph_SP_DOOR3:0497
[2018.10.01-04.45.10:484][732]PIE: Error: Blueprint Runtime Error: "Attempted to access WALL_C_342 via property CallFunc_FinishSpawningActor_ReturnValue, but WALL_C_342 is pending kill". Blueprint:  SP_DOOR3 Function:  Execute Ubergraph SP DOOR3 Graph:  EventGraph Node:  SetWorldLocation
[2018.10.01-04.45.10:484][732]LogScript: Warning: Accessed None
	SP_DOOR3_C /Game/Beta/UEDPIE_0_MapGeneration.MapGeneration:PersistentLevel.SP_DOOR3_GEN_VARIABLE_SP_DOOR3_C_CAT_85
	Function /Game/TopDownBP/Blueprints/Enemy_SpawnPoints/Rooms/DOORS/SP_DOOR3.SP_DOOR3_C:ExecuteUbergraph_SP_DOOR3:04AC
[2018.10.01-04.45.10:485][732]PIE: Error: Blueprint Runtime Error: "Accessed None". Blueprint:  SP_DOOR3 Function:  Execute Ubergraph SP DOOR3 Graph:  EventGraph Node:  SetWorldLocation
[2018.10.01-04.45.10:485][732]LogSpawn: Warning: SpawnActor failed because of collision at the spawn location [X=30830.084 Y=9990.400 Z=-73.439] for [WALL_C]
[2018.10.01-04.45.10:485][732]LogScript: Warning: Attempted to access WALL_C_343 via property CallFunc_FinishSpawningActor_ReturnValue, but WALL_C_343 is pending kill
	SP_DOOR4_C /Game/Beta/UEDPIE_0_MapGeneration.MapGeneration:PersistentLevel.SP_DOOR4_GEN_VARIABLE_SP_DOOR4_C_CAT_85
	Function /Game/TopDownBP/Blueprints/Enemy_SpawnPoints/Rooms/DOORS/SP_DOOR4.SP_DOOR4_C:ExecuteUbergraph_SP_DOOR4:0376
[2018.10.01-04.45.10:485][732]PIE: Error: Blueprint Runtime Error: "Attempted to access WALL_C_343 via property CallFunc_FinishSpawningActor_ReturnValue, but WALL_C_343 is pending kill". Blueprint:  SP_DOOR4 Function:  Execute Ubergraph SP DOOR4 Graph:  EventGraph Node:  SetActorRotation
[2018.10.01-04.45.10:485][732]LogScript: Warning: Attempted to access WALL_C_343 via property CallFunc_FinishSpawningActor_ReturnValue, but WALL_C_343 is pending kill
	SP_DOOR4_C /Game/Beta/UEDPIE_0_MapGeneration.MapGeneration:PersistentLevel.SP_DOOR4_GEN_VARIABLE_SP_DOOR4_C_CAT_85
	Function /Game/TopDownBP/Blueprints/Enemy_SpawnPoints/Rooms/DOORS/SP_DOOR4.SP_DOOR4_C:ExecuteUbergraph_SP_DOOR4:03A6
[2018.10.01-04.45.10:485][732]PIE: Error: Blueprint Runtime Error: "Attempted to access WALL_C_343 via property CallFunc_FinishSpawningActor_ReturnValue, but WALL_C_343 is pending kill". Blueprint:  SP_DOOR4 Function:  Execute Ubergraph SP DOOR4 Graph:  EventGraph Node:  Set Actor Scale 3D
[2018.10.01-04.45.10:485][732]LogScript: Warning: Attempted to access WALL_C_343 via property CallFunc_FinishSpawningActor_ReturnValue, but WALL_C_343 is pending kill
	SP_DOOR4_C /Game/Beta/UEDPIE_0_MapGeneration.MapGeneration:PersistentLevel.SP_DOOR4_GEN_VARIABLE_SP_DOOR4_C_CAT_85
	Function /Game/TopDownBP/Blueprints/Enemy_SpawnPoints/Rooms/DOORS/SP_DOOR4.SP_DOOR4_C:ExecuteUbergraph_SP_DOOR4:0497
[2018.10.01-04.45.10:486][732]PIE: Error: Blueprint Runtime Error: "Attempted to access WALL_C_343 via property CallFunc_FinishSpawningActor_ReturnValue, but WALL_C_343 is pending kill". Blueprint:  SP_DOOR4 Function:  Execute Ubergraph SP DOOR4 Graph:  EventGraph Node:  SetWorldLocation
[2018.10.01-04.45.10:486][732]LogScript: Warning: Accessed None
	SP_DOOR4_C /Game/Beta/UEDPIE_0_MapGeneration.MapGeneration:PersistentLevel.SP_DOOR4_GEN_VARIABLE_SP_DOOR4_C_CAT_85
	Function /Game/TopDownBP/Blueprints/Enemy_SpawnPoints/Rooms/DOORS/SP_DOOR4.SP_DOOR4_C:ExecuteUbergraph_SP_DOOR4:04AC
[2018.10.01-04.45.10:486][732]PIE: Error: Blueprint Runtime Error: "Accessed None". Blueprint:  SP_DOOR4 Function:  Execute Ubergraph SP DOOR4 Graph:  EventGraph Node:  SetWorldLocation
[2018.10.01-04.45.14:779][980]LogBlueprintUserMessages: [TopDownCharacter] true
[2018.10.01-04.45.15:779][ 40]LogBlueprintUserMessages: [TopDownCharacter] true
[2018.10.01-04.45.16:780][100]LogBlueprintUserMessages: [TopDownCharacter] true
[2018.10.01-04.45.16:899][107]LogBlueprintUserMessages: Early EndPlayMap Detection: Level '/Game/UI-Rick/MainMenuTest.MainMenuTest:PersistentLevel' has LevelScriptBlueprint '/Game/UI-Rick/MainMenuTest.MainMenuTest:PersistentLevel.MainMenuTest' with GeneratedClass '/Game/UI-Rick/MainMenuTest.MainMenuTest_C' with ClassGeneratedBy '/Game/UI-Rick/MainMenuTest.MainMenuTest:PersistentLevel.MainMenuTest'
[2018.10.01-04.45.16:899][107]LogSlate: Updating window title bar state: overlay mode, drag disabled, window buttons hidden, title bar hidden
[2018.10.01-04.45.16:922][107]LogSlate: Window 'ASH_Game Game Preview Standalone (64-bit/PCD3D_SM5)' being destroyed
[2018.10.01-04.45.17:071][107]LogPlayLevel: Display: Shutting down PIE online subsystems
[2018.10.01-04.45.17:071][107]LogBlueprintUserMessages: Late EndPlayMap Detection: Level '/Game/UI-Rick/MainMenuTest.MainMenuTest:PersistentLevel' has LevelScriptBlueprint '/Game/UI-Rick/MainMenuTest.MainMenuTest:PersistentLevel.MainMenuTest' with GeneratedClass '/Game/UI-Rick/MainMenuTest.MainMenuTest_C' with ClassGeneratedBy '/Game/UI-Rick/MainMenuTest.MainMenuTest:PersistentLevel.MainMenuTest'
[2018.10.01-04.45.17:166][108]LogPlayLevel: Display: Destroying online subsystem :Context_5
[2018.10.01-04.45.18:793][197]LogSlate: Window 'ASH_Game - Unreal Editor' being destroyed
[2018.10.01-04.45.18:794][197]LogWindowsTextInputMethodSystem: Display: IME system now deactivated.
[2018.10.01-04.45.19:007][198]Cmd: QUIT_EDITOR
[2018.10.01-04.45.20:038][198]LogExit: Preparing to exit.
[2018.10.01-04.45.20:798][198]LogExit: Editor shut down
[2018.10.01-04.45.20:799][198]LogExit: Transaction tracking system shut down
[2018.10.01-04.45.21:332][198]LogExit: Object subsystem successfully closed.
[2018.10.01-04.45.21:354][198]LogShaderCompilers: Display: Shaders left to compile 0
[2018.10.01-04.45.21:358][198]LogD3D11RHI: Shutdown
[2018.10.01-04.45.21:358][198]LogD3D11RHI: CleanupD3DDevice
[2018.10.01-04.45.21:359][198]LogD3D11RHI: ~FD3D11DynamicRHI
[2018.10.01-04.45.21:371][198]LogModuleManager: Shutting down and abandoning module MovieSceneCapture (632)
[2018.10.01-04.45.21:371][198]LogModuleManager: Shutting down and abandoning module Voice (630)
[2018.10.01-04.45.21:371][198]LogModuleManager: Shutting down and abandoning module HierarchicalLODOutliner (628)
[2018.10.01-04.45.21:371][198]LogModuleManager: Shutting down and abandoning module AddContentDialog (626)
[2018.10.01-04.45.21:371][198]LogModuleManager: Shutting down and abandoning module WidgetCarousel (625)
[2018.10.01-04.45.21:371][198]LogModuleManager: Shutting down and abandoning module EditorWidgets (622)
[2018.10.01-04.45.21:371][198]LogModuleManager: Shutting down and abandoning module CollectionManager (620)
[2018.10.01-04.45.21:371][198]LogModuleManager: Shutting down and abandoning module SceneOutliner (618)
[2018.10.01-04.45.21:371][198]LogModuleManager: Shutting down and abandoning module StatsViewer (616)
[2018.10.01-04.45.21:371][198]LogModuleManager: Shutting down and abandoning module FoliageEdit (614)
[2018.10.01-04.45.21:371][198]LogModuleManager: Shutting down and abandoning module LandscapeEditor (612)
[2018.10.01-04.45.21:372][198]LogModuleManager: Shutting down and abandoning module MeshPaintMode (610)
[2018.10.01-04.45.21:372][198]LogModuleManager: Shutting down and abandoning module SceneDepthPickerMode (608)
[2018.10.01-04.45.21:372][198]LogModuleManager: Shutting down and abandoning module ActorPickerMode (606)
[2018.10.01-04.45.21:372][198]LogModuleManager: Shutting down and abandoning module GeometryMode (604)
[2018.10.01-04.45.21:372][198]LogModuleManager: Shutting down and abandoning module TextureAlignMode (602)
[2018.10.01-04.45.21:372][198]LogModuleManager: Shutting down and abandoning module BspMode (600)
[2018.10.01-04.45.21:372][198]LogModuleManager: Shutting down and abandoning module PIEPreviewDeviceProfileSelector (598)
[2018.10.01-04.45.21:372][198]LogModuleManager: Shutting down and abandoning module SequenceRecorderSections (596)
[2018.10.01-04.45.21:372][198]LogModuleManager: Shutting down and abandoning module AutomationWorker (594)
[2018.10.01-04.45.21:372][198]LogModuleManager: Shutting down and abandoning module DatasmithFBXImporter (592)
[2018.10.01-04.45.21:372][198]LogModuleManager: Shutting down and abandoning module DatasmithDeltaGenImporter (590)
[2018.10.01-04.45.21:372][198]LogModuleManager: Shutting down and abandoning module DatasmithVREDImporter (588)
[2018.10.01-04.45.21:372][198]LogModuleManager: Shutting down and abandoning module AudioCaptureEditor (586)
[2018.10.01-04.45.21:372][198]LogModuleManager: Shutting down and abandoning module SequenceRecorder (585)
[2018.10.01-04.45.21:372][198]LogModuleManager: Shutting down and abandoning module MatineeToLevelSequence (582)
[2018.10.01-04.45.21:372][198]LogModuleManager: Shutting down and abandoning module LevelSequenceEditor (580)
[2018.10.01-04.45.21:372][198]LogModuleManager: Shutting down and abandoning module PlacementMode (579)
[2018.10.01-04.45.21:372][198]LogModuleManager: Shutting down and abandoning module MaterialEditor (578)
[2018.10.01-04.45.21:372][198]LogModuleManager: Shutting down and abandoning module WmfMediaFactory (574)
[2018.10.01-04.45.21:372][198]LogModuleManager: Shutting down and abandoning module WmfMediaEditor (572)
[2018.10.01-04.45.21:372][198]LogModuleManager: Shutting down and abandoning module MediaPlayerEditor (570)
[2018.10.01-04.45.21:372][198]LogModuleManager: Shutting down and abandoning module OpenExrWrapper (568)
[2018.10.01-04.45.21:372][198]LogModuleManager: Shutting down and abandoning module ImgMediaFactory (566)
[2018.10.01-04.45.21:372][198]LogModuleManager: Shutting down and abandoning module ImgMediaEditor (564)
[2018.10.01-04.45.21:372][198]LogModuleManager: Shutting down and abandoning module AvfMediaFactory (562)
[2018.10.01-04.45.21:372][198]LogModuleManager: Shutting down and abandoning module AvfMediaEditor (560)
[2018.10.01-04.45.21:372][198]LogModuleManager: Shutting down and abandoning module AndroidMediaFactory (558)
[2018.10.01-04.45.21:372][198]LogModuleManager: Shutting down and abandoning module AndroidMediaEditor (556)
[2018.10.01-04.45.21:372][198]LogModuleManager: Shutting down and abandoning module MagicLeapCameraPreviewFactory (554)
[2018.10.01-04.45.21:372][198]LogModuleManager: Shutting down and abandoning module MagicLeapMediaFactory (552)
[2018.10.01-04.45.21:372][198]LogModuleManager: Shutting down and abandoning module MagicLeapMediaEditor (550)
[2018.10.01-04.45.21:372][198]LogModuleManager: Shutting down and abandoning module CharacterAI (548)
[2018.10.01-04.45.21:372][198]LogModuleManager: Shutting down and abandoning module SmartSnapping (546)
[2018.10.01-04.45.21:372][198]LogModuleManager: Shutting down and abandoning module SessionServices (544)
[2018.10.01-04.45.21:372][198]LogModuleManager: Shutting down and abandoning module ViewportSnapping (542)
[2018.10.01-04.45.21:372][198]LogModuleManager: Shutting down and abandoning module ViewportInteraction (540)
[2018.10.01-04.45.21:372][198]LogModuleManager: Shutting down and abandoning module ClothPainter (538)
[2018.10.01-04.45.21:372][198]LogModuleManager: Shutting down and abandoning module SkeletalMeshEditor (537)
[2018.10.01-04.45.21:373][198]LogModuleManager: Shutting down and abandoning module LogVisualizer (534)
[2018.10.01-04.45.21:373][198]LogModuleManager: Shutting down and abandoning module IntroTutorials (532)
[2018.10.01-04.45.21:373][198]LogModuleManager: Shutting down and abandoning module GameProjectGeneration (531)
[2018.10.01-04.45.21:373][198]LogModuleManager: Shutting down and abandoning module LuminPlatformEditor (528)
[2018.10.01-04.45.21:373][198]LogModuleManager: Shutting down and abandoning module IOSPlatformEditor (526)
[2018.10.01-04.45.21:373][198]LogModuleManager: Shutting down and abandoning module HTML5PlatformEditor (524)
[2018.10.01-04.45.21:373][198]LogModuleManager: Shutting down and abandoning module AndroidPlatformEditor (522)
[2018.10.01-04.45.21:373][198]LogModuleManager: Shutting down and abandoning module AndroidDeviceDetection (521)
[2018.10.01-04.45.21:624][198]LogModuleManager: Shutting down and abandoning module WindowsPlatformEditor (518)
[2018.10.01-04.45.21:624][198]LogModuleManager: Shutting down and abandoning module LuminRuntimeSettings (516)
[2018.10.01-04.45.21:624][198]LogModuleManager: Shutting down and abandoning module IOSRuntimeSettings (514)
[2018.10.01-04.45.21:624][198]LogModuleManager: Shutting down and abandoning module AndroidRuntimeSettings (512)
[2018.10.01-04.45.21:624][198]LogModuleManager: Shutting down and abandoning module InputBindingEditor (510)
[2018.10.01-04.45.21:624][198]LogModuleManager: Shutting down and abandoning module MergeActors (508)
[2018.10.01-04.45.21:624][198]LogModuleManager: Shutting down and abandoning module LocalizationDashboard (506)
[2018.10.01-04.45.21:625][198]LogModuleManager: Shutting down and abandoning module LocalizationService (505)
[2018.10.01-04.45.21:625][198]LogModuleManager: Shutting down and abandoning module HardwareTargeting (502)
[2018.10.01-04.45.21:625][198]LogModuleManager: Shutting down and abandoning module DeviceProfileEditor (500)
[2018.10.01-04.45.21:625][198]LogModuleManager: Shutting down and abandoning module UndoHistory (498)
[2018.10.01-04.45.21:625][198]LogModuleManager: Shutting down and abandoning module XmlParser (496)
[2018.10.01-04.45.21:625][198]LogModuleManager: Shutting down and abandoning module Blutility (494)
[2018.10.01-04.45.21:625][198]LogModuleManager: Shutting down and abandoning module ProjectSettingsViewer (492)
[2018.10.01-04.45.21:625][198]LogModuleManager: Shutting down and abandoning module ProjectTargetPlatformEditor (491)
[2018.10.01-04.45.21:625][198]LogModuleManager: Shutting down and abandoning module EditorSettingsViewer (488)
[2018.10.01-04.45.21:625][198]LogModuleManager: Shutting down and abandoning module SettingsEditor (486)
[2018.10.01-04.45.21:625][198]LogModuleManager: Shutting down and abandoning module ProjectLauncher (484)
[2018.10.01-04.45.21:625][198]LogModuleManager: Shutting down and abandoning module SessionFrontend (482)
[2018.10.01-04.45.21:625][198]LogModuleManager: Shutting down and abandoning module ProfilerClient (480)
[2018.10.01-04.45.21:625][198]LogModuleManager: Shutting down and abandoning module DeviceManager (478)
[2018.10.01-04.45.21:625][198]LogModuleManager: Shutting down and abandoning module TargetDeviceServices (477)
[2018.10.01-04.45.21:691][198]LogModuleManager: Shutting down and abandoning module AutomationController (474)
[2018.10.01-04.45.21:691][198]LogModuleManager: Shutting down and abandoning module AutomationWindow (472)
[2018.10.01-04.45.21:691][198]LogModuleManager: Shutting down and abandoning module Layers (470)
[2018.10.01-04.45.21:691][198]LogModuleManager: Shutting down and abandoning module ComponentVisualizers (468)
[2018.10.01-04.45.21:691][198]LogModuleManager: Shutting down and abandoning module DetailCustomizations (466)
[2018.10.01-04.45.21:691][198]LogModuleManager: Shutting down and abandoning module PackagesDialog (464)
[2018.10.01-04.45.21:691][198]LogModuleManager: Shutting down and abandoning module Persona (462)
[2018.10.01-04.45.21:691][198]LogModuleManager: Shutting down and abandoning module AnimGraph (461)
[2018.10.01-04.45.21:691][198]LogModuleManager: Shutting down and abandoning module Kismet (458)
[2018.10.01-04.45.21:693][198]LogModuleManager: Shutting down and abandoning module GraphEditor (456)
[2018.10.01-04.45.21:693][198]LogModuleManager: Shutting down and abandoning module ClassViewer (454)
[2018.10.01-04.45.21:693][198]LogModuleManager: Shutting down and abandoning module Toolbox (452)
[2018.10.01-04.45.21:693][198]LogModuleManager: Shutting down and abandoning module ModuleUI (450)
[2018.10.01-04.45.21:693][198]LogModuleManager: Shutting down and abandoning module MovieSceneTools (448)
[2018.10.01-04.45.21:693][198]LogModuleManager: Shutting down and abandoning module OutputLog (446)
[2018.10.01-04.45.21:693][198]LogModuleManager: Shutting down and abandoning module GammaUI (444)
[2018.10.01-04.45.21:693][198]LogModuleManager: Shutting down and abandoning module Documentation (442)
[2018.10.01-04.45.21:693][198]LogModuleManager: Shutting down and abandoning module MovieSceneTracks (440)
[2018.10.01-04.45.21:694][198]LogModuleManager: Shutting down and abandoning module MovieScene (438)
[2018.10.01-04.45.21:694][198]LogModuleManager: Shutting down and abandoning module StreamingPauseRendering (436)
[2018.10.01-04.45.21:694][198]LogModuleManager: Shutting down and abandoning module LauncherPlatform (434)
[2018.10.01-04.45.21:694][198]LogModuleManager: Shutting down and abandoning module AnalyticsET (432)
[2018.10.01-04.45.21:694][198]LogModuleManager: Shutting down and abandoning module PortalServices (430)
[2018.10.01-04.45.21:694][198]LogModuleManager: Shutting down and abandoning module PortalRpc (428)
[2018.10.01-04.45.21:694][198]LogModuleManager: Shutting down and abandoning module MessagingRpc (426)
[2018.10.01-04.45.21:694][198]LogModuleManager: Shutting down and abandoning module AIModule (424)
[2018.10.01-04.45.21:694][198]LogModuleManager: Shutting down and abandoning module GameplayDebugger (423)
[2018.10.01-04.45.21:694][198]LogModuleManager: Shutting down and abandoning module AITestSuite (421)
[2018.10.01-04.45.21:694][198]LogModuleManager: Shutting down and abandoning module NavigationSystem (419)
[2018.10.01-04.45.21:694][198]LogModuleManager: Shutting down and abandoning module DesktopPlatform (416)
[2018.10.01-04.45.21:694][198]LogModuleManager: Shutting down and abandoning module ProfilerService (414)
[2018.10.01-04.45.21:762][198]LogModuleManager: Shutting down and abandoning module TaskGraph (412)
[2018.10.01-04.45.21:762][198]LogModuleManager: Shutting down and abandoning module DatasmithCADImporter (410)
[2018.10.01-04.45.21:763][198]LogModuleManager: Shutting down and abandoning module StaticMeshEditorExtension (408)
[2018.10.01-04.45.21:763][198]LogModuleManager: Shutting down and abandoning module StaticMeshEditor (407)
[2018.10.01-04.45.21:763][198]LogModuleManager: Shutting down and abandoning module AdvancedPreviewScene (406)
[2018.10.01-04.45.21:763][198]LogModuleManager: Shutting down and abandoning module DatasmithMDLImporter (402)
[2018.10.01-04.45.21:764][198]LogModuleManager: Shutting down and abandoning module DatasmithImporter (400)
[2018.10.01-04.45.21:764][198]LogModuleManager: Shutting down and abandoning module SteamVRController (398)
[2018.10.01-04.45.21:764][198]LogModuleManager: Shutting down and abandoning module ProceduralMeshComponentEditor (396)
[2018.10.01-04.45.21:764][198]LogModuleManager: Shutting down and abandoning module ProceduralMeshComponent (394)
[2018.10.01-04.45.21:764][198]LogModuleManager: Shutting down and abandoning module OculusInput (392)
[2018.10.01-04.45.21:764][198]LogModuleManager: Shutting down and abandoning module MobilePatchingUtils (390)
[2018.10.01-04.45.21:764][198]LogModuleManager: Shutting down and abandoning module EditableMesh (388)
[2018.10.01-04.45.21:764][198]LogModuleManager: Shutting down and abandoning module CustomMeshComponent (386)
[2018.10.01-04.45.21:764][198]LogModuleManager: Shutting down and abandoning module CableComponent (384)
[2018.10.01-04.45.21:764][198]LogModuleManager: Shutting down and abandoning module AudioCapture (382)
[2018.10.01-04.45.21:764][198]LogModuleManager: Shutting down and abandoning module ArchVisCharacter (380)
[2018.10.01-04.45.21:764][198]LogModuleManager: Shutting down and abandoning module AndroidPermission (378)
[2018.10.01-04.45.21:764][198]LogModuleManager: Shutting down and abandoning module NUTUnrealEngine4 (376)
[2018.10.01-04.45.21:764][198]LogModuleManager: Shutting down and abandoning module NetcodeUnitTest (374)
[2018.10.01-04.45.21:764][198]LogModuleManager: Shutting down and abandoning module MediaCompositingEditor (372)
[2018.10.01-04.45.21:764][198]LogModuleManager: Shutting down and abandoning module MediaCompositing (370)
[2018.10.01-04.45.21:764][198]LogModuleManager: Shutting down and abandoning module LinearTimecode (368)
[2018.10.01-04.45.21:764][198]LogModuleManager: Shutting down and abandoning module ImgMedia (366)
[2018.10.01-04.45.21:768][198]LogModuleManager: Shutting down and abandoning module HTML5Networking (364)
[2018.10.01-04.45.21:768][198]LogModuleManager: Shutting down and abandoning module GeometryCacheTracks (362)
[2018.10.01-04.45.21:768][198]LogModuleManager: Shutting down and abandoning module GeometryCacheSequencer (360)
[2018.10.01-04.45.21:768][198]LogModuleManager: Shutting down and abandoning module BackChannel (358)
[2018.10.01-04.45.21:768][198]LogModuleManager: Shutting down and abandoning module AppleVision (356)
[2018.10.01-04.45.21:769][198]LogModuleManager: Shutting down and abandoning module AppleImageUtils (354)
[2018.10.01-04.45.21:769][198]LogModuleManager: Shutting down and abandoning module AlembicImporter (352)
[2018.10.01-04.45.21:769][198]LogModuleManager: Shutting down and abandoning module AlembicLibrary (351)
[2018.10.01-04.45.21:769][198]LogModuleManager: Shutting down and abandoning module GeometryCache (350)
[2018.10.01-04.45.21:769][198]LogModuleManager: Shutting down and abandoning module GeometryCacheEd (349)
[2018.10.01-04.45.21:769][198]LogModuleManager: Shutting down and abandoning module DatasmithContentEditor (344)
[2018.10.01-04.45.21:769][198]LogModuleManager: Shutting down and abandoning module DatasmithContent (342)
[2018.10.01-04.45.21:769][198]LogModuleManager: Shutting down and abandoning module SpeedTreeImporter (340)
[2018.10.01-04.45.21:769][198]LogModuleManager: Shutting down and abandoning module PluginBrowser (338)
[2018.10.01-04.45.21:769][198]LogModuleManager: Shutting down and abandoning module MobileLauncherProfileWizard (336)
[2018.10.01-04.45.21:769][198]LogModuleManager: Shutting down and abandoning module PolygonModeling (334)
[2018.10.01-04.45.21:769][198]LogModuleManager: Shutting down and abandoning module MeshEditor (332)
[2018.10.01-04.45.21:769][198]LogModuleManager: Shutting down and abandoning module EditorScriptingUtilities (330)
[2018.10.01-04.45.21:769][198]LogModuleManager: Shutting down and abandoning module CryptoKeysOpenSSL (328)
[2018.10.01-04.45.21:769][198]LogModuleManager: Shutting down and abandoning module CryptoKeys (326)
[2018.10.01-04.45.21:769][198]LogModuleManager: Shutting down and abandoning module VisualStudioSourceCodeAccess (324)
[2018.10.01-04.45.21:769][198]LogModuleManager: Shutting down and abandoning module VisualStudioCodeSourceCodeAccess (322)
[2018.10.01-04.45.21:769][198]LogModuleManager: Shutting down and abandoning module UObjectPlugin (320)
[2018.10.01-04.45.21:769][198]LogModuleManager: Shutting down and abandoning module SubversionSourceControl (318)
[2018.10.01-04.45.21:769][198]LogModuleManager: Shutting down and abandoning module PerforceSourceControl (316)
[2018.10.01-04.45.21:769][198]LogModuleManager: Shutting down and abandoning module GitSourceControl (314)
[2018.10.01-04.45.21:769][198]LogModuleManager: Shutting down and abandoning module SourceControl (313)
[2018.10.01-04.45.21:770][198]LogModuleManager: Shutting down and abandoning module CLionSourceCodeAccess (310)
[2018.10.01-04.45.21:770][198]LogModuleManager: Shutting down and abandoning module LightPropagationVolumeEditor (308)
[2018.10.01-04.45.21:770][198]LogModuleManager: Shutting down and abandoning module PaperTiledImporter (306)
[2018.10.01-04.45.21:770][198]LogModuleManager: Shutting down and abandoning module PaperSpriteSheetImporter (304)
[2018.10.01-04.45.21:770][198]LogModuleManager: Shutting down and abandoning module Paper2DEditor (302)
[2018.10.01-04.45.21:770][198]LogModuleManager: Shutting down and abandoning module MeshPaint (301)
[2018.10.01-04.45.21:770][198]LogModuleManager: Shutting down and abandoning module RuntimePhysXCooking (298)
[2018.10.01-04.45.21:770][198]LogModuleManager: Shutting down and abandoning module PhysXVehiclesEditor (296)
[2018.10.01-04.45.21:770][198]LogModuleManager: Shutting down and abandoning module PhysXVehicles (294)
[2018.10.01-04.45.21:770][198]LogModuleManager: Shutting down and abandoning module OculusEditor (292)
[2018.10.01-04.45.21:770][198]LogModuleManager: Shutting down and abandoning module LocationServicesBPLibrary (290)
[2018.10.01-04.45.21:770][198]LogModuleManager: Shutting down and abandoning module ImmediatePhysicsEditor (288)
[2018.10.01-04.45.21:770][198]LogModuleManager: Shutting down and abandoning module ImmediatePhysics (286)
[2018.10.01-04.45.21:770][198]LogModuleManager: Shutting down and abandoning module ActorSequence (284)
[2018.10.01-04.45.21:770][198]LogModuleManager: Shutting down and abandoning module UdpMessaging (282)
[2018.10.01-04.45.21:871][198]LogModuleManager: Shutting down and abandoning module TcpMessaging (280)
[2018.10.01-04.45.21:972][198]LogModuleManager: Shutting down and abandoning module MagicLeapAudio (278)
[2018.10.01-04.45.21:972][198]LogModuleManager: Shutting down and abandoning module GameplayTagsEditor (276)
[2018.10.01-04.45.21:972][198]LogModuleManager: Shutting down and abandoning module FacialAnimationEditor (274)
[2018.10.01-04.45.21:972][198]LogModuleManager: Shutting down and abandoning module FacialAnimation (272)
[2018.10.01-04.45.21:972][198]LogModuleManager: Shutting down and abandoning module DataValidation (270)
[2018.10.01-04.45.21:972][198]LogModuleManager: Shutting down and abandoning module AssetManagerEditor (268)
[2018.10.01-04.45.21:972][198]LogModuleManager: Shutting down and abandoning module LevelEditor (267)
[2018.10.01-04.45.21:973][198]LogModuleManager: Shutting down and abandoning module PixelInspectorModule (266)
[2018.10.01-04.45.21:973][198]LogModuleManager: Shutting down and abandoning module CommonMenuExtensions (264)
[2018.10.01-04.45.21:974][198]LogModuleManager: Shutting down and abandoning module MainFrame (262)
[2018.10.01-04.45.21:974][198]LogModuleManager: Shutting down and abandoning module HotReload (261)
[2018.10.01-04.45.21:974][198]LogModuleManager: Shutting down and abandoning module ContentBrowser (257)
[2018.10.01-04.45.21:975][198]LogModuleManager: Shutting down and abandoning module TreeMap (255)
[2018.10.01-04.45.21:975][198]LogModuleManager: Shutting down and abandoning module LightPropagationVolumeRuntime (252)
[2018.10.01-04.45.21:975][198]LogModuleManager: Shutting down and abandoning module AISupportModule (250)
[2018.10.01-04.45.21:975][198]LogModuleManager: Shutting down and abandoning module Paper2D (248)
[2018.10.01-04.45.21:975][198]LogModuleManager: Shutting down and abandoning module WindowsMoviePlayer (246)
[2018.10.01-04.45.21:975][198]LogModuleManager: Shutting down and abandoning module WmfMedia (244)
[2018.10.01-04.45.21:977][198]LogModuleManager: Shutting down and abandoning module Media (243)
[2018.10.01-04.45.21:983][198]LogModuleManager: Shutting down and abandoning module PacketHandler (240)
[2018.10.01-04.45.21:983][198]LogModuleManager: Shutting down and abandoning module ClothingSystemEditor (238)
[2018.10.01-04.45.21:983][198]LogModuleManager: Shutting down and abandoning module ClothingSystemRuntime (236)
[2018.10.01-04.45.21:983][198]LogModuleManager: Shutting down and abandoning module MediaAssets (234)
[2018.10.01-04.45.21:983][198]LogModuleManager: Shutting down and abandoning module Overlay (232)
[2018.10.01-04.45.21:983][198]LogModuleManager: Shutting down and abandoning module OverlayEditor (231)
[2018.10.01-04.45.21:984][198]LogModuleManager: Shutting down and abandoning module VREditor (228)
[2018.10.01-04.45.21:984][198]LogModuleManager: Shutting down and abandoning module StringTableEditor (226)
[2018.10.01-04.45.21:984][198]LogModuleManager: Shutting down and abandoning module GameplayTasksEditor (224)
[2018.10.01-04.45.21:984][198]LogModuleManager: Shutting down and abandoning module BehaviorTreeEditor (222)
[2018.10.01-04.45.21:984][198]LogModuleManager: Shutting down and abandoning module FunctionalTesting (220)
[2018.10.01-04.45.21:984][198]LogModuleManager: Shutting down and abandoning module CollisionAnalyzer (218)
[2018.10.01-04.45.21:984][198]LogModuleManager: Shutting down and abandoning module WorkspaceMenuStructure (217)
[2018.10.01-04.45.21:984][198]LogModuleManager: Shutting down and abandoning module UMG (214)
[2018.10.01-04.45.21:984][198]LogModuleManager: Shutting down and abandoning module UMGEditor (213)
[2018.10.01-04.45.21:984][198]LogModuleManager: Shutting down and abandoning module Sequencer (212)
[2018.10.01-04.45.21:984][198]LogModuleManager: Shutting down and abandoning module MessageLog (209)
[2018.10.01-04.45.21:984][198]LogModuleManager: Shutting down and abandoning module SlateReflector (204)
[2018.10.01-04.45.21:984][198]LogModuleManager: Shutting down and abandoning module Slate (202)
[2018.10.01-04.45.21:984][198]LogModuleManager: Shutting down and abandoning module EditorStyle (200)
[2018.10.01-04.45.21:985][198]LogModuleManager: Shutting down and abandoning module MRMesh (198)
[2018.10.01-04.45.21:985][198]LogModuleManager: Shutting down and abandoning module SourceCodeAccess (196)
[2018.10.01-04.45.21:985][198]LogModuleManager: Shutting down and abandoning module HeadMountedDisplay (194)
[2018.10.01-04.45.21:985][198]LogModuleManager: Shutting down and abandoning module XAudio2 (192)
[2018.10.01-04.45.21:985][198]LogModuleManager: Shutting down and abandoning module Networking (190)
[2018.10.01-04.45.21:985][198]LogModuleManager: Shutting down and abandoning module Core (188)
[2018.10.01-04.45.21:985][198]LogModuleManager: Shutting down and abandoning module LevelSequence (186)
[2018.10.01-04.45.21:985][198]LogModuleManager: Shutting down and abandoning module KismetCompiler (184)
[2018.10.01-04.45.21:985][198]LogModuleManager: Shutting down and abandoning module MeshUtilities (182)
[2018.10.01-04.45.21:985][198]LogModuleManager: Shutting down and abandoning module MeshMergeUtilities (181)
[2018.10.01-04.45.21:985][198]LogModuleManager: Shutting down and abandoning module MeshReductionInterface (180)
[2018.10.01-04.45.21:985][198]LogModuleManager: Shutting down and abandoning module SimplygonSwarm (179)
[2018.10.01-04.45.21:985][198]LogModuleManager: Shutting down and abandoning module ProxyLODMeshReduction (177)
[2018.10.01-04.45.21:985][198]LogModuleManager: Shutting down and abandoning module SimplygonMeshReduction (175)
[2018.10.01-04.45.21:985][198]LogModuleManager: Shutting down and abandoning module QuadricMeshReduction (173)
[2018.10.01-04.45.21:985][198]LogModuleManager: Shutting down and abandoning module MaterialBaking (169)
[2018.10.01-04.45.21:985][198]LogModuleManager: Shutting down and abandoning module DirectoryWatcher (165)
[2018.10.01-04.45.21:985][198]LogModuleManager: Shutting down and abandoning module DerivedDataCache (162)
[2018.10.01-04.45.22:032][198]LogDerivedDataCache: Shutdown
[2018.10.01-04.45.22:032][198]LogModuleManager: Shutting down and abandoning module XGEController (160)
[2018.10.01-04.45.22:032][198]LogModuleManager: Shutting down and abandoning module TargetPlatform (158)
[2018.10.01-04.45.22:032][198]LogModuleManager: Shutting down and abandoning module VulkanShaderFormat (157)
[2018.10.01-04.45.22:032][198]LogModuleManager: Shutting down and abandoning module ShaderFormatVectorVM (155)
[2018.10.01-04.45.22:032][198]LogModuleManager: Shutting down and abandoning module ShaderFormatOpenGL (153)
[2018.10.01-04.45.22:032][198]LogModuleManager: Shutting down and abandoning module ShaderFormatD3D (151)
[2018.10.01-04.45.22:032][198]LogModuleManager: Shutting down and abandoning module MetalShaderFormat (149)
[2018.10.01-04.45.22:033][198]LogModuleManager: Shutting down and abandoning module TextureFormatUncompressed (147)
[2018.10.01-04.45.22:033][198]LogModuleManager: Shutting down and abandoning module TextureFormatPVR (145)
[2018.10.01-04.45.22:033][198]LogModuleManager: Shutting down and abandoning module TextureFormatDXT (143)
[2018.10.01-04.45.22:033][198]LogModuleManager: Shutting down and abandoning module TextureFormatIntelISPCTexComp (141)
[2018.10.01-04.45.22:033][198]LogModuleManager: Shutting down and abandoning module TextureFormatASTC (139)
[2018.10.01-04.45.22:033][198]LogModuleManager: Shutting down and abandoning module ImageWrapper (138)
[2018.10.01-04.45.22:033][198]LogModuleManager: Shutting down and abandoning module TextureFormatAndroid (135)
[2018.10.01-04.45.22:033][198]LogModuleManager: Shutting down and abandoning module AudioFormatOpus (133)
[2018.10.01-04.45.22:033][198]LogModuleManager: Shutting down and abandoning module AudioFormatOgg (131)
[2018.10.01-04.45.22:033][198]LogModuleManager: Shutting down and abandoning module AudioFormatADPCM (129)
[2018.10.01-04.45.22:033][198]LogModuleManager: Shutting down and abandoning module LuminTargetPlatform (127)
[2018.10.01-04.45.22:033][198]LogModuleManager: Shutting down and abandoning module LinuxTargetPlatform (125)
[2018.10.01-04.45.22:033][198]LogModuleManager: Shutting down and abandoning module LinuxServerTargetPlatform (123)
[2018.10.01-04.45.22:033][198]LogModuleManager: Shutting down and abandoning module LinuxNoEditorTargetPlatform (121)
[2018.10.01-04.45.22:033][198]LogModuleManager: Shutting down and abandoning module LinuxClientTargetPlatform (119)
[2018.10.01-04.45.22:033][198]LogModuleManager: Shutting down and abandoning module TVOSTargetPlatform (117)
[2018.10.01-04.45.22:033][198]LogModuleManager: Shutting down and abandoning module Messaging (115)
[2018.10.01-04.45.22:034][198]LogModuleManager: Shutting down and abandoning module IOSTargetPlatform (113)
[2018.10.01-04.45.22:034][198]LogModuleManager: Shutting down and abandoning module HTML5TargetPlatform (111)
[2018.10.01-04.45.22:034][198]LogModuleManager: Shutting down and abandoning module AndroidTargetPlatform (109)
[2018.10.01-04.45.22:040][198]LogModuleManager: Shutting down and abandoning module WindowsTargetPlatform (107)
[2018.10.01-04.45.22:040][198]LogModuleManager: Shutting down and abandoning module WindowsServerTargetPlatform (105)
[2018.10.01-04.45.22:040][198]LogModuleManager: Shutting down and abandoning module WindowsNoEditorTargetPlatform (103)
[2018.10.01-04.45.22:040][198]LogModuleManager: Shutting down and abandoning module WindowsClientTargetPlatform (101)
[2018.10.01-04.45.22:040][198]LogModuleManager: Shutting down and abandoning module MacTargetPlatform (99)
[2018.10.01-04.45.22:040][198]LogModuleManager: Shutting down and abandoning module MacServerTargetPlatform (97)
[2018.10.01-04.45.22:040][198]LogModuleManager: Shutting down and abandoning module MacNoEditorTargetPlatform (95)
[2018.10.01-04.45.22:040][198]LogModuleManager: Shutting down and abandoning module MacClientTargetPlatform (93)
[2018.10.01-04.45.22:040][198]LogModuleManager: Shutting down and abandoning module AllDesktopTargetPlatform (91)
[2018.10.01-04.45.22:040][198]LogModuleManager: Shutting down and abandoning module InputCore (88)
[2018.10.01-04.45.22:040][198]LogModuleManager: Shutting down and abandoning module Settings (86)
[2018.10.01-04.45.22:040][198]LogModuleManager: Shutting down and abandoning module PhysXCooking (84)
[2018.10.01-04.45.22:040][198]LogModuleManager: Shutting down and abandoning module SteamVR (82)
[2018.10.01-04.45.22:040][198]LogModuleManager: Shutting down and abandoning module OculusHMD (80)
[2018.10.01-04.45.22:040][198]LogModuleManager: Shutting down and abandoning module ExampleDeviceProfileSelector (78)
[2018.10.01-04.45.22:040][198]LogModuleManager: Shutting down and abandoning module LauncherChunkInstaller (76)
[2018.10.01-04.45.22:040][198]LogModuleManager: Shutting down and abandoning module OnlineBlueprintSupport (74)
[2018.10.01-04.45.22:040][198]LogModuleManager: Shutting down and abandoning module OnlineSubsystem (70)
[2018.10.01-04.45.22:041][198]LogModuleManager: Shutting down and abandoning module XMPP (65)
[2018.10.01-04.45.22:041][198]LogModuleManager: Shutting down and abandoning module WebSockets (64)
[2018.10.01-04.45.22:066][198]LogModuleManager: Shutting down and abandoning module HTTP (61)
[2018.10.01-04.45.22:066][198]LogHttp: Display: Http module shutting down, but needs to wait on 1 outstanding Http requests:
[2018.10.01-04.45.22:066][198]LogHttp: Display: 	verb=[POST] url=[https://datarouter.ol.epicgames.com/datarouter/api/v1/public/data?SessionID=%7BDFF1F202-48B5-F46E-3678-41B05ACBA254%7D&AppID=UEEditor.Rocket.Release&AppVersion=4.20.3-4369336%2B%2B%2BUE4%2BRelease-4.20&UserID=29afe9494876a5d5f79035bcfec456cc%7Ce1fac9d40cfc4f34b4d742f50a868e6c%7C96d73c02-354e-435a-a0e0-bbcc10989ff3&AppEnvironment=datacollector-binary&UploadType=eteventstream] status=Processing
[2018.10.01-04.45.22:094][198]LogModuleManager: Shutting down and abandoning module SSL (60)
[2018.10.01-04.45.22:096][198]LogModuleManager: Shutting down and abandoning module MagicLeapEmulator (56)
[2018.10.01-04.45.22:096][198]LogModuleManager: Shutting down and abandoning module MagicLeapPrivileges (54)
[2018.10.01-04.45.22:096][198]LogModuleManager: Shutting down and abandoning module MagicLeapIdentity (52)
[2018.10.01-04.45.22:096][198]LogModuleManager: Shutting down and abandoning module MagicLeapHelperVulkan (50)
[2018.10.01-04.45.22:096][198]LogModuleManager: Shutting down and abandoning module MagicLeapHelperOpenGL (48)
[2018.10.01-04.45.22:096][198]LogModuleManager: Shutting down and abandoning module MagicLeapSecureStorage (46)
[2018.10.01-04.45.22:096][198]LogModuleManager: Shutting down and abandoning module MagicLeapGestures (44)
[2018.10.01-04.45.22:096][198]LogModuleManager: Shutting down and abandoning module MagicLeapEyeTracker (42)
[2018.10.01-04.45.22:096][198]LogModuleManager: Shutting down and abandoning module MagicLeapController (40)
[2018.10.01-04.45.22:096][198]LogSlate: Slate User Destroyed.  User Index 0, Is Virtual User: 0
[2018.10.01-04.45.22:096][198]LogModuleManager: Shutting down and abandoning module MagicLeap (38)
[2018.10.01-04.45.22:096][198]LogModuleManager: Shutting down and abandoning module AnimationModifiers (36)
[2018.10.01-04.45.22:096][198]LogModuleManager: Shutting down and abandoning module PropertyEditor (35)
[2018.10.01-04.45.22:096][198]LogModuleManager: Shutting down and abandoning module AudioEditor (32)
[2018.10.01-04.45.22:096][198]LogModuleManager: Shutting down and abandoning module TextureCompressor (30)
[2018.10.01-04.45.22:096][198]LogModuleManager: Shutting down and abandoning module ShaderCore (28)
[2018.10.01-04.45.22:096][198]LogModuleManager: Shutting down and abandoning module Landscape (26)
[2018.10.01-04.45.22:096][198]LogModuleManager: Shutting down and abandoning module SlateRHIRenderer (24)
[2018.10.01-04.45.22:096][198]LogModuleManager: Shutting down and abandoning module OpenGLDrv (22)
[2018.10.01-04.45.22:097][198]LogModuleManager: Shutting down and abandoning module D3D11RHI (20)
[2018.10.01-04.45.22:097][198]LogModuleManager: Shutting down and abandoning module AnimGraphRuntime (18)
[2018.10.01-04.45.22:097][198]LogModuleManager: Shutting down and abandoning module Renderer (16)
[2018.10.01-04.45.22:097][198]LogModuleManager: Shutting down and abandoning module Engine (14)
[2018.10.01-04.45.22:097][198]LogModuleManager: Shutting down and abandoning module CoreUObject (12)
[2018.10.01-04.45.22:097][198]LogModuleManager: Shutting down and abandoning module NetworkFile (10)
[2018.10.01-04.45.22:097][198]LogModuleManager: Shutting down and abandoning module CookedIterativeFile (8)
[2018.10.01-04.45.22:097][198]LogModuleManager: Shutting down and abandoning module StreamingFile (6)
[2018.10.01-04.45.22:097][198]LogModuleManager: Shutting down and abandoning module SandboxFile (4)
[2018.10.01-04.45.22:097][198]LogModuleManager: Shutting down and abandoning module PakFile (2)
[2018.10.01-04.45.22:104][198]LogExit: Exiting.
[2018.10.01-04.45.22:111][198]Log file closed, 10/01/18 00:45:22
