Log file open, 09/25/18 17:35:32
LogWindows: Failed to load 'aqProf.dll' (GetLastError=126)
LogWindows: File 'aqProf.dll' does not exist
LogWindows: Failed to load 'VSPerf140.dll' (GetLastError=126)
LogWindows: File 'VSPerf140.dll' does not exist
LogWindows: Failed to load 'VtuneApi.dll' (GetLastError=126)
LogWindows: File 'VtuneApi.dll' does not exist
LogWindows: Failed to load 'VtuneApi32e.dll' (GetLastError=126)
LogWindows: File 'VtuneApi32e.dll' does not exist
LogInit: Display: Running engine for game: ASH_Game
LogPlatformFile: Not using cached read wrapper
LogTaskGraph: Started task graph with 5 named threads and 35 total threads with 3 sets of task threads.
LogStats: Stats thread started at 0.426388
LogD3D11RHI: Loaded GFSDK_Aftermath_Lib.x64.dll
LogICUInternationalization: Display: ICU TimeZone Detection - Raw Offset: -5:00, Platform Override: ''
LogPluginManager: Mounting plugin Paper2D
LogPluginManager: Mounting plugin AISupport
LogPluginManager: Mounting plugin LightPropagationVolume
LogPluginManager: Mounting plugin CLionSourceCodeAccess
LogPluginManager: Mounting plugin CodeLiteSourceCodeAccess
LogPluginManager: Mounting plugin GitSourceControl
LogPluginManager: Mounting plugin KDevelopSourceCodeAccess
LogPluginManager: Mounting plugin NullSourceCodeAccess
LogPluginManager: Mounting plugin PerforceSourceControl
LogPluginManager: Mounting plugin SubversionSourceControl
LogPluginManager: Mounting plugin UObjectPlugin
LogPluginManager: Mounting plugin VisualStudioCodeSourceCodeAccess
LogPluginManager: Mounting plugin VisualStudioSourceCodeAccess
LogPluginManager: Mounting plugin XCodeSourceCodeAccess
LogPluginManager: Mounting plugin AssetManagerEditor
LogPluginManager: Mounting plugin CryptoKeys
LogPluginManager: Mounting plugin DataValidation
LogPluginManager: Mounting plugin FacialAnimation
LogPluginManager: Mounting plugin GameplayTagsEditor
LogPluginManager: Mounting plugin MacGraphicsSwitching
LogPluginManager: Mounting plugin MeshEditor
LogPluginManager: Mounting plugin MobileLauncherProfileWizard
LogPluginManager: Mounting plugin PluginBrowser
LogPluginManager: Mounting plugin SpeedTreeImporter
LogPluginManager: Mounting plugin DatasmithContent
LogPluginManager: Mounting plugin AlembicImporter
LogPluginManager: Mounting plugin AppleImageUtils
LogPluginManager: Mounting plugin AppleVision
LogPluginManager: Mounting plugin BackChannel
LogPluginManager: Mounting plugin CharacterAI
LogPluginManager: Mounting plugin GeometryCache
LogPluginManager: Mounting plugin HTML5Networking
LogPluginManager: Mounting plugin ProxyLODPlugin
LogPluginManager: Mounting plugin MagicLeap
LogPluginManager: Mounting plugin MagicLeapEmulator
LogPluginManager: Mounting plugin MagicLeapMedia
LogPluginManager: Mounting plugin AndroidMedia
LogPluginManager: Mounting plugin AvfMedia
LogPluginManager: Mounting plugin ImgMedia
LogPluginManager: Mounting plugin LinearTimecode
LogPluginManager: Mounting plugin MediaCompositing
LogPluginManager: Mounting plugin MediaPlayerEditor
LogPluginManager: Mounting plugin WmfMedia
LogPluginManager: Mounting plugin TcpMessaging
LogPluginManager: Mounting plugin UdpMessaging
LogPluginManager: Mounting plugin ActorSequence
LogPluginManager: Mounting plugin LevelSequenceEditor
LogPluginManager: Mounting plugin MatineeToLevelSequence
LogPluginManager: Mounting plugin NetcodeUnitTest
LogPluginManager: Mounting plugin NUTUnrealEngine4
LogPluginManager: Mounting plugin OnlineSubsystemGooglePlay
LogPluginManager: Mounting plugin OnlineSubsystemIOS
LogPluginManager: Mounting plugin OnlineSubsystem
LogPluginManager: Mounting plugin OnlineSubsystemNull
LogPluginManager: Mounting plugin OnlineSubsystemUtils
LogPluginManager: Mounting plugin LauncherChunkInstaller
LogPluginManager: Mounting plugin AndroidDeviceProfileSelector
LogPluginManager: Mounting plugin AndroidMoviePlayer
LogPluginManager: Mounting plugin AndroidPermission
LogPluginManager: Mounting plugin AppleMoviePlayer
LogPluginManager: Mounting plugin ArchVisCharacter
LogPluginManager: Mounting plugin AudioCapture
LogPluginManager: Mounting plugin CableComponent
LogPluginManager: Mounting plugin CustomMeshComponent
LogPluginManager: Mounting plugin EditableMesh
LogPluginManager: Mounting plugin ExampleDeviceProfileSelector
LogPluginManager: Mounting plugin GoogleCloudMessaging
LogPluginManager: Mounting plugin ImmediatePhysics
LogPluginManager: Mounting plugin IOSDeviceProfileSelector
LogPluginManager: Mounting plugin LinuxDeviceProfileSelector
LogPluginManager: Mounting plugin LocationServicesBPLibrary
LogPluginManager: Mounting plugin MobilePatchingUtils
LogPluginManager: Mounting plugin OculusVR
LogPluginManager: Plugin shader directory ../../../Engine/Plugins/Runtime/Oculus/OculusVR/Shaders found
LogPluginManager: Mapping shader source directory ../../../Engine/Plugins/Runtime/Oculus/OculusVR/Shaders to virtual directory /Plugin/OculusVR
LogPluginManager: Mounting plugin PhysXVehicles
LogPluginManager: Mounting plugin ProceduralMeshComponent
LogPluginManager: Mounting plugin RuntimePhysXCooking
LogPluginManager: Mounting plugin SteamVR
LogPluginManager: Mounting plugin WindowsMoviePlayer
LogStreaming: Display: Took  0.130s to configure plugins.
LogInit: Using libcurl 7.55.1-DEV
LogInit:  - built for x86_64-pc-win32
LogInit:  - supports SSL with OpenSSL/1.0.2h
LogInit:  - supports HTTP deflate (compression) using libz 1.2.8
LogInit:  - other features:
LogInit:      CURL_VERSION_SSL
LogInit:      CURL_VERSION_LIBZ
LogInit:      CURL_VERSION_IPV6
LogInit:      CURL_VERSION_ASYNCHDNS
LogInit:      CURL_VERSION_LARGEFILE
LogInit:      CURL_VERSION_IDN
LogInit:  CurlRequestOptions (configurable via config and command line):
LogInit:  - bVerifyPeer = false  - Libcurl will NOT verify peer certificate
LogInit:  - bUseHttpProxy = false  - Libcurl will NOT use HTTP proxy
LogInit:  - bDontReuseConnections = false  - Libcurl will reuse connections
LogInit:  - CertBundlePath = nullptr  - Libcurl will use whatever was configured at build time.
LogInit:  - MaxHostConnections = 16  - Libcurl will limit the number of connections to a host
LogInit:  - LocalHostAddr = Default
LogInit:  - BufferSize = 65536
LogInit: WinSock: version 1.1 (2.2), MaxSocks=32767, MaxUdp=65467
LogInit: Build: ++UE4+Release-4.20-CL-4302132
LogInit: Engine Version: 4.20.2-4302132+++UE4+Release-4.20
LogInit: Compatible Engine Version: 4.20.0-4212847+++UE4+Release-4.20
LogInit: Net CL: 4212847
LogInit: OS: Windows 10 (), CPU: Intel(R) Core(TM) i7-8750H CPU @ 2.20GHz, GPU: NVIDIA GeForce GTX 1060
LogInit: Compiled (64-bit): Aug 21 2018 02:06:06
LogInit: Compiled with Visual C++: 19.13.26129.00
LogInit: Build Configuration: Development
LogInit: Branch Name: ++UE4+Release-4.20
LogInit: Command Line: -EpicPortal 
LogInit: Base Directory: D:/UE_4.20/Engine/Binaries/Win64/
LogInit: Installed Engine Build: 1
LogDevObjectVersion: Number of dev versions registered: 20
LogDevObjectVersion:   Dev-Blueprints (B0D832E4-1F89-4F0D-ACCF-7EB736FD4AA2): 10
LogDevObjectVersion:   Dev-Build (E1C64328-A22C-4D53-A36C-8E866417BD8C): 0
LogDevObjectVersion:   Dev-Core (375EC13C-06E4-48FB-B500-84F0262A717E): 2
LogDevObjectVersion:   Dev-Editor (E4B068ED-F494-42E9-A231-DA0B2E46BB41): 24
LogDevObjectVersion:   Dev-Framework (CFFC743F-43B0-4480-9391-14DF171D2073): 34
LogDevObjectVersion:   Dev-Mobile (B02B49B5-BB20-44E9-A304-32B752E40360): 2
LogDevObjectVersion:   Dev-Networking (A4E4105C-59A1-49B5-A7C5-40C4547EDFEE): 0
LogDevObjectVersion:   Dev-Online (39C831C9-5AE6-47DC-9A44-9C173E1C8E7C): 0
LogDevObjectVersion:   Dev-Physics (78F01B33-EBEA-4F98-B9B4-84EACCB95AA2): 0
LogDevObjectVersion:   Dev-Platform (6631380F-2D4D-43E0-8009-CF276956A95A): 0
LogDevObjectVersion:   Dev-Rendering (12F88B9F-8875-4AFC-A67C-D90C383ABD29): 26
LogDevObjectVersion:   Dev-Sequencer (7B5AE74C-D270-4C10-A958-57980B212A5A): 9
LogDevObjectVersion:   Dev-VR (D7296918-1DD6-4BDD-9DE2-64A83CC13884): 2
LogDevObjectVersion:   Dev-LoadTimes (C2A15278-BFE7-4AFE-6C17-90FF531DF755): 1
LogDevObjectVersion:   Private-Geometry (6EACA3D4-40EC-4CC1-B786-8BED09428FC5): 3
LogDevObjectVersion:   Dev-AnimPhys (29E575DD-E0A3-4627-9D10-D276232CDCEA): 17
LogDevObjectVersion:   Dev-ReflectionCapture (6B266CEC-1EC7-4B8F-A30B-E4D90942FC07): 1
LogDevObjectVersion:   Dev-Automation (0DF73D61-A23F-47EA-B727-89E90C41499A): 1
LogDevObjectVersion:   FortniteMain (601D1886-AC64-4F84-AA16-D3DE0DEAC7D6): 12
LogDevObjectVersion:   Dev-Enterprise (9DFFBCD6-494F-0158-E221-12823C92A888): 1
LogStreaming: Display: Took  0.002s to delete old logs.
LogInit: Presizing for max 8388607 objects, including 0 objects not considered by GC, pre-allocating 0 bytes for permanent pool.
LogInit: Object subsystem initialized
[2018.09.25-21.35.32:695][  0]LogInit: Selected Device Profile: [Windows]
[2018.09.25-21.35.32:695][  0]LogInit: Applying CVar settings loaded from the selected device profile: [Windows]
[2018.09.25-21.35.32:721][  0]LogHAL: Display: Platform has ~ 16 GB [17032564736 / 17179869184 / 16], which maps to Larger [LargestMinGB=32, LargerMinGB=12, DefaultMinGB=8, SmallerMinGB=6, SmallestMinGB=0)
[2018.09.25-21.35.32:722][  0]LogInit: Setting Device Profile CVar: [[r.Vulkan.UseRealUBs:1]]
[2018.09.25-21.35.32:722][  0]LogInit: Going up to parent DeviceProfile []
[2018.09.25-21.35.32:722][  0]LogInit: Computer: DIEP-ALIEN
[2018.09.25-21.35.32:722][  0]LogInit: User: Diep
[2018.09.25-21.35.32:722][  0]LogInit: CPU Page size=4096, Cores=6
[2018.09.25-21.35.32:722][  0]LogInit: High frequency timer resolution =2.156253 MHz
[2018.09.25-21.35.32:722][  0]LogMemory: Memory total: Physical=15.9GB (16GB approx)
[2018.09.25-21.35.32:722][  0]LogMemory: Platform Memory Stats for Windows
[2018.09.25-21.35.32:722][  0]LogMemory: Process Physical Memory: 103.52 MB used, 103.52 MB peak
[2018.09.25-21.35.32:722][  0]LogMemory: Process Virtual Memory: 96.40 MB used, 96.40 MB peak
[2018.09.25-21.35.32:722][  0]LogMemory: Physical Memory: 8818.00 MB used,  7425.52 MB free, 16243.52 MB total
[2018.09.25-21.35.32:722][  0]LogMemory: Virtual Memory: 4662.83 MB used,  7425.52 MB free, 134217728.00 MB total
[2018.09.25-21.35.32:744][  0]LogInit: Using OS detected language (en-US).
[2018.09.25-21.35.32:744][  0]LogInit: Using OS detected locale (en-CA).
[2018.09.25-21.35.32:745][  0]LogTextLocalizationManager: No specific localization for 'en-US' exists, so the 'en' localization will be used.
[2018.09.25-21.35.33:549][  0]LogStreaming: Display: Took  0.804s to InitEngineTextLocalization.
[2018.09.25-21.35.33:549][  0]LogInit: Setting process to per monitor DPI aware
[2018.09.25-21.35.33:592][  0]LogSlate: New Slate User Created.  User Index 0, Is Virtual User: 0
[2018.09.25-21.35.33:592][  0]LogSlate: Slate User Registered.  User Index 0, Is Virtual User: 0
[2018.09.25-21.35.33:807][  0]LogHMD: Failed to initialize OpenVR with code 110
[2018.09.25-21.35.33:807][  0]LogD3D11RHI: D3D11 adapters:
[2018.09.25-21.35.34:343][  0]LogD3D11RHI:    0. 'Intel(R) UHD Graphics 630' (Feature Level 11_0)
[2018.09.25-21.35.34:343][  0]LogD3D11RHI:       128/0/8121 MB DedicatedVideo/DedicatedSystem/SharedSystem, Outputs:1, VendorId:0x8086
[2018.09.25-21.35.34:479][  0]LogD3D11RHI:    1. 'NVIDIA GeForce GTX 1060' (Feature Level 11_0)
[2018.09.25-21.35.34:479][  0]LogD3D11RHI:       6052/0/8121 MB DedicatedVideo/DedicatedSystem/SharedSystem, Outputs:0, VendorId:0x10de
[2018.09.25-21.35.34:482][  0]LogD3D11RHI:    2. 'Microsoft Basic Render Driver' (Feature Level 11_0)
[2018.09.25-21.35.34:482][  0]LogD3D11RHI:       0/0/8121 MB DedicatedVideo/DedicatedSystem/SharedSystem, Outputs:0, VendorId:0x1414
[2018.09.25-21.35.34:482][  0]LogD3D11RHI: Chosen D3D11 Adapter: 1
[2018.09.25-21.35.34:490][  0]LogD3D11RHI: Creating new Direct3DDevice
[2018.09.25-21.35.34:490][  0]LogD3D11RHI:     GPU DeviceId: 0x1c60 (for the marketing name, search the web for "GPU Device Id")
[2018.09.25-21.35.34:490][  0]LogWindows: EnumDisplayDevices:
[2018.09.25-21.35.34:490][  0]LogWindows:    0. 'NVIDIA GeForce GTX 1060' (P:1 D:1)
[2018.09.25-21.35.34:491][  0]LogWindows:    1. 'NVIDIA GeForce GTX 1060' (P:0 D:0)
[2018.09.25-21.35.34:491][  0]LogWindows:    2. 'NVIDIA GeForce GTX 1060' (P:0 D:0)
[2018.09.25-21.35.34:491][  0]LogWindows:    3. 'NVIDIA GeForce GTX 1060' (P:0 D:0)
[2018.09.25-21.35.34:491][  0]LogWindows:    4. 'Intel(R) UHD Graphics 630' (P:0 D:0)
[2018.09.25-21.35.34:492][  0]LogWindows:    5. 'Intel(R) UHD Graphics 630' (P:0 D:0)
[2018.09.25-21.35.34:492][  0]LogWindows:    6. 'Intel(R) UHD Graphics 630' (P:0 D:0)
[2018.09.25-21.35.34:492][  0]LogWindows: DebugString: PrimaryIsNotTheChoosenAdapter PrimaryIsNotTheChoosenAdapter PrimaryIsNotTheChoosenAdapter FoundDriverCount:4 
[2018.09.25-21.35.34:492][  0]LogD3D11RHI:     Adapter Name: NVIDIA GeForce GTX 1060
[2018.09.25-21.35.34:492][  0]LogD3D11RHI:   Driver Version: 391.25 (internal:23.21.13.9125, unified:391.25)
[2018.09.25-21.35.34:492][  0]LogD3D11RHI:      Driver Date: 3-16-2018
[2018.09.25-21.35.34:492][  0]LogRHI: Texture pool is 4236 MB (70% of 6052 MB)
[2018.09.25-21.35.34:537][  0]LogD3D11RHI: Async texture creation enabled
[2018.09.25-21.35.34:555][  0]LogD3D11RHI: GPU Timing Frequency: 1000.000000 (Debug: 2 2)
[2018.09.25-21.35.34:556][  0]LogShaderCompilers: Guid format shader working directory is 2 characters bigger than the processId version (../../../../GameDev/_Projects/A.S.H/ASH_Game/Intermediate/Shaders/WorkingDirectory/9120/).
[2018.09.25-21.35.34:556][  0]LogShaderCompilers: Cleaned the shader compiler working directory 'C:/Users/Inuya/AppData/Local/Temp/UnrealShaderWorkingDir/E9D64A674A599200FC77F39B1B65C3FF/'.
[2018.09.25-21.35.34:909][  0]LogTemp: Display: Loaded TP AllDesktopTargetPlatform
[2018.09.25-21.35.34:924][  0]LogTemp: Display: Loaded TP MacClientTargetPlatform
[2018.09.25-21.35.34:938][  0]LogTemp: Display: Loaded TP MacNoEditorTargetPlatform
[2018.09.25-21.35.34:951][  0]LogTemp: Display: Loaded TP MacServerTargetPlatform
[2018.09.25-21.35.34:966][  0]LogTemp: Display: Loaded TP MacTargetPlatform
[2018.09.25-21.35.34:980][  0]LogTemp: Display: Loaded TP WindowsClientTargetPlatform
[2018.09.25-21.35.34:998][  0]LogTemp: Display: Loaded TP WindowsNoEditorTargetPlatform
[2018.09.25-21.35.35:019][  0]LogTemp: Display: Loaded TP WindowsServerTargetPlatform
[2018.09.25-21.35.35:027][  0]LogTemp: Display: Loaded TP WindowsTargetPlatform
[2018.09.25-21.35.35:228][  0]LogTemp: Display: Loaded TP AndroidTargetPlatform
[2018.09.25-21.35.35:228][  0]LogTemp: Display: Loaded TP AndroidTargetPlatform
[2018.09.25-21.35.35:228][  0]LogTemp: Display: Loaded TP AndroidTargetPlatform
[2018.09.25-21.35.35:228][  0]LogTemp: Display: Loaded TP AndroidTargetPlatform
[2018.09.25-21.35.35:228][  0]LogTemp: Display: Loaded TP AndroidTargetPlatform
[2018.09.25-21.35.35:228][  0]LogTemp: Display: Loaded TP AndroidTargetPlatform
[2018.09.25-21.35.35:228][  0]LogTemp: Display: Loaded TP AndroidTargetPlatform
[2018.09.25-21.35.35:228][  0]LogTemp: Display: Loaded TP AndroidTargetPlatform
[2018.09.25-21.35.35:228][  0]LogTemp: Display: Loaded TP AndroidTargetPlatform
[2018.09.25-21.35.35:228][  0]LogTemp: Display: Loaded TP AndroidTargetPlatform
[2018.09.25-21.35.35:228][  0]LogTemp: Display: Loaded TP AndroidTargetPlatform
[2018.09.25-21.35.35:228][  0]LogTemp: Display: Loaded TP AndroidTargetPlatform
[2018.09.25-21.35.35:228][  0]LogTemp: Display: Loaded TP AndroidTargetPlatform
[2018.09.25-21.35.35:228][  0]LogTemp: Display: Loaded TP AndroidTargetPlatform
[2018.09.25-21.35.35:228][  0]LogTemp: Display: Loaded TP AndroidTargetPlatform
[2018.09.25-21.35.35:228][  0]LogTemp: Display: Loaded TP AndroidTargetPlatform
[2018.09.25-21.35.35:228][  0]LogTemp: Display: Loaded TP AndroidTargetPlatform
[2018.09.25-21.35.35:228][  0]LogTemp: Display: Loaded TP AndroidTargetPlatform
[2018.09.25-21.35.35:230][  0]LogTemp: Display: Loaded TP HTML5TargetPlatform
[2018.09.25-21.35.35:315][  0]LogTemp: Display: Loaded TP IOSTargetPlatform
[2018.09.25-21.35.35:315][  0]LogTemp: Display: Loaded TP IOSTargetPlatform
[2018.09.25-21.35.35:373][  0]LogTemp: Display: Loaded TP TVOSTargetPlatform
[2018.09.25-21.35.35:373][  0]LogTemp: Display: Loaded TP TVOSTargetPlatform
[2018.09.25-21.35.35:395][  0]LogTemp: Display: Loaded TP LinuxClientTargetPlatform
[2018.09.25-21.35.35:411][  0]LogTemp: Display: Loaded TP LinuxNoEditorTargetPlatform
[2018.09.25-21.35.35:424][  0]LogTemp: Display: Loaded TP LinuxServerTargetPlatform
[2018.09.25-21.35.35:438][  0]LogTemp: Display: Loaded TP LinuxTargetPlatform
[2018.09.25-21.35.35:447][  0]LogTemp: Display: Loaded TP LuminTargetPlatform
[2018.09.25-21.35.35:448][  0]LogTargetPlatformManager: Display: Building Assets For Windows
[2018.09.25-21.35.35:505][  0]LogXGEController: Cannot use XGE Controller as Incredibuild is not installed on this machine.
[2018.09.25-21.35.35:505][  0]LogShaderCompilers: Cannot use XGE Shader Compiler as Incredibuild is not installed on this machine.
[2018.09.25-21.35.35:505][  0]LogShaderCompilers: Display: Using Local Shader Compiler.
[2018.09.25-21.35.36:356][  0]LogDerivedDataCache: Display: Max Cache Size: 512 MB
[2018.09.25-21.35.36:421][  0]LogDerivedDataCache: Loaded boot cache 0.07s 71MB C:/Users/Inuya/AppData/Local/UnrealEngine/4.20/DerivedDataCache/Boot.ddc.
[2018.09.25-21.35.36:422][  0]LogDerivedDataCache: Display: Loaded Boot cache: C:/Users/Inuya/AppData/Local/UnrealEngine/4.20/DerivedDataCache/Boot.ddc
[2018.09.25-21.35.36:422][  0]LogDerivedDataCache: FDerivedDataBackendGraph:  Pak pak cache file ../../../../GameDev/_Projects/A.S.H/ASH_Game/DerivedDataCache/DDC.ddp not found, will not use a pak cache.
[2018.09.25-21.35.36:422][  0]LogDerivedDataCache: Unable to find inner node Pak for hierarchical cache Hierarchy.
[2018.09.25-21.35.36:422][  0]LogDerivedDataCache: FDerivedDataBackendGraph:  CompressedPak pak cache file ../../../../GameDev/_Projects/A.S.H/ASH_Game/DerivedDataCache/Compressed.ddp not found, will not use a pak cache.
[2018.09.25-21.35.36:422][  0]LogDerivedDataCache: Unable to find inner node CompressedPak for hierarchical cache Hierarchy.
[2018.09.25-21.35.36:439][  0]LogDerivedDataCache: Display: Pak cache opened for reading ../../../Engine/DerivedDataCache/Compressed.ddp.
[2018.09.25-21.35.36:452][  0]LogDerivedDataCache: Using Local data cache path C:/Users/Inuya/AppData/Local/UnrealEngine/Common/DerivedDataCache: Writable
[2018.09.25-21.35.36:452][  0]LogDerivedDataCache: Shared data cache path not found in *engine.ini, will not use an Shared cache.
[2018.09.25-21.35.36:452][  0]LogDerivedDataCache: Unable to find inner node Shared for hierarchical cache Hierarchy.
[2018.09.25-21.35.36:474][  0]LogMaterial: Verifying Global Shaders for PCD3D_SM5
[2018.09.25-21.35.36:475][  0]LogSlate: Using FreeType 2.6.0
[2018.09.25-21.35.36:476][  0]LogSlate: SlateFontServices - WITH_FREETYPE: 1, WITH_HARFBUZZ: 1
[2018.09.25-21.35.36:560][  0]LogAssetRegistry: FAssetRegistry took 0.0277 seconds to start up
[2018.09.25-21.35.36:920][  0]LogInit: Selected Device Profile: [Windows]
[2018.09.25-21.35.37:086][  0]LogSimplygon: Simplygon DLL not present - disabling.
[2018.09.25-21.35.37:090][  0]LogMeshReduction: Using SimplygonSwarm for distributed automatic mesh merging
[2018.09.25-21.35.37:090][  0]LogMeshReduction: Using ProxyLODMeshReduction for automatic mesh merging
[2018.09.25-21.35.37:090][  0]LogMeshReduction: Using QuadricMeshReduction for automatic static mesh reduction
[2018.09.25-21.35.37:090][  0]LogMeshReduction: No automatic skeletal mesh reduction module available
[2018.09.25-21.35.37:114][  0]LogNetVersion: ASH_Game 1.0.0, NetCL: 4212847, EngineNetVer: 5, GameNetVer: 0 (Checksum: 1471675654)
[2018.09.25-21.35.37:902][  0]LogPackageLocalizationCache: Processed 11 localized package path(s) for 2 prioritized culture(s) in 0.231610 seconds
[2018.09.25-21.35.37:910][  0]LogUObjectArray: 38425 objects as part of root set at end of initial load.
[2018.09.25-21.35.37:910][  0]LogUObjectAllocator: 6690864 out of 0 bytes used by permanent object pool.
[2018.09.25-21.35.37:910][  0]LogUObjectArray: CloseDisregardForGC: 0/0 objects in disregard for GC pool
[2018.09.25-21.35.38:959][  0]LogTcpMessaging: Initializing TcpMessaging bridge
[2018.09.25-21.35.38:973][  0]LogUdpMessaging: Initializing bridge on interface 0.0.0.0:0 to multicast group 230.0.0.1:6666.
[2018.09.25-21.35.39:171][  0]SourceControl: Source control is disabled
[2018.09.25-21.35.39:171][  0]SourceControl: Source control is disabled
[2018.09.25-21.35.39:173][  0]SourceControl: Source control is disabled
[2018.09.25-21.35.39:174][  0]SourceControl: Source control is disabled
[2018.09.25-21.35.39:400][  0]LogAndroidPermission: UAndroidPermissionCallbackProxy::GetInstance
[2018.09.25-21.35.39:539][  0]LogOcInput: OculusInput pre-init called
[2018.09.25-21.35.39:692][  0]LogEngine: Initializing Engine...
[2018.09.25-21.35.39:694][  0]LogHMD: Failed to initialize OpenVR with code 110
[2018.09.25-21.35.39:700][  0]LogStats: UGameplayTagsManager::ConstructGameplayTagTree: ImportINI prefixes -  0.000 s
[2018.09.25-21.35.39:700][  0]LogStats: UGameplayTagsManager::ConstructGameplayTagTree: Construct from data asset -  0.000 s
[2018.09.25-21.35.39:700][  0]LogStats: UGameplayTagsManager::ConstructGameplayTagTree: ImportINI -  0.000 s
[2018.09.25-21.35.39:700][  0]LogStats: UGameplayTagsManager::ConstructGameplayTagTree: GameplayTagTreeChangedEvent.Broadcast -  0.000 s
[2018.09.25-21.35.40:101][  0]LogInit: Initializing FReadOnlyCVARCache
[2018.09.25-21.35.40:112][  0]LogAIModule: Creating AISystem for world Untitled
[2018.09.25-21.35.40:212][  0]LogInit: XAudio2 using 'Speakers/Headphones (Realtek Audio)' : 2 channels at 48 kHz using 32 bits per sample (channel mask 0x3)
[2018.09.25-21.35.40:222][  0]LogInit: FAudioDevice initialized.
[2018.09.25-21.35.40:223][  0]LogNetVersion: Set ProjectVersion to 1.0.0.0. Version Checksum will be recalculated on next use.
[2018.09.25-21.35.40:309][  0]LogDerivedDataCache: Saved boot cache 0.09s 71MB C:/Users/Inuya/AppData/Local/UnrealEngine/4.20/DerivedDataCache/Boot.ddc.
[2018.09.25-21.35.40:314][  0]LogInit: Texture streaming: Enabled
[2018.09.25-21.35.40:331][  0]LogEngineSessionManager: EngineSessionManager initialized
[2018.09.25-21.35.40:355][  0]LogInit: Transaction tracking system initialized
[2018.09.25-21.35.40:393][  0]BlueprintLog: New page: Editor Load
[2018.09.25-21.35.40:542][  0]LocalizationService: Localization service is disabled
[2018.09.25-21.35.40:653][  0]LogLinker: Warning: Can't find file '/Game/2DSideScrollerBP/2DSideScrollerOverview'
[2018.09.25-21.35.40:653][  0]LogLinker: Warning: Can't find file '/Game/2DSideScrollerBP/2DSideScrollerOverview'
[2018.09.25-21.35.40:654][  0]LogUObjectGlobals: Warning: Failed to find object 'Class /Game/2DSideScrollerBP/2DSideScrollerOverview.2DSideScrollerOverview_C'
[2018.09.25-21.35.41:061][  0]LogAutoReimportManager: Warning: Unable to watch directory ../../../../GameDev/_Projects/A.S.H/ASH_Game/Content/ as it will conflict with another watching ../../../../GameDev/_Projects/A.S.H/ASH_Game/Content/.
[2018.09.25-21.35.41:073][  0]LogCook: Display: Max memory allowance for cook 16384mb min free memory 0mb
[2018.09.25-21.35.41:073][  0]LogCook: Display: Mobile HDR setting 1
[2018.09.25-21.35.41:073][  0]LogGameplayTags: Display: UGameplayTagsManager::DoneAddingNativeTags. DelegateIsBound: 0
[2018.09.25-21.35.41:073][  0]LogStats: UGameplayTagsManager::ConstructGameplayTagTree: ImportINI prefixes -  0.000 s
[2018.09.25-21.35.41:073][  0]LogStats: UGameplayTagsManager::ConstructGameplayTagTree: Construct from data asset -  0.000 s
[2018.09.25-21.35.41:073][  0]LogStats: UGameplayTagsManager::ConstructGameplayTagTree: ImportINI -  0.000 s
[2018.09.25-21.35.41:073][  0]LogStats: UGameplayTagsManager::ConstructGameplayTagTree: GameplayTagTreeChangedEvent.Broadcast -  0.000 s
[2018.09.25-21.35.41:204][  0]LogFileCache: Scanning file cache for directory 'D:/GameDev/_Projects/A.S.H/ASH_Game/Content/' took 0.02s
[2018.09.25-21.35.41:204][  0]SourceControl: Source control is disabled
[2018.09.25-21.35.41:204][  0]Cmd: MAP LOAD FILE="../../../../GameDev/_Projects/A.S.H/ASH_Game/Content/MapGenerator_Mike/MapGenerator.umap" TEMPLATE=0 SHOWPROGRESS=1 FEATURELEVEL=3
[2018.09.25-21.35.41:205][  0]LightingResults: New page: Lighting Build
[2018.09.25-21.35.41:207][  0]MapCheck: New page: Map Check
[2018.09.25-21.35.41:207][  0]LightingResults: New page: Lighting Build
[2018.09.25-21.35.41:802][  0]LogAIModule: Creating AISystem for world MapGenerator
[2018.09.25-21.35.41:811][  0]LogEditorServer: Finished looking for orphan Actors (0.000 secs)
[2018.09.25-21.35.41:856][  0]Cmd: MAP CHECKDEP NOCLEARLOG
[2018.09.25-21.35.41:957][  0]MapCheck: Map check complete: 0 Error(s), 0 Warning(s), took 101.648ms to complete.
[2018.09.25-21.35.41:957][  0]LogFileHelpers: Loading map 'MapGenerator' took 0.753
[2018.09.25-21.35.42:094][  0]LogSlate: Updating window title bar state: overlay mode, drag disabled, window buttons hidden, title bar hidden
[2018.09.25-21.35.42:105][  0]LogSlate: Updating window title bar state: overlay mode, drag disabled, window buttons hidden, title bar hidden
[2018.09.25-21.35.42:116][  0]LogSlate: Updating window title bar state: overlay mode, drag disabled, window buttons hidden, title bar hidden
[2018.09.25-21.35.42:129][  0]LogSlate: Updating window title bar state: overlay mode, drag disabled, window buttons hidden, title bar hidden
[2018.09.25-21.35.42:142][  0]LogCollectionManager: Loaded 0 collections in 0.001450 seconds
[2018.09.25-21.35.42:191][  0]LogFileCache: Scanning file cache for directory 'D:/GameDev/_Projects/A.S.H/ASH_Game/Saved/Collections/' took 0.01s
[2018.09.25-21.35.42:191][  0]LogFileCache: Scanning file cache for directory 'D:/GameDev/_Projects/A.S.H/ASH_Game/Content/Developers/Diep/Collections/' took 0.01s
[2018.09.25-21.35.42:191][  0]LogFileCache: Scanning file cache for directory 'D:/GameDev/_Projects/A.S.H/ASH_Game/Content/Collections/' took 0.01s
[2018.09.25-21.35.42:191][  0]LogCollectionManager: Rebuilt the GUID cache for 0 collections in 0.000001 seconds
[2018.09.25-21.35.42:214][  0]LogContentBrowser: Native class hierarchy populated in 0.0229 seconds. Added 2572 classes and 603 folders.
[2018.09.25-21.35.42:224][  0]LogContentBrowser: Native class hierarchy updated for 'WidgetCarousel' in 0.0005 seconds. Added 0 classes and 0 folders.
[2018.09.25-21.35.42:944][  0]LogContentBrowser: Native class hierarchy updated for 'AddContentDialog' in 0.0005 seconds. Added 0 classes and 0 folders.
[2018.09.25-21.35.42:951][  0]LogContentBrowser: Native class hierarchy updated for 'SceneOutliner' in 0.0004 seconds. Added 1 classes and 2 folders.
[2018.09.25-21.35.43:062][  0]LogSlate: Took 0.000230 seconds to synchronously load lazily loaded font '../../../Engine/Content/Slate/Fonts/Roboto-Regular.ttf' (155K)
[2018.09.25-21.35.43:065][  0]LogSlate: Took 0.000207 seconds to synchronously load lazily loaded font '../../../Engine/Content/Slate/Fonts/Roboto-Bold.ttf' (160K)
[2018.09.25-21.35.43:076][  0]LogSlate: Took 0.005868 seconds to synchronously load lazily loaded font '../../../Engine/Content/Editor/Slate/Fonts/FontAwesome.ttf' (139K)
[2018.09.25-21.35.43:187][  0]LogRenderer: Reallocating scene render targets to support 256x256 Format 10 NumSamples 1 (Frame:1).
[2018.09.25-21.35.43:208][  0]LogRenderer: Reallocating scene render targets to support 1128x564 Format 10 NumSamples 1 (Frame:1).
[2018.09.25-21.35.43:398][  0]LogContentBrowser: Native class hierarchy updated for 'HierarchicalLODOutliner' in 0.0003 seconds. Added 0 classes and 0 folders.
[2018.09.25-21.35.43:399][  0]LogLoad: (Engine Initialization) Total time: 12.72 seconds
[2018.09.25-21.35.43:399][  0]LogLoad: (Engine Initialization) Total Blueprint compile time: 0.00 seconds
[2018.09.25-21.35.43:419][  0]LogWindowsTextInputMethodSystem: Display: IME system now deactivated.
[2018.09.25-21.35.43:460][  0]LogContentStreaming: Texture pool size now 1000 MB
[2018.09.25-21.35.43:535][  0]LogSlate: Took 0.008395 seconds to synchronously load lazily loaded font '../../../Engine/Content/Slate/Fonts/Roboto-Light.ttf' (167K)
[2018.09.25-21.35.43:548][  1]LogFileCache: Retrieving MD5 hashes for directory 'D:/GameDev/_Projects/A.S.H/ASH_Game/Content/' took 0.11s
[2018.09.25-21.35.43:595][  2]LogAssetRegistry: Asset discovery search completed in 7.0580 seconds
[2018.09.25-21.35.43:598][  2]LogCollectionManager: Rebuilt the object cache for 0 collections in 0.000000 seconds (found 0 objects)
[2018.09.25-21.35.43:598][  2]LogCollectionManager: Fixed up redirectors for 0 collections in 0.000070 seconds (updated 0 objects)
[2018.09.25-21.35.44:511][ 27]LogSlate: Took 0.000324 seconds to synchronously load lazily loaded font '../../../Engine/Content/Slate/Fonts/Roboto-Light.ttf' (167K)
[2018.09.25-21.35.46:723][ 92]LogSlate: FSceneViewport::OnFocusLost() reason 0
[2018.09.25-21.35.48:424][139]LogSlate: FSceneViewport::OnFocusLost() reason 0
[2018.09.25-21.35.48:557][141]LogTemp: Repeating last play command: New Editor Window (PIE)
[2018.09.25-21.35.48:592][141]LogBlueprintUserMessages: Early PlayInEditor Detection: Level '/Game/MapGenerator_Mike/MapGenerator.MapGenerator:PersistentLevel' has LevelScriptBlueprint '/Game/MapGenerator_Mike/MapGenerator.MapGenerator:PersistentLevel.MapGenerator' with GeneratedClass '/Game/MapGenerator_Mike/MapGenerator.MapGenerator_C' with ClassGeneratedBy '/Game/MapGenerator_Mike/MapGenerator.MapGenerator:PersistentLevel.MapGenerator'
[2018.09.25-21.35.48:592][141]LogPlayLevel: PlayLevel: No blueprints needed recompiling
[2018.09.25-21.35.48:606][141]PIE: New page: PIE session: MapGenerator (Sep 25, 2018, 1:35:48 PM)
[2018.09.25-21.35.48:606][141]LogPlayLevel: Creating play world package: /Game/MapGenerator_Mike/UEDPIE_0_MapGenerator
[2018.09.25-21.35.48:610][141]LogPlayLevel: PIE: StaticDuplicateObject took: (0.003714s)
[2018.09.25-21.35.48:611][141]LogAIModule: Creating AISystem for world MapGenerator
[2018.09.25-21.35.48:611][141]LogPlayLevel: PIE: World Init took: (0.001658s)
[2018.09.25-21.35.48:612][141]LogPlayLevel: PIE: Created PIE world by copying editor world from /Game/MapGenerator_Mike/MapGenerator.MapGenerator to /Game/MapGenerator_Mike/UEDPIE_0_MapGenerator.MapGenerator (0.005731s)
[2018.09.25-21.35.48:677][141]LogInit: XAudio2 using 'Speakers/Headphones (Realtek Audio)' : 2 channels at 48 kHz using 32 bits per sample (channel mask 0x3)
[2018.09.25-21.35.48:690][141]LogInit: FAudioDevice initialized.
[2018.09.25-21.35.48:708][141]LogSlate: Updating window title bar state: overlay mode, drag disabled, window buttons hidden, title bar hidden
[2018.09.25-21.35.49:092][141]LogLinker: Warning: Can't find file '/Game/TopDownBP/Blueprints/Assets/Enemies/Parasite/ParasiteAnim_BP'
[2018.09.25-21.35.49:092][141]LoadErrors: Failed to load /Game/TopDownBP/Blueprints/Weapons/PistolBullet.PistolBullet_C Referenced by GUN_GEN_VARIABLE
[2018.09.25-21.35.49:092][141]LogLinker: Warning: Can't find file for asset '/Game/TopDownBP/Blueprints/Assets/Enemies/Parasite/ParasiteAnim_BP' while loading ../../../../GameDev/_Projects/A.S.H/ASH_Game/Content/TopDownBP/Blueprints/Parasite.uasset.
[2018.09.25-21.35.49:092][141]LoadErrors: Error: /Game/TopDownBP/Blueprints/Parasite : Can't find file for asset. /Game/TopDownBP/Blueprints/Assets/Enemies/Parasite/ParasiteAnim_BP
[2018.09.25-21.35.49:107][141]LogLinker: Warning: Can't find file '/Game/TopDownBP/Blueprints/Assets/Enemies/Parasite/ParasiteAnim_BP'
[2018.09.25-21.35.49:107][141]LoadErrors: Failed to load /Game/TopDownBP/Blueprints/Assets/Enemies/Parasite/ParasiteAnim_BP.ParasiteAnim_BP_C Referenced by GUN_GEN_VARIABLE
[2018.09.25-21.35.49:107][141]LogLinker: Warning: Can't find file for asset '/Game/TopDownBP/Blueprints/Assets/Enemies/Parasite/ParasiteAnim_BP' while loading ../../../../GameDev/_Projects/A.S.H/ASH_Game/Content/TopDownBP/Blueprints/Parasite.uasset.
[2018.09.25-21.35.49:109][141]LogLinker: Warning: Can't find file '/Game/TopDownBP/Blueprints/Assets/Enemies/Parasite/ParasiteAnim_BP'
[2018.09.25-21.35.49:109][141]LoadErrors: Failed to load /Game/TopDownBP/Blueprints/Assets/Enemies/Parasite/ParasiteAnim_BP.ParasiteAnim_BP_C Referenced by Default__Parasite_C
[2018.09.25-21.35.49:109][141]LogLinker: Warning: Can't find file for asset '/Game/TopDownBP/Blueprints/Assets/Enemies/Parasite/ParasiteAnim_BP' while loading ../../../../GameDev/_Projects/A.S.H/ASH_Game/Content/TopDownBP/Blueprints/Parasite.uasset.
[2018.09.25-21.35.49:109][141]LogLinker: Warning: Can't find file '/Game/TopDownBP/Blueprints/Assets/Enemies/Parasite/parasite-TPose'
[2018.09.25-21.35.49:110][141]LoadErrors: Failed to load /Game/TopDownBP/Blueprints/Assets/Enemies/Parasite/parasite-TPose.parasite-TPose Referenced by Default__Parasite_C
[2018.09.25-21.35.49:110][141]LogLinker: Warning: Can't find file for asset '/Game/TopDownBP/Blueprints/Assets/Enemies/Parasite/parasite-TPose' while loading ../../../../GameDev/_Projects/A.S.H/ASH_Game/Content/TopDownBP/Blueprints/Parasite.uasset.
[2018.09.25-21.35.49:110][141]LoadErrors: Error: /Game/TopDownBP/Blueprints/Parasite : Can't find file for asset. /Game/TopDownBP/Blueprints/Assets/Enemies/Parasite/parasite-TPose
[2018.09.25-21.35.49:111][141]LogLinker: Warning: Can't find file '/Game/TopDownBP/Blueprints/Assets/Enemies/Parasite/parasite-TPose'
[2018.09.25-21.35.49:111][141]LoadErrors: Failed to load /Game/TopDownBP/Blueprints/Assets/Enemies/Parasite/parasite-TPose Referenced by GUN_GEN_VARIABLE
[2018.09.25-21.35.49:111][141]LogLinker: Warning: Can't find file for asset '/Game/TopDownBP/Blueprints/Assets/Enemies/Parasite/parasite-TPose' while loading ../../../../GameDev/_Projects/A.S.H/ASH_Game/Content/TopDownBP/Blueprints/Parasite.uasset.
[2018.09.25-21.35.49:111][141]LogLinker: Warning: Can't find file '/Game/TopDownBP/Blueprints/Assets/Enemies/Parasite/ParasiteAnim_BP'
[2018.09.25-21.35.49:111][141]LoadErrors: Failed to load /Game/TopDownBP/Blueprints/Assets/Enemies/Parasite/ParasiteAnim_BP Referenced by GUN_GEN_VARIABLE
[2018.09.25-21.35.49:112][141]LogLinker: Warning: Can't find file for asset '/Game/TopDownBP/Blueprints/Assets/Enemies/Parasite/ParasiteAnim_BP' while loading ../../../../GameDev/_Projects/A.S.H/ASH_Game/Content/TopDownBP/Blueprints/Parasite.uasset.
[2018.09.25-21.35.49:112][141]LogLinker: Warning: Can't find file '/Game/TopDownBP/Blueprints/Assets/Enemies/Parasite/parasite-TPose'
[2018.09.25-21.35.49:112][141]LoadErrors: Failed to load /Game/TopDownBP/Blueprints/Assets/Enemies/Parasite/parasite-TPose.parasite-TPose Referenced by GUN_GEN_VARIABLE
[2018.09.25-21.35.49:112][141]LogLinker: Warning: Can't find file for asset '/Game/TopDownBP/Blueprints/Assets/Enemies/Parasite/parasite-TPose' while loading ../../../../GameDev/_Projects/A.S.H/ASH_Game/Content/TopDownBP/Blueprints/Parasite.uasset.
[2018.09.25-21.35.49:117][141]LogLinker: Warning: Can't find file '/Game/TopDownBP/Blueprints/Assets/Enemies/Parasite/parasite-TPose'
[2018.09.25-21.35.49:117][141]LogLinker: Warning: Can't find file for asset '/Game/TopDownBP/Blueprints/Assets/Enemies/Parasite/parasite-TPose' while loading ../../../../GameDev/_Projects/A.S.H/ASH_Game/Content/TopDownBP/Blueprints/Parasite.uasset.
[2018.09.25-21.35.49:117][141]LogLinker: Warning: Can't find file '/Game/TopDownBP/Blueprints/Assets/Enemies/Parasite/ParasiteAnim_BP'
[2018.09.25-21.35.49:117][141]LogLinker: Warning: Can't find file for asset '/Game/TopDownBP/Blueprints/Assets/Enemies/Parasite/ParasiteAnim_BP' while loading ../../../../GameDev/_Projects/A.S.H/ASH_Game/Content/TopDownBP/Blueprints/Parasite.uasset.
[2018.09.25-21.35.49:118][141]LogLinker: Warning: Can't find file '/Game/TopDownBP/Blueprints/Assets/Enemies/Parasite/parasite-TPose'
[2018.09.25-21.35.49:118][141]LogLinker: Warning: Can't find file for asset '/Game/TopDownBP/Blueprints/Assets/Enemies/Parasite/parasite-TPose' while loading ../../../../GameDev/_Projects/A.S.H/ASH_Game/Content/TopDownBP/Blueprints/Parasite.uasset.
[2018.09.25-21.35.50:185][141]LogLoad: Game class is 'TopDownGameMode_C'
[2018.09.25-21.35.50:191][141]LogWorld: Bringing World /Game/MapGenerator_Mike/UEDPIE_0_MapGenerator.MapGenerator up for play (max tick rate 60) at 2018.09.25-17.35.50
[2018.09.25-21.35.50:191][141]LogWorld: Bringing up level for play took: 0.001746
[2018.09.25-21.35.50:213][141]LogContentBrowser: Native class hierarchy updated for 'MovieSceneCapture' in 0.0007 seconds. Added 10 classes and 0 folders.
[2018.09.25-21.35.50:214][141]LogBlueprintUserMessages: [MapGenerator_BP_4] CLONING BAY
[2018.09.25-21.35.50:214][141]LogBlueprintUserMessages: [MapGenerator_BP_4] COLDSTORAGE
[2018.09.25-21.35.50:214][141]LogBlueprintUserMessages: [MapGenerator_BP_4] ENGINE ROOM
[2018.09.25-21.35.50:214][141]LogBlueprintUserMessages: [MapGenerator_BP_4] NAVIGATION
[2018.09.25-21.35.50:214][141]LogBlueprintUserMessages: [MapGenerator_BP_4] LIFESUPPORT
[2018.09.25-21.35.50:276][141]PIE: Play in editor start time for /Game/MapGenerator_Mike/UEDPIE_0_MapGenerator 1.23
[2018.09.25-21.35.50:277][141]LogBlueprintUserMessages: Late PlayInEditor Detection: Level '/Game/MapGenerator_Mike/MapGenerator.MapGenerator:PersistentLevel' has LevelScriptBlueprint '/Game/MapGenerator_Mike/MapGenerator.MapGenerator:PersistentLevel.MapGenerator' with GeneratedClass '/Game/MapGenerator_Mike/MapGenerator.MapGenerator_C' with ClassGeneratedBy '/Game/MapGenerator_Mike/MapGenerator.MapGenerator:PersistentLevel.MapGenerator'
[2018.09.25-21.35.50:305][141]LogRenderer: Reallocating scene render targets to support 1292x756 Format 10 NumSamples 1 (Frame:1).
[2018.09.25-21.36.02:270][322]LogBlueprintUserMessages: Early EndPlayMap Detection: Level '/Game/MapGenerator_Mike/MapGenerator.MapGenerator:PersistentLevel' has LevelScriptBlueprint '/Game/MapGenerator_Mike/MapGenerator.MapGenerator:PersistentLevel.MapGenerator' with GeneratedClass '/Game/MapGenerator_Mike/MapGenerator.MapGenerator_C' with ClassGeneratedBy '/Game/MapGenerator_Mike/MapGenerator.MapGenerator:PersistentLevel.MapGenerator'
[2018.09.25-21.36.02:270][322]LogSlate: Updating window title bar state: overlay mode, drag disabled, window buttons hidden, title bar hidden
[2018.09.25-21.36.02:359][322]LogSlate: Window 'ASH_Game Game Preview Standalone (64-bit/PCD3D_SM5)' being destroyed
[2018.09.25-21.36.02:416][322]LogPlayLevel: Display: Shutting down PIE online subsystems
[2018.09.25-21.36.02:417][322]LogBlueprintUserMessages: Late EndPlayMap Detection: Level '/Game/MapGenerator_Mike/MapGenerator.MapGenerator:PersistentLevel' has LevelScriptBlueprint '/Game/MapGenerator_Mike/MapGenerator.MapGenerator:PersistentLevel.MapGenerator' with GeneratedClass '/Game/MapGenerator_Mike/MapGenerator.MapGenerator_C' with ClassGeneratedBy '/Game/MapGenerator_Mike/MapGenerator.MapGenerator:PersistentLevel.MapGenerator'
[2018.09.25-21.36.02:576][323]LogPlayLevel: Display: Destroying online subsystem :Context_1
[2018.09.25-21.38.13:104][223]LogAssetEditorManager: Opening Asset editor for WidgetBlueprint /Game/MapGenerator_Mike/Minimap/Minimap_Widget.Minimap_Widget
[2018.09.25-21.38.14:475][223]LogContentBrowser: Native class hierarchy updated for 'BlueprintGraph' in 0.0012 seconds. Added 116 classes and 0 folders.
[2018.09.25-21.38.15:616][223]LogSlate: Took 0.005091 seconds to synchronously load lazily loaded font '../../../Engine/Content/Slate/Fonts/Roboto-BoldCondensed.ttf' (158K)
[2018.09.25-21.41.16:090][313]LogTemp: Repeating last play command: New Editor Window (PIE)
[2018.09.25-21.41.16:128][313]LogBlueprintUserMessages: Early PlayInEditor Detection: Level '/Game/MapGenerator_Mike/MapGenerator.MapGenerator:PersistentLevel' has LevelScriptBlueprint '/Game/MapGenerator_Mike/MapGenerator.MapGenerator:PersistentLevel.MapGenerator' with GeneratedClass '/Game/MapGenerator_Mike/MapGenerator.MapGenerator_C' with ClassGeneratedBy '/Game/MapGenerator_Mike/MapGenerator.MapGenerator:PersistentLevel.MapGenerator'
[2018.09.25-21.41.16:128][313]LogPlayLevel: PlayLevel: No blueprints needed recompiling
[2018.09.25-21.41.16:129][313]PIE: New page: PIE session: MapGenerator (Sep 25, 2018, 1:41:16 PM)
[2018.09.25-21.41.16:129][313]LogPlayLevel: Creating play world package: /Game/MapGenerator_Mike/UEDPIE_0_MapGenerator
[2018.09.25-21.41.16:131][313]LogPlayLevel: PIE: StaticDuplicateObject took: (0.002593s)
[2018.09.25-21.41.16:132][313]LogAIModule: Creating AISystem for world MapGenerator
[2018.09.25-21.41.16:132][313]LogPlayLevel: PIE: World Init took: (0.000986s)
[2018.09.25-21.41.16:133][313]LogPlayLevel: PIE: Created PIE world by copying editor world from /Game/MapGenerator_Mike/MapGenerator.MapGenerator to /Game/MapGenerator_Mike/UEDPIE_0_MapGenerator.MapGenerator (0.003769s)
[2018.09.25-21.41.16:190][313]LogInit: XAudio2 using 'Speakers/Headphones (Realtek Audio)' : 2 channels at 48 kHz using 32 bits per sample (channel mask 0x3)
[2018.09.25-21.41.16:203][313]LogInit: FAudioDevice initialized.
[2018.09.25-21.41.16:218][313]LogSlate: Updating window title bar state: overlay mode, drag disabled, window buttons hidden, title bar hidden
[2018.09.25-21.41.16:259][313]LogLoad: Game class is 'TopDownGameMode_C'
[2018.09.25-21.41.16:261][313]LogWorld: Bringing World /Game/MapGenerator_Mike/UEDPIE_0_MapGenerator.MapGenerator up for play (max tick rate 60) at 2018.09.25-17.41.16
[2018.09.25-21.41.16:262][313]LogWorld: Bringing up level for play took: 0.001236
[2018.09.25-21.41.16:275][313]LogBlueprintUserMessages: [MapGenerator_BP_4] LIFESUPPORT
[2018.09.25-21.41.16:275][313]LogBlueprintUserMessages: [MapGenerator_BP_4] COLDSTORAGE
[2018.09.25-21.41.16:275][313]LogBlueprintUserMessages: [MapGenerator_BP_4] CLONING BAY
[2018.09.25-21.41.16:275][313]LogBlueprintUserMessages: [MapGenerator_BP_4] NAVIGATION
[2018.09.25-21.41.16:275][313]LogBlueprintUserMessages: [MapGenerator_BP_4] ENGINE ROOM
[2018.09.25-21.41.16:339][313]PIE: Play in editor start time for /Game/MapGenerator_Mike/UEDPIE_0_MapGenerator -0.707
[2018.09.25-21.41.16:340][313]LogBlueprintUserMessages: Late PlayInEditor Detection: Level '/Game/MapGenerator_Mike/MapGenerator.MapGenerator:PersistentLevel' has LevelScriptBlueprint '/Game/MapGenerator_Mike/MapGenerator.MapGenerator:PersistentLevel.MapGenerator' with GeneratedClass '/Game/MapGenerator_Mike/MapGenerator.MapGenerator_C' with ClassGeneratedBy '/Game/MapGenerator_Mike/MapGenerator.MapGenerator:PersistentLevel.MapGenerator'
[2018.09.25-21.41.39:939][783]LogBlueprintUserMessages: Early EndPlayMap Detection: Level '/Game/MapGenerator_Mike/MapGenerator.MapGenerator:PersistentLevel' has LevelScriptBlueprint '/Game/MapGenerator_Mike/MapGenerator.MapGenerator:PersistentLevel.MapGenerator' with GeneratedClass '/Game/MapGenerator_Mike/MapGenerator.MapGenerator_C' with ClassGeneratedBy '/Game/MapGenerator_Mike/MapGenerator.MapGenerator:PersistentLevel.MapGenerator'
[2018.09.25-21.41.39:940][783]LogSlate: Updating window title bar state: overlay mode, drag disabled, window buttons hidden, title bar hidden
[2018.09.25-21.41.40:007][783]LogSlate: Window 'ASH_Game Game Preview Standalone (64-bit/PCD3D_SM5)' being destroyed
[2018.09.25-21.41.40:049][783]LogPlayLevel: Display: Shutting down PIE online subsystems
[2018.09.25-21.41.40:050][783]LogBlueprintUserMessages: Late EndPlayMap Detection: Level '/Game/MapGenerator_Mike/MapGenerator.MapGenerator:PersistentLevel' has LevelScriptBlueprint '/Game/MapGenerator_Mike/MapGenerator.MapGenerator:PersistentLevel.MapGenerator' with GeneratedClass '/Game/MapGenerator_Mike/MapGenerator.MapGenerator_C' with ClassGeneratedBy '/Game/MapGenerator_Mike/MapGenerator.MapGenerator:PersistentLevel.MapGenerator'
[2018.09.25-21.41.40:157][784]LogPlayLevel: Display: Destroying online subsystem :Context_4
[2018.09.25-21.41.43:634][874]LogAssetEditorManager: Opening Asset editor for TextureRenderTarget2D /Game/MapGenerator_Mike/Minimap/Minimap_Texture.Minimap_Texture
[2018.09.25-21.41.43:648][874]LogContentBrowser: Native class hierarchy updated for 'TextureEditor' in 0.0009 seconds. Added 1 classes and 2 folders.
[2018.09.25-21.42.45:634][713]LogTemp: Repeating last play command: New Editor Window (PIE)
[2018.09.25-21.42.45:672][713]LogBlueprintUserMessages: Early PlayInEditor Detection: Level '/Game/MapGenerator_Mike/MapGenerator.MapGenerator:PersistentLevel' has LevelScriptBlueprint '/Game/MapGenerator_Mike/MapGenerator.MapGenerator:PersistentLevel.MapGenerator' with GeneratedClass '/Game/MapGenerator_Mike/MapGenerator.MapGenerator_C' with ClassGeneratedBy '/Game/MapGenerator_Mike/MapGenerator.MapGenerator:PersistentLevel.MapGenerator'
[2018.09.25-21.42.45:672][713]LogPlayLevel: PlayLevel: No blueprints needed recompiling
[2018.09.25-21.42.45:672][713]PIE: New page: PIE session: MapGenerator (Sep 25, 2018, 1:42:45 PM)
[2018.09.25-21.42.45:672][713]LogPlayLevel: Creating play world package: /Game/MapGenerator_Mike/UEDPIE_0_MapGenerator
[2018.09.25-21.42.45:676][713]LogPlayLevel: PIE: StaticDuplicateObject took: (0.003431s)
[2018.09.25-21.42.45:677][713]LogAIModule: Creating AISystem for world MapGenerator
[2018.09.25-21.42.45:677][713]LogPlayLevel: PIE: World Init took: (0.001315s)
[2018.09.25-21.42.45:677][713]LogPlayLevel: PIE: Created PIE world by copying editor world from /Game/MapGenerator_Mike/MapGenerator.MapGenerator to /Game/MapGenerator_Mike/UEDPIE_0_MapGenerator.MapGenerator (0.005027s)
[2018.09.25-21.42.45:767][713]LogInit: XAudio2 using 'Speakers/Headphones (Realtek Audio)' : 2 channels at 48 kHz using 32 bits per sample (channel mask 0x3)
[2018.09.25-21.42.45:781][713]LogInit: FAudioDevice initialized.
[2018.09.25-21.42.45:806][713]LogSlate: Updating window title bar state: overlay mode, drag disabled, window buttons hidden, title bar hidden
[2018.09.25-21.42.45:869][713]LogLoad: Game class is 'TopDownGameMode_C'
[2018.09.25-21.42.45:872][713]LogWorld: Bringing World /Game/MapGenerator_Mike/UEDPIE_0_MapGenerator.MapGenerator up for play (max tick rate 60) at 2018.09.25-17.42.45
[2018.09.25-21.42.45:872][713]LogWorld: Bringing up level for play took: 0.001125
[2018.09.25-21.42.45:887][713]LogBlueprintUserMessages: [MapGenerator_BP_4] COLDSTORAGE
[2018.09.25-21.42.45:887][713]LogBlueprintUserMessages: [MapGenerator_BP_4] ENGINE ROOM
[2018.09.25-21.42.45:887][713]LogBlueprintUserMessages: [MapGenerator_BP_4] NAVIGATION
[2018.09.25-21.42.45:887][713]LogBlueprintUserMessages: [MapGenerator_BP_4] CLONING BAY
[2018.09.25-21.42.45:887][713]LogBlueprintUserMessages: [MapGenerator_BP_4] LIFESUPPORT
[2018.09.25-21.42.45:961][713]PIE: Play in editor start time for /Game/MapGenerator_Mike/UEDPIE_0_MapGenerator 0.915
[2018.09.25-21.42.45:962][713]LogBlueprintUserMessages: Late PlayInEditor Detection: Level '/Game/MapGenerator_Mike/MapGenerator.MapGenerator:PersistentLevel' has LevelScriptBlueprint '/Game/MapGenerator_Mike/MapGenerator.MapGenerator:PersistentLevel.MapGenerator' with GeneratedClass '/Game/MapGenerator_Mike/MapGenerator.MapGenerator_C' with ClassGeneratedBy '/Game/MapGenerator_Mike/MapGenerator.MapGenerator:PersistentLevel.MapGenerator'
[2018.09.25-21.42.46:080][714]LogNet: Browse: /Game/MapGenerator_Mike/MapGenerator
[2018.09.25-21.42.46:080][714]LogLoad: LoadMap: /Game/MapGenerator_Mike/MapGenerator
[2018.09.25-21.42.46:133][714]LogPlayLevel: Creating play world package: /Game/MapGenerator_Mike/UEDPIE_0_MapGenerator
[2018.09.25-21.42.46:134][714]LogPlayLevel: PIE: StaticDuplicateObject took: (0.001778s)
[2018.09.25-21.42.46:135][714]LogAIModule: Creating AISystem for world MapGenerator
[2018.09.25-21.42.46:135][714]LogPlayLevel: PIE: World Init took: (0.000716s)
[2018.09.25-21.42.46:135][714]LogPlayLevel: PIE: Created PIE world by copying editor world from /Game/MapGenerator_Mike/MapGenerator.MapGenerator to /Game/MapGenerator_Mike/UEDPIE_0_MapGenerator.MapGenerator (0.002654s)
[2018.09.25-21.42.46:135][714]LogLoad: Game class is 'TopDownGameMode_C'
[2018.09.25-21.42.46:137][714]LogWorld: Bringing World /Game/MapGenerator_Mike/UEDPIE_0_MapGenerator.MapGenerator up for play (max tick rate 60) at 2018.09.25-17.42.46
[2018.09.25-21.42.46:137][714]LogWorld: Bringing up level for play took: 0.000534
[2018.09.25-21.42.46:137][714]LogGameMode: FindPlayerStart: PATHS NOT DEFINED or NO PLAYERSTART with positive rating
[2018.09.25-21.42.46:138][714]LogBlueprintUserMessages: [MapGenerator_BP_4] COLDSTORAGE
[2018.09.25-21.42.46:138][714]LogBlueprintUserMessages: [MapGenerator_BP_4] NAVIGATION
[2018.09.25-21.42.46:138][714]LogBlueprintUserMessages: [MapGenerator_BP_4] ENGINE ROOM
[2018.09.25-21.42.46:138][714]LogBlueprintUserMessages: [MapGenerator_BP_4] CLONING BAY
[2018.09.25-21.42.46:138][714]LogBlueprintUserMessages: [MapGenerator_BP_4] LIFESUPPORT
[2018.09.25-21.42.46:174][714]LogLoad: Took 0.094286 seconds to LoadMap(/Game/MapGenerator_Mike/UEDPIE_0_MapGenerator)
[2018.09.25-21.43.08:748][160]LogBlueprintUserMessages: Early EndPlayMap Detection: Level '/Game/MapGenerator_Mike/MapGenerator.MapGenerator:PersistentLevel' has LevelScriptBlueprint '/Game/MapGenerator_Mike/MapGenerator.MapGenerator:PersistentLevel.MapGenerator' with GeneratedClass '/Game/MapGenerator_Mike/MapGenerator.MapGenerator_C' with ClassGeneratedBy '/Game/MapGenerator_Mike/MapGenerator.MapGenerator:PersistentLevel.MapGenerator'
[2018.09.25-21.43.08:748][160]LogSlate: Updating window title bar state: overlay mode, drag disabled, window buttons hidden, title bar hidden
[2018.09.25-21.43.08:779][160]LogSlate: Window 'ASH_Game Game Preview Standalone (64-bit/PCD3D_SM5)' being destroyed
[2018.09.25-21.43.08:850][160]LogPlayLevel: Display: Shutting down PIE online subsystems
[2018.09.25-21.43.08:851][160]LogBlueprintUserMessages: Late EndPlayMap Detection: Level '/Game/MapGenerator_Mike/MapGenerator.MapGenerator:PersistentLevel' has LevelScriptBlueprint '/Game/MapGenerator_Mike/MapGenerator.MapGenerator:PersistentLevel.MapGenerator' with GeneratedClass '/Game/MapGenerator_Mike/MapGenerator.MapGenerator_C' with ClassGeneratedBy '/Game/MapGenerator_Mike/MapGenerator.MapGenerator:PersistentLevel.MapGenerator'
[2018.09.25-21.43.08:928][161]LogPlayLevel: Display: Destroying online subsystem :Context_5
[2018.09.25-21.59.38:547][284]LogSlate: Window 'Minimap_Texture' being destroyed
[2018.09.25-21.59.38:581][284]LogSlate: Window 'Minimap_Texture' being destroyed
[2018.09.25-21.59.42:995][383]LogAssetEditorManager: Opening Asset editor for LevelScriptBlueprint /Game/MapGenerator_Mike/MapGenerator.MapGenerator:PersistentLevel.MapGenerator
[2018.09.25-21.59.43:452][384]LogSlate: Took 0.000299 seconds to synchronously load lazily loaded font '../../../Engine/Content/Slate/Fonts/Roboto-Italic.ttf' (157K)
[2018.09.25-22.01.05:232][751]LogSlate: Window 'MapGenerator - Level Blueprint Editor' being destroyed
[2018.09.25-22.01.05:271][751]LogSlate: Window 'MapGenerator - Level Blueprint Editor' being destroyed
[2018.09.25-22.01.06:924][792]LogSlate: Window 'ASH_Game - Unreal Editor' being destroyed
[2018.09.25-22.01.06:925][792]LogWindowsTextInputMethodSystem: Display: IME system now deactivated.
[2018.09.25-22.01.07:119][793]Cmd: QUIT_EDITOR
[2018.09.25-22.01.08:108][793]LogExit: Preparing to exit.
[2018.09.25-22.01.08:916][793]LogExit: Editor shut down
[2018.09.25-22.01.08:917][793]LogExit: Transaction tracking system shut down
[2018.09.25-22.01.09:594][793]LogExit: Object subsystem successfully closed.
[2018.09.25-22.01.09:626][793]LogShaderCompilers: Display: Shaders left to compile 0
[2018.09.25-22.01.09:631][793]LogD3D11RHI: Shutdown
[2018.09.25-22.01.09:631][793]LogD3D11RHI: CleanupD3DDevice
[2018.09.25-22.01.09:634][793]LogD3D11RHI: ~FD3D11DynamicRHI
[2018.09.25-22.01.09:656][793]LogModuleManager: Shutting down and abandoning module TextureEditor (620)
[2018.09.25-22.01.09:656][793]LogModuleManager: Shutting down and abandoning module SequencerWidgets (618)
[2018.09.25-22.01.09:656][793]LogModuleManager: Shutting down and abandoning module BlueprintGraph (616)
[2018.09.25-22.01.09:656][793]LogModuleManager: Shutting down and abandoning module MovieSceneCapture (614)
[2018.09.25-22.01.09:656][793]LogModuleManager: Shutting down and abandoning module Voice (612)
[2018.09.25-22.01.09:656][793]LogModuleManager: Shutting down and abandoning module HierarchicalLODOutliner (610)
[2018.09.25-22.01.09:656][793]LogModuleManager: Shutting down and abandoning module SceneOutliner (608)
[2018.09.25-22.01.09:656][793]LogModuleManager: Shutting down and abandoning module AddContentDialog (606)
[2018.09.25-22.01.09:657][793]LogModuleManager: Shutting down and abandoning module WidgetCarousel (605)
[2018.09.25-22.01.09:657][793]LogModuleManager: Shutting down and abandoning module EditorWidgets (602)
[2018.09.25-22.01.09:657][793]LogModuleManager: Shutting down and abandoning module CollectionManager (600)
[2018.09.25-22.01.09:657][793]LogModuleManager: Shutting down and abandoning module StatsViewer (598)
[2018.09.25-22.01.09:657][793]LogModuleManager: Shutting down and abandoning module FoliageEdit (596)
[2018.09.25-22.01.09:657][793]LogModuleManager: Shutting down and abandoning module LandscapeEditor (594)
[2018.09.25-22.01.09:657][793]LogModuleManager: Shutting down and abandoning module MeshPaintMode (592)
[2018.09.25-22.01.09:657][793]LogModuleManager: Shutting down and abandoning module SceneDepthPickerMode (590)
[2018.09.25-22.01.09:657][793]LogModuleManager: Shutting down and abandoning module ActorPickerMode (588)
[2018.09.25-22.01.09:657][793]LogModuleManager: Shutting down and abandoning module GeometryMode (586)
[2018.09.25-22.01.09:658][793]LogModuleManager: Shutting down and abandoning module TextureAlignMode (584)
[2018.09.25-22.01.09:658][793]LogModuleManager: Shutting down and abandoning module BspMode (582)
[2018.09.25-22.01.09:658][793]LogModuleManager: Shutting down and abandoning module PIEPreviewDeviceProfileSelector (580)
[2018.09.25-22.01.09:658][793]LogModuleManager: Shutting down and abandoning module SequenceRecorderSections (578)
[2018.09.25-22.01.09:658][793]LogModuleManager: Shutting down and abandoning module AutomationWorker (576)
[2018.09.25-22.01.09:658][793]LogModuleManager: Shutting down and abandoning module AudioCaptureEditor (574)
[2018.09.25-22.01.09:658][793]LogModuleManager: Shutting down and abandoning module SequenceRecorder (573)
[2018.09.25-22.01.09:658][793]LogModuleManager: Shutting down and abandoning module MatineeToLevelSequence (570)
[2018.09.25-22.01.09:658][793]LogModuleManager: Shutting down and abandoning module LevelSequenceEditor (568)
[2018.09.25-22.01.09:658][793]LogModuleManager: Shutting down and abandoning module PlacementMode (567)
[2018.09.25-22.01.09:658][793]LogModuleManager: Shutting down and abandoning module MaterialEditor (566)
[2018.09.25-22.01.09:658][793]LogModuleManager: Shutting down and abandoning module WmfMediaFactory (562)
[2018.09.25-22.01.09:658][793]LogModuleManager: Shutting down and abandoning module WmfMediaEditor (560)
[2018.09.25-22.01.09:658][793]LogModuleManager: Shutting down and abandoning module MediaPlayerEditor (558)
[2018.09.25-22.01.09:658][793]LogModuleManager: Shutting down and abandoning module OpenExrWrapper (556)
[2018.09.25-22.01.09:658][793]LogModuleManager: Shutting down and abandoning module ImgMediaFactory (554)
[2018.09.25-22.01.09:658][793]LogModuleManager: Shutting down and abandoning module ImgMediaEditor (552)
[2018.09.25-22.01.09:658][793]LogModuleManager: Shutting down and abandoning module AvfMediaFactory (550)
[2018.09.25-22.01.09:658][793]LogModuleManager: Shutting down and abandoning module AvfMediaEditor (548)
[2018.09.25-22.01.09:658][793]LogModuleManager: Shutting down and abandoning module AndroidMediaFactory (546)
[2018.09.25-22.01.09:658][793]LogModuleManager: Shutting down and abandoning module AndroidMediaEditor (544)
[2018.09.25-22.01.09:659][793]LogModuleManager: Shutting down and abandoning module MagicLeapCameraPreviewFactory (542)
[2018.09.25-22.01.09:659][793]LogModuleManager: Shutting down and abandoning module MagicLeapMediaFactory (540)
[2018.09.25-22.01.09:659][793]LogModuleManager: Shutting down and abandoning module MagicLeapMediaEditor (538)
[2018.09.25-22.01.09:659][793]LogModuleManager: Shutting down and abandoning module CharacterAI (536)
[2018.09.25-22.01.09:659][793]LogModuleManager: Shutting down and abandoning module SmartSnapping (534)
[2018.09.25-22.01.09:659][793]LogModuleManager: Shutting down and abandoning module SessionServices (532)
[2018.09.25-22.01.09:659][793]LogModuleManager: Shutting down and abandoning module ViewportSnapping (530)
[2018.09.25-22.01.09:659][793]LogModuleManager: Shutting down and abandoning module ViewportInteraction (528)
[2018.09.25-22.01.09:659][793]LogModuleManager: Shutting down and abandoning module ClothPainter (526)
[2018.09.25-22.01.09:659][793]LogModuleManager: Shutting down and abandoning module SkeletalMeshEditor (525)
[2018.09.25-22.01.09:659][793]LogModuleManager: Shutting down and abandoning module LogVisualizer (522)
[2018.09.25-22.01.09:659][793]LogModuleManager: Shutting down and abandoning module IntroTutorials (520)
[2018.09.25-22.01.09:659][793]LogModuleManager: Shutting down and abandoning module GameProjectGeneration (519)
[2018.09.25-22.01.09:659][793]LogModuleManager: Shutting down and abandoning module LuminPlatformEditor (516)
[2018.09.25-22.01.09:659][793]LogModuleManager: Shutting down and abandoning module IOSPlatformEditor (514)
[2018.09.25-22.01.09:659][793]LogModuleManager: Shutting down and abandoning module HTML5PlatformEditor (512)
[2018.09.25-22.01.09:659][793]LogModuleManager: Shutting down and abandoning module AndroidPlatformEditor (510)
[2018.09.25-22.01.09:659][793]LogModuleManager: Shutting down and abandoning module AndroidDeviceDetection (509)
[2018.09.25-22.01.10:504][793]LogModuleManager: Shutting down and abandoning module WindowsPlatformEditor (506)
[2018.09.25-22.01.10:504][793]LogModuleManager: Shutting down and abandoning module LuminRuntimeSettings (504)
[2018.09.25-22.01.10:504][793]LogModuleManager: Shutting down and abandoning module IOSRuntimeSettings (502)
[2018.09.25-22.01.10:504][793]LogModuleManager: Shutting down and abandoning module AndroidRuntimeSettings (500)
[2018.09.25-22.01.10:504][793]LogModuleManager: Shutting down and abandoning module InputBindingEditor (498)
[2018.09.25-22.01.10:504][793]LogModuleManager: Shutting down and abandoning module MergeActors (496)
[2018.09.25-22.01.10:504][793]LogModuleManager: Shutting down and abandoning module LocalizationDashboard (494)
[2018.09.25-22.01.10:504][793]LogModuleManager: Shutting down and abandoning module LocalizationService (493)
[2018.09.25-22.01.10:504][793]LogModuleManager: Shutting down and abandoning module HardwareTargeting (490)
[2018.09.25-22.01.10:504][793]LogModuleManager: Shutting down and abandoning module DeviceProfileEditor (488)
[2018.09.25-22.01.10:504][793]LogModuleManager: Shutting down and abandoning module UndoHistory (486)
[2018.09.25-22.01.10:504][793]LogModuleManager: Shutting down and abandoning module XmlParser (484)
[2018.09.25-22.01.10:504][793]LogModuleManager: Shutting down and abandoning module Blutility (482)
[2018.09.25-22.01.10:504][793]LogModuleManager: Shutting down and abandoning module ProjectSettingsViewer (480)
[2018.09.25-22.01.10:504][793]LogModuleManager: Shutting down and abandoning module ProjectTargetPlatformEditor (479)
[2018.09.25-22.01.10:505][793]LogModuleManager: Shutting down and abandoning module EditorSettingsViewer (476)
[2018.09.25-22.01.10:505][793]LogModuleManager: Shutting down and abandoning module SettingsEditor (474)
[2018.09.25-22.01.10:505][793]LogModuleManager: Shutting down and abandoning module ProjectLauncher (472)
[2018.09.25-22.01.10:505][793]LogModuleManager: Shutting down and abandoning module SessionFrontend (470)
[2018.09.25-22.01.10:505][793]LogModuleManager: Shutting down and abandoning module ProfilerClient (468)
[2018.09.25-22.01.10:505][793]LogModuleManager: Shutting down and abandoning module DeviceManager (466)
[2018.09.25-22.01.10:505][793]LogModuleManager: Shutting down and abandoning module TargetDeviceServices (465)
[2018.09.25-22.01.10:559][793]LogModuleManager: Shutting down and abandoning module AutomationController (462)
[2018.09.25-22.01.10:559][793]LogModuleManager: Shutting down and abandoning module AutomationWindow (460)
[2018.09.25-22.01.10:559][793]LogModuleManager: Shutting down and abandoning module Layers (458)
[2018.09.25-22.01.10:559][793]LogModuleManager: Shutting down and abandoning module ComponentVisualizers (456)
[2018.09.25-22.01.10:559][793]LogModuleManager: Shutting down and abandoning module DetailCustomizations (454)
[2018.09.25-22.01.10:559][793]LogModuleManager: Shutting down and abandoning module PackagesDialog (452)
[2018.09.25-22.01.10:559][793]LogModuleManager: Shutting down and abandoning module Persona (450)
[2018.09.25-22.01.10:559][793]LogModuleManager: Shutting down and abandoning module AdvancedPreviewScene (449)
[2018.09.25-22.01.10:559][793]LogModuleManager: Shutting down and abandoning module AnimGraph (447)
[2018.09.25-22.01.10:559][793]LogModuleManager: Shutting down and abandoning module Kismet (444)
[2018.09.25-22.01.10:564][793]LogModuleManager: Shutting down and abandoning module GraphEditor (442)
[2018.09.25-22.01.10:564][793]LogModuleManager: Shutting down and abandoning module ClassViewer (440)
[2018.09.25-22.01.10:564][793]LogModuleManager: Shutting down and abandoning module Toolbox (438)
[2018.09.25-22.01.10:564][793]LogModuleManager: Shutting down and abandoning module ModuleUI (436)
[2018.09.25-22.01.10:564][793]LogModuleManager: Shutting down and abandoning module MovieSceneTools (434)
[2018.09.25-22.01.10:564][793]LogModuleManager: Shutting down and abandoning module OutputLog (432)
[2018.09.25-22.01.10:564][793]LogModuleManager: Shutting down and abandoning module GammaUI (430)
[2018.09.25-22.01.10:564][793]LogModuleManager: Shutting down and abandoning module Documentation (428)
[2018.09.25-22.01.10:564][793]LogModuleManager: Shutting down and abandoning module MovieSceneTracks (426)
[2018.09.25-22.01.10:564][793]LogModuleManager: Shutting down and abandoning module MovieScene (424)
[2018.09.25-22.01.10:564][793]LogModuleManager: Shutting down and abandoning module StreamingPauseRendering (422)
[2018.09.25-22.01.10:564][793]LogModuleManager: Shutting down and abandoning module LauncherPlatform (420)
[2018.09.25-22.01.10:564][793]LogModuleManager: Shutting down and abandoning module AnalyticsET (418)
[2018.09.25-22.01.10:564][793]LogModuleManager: Shutting down and abandoning module PortalServices (416)
[2018.09.25-22.01.10:564][793]LogModuleManager: Shutting down and abandoning module PortalRpc (414)
[2018.09.25-22.01.10:564][793]LogModuleManager: Shutting down and abandoning module MessagingRpc (412)
[2018.09.25-22.01.10:564][793]LogModuleManager: Shutting down and abandoning module AIModule (410)
[2018.09.25-22.01.10:564][793]LogModuleManager: Shutting down and abandoning module GameplayDebugger (409)
[2018.09.25-22.01.10:564][793]LogModuleManager: Shutting down and abandoning module AITestSuite (407)
[2018.09.25-22.01.10:564][793]LogModuleManager: Shutting down and abandoning module NavigationSystem (405)
[2018.09.25-22.01.10:564][793]LogModuleManager: Shutting down and abandoning module DesktopPlatform (402)
[2018.09.25-22.01.10:564][793]LogModuleManager: Shutting down and abandoning module ProfilerService (400)
[2018.09.25-22.01.10:777][793]LogModuleManager: Shutting down and abandoning module TaskGraph (398)
[2018.09.25-22.01.10:777][793]LogModuleManager: Shutting down and abandoning module SteamVRController (396)
[2018.09.25-22.01.10:777][793]LogModuleManager: Shutting down and abandoning module ProceduralMeshComponentEditor (394)
[2018.09.25-22.01.10:777][793]LogModuleManager: Shutting down and abandoning module ProceduralMeshComponent (392)
[2018.09.25-22.01.10:777][793]LogModuleManager: Shutting down and abandoning module OculusInput (390)
[2018.09.25-22.01.10:777][793]LogModuleManager: Shutting down and abandoning module MobilePatchingUtils (388)
[2018.09.25-22.01.10:777][793]LogModuleManager: Shutting down and abandoning module EditableMesh (386)
[2018.09.25-22.01.10:777][793]LogModuleManager: Shutting down and abandoning module CustomMeshComponent (384)
[2018.09.25-22.01.10:777][793]LogModuleManager: Shutting down and abandoning module CableComponent (382)
[2018.09.25-22.01.10:778][793]LogModuleManager: Shutting down and abandoning module AudioCapture (380)
[2018.09.25-22.01.10:778][793]LogModuleManager: Shutting down and abandoning module ArchVisCharacter (378)
[2018.09.25-22.01.10:778][793]LogModuleManager: Shutting down and abandoning module AndroidPermission (376)
[2018.09.25-22.01.10:778][793]LogModuleManager: Shutting down and abandoning module NUTUnrealEngine4 (374)
[2018.09.25-22.01.10:778][793]LogModuleManager: Shutting down and abandoning module NetcodeUnitTest (372)
[2018.09.25-22.01.10:778][793]LogModuleManager: Shutting down and abandoning module MediaCompositingEditor (370)
[2018.09.25-22.01.10:778][793]LogModuleManager: Shutting down and abandoning module MediaCompositing (368)
[2018.09.25-22.01.10:778][793]LogModuleManager: Shutting down and abandoning module LinearTimecode (366)
[2018.09.25-22.01.10:778][793]LogModuleManager: Shutting down and abandoning module ImgMedia (364)
[2018.09.25-22.01.10:781][793]LogModuleManager: Shutting down and abandoning module HTML5Networking (362)
[2018.09.25-22.01.10:782][793]LogModuleManager: Shutting down and abandoning module GeometryCacheTracks (360)
[2018.09.25-22.01.10:782][793]LogModuleManager: Shutting down and abandoning module GeometryCacheSequencer (358)
[2018.09.25-22.01.10:782][793]LogModuleManager: Shutting down and abandoning module BackChannel (356)
[2018.09.25-22.01.10:782][793]LogModuleManager: Shutting down and abandoning module AppleVision (354)
[2018.09.25-22.01.10:782][793]LogModuleManager: Shutting down and abandoning module AppleImageUtils (352)
[2018.09.25-22.01.10:782][793]LogModuleManager: Shutting down and abandoning module AlembicImporter (350)
[2018.09.25-22.01.10:782][793]LogModuleManager: Shutting down and abandoning module AlembicLibrary (349)
[2018.09.25-22.01.10:782][793]LogModuleManager: Shutting down and abandoning module GeometryCache (348)
[2018.09.25-22.01.10:782][793]LogModuleManager: Shutting down and abandoning module GeometryCacheEd (347)
[2018.09.25-22.01.10:782][793]LogModuleManager: Shutting down and abandoning module DatasmithContentEditor (342)
[2018.09.25-22.01.10:782][793]LogModuleManager: Shutting down and abandoning module DatasmithContent (340)
[2018.09.25-22.01.10:782][793]LogModuleManager: Shutting down and abandoning module SpeedTreeImporter (338)
[2018.09.25-22.01.10:782][793]LogModuleManager: Shutting down and abandoning module PluginBrowser (336)
[2018.09.25-22.01.10:782][793]LogModuleManager: Shutting down and abandoning module MobileLauncherProfileWizard (334)
[2018.09.25-22.01.10:783][793]LogModuleManager: Shutting down and abandoning module PolygonModeling (332)
[2018.09.25-22.01.10:783][793]LogModuleManager: Shutting down and abandoning module MeshEditor (330)
[2018.09.25-22.01.10:783][793]LogModuleManager: Shutting down and abandoning module CryptoKeysOpenSSL (328)
[2018.09.25-22.01.10:783][793]LogModuleManager: Shutting down and abandoning module CryptoKeys (326)
[2018.09.25-22.01.10:783][793]LogModuleManager: Shutting down and abandoning module VisualStudioSourceCodeAccess (324)
[2018.09.25-22.01.10:783][793]LogModuleManager: Shutting down and abandoning module VisualStudioCodeSourceCodeAccess (322)
[2018.09.25-22.01.10:783][793]LogModuleManager: Shutting down and abandoning module UObjectPlugin (320)
[2018.09.25-22.01.10:783][793]LogModuleManager: Shutting down and abandoning module SubversionSourceControl (318)
[2018.09.25-22.01.10:783][793]LogModuleManager: Shutting down and abandoning module PerforceSourceControl (316)
[2018.09.25-22.01.10:783][793]LogModuleManager: Shutting down and abandoning module GitSourceControl (314)
[2018.09.25-22.01.10:783][793]LogModuleManager: Shutting down and abandoning module SourceControl (313)
[2018.09.25-22.01.10:783][793]LogModuleManager: Shutting down and abandoning module CLionSourceCodeAccess (310)
[2018.09.25-22.01.10:783][793]LogModuleManager: Shutting down and abandoning module LightPropagationVolumeEditor (308)
[2018.09.25-22.01.10:783][793]LogModuleManager: Shutting down and abandoning module PaperTiledImporter (306)
[2018.09.25-22.01.10:783][793]LogModuleManager: Shutting down and abandoning module PaperSpriteSheetImporter (304)
[2018.09.25-22.01.10:783][793]LogModuleManager: Shutting down and abandoning module Paper2DEditor (302)
[2018.09.25-22.01.10:783][793]LogModuleManager: Shutting down and abandoning module MeshPaint (301)
[2018.09.25-22.01.10:783][793]LogModuleManager: Shutting down and abandoning module RuntimePhysXCooking (298)
[2018.09.25-22.01.10:783][793]LogModuleManager: Shutting down and abandoning module PhysXVehiclesEditor (296)
[2018.09.25-22.01.10:783][793]LogModuleManager: Shutting down and abandoning module PhysXVehicles (294)
[2018.09.25-22.01.10:783][793]LogModuleManager: Shutting down and abandoning module OculusEditor (292)
[2018.09.25-22.01.10:783][793]LogModuleManager: Shutting down and abandoning module LocationServicesBPLibrary (290)
[2018.09.25-22.01.10:783][793]LogModuleManager: Shutting down and abandoning module ImmediatePhysicsEditor (288)
[2018.09.25-22.01.10:783][793]LogModuleManager: Shutting down and abandoning module ImmediatePhysics (286)
[2018.09.25-22.01.10:783][793]LogModuleManager: Shutting down and abandoning module ActorSequence (284)
[2018.09.25-22.01.10:783][793]LogModuleManager: Shutting down and abandoning module UdpMessaging (282)
[2018.09.25-22.01.10:884][793]LogModuleManager: Shutting down and abandoning module TcpMessaging (280)
[2018.09.25-22.01.10:985][793]LogModuleManager: Shutting down and abandoning module MagicLeapAudio (278)
[2018.09.25-22.01.10:985][793]LogModuleManager: Shutting down and abandoning module GameplayTagsEditor (276)
[2018.09.25-22.01.10:985][793]LogModuleManager: Shutting down and abandoning module FacialAnimationEditor (274)
[2018.09.25-22.01.10:985][793]LogModuleManager: Shutting down and abandoning module FacialAnimation (272)
[2018.09.25-22.01.10:985][793]LogModuleManager: Shutting down and abandoning module DataValidation (270)
[2018.09.25-22.01.10:985][793]LogModuleManager: Shutting down and abandoning module AssetManagerEditor (268)
[2018.09.25-22.01.10:985][793]LogModuleManager: Shutting down and abandoning module LevelEditor (267)
[2018.09.25-22.01.10:985][793]LogModuleManager: Shutting down and abandoning module PixelInspectorModule (266)
[2018.09.25-22.01.10:986][793]LogModuleManager: Shutting down and abandoning module CommonMenuExtensions (264)
[2018.09.25-22.01.10:986][793]LogModuleManager: Shutting down and abandoning module MainFrame (262)
[2018.09.25-22.01.10:986][793]LogModuleManager: Shutting down and abandoning module HotReload (261)
[2018.09.25-22.01.10:986][793]LogModuleManager: Shutting down and abandoning module ContentBrowser (257)
[2018.09.25-22.01.10:987][793]LogModuleManager: Shutting down and abandoning module TreeMap (255)
[2018.09.25-22.01.10:987][793]LogModuleManager: Shutting down and abandoning module LightPropagationVolumeRuntime (252)
[2018.09.25-22.01.10:987][793]LogModuleManager: Shutting down and abandoning module AISupportModule (250)
[2018.09.25-22.01.10:987][793]LogModuleManager: Shutting down and abandoning module Paper2D (248)
[2018.09.25-22.01.10:987][793]LogModuleManager: Shutting down and abandoning module WindowsMoviePlayer (246)
[2018.09.25-22.01.10:987][793]LogModuleManager: Shutting down and abandoning module WmfMedia (244)
[2018.09.25-22.01.10:988][793]LogModuleManager: Shutting down and abandoning module Media (243)
[2018.09.25-22.01.10:995][793]LogModuleManager: Shutting down and abandoning module PacketHandler (240)
[2018.09.25-22.01.10:995][793]LogModuleManager: Shutting down and abandoning module ClothingSystemEditor (238)
[2018.09.25-22.01.10:995][793]LogModuleManager: Shutting down and abandoning module ClothingSystemRuntime (236)
[2018.09.25-22.01.10:995][793]LogModuleManager: Shutting down and abandoning module MediaAssets (234)
[2018.09.25-22.01.10:995][793]LogModuleManager: Shutting down and abandoning module Overlay (232)
[2018.09.25-22.01.10:995][793]LogModuleManager: Shutting down and abandoning module OverlayEditor (231)
[2018.09.25-22.01.10:995][793]LogModuleManager: Shutting down and abandoning module VREditor (228)
[2018.09.25-22.01.10:995][793]LogModuleManager: Shutting down and abandoning module StringTableEditor (226)
[2018.09.25-22.01.10:995][793]LogModuleManager: Shutting down and abandoning module GameplayTasksEditor (224)
[2018.09.25-22.01.10:995][793]LogModuleManager: Shutting down and abandoning module BehaviorTreeEditor (222)
[2018.09.25-22.01.10:995][793]LogModuleManager: Shutting down and abandoning module FunctionalTesting (220)
[2018.09.25-22.01.10:995][793]LogModuleManager: Shutting down and abandoning module CollisionAnalyzer (218)
[2018.09.25-22.01.10:995][793]LogModuleManager: Shutting down and abandoning module WorkspaceMenuStructure (217)
[2018.09.25-22.01.10:996][793]LogModuleManager: Shutting down and abandoning module UMG (214)
[2018.09.25-22.01.10:996][793]LogModuleManager: Shutting down and abandoning module UMGEditor (213)
[2018.09.25-22.01.10:996][793]LogModuleManager: Shutting down and abandoning module Sequencer (212)
[2018.09.25-22.01.10:996][793]LogModuleManager: Shutting down and abandoning module MessageLog (209)
[2018.09.25-22.01.10:996][793]LogModuleManager: Shutting down and abandoning module SlateReflector (204)
[2018.09.25-22.01.10:996][793]LogModuleManager: Shutting down and abandoning module Slate (202)
[2018.09.25-22.01.10:996][793]LogModuleManager: Shutting down and abandoning module EditorStyle (200)
[2018.09.25-22.01.10:997][793]LogModuleManager: Shutting down and abandoning module MRMesh (198)
[2018.09.25-22.01.10:997][793]LogModuleManager: Shutting down and abandoning module SourceCodeAccess (196)
[2018.09.25-22.01.10:997][793]LogModuleManager: Shutting down and abandoning module HeadMountedDisplay (194)
[2018.09.25-22.01.10:997][793]LogModuleManager: Shutting down and abandoning module XAudio2 (192)
[2018.09.25-22.01.10:997][793]LogModuleManager: Shutting down and abandoning module Networking (190)
[2018.09.25-22.01.10:997][793]LogModuleManager: Shutting down and abandoning module Core (188)
[2018.09.25-22.01.10:998][793]LogModuleManager: Shutting down and abandoning module LevelSequence (186)
[2018.09.25-22.01.10:998][793]LogModuleManager: Shutting down and abandoning module KismetCompiler (184)
[2018.09.25-22.01.10:998][793]LogModuleManager: Shutting down and abandoning module MeshUtilities (182)
[2018.09.25-22.01.10:998][793]LogModuleManager: Shutting down and abandoning module MeshMergeUtilities (181)
[2018.09.25-22.01.10:998][793]LogModuleManager: Shutting down and abandoning module MeshReductionInterface (180)
[2018.09.25-22.01.10:998][793]LogModuleManager: Shutting down and abandoning module SimplygonSwarm (179)
[2018.09.25-22.01.10:998][793]LogModuleManager: Shutting down and abandoning module ProxyLODMeshReduction (177)
[2018.09.25-22.01.10:998][793]LogModuleManager: Shutting down and abandoning module SimplygonMeshReduction (175)
[2018.09.25-22.01.10:998][793]LogModuleManager: Shutting down and abandoning module QuadricMeshReduction (173)
[2018.09.25-22.01.10:998][793]LogModuleManager: Shutting down and abandoning module MaterialBaking (169)
[2018.09.25-22.01.10:998][793]LogModuleManager: Shutting down and abandoning module DirectoryWatcher (165)
[2018.09.25-22.01.10:998][793]LogModuleManager: Shutting down and abandoning module DerivedDataCache (162)
[2018.09.25-22.01.11:094][793]LogDerivedDataCache: Shutdown
[2018.09.25-22.01.11:094][793]LogModuleManager: Shutting down and abandoning module XGEController (160)
[2018.09.25-22.01.11:094][793]LogModuleManager: Shutting down and abandoning module TargetPlatform (158)
[2018.09.25-22.01.11:094][793]LogModuleManager: Shutting down and abandoning module VulkanShaderFormat (157)
[2018.09.25-22.01.11:094][793]LogModuleManager: Shutting down and abandoning module ShaderFormatVectorVM (155)
[2018.09.25-22.01.11:095][793]LogModuleManager: Shutting down and abandoning module ShaderFormatOpenGL (153)
[2018.09.25-22.01.11:095][793]LogModuleManager: Shutting down and abandoning module ShaderFormatD3D (151)
[2018.09.25-22.01.11:095][793]LogModuleManager: Shutting down and abandoning module MetalShaderFormat (149)
[2018.09.25-22.01.11:095][793]LogModuleManager: Shutting down and abandoning module TextureFormatUncompressed (147)
[2018.09.25-22.01.11:095][793]LogModuleManager: Shutting down and abandoning module TextureFormatPVR (145)
[2018.09.25-22.01.11:095][793]LogModuleManager: Shutting down and abandoning module TextureFormatDXT (143)
[2018.09.25-22.01.11:095][793]LogModuleManager: Shutting down and abandoning module TextureFormatIntelISPCTexComp (141)
[2018.09.25-22.01.11:095][793]LogModuleManager: Shutting down and abandoning module TextureFormatASTC (139)
[2018.09.25-22.01.11:095][793]LogModuleManager: Shutting down and abandoning module ImageWrapper (138)
[2018.09.25-22.01.11:095][793]LogModuleManager: Shutting down and abandoning module TextureFormatAndroid (135)
[2018.09.25-22.01.11:095][793]LogModuleManager: Shutting down and abandoning module AudioFormatOpus (133)
[2018.09.25-22.01.11:095][793]LogModuleManager: Shutting down and abandoning module AudioFormatOgg (131)
[2018.09.25-22.01.11:095][793]LogModuleManager: Shutting down and abandoning module AudioFormatADPCM (129)
[2018.09.25-22.01.11:095][793]LogModuleManager: Shutting down and abandoning module LuminTargetPlatform (127)
[2018.09.25-22.01.11:095][793]LogModuleManager: Shutting down and abandoning module LinuxTargetPlatform (125)
[2018.09.25-22.01.11:095][793]LogModuleManager: Shutting down and abandoning module LinuxServerTargetPlatform (123)
[2018.09.25-22.01.11:095][793]LogModuleManager: Shutting down and abandoning module LinuxNoEditorTargetPlatform (121)
[2018.09.25-22.01.11:095][793]LogModuleManager: Shutting down and abandoning module LinuxClientTargetPlatform (119)
[2018.09.25-22.01.11:095][793]LogModuleManager: Shutting down and abandoning module TVOSTargetPlatform (117)
[2018.09.25-22.01.11:096][793]LogModuleManager: Shutting down and abandoning module Messaging (115)
[2018.09.25-22.01.11:096][793]LogModuleManager: Shutting down and abandoning module IOSTargetPlatform (113)
[2018.09.25-22.01.11:097][793]LogModuleManager: Shutting down and abandoning module HTML5TargetPlatform (111)
[2018.09.25-22.01.11:097][793]LogModuleManager: Shutting down and abandoning module AndroidTargetPlatform (109)
[2018.09.25-22.01.11:104][793]LogModuleManager: Shutting down and abandoning module WindowsTargetPlatform (107)
[2018.09.25-22.01.11:105][793]LogModuleManager: Shutting down and abandoning module WindowsServerTargetPlatform (105)
[2018.09.25-22.01.11:105][793]LogModuleManager: Shutting down and abandoning module WindowsNoEditorTargetPlatform (103)
[2018.09.25-22.01.11:105][793]LogModuleManager: Shutting down and abandoning module WindowsClientTargetPlatform (101)
[2018.09.25-22.01.11:105][793]LogModuleManager: Shutting down and abandoning module MacTargetPlatform (99)
[2018.09.25-22.01.11:105][793]LogModuleManager: Shutting down and abandoning module MacServerTargetPlatform (97)
[2018.09.25-22.01.11:105][793]LogModuleManager: Shutting down and abandoning module MacNoEditorTargetPlatform (95)
[2018.09.25-22.01.11:105][793]LogModuleManager: Shutting down and abandoning module MacClientTargetPlatform (93)
[2018.09.25-22.01.11:105][793]LogModuleManager: Shutting down and abandoning module AllDesktopTargetPlatform (91)
[2018.09.25-22.01.11:105][793]LogModuleManager: Shutting down and abandoning module InputCore (88)
[2018.09.25-22.01.11:105][793]LogModuleManager: Shutting down and abandoning module Settings (86)
[2018.09.25-22.01.11:105][793]LogModuleManager: Shutting down and abandoning module PhysXCooking (84)
[2018.09.25-22.01.11:105][793]LogModuleManager: Shutting down and abandoning module SteamVR (82)
[2018.09.25-22.01.11:105][793]LogModuleManager: Shutting down and abandoning module OculusHMD (80)
[2018.09.25-22.01.11:105][793]LogModuleManager: Shutting down and abandoning module ExampleDeviceProfileSelector (78)
[2018.09.25-22.01.11:105][793]LogModuleManager: Shutting down and abandoning module LauncherChunkInstaller (76)
[2018.09.25-22.01.11:105][793]LogModuleManager: Shutting down and abandoning module OnlineBlueprintSupport (74)
[2018.09.25-22.01.11:105][793]LogModuleManager: Shutting down and abandoning module OnlineSubsystem (70)
[2018.09.25-22.01.11:106][793]LogModuleManager: Shutting down and abandoning module XMPP (65)
[2018.09.25-22.01.11:106][793]LogModuleManager: Shutting down and abandoning module WebSockets (64)
[2018.09.25-22.01.11:133][793]LogModuleManager: Shutting down and abandoning module HTTP (61)
[2018.09.25-22.01.11:133][793]LogHttp: Display: Http module shutting down, but needs to wait on 1 outstanding Http requests:
[2018.09.25-22.01.11:133][793]LogHttp: Display: 	verb=[POST] url=[https://datarouter.ol.epicgames.com/datarouter/api/v1/public/data?SessionID=%7BD58E2363-47E7-DFDF-C998-3B98A761FD13%7D&AppID=UEEditor.Rocket.Release&AppVersion=4.20.2-4302132%2B%2B%2BUE4%2BRelease-4.20&UserID=3960c7c447d0bdb7984380afc58ff2da%7C04fc0469705444759d89c4ce2f4ff0ba%7Cf32c7836-4f99-4140-a032-efec515ef995&AppEnvironment=datacollector-binary&UploadType=eteventstream] status=Processing
[2018.09.25-22.01.11:168][793]LogModuleManager: Shutting down and abandoning module SSL (60)
[2018.09.25-22.01.11:169][793]LogModuleManager: Shutting down and abandoning module MagicLeapEmulator (56)
[2018.09.25-22.01.11:169][793]LogModuleManager: Shutting down and abandoning module MagicLeapPrivileges (54)
[2018.09.25-22.01.11:169][793]LogModuleManager: Shutting down and abandoning module MagicLeapIdentity (52)
[2018.09.25-22.01.11:169][793]LogModuleManager: Shutting down and abandoning module MagicLeapHelperVulkan (50)
[2018.09.25-22.01.11:169][793]LogModuleManager: Shutting down and abandoning module MagicLeapHelperOpenGL (48)
[2018.09.25-22.01.11:169][793]LogModuleManager: Shutting down and abandoning module MagicLeapSecureStorage (46)
[2018.09.25-22.01.11:169][793]LogModuleManager: Shutting down and abandoning module MagicLeapGestures (44)
[2018.09.25-22.01.11:169][793]LogModuleManager: Shutting down and abandoning module MagicLeapEyeTracker (42)
[2018.09.25-22.01.11:169][793]LogModuleManager: Shutting down and abandoning module MagicLeapController (40)
[2018.09.25-22.01.11:170][793]LogSlate: Slate User Destroyed.  User Index 0, Is Virtual User: 0
[2018.09.25-22.01.11:170][793]LogModuleManager: Shutting down and abandoning module MagicLeap (38)
[2018.09.25-22.01.11:170][793]LogModuleManager: Shutting down and abandoning module AnimationModifiers (36)
[2018.09.25-22.01.11:170][793]LogModuleManager: Shutting down and abandoning module PropertyEditor (35)
[2018.09.25-22.01.11:170][793]LogModuleManager: Shutting down and abandoning module AudioEditor (32)
[2018.09.25-22.01.11:170][793]LogModuleManager: Shutting down and abandoning module TextureCompressor (30)
[2018.09.25-22.01.11:170][793]LogModuleManager: Shutting down and abandoning module ShaderCore (28)
[2018.09.25-22.01.11:170][793]LogModuleManager: Shutting down and abandoning module Landscape (26)
[2018.09.25-22.01.11:170][793]LogModuleManager: Shutting down and abandoning module SlateRHIRenderer (24)
[2018.09.25-22.01.11:171][793]LogModuleManager: Shutting down and abandoning module OpenGLDrv (22)
[2018.09.25-22.01.11:171][793]LogModuleManager: Shutting down and abandoning module D3D11RHI (20)
[2018.09.25-22.01.11:171][793]LogModuleManager: Shutting down and abandoning module AnimGraphRuntime (18)
[2018.09.25-22.01.11:171][793]LogModuleManager: Shutting down and abandoning module Renderer (16)
[2018.09.25-22.01.11:171][793]LogModuleManager: Shutting down and abandoning module Engine (14)
[2018.09.25-22.01.11:171][793]LogModuleManager: Shutting down and abandoning module CoreUObject (12)
[2018.09.25-22.01.11:171][793]LogModuleManager: Shutting down and abandoning module NetworkFile (10)
[2018.09.25-22.01.11:171][793]LogModuleManager: Shutting down and abandoning module CookedIterativeFile (8)
[2018.09.25-22.01.11:171][793]LogModuleManager: Shutting down and abandoning module StreamingFile (6)
[2018.09.25-22.01.11:171][793]LogModuleManager: Shutting down and abandoning module SandboxFile (4)
[2018.09.25-22.01.11:171][793]LogModuleManager: Shutting down and abandoning module PakFile (2)
[2018.09.25-22.01.11:183][793]LogExit: Exiting.
[2018.09.25-22.01.11:189][793]Log file closed, 09/25/18 18:01:11
