Log file open, 09/21/18 18:46:01
LogWindows: Failed to load 'aqProf.dll' (GetLastError=126)
LogWindows: File 'aqProf.dll' does not exist
LogWindows: Failed to load 'VSPerf140.dll' (GetLastError=126)
LogWindows: File 'VSPerf140.dll' does not exist
LogWindows: Failed to load 'VtuneApi.dll' (GetLastError=126)
LogWindows: File 'VtuneApi.dll' does not exist
LogWindows: Failed to load 'VtuneApi32e.dll' (GetLastError=126)
LogWindows: File 'VtuneApi32e.dll' does not exist
LogInit: Display: Running engine for game: ASH_Game
LogPlatformFile: Not using cached read wrapper
LogTaskGraph: Started task graph with 5 named threads and 23 total threads with 3 sets of task threads.
LogStats: Stats thread started at 0.291434
LogD3D11RHI: Loaded GFSDK_Aftermath_Lib.x64.dll
LogICUInternationalization: Display: ICU TimeZone Detection - Raw Offset: -5:00, Platform Override: ''
LogPluginManager: Mounting plugin Paper2D
LogPluginManager: Mounting plugin AISupport
LogPluginManager: Mounting plugin LightPropagationVolume
LogPluginManager: Mounting plugin CLionSourceCodeAccess
LogPluginManager: Mounting plugin CodeLiteSourceCodeAccess
LogPluginManager: Mounting plugin GitSourceControl
LogPluginManager: Mounting plugin KDevelopSourceCodeAccess
LogPluginManager: Mounting plugin NullSourceCodeAccess
LogPluginManager: Mounting plugin PerforceSourceControl
LogPluginManager: Mounting plugin SubversionSourceControl
LogPluginManager: Mounting plugin UObjectPlugin
LogPluginManager: Mounting plugin VisualStudioCodeSourceCodeAccess
LogPluginManager: Mounting plugin VisualStudioSourceCodeAccess
LogPluginManager: Mounting plugin XCodeSourceCodeAccess
LogPluginManager: Mounting plugin AssetManagerEditor
LogPluginManager: Mounting plugin CryptoKeys
LogPluginManager: Mounting plugin DataValidation
LogPluginManager: Mounting plugin FacialAnimation
LogPluginManager: Mounting plugin GameplayTagsEditor
LogPluginManager: Mounting plugin MacGraphicsSwitching
LogPluginManager: Mounting plugin MeshEditor
LogPluginManager: Mounting plugin MobileLauncherProfileWizard
LogPluginManager: Mounting plugin PluginBrowser
LogPluginManager: Mounting plugin SpeedTreeImporter
LogPluginManager: Mounting plugin DatasmithContent
LogPluginManager: Mounting plugin AlembicImporter
LogPluginManager: Mounting plugin AppleImageUtils
LogPluginManager: Mounting plugin AppleVision
LogPluginManager: Mounting plugin BackChannel
LogPluginManager: Mounting plugin CharacterAI
LogPluginManager: Mounting plugin GeometryCache
LogPluginManager: Mounting plugin HTML5Networking
LogPluginManager: Mounting plugin ProxyLODPlugin
LogPluginManager: Mounting plugin MagicLeap
LogPluginManager: Mounting plugin MagicLeapEmulator
LogPluginManager: Mounting plugin MagicLeapMedia
LogPluginManager: Mounting plugin AndroidMedia
LogPluginManager: Mounting plugin AvfMedia
LogPluginManager: Mounting plugin ImgMedia
LogPluginManager: Mounting plugin LinearTimecode
LogPluginManager: Mounting plugin MediaCompositing
LogPluginManager: Mounting plugin MediaPlayerEditor
LogPluginManager: Mounting plugin WmfMedia
LogPluginManager: Mounting plugin TcpMessaging
LogPluginManager: Mounting plugin UdpMessaging
LogPluginManager: Mounting plugin ActorSequence
LogPluginManager: Mounting plugin LevelSequenceEditor
LogPluginManager: Mounting plugin MatineeToLevelSequence
LogPluginManager: Mounting plugin NetcodeUnitTest
LogPluginManager: Mounting plugin NUTUnrealEngine4
LogPluginManager: Mounting plugin OnlineSubsystemGooglePlay
LogPluginManager: Mounting plugin OnlineSubsystemIOS
LogPluginManager: Mounting plugin OnlineSubsystem
LogPluginManager: Mounting plugin OnlineSubsystemNull
LogPluginManager: Mounting plugin OnlineSubsystemUtils
LogPluginManager: Mounting plugin LauncherChunkInstaller
LogPluginManager: Mounting plugin AndroidDeviceProfileSelector
LogPluginManager: Mounting plugin AndroidMoviePlayer
LogPluginManager: Mounting plugin AndroidPermission
LogPluginManager: Mounting plugin AppleMoviePlayer
LogPluginManager: Mounting plugin ArchVisCharacter
LogPluginManager: Mounting plugin AudioCapture
LogPluginManager: Mounting plugin CableComponent
LogPluginManager: Mounting plugin CustomMeshComponent
LogPluginManager: Mounting plugin EditableMesh
LogPluginManager: Mounting plugin ExampleDeviceProfileSelector
LogPluginManager: Mounting plugin GoogleCloudMessaging
LogPluginManager: Mounting plugin ImmediatePhysics
LogPluginManager: Mounting plugin IOSDeviceProfileSelector
LogPluginManager: Mounting plugin LinuxDeviceProfileSelector
LogPluginManager: Mounting plugin LocationServicesBPLibrary
LogPluginManager: Mounting plugin MobilePatchingUtils
LogPluginManager: Mounting plugin OculusVR
LogPluginManager: Plugin shader directory ../../../Engine/Plugins/Runtime/Oculus/OculusVR/Shaders found
LogPluginManager: Mapping shader source directory ../../../Engine/Plugins/Runtime/Oculus/OculusVR/Shaders to virtual directory /Plugin/OculusVR
LogPluginManager: Mounting plugin PhysXVehicles
LogPluginManager: Mounting plugin ProceduralMeshComponent
LogPluginManager: Mounting plugin RuntimePhysXCooking
LogPluginManager: Mounting plugin SteamVR
LogPluginManager: Mounting plugin WindowsMoviePlayer
LogStreaming: Display: Took  0.120s to configure plugins.
LogInit: Using libcurl 7.55.1-DEV
LogInit:  - built for x86_64-pc-win32
LogInit:  - supports SSL with OpenSSL/1.0.2h
LogInit:  - supports HTTP deflate (compression) using libz 1.2.8
LogInit:  - other features:
LogInit:      CURL_VERSION_SSL
LogInit:      CURL_VERSION_LIBZ
LogInit:      CURL_VERSION_IPV6
LogInit:      CURL_VERSION_ASYNCHDNS
LogInit:      CURL_VERSION_LARGEFILE
LogInit:      CURL_VERSION_IDN
LogInit:  CurlRequestOptions (configurable via config and command line):
LogInit:  - bVerifyPeer = false  - Libcurl will NOT verify peer certificate
LogInit:  - bUseHttpProxy = false  - Libcurl will NOT use HTTP proxy
LogInit:  - bDontReuseConnections = false  - Libcurl will reuse connections
LogInit:  - CertBundlePath = nullptr  - Libcurl will use whatever was configured at build time.
LogInit:  - MaxHostConnections = 16  - Libcurl will limit the number of connections to a host
LogInit:  - LocalHostAddr = Default
LogInit:  - BufferSize = 65536
LogInit: WinSock: version 1.1 (2.2), MaxSocks=32767, MaxUdp=65467
LogInit: Build: ++UE4+Release-4.20-CL-4302132
LogInit: Engine Version: 4.20.2-4302132+++UE4+Release-4.20
LogInit: Compatible Engine Version: 4.20.0-4212847+++UE4+Release-4.20
LogInit: Net CL: 4212847
LogInit: OS: Windows 10 (), CPU: Intel(R) Core(TM) i7-7700HQ CPU @ 2.80GHz, GPU: NVIDIA GeForce GTX 1070
LogInit: Compiled (64-bit): Aug 21 2018 02:06:06
LogInit: Compiled with Visual C++: 19.13.26129.00
LogInit: Build Configuration: Development
LogInit: Branch Name: ++UE4+Release-4.20
LogInit: Command Line: 
LogInit: Base Directory: D:/Program Files/UE_4.20/Engine/Binaries/Win64/
LogInit: Installed Engine Build: 1
LogDevObjectVersion: Number of dev versions registered: 20
LogDevObjectVersion:   Dev-Blueprints (B0D832E4-1F89-4F0D-ACCF-7EB736FD4AA2): 10
LogDevObjectVersion:   Dev-Build (E1C64328-A22C-4D53-A36C-8E866417BD8C): 0
LogDevObjectVersion:   Dev-Core (375EC13C-06E4-48FB-B500-84F0262A717E): 2
LogDevObjectVersion:   Dev-Editor (E4B068ED-F494-42E9-A231-DA0B2E46BB41): 24
LogDevObjectVersion:   Dev-Framework (CFFC743F-43B0-4480-9391-14DF171D2073): 34
LogDevObjectVersion:   Dev-Mobile (B02B49B5-BB20-44E9-A304-32B752E40360): 2
LogDevObjectVersion:   Dev-Networking (A4E4105C-59A1-49B5-A7C5-40C4547EDFEE): 0
LogDevObjectVersion:   Dev-Online (39C831C9-5AE6-47DC-9A44-9C173E1C8E7C): 0
LogDevObjectVersion:   Dev-Physics (78F01B33-EBEA-4F98-B9B4-84EACCB95AA2): 0
LogDevObjectVersion:   Dev-Platform (6631380F-2D4D-43E0-8009-CF276956A95A): 0
LogDevObjectVersion:   Dev-Rendering (12F88B9F-8875-4AFC-A67C-D90C383ABD29): 26
LogDevObjectVersion:   Dev-Sequencer (7B5AE74C-D270-4C10-A958-57980B212A5A): 9
LogDevObjectVersion:   Dev-VR (D7296918-1DD6-4BDD-9DE2-64A83CC13884): 2
LogDevObjectVersion:   Dev-LoadTimes (C2A15278-BFE7-4AFE-6C17-90FF531DF755): 1
LogDevObjectVersion:   Private-Geometry (6EACA3D4-40EC-4CC1-B786-8BED09428FC5): 3
LogDevObjectVersion:   Dev-AnimPhys (29E575DD-E0A3-4627-9D10-D276232CDCEA): 17
LogDevObjectVersion:   Dev-ReflectionCapture (6B266CEC-1EC7-4B8F-A30B-E4D90942FC07): 1
LogDevObjectVersion:   Dev-Automation (0DF73D61-A23F-47EA-B727-89E90C41499A): 1
LogDevObjectVersion:   FortniteMain (601D1886-AC64-4F84-AA16-D3DE0DEAC7D6): 12
LogDevObjectVersion:   Dev-Enterprise (9DFFBCD6-494F-0158-E221-12823C92A888): 1
LogStreaming: Display: Took  0.002s to delete old logs.
LogInit: Presizing for max 8388607 objects, including 0 objects not considered by GC, pre-allocating 0 bytes for permanent pool.
LogInit: Object subsystem initialized
[2018.09.21-22.46.02:070][  0]LogInit: Selected Device Profile: [Windows]
[2018.09.21-22.46.02:070][  0]LogInit: Applying CVar settings loaded from the selected device profile: [Windows]
[2018.09.21-22.46.02:103][  0]LogHAL: Display: Platform has ~ 16 GB [17046728704 / 17179869184 / 16], which maps to Larger [LargestMinGB=32, LargerMinGB=12, DefaultMinGB=8, SmallerMinGB=6, SmallestMinGB=0)
[2018.09.21-22.46.02:103][  0]LogInit: Setting Device Profile CVar: [[r.Vulkan.UseRealUBs:1]]
[2018.09.21-22.46.02:103][  0]LogInit: Going up to parent DeviceProfile []
[2018.09.21-22.46.02:104][  0]LogInit: Computer: DESKTOP-VS8RPUE
[2018.09.21-22.46.02:104][  0]LogInit: User: alex1
[2018.09.21-22.46.02:104][  0]LogInit: CPU Page size=4096, Cores=4
[2018.09.21-22.46.02:104][  0]LogInit: High frequency timer resolution =2.742188 MHz
[2018.09.21-22.46.02:104][  0]LogMemory: Memory total: Physical=15.9GB (16GB approx)
[2018.09.21-22.46.02:104][  0]LogMemory: Platform Memory Stats for Windows
[2018.09.21-22.46.02:104][  0]LogMemory: Process Physical Memory: 100.56 MB used, 100.56 MB peak
[2018.09.21-22.46.02:104][  0]LogMemory: Process Virtual Memory: 87.46 MB used, 87.46 MB peak
[2018.09.21-22.46.02:104][  0]LogMemory: Physical Memory: 8052.60 MB used,  8204.43 MB free, 16257.03 MB total
[2018.09.21-22.46.02:104][  0]LogMemory: Virtual Memory: 4641.41 MB used,  8204.43 MB free, 134217728.00 MB total
[2018.09.21-22.46.02:390][  0]LogInit: Using OS detected language (en-US).
[2018.09.21-22.46.02:390][  0]LogInit: Using OS detected locale (en-CA).
[2018.09.21-22.46.02:391][  0]LogTextLocalizationManager: No specific localization for 'en-US' exists, so the 'en' localization will be used.
[2018.09.21-22.46.02:806][  0]LogStreaming: Display: Took  0.416s to InitEngineTextLocalization.
[2018.09.21-22.46.02:806][  0]LogInit: Setting process to per monitor DPI aware
[2018.09.21-22.46.02:829][  0]LogSlate: New Slate User Created.  User Index 0, Is Virtual User: 0
[2018.09.21-22.46.02:829][  0]LogSlate: Slate User Registered.  User Index 0, Is Virtual User: 0
[2018.09.21-22.46.03:009][  0]LogHMD: Failed to initialize OpenVR with code 110
[2018.09.21-22.46.03:009][  0]LogD3D11RHI: D3D11 adapters:
[2018.09.21-22.46.03:066][  0]LogD3D11RHI:    0. 'NVIDIA GeForce GTX 1070' (Feature Level 11_0)
[2018.09.21-22.46.03:066][  0]LogD3D11RHI:       8074/0/8128 MB DedicatedVideo/DedicatedSystem/SharedSystem, Outputs:1, VendorId:0x10de
[2018.09.21-22.46.03:088][  0]LogD3D11RHI:    1. 'Intel(R) HD Graphics 630' (Feature Level 11_0)
[2018.09.21-22.46.03:088][  0]LogD3D11RHI:       128/0/8128 MB DedicatedVideo/DedicatedSystem/SharedSystem, Outputs:0, VendorId:0x8086
[2018.09.21-22.46.03:090][  0]LogD3D11RHI:    2. 'Microsoft Basic Render Driver' (Feature Level 11_0)
[2018.09.21-22.46.03:090][  0]LogD3D11RHI:       0/0/8128 MB DedicatedVideo/DedicatedSystem/SharedSystem, Outputs:0, VendorId:0x1414
[2018.09.21-22.46.03:090][  0]LogD3D11RHI: Chosen D3D11 Adapter: 0
[2018.09.21-22.46.03:099][  0]LogD3D11RHI: Creating new Direct3DDevice
[2018.09.21-22.46.03:099][  0]LogD3D11RHI:     GPU DeviceId: 0x1be1 (for the marketing name, search the web for "GPU Device Id")
[2018.09.21-22.46.03:099][  0]LogWindows: EnumDisplayDevices:
[2018.09.21-22.46.03:099][  0]LogWindows:    0. 'NVIDIA GeForce GTX 1070' (P:1 D:1)
[2018.09.21-22.46.03:099][  0]LogWindows:    1. 'NVIDIA GeForce GTX 1070' (P:0 D:0)
[2018.09.21-22.46.03:099][  0]LogWindows:    2. 'NVIDIA GeForce GTX 1070' (P:0 D:0)
[2018.09.21-22.46.03:099][  0]LogWindows:    3. 'NVIDIA GeForce GTX 1070' (P:0 D:0)
[2018.09.21-22.46.03:100][  0]LogWindows:    4. 'Intel(R) HD Graphics 630' (P:0 D:0)
[2018.09.21-22.46.03:100][  0]LogWindows:    5. 'Intel(R) HD Graphics 630' (P:0 D:0)
[2018.09.21-22.46.03:100][  0]LogWindows:    6. 'Intel(R) HD Graphics 630' (P:0 D:0)
[2018.09.21-22.46.03:100][  0]LogWindows: DebugString: PrimaryIsNotTheChoosenAdapter PrimaryIsNotTheChoosenAdapter PrimaryIsNotTheChoosenAdapter FoundDriverCount:4 
[2018.09.21-22.46.03:100][  0]LogD3D11RHI:     Adapter Name: NVIDIA GeForce GTX 1070
[2018.09.21-22.46.03:100][  0]LogD3D11RHI:   Driver Version: 385.14 (internal:22.21.13.8514, unified:385.14)
[2018.09.21-22.46.03:100][  0]LogD3D11RHI:      Driver Date: 7-30-2017
[2018.09.21-22.46.03:100][  0]LogRHI: Texture pool is 5651 MB (70% of 8074 MB)
[2018.09.21-22.46.03:122][  0]LogD3D11RHI: Async texture creation enabled
[2018.09.21-22.46.03:134][  0]LogD3D11RHI: GPU Timing Frequency: 1000.000000 (Debug: 2 1)
[2018.09.21-22.46.03:181][  0]LogShaderCompilers: Guid format shader working directory is -1 characters bigger than the processId version (../../../../../GameDev/_Projects/A.S.H/ASH_Game/Intermediate/Shaders/WorkingDirectory/9664/).
[2018.09.21-22.46.03:181][  0]LogShaderCompilers: Cleaned the shader compiler working directory 'C:/Users/alex1/AppData/Local/Temp/UnrealShaderWorkingDir/7D32840543E4493BA88C1C8000207445/'.
[2018.09.21-22.46.03:441][  0]LogTemp: Display: Loaded TP AllDesktopTargetPlatform
[2018.09.21-22.46.03:454][  0]LogTemp: Display: Loaded TP MacClientTargetPlatform
[2018.09.21-22.46.03:467][  0]LogTemp: Display: Loaded TP MacNoEditorTargetPlatform
[2018.09.21-22.46.03:480][  0]LogTemp: Display: Loaded TP MacServerTargetPlatform
[2018.09.21-22.46.03:493][  0]LogTemp: Display: Loaded TP MacTargetPlatform
[2018.09.21-22.46.03:506][  0]LogTemp: Display: Loaded TP WindowsClientTargetPlatform
[2018.09.21-22.46.03:520][  0]LogTemp: Display: Loaded TP WindowsNoEditorTargetPlatform
[2018.09.21-22.46.03:534][  0]LogTemp: Display: Loaded TP WindowsServerTargetPlatform
[2018.09.21-22.46.03:540][  0]LogTemp: Display: Loaded TP WindowsTargetPlatform
[2018.09.21-22.46.03:622][  0]LogTemp: Display: Loaded TP AndroidTargetPlatform
[2018.09.21-22.46.03:623][  0]LogTemp: Display: Loaded TP AndroidTargetPlatform
[2018.09.21-22.46.03:623][  0]LogTemp: Display: Loaded TP AndroidTargetPlatform
[2018.09.21-22.46.03:623][  0]LogTemp: Display: Loaded TP AndroidTargetPlatform
[2018.09.21-22.46.03:623][  0]LogTemp: Display: Loaded TP AndroidTargetPlatform
[2018.09.21-22.46.03:623][  0]LogTemp: Display: Loaded TP AndroidTargetPlatform
[2018.09.21-22.46.03:623][  0]LogTemp: Display: Loaded TP AndroidTargetPlatform
[2018.09.21-22.46.03:623][  0]LogTemp: Display: Loaded TP AndroidTargetPlatform
[2018.09.21-22.46.03:623][  0]LogTemp: Display: Loaded TP AndroidTargetPlatform
[2018.09.21-22.46.03:623][  0]LogTemp: Display: Loaded TP AndroidTargetPlatform
[2018.09.21-22.46.03:623][  0]LogTemp: Display: Loaded TP AndroidTargetPlatform
[2018.09.21-22.46.03:623][  0]LogTemp: Display: Loaded TP AndroidTargetPlatform
[2018.09.21-22.46.03:623][  0]LogTemp: Display: Loaded TP AndroidTargetPlatform
[2018.09.21-22.46.03:623][  0]LogTemp: Display: Loaded TP AndroidTargetPlatform
[2018.09.21-22.46.03:623][  0]LogTemp: Display: Loaded TP AndroidTargetPlatform
[2018.09.21-22.46.03:623][  0]LogTemp: Display: Loaded TP AndroidTargetPlatform
[2018.09.21-22.46.03:623][  0]LogTemp: Display: Loaded TP AndroidTargetPlatform
[2018.09.21-22.46.03:623][  0]LogTemp: Display: Loaded TP AndroidTargetPlatform
[2018.09.21-22.46.03:624][  0]LogTemp: Display: Loaded TP HTML5TargetPlatform
[2018.09.21-22.46.03:685][  0]LogTemp: Display: Loaded TP IOSTargetPlatform
[2018.09.21-22.46.03:685][  0]LogTemp: Display: Loaded TP IOSTargetPlatform
[2018.09.21-22.46.03:710][  0]LogTemp: Display: Loaded TP TVOSTargetPlatform
[2018.09.21-22.46.03:710][  0]LogTemp: Display: Loaded TP TVOSTargetPlatform
[2018.09.21-22.46.03:722][  0]LogTemp: Display: Loaded TP LinuxClientTargetPlatform
[2018.09.21-22.46.03:736][  0]LogTemp: Display: Loaded TP LinuxNoEditorTargetPlatform
[2018.09.21-22.46.03:749][  0]LogTemp: Display: Loaded TP LinuxServerTargetPlatform
[2018.09.21-22.46.03:764][  0]LogTemp: Display: Loaded TP LinuxTargetPlatform
[2018.09.21-22.46.03:774][  0]LogTemp: Display: Loaded TP LuminTargetPlatform
[2018.09.21-22.46.03:774][  0]LogTargetPlatformManager: Display: Building Assets For Windows
[2018.09.21-22.46.03:818][  0]LogXGEController: Cannot use XGE Controller as Incredibuild is not installed on this machine.
[2018.09.21-22.46.03:818][  0]LogShaderCompilers: Cannot use XGE Shader Compiler as Incredibuild is not installed on this machine.
[2018.09.21-22.46.03:818][  0]LogShaderCompilers: Display: Using Local Shader Compiler.
[2018.09.21-22.46.04:651][  0]LogDerivedDataCache: Display: Max Cache Size: 512 MB
[2018.09.21-22.46.04:711][  0]LogDerivedDataCache: Loaded boot cache 0.06s 71MB C:/Users/alex1/AppData/Local/UnrealEngine/4.20/DerivedDataCache/Boot.ddc.
[2018.09.21-22.46.04:711][  0]LogDerivedDataCache: Display: Loaded Boot cache: C:/Users/alex1/AppData/Local/UnrealEngine/4.20/DerivedDataCache/Boot.ddc
[2018.09.21-22.46.04:711][  0]LogDerivedDataCache: FDerivedDataBackendGraph:  Pak pak cache file ../../../../../GameDev/_Projects/A.S.H/ASH_Game/DerivedDataCache/DDC.ddp not found, will not use a pak cache.
[2018.09.21-22.46.04:711][  0]LogDerivedDataCache: Unable to find inner node Pak for hierarchical cache Hierarchy.
[2018.09.21-22.46.04:711][  0]LogDerivedDataCache: FDerivedDataBackendGraph:  CompressedPak pak cache file ../../../../../GameDev/_Projects/A.S.H/ASH_Game/DerivedDataCache/Compressed.ddp not found, will not use a pak cache.
[2018.09.21-22.46.04:711][  0]LogDerivedDataCache: Unable to find inner node CompressedPak for hierarchical cache Hierarchy.
[2018.09.21-22.46.04:726][  0]LogDerivedDataCache: Display: Pak cache opened for reading ../../../Engine/DerivedDataCache/Compressed.ddp.
[2018.09.21-22.46.04:739][  0]LogDerivedDataCache: Using Local data cache path C:/Users/alex1/AppData/Local/UnrealEngine/Common/DerivedDataCache: Writable
[2018.09.21-22.46.04:739][  0]LogDerivedDataCache: Shared data cache path not found in *engine.ini, will not use an Shared cache.
[2018.09.21-22.46.04:739][  0]LogDerivedDataCache: Unable to find inner node Shared for hierarchical cache Hierarchy.
[2018.09.21-22.46.04:759][  0]LogMaterial: Verifying Global Shaders for PCD3D_SM5
[2018.09.21-22.46.04:761][  0]LogSlate: Using FreeType 2.6.0
[2018.09.21-22.46.04:761][  0]LogSlate: SlateFontServices - WITH_FREETYPE: 1, WITH_HARFBUZZ: 1
[2018.09.21-22.46.04:838][  0]LogAssetRegistry: FAssetRegistry took 0.0265 seconds to start up
[2018.09.21-22.46.05:204][  0]LogInit: Selected Device Profile: [Windows]
[2018.09.21-22.46.05:344][  0]LogSimplygon: Simplygon DLL not present - disabling.
[2018.09.21-22.46.05:347][  0]LogMeshReduction: Using SimplygonSwarm for distributed automatic mesh merging
[2018.09.21-22.46.05:347][  0]LogMeshReduction: Using ProxyLODMeshReduction for automatic mesh merging
[2018.09.21-22.46.05:347][  0]LogMeshReduction: Using QuadricMeshReduction for automatic static mesh reduction
[2018.09.21-22.46.05:347][  0]LogMeshReduction: No automatic skeletal mesh reduction module available
[2018.09.21-22.46.05:372][  0]LogNetVersion: ASH_Game 1.0.0, NetCL: 4212847, EngineNetVer: 5, GameNetVer: 0 (Checksum: 1471675654)
[2018.09.21-22.46.05:987][  0]LogPackageLocalizationCache: Processed 11 localized package path(s) for 2 prioritized culture(s) in 0.110493 seconds
[2018.09.21-22.46.05:995][  0]LogUObjectArray: 38425 objects as part of root set at end of initial load.
[2018.09.21-22.46.05:995][  0]LogUObjectAllocator: 6690864 out of 0 bytes used by permanent object pool.
[2018.09.21-22.46.05:995][  0]LogUObjectArray: CloseDisregardForGC: 0/0 objects in disregard for GC pool
[2018.09.21-22.46.06:829][  0]LogTcpMessaging: Initializing TcpMessaging bridge
[2018.09.21-22.46.06:843][  0]LogUdpMessaging: Initializing bridge on interface 0.0.0.0:0 to multicast group 230.0.0.1:6666.
[2018.09.21-22.46.07:010][  0]SourceControl: Source control is disabled
[2018.09.21-22.46.07:010][  0]SourceControl: Source control is disabled
[2018.09.21-22.46.07:011][  0]SourceControl: Source control is disabled
[2018.09.21-22.46.07:012][  0]SourceControl: Source control is disabled
[2018.09.21-22.46.07:172][  0]LogAndroidPermission: UAndroidPermissionCallbackProxy::GetInstance
[2018.09.21-22.46.07:226][  0]LogOcInput: OculusInput pre-init called
[2018.09.21-22.46.07:286][  0]LogEngine: Initializing Engine...
[2018.09.21-22.46.07:287][  0]LogHMD: Failed to initialize OpenVR with code 110
[2018.09.21-22.46.07:288][  0]LogStats: UGameplayTagsManager::ConstructGameplayTagTree: ImportINI prefixes -  0.000 s
[2018.09.21-22.46.07:288][  0]LogStats: UGameplayTagsManager::ConstructGameplayTagTree: Construct from data asset -  0.000 s
[2018.09.21-22.46.07:289][  0]LogStats: UGameplayTagsManager::ConstructGameplayTagTree: ImportINI -  0.000 s
[2018.09.21-22.46.07:289][  0]LogStats: UGameplayTagsManager::ConstructGameplayTagTree: GameplayTagTreeChangedEvent.Broadcast -  0.000 s
[2018.09.21-22.46.07:522][  0]LogInit: Initializing FReadOnlyCVARCache
[2018.09.21-22.46.07:534][  0]LogAIModule: Creating AISystem for world Untitled
[2018.09.21-22.46.07:563][  0]LogInit: XAudio2 using 'Speakers / Headphones (Realtek Audio)' : 6 channels at 48 kHz using 32 bits per sample (channel mask 0x3f)
[2018.09.21-22.46.08:069][  0]LogInit: FAudioDevice initialized.
[2018.09.21-22.46.08:070][  0]LogNetVersion: Set ProjectVersion to 1.0.0.0. Version Checksum will be recalculated on next use.
[2018.09.21-22.46.08:160][  0]LogDerivedDataCache: Saved boot cache 0.09s 71MB C:/Users/alex1/AppData/Local/UnrealEngine/4.20/DerivedDataCache/Boot.ddc.
[2018.09.21-22.46.08:174][  0]LogInit: Texture streaming: Enabled
[2018.09.21-22.46.08:188][  0]LogEngineSessionManager: EngineSessionManager initialized
[2018.09.21-22.46.08:208][  0]LogInit: Transaction tracking system initialized
[2018.09.21-22.46.08:224][  0]BlueprintLog: New page: Editor Load
[2018.09.21-22.46.08:287][  0]LocalizationService: Localization service is disabled
[2018.09.21-22.46.08:577][  0]LogCook: Display: Max memory allowance for cook 16384mb min free memory 0mb
[2018.09.21-22.46.08:577][  0]LogCook: Display: Mobile HDR setting 1
[2018.09.21-22.46.08:577][  0]LogGameplayTags: Display: UGameplayTagsManager::DoneAddingNativeTags. DelegateIsBound: 0
[2018.09.21-22.46.08:577][  0]LogStats: UGameplayTagsManager::ConstructGameplayTagTree: ImportINI prefixes -  0.000 s
[2018.09.21-22.46.08:577][  0]LogStats: UGameplayTagsManager::ConstructGameplayTagTree: Construct from data asset -  0.000 s
[2018.09.21-22.46.08:577][  0]LogStats: UGameplayTagsManager::ConstructGameplayTagTree: ImportINI -  0.000 s
[2018.09.21-22.46.08:577][  0]LogStats: UGameplayTagsManager::ConstructGameplayTagTree: GameplayTagTreeChangedEvent.Broadcast -  0.000 s
[2018.09.21-22.46.08:674][  0]LogFileCache: Scanning file cache for directory 'D:/GameDev/_Projects/A.S.H/ASH_Game/Content/' took 0.03s
[2018.09.21-22.46.08:674][  0]SourceControl: Source control is disabled
[2018.09.21-22.46.08:674][  0]Cmd: MAP LOAD FILE="../../../../../GameDev/_Projects/A.S.H/ASH_Game/Content/MapGenerator_Mike/MapGenerator.umap" TEMPLATE=0 SHOWPROGRESS=1 FEATURELEVEL=3
[2018.09.21-22.46.08:703][  0]LightingResults: New page: Lighting Build
[2018.09.21-22.46.08:705][  0]MapCheck: New page: Map Check
[2018.09.21-22.46.08:705][  0]LightingResults: New page: Lighting Build
[2018.09.21-22.46.09:606][  0]LogMaterial: Display: Missing cached shader map for material NavigationTile, compiling. 
[2018.09.21-22.46.09:769][  0]LogMaterial: Display: Missing cached shader map for material LifeSupportTile, compiling. 
[2018.09.21-22.46.09:809][  0]LogShaderCompilers: Display: Shaders left to compile 61
[2018.09.21-22.46.09:809][  0]LogShaderCompilers: Display: Shaders left to compile 51
[2018.09.21-22.46.09:809][  0]LogShaderCompilers: Display: Shaders left to compile 41
[2018.09.21-22.46.09:809][  0]LogShaderCompilers: Display: Shaders left to compile 31
[2018.09.21-22.46.09:809][  0]LogShaderCompilers: Display: Shaders left to compile 21
[2018.09.21-22.46.09:809][  0]LogMaterial: Display: Missing cached shader map for material ColdStorageTile, compiling. 
[2018.09.21-22.46.09:901][  0]LogAIModule: Creating AISystem for world MapGenerator
[2018.09.21-22.46.09:907][  0]LogEditorServer: Finished looking for orphan Actors (0.000 secs)
[2018.09.21-22.46.09:932][  0]Cmd: MAP CHECKDEP NOCLEARLOG
[2018.09.21-22.46.09:991][  0]MapCheck: Map check complete: 0 Error(s), 0 Warning(s), took 58.467ms to complete.
[2018.09.21-22.46.09:991][  0]LogFileHelpers: Loading map 'MapGenerator' took 1.317
[2018.09.21-22.46.10:998][  0]LogSlate: Updating window title bar state: overlay mode, drag disabled, window buttons hidden, title bar hidden
[2018.09.21-22.46.11:023][  0]LogSlate: Updating window title bar state: overlay mode, drag disabled, window buttons hidden, title bar hidden
[2018.09.21-22.46.11:033][  0]LogSlate: Updating window title bar state: overlay mode, drag disabled, window buttons hidden, title bar hidden
[2018.09.21-22.46.11:043][  0]LogSlate: Updating window title bar state: overlay mode, drag disabled, window buttons hidden, title bar hidden
[2018.09.21-22.46.11:185][  0]LogCollectionManager: Loaded 0 collections in 0.001044 seconds
[2018.09.21-22.46.11:391][  0]LogFileCache: Scanning file cache for directory 'D:/GameDev/_Projects/A.S.H/ASH_Game/Saved/Collections/' took 0.01s
[2018.09.21-22.46.11:391][  0]LogFileCache: Scanning file cache for directory 'D:/GameDev/_Projects/A.S.H/ASH_Game/Content/Developers/alex1/Collections/' took 0.01s
[2018.09.21-22.46.11:391][  0]LogFileCache: Scanning file cache for directory 'D:/GameDev/_Projects/A.S.H/ASH_Game/Content/Collections/' took 0.01s
[2018.09.21-22.46.11:391][  0]LogCollectionManager: Rebuilt the GUID cache for 0 collections in 0.000001 seconds
[2018.09.21-22.46.11:424][  0]LogContentBrowser: Native class hierarchy populated in 0.0299 seconds. Added 2572 classes and 603 folders.
[2018.09.21-22.46.11:492][  0]LogContentBrowser: Native class hierarchy updated for 'WidgetCarousel' in 0.0003 seconds. Added 0 classes and 0 folders.
[2018.09.21-22.46.12:834][  0]LogContentBrowser: Native class hierarchy updated for 'AddContentDialog' in 0.0004 seconds. Added 0 classes and 0 folders.
[2018.09.21-22.46.12:882][  0]LogContentBrowser: Native class hierarchy updated for 'SceneOutliner' in 0.0004 seconds. Added 1 classes and 2 folders.
[2018.09.21-22.46.13:687][  0]LogSlate: Took 0.000232 seconds to synchronously load lazily loaded font '../../../Engine/Content/Slate/Fonts/Roboto-Regular.ttf' (155K)
[2018.09.21-22.46.13:697][  0]LogSlate: Took 0.000245 seconds to synchronously load lazily loaded font '../../../Engine/Content/Slate/Fonts/Roboto-Bold.ttf' (160K)
[2018.09.21-22.46.13:796][  0]LogSlate: Took 0.017171 seconds to synchronously load lazily loaded font '../../../Engine/Content/Editor/Slate/Fonts/FontAwesome.ttf' (139K)
[2018.09.21-22.46.14:054][  0]LogRenderer: Reallocating scene render targets to support 940x452 Format 10 NumSamples 1 (Frame:1).
[2018.09.21-22.46.14:466][  0]LogShaderCompilers: Display: Shaders left to compile 133
[2018.09.21-22.46.14:483][  0]LogContentBrowser: Native class hierarchy updated for 'HierarchicalLODOutliner' in 0.0003 seconds. Added 0 classes and 0 folders.
[2018.09.21-22.46.14:483][  0]LogLoad: (Engine Initialization) Total time: 14.51 seconds
[2018.09.21-22.46.14:483][  0]LogLoad: (Engine Initialization) Total Blueprint compile time: 0.00 seconds
[2018.09.21-22.46.14:494][  0]LogSlate: FSceneViewport::OnFocusLost() reason 0
[2018.09.21-22.46.14:495][  0]LogWindowsTextInputMethodSystem: Display: IME system now deactivated.
[2018.09.21-22.46.14:582][  0]LogContentStreaming: Texture pool size now 1000 MB
[2018.09.21-22.46.14:747][  1]LogRenderer: Reallocating scene render targets to support 940x468 Format 10 NumSamples 1 (Frame:2).
[2018.09.21-22.46.14:749][  1]LogFileCache: Retrieving MD5 hashes for directory 'D:/GameDev/_Projects/A.S.H/ASH_Game/Content/' took 0.24s
[2018.09.21-22.46.15:117][ 37]LogShaderCompilers: Display: Shaders left to compile 123
[2018.09.21-22.46.15:571][ 80]LogSlate: Took 0.014639 seconds to synchronously load lazily loaded font '../../../Engine/Content/Slate/Fonts/Roboto-Light.ttf' (167K)
[2018.09.21-22.46.17:330][269]LogShaderCompilers: Display: Shaders left to compile 113
[2018.09.21-22.46.17:684][308]LogShaderCompilers: Display: Shaders left to compile 103
[2018.09.21-22.46.18:010][345]LogShaderCompilers: Display: Shaders left to compile 93
[2018.09.21-22.46.21:244][714]LogShaderCompilers: Display: Shaders left to compile 83
[2018.09.21-22.46.21:732][760]LogShaderCompilers: Display: Shaders left to compile 73
[2018.09.21-22.46.23:462][948]LogShaderCompilers: Display: Shaders left to compile 63
[2018.09.21-22.46.23:994][  7]LogShaderCompilers: Display: Shaders left to compile 53
[2018.09.21-22.46.25:189][148]LogCollectionManager: Rebuilt the object cache for 0 collections in 0.000000 seconds (found 0 objects)
[2018.09.21-22.46.26:550][283]LogShaderCompilers: Display: Shaders left to compile 43
[2018.09.21-22.46.27:018][337]LogAudioDerivedData: Display: Building compressed audio format OGG hash OGG wave Afirm...
[2018.09.21-22.46.27:018][337]LogTemp: Couldn't find amount to resample to.
[2018.09.21-22.46.27:113][337]LogAudioDerivedData: Display: Updated SoundWave->RawPCMDataSize from 0 to 16152 while cooking SoundWave /Game/Sounds/UISetup/Afirm.Afirm.
[2018.09.21-22.46.27:415][366]LogShaderCompilers: Display: Shaders left to compile 33
[2018.09.21-22.46.27:989][422]LogShaderCompilers: Display: Shaders left to compile 23
[2018.09.21-22.46.28:549][482]LogAudioDerivedData: Display: Building compressed audio format OGG hash OGG wave Affirm3...
[2018.09.21-22.46.28:549][482]LogTemp: Couldn't find amount to resample to.
[2018.09.21-22.46.28:556][482]LogAudioDerivedData: Display: Updated SoundWave->RawPCMDataSize from 0 to 7152 while cooking SoundWave /Game/Sounds/UISetup/Affirm3.Affirm3.
[2018.09.21-22.46.29:384][568]LogShaderCompilers: Display: Shaders left to compile 13
[2018.09.21-22.46.29:559][588]LogAudioDerivedData: Display: Building compressed audio format OGG hash OGG wave Affirm2...
[2018.09.21-22.46.29:559][588]LogTemp: Couldn't find amount to resample to.
[2018.09.21-22.46.29:569][588]LogAudioDerivedData: Display: Updated SoundWave->RawPCMDataSize from 0 to 15960 while cooking SoundWave /Game/Sounds/UISetup/Affirm2.Affirm2.
[2018.09.21-22.46.30:768][706]LogAudioDerivedData: Display: Building compressed audio format OGG hash OGG wave Back...
[2018.09.21-22.46.30:768][706]LogTemp: Couldn't find amount to resample to.
[2018.09.21-22.46.30:782][706]LogAudioDerivedData: Display: Updated SoundWave->RawPCMDataSize from 0 to 52448 while cooking SoundWave /Game/Sounds/UISetup/Back.Back.
[2018.09.21-22.46.31:328][769]LogShaderCompilers: Display: Shaders left to compile 3
[2018.09.21-22.46.33:460][ 21]LogAssetRegistry: Asset discovery search completed in 28.6454 seconds
[2018.09.21-22.46.33:463][ 21]LogCollectionManager: Fixed up redirectors for 0 collections in 0.000009 seconds (updated 0 objects)
[2018.09.21-22.47.10:137][188]LogTexture: Display: Building textures: Minimap_Arrow (BGRA8, 16X18)
[2018.09.21-22.47.10:137][188]LogTexture: Display: Building textures: HealthBar (AutoDXT, 1920X1080)
[2018.09.21-22.47.10:138][188]LogMaterial: Display: Missing cached shader map for material MinMap, compiling. 
[2018.09.21-22.47.10:161][188]LogShaderCompilers: Display: Shaders left to compile 14
[2018.09.21-22.47.10:161][188]LogShaderCompilers: Display: Shaders left to compile 4
[2018.09.21-22.47.10:213][188]LogAssetEditorManager: Opening Asset editor for WidgetBlueprint /Game/UI-Rick/FirstPersonHUD.FirstPersonHUD
[2018.09.21-22.47.11:043][188]LogContentBrowser: Native class hierarchy updated for 'BlueprintGraph' in 0.0007 seconds. Added 116 classes and 0 folders.
[2018.09.21-22.47.12:675][188]LogSlate: Took 0.010854 seconds to synchronously load lazily loaded font '../../../Engine/Content/Slate/Fonts/Roboto-BoldCondensed.ttf' (158K)
[2018.09.21-22.47.29:339][779]LogSlate: Window 'FirstPersonHUD' being destroyed
[2018.09.21-22.47.29:344][779]LogSlate: Window 'FirstPersonHUD' being destroyed
[2018.09.21-22.47.31:167][859]LogTexture: Display: Building textures: AshTitle (AutoDXT, 1920X1080)
[2018.09.21-22.47.31:167][859]LogTexture: Display: Building textures: LevelSelect (AutoDXT, 1920X1080)
[2018.09.21-22.47.31:185][859]LogAssetEditorManager: Opening Asset editor for WidgetBlueprint /Game/UI-Rick/LevelSelectWB.LevelSelectWB
[2018.09.21-22.47.45:990][ 90]LogEditorTransaction: Undo Move Node
[2018.09.21-22.48.22:004][512]LogSlate: Took 0.048701 seconds to synchronously load lazily loaded font '../../../Engine/Content/Slate/Fonts/Roboto-Italic.ttf' (157K)
[2018.09.21-22.48.30:969][280]LogSlate: Window 'LevelSelectWB*' being destroyed
[2018.09.21-22.48.30:975][280]LogSlate: Window 'LevelSelectWB*' being destroyed
[2018.09.21-22.48.35:652][819]LogAssetEditorManager: Opening Asset editor for WidgetBlueprint /Game/UI-Rick/MainMenuWB.MainMenuWB
[2018.09.21-22.49.09:909][202]BlueprintLog: New page: Compile MainMenuWB
[2018.09.21-22.49.11:109][307]Cmd: OBJ SAVEPACKAGE PACKAGE="/Game/UI-Rick/MainMenuWB" FILE="../../../../../GameDev/_Projects/A.S.H/ASH_Game/Content/UI-Rick/MainMenuWB.uasset" SILENT=true
[2018.09.21-22.49.11:187][307]LogSavePackage: Moving '../../../../../GameDev/_Projects/A.S.H/ASH_Game/Saved/MainMenuWB3E9864234E313428748BEE80772E3AA2.tmp' to '../../../../../GameDev/_Projects/A.S.H/ASH_Game/Content/UI-Rick/MainMenuWB.uasset'
[2018.09.21-22.49.16:678][921]LogTemp: Repeating last play command: New Editor Window (PIE)
[2018.09.21-22.49.16:753][921]LogBlueprintUserMessages: Early PlayInEditor Detection: Level '/Game/MapGenerator_Mike/MapGenerator.MapGenerator:PersistentLevel' has LevelScriptBlueprint '/Game/MapGenerator_Mike/MapGenerator.MapGenerator:PersistentLevel.MapGenerator' with GeneratedClass '/Game/MapGenerator_Mike/MapGenerator.MapGenerator_C' with ClassGeneratedBy '/Game/MapGenerator_Mike/MapGenerator.MapGenerator:PersistentLevel.MapGenerator'
[2018.09.21-22.49.16:753][921]BlueprintLog: New page: Pre-Play auto-recompile
[2018.09.21-22.49.16:817][921]LogPlayLevel: [PlayLevel] Compiling LevelSelectWB before play...
[2018.09.21-22.49.16:962][921]LogPlayLevel: PlayLevel: Blueprint regeneration took 209 ms (1 blueprints)
[2018.09.21-22.49.16:999][921]PIE: New page: PIE session: MapGenerator (Sep 21, 2018, 2:49:16 PM)
[2018.09.21-22.49.16:999][921]LogPlayLevel: Creating play world package: /Game/MapGenerator_Mike/UEDPIE_0_MapGenerator
[2018.09.21-22.49.17:010][921]LogPlayLevel: PIE: StaticDuplicateObject took: (0.011608s)
[2018.09.21-22.49.17:011][921]LogAIModule: Creating AISystem for world MapGenerator
[2018.09.21-22.49.17:012][921]LogPlayLevel: PIE: World Init took: (0.000949s)
[2018.09.21-22.49.17:012][921]LogPlayLevel: PIE: Created PIE world by copying editor world from /Game/MapGenerator_Mike/MapGenerator.MapGenerator to /Game/MapGenerator_Mike/UEDPIE_0_MapGenerator.MapGenerator (0.012814s)
[2018.09.21-22.49.17:043][921]LogInit: XAudio2 using 'Speakers / Headphones (Realtek Audio)' : 6 channels at 48 kHz using 32 bits per sample (channel mask 0x3f)
[2018.09.21-22.49.17:108][921]LogInit: FAudioDevice initialized.
[2018.09.21-22.49.17:120][921]LogSlate: Updating window title bar state: overlay mode, drag disabled, window buttons hidden, title bar hidden
[2018.09.21-22.49.17:966][921]LogBlueprint: Warning: [Compiler PlayerCharacterAnim_BP] Could not find a variable named "IsHealing" in 'TopDownCharacter_C'.
Make sure 'TopDownCharacter_C' has been compiled for  Get IsHealing
[2018.09.21-22.49.17:973][921]LogBlueprint: Warning: [Compiler PlayerCharacterAnim_BP] Could not find a variable named "IsHealing" in 'TopDownCharacter_C'.
Make sure 'TopDownCharacter_C' has been compiled for  Get IsHealing
[2018.09.21-22.49.17:995][921]LogBlueprint: Warning: [Compiler TopDownCharacter] InputAction Event references unknown Action 'flashLight' for  InputAction flashLight
[2018.09.21-22.49.18:002][921]LogBlueprint: Warning: [Compiler TopDownCharacter] InputAction Event references unknown Action 'ResetVR' for  InputAction ResetVR
[2018.09.21-22.49.18:012][921]LogBlueprint: Error: [Compiler PlayerCharacterAnim_BP] The property associated with  Is Healing  could not be found in '/Game/TopDownBP/Blueprints/Assets/PlayerCharacter/PlayerCharacterAnim_BP.PlayerCharacterAnim_BP_C'
[2018.09.21-22.49.18:045][921]LogBlueprint: Warning: [Compiler PlayerCharacterAnim_BP] [0198.07] Compile of PlayerCharacterAnim_BP failed. 1 Fatal Issue(s) 2 Warning(s) [in 190 ms] (/Game/TopDownBP/Blueprints/Assets/PlayerCharacter/PlayerCharacterAnim_BP.PlayerCharacterAnim_BP)
[2018.09.21-22.49.18:045][921]LogBlueprint: Warning: [Compiler TopDownCharacter] [0198.07] Compile of TopDownCharacter successful, but with 2 Warning(s) [in 189 ms] (/Game/TopDownBP/Blueprints/TopDownCharacter.TopDownCharacter)
[2018.09.21-22.49.18:692][921]LogTexture: Display: Building textures: 62844 (BGRA8, 350X333)
[2018.09.21-22.49.18:692][921]LogTexture: Display: Building textures: WeaponBar (AutoDXT, 1920X1080)
[2018.09.21-22.49.18:692][921]LogTexture: Display: Building textures: shooting-clipart-pointer (AutoDXT, 980X980)
[2018.09.21-22.49.18:692][921]LogTexture: Display: Building textures: vanguard_specular (AutoDXT, 1024X1024)
[2018.09.21-22.49.18:692][921]LogTexture: Display: Building textures: vanguard_normal (BC5, 1024X1024)
[2018.09.21-22.49.18:692][921]LogTexture: Display: Building textures: vanguard_diffuse (AutoDXT, 1024X1024)
[2018.09.21-22.49.18:692][921]LogAnimationCompression: Building Anim DDC data for AnimSequence /Game/TopDownBP/Blueprints/Assets/PlayerCharacter/Givingitem_Anim.Givingitem_Anim
[2018.09.21-22.49.18:692][921]LogAnimationCompression: Recompressing (AnimSequence /Game/TopDownBP/Blueprints/Assets/PlayerCharacter/Givingitem_Anim.Givingitem_Anim) using current/default (AnimCompress_BitwiseCompressOnly_0) bFirstRecompressUsingCurrentOrDefault(1) bTryAlternateCompressor(0) IsCompressedDataValid(0)
[2018.09.21-22.49.18:696][921]LogAnimationCompression: Building Anim DDC data for AnimSequence /Game/TopDownBP/Blueprints/Assets/PlayerCharacter/Idle_Anim.Idle_Anim
[2018.09.21-22.49.18:697][921]LogAnimationCompression: Recompressing (AnimSequence /Game/TopDownBP/Blueprints/Assets/PlayerCharacter/Idle_Anim.Idle_Anim) using current/default (AnimCompress_BitwiseCompressOnly_0) bFirstRecompressUsingCurrentOrDefault(1) bTryAlternateCompressor(0) IsCompressedDataValid(0)
[2018.09.21-22.49.18:714][921]LogAnimationCompression: Building Anim DDC data for AnimSequence /Game/TopDownBP/Blueprints/Assets/PlayerCharacter/Picking_Up_Anim.Picking_Up_Anim
[2018.09.21-22.49.18:714][921]LogAnimationCompression: Recompressing (AnimSequence /Game/TopDownBP/Blueprints/Assets/PlayerCharacter/Picking_Up_Anim.Picking_Up_Anim) using current/default (AnimCompress_BitwiseCompressOnly_0) bFirstRecompressUsingCurrentOrDefault(1) bTryAlternateCompressor(0) IsCompressedDataValid(0)
[2018.09.21-22.49.18:720][921]LogAnimationCompression: Building Anim DDC data for AnimSequence /Game/TopDownBP/Blueprints/Assets/PlayerCharacter/Running_Anim.Running_Anim
[2018.09.21-22.49.18:720][921]LogAnimationCompression: Recompressing (AnimSequence /Game/TopDownBP/Blueprints/Assets/PlayerCharacter/Running_Anim.Running_Anim) using current/default (AnimCompress_BitwiseCompressOnly_0) bFirstRecompressUsingCurrentOrDefault(1) bTryAlternateCompressor(0) IsCompressedDataValid(0)
[2018.09.21-22.49.18:932][921]LogSkeletalMesh: Building Skeletal Mesh vanguard-TPose...
[2018.09.21-22.49.18:981][921]LogSkeletalMesh: Built Skeletal Mesh [0.05s] /Game/TopDownBP/Blueprints/Assets/PlayerCharacter/vanguard-TPose.vanguard-TPose
[2018.09.21-22.49.19:498][921]LogMaterial: Display: Missing cached shader map for material VanguardBodyMat, compiling. 
[2018.09.21-22.49.19:530][921]LogMaterial: Display: Missing cached shader map for material Vanguard_VisorMat, compiling. 
[2018.09.21-22.49.19:804][921]LogShaderCompilers: Display: Shaders left to compile 60
[2018.09.21-22.49.19:804][921]LogShaderCompilers: Display: Shaders left to compile 50
[2018.09.21-22.49.19:804][921]LogShaderCompilers: Display: Shaders left to compile 40
[2018.09.21-22.49.19:804][921]LogShaderCompilers: Display: Shaders left to compile 30
[2018.09.21-22.49.19:804][921]LogAnimationCompression: Building Anim DDC data for AnimSequence /Game/TopDownBP/Blueprints/Assets/PlayerCharacter/Drinking_Anim.Drinking_Anim
[2018.09.21-22.49.19:804][921]LogAnimationCompression: Recompressing (AnimSequence /Game/TopDownBP/Blueprints/Assets/PlayerCharacter/Drinking_Anim.Drinking_Anim) using current/default (AnimCompress_BitwiseCompressOnly_0) bFirstRecompressUsingCurrentOrDefault(1) bTryAlternateCompressor(0) IsCompressedDataValid(0)
[2018.09.21-22.49.19:828][921]LogAnimationCompression: Building Anim DDC data for AnimSequence /Game/TopDownBP/Blueprints/Assets/PlayerCharacter/Walking_Anim.Walking_Anim
[2018.09.21-22.49.19:829][921]LogAnimationCompression: Recompressing (AnimSequence /Game/TopDownBP/Blueprints/Assets/PlayerCharacter/Walking_Anim.Walking_Anim) using current/default (AnimCompress_BitwiseCompressOnly_0) bFirstRecompressUsingCurrentOrDefault(1) bTryAlternateCompressor(0) IsCompressedDataValid(0)
[2018.09.21-22.49.20:028][921]LogLoad: Game class is 'TopDownGameMode_C'
[2018.09.21-22.49.20:029][921]LogWorld: Bringing World /Game/MapGenerator_Mike/UEDPIE_0_MapGenerator.MapGenerator up for play (max tick rate 0) at 2018.09.21-18.49.20
[2018.09.21-22.49.20:052][921]LogWorld: Bringing up level for play took: 0.022794
[2018.09.21-22.49.20:574][921]LogContentBrowser: Native class hierarchy updated for 'MovieSceneCapture' in 0.0006 seconds. Added 10 classes and 0 folders.
[2018.09.21-22.49.20:659][921]LogBlueprintUserMessages: [MapGenerator_BP_4] LIFESUPPORT
[2018.09.21-22.49.20:674][921]LogBlueprintUserMessages: [MapGenerator_BP_4] COLDSTORAGE
[2018.09.21-22.49.20:679][921]LogBlueprintUserMessages: [MapGenerator_BP_4] NAVIGATION
[2018.09.21-22.49.20:680][921]LogBlueprintUserMessages: [MapGenerator_BP_4] REACTOR
[2018.09.21-22.49.20:701][921]PIE: Play in editor start time for /Game/MapGenerator_Mike/UEDPIE_0_MapGenerator 4.35
[2018.09.21-22.49.20:708][921]LogBlueprintUserMessages: Late PlayInEditor Detection: Level '/Game/MapGenerator_Mike/MapGenerator.MapGenerator:PersistentLevel' has LevelScriptBlueprint '/Game/MapGenerator_Mike/MapGenerator.MapGenerator:PersistentLevel.MapGenerator' with GeneratedClass '/Game/MapGenerator_Mike/MapGenerator.MapGenerator_C' with ClassGeneratedBy '/Game/MapGenerator_Mike/MapGenerator.MapGenerator:PersistentLevel.MapGenerator'
[2018.09.21-22.49.20:921][921]LogRenderer: Reallocating scene render targets to support 940x480 Format 10 NumSamples 1 (Frame:1).
[2018.09.21-22.49.21:005][922]LogNet: Browse: /Game/MapGenerator_Mike/MapGenerator
[2018.09.21-22.49.21:015][922]LogLoad: LoadMap: /Game/MapGenerator_Mike/MapGenerator
[2018.09.21-22.49.21:132][922]LogPlayLevel: Creating play world package: /Game/MapGenerator_Mike/UEDPIE_0_MapGenerator
[2018.09.21-22.49.21:134][922]LogPlayLevel: PIE: StaticDuplicateObject took: (0.002132s)
[2018.09.21-22.49.21:135][922]LogAIModule: Creating AISystem for world MapGenerator
[2018.09.21-22.49.21:135][922]LogPlayLevel: PIE: World Init took: (0.000877s)
[2018.09.21-22.49.21:135][922]LogPlayLevel: PIE: Created PIE world by copying editor world from /Game/MapGenerator_Mike/MapGenerator.MapGenerator to /Game/MapGenerator_Mike/UEDPIE_0_MapGenerator.MapGenerator (0.003336s)
[2018.09.21-22.49.21:135][922]LogLoad: Game class is 'TopDownGameMode_C'
[2018.09.21-22.49.21:137][922]LogWorld: Bringing World /Game/MapGenerator_Mike/UEDPIE_0_MapGenerator.MapGenerator up for play (max tick rate 0) at 2018.09.21-18.49.21
[2018.09.21-22.49.21:137][922]LogWorld: Bringing up level for play took: 0.000739
[2018.09.21-22.49.21:137][922]LogGameMode: FindPlayerStart: PATHS NOT DEFINED or NO PLAYERSTART with positive rating
[2018.09.21-22.49.21:139][922]LogBlueprintUserMessages: [MapGenerator_BP_4] REACTOR
[2018.09.21-22.49.21:139][922]LogBlueprintUserMessages: [MapGenerator_BP_4] COLDSTORAGE
[2018.09.21-22.49.21:154][922]LogLoad: Took 0.138668 seconds to LoadMap(/Game/MapGenerator_Mike/UEDPIE_0_MapGenerator)
[2018.09.21-22.49.21:190][923]LogNet: Browse: /Game/MapGenerator_Mike/MapGenerator
[2018.09.21-22.49.21:190][923]LogLoad: LoadMap: /Game/MapGenerator_Mike/MapGenerator
[2018.09.21-22.49.21:227][923]LogPlayLevel: Creating play world package: /Game/MapGenerator_Mike/UEDPIE_0_MapGenerator
[2018.09.21-22.49.21:229][923]LogPlayLevel: PIE: StaticDuplicateObject took: (0.002025s)
[2018.09.21-22.49.21:230][923]LogAIModule: Creating AISystem for world MapGenerator
[2018.09.21-22.49.21:230][923]LogPlayLevel: PIE: World Init took: (0.000869s)
[2018.09.21-22.49.21:230][923]LogPlayLevel: PIE: Created PIE world by copying editor world from /Game/MapGenerator_Mike/MapGenerator.MapGenerator to /Game/MapGenerator_Mike/UEDPIE_0_MapGenerator.MapGenerator (0.003108s)
[2018.09.21-22.49.21:230][923]LogLoad: Game class is 'TopDownGameMode_C'
[2018.09.21-22.49.21:231][923]LogWorld: Bringing World /Game/MapGenerator_Mike/UEDPIE_0_MapGenerator.MapGenerator up for play (max tick rate 0) at 2018.09.21-18.49.21
[2018.09.21-22.49.21:232][923]LogWorld: Bringing up level for play took: 0.000715
[2018.09.21-22.49.21:232][923]LogGameMode: FindPlayerStart: PATHS NOT DEFINED or NO PLAYERSTART with positive rating
[2018.09.21-22.49.21:235][923]LogBlueprintUserMessages: [MapGenerator_BP_4] LIFESUPPORT
[2018.09.21-22.49.21:241][923]LogBlueprintUserMessages: [MapGenerator_BP_4] NAVIGATION
[2018.09.21-22.49.21:250][923]LogBlueprintUserMessages: [MapGenerator_BP_4] REACTOR
[2018.09.21-22.49.21:250][923]LogBlueprintUserMessages: [MapGenerator_BP_4] COLDSTORAGE
[2018.09.21-22.49.21:255][923]LogLoad: Took 0.064085 seconds to LoadMap(/Game/MapGenerator_Mike/UEDPIE_0_MapGenerator)
[2018.09.21-22.49.23:177][ 86]LogShaderCompilers: Display: Shaders left to compile 80
[2018.09.21-22.49.23:196][ 88]LogShaderCompilers: Display: Shaders left to compile 70
[2018.09.21-22.49.24:721][236]LogShaderCompilers: Display: Shaders left to compile 60
[2018.09.21-22.49.25:288][290]LogShaderCompilers: Display: Shaders left to compile 50
[2018.09.21-22.49.26:894][454]LogShaderCompilers: Display: Shaders left to compile 40
[2018.09.21-22.49.27:960][560]LogShaderCompilers: Display: Shaders left to compile 30
[2018.09.21-22.49.28:073][572]LogShaderCompilers: Display: Shaders left to compile 20
[2018.09.21-22.49.30:645][816]LogShaderCompilers: Display: Shaders left to compile 10
[2018.09.21-22.49.54:920][670]LogWindowsTextInputMethodSystem: Display: IME system now deactivated.
[2018.09.21-22.49.54:920][670]LogWindowsTextInputMethodSystem: Display: IME system now deactivated.
[2018.09.21-22.50.00:225][ 81]LogWindowsTextInputMethodSystem: Display: IME system now deactivated.
[2018.09.21-22.50.00:225][ 81]LogWindowsTextInputMethodSystem: Display: IME system now deactivated.
[2018.09.21-22.50.07:126][132]LogSlate: Window 'ASH_Game Game Preview Standalone (64-bit/PCD3D_SM5)' being destroyed
[2018.09.21-22.50.07:143][132]LogBlueprintUserMessages: Early EndPlayMap Detection: Level '/Game/MapGenerator_Mike/MapGenerator.MapGenerator:PersistentLevel' has LevelScriptBlueprint '/Game/MapGenerator_Mike/MapGenerator.MapGenerator:PersistentLevel.MapGenerator' with GeneratedClass '/Game/MapGenerator_Mike/MapGenerator.MapGenerator_C' with ClassGeneratedBy '/Game/MapGenerator_Mike/MapGenerator.MapGenerator:PersistentLevel.MapGenerator'
[2018.09.21-22.50.07:202][132]LogPlayLevel: Display: Shutting down PIE online subsystems
[2018.09.21-22.50.07:202][132]LogBlueprintUserMessages: Late EndPlayMap Detection: Level '/Game/MapGenerator_Mike/MapGenerator.MapGenerator:PersistentLevel' has LevelScriptBlueprint '/Game/MapGenerator_Mike/MapGenerator.MapGenerator:PersistentLevel.MapGenerator' with GeneratedClass '/Game/MapGenerator_Mike/MapGenerator.MapGenerator_C' with ClassGeneratedBy '/Game/MapGenerator_Mike/MapGenerator.MapGenerator:PersistentLevel.MapGenerator'
[2018.09.21-22.50.07:409][133]LogPlayLevel: Display: Destroying online subsystem :Context_7
[2018.09.21-22.50.13:239][632]LogTexture: Display: Building textures: Paused (AutoDXT, 1920X1080)
[2018.09.21-22.50.13:248][632]LogAssetEditorManager: Opening Asset editor for WidgetBlueprint /Game/UI-Rick/PauseMenuWB.PauseMenuWB
[2018.09.21-22.50.48:725][171]LogSlate: Window 'PauseMenuWB' being destroyed
[2018.09.21-22.50.48:732][171]LogSlate: Window 'PauseMenuWB' being destroyed
[2018.09.21-22.50.49:879][290]LogAssetEditorManager: Opening Asset editor for WidgetBlueprint /Game/UI-Rick/LevelSelectWB.LevelSelectWB
[2018.09.21-22.55.01:276][378]BlueprintLog: New page: Compile LevelSelectWB
[2018.09.21-22.55.02:078][418]Cmd: OBJ SAVEPACKAGE PACKAGE="/Game/UI-Rick/LevelSelectWB" FILE="../../../../../GameDev/_Projects/A.S.H/ASH_Game/Content/UI-Rick/LevelSelectWB.uasset" SILENT=true
[2018.09.21-22.55.02:379][418]LogSavePackage: Moving '../../../../../GameDev/_Projects/A.S.H/ASH_Game/Saved/LevelSelectWBD03061EF4D55364672B4819D654DA4A6.tmp' to '../../../../../GameDev/_Projects/A.S.H/ASH_Game/Content/UI-Rick/LevelSelectWB.uasset'
[2018.09.21-22.55.07:466][872]LogSlate: Window 'LevelSelectWB' being destroyed
[2018.09.21-22.55.07:471][872]LogSlate: Window 'LevelSelectWB' being destroyed
[2018.09.21-22.55.08:897][ 29]LogAssetEditorManager: Opening Asset editor for WidgetBlueprint /Game/UI-Rick/PauseMenuWB.PauseMenuWB
[2018.09.21-22.55.31:931][320]LogAssetEditorManager: Opening Asset editor for WidgetBlueprint /Game/UI-Rick/MainMenuWB.MainMenuWB
[2018.09.21-22.55.39:565][986]LogAIModule: Creating AISystem for world MainMenuTest
[2018.09.21-22.55.39:568][986]LogAssetEditorManager: Opening Asset editor for World /Game/UI-Rick/MainMenuTest.MainMenuTest
[2018.09.21-22.55.39:617][986]Cmd: MAP LOAD FILE="../../../../../GameDev/_Projects/A.S.H/ASH_Game/Content/UI-Rick/MainMenuTest.umap" TEMPLATE=0 SHOWPROGRESS=1 FEATURELEVEL=3
[2018.09.21-22.55.39:618][986]LightingResults: New page: Lighting Build
[2018.09.21-22.55.39:619][986]LoadErrors: New page: Loading map: MainMenuTest.umap
[2018.09.21-22.55.39:619][986]MapCheck: New page: Map Check
[2018.09.21-22.55.39:620][986]LightingResults: New page: Lighting Build
[2018.09.21-22.55.39:750][986]LogEditorServer: Finished looking for orphan Actors (0.000 secs)
[2018.09.21-22.55.39:819][986]Cmd: MAP CHECKDEP NOCLEARLOG
[2018.09.21-22.55.39:896][986]MapCheck: Map check complete: 0 Error(s), 0 Warning(s), took 76.557ms to complete.
[2018.09.21-22.55.39:896][986]LogFileHelpers: Loading map 'MainMenuTest' took 0.280
[2018.09.21-22.55.41:964][203]LogSlate: Window 'PauseMenuWB' being destroyed
[2018.09.21-22.55.42:006][203]LogSlate: Window 'ASH_Game - Unreal Editor' being destroyed
[2018.09.21-22.55.42:007][203]LogWindowsTextInputMethodSystem: Display: IME system now deactivated.
[2018.09.21-22.55.42:309][204]Cmd: QUIT_EDITOR
[2018.09.21-22.55.42:472][204]LogExit: Preparing to exit.
[2018.09.21-22.55.43:246][204]LogExit: Editor shut down
[2018.09.21-22.55.43:246][204]LogExit: Transaction tracking system shut down
[2018.09.21-22.55.43:602][204]LogExit: Object subsystem successfully closed.
[2018.09.21-22.55.43:622][204]LogShaderCompilers: Display: Shaders left to compile 0
[2018.09.21-22.55.43:626][204]LogD3D11RHI: Shutdown
[2018.09.21-22.55.43:626][204]LogD3D11RHI: CleanupD3DDevice
[2018.09.21-22.55.43:672][204]LogD3D11RHI: ~FD3D11DynamicRHI
[2018.09.21-22.55.43:697][204]LogModuleManager: Shutting down and abandoning module MovieSceneCapture (618)
[2018.09.21-22.55.43:698][204]LogModuleManager: Shutting down and abandoning module Voice (616)
[2018.09.21-22.55.43:703][204]LogModuleManager: Shutting down and abandoning module SequencerWidgets (614)
[2018.09.21-22.55.43:703][204]LogModuleManager: Shutting down and abandoning module BlueprintGraph (612)
[2018.09.21-22.55.43:703][204]LogModuleManager: Shutting down and abandoning module HierarchicalLODOutliner (610)
[2018.09.21-22.55.43:703][204]LogModuleManager: Shutting down and abandoning module SceneOutliner (608)
[2018.09.21-22.55.43:704][204]LogModuleManager: Shutting down and abandoning module AddContentDialog (606)
[2018.09.21-22.55.43:705][204]LogModuleManager: Shutting down and abandoning module WidgetCarousel (605)
[2018.09.21-22.55.43:705][204]LogModuleManager: Shutting down and abandoning module EditorWidgets (602)
[2018.09.21-22.55.43:705][204]LogModuleManager: Shutting down and abandoning module CollectionManager (600)
[2018.09.21-22.55.43:705][204]LogModuleManager: Shutting down and abandoning module StatsViewer (598)
[2018.09.21-22.55.43:705][204]LogModuleManager: Shutting down and abandoning module FoliageEdit (596)
[2018.09.21-22.55.43:705][204]LogModuleManager: Shutting down and abandoning module LandscapeEditor (594)
[2018.09.21-22.55.43:705][204]LogModuleManager: Shutting down and abandoning module MeshPaintMode (592)
[2018.09.21-22.55.43:705][204]LogModuleManager: Shutting down and abandoning module SceneDepthPickerMode (590)
[2018.09.21-22.55.43:705][204]LogModuleManager: Shutting down and abandoning module ActorPickerMode (588)
[2018.09.21-22.55.43:705][204]LogModuleManager: Shutting down and abandoning module GeometryMode (586)
[2018.09.21-22.55.43:705][204]LogModuleManager: Shutting down and abandoning module TextureAlignMode (584)
[2018.09.21-22.55.43:705][204]LogModuleManager: Shutting down and abandoning module BspMode (582)
[2018.09.21-22.55.43:705][204]LogModuleManager: Shutting down and abandoning module PIEPreviewDeviceProfileSelector (580)
[2018.09.21-22.55.43:705][204]LogModuleManager: Shutting down and abandoning module SequenceRecorderSections (578)
[2018.09.21-22.55.43:705][204]LogModuleManager: Shutting down and abandoning module AutomationWorker (576)
[2018.09.21-22.55.43:705][204]LogModuleManager: Shutting down and abandoning module AudioCaptureEditor (574)
[2018.09.21-22.55.43:705][204]LogModuleManager: Shutting down and abandoning module SequenceRecorder (573)
[2018.09.21-22.55.43:705][204]LogModuleManager: Shutting down and abandoning module MatineeToLevelSequence (570)
[2018.09.21-22.55.43:705][204]LogModuleManager: Shutting down and abandoning module LevelSequenceEditor (568)
[2018.09.21-22.55.43:706][204]LogModuleManager: Shutting down and abandoning module PlacementMode (567)
[2018.09.21-22.55.43:706][204]LogModuleManager: Shutting down and abandoning module MaterialEditor (566)
[2018.09.21-22.55.43:706][204]LogModuleManager: Shutting down and abandoning module WmfMediaFactory (562)
[2018.09.21-22.55.43:706][204]LogModuleManager: Shutting down and abandoning module WmfMediaEditor (560)
[2018.09.21-22.55.43:706][204]LogModuleManager: Shutting down and abandoning module MediaPlayerEditor (558)
[2018.09.21-22.55.43:706][204]LogModuleManager: Shutting down and abandoning module OpenExrWrapper (556)
[2018.09.21-22.55.43:706][204]LogModuleManager: Shutting down and abandoning module ImgMediaFactory (554)
[2018.09.21-22.55.43:706][204]LogModuleManager: Shutting down and abandoning module ImgMediaEditor (552)
[2018.09.21-22.55.43:706][204]LogModuleManager: Shutting down and abandoning module AvfMediaFactory (550)
[2018.09.21-22.55.43:706][204]LogModuleManager: Shutting down and abandoning module AvfMediaEditor (548)
[2018.09.21-22.55.43:706][204]LogModuleManager: Shutting down and abandoning module AndroidMediaFactory (546)
[2018.09.21-22.55.43:706][204]LogModuleManager: Shutting down and abandoning module AndroidMediaEditor (544)
[2018.09.21-22.55.43:706][204]LogModuleManager: Shutting down and abandoning module MagicLeapCameraPreviewFactory (542)
[2018.09.21-22.55.43:706][204]LogModuleManager: Shutting down and abandoning module MagicLeapMediaFactory (540)
[2018.09.21-22.55.43:706][204]LogModuleManager: Shutting down and abandoning module MagicLeapMediaEditor (538)
[2018.09.21-22.55.43:706][204]LogModuleManager: Shutting down and abandoning module CharacterAI (536)
[2018.09.21-22.55.43:706][204]LogModuleManager: Shutting down and abandoning module SmartSnapping (534)
[2018.09.21-22.55.43:706][204]LogModuleManager: Shutting down and abandoning module SessionServices (532)
[2018.09.21-22.55.43:706][204]LogModuleManager: Shutting down and abandoning module ViewportSnapping (530)
[2018.09.21-22.55.43:706][204]LogModuleManager: Shutting down and abandoning module ViewportInteraction (528)
[2018.09.21-22.55.43:706][204]LogModuleManager: Shutting down and abandoning module ClothPainter (526)
[2018.09.21-22.55.43:706][204]LogModuleManager: Shutting down and abandoning module SkeletalMeshEditor (525)
[2018.09.21-22.55.43:706][204]LogModuleManager: Shutting down and abandoning module LogVisualizer (522)
[2018.09.21-22.55.43:706][204]LogModuleManager: Shutting down and abandoning module IntroTutorials (520)
[2018.09.21-22.55.43:706][204]LogModuleManager: Shutting down and abandoning module GameProjectGeneration (519)
[2018.09.21-22.55.43:706][204]LogModuleManager: Shutting down and abandoning module LuminPlatformEditor (516)
[2018.09.21-22.55.43:706][204]LogModuleManager: Shutting down and abandoning module IOSPlatformEditor (514)
[2018.09.21-22.55.43:706][204]LogModuleManager: Shutting down and abandoning module HTML5PlatformEditor (512)
[2018.09.21-22.55.43:706][204]LogModuleManager: Shutting down and abandoning module AndroidPlatformEditor (510)
[2018.09.21-22.55.43:706][204]LogModuleManager: Shutting down and abandoning module AndroidDeviceDetection (509)
[2018.09.21-22.55.44:635][204]LogModuleManager: Shutting down and abandoning module WindowsPlatformEditor (506)
[2018.09.21-22.55.44:635][204]LogModuleManager: Shutting down and abandoning module LuminRuntimeSettings (504)
[2018.09.21-22.55.44:635][204]LogModuleManager: Shutting down and abandoning module IOSRuntimeSettings (502)
[2018.09.21-22.55.44:635][204]LogModuleManager: Shutting down and abandoning module AndroidRuntimeSettings (500)
[2018.09.21-22.55.44:635][204]LogModuleManager: Shutting down and abandoning module InputBindingEditor (498)
[2018.09.21-22.55.44:635][204]LogModuleManager: Shutting down and abandoning module MergeActors (496)
[2018.09.21-22.55.44:635][204]LogModuleManager: Shutting down and abandoning module LocalizationDashboard (494)
[2018.09.21-22.55.44:635][204]LogModuleManager: Shutting down and abandoning module LocalizationService (493)
[2018.09.21-22.55.44:635][204]LogModuleManager: Shutting down and abandoning module HardwareTargeting (490)
[2018.09.21-22.55.44:635][204]LogModuleManager: Shutting down and abandoning module DeviceProfileEditor (488)
[2018.09.21-22.55.44:636][204]LogModuleManager: Shutting down and abandoning module UndoHistory (486)
[2018.09.21-22.55.44:636][204]LogModuleManager: Shutting down and abandoning module XmlParser (484)
[2018.09.21-22.55.44:636][204]LogModuleManager: Shutting down and abandoning module Blutility (482)
[2018.09.21-22.55.44:636][204]LogModuleManager: Shutting down and abandoning module ProjectSettingsViewer (480)
[2018.09.21-22.55.44:636][204]LogModuleManager: Shutting down and abandoning module ProjectTargetPlatformEditor (479)
[2018.09.21-22.55.44:636][204]LogModuleManager: Shutting down and abandoning module EditorSettingsViewer (476)
[2018.09.21-22.55.44:636][204]LogModuleManager: Shutting down and abandoning module SettingsEditor (474)
[2018.09.21-22.55.44:636][204]LogModuleManager: Shutting down and abandoning module ProjectLauncher (472)
[2018.09.21-22.55.44:636][204]LogModuleManager: Shutting down and abandoning module SessionFrontend (470)
[2018.09.21-22.55.44:636][204]LogModuleManager: Shutting down and abandoning module ProfilerClient (468)
[2018.09.21-22.55.44:636][204]LogModuleManager: Shutting down and abandoning module DeviceManager (466)
[2018.09.21-22.55.44:636][204]LogModuleManager: Shutting down and abandoning module TargetDeviceServices (465)
[2018.09.21-22.55.44:702][204]LogModuleManager: Shutting down and abandoning module AutomationController (462)
[2018.09.21-22.55.44:702][204]LogModuleManager: Shutting down and abandoning module AutomationWindow (460)
[2018.09.21-22.55.44:702][204]LogModuleManager: Shutting down and abandoning module Layers (458)
[2018.09.21-22.55.44:702][204]LogModuleManager: Shutting down and abandoning module ComponentVisualizers (456)
[2018.09.21-22.55.44:702][204]LogModuleManager: Shutting down and abandoning module DetailCustomizations (454)
[2018.09.21-22.55.44:702][204]LogModuleManager: Shutting down and abandoning module PackagesDialog (452)
[2018.09.21-22.55.44:702][204]LogModuleManager: Shutting down and abandoning module Persona (450)
[2018.09.21-22.55.44:702][204]LogModuleManager: Shutting down and abandoning module AdvancedPreviewScene (449)
[2018.09.21-22.55.44:702][204]LogModuleManager: Shutting down and abandoning module AnimGraph (447)
[2018.09.21-22.55.44:702][204]LogModuleManager: Shutting down and abandoning module Kismet (444)
[2018.09.21-22.55.44:707][204]LogModuleManager: Shutting down and abandoning module GraphEditor (442)
[2018.09.21-22.55.44:708][204]LogModuleManager: Shutting down and abandoning module ClassViewer (440)
[2018.09.21-22.55.44:708][204]LogModuleManager: Shutting down and abandoning module Toolbox (438)
[2018.09.21-22.55.44:708][204]LogModuleManager: Shutting down and abandoning module ModuleUI (436)
[2018.09.21-22.55.44:708][204]LogModuleManager: Shutting down and abandoning module MovieSceneTools (434)
[2018.09.21-22.55.44:708][204]LogModuleManager: Shutting down and abandoning module OutputLog (432)
[2018.09.21-22.55.44:708][204]LogModuleManager: Shutting down and abandoning module GammaUI (430)
[2018.09.21-22.55.44:708][204]LogModuleManager: Shutting down and abandoning module Documentation (428)
[2018.09.21-22.55.44:708][204]LogModuleManager: Shutting down and abandoning module MovieSceneTracks (426)
[2018.09.21-22.55.44:708][204]LogModuleManager: Shutting down and abandoning module MovieScene (424)
[2018.09.21-22.55.44:708][204]LogModuleManager: Shutting down and abandoning module StreamingPauseRendering (422)
[2018.09.21-22.55.44:708][204]LogModuleManager: Shutting down and abandoning module LauncherPlatform (420)
[2018.09.21-22.55.44:708][204]LogModuleManager: Shutting down and abandoning module AnalyticsET (418)
[2018.09.21-22.55.44:708][204]LogModuleManager: Shutting down and abandoning module PortalServices (416)
[2018.09.21-22.55.44:708][204]LogModuleManager: Shutting down and abandoning module PortalRpc (414)
[2018.09.21-22.55.44:708][204]LogModuleManager: Shutting down and abandoning module MessagingRpc (412)
[2018.09.21-22.55.44:708][204]LogModuleManager: Shutting down and abandoning module AIModule (410)
[2018.09.21-22.55.44:708][204]LogModuleManager: Shutting down and abandoning module GameplayDebugger (409)
[2018.09.21-22.55.44:708][204]LogModuleManager: Shutting down and abandoning module AITestSuite (407)
[2018.09.21-22.55.44:708][204]LogModuleManager: Shutting down and abandoning module NavigationSystem (405)
[2018.09.21-22.55.44:708][204]LogModuleManager: Shutting down and abandoning module DesktopPlatform (402)
[2018.09.21-22.55.44:708][204]LogModuleManager: Shutting down and abandoning module ProfilerService (400)
[2018.09.21-22.55.44:881][204]LogModuleManager: Shutting down and abandoning module TaskGraph (398)
[2018.09.21-22.55.44:881][204]LogModuleManager: Shutting down and abandoning module SteamVRController (396)
[2018.09.21-22.55.44:881][204]LogModuleManager: Shutting down and abandoning module ProceduralMeshComponentEditor (394)
[2018.09.21-22.55.44:881][204]LogModuleManager: Shutting down and abandoning module ProceduralMeshComponent (392)
[2018.09.21-22.55.44:881][204]LogModuleManager: Shutting down and abandoning module OculusInput (390)
[2018.09.21-22.55.44:881][204]LogModuleManager: Shutting down and abandoning module MobilePatchingUtils (388)
[2018.09.21-22.55.44:881][204]LogModuleManager: Shutting down and abandoning module EditableMesh (386)
[2018.09.21-22.55.44:881][204]LogModuleManager: Shutting down and abandoning module CustomMeshComponent (384)
[2018.09.21-22.55.44:882][204]LogModuleManager: Shutting down and abandoning module CableComponent (382)
[2018.09.21-22.55.44:882][204]LogModuleManager: Shutting down and abandoning module AudioCapture (380)
[2018.09.21-22.55.44:882][204]LogModuleManager: Shutting down and abandoning module ArchVisCharacter (378)
[2018.09.21-22.55.44:882][204]LogModuleManager: Shutting down and abandoning module AndroidPermission (376)
[2018.09.21-22.55.44:882][204]LogModuleManager: Shutting down and abandoning module NUTUnrealEngine4 (374)
[2018.09.21-22.55.44:882][204]LogModuleManager: Shutting down and abandoning module NetcodeUnitTest (372)
[2018.09.21-22.55.44:882][204]LogModuleManager: Shutting down and abandoning module MediaCompositingEditor (370)
[2018.09.21-22.55.44:882][204]LogModuleManager: Shutting down and abandoning module MediaCompositing (368)
[2018.09.21-22.55.44:882][204]LogModuleManager: Shutting down and abandoning module LinearTimecode (366)
[2018.09.21-22.55.44:882][204]LogModuleManager: Shutting down and abandoning module ImgMedia (364)
[2018.09.21-22.55.44:886][204]LogModuleManager: Shutting down and abandoning module HTML5Networking (362)
[2018.09.21-22.55.44:886][204]LogModuleManager: Shutting down and abandoning module GeometryCacheTracks (360)
[2018.09.21-22.55.44:886][204]LogModuleManager: Shutting down and abandoning module GeometryCacheSequencer (358)
[2018.09.21-22.55.44:886][204]LogModuleManager: Shutting down and abandoning module BackChannel (356)
[2018.09.21-22.55.44:886][204]LogModuleManager: Shutting down and abandoning module AppleVision (354)
[2018.09.21-22.55.44:886][204]LogModuleManager: Shutting down and abandoning module AppleImageUtils (352)
[2018.09.21-22.55.44:886][204]LogModuleManager: Shutting down and abandoning module AlembicImporter (350)
[2018.09.21-22.55.44:887][204]LogModuleManager: Shutting down and abandoning module AlembicLibrary (349)
[2018.09.21-22.55.44:887][204]LogModuleManager: Shutting down and abandoning module GeometryCache (348)
[2018.09.21-22.55.44:887][204]LogModuleManager: Shutting down and abandoning module GeometryCacheEd (347)
[2018.09.21-22.55.44:887][204]LogModuleManager: Shutting down and abandoning module DatasmithContentEditor (342)
[2018.09.21-22.55.44:887][204]LogModuleManager: Shutting down and abandoning module DatasmithContent (340)
[2018.09.21-22.55.44:887][204]LogModuleManager: Shutting down and abandoning module SpeedTreeImporter (338)
[2018.09.21-22.55.44:887][204]LogModuleManager: Shutting down and abandoning module PluginBrowser (336)
[2018.09.21-22.55.44:887][204]LogModuleManager: Shutting down and abandoning module MobileLauncherProfileWizard (334)
[2018.09.21-22.55.44:887][204]LogModuleManager: Shutting down and abandoning module PolygonModeling (332)
[2018.09.21-22.55.44:887][204]LogModuleManager: Shutting down and abandoning module MeshEditor (330)
[2018.09.21-22.55.44:887][204]LogModuleManager: Shutting down and abandoning module CryptoKeysOpenSSL (328)
[2018.09.21-22.55.44:887][204]LogModuleManager: Shutting down and abandoning module CryptoKeys (326)
[2018.09.21-22.55.44:887][204]LogModuleManager: Shutting down and abandoning module VisualStudioSourceCodeAccess (324)
[2018.09.21-22.55.44:887][204]LogModuleManager: Shutting down and abandoning module VisualStudioCodeSourceCodeAccess (322)
[2018.09.21-22.55.44:887][204]LogModuleManager: Shutting down and abandoning module UObjectPlugin (320)
[2018.09.21-22.55.44:887][204]LogModuleManager: Shutting down and abandoning module SubversionSourceControl (318)
[2018.09.21-22.55.44:887][204]LogModuleManager: Shutting down and abandoning module PerforceSourceControl (316)
[2018.09.21-22.55.44:887][204]LogModuleManager: Shutting down and abandoning module GitSourceControl (314)
[2018.09.21-22.55.44:887][204]LogModuleManager: Shutting down and abandoning module SourceControl (313)
[2018.09.21-22.55.44:887][204]LogModuleManager: Shutting down and abandoning module CLionSourceCodeAccess (310)
[2018.09.21-22.55.44:887][204]LogModuleManager: Shutting down and abandoning module LightPropagationVolumeEditor (308)
[2018.09.21-22.55.44:887][204]LogModuleManager: Shutting down and abandoning module PaperTiledImporter (306)
[2018.09.21-22.55.44:887][204]LogModuleManager: Shutting down and abandoning module PaperSpriteSheetImporter (304)
[2018.09.21-22.55.44:887][204]LogModuleManager: Shutting down and abandoning module Paper2DEditor (302)
[2018.09.21-22.55.44:887][204]LogModuleManager: Shutting down and abandoning module MeshPaint (301)
[2018.09.21-22.55.44:888][204]LogModuleManager: Shutting down and abandoning module RuntimePhysXCooking (298)
[2018.09.21-22.55.44:888][204]LogModuleManager: Shutting down and abandoning module PhysXVehiclesEditor (296)
[2018.09.21-22.55.44:888][204]LogModuleManager: Shutting down and abandoning module PhysXVehicles (294)
[2018.09.21-22.55.44:888][204]LogModuleManager: Shutting down and abandoning module OculusEditor (292)
[2018.09.21-22.55.44:888][204]LogModuleManager: Shutting down and abandoning module LocationServicesBPLibrary (290)
[2018.09.21-22.55.44:888][204]LogModuleManager: Shutting down and abandoning module ImmediatePhysicsEditor (288)
[2018.09.21-22.55.44:888][204]LogModuleManager: Shutting down and abandoning module ImmediatePhysics (286)
[2018.09.21-22.55.44:888][204]LogModuleManager: Shutting down and abandoning module ActorSequence (284)
[2018.09.21-22.55.44:888][204]LogModuleManager: Shutting down and abandoning module UdpMessaging (282)
[2018.09.21-22.55.44:989][204]LogModuleManager: Shutting down and abandoning module TcpMessaging (280)
[2018.09.21-22.55.45:089][204]LogModuleManager: Shutting down and abandoning module MagicLeapAudio (278)
[2018.09.21-22.55.45:089][204]LogModuleManager: Shutting down and abandoning module GameplayTagsEditor (276)
[2018.09.21-22.55.45:089][204]LogModuleManager: Shutting down and abandoning module FacialAnimationEditor (274)
[2018.09.21-22.55.45:089][204]LogModuleManager: Shutting down and abandoning module FacialAnimation (272)
[2018.09.21-22.55.45:089][204]LogModuleManager: Shutting down and abandoning module DataValidation (270)
[2018.09.21-22.55.45:089][204]LogModuleManager: Shutting down and abandoning module AssetManagerEditor (268)
[2018.09.21-22.55.45:089][204]LogModuleManager: Shutting down and abandoning module LevelEditor (267)
[2018.09.21-22.55.45:090][204]LogModuleManager: Shutting down and abandoning module PixelInspectorModule (266)
[2018.09.21-22.55.45:090][204]LogModuleManager: Shutting down and abandoning module CommonMenuExtensions (264)
[2018.09.21-22.55.45:090][204]LogModuleManager: Shutting down and abandoning module MainFrame (262)
[2018.09.21-22.55.45:090][204]LogModuleManager: Shutting down and abandoning module HotReload (261)
[2018.09.21-22.55.45:090][204]LogModuleManager: Shutting down and abandoning module ContentBrowser (257)
[2018.09.21-22.55.45:091][204]LogModuleManager: Shutting down and abandoning module TreeMap (255)
[2018.09.21-22.55.45:092][204]LogModuleManager: Shutting down and abandoning module LightPropagationVolumeRuntime (252)
[2018.09.21-22.55.45:092][204]LogModuleManager: Shutting down and abandoning module AISupportModule (250)
[2018.09.21-22.55.45:092][204]LogModuleManager: Shutting down and abandoning module Paper2D (248)
[2018.09.21-22.55.45:092][204]LogModuleManager: Shutting down and abandoning module WindowsMoviePlayer (246)
[2018.09.21-22.55.45:092][204]LogModuleManager: Shutting down and abandoning module WmfMedia (244)
[2018.09.21-22.55.45:093][204]LogModuleManager: Shutting down and abandoning module Media (243)
[2018.09.21-22.55.45:099][204]LogModuleManager: Shutting down and abandoning module PacketHandler (240)
[2018.09.21-22.55.45:099][204]LogModuleManager: Shutting down and abandoning module ClothingSystemEditor (238)
[2018.09.21-22.55.45:099][204]LogModuleManager: Shutting down and abandoning module ClothingSystemRuntime (236)
[2018.09.21-22.55.45:099][204]LogModuleManager: Shutting down and abandoning module MediaAssets (234)
[2018.09.21-22.55.45:100][204]LogModuleManager: Shutting down and abandoning module Overlay (232)
[2018.09.21-22.55.45:100][204]LogModuleManager: Shutting down and abandoning module OverlayEditor (231)
[2018.09.21-22.55.45:100][204]LogModuleManager: Shutting down and abandoning module VREditor (228)
[2018.09.21-22.55.45:100][204]LogModuleManager: Shutting down and abandoning module StringTableEditor (226)
[2018.09.21-22.55.45:100][204]LogModuleManager: Shutting down and abandoning module GameplayTasksEditor (224)
[2018.09.21-22.55.45:100][204]LogModuleManager: Shutting down and abandoning module BehaviorTreeEditor (222)
[2018.09.21-22.55.45:100][204]LogModuleManager: Shutting down and abandoning module FunctionalTesting (220)
[2018.09.21-22.55.45:100][204]LogModuleManager: Shutting down and abandoning module CollisionAnalyzer (218)
[2018.09.21-22.55.45:100][204]LogModuleManager: Shutting down and abandoning module WorkspaceMenuStructure (217)
[2018.09.21-22.55.45:100][204]LogModuleManager: Shutting down and abandoning module UMG (214)
[2018.09.21-22.55.45:100][204]LogModuleManager: Shutting down and abandoning module UMGEditor (213)
[2018.09.21-22.55.45:100][204]LogModuleManager: Shutting down and abandoning module Sequencer (212)
[2018.09.21-22.55.45:100][204]LogModuleManager: Shutting down and abandoning module MessageLog (209)
[2018.09.21-22.55.45:100][204]LogModuleManager: Shutting down and abandoning module SlateReflector (204)
[2018.09.21-22.55.45:100][204]LogModuleManager: Shutting down and abandoning module Slate (202)
[2018.09.21-22.55.45:100][204]LogModuleManager: Shutting down and abandoning module EditorStyle (200)
[2018.09.21-22.55.45:101][204]LogModuleManager: Shutting down and abandoning module MRMesh (198)
[2018.09.21-22.55.45:101][204]LogModuleManager: Shutting down and abandoning module SourceCodeAccess (196)
[2018.09.21-22.55.45:101][204]LogModuleManager: Shutting down and abandoning module HeadMountedDisplay (194)
[2018.09.21-22.55.45:101][204]LogModuleManager: Shutting down and abandoning module XAudio2 (192)
[2018.09.21-22.55.45:101][204]LogModuleManager: Shutting down and abandoning module Networking (190)
[2018.09.21-22.55.45:101][204]LogModuleManager: Shutting down and abandoning module Core (188)
[2018.09.21-22.55.45:101][204]LogModuleManager: Shutting down and abandoning module LevelSequence (186)
[2018.09.21-22.55.45:101][204]LogModuleManager: Shutting down and abandoning module KismetCompiler (184)
[2018.09.21-22.55.45:101][204]LogModuleManager: Shutting down and abandoning module MeshUtilities (182)
[2018.09.21-22.55.45:101][204]LogModuleManager: Shutting down and abandoning module MeshMergeUtilities (181)
[2018.09.21-22.55.45:101][204]LogModuleManager: Shutting down and abandoning module MeshReductionInterface (180)
[2018.09.21-22.55.45:101][204]LogModuleManager: Shutting down and abandoning module SimplygonSwarm (179)
[2018.09.21-22.55.45:101][204]LogModuleManager: Shutting down and abandoning module ProxyLODMeshReduction (177)
[2018.09.21-22.55.45:101][204]LogModuleManager: Shutting down and abandoning module SimplygonMeshReduction (175)
[2018.09.21-22.55.45:101][204]LogModuleManager: Shutting down and abandoning module QuadricMeshReduction (173)
[2018.09.21-22.55.45:101][204]LogModuleManager: Shutting down and abandoning module MaterialBaking (169)
[2018.09.21-22.55.45:102][204]LogModuleManager: Shutting down and abandoning module DirectoryWatcher (165)
[2018.09.21-22.55.45:102][204]LogModuleManager: Shutting down and abandoning module DerivedDataCache (162)
[2018.09.21-22.55.45:202][204]LogDerivedDataCache: Shutdown
[2018.09.21-22.55.45:203][204]LogModuleManager: Shutting down and abandoning module XGEController (160)
[2018.09.21-22.55.45:203][204]LogModuleManager: Shutting down and abandoning module TargetPlatform (158)
[2018.09.21-22.55.45:203][204]LogModuleManager: Shutting down and abandoning module VulkanShaderFormat (157)
[2018.09.21-22.55.45:203][204]LogModuleManager: Shutting down and abandoning module ShaderFormatVectorVM (155)
[2018.09.21-22.55.45:203][204]LogModuleManager: Shutting down and abandoning module ShaderFormatOpenGL (153)
[2018.09.21-22.55.45:203][204]LogModuleManager: Shutting down and abandoning module ShaderFormatD3D (151)
[2018.09.21-22.55.45:203][204]LogModuleManager: Shutting down and abandoning module MetalShaderFormat (149)
[2018.09.21-22.55.45:203][204]LogModuleManager: Shutting down and abandoning module TextureFormatUncompressed (147)
[2018.09.21-22.55.45:203][204]LogModuleManager: Shutting down and abandoning module TextureFormatPVR (145)
[2018.09.21-22.55.45:203][204]LogModuleManager: Shutting down and abandoning module TextureFormatDXT (143)
[2018.09.21-22.55.45:203][204]LogModuleManager: Shutting down and abandoning module TextureFormatIntelISPCTexComp (141)
[2018.09.21-22.55.45:203][204]LogModuleManager: Shutting down and abandoning module TextureFormatASTC (139)
[2018.09.21-22.55.45:203][204]LogModuleManager: Shutting down and abandoning module ImageWrapper (138)
[2018.09.21-22.55.45:203][204]LogModuleManager: Shutting down and abandoning module TextureFormatAndroid (135)
[2018.09.21-22.55.45:203][204]LogModuleManager: Shutting down and abandoning module AudioFormatOpus (133)
[2018.09.21-22.55.45:203][204]LogModuleManager: Shutting down and abandoning module AudioFormatOgg (131)
[2018.09.21-22.55.45:203][204]LogModuleManager: Shutting down and abandoning module AudioFormatADPCM (129)
[2018.09.21-22.55.45:203][204]LogModuleManager: Shutting down and abandoning module LuminTargetPlatform (127)
[2018.09.21-22.55.45:203][204]LogModuleManager: Shutting down and abandoning module LinuxTargetPlatform (125)
[2018.09.21-22.55.45:203][204]LogModuleManager: Shutting down and abandoning module LinuxServerTargetPlatform (123)
[2018.09.21-22.55.45:203][204]LogModuleManager: Shutting down and abandoning module LinuxNoEditorTargetPlatform (121)
[2018.09.21-22.55.45:203][204]LogModuleManager: Shutting down and abandoning module LinuxClientTargetPlatform (119)
[2018.09.21-22.55.45:203][204]LogModuleManager: Shutting down and abandoning module TVOSTargetPlatform (117)
[2018.09.21-22.55.45:205][204]LogModuleManager: Shutting down and abandoning module Messaging (115)
[2018.09.21-22.55.45:205][204]LogModuleManager: Shutting down and abandoning module IOSTargetPlatform (113)
[2018.09.21-22.55.45:205][204]LogModuleManager: Shutting down and abandoning module HTML5TargetPlatform (111)
[2018.09.21-22.55.45:206][204]LogModuleManager: Shutting down and abandoning module AndroidTargetPlatform (109)
[2018.09.21-22.55.45:212][204]LogModuleManager: Shutting down and abandoning module WindowsTargetPlatform (107)
[2018.09.21-22.55.45:213][204]LogModuleManager: Shutting down and abandoning module WindowsServerTargetPlatform (105)
[2018.09.21-22.55.45:213][204]LogModuleManager: Shutting down and abandoning module WindowsNoEditorTargetPlatform (103)
[2018.09.21-22.55.45:213][204]LogModuleManager: Shutting down and abandoning module WindowsClientTargetPlatform (101)
[2018.09.21-22.55.45:213][204]LogModuleManager: Shutting down and abandoning module MacTargetPlatform (99)
[2018.09.21-22.55.45:213][204]LogModuleManager: Shutting down and abandoning module MacServerTargetPlatform (97)
[2018.09.21-22.55.45:213][204]LogModuleManager: Shutting down and abandoning module MacNoEditorTargetPlatform (95)
[2018.09.21-22.55.45:213][204]LogModuleManager: Shutting down and abandoning module MacClientTargetPlatform (93)
[2018.09.21-22.55.45:213][204]LogModuleManager: Shutting down and abandoning module AllDesktopTargetPlatform (91)
[2018.09.21-22.55.45:213][204]LogModuleManager: Shutting down and abandoning module InputCore (88)
[2018.09.21-22.55.45:213][204]LogModuleManager: Shutting down and abandoning module Settings (86)
[2018.09.21-22.55.45:213][204]LogModuleManager: Shutting down and abandoning module PhysXCooking (84)
[2018.09.21-22.55.45:213][204]LogModuleManager: Shutting down and abandoning module SteamVR (82)
[2018.09.21-22.55.45:213][204]LogModuleManager: Shutting down and abandoning module OculusHMD (80)
[2018.09.21-22.55.45:213][204]LogModuleManager: Shutting down and abandoning module ExampleDeviceProfileSelector (78)
[2018.09.21-22.55.45:213][204]LogModuleManager: Shutting down and abandoning module LauncherChunkInstaller (76)
[2018.09.21-22.55.45:213][204]LogModuleManager: Shutting down and abandoning module OnlineBlueprintSupport (74)
[2018.09.21-22.55.45:213][204]LogModuleManager: Shutting down and abandoning module OnlineSubsystem (70)
[2018.09.21-22.55.45:214][204]LogModuleManager: Shutting down and abandoning module XMPP (65)
[2018.09.21-22.55.45:214][204]LogModuleManager: Shutting down and abandoning module WebSockets (64)
[2018.09.21-22.55.45:232][204]LogModuleManager: Shutting down and abandoning module HTTP (61)
[2018.09.21-22.55.45:232][204]LogHttp: Display: Http module shutting down, but needs to wait on 1 outstanding Http requests:
[2018.09.21-22.55.45:232][204]LogHttp: Display: 	verb=[POST] url=[https://datarouter.ol.epicgames.com/datarouter/api/v1/public/data?SessionID=%7BE9D3C23D-427B-53D1-81EA-C5AED91E5ADB%7D&AppID=UEEditor.Rocket.Release&AppVersion=4.20.2-4302132%2B%2B%2BUE4%2BRelease-4.20&UserID=5ead885c497ccb402be315a14a621dee%7C243f4beaf35c40f1a5204d47fed09fdf%7C50a69c9e-3cbd-47da-a4f6-9ca329688afb&AppEnvironment=datacollector-binary&UploadType=eteventstream] status=Processing
[2018.09.21-22.55.45:265][204]LogModuleManager: Shutting down and abandoning module SSL (60)
[2018.09.21-22.55.45:267][204]LogModuleManager: Shutting down and abandoning module MagicLeapEmulator (56)
[2018.09.21-22.55.45:267][204]LogModuleManager: Shutting down and abandoning module MagicLeapPrivileges (54)
[2018.09.21-22.55.45:267][204]LogModuleManager: Shutting down and abandoning module MagicLeapIdentity (52)
[2018.09.21-22.55.45:267][204]LogModuleManager: Shutting down and abandoning module MagicLeapHelperVulkan (50)
[2018.09.21-22.55.45:267][204]LogModuleManager: Shutting down and abandoning module MagicLeapHelperOpenGL (48)
[2018.09.21-22.55.45:267][204]LogModuleManager: Shutting down and abandoning module MagicLeapSecureStorage (46)
[2018.09.21-22.55.45:267][204]LogModuleManager: Shutting down and abandoning module MagicLeapGestures (44)
[2018.09.21-22.55.45:267][204]LogModuleManager: Shutting down and abandoning module MagicLeapEyeTracker (42)
[2018.09.21-22.55.45:267][204]LogModuleManager: Shutting down and abandoning module MagicLeapController (40)
[2018.09.21-22.55.45:267][204]LogSlate: Slate User Destroyed.  User Index 0, Is Virtual User: 0
[2018.09.21-22.55.45:267][204]LogModuleManager: Shutting down and abandoning module MagicLeap (38)
[2018.09.21-22.55.45:267][204]LogModuleManager: Shutting down and abandoning module AnimationModifiers (36)
[2018.09.21-22.55.45:267][204]LogModuleManager: Shutting down and abandoning module PropertyEditor (35)
[2018.09.21-22.55.45:267][204]LogModuleManager: Shutting down and abandoning module AudioEditor (32)
[2018.09.21-22.55.45:267][204]LogModuleManager: Shutting down and abandoning module TextureCompressor (30)
[2018.09.21-22.55.45:267][204]LogModuleManager: Shutting down and abandoning module ShaderCore (28)
[2018.09.21-22.55.45:267][204]LogModuleManager: Shutting down and abandoning module Landscape (26)
[2018.09.21-22.55.45:267][204]LogModuleManager: Shutting down and abandoning module SlateRHIRenderer (24)
[2018.09.21-22.55.45:268][204]LogModuleManager: Shutting down and abandoning module OpenGLDrv (22)
[2018.09.21-22.55.45:268][204]LogModuleManager: Shutting down and abandoning module D3D11RHI (20)
[2018.09.21-22.55.45:268][204]LogModuleManager: Shutting down and abandoning module AnimGraphRuntime (18)
[2018.09.21-22.55.45:268][204]LogModuleManager: Shutting down and abandoning module Renderer (16)
[2018.09.21-22.55.45:268][204]LogModuleManager: Shutting down and abandoning module Engine (14)
[2018.09.21-22.55.45:268][204]LogModuleManager: Shutting down and abandoning module CoreUObject (12)
[2018.09.21-22.55.45:268][204]LogModuleManager: Shutting down and abandoning module NetworkFile (10)
[2018.09.21-22.55.45:268][204]LogModuleManager: Shutting down and abandoning module CookedIterativeFile (8)
[2018.09.21-22.55.45:268][204]LogModuleManager: Shutting down and abandoning module StreamingFile (6)
[2018.09.21-22.55.45:268][204]LogModuleManager: Shutting down and abandoning module SandboxFile (4)
[2018.09.21-22.55.45:268][204]LogModuleManager: Shutting down and abandoning module PakFile (2)
[2018.09.21-22.55.45:276][204]LogExit: Exiting.
[2018.09.21-22.55.45:309][204]Log file closed, 09/21/18 18:55:45
