Log file open, 09/27/18 18:44:04
LogWindows: Failed to load 'aqProf.dll' (GetLastError=126)
LogWindows: File 'aqProf.dll' does not exist
LogWindows: Failed to load 'VSPerf140.dll' (GetLastError=126)
LogWindows: File 'VSPerf140.dll' does not exist
LogWindows: Failed to load 'VtuneApi.dll' (GetLastError=126)
LogWindows: File 'VtuneApi.dll' does not exist
LogWindows: Failed to load 'VtuneApi32e.dll' (GetLastError=126)
LogWindows: File 'VtuneApi32e.dll' does not exist
LogInit: Display: Running engine for game: ASH_Game
LogPlatformFile: Not using cached read wrapper
LogTaskGraph: Started task graph with 5 named threads and 35 total threads with 3 sets of task threads.
LogStats: Stats thread started at 0.430282
LogD3D11RHI: Loaded GFSDK_Aftermath_Lib.x64.dll
LogICUInternationalization: Display: ICU TimeZone Detection - Raw Offset: -5:00, Platform Override: ''
LogPluginManager: Mounting plugin Paper2D
LogPluginManager: Mounting plugin AISupport
LogPluginManager: Mounting plugin LightPropagationVolume
LogPluginManager: Mounting plugin CLionSourceCodeAccess
LogPluginManager: Mounting plugin CodeLiteSourceCodeAccess
LogPluginManager: Mounting plugin GitSourceControl
LogPluginManager: Mounting plugin KDevelopSourceCodeAccess
LogPluginManager: Mounting plugin NullSourceCodeAccess
LogPluginManager: Mounting plugin PerforceSourceControl
LogPluginManager: Mounting plugin SubversionSourceControl
LogPluginManager: Mounting plugin UObjectPlugin
LogPluginManager: Mounting plugin VisualStudioCodeSourceCodeAccess
LogPluginManager: Mounting plugin VisualStudioSourceCodeAccess
LogPluginManager: Mounting plugin XCodeSourceCodeAccess
LogPluginManager: Mounting plugin AssetManagerEditor
LogPluginManager: Mounting plugin CryptoKeys
LogPluginManager: Mounting plugin DataValidation
LogPluginManager: Mounting plugin FacialAnimation
LogPluginManager: Mounting plugin GameplayTagsEditor
LogPluginManager: Mounting plugin MacGraphicsSwitching
LogPluginManager: Mounting plugin MeshEditor
LogPluginManager: Mounting plugin MobileLauncherProfileWizard
LogPluginManager: Mounting plugin PluginBrowser
LogPluginManager: Mounting plugin SpeedTreeImporter
LogPluginManager: Mounting plugin DatasmithContent
LogPluginManager: Mounting plugin AlembicImporter
LogPluginManager: Mounting plugin AppleImageUtils
LogPluginManager: Mounting plugin AppleVision
LogPluginManager: Mounting plugin BackChannel
LogPluginManager: Mounting plugin CharacterAI
LogPluginManager: Mounting plugin GeometryCache
LogPluginManager: Mounting plugin HTML5Networking
LogPluginManager: Mounting plugin ProxyLODPlugin
LogPluginManager: Mounting plugin MagicLeap
LogPluginManager: Mounting plugin MagicLeapEmulator
LogPluginManager: Mounting plugin MagicLeapMedia
LogPluginManager: Mounting plugin AndroidMedia
LogPluginManager: Mounting plugin AvfMedia
LogPluginManager: Mounting plugin ImgMedia
LogPluginManager: Mounting plugin LinearTimecode
LogPluginManager: Mounting plugin MediaCompositing
LogPluginManager: Mounting plugin MediaPlayerEditor
LogPluginManager: Mounting plugin WmfMedia
LogPluginManager: Mounting plugin TcpMessaging
LogPluginManager: Mounting plugin UdpMessaging
LogPluginManager: Mounting plugin ActorSequence
LogPluginManager: Mounting plugin LevelSequenceEditor
LogPluginManager: Mounting plugin MatineeToLevelSequence
LogPluginManager: Mounting plugin NetcodeUnitTest
LogPluginManager: Mounting plugin NUTUnrealEngine4
LogPluginManager: Mounting plugin OnlineSubsystemGooglePlay
LogPluginManager: Mounting plugin OnlineSubsystemIOS
LogPluginManager: Mounting plugin OnlineSubsystem
LogPluginManager: Mounting plugin OnlineSubsystemNull
LogPluginManager: Mounting plugin OnlineSubsystemUtils
LogPluginManager: Mounting plugin LauncherChunkInstaller
LogPluginManager: Mounting plugin AndroidDeviceProfileSelector
LogPluginManager: Mounting plugin AndroidMoviePlayer
LogPluginManager: Mounting plugin AndroidPermission
LogPluginManager: Mounting plugin AppleMoviePlayer
LogPluginManager: Mounting plugin ArchVisCharacter
LogPluginManager: Mounting plugin AudioCapture
LogPluginManager: Mounting plugin CableComponent
LogPluginManager: Mounting plugin CustomMeshComponent
LogPluginManager: Mounting plugin EditableMesh
LogPluginManager: Mounting plugin ExampleDeviceProfileSelector
LogPluginManager: Mounting plugin GoogleCloudMessaging
LogPluginManager: Mounting plugin ImmediatePhysics
LogPluginManager: Mounting plugin IOSDeviceProfileSelector
LogPluginManager: Mounting plugin LinuxDeviceProfileSelector
LogPluginManager: Mounting plugin LocationServicesBPLibrary
LogPluginManager: Mounting plugin MobilePatchingUtils
LogPluginManager: Mounting plugin OculusVR
LogPluginManager: Plugin shader directory ../../../Engine/Plugins/Runtime/Oculus/OculusVR/Shaders found
LogPluginManager: Mapping shader source directory ../../../Engine/Plugins/Runtime/Oculus/OculusVR/Shaders to virtual directory /Plugin/OculusVR
LogPluginManager: Mounting plugin PhysXVehicles
LogPluginManager: Mounting plugin ProceduralMeshComponent
LogPluginManager: Mounting plugin RuntimePhysXCooking
LogPluginManager: Mounting plugin SteamVR
LogPluginManager: Mounting plugin WindowsMoviePlayer
LogStreaming: Display: Took  0.058s to configure plugins.
LogInit: Using libcurl 7.55.1-DEV
LogInit:  - built for x86_64-pc-win32
LogInit:  - supports SSL with OpenSSL/1.0.2h
LogInit:  - supports HTTP deflate (compression) using libz 1.2.8
LogInit:  - other features:
LogInit:      CURL_VERSION_SSL
LogInit:      CURL_VERSION_LIBZ
LogInit:      CURL_VERSION_IPV6
LogInit:      CURL_VERSION_ASYNCHDNS
LogInit:      CURL_VERSION_LARGEFILE
LogInit:      CURL_VERSION_IDN
LogInit:  CurlRequestOptions (configurable via config and command line):
LogInit:  - bVerifyPeer = false  - Libcurl will NOT verify peer certificate
LogInit:  - bUseHttpProxy = false  - Libcurl will NOT use HTTP proxy
LogInit:  - bDontReuseConnections = false  - Libcurl will reuse connections
LogInit:  - CertBundlePath = nullptr  - Libcurl will use whatever was configured at build time.
LogInit:  - MaxHostConnections = 16  - Libcurl will limit the number of connections to a host
LogInit:  - LocalHostAddr = Default
LogInit:  - BufferSize = 65536
LogInit: WinSock: version 1.1 (2.2), MaxSocks=32767, MaxUdp=65467
LogInit: Build: ++UE4+Release-4.20-CL-4369336
LogInit: Engine Version: 4.20.3-4369336+++UE4+Release-4.20
LogInit: Compatible Engine Version: 4.20.0-4212847+++UE4+Release-4.20
LogInit: Net CL: 4212847
LogInit: OS: Windows 10 (), CPU: Intel(R) Core(TM) i7-8750H CPU @ 2.20GHz, GPU: NVIDIA GeForce GTX 1060
LogInit: Compiled (64-bit): Sep 17 2018 12:26:19
LogInit: Compiled with Visual C++: 19.13.26129.00
LogInit: Build Configuration: Development
LogInit: Branch Name: ++UE4+Release-4.20
LogInit: Command Line: 
LogInit: Base Directory: D:/UE_4.20/Engine/Binaries/Win64/
LogInit: Installed Engine Build: 1
LogDevObjectVersion: Number of dev versions registered: 20
LogDevObjectVersion:   Dev-Blueprints (B0D832E4-1F89-4F0D-ACCF-7EB736FD4AA2): 10
LogDevObjectVersion:   Dev-Build (E1C64328-A22C-4D53-A36C-8E866417BD8C): 0
LogDevObjectVersion:   Dev-Core (375EC13C-06E4-48FB-B500-84F0262A717E): 2
LogDevObjectVersion:   Dev-Editor (E4B068ED-F494-42E9-A231-DA0B2E46BB41): 24
LogDevObjectVersion:   Dev-Framework (CFFC743F-43B0-4480-9391-14DF171D2073): 34
LogDevObjectVersion:   Dev-Mobile (B02B49B5-BB20-44E9-A304-32B752E40360): 2
LogDevObjectVersion:   Dev-Networking (A4E4105C-59A1-49B5-A7C5-40C4547EDFEE): 0
LogDevObjectVersion:   Dev-Online (39C831C9-5AE6-47DC-9A44-9C173E1C8E7C): 0
LogDevObjectVersion:   Dev-Physics (78F01B33-EBEA-4F98-B9B4-84EACCB95AA2): 0
LogDevObjectVersion:   Dev-Platform (6631380F-2D4D-43E0-8009-CF276956A95A): 0
LogDevObjectVersion:   Dev-Rendering (12F88B9F-8875-4AFC-A67C-D90C383ABD29): 26
LogDevObjectVersion:   Dev-Sequencer (7B5AE74C-D270-4C10-A958-57980B212A5A): 9
LogDevObjectVersion:   Dev-VR (D7296918-1DD6-4BDD-9DE2-64A83CC13884): 2
LogDevObjectVersion:   Dev-LoadTimes (C2A15278-BFE7-4AFE-6C17-90FF531DF755): 1
LogDevObjectVersion:   Private-Geometry (6EACA3D4-40EC-4CC1-B786-8BED09428FC5): 3
LogDevObjectVersion:   Dev-AnimPhys (29E575DD-E0A3-4627-9D10-D276232CDCEA): 17
LogDevObjectVersion:   Dev-ReflectionCapture (6B266CEC-1EC7-4B8F-A30B-E4D90942FC07): 1
LogDevObjectVersion:   Dev-Automation (0DF73D61-A23F-47EA-B727-89E90C41499A): 1
LogDevObjectVersion:   FortniteMain (601D1886-AC64-4F84-AA16-D3DE0DEAC7D6): 12
LogDevObjectVersion:   Dev-Enterprise (9DFFBCD6-494F-0158-E221-12823C92A888): 1
LogStreaming: Display: Took  0.001s to delete old logs.
LogInit: Presizing for max 8388607 objects, including 0 objects not considered by GC, pre-allocating 0 bytes for permanent pool.
LogInit: Object subsystem initialized
[2018.09.27-22.44.04:996][  0]LogInit: Selected Device Profile: [Windows]
[2018.09.27-22.44.04:996][  0]LogInit: Applying CVar settings loaded from the selected device profile: [Windows]
[2018.09.27-22.44.05:004][  0]LogHAL: Display: Platform has ~ 16 GB [17028878336 / 17179869184 / 16], which maps to Larger [LargestMinGB=32, LargerMinGB=12, DefaultMinGB=8, SmallerMinGB=6, SmallestMinGB=0)
[2018.09.27-22.44.05:005][  0]LogInit: Setting Device Profile CVar: [[r.Vulkan.UseRealUBs:1]]
[2018.09.27-22.44.05:005][  0]LogInit: Going up to parent DeviceProfile []
[2018.09.27-22.44.05:005][  0]LogInit: Computer: DESKTOP-EQNU1S5
[2018.09.27-22.44.05:005][  0]LogInit: User: XENO
[2018.09.27-22.44.05:005][  0]LogInit: CPU Page size=4096, Cores=6
[2018.09.27-22.44.05:005][  0]LogInit: High frequency timer resolution =2.156251 MHz
[2018.09.27-22.44.05:005][  0]LogMemory: Memory total: Physical=15.9GB (16GB approx)
[2018.09.27-22.44.05:005][  0]LogMemory: Platform Memory Stats for Windows
[2018.09.27-22.44.05:005][  0]LogMemory: Process Physical Memory: 102.43 MB used, 102.43 MB peak
[2018.09.27-22.44.05:005][  0]LogMemory: Process Virtual Memory: 102.23 MB used, 102.23 MB peak
[2018.09.27-22.44.05:005][  0]LogMemory: Physical Memory: 5346.20 MB used,  10893.80 MB free, 16240.00 MB total
[2018.09.27-22.44.05:005][  0]LogMemory: Virtual Memory: 4673.25 MB used,  10893.80 MB free, 134217728.00 MB total
[2018.09.27-22.44.05:326][  0]LogInit: Using OS detected language (en-US).
[2018.09.27-22.44.05:326][  0]LogInit: Using OS detected locale (en-CA).
[2018.09.27-22.44.05:326][  0]LogTextLocalizationManager: No specific localization for 'en-US' exists, so the 'en' localization will be used.
[2018.09.27-22.44.05:686][  0]LogStreaming: Display: Took  0.361s to InitEngineTextLocalization.
[2018.09.27-22.44.05:687][  0]LogInit: Setting process to per monitor DPI aware
[2018.09.27-22.44.05:715][  0]LogSlate: New Slate User Created.  User Index 0, Is Virtual User: 0
[2018.09.27-22.44.05:715][  0]LogSlate: Slate User Registered.  User Index 0, Is Virtual User: 0
[2018.09.27-22.44.05:882][  0]LogHMD: Failed to initialize OpenVR with code 110
[2018.09.27-22.44.05:882][  0]LogD3D11RHI: D3D11 adapters:
[2018.09.27-22.44.05:932][  0]LogD3D11RHI:    0. 'NVIDIA GeForce GTX 1060' (Feature Level 11_0)
[2018.09.27-22.44.05:932][  0]LogD3D11RHI:       6061/0/8120 MB DedicatedVideo/DedicatedSystem/SharedSystem, Outputs:2, VendorId:0x10de
[2018.09.27-22.44.06:451][  0]LogD3D11RHI:    1. 'Intel(R) UHD Graphics 630' (Feature Level 11_0)
[2018.09.27-22.44.06:451][  0]LogD3D11RHI:       128/0/8120 MB DedicatedVideo/DedicatedSystem/SharedSystem, Outputs:0, VendorId:0x8086
[2018.09.27-22.44.06:453][  0]LogD3D11RHI:    2. 'Microsoft Basic Render Driver' (Feature Level 11_0)
[2018.09.27-22.44.06:453][  0]LogD3D11RHI:       0/0/8120 MB DedicatedVideo/DedicatedSystem/SharedSystem, Outputs:0, VendorId:0x1414
[2018.09.27-22.44.06:453][  0]LogD3D11RHI: Chosen D3D11 Adapter: 0
[2018.09.27-22.44.06:462][  0]LogD3D11RHI: Creating new Direct3DDevice
[2018.09.27-22.44.06:462][  0]LogD3D11RHI:     GPU DeviceId: 0x1c60 (for the marketing name, search the web for "GPU Device Id")
[2018.09.27-22.44.06:462][  0]LogWindows: EnumDisplayDevices:
[2018.09.27-22.44.06:462][  0]LogWindows:    0. 'NVIDIA GeForce GTX 1060' (P:1 D:1)
[2018.09.27-22.44.06:462][  0]LogWindows:    1. 'NVIDIA GeForce GTX 1060' (P:0 D:1)
[2018.09.27-22.44.06:463][  0]LogWindows:    2. 'NVIDIA GeForce GTX 1060' (P:0 D:0)
[2018.09.27-22.44.06:463][  0]LogWindows:    3. 'NVIDIA GeForce GTX 1060' (P:0 D:0)
[2018.09.27-22.44.06:463][  0]LogWindows:    4. 'Intel(R) UHD Graphics 630' (P:0 D:0)
[2018.09.27-22.44.06:463][  0]LogWindows:    5. 'Intel(R) UHD Graphics 630' (P:0 D:0)
[2018.09.27-22.44.06:464][  0]LogWindows:    6. 'Intel(R) UHD Graphics 630' (P:0 D:0)
[2018.09.27-22.44.06:464][  0]LogWindows: DebugString: PrimaryIsNotTheChoosenAdapter PrimaryIsNotTheChoosenAdapter PrimaryIsNotTheChoosenAdapter FoundDriverCount:4 
[2018.09.27-22.44.06:464][  0]LogD3D11RHI:     Adapter Name: NVIDIA GeForce GTX 1060
[2018.09.27-22.44.06:464][  0]LogD3D11RHI:   Driver Version: 389.12 (internal:23.21.13.8912, unified:389.12)
[2018.09.27-22.44.06:464][  0]LogD3D11RHI:      Driver Date: 3-7-2018
[2018.09.27-22.44.06:464][  0]LogRHI: Texture pool is 4242 MB (70% of 6061 MB)
[2018.09.27-22.44.06:499][  0]LogD3D11RHI: Async texture creation enabled
[2018.09.27-22.44.06:510][  0]LogD3D11RHI: GPU Timing Frequency: 1000.000000 (Debug: 2 1)
[2018.09.27-22.44.06:558][  0]LogShaderCompilers: Guid format shader working directory is 3 characters bigger than the processId version (../../../../UnrealProjects/A.S.H/ASH_Game/Intermediate/Shaders/WorkingDirectory/13228/).
[2018.09.27-22.44.06:558][  0]LogShaderCompilers: Cleaned the shader compiler working directory 'C:/Users/XENO/AppData/Local/Temp/UnrealShaderWorkingDir/D663346D41336F24E48966AAA8341FA0/'.
[2018.09.27-22.44.06:839][  0]LogTemp: Display: Loaded TP AllDesktopTargetPlatform
[2018.09.27-22.44.06:851][  0]LogTemp: Display: Loaded TP MacClientTargetPlatform
[2018.09.27-22.44.06:864][  0]LogTemp: Display: Loaded TP MacNoEditorTargetPlatform
[2018.09.27-22.44.06:878][  0]LogTemp: Display: Loaded TP MacServerTargetPlatform
[2018.09.27-22.44.06:895][  0]LogTemp: Display: Loaded TP MacTargetPlatform
[2018.09.27-22.44.06:912][  0]LogTemp: Display: Loaded TP WindowsClientTargetPlatform
[2018.09.27-22.44.06:926][  0]LogTemp: Display: Loaded TP WindowsNoEditorTargetPlatform
[2018.09.27-22.44.06:940][  0]LogTemp: Display: Loaded TP WindowsServerTargetPlatform
[2018.09.27-22.44.06:946][  0]LogTemp: Display: Loaded TP WindowsTargetPlatform
[2018.09.27-22.44.07:037][  0]LogTemp: Display: Loaded TP AndroidTargetPlatform
[2018.09.27-22.44.07:037][  0]LogTemp: Display: Loaded TP AndroidTargetPlatform
[2018.09.27-22.44.07:037][  0]LogTemp: Display: Loaded TP AndroidTargetPlatform
[2018.09.27-22.44.07:037][  0]LogTemp: Display: Loaded TP AndroidTargetPlatform
[2018.09.27-22.44.07:037][  0]LogTemp: Display: Loaded TP AndroidTargetPlatform
[2018.09.27-22.44.07:037][  0]LogTemp: Display: Loaded TP AndroidTargetPlatform
[2018.09.27-22.44.07:037][  0]LogTemp: Display: Loaded TP AndroidTargetPlatform
[2018.09.27-22.44.07:037][  0]LogTemp: Display: Loaded TP AndroidTargetPlatform
[2018.09.27-22.44.07:037][  0]LogTemp: Display: Loaded TP AndroidTargetPlatform
[2018.09.27-22.44.07:037][  0]LogTemp: Display: Loaded TP AndroidTargetPlatform
[2018.09.27-22.44.07:037][  0]LogTemp: Display: Loaded TP AndroidTargetPlatform
[2018.09.27-22.44.07:037][  0]LogTemp: Display: Loaded TP AndroidTargetPlatform
[2018.09.27-22.44.07:037][  0]LogTemp: Display: Loaded TP AndroidTargetPlatform
[2018.09.27-22.44.07:037][  0]LogTemp: Display: Loaded TP AndroidTargetPlatform
[2018.09.27-22.44.07:037][  0]LogTemp: Display: Loaded TP AndroidTargetPlatform
[2018.09.27-22.44.07:037][  0]LogTemp: Display: Loaded TP AndroidTargetPlatform
[2018.09.27-22.44.07:037][  0]LogTemp: Display: Loaded TP AndroidTargetPlatform
[2018.09.27-22.44.07:037][  0]LogTemp: Display: Loaded TP AndroidTargetPlatform
[2018.09.27-22.44.07:038][  0]LogTemp: Display: Loaded TP HTML5TargetPlatform
[2018.09.27-22.44.07:105][  0]LogTemp: Display: Loaded TP IOSTargetPlatform
[2018.09.27-22.44.07:105][  0]LogTemp: Display: Loaded TP IOSTargetPlatform
[2018.09.27-22.44.07:128][  0]LogTemp: Display: Loaded TP TVOSTargetPlatform
[2018.09.27-22.44.07:128][  0]LogTemp: Display: Loaded TP TVOSTargetPlatform
[2018.09.27-22.44.07:143][  0]LogTemp: Display: Loaded TP LinuxClientTargetPlatform
[2018.09.27-22.44.07:154][  0]LogTemp: Display: Loaded TP LinuxNoEditorTargetPlatform
[2018.09.27-22.44.07:171][  0]LogTemp: Display: Loaded TP LinuxServerTargetPlatform
[2018.09.27-22.44.07:182][  0]LogTemp: Display: Loaded TP LinuxTargetPlatform
[2018.09.27-22.44.07:192][  0]LogTemp: Display: Loaded TP LuminTargetPlatform
[2018.09.27-22.44.07:192][  0]LogTargetPlatformManager: Display: Building Assets For Windows
[2018.09.27-22.44.07:233][  0]LogXGEController: Cannot use XGE Controller as Incredibuild is not installed on this machine.
[2018.09.27-22.44.07:233][  0]LogShaderCompilers: Cannot use XGE Shader Compiler as Incredibuild is not installed on this machine.
[2018.09.27-22.44.07:233][  0]LogShaderCompilers: Display: Using Local Shader Compiler.
[2018.09.27-22.44.08:025][  0]LogDerivedDataCache: Display: Max Cache Size: 512 MB
[2018.09.27-22.44.08:085][  0]LogDerivedDataCache: Loaded boot cache 0.06s 71MB C:/Users/XENO/AppData/Local/UnrealEngine/4.20/DerivedDataCache/Boot.ddc.
[2018.09.27-22.44.08:086][  0]LogDerivedDataCache: Display: Loaded Boot cache: C:/Users/XENO/AppData/Local/UnrealEngine/4.20/DerivedDataCache/Boot.ddc
[2018.09.27-22.44.08:086][  0]LogDerivedDataCache: FDerivedDataBackendGraph:  Pak pak cache file ../../../../UnrealProjects/A.S.H/ASH_Game/DerivedDataCache/DDC.ddp not found, will not use a pak cache.
[2018.09.27-22.44.08:086][  0]LogDerivedDataCache: Unable to find inner node Pak for hierarchical cache Hierarchy.
[2018.09.27-22.44.08:086][  0]LogDerivedDataCache: FDerivedDataBackendGraph:  CompressedPak pak cache file ../../../../UnrealProjects/A.S.H/ASH_Game/DerivedDataCache/Compressed.ddp not found, will not use a pak cache.
[2018.09.27-22.44.08:086][  0]LogDerivedDataCache: Unable to find inner node CompressedPak for hierarchical cache Hierarchy.
[2018.09.27-22.44.08:100][  0]LogDerivedDataCache: Display: Pak cache opened for reading ../../../Engine/DerivedDataCache/Compressed.ddp.
[2018.09.27-22.44.08:113][  0]LogDerivedDataCache: Using Local data cache path C:/Users/XENO/AppData/Local/UnrealEngine/Common/DerivedDataCache: Writable
[2018.09.27-22.44.08:113][  0]LogDerivedDataCache: Shared data cache path not found in *engine.ini, will not use an Shared cache.
[2018.09.27-22.44.08:113][  0]LogDerivedDataCache: Unable to find inner node Shared for hierarchical cache Hierarchy.
[2018.09.27-22.44.08:133][  0]LogMaterial: Verifying Global Shaders for PCD3D_SM5
[2018.09.27-22.44.08:135][  0]LogSlate: Using FreeType 2.6.0
[2018.09.27-22.44.08:136][  0]LogSlate: SlateFontServices - WITH_FREETYPE: 1, WITH_HARFBUZZ: 1
[2018.09.27-22.44.08:207][  0]LogAssetRegistry: FAssetRegistry took 0.0265 seconds to start up
[2018.09.27-22.44.08:536][  0]LogInit: Selected Device Profile: [Windows]
[2018.09.27-22.44.08:671][  0]LogSimplygon: Simplygon DLL not present - disabling.
[2018.09.27-22.44.08:674][  0]LogMeshReduction: Using SimplygonSwarm for distributed automatic mesh merging
[2018.09.27-22.44.08:674][  0]LogMeshReduction: Using ProxyLODMeshReduction for automatic mesh merging
[2018.09.27-22.44.08:674][  0]LogMeshReduction: Using QuadricMeshReduction for automatic static mesh reduction
[2018.09.27-22.44.08:674][  0]LogMeshReduction: No automatic skeletal mesh reduction module available
[2018.09.27-22.44.08:692][  0]LogNetVersion: ASH_Game 1.0.0, NetCL: 4212847, EngineNetVer: 5, GameNetVer: 0 (Checksum: 1471675654)
[2018.09.27-22.44.09:196][  0]LogPackageLocalizationCache: Processed 11 localized package path(s) for 2 prioritized culture(s) in 0.089390 seconds
[2018.09.27-22.44.09:207][  0]LogUObjectArray: 38425 objects as part of root set at end of initial load.
[2018.09.27-22.44.09:208][  0]LogUObjectAllocator: 6690872 out of 0 bytes used by permanent object pool.
[2018.09.27-22.44.09:208][  0]LogUObjectArray: CloseDisregardForGC: 0/0 objects in disregard for GC pool
[2018.09.27-22.44.10:017][  0]LogTcpMessaging: Initializing TcpMessaging bridge
[2018.09.27-22.44.10:031][  0]LogUdpMessaging: Initializing bridge on interface 0.0.0.0:0 to multicast group 230.0.0.1:6666.
[2018.09.27-22.44.10:169][  0]SourceControl: Source control is disabled
[2018.09.27-22.44.10:169][  0]SourceControl: Source control is disabled
[2018.09.27-22.44.10:171][  0]SourceControl: Source control is disabled
[2018.09.27-22.44.10:171][  0]SourceControl: Source control is disabled
[2018.09.27-22.44.10:334][  0]LogAndroidPermission: UAndroidPermissionCallbackProxy::GetInstance
[2018.09.27-22.44.10:393][  0]LogOcInput: OculusInput pre-init called
[2018.09.27-22.44.10:455][  0]LogEngine: Initializing Engine...
[2018.09.27-22.44.10:455][  0]LogHMD: Failed to initialize OpenVR with code 110
[2018.09.27-22.44.10:457][  0]LogStats: UGameplayTagsManager::ConstructGameplayTagTree: ImportINI prefixes -  0.000 s
[2018.09.27-22.44.10:457][  0]LogStats: UGameplayTagsManager::ConstructGameplayTagTree: Construct from data asset -  0.000 s
[2018.09.27-22.44.10:457][  0]LogStats: UGameplayTagsManager::ConstructGameplayTagTree: ImportINI -  0.000 s
[2018.09.27-22.44.10:457][  0]LogStats: UGameplayTagsManager::ConstructGameplayTagTree: GameplayTagTreeChangedEvent.Broadcast -  0.000 s
[2018.09.27-22.44.10:680][  0]LogInit: Initializing FReadOnlyCVARCache
[2018.09.27-22.44.10:693][  0]LogAIModule: Creating AISystem for world Untitled
[2018.09.27-22.44.10:707][  0]LogInit: XAudio2 using 'Speakers/Headphones (Realtek(R) Audio)' : 6 channels at 48 kHz using 32 bits per sample (channel mask 0x3f)
[2018.09.27-22.44.10:778][  0]LogInit: FAudioDevice initialized.
[2018.09.27-22.44.10:778][  0]LogNetVersion: Set ProjectVersion to 1.0.0.0. Version Checksum will be recalculated on next use.
[2018.09.27-22.44.10:865][  0]LogDerivedDataCache: Saved boot cache 0.09s 71MB C:/Users/XENO/AppData/Local/UnrealEngine/4.20/DerivedDataCache/Boot.ddc.
[2018.09.27-22.44.10:865][  0]LogInit: Texture streaming: Enabled
[2018.09.27-22.44.10:879][  0]LogEngineSessionManager: EngineSessionManager initialized
[2018.09.27-22.44.10:890][  0]LogInit: Transaction tracking system initialized
[2018.09.27-22.44.10:906][  0]BlueprintLog: New page: Editor Load
[2018.09.27-22.44.10:967][  0]LocalizationService: Localization service is disabled
[2018.09.27-22.44.11:225][  0]LogCook: Display: Max memory allowance for cook 16384mb min free memory 0mb
[2018.09.27-22.44.11:225][  0]LogCook: Display: Mobile HDR setting 1
[2018.09.27-22.44.11:225][  0]LogGameplayTags: Display: UGameplayTagsManager::DoneAddingNativeTags. DelegateIsBound: 0
[2018.09.27-22.44.11:225][  0]LogStats: UGameplayTagsManager::ConstructGameplayTagTree: ImportINI prefixes -  0.000 s
[2018.09.27-22.44.11:225][  0]LogStats: UGameplayTagsManager::ConstructGameplayTagTree: Construct from data asset -  0.000 s
[2018.09.27-22.44.11:225][  0]LogStats: UGameplayTagsManager::ConstructGameplayTagTree: ImportINI -  0.000 s
[2018.09.27-22.44.11:225][  0]LogStats: UGameplayTagsManager::ConstructGameplayTagTree: GameplayTagTreeChangedEvent.Broadcast -  0.000 s
[2018.09.27-22.44.11:295][  0]LogFileCache: Scanning file cache for directory 'D:/UnrealProjects/A.S.H/ASH_Game/Content/' took 0.02s
[2018.09.27-22.44.11:325][  0]SourceControl: Source control is disabled
[2018.09.27-22.44.11:325][  0]Cmd: MAP LOAD FILE="../../../../UnrealProjects/A.S.H/ASH_Game/Content/UI-Rick/MainMenuTest.umap" TEMPLATE=0 SHOWPROGRESS=1 FEATURELEVEL=3
[2018.09.27-22.44.11:325][  0]LightingResults: New page: Lighting Build
[2018.09.27-22.44.11:327][  0]MapCheck: New page: Map Check
[2018.09.27-22.44.11:327][  0]LightingResults: New page: Lighting Build
[2018.09.27-22.44.11:531][  0]LogAIModule: Creating AISystem for world MainMenuTest
[2018.09.27-22.44.11:531][  0]LogEditorServer: Finished looking for orphan Actors (0.000 secs)
[2018.09.27-22.44.11:554][  0]Cmd: MAP CHECKDEP NOCLEARLOG
[2018.09.27-22.44.11:600][  0]MapCheck: Map check complete: 0 Error(s), 0 Warning(s), took 45.38ms to complete.
[2018.09.27-22.44.11:600][  0]LogFileHelpers: Loading map 'MainMenuTest' took 0.274
[2018.09.27-22.44.11:729][  0]LogSlate: Updating window title bar state: overlay mode, drag disabled, window buttons hidden, title bar hidden
[2018.09.27-22.44.11:739][  0]LogSlate: Updating window title bar state: overlay mode, drag disabled, window buttons hidden, title bar hidden
[2018.09.27-22.44.11:748][  0]LogSlate: Updating window title bar state: overlay mode, drag disabled, window buttons hidden, title bar hidden
[2018.09.27-22.44.11:759][  0]LogSlate: Updating window title bar state: overlay mode, drag disabled, window buttons hidden, title bar hidden
[2018.09.27-22.44.11:764][  0]LogCollectionManager: Loaded 0 collections in 0.000977 seconds
[2018.09.27-22.44.11:811][  0]LogFileCache: Scanning file cache for directory 'D:/UnrealProjects/A.S.H/ASH_Game/Saved/Collections/' took 0.01s
[2018.09.27-22.44.11:811][  0]LogFileCache: Scanning file cache for directory 'D:/UnrealProjects/A.S.H/ASH_Game/Content/Developers/XENO/Collections/' took 0.01s
[2018.09.27-22.44.11:811][  0]LogFileCache: Scanning file cache for directory 'D:/UnrealProjects/A.S.H/ASH_Game/Content/Collections/' took 0.01s
[2018.09.27-22.44.11:811][  0]LogCollectionManager: Rebuilt the GUID cache for 0 collections in 0.000000 seconds
[2018.09.27-22.44.11:822][  0]LogContentBrowser: Native class hierarchy populated in 0.0108 seconds. Added 2572 classes and 603 folders.
[2018.09.27-22.44.11:827][  0]LogContentBrowser: Native class hierarchy updated for 'WidgetCarousel' in 0.0004 seconds. Added 0 classes and 0 folders.
[2018.09.27-22.44.11:874][  0]LogContentBrowser: Native class hierarchy updated for 'AddContentDialog' in 0.0002 seconds. Added 0 classes and 0 folders.
[2018.09.27-22.44.11:878][  0]LogContentBrowser: Native class hierarchy updated for 'SceneOutliner' in 0.0003 seconds. Added 1 classes and 2 folders.
[2018.09.27-22.44.11:895][  0]LogSlate: Took 0.000205 seconds to synchronously load lazily loaded font '../../../Engine/Content/Slate/Fonts/Roboto-Regular.ttf' (155K)
[2018.09.27-22.44.11:897][  0]LogSlate: Took 0.000186 seconds to synchronously load lazily loaded font '../../../Engine/Content/Slate/Fonts/Roboto-Bold.ttf' (160K)
[2018.09.27-22.44.11:904][  0]LogSlate: Took 0.000250 seconds to synchronously load lazily loaded font '../../../Engine/Content/Editor/Slate/Fonts/FontAwesome.ttf' (139K)
[2018.09.27-22.44.11:990][  0]LogRenderer: Reallocating scene render targets to support 1612x808 Format 10 NumSamples 1 (Frame:1).
[2018.09.27-22.44.12:087][  0]LogContentBrowser: Native class hierarchy updated for 'HierarchicalLODOutliner' in 0.0003 seconds. Added 0 classes and 0 folders.
[2018.09.27-22.44.12:088][  0]LogLoad: (Engine Initialization) Total time: 8.60 seconds
[2018.09.27-22.44.12:088][  0]LogLoad: (Engine Initialization) Total Blueprint compile time: 0.00 seconds
[2018.09.27-22.44.12:144][  0]LogContentStreaming: Texture pool size now 1000 MB
[2018.09.27-22.44.12:174][  1]LogFileCache: Retrieving MD5 hashes for directory 'D:/UnrealProjects/A.S.H/ASH_Game/Content/' took 0.05s
[2018.09.27-22.44.12:225][  2]LogAssetRegistry: Asset discovery search completed in 4.0404 seconds
[2018.09.27-22.44.12:227][  2]LogCollectionManager: Rebuilt the object cache for 0 collections in 0.000000 seconds (found 0 objects)
[2018.09.27-22.44.12:227][  2]LogCollectionManager: Fixed up redirectors for 0 collections in 0.000062 seconds (updated 0 objects)
[2018.09.27-22.44.13:554][  6]LogSlate: Took 0.000274 seconds to synchronously load lazily loaded font '../../../Engine/Content/Slate/Fonts/Roboto-Light.ttf' (167K)
[2018.09.27-22.44.27:136][359]LogSlate: FSceneViewport::OnFocusLost() reason 0
[2018.09.27-22.44.35:221][781]LogSlate: Took 0.000185 seconds to synchronously load lazily loaded font '../../../Engine/Content/Slate/Fonts/Roboto-Light.ttf' (167K)
[2018.09.27-22.44.36:171][781]LogSlate: Window 'Delete Assets' being destroyed
[2018.09.27-22.44.37:639][805]LogLinker: Warning: Can't find file '/Game/MapGenerator_Mike/FloorTypes/Wall_East'
[2018.09.27-22.44.37:639][805]LogLinker: Warning: Can't find file for asset '/Game/MapGenerator_Mike/FloorTypes/Wall_East' while loading ../../../../UnrealProjects/A.S.H/ASH_Game/Content/MapGenerator_Mike/FloorTypes/Floor_Base.uasset.
[2018.09.27-22.44.37:639][805]LoadErrors: Error: /Game/MapGenerator_Mike/FloorTypes/Floor_Base : Can't find file for asset. /Game/MapGenerator_Mike/FloorTypes/Wall_East
[2018.09.27-22.44.37:639][805]LogLinker: Warning: Can't find file '/Game/MapGenerator_Mike/FloorTypes/Wall_North'
[2018.09.27-22.44.37:639][805]LogLinker: Warning: Can't find file for asset '/Game/MapGenerator_Mike/FloorTypes/Wall_North' while loading ../../../../UnrealProjects/A.S.H/ASH_Game/Content/MapGenerator_Mike/FloorTypes/Floor_Base.uasset.
[2018.09.27-22.44.37:640][805]LoadErrors: Error: /Game/MapGenerator_Mike/FloorTypes/Floor_Base : Can't find file for asset. /Game/MapGenerator_Mike/FloorTypes/Wall_North
[2018.09.27-22.44.37:640][805]LogLinker: Warning: Can't find file '/Game/MapGenerator_Mike/FloorTypes/Wall_South'
[2018.09.27-22.44.37:640][805]LogLinker: Warning: Can't find file for asset '/Game/MapGenerator_Mike/FloorTypes/Wall_South' while loading ../../../../UnrealProjects/A.S.H/ASH_Game/Content/MapGenerator_Mike/FloorTypes/Floor_Base.uasset.
[2018.09.27-22.44.37:640][805]LoadErrors: Error: /Game/MapGenerator_Mike/FloorTypes/Floor_Base : Can't find file for asset. /Game/MapGenerator_Mike/FloorTypes/Wall_South
[2018.09.27-22.44.37:640][805]LogLinker: Warning: Can't find file '/Game/MapGenerator_Mike/FloorTypes/Wall_West'
[2018.09.27-22.44.37:640][805]LogLinker: Warning: Can't find file for asset '/Game/MapGenerator_Mike/FloorTypes/Wall_West' while loading ../../../../UnrealProjects/A.S.H/ASH_Game/Content/MapGenerator_Mike/FloorTypes/Floor_Base.uasset.
[2018.09.27-22.44.37:640][805]LoadErrors: Error: /Game/MapGenerator_Mike/FloorTypes/Floor_Base : Can't find file for asset. /Game/MapGenerator_Mike/FloorTypes/Wall_West
[2018.09.27-22.44.37:643][805]LogLinker: Warning: Can't find file '/Game/MapGenerator_Mike/FloorTypes/Wall_East'
[2018.09.27-22.44.37:644][805]LogLinker: Warning: Can't find file for asset '/Game/MapGenerator_Mike/FloorTypes/Wall_East' while loading ../../../../UnrealProjects/A.S.H/ASH_Game/Content/MapGenerator_Mike/FloorTypes/Floor_Base.uasset.
[2018.09.27-22.44.37:644][805]LogLinker: Warning: Can't find file '/Game/MapGenerator_Mike/FloorTypes/Wall_North'
[2018.09.27-22.44.37:644][805]LogLinker: Warning: Can't find file for asset '/Game/MapGenerator_Mike/FloorTypes/Wall_North' while loading ../../../../UnrealProjects/A.S.H/ASH_Game/Content/MapGenerator_Mike/FloorTypes/Floor_Base.uasset.
[2018.09.27-22.44.37:644][805]LogLinker: Warning: Can't find file '/Game/MapGenerator_Mike/FloorTypes/Wall_South'
[2018.09.27-22.44.37:644][805]LogLinker: Warning: Can't find file for asset '/Game/MapGenerator_Mike/FloorTypes/Wall_South' while loading ../../../../UnrealProjects/A.S.H/ASH_Game/Content/MapGenerator_Mike/FloorTypes/Floor_Base.uasset.
[2018.09.27-22.44.37:644][805]LogLinker: Warning: Can't find file '/Game/MapGenerator_Mike/FloorTypes/Wall_West'
[2018.09.27-22.44.37:644][805]LogLinker: Warning: Can't find file for asset '/Game/MapGenerator_Mike/FloorTypes/Wall_West' while loading ../../../../UnrealProjects/A.S.H/ASH_Game/Content/MapGenerator_Mike/FloorTypes/Floor_Base.uasset.
[2018.09.27-22.44.37:646][805]LogLinker: Warning: Can't find file '/Game/MapGenerator_Mike/FloorTypes/Wall_East'
[2018.09.27-22.44.37:646][805]LogLinker: Warning: Can't find file for asset '/Game/MapGenerator_Mike/FloorTypes/Wall_East' while loading NULL.
[2018.09.27-22.44.37:646][805]LogLinker: Warning: Can't find file '/Game/MapGenerator_Mike/FloorTypes/Wall_North'
[2018.09.27-22.44.37:646][805]LogLinker: Warning: Can't find file for asset '/Game/MapGenerator_Mike/FloorTypes/Wall_North' while loading NULL.
[2018.09.27-22.44.37:646][805]LogLinker: Warning: Can't find file '/Game/MapGenerator_Mike/FloorTypes/Wall_South'
[2018.09.27-22.44.37:646][805]LogLinker: Warning: Can't find file for asset '/Game/MapGenerator_Mike/FloorTypes/Wall_South' while loading NULL.
[2018.09.27-22.44.37:646][805]LogLinker: Warning: Can't find file '/Game/MapGenerator_Mike/FloorTypes/Wall_West'
[2018.09.27-22.44.37:646][805]LogLinker: Warning: Can't find file for asset '/Game/MapGenerator_Mike/FloorTypes/Wall_West' while loading NULL.
[2018.09.27-22.44.37:647][805]LogLinker: Warning: Can't find file '/Game/MapGenerator_Mike/FloorTypes/Wall_East'
[2018.09.27-22.44.37:647][805]LogLinker: Warning: Can't find file for asset '/Game/MapGenerator_Mike/FloorTypes/Wall_East' while loading NULL.
[2018.09.27-22.44.37:647][805]LogLinker: Warning: Can't find file '/Game/MapGenerator_Mike/FloorTypes/Wall_North'
[2018.09.27-22.44.37:647][805]LogLinker: Warning: Can't find file for asset '/Game/MapGenerator_Mike/FloorTypes/Wall_North' while loading NULL.
[2018.09.27-22.44.37:647][805]LogLinker: Warning: Can't find file '/Game/MapGenerator_Mike/FloorTypes/Wall_South'
[2018.09.27-22.44.37:647][805]LogLinker: Warning: Can't find file for asset '/Game/MapGenerator_Mike/FloorTypes/Wall_South' while loading NULL.
[2018.09.27-22.44.37:647][805]LogLinker: Warning: Can't find file '/Game/MapGenerator_Mike/FloorTypes/Wall_West'
[2018.09.27-22.44.37:648][805]LogLinker: Warning: Can't find file for asset '/Game/MapGenerator_Mike/FloorTypes/Wall_West' while loading NULL.
[2018.09.27-22.44.37:648][805]LogLinker: Warning: Can't find file '/Game/MapGenerator_Mike/FloorTypes/Wall_East'
[2018.09.27-22.44.37:648][805]LogLinker: Warning: Can't find file for asset '/Game/MapGenerator_Mike/FloorTypes/Wall_East' while loading NULL.
[2018.09.27-22.44.37:648][805]LogLinker: Warning: Can't find file '/Game/MapGenerator_Mike/FloorTypes/Wall_North'
[2018.09.27-22.44.37:648][805]LogLinker: Warning: Can't find file for asset '/Game/MapGenerator_Mike/FloorTypes/Wall_North' while loading NULL.
[2018.09.27-22.44.37:648][805]LogLinker: Warning: Can't find file '/Game/MapGenerator_Mike/FloorTypes/Wall_South'
[2018.09.27-22.44.37:648][805]LogLinker: Warning: Can't find file for asset '/Game/MapGenerator_Mike/FloorTypes/Wall_South' while loading NULL.
[2018.09.27-22.44.37:648][805]LogLinker: Warning: Can't find file '/Game/MapGenerator_Mike/FloorTypes/Wall_West'
[2018.09.27-22.44.37:648][805]LogLinker: Warning: Can't find file for asset '/Game/MapGenerator_Mike/FloorTypes/Wall_West' while loading NULL.
[2018.09.27-22.44.37:650][805]LogLinker: Warning: Can't find file '/Game/MapGenerator_Mike/FloorTypes/Wall_North'
[2018.09.27-22.44.37:650][805]LoadErrors: Failed to load /Game/MapGenerator_Mike/FloorTypes/Wall_North.Wall_North_C Referenced by K2Node_SpawnActorFromClass_2
[2018.09.27-22.44.37:651][805]LogLinker: Warning: Can't find file for asset '/Game/MapGenerator_Mike/FloorTypes/Wall_North' while loading NULL.
[2018.09.27-22.44.37:651][805]LogLinker: Warning: Can't find file '/Game/MapGenerator_Mike/FloorTypes/Wall_North'
[2018.09.27-22.44.37:651][805]LogLinker: Warning: Can't find file for asset '/Game/MapGenerator_Mike/FloorTypes/Wall_North' while loading NULL.
[2018.09.27-22.44.37:651][805]LogLinker: Warning: Can't find file '/Game/MapGenerator_Mike/FloorTypes/Wall_South'
[2018.09.27-22.44.37:651][805]LoadErrors: Failed to load /Game/MapGenerator_Mike/FloorTypes/Wall_South.Wall_South_C Referenced by K2Node_SpawnActorFromClass_3
[2018.09.27-22.44.37:651][805]LogLinker: Warning: Can't find file for asset '/Game/MapGenerator_Mike/FloorTypes/Wall_South' while loading NULL.
[2018.09.27-22.44.37:652][805]LogLinker: Warning: Can't find file '/Game/MapGenerator_Mike/FloorTypes/Wall_South'
[2018.09.27-22.44.37:652][805]LogLinker: Warning: Can't find file for asset '/Game/MapGenerator_Mike/FloorTypes/Wall_South' while loading NULL.
[2018.09.27-22.44.37:652][805]LogLinker: Warning: Can't find file '/Game/MapGenerator_Mike/FloorTypes/Wall_East'
[2018.09.27-22.44.37:652][805]LoadErrors: Failed to load /Game/MapGenerator_Mike/FloorTypes/Wall_East.Wall_East_C Referenced by K2Node_SpawnActorFromClass_1
[2018.09.27-22.44.37:652][805]LogLinker: Warning: Can't find file for asset '/Game/MapGenerator_Mike/FloorTypes/Wall_East' while loading NULL.
[2018.09.27-22.44.37:653][805]LogLinker: Warning: Can't find file '/Game/MapGenerator_Mike/FloorTypes/Wall_East'
[2018.09.27-22.44.37:653][805]LogLinker: Warning: Can't find file for asset '/Game/MapGenerator_Mike/FloorTypes/Wall_East' while loading NULL.
[2018.09.27-22.44.37:653][805]LogLinker: Warning: Can't find file '/Game/MapGenerator_Mike/FloorTypes/Wall_West'
[2018.09.27-22.44.37:653][805]LoadErrors: Failed to load /Game/MapGenerator_Mike/FloorTypes/Wall_West.Wall_West_C Referenced by K2Node_SpawnActorFromClass_0
[2018.09.27-22.44.37:653][805]LogLinker: Warning: Can't find file for asset '/Game/MapGenerator_Mike/FloorTypes/Wall_West' while loading NULL.
[2018.09.27-22.44.37:654][805]LogLinker: Warning: Can't find file '/Game/MapGenerator_Mike/FloorTypes/Wall_West'
[2018.09.27-22.44.37:654][805]LogLinker: Warning: Can't find file for asset '/Game/MapGenerator_Mike/FloorTypes/Wall_West' while loading NULL.
[2018.09.27-22.44.37:659][805]LogBlueprint: Error: [Compiler Floor_Base] Spawn node  SpawnActor NONE  must have a  Class  specified.
[2018.09.27-22.44.37:659][805]LogBlueprint: Error: [Compiler Floor_Base] Spawn node  SpawnActor NONE  must have a  Class  specified.
[2018.09.27-22.44.37:659][805]LogBlueprint: Error: [Compiler Floor_Base] Spawn node  SpawnActor NONE  must have a  Class  specified.
[2018.09.27-22.44.37:659][805]LogBlueprint: Error: [Compiler Floor_Base] Spawn node  SpawnActor NONE  must have a  Class  specified.
[2018.09.27-22.44.37:660][805]LogBlueprint: Warning: [Compiler Floor_Base] Input pin  Instigator  specifying non-default value no longer exists on node  SpawnActor NONE . Please refresh node or reset pin to default value to remove pin.
[2018.09.27-22.44.37:660][805]LogBlueprint: Warning: [Compiler Floor_Base] Input pin  Instigator  specifying non-default value no longer exists on node  SpawnActor NONE . Please refresh node or reset pin to default value to remove pin.
[2018.09.27-22.44.37:660][805]LogBlueprint: Warning: [Compiler Floor_Base] Input pin  Instigator  specifying non-default value no longer exists on node  SpawnActor NONE . Please refresh node or reset pin to default value to remove pin.
[2018.09.27-22.44.37:660][805]LogBlueprint: Warning: [Compiler Floor_Base] Input pin  Instigator  specifying non-default value no longer exists on node  SpawnActor NONE . Please refresh node or reset pin to default value to remove pin.
[2018.09.27-22.44.37:662][805]LogBlueprint: Warning: [Compiler Floor_Base] [0034.18] Compile of Floor_Base failed. 4 Fatal Issue(s) 4 Warning(s) [in 7 ms] (/Game/MapGenerator_Mike/FloorTypes/Floor_Base.Floor_Base)
[2018.09.27-22.44.37:685][805]LogAssetEditorManager: Opening Asset editor for Blueprint /Game/MapGenerator_Mike/FloorTypes/Floor_Base.Floor_Base
[2018.09.27-22.44.38:312][805]LogContentBrowser: Native class hierarchy updated for 'BlueprintGraph' in 0.0007 seconds. Added 116 classes and 0 folders.
[2018.09.27-22.44.39:172][805]LogSlate: Took 0.000192 seconds to synchronously load lazily loaded font '../../../Engine/Content/Slate/Fonts/Roboto-BoldCondensed.ttf' (158K)
[2018.09.27-22.44.39:325][806]LogSlate: Took 0.000187 seconds to synchronously load lazily loaded font '../../../Engine/Content/Slate/Fonts/Roboto-Italic.ttf' (157K)
[2018.09.27-22.44.47:901][171]BlueprintLog: New page: Compile Floor_Base
[2018.09.27-22.44.47:908][171]LogBlueprint: Error: [Compiler Floor_Base] Could not find a function named "SpawnWestWall" in 'Floor_Base_C'.
Make sure 'Floor_Base_C' has been compiled for  Spawn West Wall
[2018.09.27-22.44.47:908][171]LogBlueprint: Error: [Compiler Floor_Base] Could not find a function named "SpawnEastWall" in 'Floor_Base_C'.
Make sure 'Floor_Base_C' has been compiled for  Spawn East Wall
[2018.09.27-22.44.47:908][171]LogBlueprint: Error: [Compiler Floor_Base] Could not find a function named "SpawnSouthWall" in 'Floor_Base_C'.
Make sure 'Floor_Base_C' has been compiled for  Spawn South Wall
[2018.09.27-22.44.47:908][171]LogBlueprint: Error: [Compiler Floor_Base] Could not find a function named "SpawnNorthWall" in 'Floor_Base_C'.
Make sure 'Floor_Base_C' has been compiled for  Spawn North Wall
[2018.09.27-22.44.48:101][171]Cmd: OBJ SAVEPACKAGE PACKAGE="/Game/MapGenerator_Mike/FloorTypes/Floor_Base" FILE="../../../../UnrealProjects/A.S.H/ASH_Game/Content/MapGenerator_Mike/FloorTypes/Floor_Base.uasset" SILENT=true
[2018.09.27-22.44.48:131][171]LogSavePackage: Moving '../../../../UnrealProjects/A.S.H/ASH_Game/Saved/Floor_Base7E3BCF694195A7F47601089201D8F099.tmp' to '../../../../UnrealProjects/A.S.H/ASH_Game/Content/MapGenerator_Mike/FloorTypes/Floor_Base.uasset'
[2018.09.27-22.44.48:143][171]LogBlueprint: Warning: [Compiler Floor_Base] [0044.66] Compile of Floor_Base failed. 4 Fatal Issue(s) 0 Warning(s) [in 241 ms] (/Game/MapGenerator_Mike/FloorTypes/Floor_Base.Floor_Base)
[2018.09.27-22.44.55:011][569]BlueprintLog: New page: Compile Floor_Base
[2018.09.27-22.44.55:191][569]Cmd: OBJ SAVEPACKAGE PACKAGE="/Game/MapGenerator_Mike/FloorTypes/Floor_Base" FILE="../../../../UnrealProjects/A.S.H/ASH_Game/Content/MapGenerator_Mike/FloorTypes/Floor_Base.uasset" SILENT=true
[2018.09.27-22.44.55:219][569]LogSavePackage: Moving '../../../../UnrealProjects/A.S.H/ASH_Game/Saved/Floor_Base19146A1E482C35BAFF15E99BF6317E41.tmp' to '../../../../UnrealProjects/A.S.H/ASH_Game/Content/MapGenerator_Mike/FloorTypes/Floor_Base.uasset'
[2018.09.27-22.44.56:183][624]LogTemp: Repeating last play command: New Editor Window (PIE)
[2018.09.27-22.44.56:198][624]LogBlueprintUserMessages: Early PlayInEditor Detection: Level '/Game/UI-Rick/MainMenuTest.MainMenuTest:PersistentLevel' has LevelScriptBlueprint '/Game/UI-Rick/MainMenuTest.MainMenuTest:PersistentLevel.MainMenuTest' with GeneratedClass '/Game/UI-Rick/MainMenuTest.MainMenuTest_C' with ClassGeneratedBy '/Game/UI-Rick/MainMenuTest.MainMenuTest:PersistentLevel.MainMenuTest'
[2018.09.27-22.44.56:198][624]LogPlayLevel: PlayLevel: No blueprints needed recompiling
[2018.09.27-22.44.56:211][624]PIE: New page: PIE session: MainMenuTest (Sep 27, 2018, 2:44:56 PM)
[2018.09.27-22.44.56:212][624]LogPlayLevel: Creating play world package: /Game/UI-Rick/UEDPIE_0_MainMenuTest
[2018.09.27-22.44.56:213][624]LogPlayLevel: PIE: StaticDuplicateObject took: (0.001294s)
[2018.09.27-22.44.56:214][624]LogAIModule: Creating AISystem for world MainMenuTest
[2018.09.27-22.44.56:214][624]LogPlayLevel: PIE: World Init took: (0.000919s)
[2018.09.27-22.44.56:214][624]LogPlayLevel: PIE: Created PIE world by copying editor world from /Game/UI-Rick/MainMenuTest.MainMenuTest to /Game/UI-Rick/UEDPIE_0_MainMenuTest.MainMenuTest (0.002392s)
[2018.09.27-22.44.56:252][624]LogInit: XAudio2 using 'Speakers/Headphones (Realtek(R) Audio)' : 6 channels at 48 kHz using 32 bits per sample (channel mask 0x3f)
[2018.09.27-22.44.56:302][624]LogInit: FAudioDevice initialized.
[2018.09.27-22.44.56:314][624]LogSlate: Updating window title bar state: overlay mode, drag disabled, window buttons hidden, title bar hidden
[2018.09.27-22.44.57:373][624]LogLoad: Game class is 'TopDownGameMode_C'
[2018.09.27-22.44.57:375][624]LogWorld: Bringing World /Game/UI-Rick/UEDPIE_0_MainMenuTest.MainMenuTest up for play (max tick rate 60) at 2018.09.27-18.44.57
[2018.09.27-22.44.57:375][624]LogWorld: Bringing up level for play took: 0.000392
[2018.09.27-22.44.57:390][624]LogContentBrowser: Native class hierarchy updated for 'MovieSceneCapture' in 0.0003 seconds. Added 10 classes and 0 folders.
[2018.09.27-22.44.57:395][624]PIE: Play in editor start time for /Game/UI-Rick/UEDPIE_0_MainMenuTest 1.338
[2018.09.27-22.44.57:395][624]LogBlueprintUserMessages: Late PlayInEditor Detection: Level '/Game/UI-Rick/MainMenuTest.MainMenuTest:PersistentLevel' has LevelScriptBlueprint '/Game/UI-Rick/MainMenuTest.MainMenuTest:PersistentLevel.MainMenuTest' with GeneratedClass '/Game/UI-Rick/MainMenuTest.MainMenuTest_C' with ClassGeneratedBy '/Game/UI-Rick/MainMenuTest.MainMenuTest:PersistentLevel.MainMenuTest'
[2018.09.27-22.44.59:032][718]LogNet: Browse: /Game/MapGenerator_Mike/MapGenerator
[2018.09.27-22.44.59:034][718]LogLoad: LoadMap: /Game/MapGenerator_Mike/MapGenerator
[2018.09.27-22.44.59:563][718]LogAIModule: Creating AISystem for world MapGenerator
[2018.09.27-22.44.59:563][718]LogLoad: Game class is 'TopDownGameMode_C'
[2018.09.27-22.44.59:565][718]LogWorld: Bringing World /Game/MapGenerator_Mike/UEDPIE_0_MapGenerator.MapGenerator up for play (max tick rate 60) at 2018.09.27-18.44.59
[2018.09.27-22.44.59:565][718]LogWorld: Bringing up level for play took: 0.001096
[2018.09.27-22.44.59:566][718]LogGameMode: FindPlayerStart: PATHS NOT DEFINED or NO PLAYERSTART with positive rating
[2018.09.27-22.44.59:566][718]LogBlueprintUserMessages: [MapGenerator_BP_4] REAbranch#1
[2018.09.27-22.44.59:566][718]LogBlueprintUserMessages: [MapGenerator_BP_4] CSbranch#3
[2018.09.27-22.44.59:566][718]LogBlueprintUserMessages: [MapGenerator_BP_4] CBbranch#2
[2018.09.27-22.44.59:568][718]LogBlueprintUserMessages: [MapGenerator_BP_4] REA Spawned
[2018.09.27-22.44.59:589][718]LogBlueprintUserMessages: [MapGenerator_BP_4] CB Spawned
[2018.09.27-22.44.59:594][718]LogBlueprintUserMessages: [MapGenerator_BP_4] CS Spawned
[2018.09.27-22.44.59:595][718]LogLoad: Took 0.561225 seconds to LoadMap(/Game/MapGenerator_Mike/MapGenerator)
[2018.09.27-22.45.01:344][814]LogNet: Browse: /Game/MapGenerator_Mike/MapGenerator
[2018.09.27-22.45.01:349][814]LogLoad: LoadMap: /Game/MapGenerator_Mike/MapGenerator
[2018.09.27-22.45.01:455][814]LogAIModule: Creating AISystem for world MapGenerator
[2018.09.27-22.45.01:455][814]LogLoad: Game class is 'TopDownGameMode_C'
[2018.09.27-22.45.01:457][814]LogWorld: Bringing World /Game/MapGenerator_Mike/UEDPIE_0_MapGenerator.MapGenerator up for play (max tick rate 60) at 2018.09.27-18.45.01
[2018.09.27-22.45.01:457][814]LogWorld: Bringing up level for play took: 0.000916
[2018.09.27-22.45.01:458][814]LogGameMode: FindPlayerStart: PATHS NOT DEFINED or NO PLAYERSTART with positive rating
[2018.09.27-22.45.01:458][814]LogBlueprintUserMessages: [MapGenerator_BP_4] REAbranch#3
[2018.09.27-22.45.01:458][814]LogBlueprintUserMessages: [MapGenerator_BP_4] CSbranch#1
[2018.09.27-22.45.01:461][814]LogBlueprintUserMessages: [MapGenerator_BP_4] CS Spawned
[2018.09.27-22.45.01:488][814]LogBlueprintUserMessages: [MapGenerator_BP_4] REA Spawned
[2018.09.27-22.45.01:501][814]LogLoad: Took 0.150953 seconds to LoadMap(/Game/MapGenerator_Mike/MapGenerator)
[2018.09.27-22.45.06:047][ 86]LogNet: Browse: /Game/MapGenerator_Mike/MapGenerator
[2018.09.27-22.45.06:056][ 86]LogLoad: LoadMap: /Game/MapGenerator_Mike/MapGenerator
[2018.09.27-22.45.06:150][ 86]LogAIModule: Creating AISystem for world MapGenerator
[2018.09.27-22.45.06:150][ 86]LogLoad: Game class is 'TopDownGameMode_C'
[2018.09.27-22.45.06:151][ 86]LogWorld: Bringing World /Game/MapGenerator_Mike/UEDPIE_0_MapGenerator.MapGenerator up for play (max tick rate 60) at 2018.09.27-18.45.06
[2018.09.27-22.45.06:152][ 86]LogWorld: Bringing up level for play took: 0.000889
[2018.09.27-22.45.06:152][ 86]LogGameMode: FindPlayerStart: PATHS NOT DEFINED or NO PLAYERSTART with positive rating
[2018.09.27-22.45.06:152][ 86]LogBlueprintUserMessages: [MapGenerator_BP_4] REAbranch#1
[2018.09.27-22.45.06:152][ 86]LogBlueprintUserMessages: [MapGenerator_BP_4] CSbranch#3
[2018.09.27-22.45.06:152][ 86]LogBlueprintUserMessages: [MapGenerator_BP_4] NAVbranch#2
[2018.09.27-22.45.06:154][ 86]LogBlueprintUserMessages: [MapGenerator_BP_4] REA Spawned
[2018.09.27-22.45.06:166][ 86]LogBlueprintUserMessages: [MapGenerator_BP_4] NAV Spawned
[2018.09.27-22.45.06:175][ 86]LogBlueprintUserMessages: [MapGenerator_BP_4] CS Spawned
[2018.09.27-22.45.06:177][ 86]LogLoad: Took 0.120818 seconds to LoadMap(/Game/MapGenerator_Mike/MapGenerator)
[2018.09.27-22.45.07:406][159]LogNet: Browse: /Game/MapGenerator_Mike/MapGenerator
[2018.09.27-22.45.07:413][159]LogLoad: LoadMap: /Game/MapGenerator_Mike/MapGenerator
[2018.09.27-22.45.07:510][159]LogAIModule: Creating AISystem for world MapGenerator
[2018.09.27-22.45.07:511][159]LogLoad: Game class is 'TopDownGameMode_C'
[2018.09.27-22.45.07:512][159]LogWorld: Bringing World /Game/MapGenerator_Mike/UEDPIE_0_MapGenerator.MapGenerator up for play (max tick rate 60) at 2018.09.27-18.45.07
[2018.09.27-22.45.07:512][159]LogWorld: Bringing up level for play took: 0.000716
[2018.09.27-22.45.07:512][159]LogGameMode: FindPlayerStart: PATHS NOT DEFINED or NO PLAYERSTART with positive rating
[2018.09.27-22.45.07:513][159]LogBlueprintUserMessages: [MapGenerator_BP_4] REAbranch#3
[2018.09.27-22.45.07:513][159]LogBlueprintUserMessages: [MapGenerator_BP_4] CBbranch#1
[2018.09.27-22.45.07:516][159]LogBlueprintUserMessages: [MapGenerator_BP_4] CB Spawned
[2018.09.27-22.45.07:531][159]LogBlueprintUserMessages: [MapGenerator_BP_4] REA Spawned
[2018.09.27-22.45.07:533][159]LogLoad: Took 0.119628 seconds to LoadMap(/Game/MapGenerator_Mike/MapGenerator)
[2018.09.27-22.45.11:947][423]Set new viewmode: Wireframe
[2018.09.27-22.45.12:614][463]Set new viewmode: Wireframe
[2018.09.27-22.45.13:098][492]LogBlueprintUserMessages: Early EndPlayMap Detection: Level '/Game/UI-Rick/MainMenuTest.MainMenuTest:PersistentLevel' has LevelScriptBlueprint '/Game/UI-Rick/MainMenuTest.MainMenuTest:PersistentLevel.MainMenuTest' with GeneratedClass '/Game/UI-Rick/MainMenuTest.MainMenuTest_C' with ClassGeneratedBy '/Game/UI-Rick/MainMenuTest.MainMenuTest:PersistentLevel.MainMenuTest'
[2018.09.27-22.45.13:098][492]LogSlate: Updating window title bar state: overlay mode, drag disabled, window buttons hidden, title bar hidden
[2018.09.27-22.45.13:112][492]LogSlate: Window 'ASH_Game Game Preview Standalone (64-bit/PCD3D_SM5)' being destroyed
[2018.09.27-22.45.13:148][492]LogPlayLevel: Display: Shutting down PIE online subsystems
[2018.09.27-22.45.13:149][492]LogBlueprintUserMessages: Late EndPlayMap Detection: Level '/Game/UI-Rick/MainMenuTest.MainMenuTest:PersistentLevel' has LevelScriptBlueprint '/Game/UI-Rick/MainMenuTest.MainMenuTest:PersistentLevel.MainMenuTest' with GeneratedClass '/Game/UI-Rick/MainMenuTest.MainMenuTest_C' with ClassGeneratedBy '/Game/UI-Rick/MainMenuTest.MainMenuTest:PersistentLevel.MainMenuTest'
[2018.09.27-22.45.13:198][493]LogPlayLevel: Display: Destroying online subsystem :Context_3
[2018.09.27-22.45.17:030][720]BlueprintLog: New page: Compile Floor_Base
[2018.09.27-22.45.17:692][744]Cmd: OBJ SAVEPACKAGE PACKAGE="/Game/MapGenerator_Mike/FloorTypes/Floor_Base" FILE="../../../../UnrealProjects/A.S.H/ASH_Game/Content/MapGenerator_Mike/FloorTypes/Floor_Base.uasset" SILENT=true
[2018.09.27-22.45.17:720][744]LogSavePackage: Moving '../../../../UnrealProjects/A.S.H/ASH_Game/Saved/Floor_Base491D48B24DCC1A0783179CA8DC2D8D08.tmp' to '../../../../UnrealProjects/A.S.H/ASH_Game/Content/MapGenerator_Mike/FloorTypes/Floor_Base.uasset'
[2018.09.27-22.45.18:658][799]LogSlate: Window 'Floor_Base' being destroyed
[2018.09.27-22.45.18:663][799]LogSlate: Window 'Floor_Base' being destroyed
[2018.09.27-22.45.26:535][928]LogSlate: Window 'ASH_Game - Unreal Editor' being destroyed
[2018.09.27-22.45.26:536][928]LogWindowsTextInputMethodSystem: Display: IME system now deactivated.
[2018.09.27-22.45.26:759][929]Cmd: QUIT_EDITOR
[2018.09.27-22.45.27:088][929]LogExit: Preparing to exit.
[2018.09.27-22.45.28:100][929]LogActorComponent: UnregisterComponent: (None.None) Not registered. Aborting.
[2018.09.27-22.45.28:150][929]LogExit: Editor shut down
[2018.09.27-22.45.28:151][929]LogExit: Transaction tracking system shut down
[2018.09.27-22.45.28:815][929]LogExit: Object subsystem successfully closed.
[2018.09.27-22.45.28:843][929]LogShaderCompilers: Display: Shaders left to compile 0
[2018.09.27-22.45.28:853][929]LogD3D11RHI: Shutdown
[2018.09.27-22.45.28:853][929]LogD3D11RHI: CleanupD3DDevice
[2018.09.27-22.45.28:883][929]LogD3D11RHI: ~FD3D11DynamicRHI
[2018.09.27-22.45.28:900][929]LogModuleManager: Shutting down and abandoning module MovieSceneCapture (616)
[2018.09.27-22.45.28:900][929]LogModuleManager: Shutting down and abandoning module Voice (614)
[2018.09.27-22.45.28:900][929]LogModuleManager: Shutting down and abandoning module BlueprintGraph (612)
[2018.09.27-22.45.28:900][929]LogModuleManager: Shutting down and abandoning module HierarchicalLODOutliner (610)
[2018.09.27-22.45.28:900][929]LogModuleManager: Shutting down and abandoning module SceneOutliner (608)
[2018.09.27-22.45.28:900][929]LogModuleManager: Shutting down and abandoning module AddContentDialog (606)
[2018.09.27-22.45.28:902][929]LogModuleManager: Shutting down and abandoning module WidgetCarousel (605)
[2018.09.27-22.45.28:902][929]LogModuleManager: Shutting down and abandoning module EditorWidgets (602)
[2018.09.27-22.45.28:902][929]LogModuleManager: Shutting down and abandoning module CollectionManager (600)
[2018.09.27-22.45.28:902][929]LogModuleManager: Shutting down and abandoning module StatsViewer (598)
[2018.09.27-22.45.28:902][929]LogModuleManager: Shutting down and abandoning module FoliageEdit (596)
[2018.09.27-22.45.28:902][929]LogModuleManager: Shutting down and abandoning module LandscapeEditor (594)
[2018.09.27-22.45.28:903][929]LogModuleManager: Shutting down and abandoning module MeshPaintMode (592)
[2018.09.27-22.45.28:903][929]LogModuleManager: Shutting down and abandoning module SceneDepthPickerMode (590)
[2018.09.27-22.45.28:903][929]LogModuleManager: Shutting down and abandoning module ActorPickerMode (588)
[2018.09.27-22.45.28:903][929]LogModuleManager: Shutting down and abandoning module GeometryMode (586)
[2018.09.27-22.45.28:903][929]LogModuleManager: Shutting down and abandoning module TextureAlignMode (584)
[2018.09.27-22.45.28:903][929]LogModuleManager: Shutting down and abandoning module BspMode (582)
[2018.09.27-22.45.28:903][929]LogModuleManager: Shutting down and abandoning module PIEPreviewDeviceProfileSelector (580)
[2018.09.27-22.45.28:903][929]LogModuleManager: Shutting down and abandoning module SequenceRecorderSections (578)
[2018.09.27-22.45.28:903][929]LogModuleManager: Shutting down and abandoning module AutomationWorker (576)
[2018.09.27-22.45.28:903][929]LogModuleManager: Shutting down and abandoning module AudioCaptureEditor (574)
[2018.09.27-22.45.28:903][929]LogModuleManager: Shutting down and abandoning module SequenceRecorder (573)
[2018.09.27-22.45.28:903][929]LogModuleManager: Shutting down and abandoning module MatineeToLevelSequence (570)
[2018.09.27-22.45.28:903][929]LogModuleManager: Shutting down and abandoning module LevelSequenceEditor (568)
[2018.09.27-22.45.28:903][929]LogModuleManager: Shutting down and abandoning module PlacementMode (567)
[2018.09.27-22.45.28:903][929]LogModuleManager: Shutting down and abandoning module MaterialEditor (566)
[2018.09.27-22.45.28:903][929]LogModuleManager: Shutting down and abandoning module WmfMediaFactory (562)
[2018.09.27-22.45.28:903][929]LogModuleManager: Shutting down and abandoning module WmfMediaEditor (560)
[2018.09.27-22.45.28:903][929]LogModuleManager: Shutting down and abandoning module MediaPlayerEditor (558)
[2018.09.27-22.45.28:903][929]LogModuleManager: Shutting down and abandoning module OpenExrWrapper (556)
[2018.09.27-22.45.28:903][929]LogModuleManager: Shutting down and abandoning module ImgMediaFactory (554)
[2018.09.27-22.45.28:903][929]LogModuleManager: Shutting down and abandoning module ImgMediaEditor (552)
[2018.09.27-22.45.28:903][929]LogModuleManager: Shutting down and abandoning module AvfMediaFactory (550)
[2018.09.27-22.45.28:903][929]LogModuleManager: Shutting down and abandoning module AvfMediaEditor (548)
[2018.09.27-22.45.28:903][929]LogModuleManager: Shutting down and abandoning module AndroidMediaFactory (546)
[2018.09.27-22.45.28:904][929]LogModuleManager: Shutting down and abandoning module AndroidMediaEditor (544)
[2018.09.27-22.45.28:904][929]LogModuleManager: Shutting down and abandoning module MagicLeapCameraPreviewFactory (542)
[2018.09.27-22.45.28:904][929]LogModuleManager: Shutting down and abandoning module MagicLeapMediaFactory (540)
[2018.09.27-22.45.28:904][929]LogModuleManager: Shutting down and abandoning module MagicLeapMediaEditor (538)
[2018.09.27-22.45.28:904][929]LogModuleManager: Shutting down and abandoning module CharacterAI (536)
[2018.09.27-22.45.28:904][929]LogModuleManager: Shutting down and abandoning module SmartSnapping (534)
[2018.09.27-22.45.28:904][929]LogModuleManager: Shutting down and abandoning module SessionServices (532)
[2018.09.27-22.45.28:904][929]LogModuleManager: Shutting down and abandoning module ViewportSnapping (530)
[2018.09.27-22.45.28:904][929]LogModuleManager: Shutting down and abandoning module ViewportInteraction (528)
[2018.09.27-22.45.28:904][929]LogModuleManager: Shutting down and abandoning module ClothPainter (526)
[2018.09.27-22.45.28:904][929]LogModuleManager: Shutting down and abandoning module SkeletalMeshEditor (525)
[2018.09.27-22.45.28:904][929]LogModuleManager: Shutting down and abandoning module LogVisualizer (522)
[2018.09.27-22.45.28:904][929]LogModuleManager: Shutting down and abandoning module IntroTutorials (520)
[2018.09.27-22.45.28:904][929]LogModuleManager: Shutting down and abandoning module GameProjectGeneration (519)
[2018.09.27-22.45.28:904][929]LogModuleManager: Shutting down and abandoning module LuminPlatformEditor (516)
[2018.09.27-22.45.28:904][929]LogModuleManager: Shutting down and abandoning module IOSPlatformEditor (514)
[2018.09.27-22.45.28:904][929]LogModuleManager: Shutting down and abandoning module HTML5PlatformEditor (512)
[2018.09.27-22.45.28:904][929]LogModuleManager: Shutting down and abandoning module AndroidPlatformEditor (510)
[2018.09.27-22.45.28:904][929]LogModuleManager: Shutting down and abandoning module AndroidDeviceDetection (509)
[2018.09.27-22.45.29:040][929]LogModuleManager: Shutting down and abandoning module WindowsPlatformEditor (506)
[2018.09.27-22.45.29:040][929]LogModuleManager: Shutting down and abandoning module LuminRuntimeSettings (504)
[2018.09.27-22.45.29:040][929]LogModuleManager: Shutting down and abandoning module IOSRuntimeSettings (502)
[2018.09.27-22.45.29:040][929]LogModuleManager: Shutting down and abandoning module AndroidRuntimeSettings (500)
[2018.09.27-22.45.29:040][929]LogModuleManager: Shutting down and abandoning module InputBindingEditor (498)
[2018.09.27-22.45.29:041][929]LogModuleManager: Shutting down and abandoning module MergeActors (496)
[2018.09.27-22.45.29:041][929]LogModuleManager: Shutting down and abandoning module LocalizationDashboard (494)
[2018.09.27-22.45.29:041][929]LogModuleManager: Shutting down and abandoning module LocalizationService (493)
[2018.09.27-22.45.29:041][929]LogModuleManager: Shutting down and abandoning module HardwareTargeting (490)
[2018.09.27-22.45.29:041][929]LogModuleManager: Shutting down and abandoning module DeviceProfileEditor (488)
[2018.09.27-22.45.29:041][929]LogModuleManager: Shutting down and abandoning module UndoHistory (486)
[2018.09.27-22.45.29:041][929]LogModuleManager: Shutting down and abandoning module XmlParser (484)
[2018.09.27-22.45.29:041][929]LogModuleManager: Shutting down and abandoning module Blutility (482)
[2018.09.27-22.45.29:041][929]LogModuleManager: Shutting down and abandoning module ProjectSettingsViewer (480)
[2018.09.27-22.45.29:041][929]LogModuleManager: Shutting down and abandoning module ProjectTargetPlatformEditor (479)
[2018.09.27-22.45.29:041][929]LogModuleManager: Shutting down and abandoning module EditorSettingsViewer (476)
[2018.09.27-22.45.29:041][929]LogModuleManager: Shutting down and abandoning module SettingsEditor (474)
[2018.09.27-22.45.29:041][929]LogModuleManager: Shutting down and abandoning module ProjectLauncher (472)
[2018.09.27-22.45.29:041][929]LogModuleManager: Shutting down and abandoning module SessionFrontend (470)
[2018.09.27-22.45.29:041][929]LogModuleManager: Shutting down and abandoning module ProfilerClient (468)
[2018.09.27-22.45.29:041][929]LogModuleManager: Shutting down and abandoning module DeviceManager (466)
[2018.09.27-22.45.29:041][929]LogModuleManager: Shutting down and abandoning module TargetDeviceServices (465)
[2018.09.27-22.45.29:097][929]LogModuleManager: Shutting down and abandoning module AutomationController (462)
[2018.09.27-22.45.29:097][929]LogModuleManager: Shutting down and abandoning module AutomationWindow (460)
[2018.09.27-22.45.29:097][929]LogModuleManager: Shutting down and abandoning module Layers (458)
[2018.09.27-22.45.29:097][929]LogModuleManager: Shutting down and abandoning module ComponentVisualizers (456)
[2018.09.27-22.45.29:097][929]LogModuleManager: Shutting down and abandoning module DetailCustomizations (454)
[2018.09.27-22.45.29:097][929]LogModuleManager: Shutting down and abandoning module PackagesDialog (452)
[2018.09.27-22.45.29:097][929]LogModuleManager: Shutting down and abandoning module Persona (450)
[2018.09.27-22.45.29:097][929]LogModuleManager: Shutting down and abandoning module AdvancedPreviewScene (449)
[2018.09.27-22.45.29:097][929]LogModuleManager: Shutting down and abandoning module AnimGraph (447)
[2018.09.27-22.45.29:097][929]LogModuleManager: Shutting down and abandoning module Kismet (444)
[2018.09.27-22.45.29:107][929]LogModuleManager: Shutting down and abandoning module GraphEditor (442)
[2018.09.27-22.45.29:107][929]LogModuleManager: Shutting down and abandoning module ClassViewer (440)
[2018.09.27-22.45.29:107][929]LogModuleManager: Shutting down and abandoning module Toolbox (438)
[2018.09.27-22.45.29:107][929]LogModuleManager: Shutting down and abandoning module ModuleUI (436)
[2018.09.27-22.45.29:107][929]LogModuleManager: Shutting down and abandoning module MovieSceneTools (434)
[2018.09.27-22.45.29:108][929]LogModuleManager: Shutting down and abandoning module OutputLog (432)
[2018.09.27-22.45.29:108][929]LogModuleManager: Shutting down and abandoning module GammaUI (430)
[2018.09.27-22.45.29:108][929]LogModuleManager: Shutting down and abandoning module Documentation (428)
[2018.09.27-22.45.29:108][929]LogModuleManager: Shutting down and abandoning module MovieSceneTracks (426)
[2018.09.27-22.45.29:108][929]LogModuleManager: Shutting down and abandoning module MovieScene (424)
[2018.09.27-22.45.29:108][929]LogModuleManager: Shutting down and abandoning module StreamingPauseRendering (422)
[2018.09.27-22.45.29:108][929]LogModuleManager: Shutting down and abandoning module LauncherPlatform (420)
[2018.09.27-22.45.29:108][929]LogModuleManager: Shutting down and abandoning module AnalyticsET (418)
[2018.09.27-22.45.29:108][929]LogModuleManager: Shutting down and abandoning module PortalServices (416)
[2018.09.27-22.45.29:108][929]LogModuleManager: Shutting down and abandoning module PortalRpc (414)
[2018.09.27-22.45.29:108][929]LogModuleManager: Shutting down and abandoning module MessagingRpc (412)
[2018.09.27-22.45.29:108][929]LogModuleManager: Shutting down and abandoning module AIModule (410)
[2018.09.27-22.45.29:108][929]LogModuleManager: Shutting down and abandoning module GameplayDebugger (409)
[2018.09.27-22.45.29:108][929]LogModuleManager: Shutting down and abandoning module AITestSuite (407)
[2018.09.27-22.45.29:108][929]LogModuleManager: Shutting down and abandoning module NavigationSystem (405)
[2018.09.27-22.45.29:108][929]LogModuleManager: Shutting down and abandoning module DesktopPlatform (402)
[2018.09.27-22.45.29:108][929]LogModuleManager: Shutting down and abandoning module ProfilerService (400)
[2018.09.27-22.45.29:296][929]LogModuleManager: Shutting down and abandoning module TaskGraph (398)
[2018.09.27-22.45.29:296][929]LogModuleManager: Shutting down and abandoning module SteamVRController (396)
[2018.09.27-22.45.29:296][929]LogModuleManager: Shutting down and abandoning module ProceduralMeshComponentEditor (394)
[2018.09.27-22.45.29:297][929]LogModuleManager: Shutting down and abandoning module ProceduralMeshComponent (392)
[2018.09.27-22.45.29:297][929]LogModuleManager: Shutting down and abandoning module OculusInput (390)
[2018.09.27-22.45.29:297][929]LogModuleManager: Shutting down and abandoning module MobilePatchingUtils (388)
[2018.09.27-22.45.29:297][929]LogModuleManager: Shutting down and abandoning module EditableMesh (386)
[2018.09.27-22.45.29:297][929]LogModuleManager: Shutting down and abandoning module CustomMeshComponent (384)
[2018.09.27-22.45.29:297][929]LogModuleManager: Shutting down and abandoning module CableComponent (382)
[2018.09.27-22.45.29:297][929]LogModuleManager: Shutting down and abandoning module AudioCapture (380)
[2018.09.27-22.45.29:297][929]LogModuleManager: Shutting down and abandoning module ArchVisCharacter (378)
[2018.09.27-22.45.29:297][929]LogModuleManager: Shutting down and abandoning module AndroidPermission (376)
[2018.09.27-22.45.29:297][929]LogModuleManager: Shutting down and abandoning module NUTUnrealEngine4 (374)
[2018.09.27-22.45.29:297][929]LogModuleManager: Shutting down and abandoning module NetcodeUnitTest (372)
[2018.09.27-22.45.29:297][929]LogModuleManager: Shutting down and abandoning module MediaCompositingEditor (370)
[2018.09.27-22.45.29:297][929]LogModuleManager: Shutting down and abandoning module MediaCompositing (368)
[2018.09.27-22.45.29:297][929]LogModuleManager: Shutting down and abandoning module LinearTimecode (366)
[2018.09.27-22.45.29:297][929]LogModuleManager: Shutting down and abandoning module ImgMedia (364)
[2018.09.27-22.45.29:300][929]LogModuleManager: Shutting down and abandoning module HTML5Networking (362)
[2018.09.27-22.45.29:300][929]LogModuleManager: Shutting down and abandoning module GeometryCacheTracks (360)
[2018.09.27-22.45.29:300][929]LogModuleManager: Shutting down and abandoning module GeometryCacheSequencer (358)
[2018.09.27-22.45.29:300][929]LogModuleManager: Shutting down and abandoning module BackChannel (356)
[2018.09.27-22.45.29:300][929]LogModuleManager: Shutting down and abandoning module AppleVision (354)
[2018.09.27-22.45.29:300][929]LogModuleManager: Shutting down and abandoning module AppleImageUtils (352)
[2018.09.27-22.45.29:301][929]LogModuleManager: Shutting down and abandoning module AlembicImporter (350)
[2018.09.27-22.45.29:301][929]LogModuleManager: Shutting down and abandoning module AlembicLibrary (349)
[2018.09.27-22.45.29:301][929]LogModuleManager: Shutting down and abandoning module GeometryCache (348)
[2018.09.27-22.45.29:301][929]LogModuleManager: Shutting down and abandoning module GeometryCacheEd (347)
[2018.09.27-22.45.29:301][929]LogModuleManager: Shutting down and abandoning module DatasmithContentEditor (342)
[2018.09.27-22.45.29:301][929]LogModuleManager: Shutting down and abandoning module DatasmithContent (340)
[2018.09.27-22.45.29:301][929]LogModuleManager: Shutting down and abandoning module SpeedTreeImporter (338)
[2018.09.27-22.45.29:301][929]LogModuleManager: Shutting down and abandoning module PluginBrowser (336)
[2018.09.27-22.45.29:301][929]LogModuleManager: Shutting down and abandoning module MobileLauncherProfileWizard (334)
[2018.09.27-22.45.29:301][929]LogModuleManager: Shutting down and abandoning module PolygonModeling (332)
[2018.09.27-22.45.29:301][929]LogModuleManager: Shutting down and abandoning module MeshEditor (330)
[2018.09.27-22.45.29:301][929]LogModuleManager: Shutting down and abandoning module CryptoKeysOpenSSL (328)
[2018.09.27-22.45.29:301][929]LogModuleManager: Shutting down and abandoning module CryptoKeys (326)
[2018.09.27-22.45.29:301][929]LogModuleManager: Shutting down and abandoning module VisualStudioSourceCodeAccess (324)
[2018.09.27-22.45.29:301][929]LogModuleManager: Shutting down and abandoning module VisualStudioCodeSourceCodeAccess (322)
[2018.09.27-22.45.29:301][929]LogModuleManager: Shutting down and abandoning module UObjectPlugin (320)
[2018.09.27-22.45.29:302][929]LogModuleManager: Shutting down and abandoning module SubversionSourceControl (318)
[2018.09.27-22.45.29:302][929]LogModuleManager: Shutting down and abandoning module PerforceSourceControl (316)
[2018.09.27-22.45.29:302][929]LogModuleManager: Shutting down and abandoning module GitSourceControl (314)
[2018.09.27-22.45.29:302][929]LogModuleManager: Shutting down and abandoning module SourceControl (313)
[2018.09.27-22.45.29:302][929]LogModuleManager: Shutting down and abandoning module CLionSourceCodeAccess (310)
[2018.09.27-22.45.29:302][929]LogModuleManager: Shutting down and abandoning module LightPropagationVolumeEditor (308)
[2018.09.27-22.45.29:302][929]LogModuleManager: Shutting down and abandoning module PaperTiledImporter (306)
[2018.09.27-22.45.29:302][929]LogModuleManager: Shutting down and abandoning module PaperSpriteSheetImporter (304)
[2018.09.27-22.45.29:302][929]LogModuleManager: Shutting down and abandoning module Paper2DEditor (302)
[2018.09.27-22.45.29:302][929]LogModuleManager: Shutting down and abandoning module MeshPaint (301)
[2018.09.27-22.45.29:302][929]LogModuleManager: Shutting down and abandoning module RuntimePhysXCooking (298)
[2018.09.27-22.45.29:302][929]LogModuleManager: Shutting down and abandoning module PhysXVehiclesEditor (296)
[2018.09.27-22.45.29:302][929]LogModuleManager: Shutting down and abandoning module PhysXVehicles (294)
[2018.09.27-22.45.29:302][929]LogModuleManager: Shutting down and abandoning module OculusEditor (292)
[2018.09.27-22.45.29:302][929]LogModuleManager: Shutting down and abandoning module LocationServicesBPLibrary (290)
[2018.09.27-22.45.29:302][929]LogModuleManager: Shutting down and abandoning module ImmediatePhysicsEditor (288)
[2018.09.27-22.45.29:302][929]LogModuleManager: Shutting down and abandoning module ImmediatePhysics (286)
[2018.09.27-22.45.29:302][929]LogModuleManager: Shutting down and abandoning module ActorSequence (284)
[2018.09.27-22.45.29:302][929]LogModuleManager: Shutting down and abandoning module UdpMessaging (282)
[2018.09.27-22.45.29:404][929]LogModuleManager: Shutting down and abandoning module TcpMessaging (280)
[2018.09.27-22.45.29:505][929]LogModuleManager: Shutting down and abandoning module MagicLeapAudio (278)
[2018.09.27-22.45.29:505][929]LogModuleManager: Shutting down and abandoning module GameplayTagsEditor (276)
[2018.09.27-22.45.29:505][929]LogModuleManager: Shutting down and abandoning module FacialAnimationEditor (274)
[2018.09.27-22.45.29:505][929]LogModuleManager: Shutting down and abandoning module FacialAnimation (272)
[2018.09.27-22.45.29:505][929]LogModuleManager: Shutting down and abandoning module DataValidation (270)
[2018.09.27-22.45.29:505][929]LogModuleManager: Shutting down and abandoning module AssetManagerEditor (268)
[2018.09.27-22.45.29:505][929]LogModuleManager: Shutting down and abandoning module LevelEditor (267)
[2018.09.27-22.45.29:506][929]LogModuleManager: Shutting down and abandoning module PixelInspectorModule (266)
[2018.09.27-22.45.29:506][929]LogModuleManager: Shutting down and abandoning module CommonMenuExtensions (264)
[2018.09.27-22.45.29:506][929]LogModuleManager: Shutting down and abandoning module MainFrame (262)
[2018.09.27-22.45.29:506][929]LogModuleManager: Shutting down and abandoning module HotReload (261)
[2018.09.27-22.45.29:506][929]LogModuleManager: Shutting down and abandoning module ContentBrowser (257)
[2018.09.27-22.45.29:507][929]LogModuleManager: Shutting down and abandoning module TreeMap (255)
[2018.09.27-22.45.29:507][929]LogModuleManager: Shutting down and abandoning module LightPropagationVolumeRuntime (252)
[2018.09.27-22.45.29:507][929]LogModuleManager: Shutting down and abandoning module AISupportModule (250)
[2018.09.27-22.45.29:507][929]LogModuleManager: Shutting down and abandoning module Paper2D (248)
[2018.09.27-22.45.29:507][929]LogModuleManager: Shutting down and abandoning module WindowsMoviePlayer (246)
[2018.09.27-22.45.29:507][929]LogModuleManager: Shutting down and abandoning module WmfMedia (244)
[2018.09.27-22.45.29:509][929]LogModuleManager: Shutting down and abandoning module Media (243)
[2018.09.27-22.45.29:515][929]LogModuleManager: Shutting down and abandoning module PacketHandler (240)
[2018.09.27-22.45.29:515][929]LogModuleManager: Shutting down and abandoning module ClothingSystemEditor (238)
[2018.09.27-22.45.29:515][929]LogModuleManager: Shutting down and abandoning module ClothingSystemRuntime (236)
[2018.09.27-22.45.29:515][929]LogModuleManager: Shutting down and abandoning module MediaAssets (234)
[2018.09.27-22.45.29:516][929]LogModuleManager: Shutting down and abandoning module Overlay (232)
[2018.09.27-22.45.29:516][929]LogModuleManager: Shutting down and abandoning module OverlayEditor (231)
[2018.09.27-22.45.29:516][929]LogModuleManager: Shutting down and abandoning module VREditor (228)
[2018.09.27-22.45.29:516][929]LogModuleManager: Shutting down and abandoning module StringTableEditor (226)
[2018.09.27-22.45.29:516][929]LogModuleManager: Shutting down and abandoning module GameplayTasksEditor (224)
[2018.09.27-22.45.29:516][929]LogModuleManager: Shutting down and abandoning module BehaviorTreeEditor (222)
[2018.09.27-22.45.29:516][929]LogModuleManager: Shutting down and abandoning module FunctionalTesting (220)
[2018.09.27-22.45.29:516][929]LogModuleManager: Shutting down and abandoning module CollisionAnalyzer (218)
[2018.09.27-22.45.29:516][929]LogModuleManager: Shutting down and abandoning module WorkspaceMenuStructure (217)
[2018.09.27-22.45.29:516][929]LogModuleManager: Shutting down and abandoning module UMG (214)
[2018.09.27-22.45.29:516][929]LogModuleManager: Shutting down and abandoning module UMGEditor (213)
[2018.09.27-22.45.29:516][929]LogModuleManager: Shutting down and abandoning module Sequencer (212)
[2018.09.27-22.45.29:516][929]LogModuleManager: Shutting down and abandoning module MessageLog (209)
[2018.09.27-22.45.29:516][929]LogModuleManager: Shutting down and abandoning module SlateReflector (204)
[2018.09.27-22.45.29:516][929]LogModuleManager: Shutting down and abandoning module Slate (202)
[2018.09.27-22.45.29:516][929]LogModuleManager: Shutting down and abandoning module EditorStyle (200)
[2018.09.27-22.45.29:519][929]LogModuleManager: Shutting down and abandoning module MRMesh (198)
[2018.09.27-22.45.29:519][929]LogModuleManager: Shutting down and abandoning module SourceCodeAccess (196)
[2018.09.27-22.45.29:519][929]LogModuleManager: Shutting down and abandoning module HeadMountedDisplay (194)
[2018.09.27-22.45.29:519][929]LogModuleManager: Shutting down and abandoning module XAudio2 (192)
[2018.09.27-22.45.29:519][929]LogModuleManager: Shutting down and abandoning module Networking (190)
[2018.09.27-22.45.29:519][929]LogModuleManager: Shutting down and abandoning module Core (188)
[2018.09.27-22.45.29:519][929]LogModuleManager: Shutting down and abandoning module LevelSequence (186)
[2018.09.27-22.45.29:519][929]LogModuleManager: Shutting down and abandoning module KismetCompiler (184)
[2018.09.27-22.45.29:519][929]LogModuleManager: Shutting down and abandoning module MeshUtilities (182)
[2018.09.27-22.45.29:519][929]LogModuleManager: Shutting down and abandoning module MeshMergeUtilities (181)
[2018.09.27-22.45.29:519][929]LogModuleManager: Shutting down and abandoning module MeshReductionInterface (180)
[2018.09.27-22.45.29:519][929]LogModuleManager: Shutting down and abandoning module SimplygonSwarm (179)
[2018.09.27-22.45.29:519][929]LogModuleManager: Shutting down and abandoning module ProxyLODMeshReduction (177)
[2018.09.27-22.45.29:519][929]LogModuleManager: Shutting down and abandoning module SimplygonMeshReduction (175)
[2018.09.27-22.45.29:519][929]LogModuleManager: Shutting down and abandoning module QuadricMeshReduction (173)
[2018.09.27-22.45.29:519][929]LogModuleManager: Shutting down and abandoning module MaterialBaking (169)
[2018.09.27-22.45.29:519][929]LogModuleManager: Shutting down and abandoning module DirectoryWatcher (165)
[2018.09.27-22.45.29:519][929]LogModuleManager: Shutting down and abandoning module DerivedDataCache (162)
[2018.09.27-22.45.29:693][929]LogDerivedDataCache: Shutdown
[2018.09.27-22.45.29:693][929]LogModuleManager: Shutting down and abandoning module XGEController (160)
[2018.09.27-22.45.29:693][929]LogModuleManager: Shutting down and abandoning module TargetPlatform (158)
[2018.09.27-22.45.29:693][929]LogModuleManager: Shutting down and abandoning module VulkanShaderFormat (157)
[2018.09.27-22.45.29:693][929]LogModuleManager: Shutting down and abandoning module ShaderFormatVectorVM (155)
[2018.09.27-22.45.29:693][929]LogModuleManager: Shutting down and abandoning module ShaderFormatOpenGL (153)
[2018.09.27-22.45.29:693][929]LogModuleManager: Shutting down and abandoning module ShaderFormatD3D (151)
[2018.09.27-22.45.29:693][929]LogModuleManager: Shutting down and abandoning module MetalShaderFormat (149)
[2018.09.27-22.45.29:694][929]LogModuleManager: Shutting down and abandoning module TextureFormatUncompressed (147)
[2018.09.27-22.45.29:694][929]LogModuleManager: Shutting down and abandoning module TextureFormatPVR (145)
[2018.09.27-22.45.29:694][929]LogModuleManager: Shutting down and abandoning module TextureFormatDXT (143)
[2018.09.27-22.45.29:694][929]LogModuleManager: Shutting down and abandoning module TextureFormatIntelISPCTexComp (141)
[2018.09.27-22.45.29:694][929]LogModuleManager: Shutting down and abandoning module TextureFormatASTC (139)
[2018.09.27-22.45.29:694][929]LogModuleManager: Shutting down and abandoning module ImageWrapper (138)
[2018.09.27-22.45.29:694][929]LogModuleManager: Shutting down and abandoning module TextureFormatAndroid (135)
[2018.09.27-22.45.29:694][929]LogModuleManager: Shutting down and abandoning module AudioFormatOpus (133)
[2018.09.27-22.45.29:694][929]LogModuleManager: Shutting down and abandoning module AudioFormatOgg (131)
[2018.09.27-22.45.29:694][929]LogModuleManager: Shutting down and abandoning module AudioFormatADPCM (129)
[2018.09.27-22.45.29:694][929]LogModuleManager: Shutting down and abandoning module LuminTargetPlatform (127)
[2018.09.27-22.45.29:694][929]LogModuleManager: Shutting down and abandoning module LinuxTargetPlatform (125)
[2018.09.27-22.45.29:694][929]LogModuleManager: Shutting down and abandoning module LinuxServerTargetPlatform (123)
[2018.09.27-22.45.29:694][929]LogModuleManager: Shutting down and abandoning module LinuxNoEditorTargetPlatform (121)
[2018.09.27-22.45.29:694][929]LogModuleManager: Shutting down and abandoning module LinuxClientTargetPlatform (119)
[2018.09.27-22.45.29:694][929]LogModuleManager: Shutting down and abandoning module TVOSTargetPlatform (117)
[2018.09.27-22.45.29:695][929]LogModuleManager: Shutting down and abandoning module Messaging (115)
[2018.09.27-22.45.29:695][929]LogModuleManager: Shutting down and abandoning module IOSTargetPlatform (113)
[2018.09.27-22.45.29:696][929]LogModuleManager: Shutting down and abandoning module HTML5TargetPlatform (111)
[2018.09.27-22.45.29:696][929]LogModuleManager: Shutting down and abandoning module AndroidTargetPlatform (109)
[2018.09.27-22.45.29:704][929]LogModuleManager: Shutting down and abandoning module WindowsTargetPlatform (107)
[2018.09.27-22.45.29:704][929]LogModuleManager: Shutting down and abandoning module WindowsServerTargetPlatform (105)
[2018.09.27-22.45.29:704][929]LogModuleManager: Shutting down and abandoning module WindowsNoEditorTargetPlatform (103)
[2018.09.27-22.45.29:704][929]LogModuleManager: Shutting down and abandoning module WindowsClientTargetPlatform (101)
[2018.09.27-22.45.29:704][929]LogModuleManager: Shutting down and abandoning module MacTargetPlatform (99)
[2018.09.27-22.45.29:704][929]LogModuleManager: Shutting down and abandoning module MacServerTargetPlatform (97)
[2018.09.27-22.45.29:704][929]LogModuleManager: Shutting down and abandoning module MacNoEditorTargetPlatform (95)
[2018.09.27-22.45.29:704][929]LogModuleManager: Shutting down and abandoning module MacClientTargetPlatform (93)
[2018.09.27-22.45.29:704][929]LogModuleManager: Shutting down and abandoning module AllDesktopTargetPlatform (91)
[2018.09.27-22.45.29:704][929]LogModuleManager: Shutting down and abandoning module InputCore (88)
[2018.09.27-22.45.29:704][929]LogModuleManager: Shutting down and abandoning module Settings (86)
[2018.09.27-22.45.29:704][929]LogModuleManager: Shutting down and abandoning module PhysXCooking (84)
[2018.09.27-22.45.29:704][929]LogModuleManager: Shutting down and abandoning module SteamVR (82)
[2018.09.27-22.45.29:705][929]LogModuleManager: Shutting down and abandoning module OculusHMD (80)
[2018.09.27-22.45.29:705][929]LogModuleManager: Shutting down and abandoning module ExampleDeviceProfileSelector (78)
[2018.09.27-22.45.29:705][929]LogModuleManager: Shutting down and abandoning module LauncherChunkInstaller (76)
[2018.09.27-22.45.29:705][929]LogModuleManager: Shutting down and abandoning module OnlineBlueprintSupport (74)
[2018.09.27-22.45.29:705][929]LogModuleManager: Shutting down and abandoning module OnlineSubsystem (70)
[2018.09.27-22.45.29:705][929]LogModuleManager: Shutting down and abandoning module XMPP (65)
[2018.09.27-22.45.29:705][929]LogModuleManager: Shutting down and abandoning module WebSockets (64)
[2018.09.27-22.45.29:710][929]LogModuleManager: Shutting down and abandoning module HTTP (61)
[2018.09.27-22.45.29:710][929]LogHttp: Display: Http module shutting down, but needs to wait on 1 outstanding Http requests:
[2018.09.27-22.45.29:710][929]LogHttp: Display: 	verb=[POST] url=[https://datarouter.ol.epicgames.com/datarouter/api/v1/public/data?SessionID=%7B61FE4F90-4F24-F19B-09E3-958D15644275%7D&AppID=UEEditor.Rocket.Release&AppVersion=4.20.3-4369336%2B%2B%2BUE4%2BRelease-4.20&UserID=04de7adc41fb3f9d47f5218e2bce6d0f%7C90e14dc38ca047fa894bbc6226fa752a%7C5675fb88-1c8f-4aca-bf29-b35c4edd0721&AppEnvironment=datacollector-binary&UploadType=eteventstream] status=Processing
[2018.09.27-22.45.29:737][929]LogModuleManager: Shutting down and abandoning module SSL (60)
[2018.09.27-22.45.29:738][929]LogModuleManager: Shutting down and abandoning module MagicLeapEmulator (56)
[2018.09.27-22.45.29:738][929]LogModuleManager: Shutting down and abandoning module MagicLeapPrivileges (54)
[2018.09.27-22.45.29:738][929]LogModuleManager: Shutting down and abandoning module MagicLeapIdentity (52)
[2018.09.27-22.45.29:738][929]LogModuleManager: Shutting down and abandoning module MagicLeapHelperVulkan (50)
[2018.09.27-22.45.29:738][929]LogModuleManager: Shutting down and abandoning module MagicLeapHelperOpenGL (48)
[2018.09.27-22.45.29:738][929]LogModuleManager: Shutting down and abandoning module MagicLeapSecureStorage (46)
[2018.09.27-22.45.29:738][929]LogModuleManager: Shutting down and abandoning module MagicLeapGestures (44)
[2018.09.27-22.45.29:738][929]LogModuleManager: Shutting down and abandoning module MagicLeapEyeTracker (42)
[2018.09.27-22.45.29:738][929]LogModuleManager: Shutting down and abandoning module MagicLeapController (40)
[2018.09.27-22.45.29:738][929]LogSlate: Slate User Destroyed.  User Index 0, Is Virtual User: 0
[2018.09.27-22.45.29:738][929]LogModuleManager: Shutting down and abandoning module MagicLeap (38)
[2018.09.27-22.45.29:738][929]LogModuleManager: Shutting down and abandoning module AnimationModifiers (36)
[2018.09.27-22.45.29:738][929]LogModuleManager: Shutting down and abandoning module PropertyEditor (35)
[2018.09.27-22.45.29:738][929]LogModuleManager: Shutting down and abandoning module AudioEditor (32)
[2018.09.27-22.45.29:738][929]LogModuleManager: Shutting down and abandoning module TextureCompressor (30)
[2018.09.27-22.45.29:738][929]LogModuleManager: Shutting down and abandoning module ShaderCore (28)
[2018.09.27-22.45.29:738][929]LogModuleManager: Shutting down and abandoning module Landscape (26)
[2018.09.27-22.45.29:738][929]LogModuleManager: Shutting down and abandoning module SlateRHIRenderer (24)
[2018.09.27-22.45.29:739][929]LogModuleManager: Shutting down and abandoning module OpenGLDrv (22)
[2018.09.27-22.45.29:739][929]LogModuleManager: Shutting down and abandoning module D3D11RHI (20)
[2018.09.27-22.45.29:739][929]LogModuleManager: Shutting down and abandoning module AnimGraphRuntime (18)
[2018.09.27-22.45.29:739][929]LogModuleManager: Shutting down and abandoning module Renderer (16)
[2018.09.27-22.45.29:739][929]LogModuleManager: Shutting down and abandoning module Engine (14)
[2018.09.27-22.45.29:739][929]LogModuleManager: Shutting down and abandoning module CoreUObject (12)
[2018.09.27-22.45.29:739][929]LogModuleManager: Shutting down and abandoning module NetworkFile (10)
[2018.09.27-22.45.29:739][929]LogModuleManager: Shutting down and abandoning module CookedIterativeFile (8)
[2018.09.27-22.45.29:739][929]LogModuleManager: Shutting down and abandoning module StreamingFile (6)
[2018.09.27-22.45.29:739][929]LogModuleManager: Shutting down and abandoning module SandboxFile (4)
[2018.09.27-22.45.29:739][929]LogModuleManager: Shutting down and abandoning module PakFile (2)
[2018.09.27-22.45.29:752][929]LogExit: Exiting.
[2018.09.27-22.45.29:758][929]Log file closed, 09/27/18 18:45:29
