Log file open, 09/24/18 19:19:17
LogWindows: Failed to load 'aqProf.dll' (GetLastError=126)
LogWindows: File 'aqProf.dll' does not exist
LogWindows: Failed to load 'VSPerf140.dll' (GetLastError=126)
LogWindows: File 'VSPerf140.dll' does not exist
LogWindows: Failed to load 'VtuneApi.dll' (GetLastError=126)
LogWindows: File 'VtuneApi.dll' does not exist
LogWindows: Failed to load 'VtuneApi32e.dll' (GetLastError=126)
LogWindows: File 'VtuneApi32e.dll' does not exist
LogInit: Display: Running engine for game: ASH_Game
LogPlatformFile: Not using cached read wrapper
LogTaskGraph: Started task graph with 5 named threads and 23 total threads with 3 sets of task threads.
LogStats: Stats thread started at 0.290748
LogD3D11RHI: Loaded GFSDK_Aftermath_Lib.x64.dll
LogICUInternationalization: Display: ICU TimeZone Detection - Raw Offset: -5:00, Platform Override: ''
LogPluginManager: Mounting plugin Paper2D
LogPluginManager: Mounting plugin AISupport
LogPluginManager: Mounting plugin LightPropagationVolume
LogPluginManager: Mounting plugin CLionSourceCodeAccess
LogPluginManager: Mounting plugin CodeLiteSourceCodeAccess
LogPluginManager: Mounting plugin GitSourceControl
LogPluginManager: Mounting plugin KDevelopSourceCodeAccess
LogPluginManager: Mounting plugin NullSourceCodeAccess
LogPluginManager: Mounting plugin PerforceSourceControl
LogPluginManager: Mounting plugin SubversionSourceControl
LogPluginManager: Mounting plugin UObjectPlugin
LogPluginManager: Mounting plugin VisualStudioCodeSourceCodeAccess
LogPluginManager: Mounting plugin VisualStudioSourceCodeAccess
LogPluginManager: Mounting plugin XCodeSourceCodeAccess
LogPluginManager: Mounting plugin AssetManagerEditor
LogPluginManager: Mounting plugin CryptoKeys
LogPluginManager: Mounting plugin DataValidation
LogPluginManager: Mounting plugin FacialAnimation
LogPluginManager: Mounting plugin GameplayTagsEditor
LogPluginManager: Mounting plugin MacGraphicsSwitching
LogPluginManager: Mounting plugin MeshEditor
LogPluginManager: Mounting plugin MobileLauncherProfileWizard
LogPluginManager: Mounting plugin PluginBrowser
LogPluginManager: Mounting plugin SpeedTreeImporter
LogPluginManager: Mounting plugin DatasmithContent
LogPluginManager: Mounting plugin AlembicImporter
LogPluginManager: Mounting plugin AppleImageUtils
LogPluginManager: Mounting plugin AppleVision
LogPluginManager: Mounting plugin BackChannel
LogPluginManager: Mounting plugin CharacterAI
LogPluginManager: Mounting plugin GeometryCache
LogPluginManager: Mounting plugin HTML5Networking
LogPluginManager: Mounting plugin ProxyLODPlugin
LogPluginManager: Mounting plugin MagicLeap
LogPluginManager: Mounting plugin MagicLeapEmulator
LogPluginManager: Mounting plugin MagicLeapMedia
LogPluginManager: Mounting plugin AndroidMedia
LogPluginManager: Mounting plugin AvfMedia
LogPluginManager: Mounting plugin ImgMedia
LogPluginManager: Mounting plugin LinearTimecode
LogPluginManager: Mounting plugin MediaCompositing
LogPluginManager: Mounting plugin MediaPlayerEditor
LogPluginManager: Mounting plugin WmfMedia
LogPluginManager: Mounting plugin TcpMessaging
LogPluginManager: Mounting plugin UdpMessaging
LogPluginManager: Mounting plugin ActorSequence
LogPluginManager: Mounting plugin LevelSequenceEditor
LogPluginManager: Mounting plugin MatineeToLevelSequence
LogPluginManager: Mounting plugin NetcodeUnitTest
LogPluginManager: Mounting plugin NUTUnrealEngine4
LogPluginManager: Mounting plugin OnlineSubsystemGooglePlay
LogPluginManager: Mounting plugin OnlineSubsystemIOS
LogPluginManager: Mounting plugin OnlineSubsystem
LogPluginManager: Mounting plugin OnlineSubsystemNull
LogPluginManager: Mounting plugin OnlineSubsystemUtils
LogPluginManager: Mounting plugin LauncherChunkInstaller
LogPluginManager: Mounting plugin AndroidDeviceProfileSelector
LogPluginManager: Mounting plugin AndroidMoviePlayer
LogPluginManager: Mounting plugin AndroidPermission
LogPluginManager: Mounting plugin AppleMoviePlayer
LogPluginManager: Mounting plugin ArchVisCharacter
LogPluginManager: Mounting plugin AudioCapture
LogPluginManager: Mounting plugin CableComponent
LogPluginManager: Mounting plugin CustomMeshComponent
LogPluginManager: Mounting plugin EditableMesh
LogPluginManager: Mounting plugin ExampleDeviceProfileSelector
LogPluginManager: Mounting plugin GoogleCloudMessaging
LogPluginManager: Mounting plugin ImmediatePhysics
LogPluginManager: Mounting plugin IOSDeviceProfileSelector
LogPluginManager: Mounting plugin LinuxDeviceProfileSelector
LogPluginManager: Mounting plugin LocationServicesBPLibrary
LogPluginManager: Mounting plugin MobilePatchingUtils
LogPluginManager: Mounting plugin OculusVR
LogPluginManager: Plugin shader directory ../../../Engine/Plugins/Runtime/Oculus/OculusVR/Shaders found
LogPluginManager: Mapping shader source directory ../../../Engine/Plugins/Runtime/Oculus/OculusVR/Shaders to virtual directory /Plugin/OculusVR
LogPluginManager: Mounting plugin PhysXVehicles
LogPluginManager: Mounting plugin ProceduralMeshComponent
LogPluginManager: Mounting plugin RuntimePhysXCooking
LogPluginManager: Mounting plugin SteamVR
LogPluginManager: Mounting plugin WindowsMoviePlayer
LogStreaming: Display: Took  0.261s to configure plugins.
LogInit: Using libcurl 7.55.1-DEV
LogInit:  - built for x86_64-pc-win32
LogInit:  - supports SSL with OpenSSL/1.0.2h
LogInit:  - supports HTTP deflate (compression) using libz 1.2.8
LogInit:  - other features:
LogInit:      CURL_VERSION_SSL
LogInit:      CURL_VERSION_LIBZ
LogInit:      CURL_VERSION_IPV6
LogInit:      CURL_VERSION_ASYNCHDNS
LogInit:      CURL_VERSION_LARGEFILE
LogInit:      CURL_VERSION_IDN
LogInit:  CurlRequestOptions (configurable via config and command line):
LogInit:  - bVerifyPeer = false  - Libcurl will NOT verify peer certificate
LogInit:  - bUseHttpProxy = false  - Libcurl will NOT use HTTP proxy
LogInit:  - bDontReuseConnections = false  - Libcurl will reuse connections
LogInit:  - CertBundlePath = nullptr  - Libcurl will use whatever was configured at build time.
LogInit:  - MaxHostConnections = 16  - Libcurl will limit the number of connections to a host
LogInit:  - LocalHostAddr = Default
LogInit:  - BufferSize = 65536
LogInit: WinSock: version 1.1 (2.2), MaxSocks=32767, MaxUdp=65467
LogInit: Build: ++UE4+Release-4.20-CL-4369336
LogInit: Engine Version: 4.20.3-4369336+++UE4+Release-4.20
LogInit: Compatible Engine Version: 4.20.0-4212847+++UE4+Release-4.20
LogInit: Net CL: 4212847
LogInit: OS: Windows 10 (), CPU: Intel(R) Core(TM) i7-7700HQ CPU @ 2.80GHz, GPU: NVIDIA GeForce GTX 1070
LogInit: Compiled (64-bit): Sep 17 2018 12:26:19
LogInit: Compiled with Visual C++: 19.13.26129.00
LogInit: Build Configuration: Development
LogInit: Branch Name: ++UE4+Release-4.20
LogInit: Command Line: -EpicPortal 
LogInit: Base Directory: D:/UE_4.20/Engine/Binaries/Win64/
LogInit: Installed Engine Build: 1
LogDevObjectVersion: Number of dev versions registered: 20
LogDevObjectVersion:   Dev-Blueprints (B0D832E4-1F89-4F0D-ACCF-7EB736FD4AA2): 10
LogDevObjectVersion:   Dev-Build (E1C64328-A22C-4D53-A36C-8E866417BD8C): 0
LogDevObjectVersion:   Dev-Core (375EC13C-06E4-48FB-B500-84F0262A717E): 2
LogDevObjectVersion:   Dev-Editor (E4B068ED-F494-42E9-A231-DA0B2E46BB41): 24
LogDevObjectVersion:   Dev-Framework (CFFC743F-43B0-4480-9391-14DF171D2073): 34
LogDevObjectVersion:   Dev-Mobile (B02B49B5-BB20-44E9-A304-32B752E40360): 2
LogDevObjectVersion:   Dev-Networking (A4E4105C-59A1-49B5-A7C5-40C4547EDFEE): 0
LogDevObjectVersion:   Dev-Online (39C831C9-5AE6-47DC-9A44-9C173E1C8E7C): 0
LogDevObjectVersion:   Dev-Physics (78F01B33-EBEA-4F98-B9B4-84EACCB95AA2): 0
LogDevObjectVersion:   Dev-Platform (6631380F-2D4D-43E0-8009-CF276956A95A): 0
LogDevObjectVersion:   Dev-Rendering (12F88B9F-8875-4AFC-A67C-D90C383ABD29): 26
LogDevObjectVersion:   Dev-Sequencer (7B5AE74C-D270-4C10-A958-57980B212A5A): 9
LogDevObjectVersion:   Dev-VR (D7296918-1DD6-4BDD-9DE2-64A83CC13884): 2
LogDevObjectVersion:   Dev-LoadTimes (C2A15278-BFE7-4AFE-6C17-90FF531DF755): 1
LogDevObjectVersion:   Private-Geometry (6EACA3D4-40EC-4CC1-B786-8BED09428FC5): 3
LogDevObjectVersion:   Dev-AnimPhys (29E575DD-E0A3-4627-9D10-D276232CDCEA): 17
LogDevObjectVersion:   Dev-ReflectionCapture (6B266CEC-1EC7-4B8F-A30B-E4D90942FC07): 1
LogDevObjectVersion:   Dev-Automation (0DF73D61-A23F-47EA-B727-89E90C41499A): 1
LogDevObjectVersion:   FortniteMain (601D1886-AC64-4F84-AA16-D3DE0DEAC7D6): 12
LogDevObjectVersion:   Dev-Enterprise (9DFFBCD6-494F-0158-E221-12823C92A888): 1
LogStreaming: Display: Took  0.037s to delete old logs.
LogInit: Presizing for max 8388607 objects, including 0 objects not considered by GC, pre-allocating 0 bytes for permanent pool.
LogInit: Object subsystem initialized
[2018.09.24-23.19.17:655][  0]LogInit: Selected Device Profile: [Windows]
[2018.09.24-23.19.17:655][  0]LogInit: Applying CVar settings loaded from the selected device profile: [Windows]
[2018.09.24-23.19.17:692][  0]LogHAL: Display: Platform has ~ 16 GB [17046728704 / 17179869184 / 16], which maps to Larger [LargestMinGB=32, LargerMinGB=12, DefaultMinGB=8, SmallerMinGB=6, SmallestMinGB=0)
[2018.09.24-23.19.17:692][  0]LogInit: Setting Device Profile CVar: [[r.Vulkan.UseRealUBs:1]]
[2018.09.24-23.19.17:692][  0]LogInit: Going up to parent DeviceProfile []
[2018.09.24-23.19.17:693][  0]LogInit: Computer: DESKTOP-Q614RLO
[2018.09.24-23.19.17:693][  0]LogInit: User: maloo
[2018.09.24-23.19.17:693][  0]LogInit: CPU Page size=4096, Cores=4
[2018.09.24-23.19.17:693][  0]LogInit: High frequency timer resolution =2.742191 MHz
[2018.09.24-23.19.17:693][  0]LogMemory: Memory total: Physical=15.9GB (16GB approx)
[2018.09.24-23.19.17:693][  0]LogMemory: Platform Memory Stats for Windows
[2018.09.24-23.19.17:693][  0]LogMemory: Process Physical Memory: 101.58 MB used, 101.58 MB peak
[2018.09.24-23.19.17:693][  0]LogMemory: Process Virtual Memory: 93.72 MB used, 93.72 MB peak
[2018.09.24-23.19.17:693][  0]LogMemory: Physical Memory: 6828.27 MB used,  9428.75 MB free, 16257.03 MB total
[2018.09.24-23.19.17:693][  0]LogMemory: Virtual Memory: 4647.37 MB used,  9428.75 MB free, 134217728.00 MB total
[2018.09.24-23.19.17:974][  0]LogInit: Using OS detected language (en-US).
[2018.09.24-23.19.17:974][  0]LogInit: Using OS detected locale (en-CA).
[2018.09.24-23.19.17:975][  0]LogTextLocalizationManager: No specific localization for 'en-US' exists, so the 'en' localization will be used.
[2018.09.24-23.19.18:364][  0]LogStreaming: Display: Took  0.390s to InitEngineTextLocalization.
[2018.09.24-23.19.18:364][  0]LogInit: Setting process to per monitor DPI aware
[2018.09.24-23.19.18:406][  0]LogSlate: New Slate User Created.  User Index 0, Is Virtual User: 0
[2018.09.24-23.19.18:406][  0]LogSlate: Slate User Registered.  User Index 0, Is Virtual User: 0
[2018.09.24-23.19.18:742][  0]LogHMD: Failed to initialize OpenVR with code 110
[2018.09.24-23.19.18:742][  0]LogD3D11RHI: D3D11 adapters:
[2018.09.24-23.19.18:808][  0]LogD3D11RHI:    0. 'NVIDIA GeForce GTX 1070' (Feature Level 11_0)
[2018.09.24-23.19.18:808][  0]LogD3D11RHI:       8081/0/8128 MB DedicatedVideo/DedicatedSystem/SharedSystem, Outputs:1, VendorId:0x10de
[2018.09.24-23.19.18:832][  0]LogD3D11RHI:    1. 'Intel(R) HD Graphics 630' (Feature Level 11_0)
[2018.09.24-23.19.18:832][  0]LogD3D11RHI:       128/0/8128 MB DedicatedVideo/DedicatedSystem/SharedSystem, Outputs:0, VendorId:0x8086
[2018.09.24-23.19.18:833][  0]LogD3D11RHI:    2. 'Microsoft Basic Render Driver' (Feature Level 11_0)
[2018.09.24-23.19.18:833][  0]LogD3D11RHI:       0/0/8128 MB DedicatedVideo/DedicatedSystem/SharedSystem, Outputs:0, VendorId:0x1414
[2018.09.24-23.19.18:833][  0]LogD3D11RHI: Chosen D3D11 Adapter: 0
[2018.09.24-23.19.18:840][  0]LogD3D11RHI: Creating new Direct3DDevice
[2018.09.24-23.19.18:840][  0]LogD3D11RHI:     GPU DeviceId: 0x1be1 (for the marketing name, search the web for "GPU Device Id")
[2018.09.24-23.19.18:840][  0]LogWindows: EnumDisplayDevices:
[2018.09.24-23.19.18:840][  0]LogWindows:    0. 'NVIDIA GeForce GTX 1070' (P:1 D:1)
[2018.09.24-23.19.18:841][  0]LogWindows:    1. 'NVIDIA GeForce GTX 1070' (P:0 D:0)
[2018.09.24-23.19.18:841][  0]LogWindows:    2. 'NVIDIA GeForce GTX 1070' (P:0 D:0)
[2018.09.24-23.19.18:841][  0]LogWindows:    3. 'NVIDIA GeForce GTX 1070' (P:0 D:0)
[2018.09.24-23.19.18:841][  0]LogWindows:    4. 'Intel(R) HD Graphics 630' (P:0 D:0)
[2018.09.24-23.19.18:841][  0]LogWindows:    5. 'Intel(R) HD Graphics 630' (P:0 D:0)
[2018.09.24-23.19.18:842][  0]LogWindows:    6. 'Intel(R) HD Graphics 630' (P:0 D:0)
[2018.09.24-23.19.18:842][  0]LogWindows: DebugString: PrimaryIsNotTheChoosenAdapter PrimaryIsNotTheChoosenAdapter PrimaryIsNotTheChoosenAdapter FoundDriverCount:4 
[2018.09.24-23.19.18:842][  0]LogD3D11RHI:     Adapter Name: NVIDIA GeForce GTX 1070
[2018.09.24-23.19.18:842][  0]LogD3D11RHI:   Driver Version: 411.63 (internal:24.21.14.1163, unified:411.63)
[2018.09.24-23.19.18:842][  0]LogD3D11RHI:      Driver Date: 9-18-2018
[2018.09.24-23.19.18:842][  0]LogRHI: Texture pool is 5656 MB (70% of 8081 MB)
[2018.09.24-23.19.18:887][  0]LogD3D11RHI: Async texture creation enabled
[2018.09.24-23.19.18:917][  0]LogD3D11RHI: GPU Timing Frequency: 1000.000000 (Debug: 2 2)
[2018.09.24-23.19.18:962][  0]LogShaderCompilers: Guid format shader working directory is 1 characters bigger than the processId version (../../../../GameDev/_Projects/A.S.H/ASH_Game/Intermediate/Shaders/WorkingDirectory/12824/).
[2018.09.24-23.19.18:962][  0]LogShaderCompilers: Cleaned the shader compiler working directory 'C:/Users/maloo/AppData/Local/Temp/UnrealShaderWorkingDir/D50A5D404FA4DCC115B307B44EDE42E2/'.
[2018.09.24-23.19.19:277][  0]LogTemp: Display: Loaded TP AllDesktopTargetPlatform
[2018.09.24-23.19.19:290][  0]LogTemp: Display: Loaded TP MacClientTargetPlatform
[2018.09.24-23.19.19:303][  0]LogTemp: Display: Loaded TP MacNoEditorTargetPlatform
[2018.09.24-23.19.19:318][  0]LogTemp: Display: Loaded TP MacServerTargetPlatform
[2018.09.24-23.19.19:332][  0]LogTemp: Display: Loaded TP MacTargetPlatform
[2018.09.24-23.19.19:345][  0]LogTemp: Display: Loaded TP WindowsClientTargetPlatform
[2018.09.24-23.19.19:360][  0]LogTemp: Display: Loaded TP WindowsNoEditorTargetPlatform
[2018.09.24-23.19.19:374][  0]LogTemp: Display: Loaded TP WindowsServerTargetPlatform
[2018.09.24-23.19.19:380][  0]LogTemp: Display: Loaded TP WindowsTargetPlatform
[2018.09.24-23.19.19:466][  0]LogTemp: Display: Loaded TP AndroidTargetPlatform
[2018.09.24-23.19.19:466][  0]LogTemp: Display: Loaded TP AndroidTargetPlatform
[2018.09.24-23.19.19:466][  0]LogTemp: Display: Loaded TP AndroidTargetPlatform
[2018.09.24-23.19.19:466][  0]LogTemp: Display: Loaded TP AndroidTargetPlatform
[2018.09.24-23.19.19:466][  0]LogTemp: Display: Loaded TP AndroidTargetPlatform
[2018.09.24-23.19.19:466][  0]LogTemp: Display: Loaded TP AndroidTargetPlatform
[2018.09.24-23.19.19:466][  0]LogTemp: Display: Loaded TP AndroidTargetPlatform
[2018.09.24-23.19.19:466][  0]LogTemp: Display: Loaded TP AndroidTargetPlatform
[2018.09.24-23.19.19:466][  0]LogTemp: Display: Loaded TP AndroidTargetPlatform
[2018.09.24-23.19.19:466][  0]LogTemp: Display: Loaded TP AndroidTargetPlatform
[2018.09.24-23.19.19:466][  0]LogTemp: Display: Loaded TP AndroidTargetPlatform
[2018.09.24-23.19.19:466][  0]LogTemp: Display: Loaded TP AndroidTargetPlatform
[2018.09.24-23.19.19:466][  0]LogTemp: Display: Loaded TP AndroidTargetPlatform
[2018.09.24-23.19.19:466][  0]LogTemp: Display: Loaded TP AndroidTargetPlatform
[2018.09.24-23.19.19:466][  0]LogTemp: Display: Loaded TP AndroidTargetPlatform
[2018.09.24-23.19.19:466][  0]LogTemp: Display: Loaded TP AndroidTargetPlatform
[2018.09.24-23.19.19:466][  0]LogTemp: Display: Loaded TP AndroidTargetPlatform
[2018.09.24-23.19.19:466][  0]LogTemp: Display: Loaded TP AndroidTargetPlatform
[2018.09.24-23.19.19:468][  0]LogTemp: Display: Loaded TP HTML5TargetPlatform
[2018.09.24-23.19.19:532][  0]LogTemp: Display: Loaded TP IOSTargetPlatform
[2018.09.24-23.19.19:532][  0]LogTemp: Display: Loaded TP IOSTargetPlatform
[2018.09.24-23.19.19:558][  0]LogTemp: Display: Loaded TP TVOSTargetPlatform
[2018.09.24-23.19.19:558][  0]LogTemp: Display: Loaded TP TVOSTargetPlatform
[2018.09.24-23.19.19:571][  0]LogTemp: Display: Loaded TP LinuxClientTargetPlatform
[2018.09.24-23.19.19:585][  0]LogTemp: Display: Loaded TP LinuxNoEditorTargetPlatform
[2018.09.24-23.19.19:599][  0]LogTemp: Display: Loaded TP LinuxServerTargetPlatform
[2018.09.24-23.19.19:612][  0]LogTemp: Display: Loaded TP LinuxTargetPlatform
[2018.09.24-23.19.19:621][  0]LogTemp: Display: Loaded TP LuminTargetPlatform
[2018.09.24-23.19.19:621][  0]LogTargetPlatformManager: Display: Building Assets For Windows
[2018.09.24-23.19.19:674][  0]LogXGEController: Cannot use XGE Controller as Incredibuild is not installed on this machine.
[2018.09.24-23.19.19:674][  0]LogShaderCompilers: Cannot use XGE Shader Compiler as Incredibuild is not installed on this machine.
[2018.09.24-23.19.19:674][  0]LogShaderCompilers: Display: Using Local Shader Compiler.
[2018.09.24-23.19.20:406][  0]LogDerivedDataCache: Display: Max Cache Size: 512 MB
[2018.09.24-23.19.20:463][  0]LogDerivedDataCache: Loaded boot cache 0.06s 71MB C:/Users/maloo/AppData/Local/UnrealEngine/4.20/DerivedDataCache/Boot.ddc.
[2018.09.24-23.19.20:464][  0]LogDerivedDataCache: Display: Loaded Boot cache: C:/Users/maloo/AppData/Local/UnrealEngine/4.20/DerivedDataCache/Boot.ddc
[2018.09.24-23.19.20:464][  0]LogDerivedDataCache: FDerivedDataBackendGraph:  Pak pak cache file ../../../../GameDev/_Projects/A.S.H/ASH_Game/DerivedDataCache/DDC.ddp not found, will not use a pak cache.
[2018.09.24-23.19.20:464][  0]LogDerivedDataCache: Unable to find inner node Pak for hierarchical cache Hierarchy.
[2018.09.24-23.19.20:464][  0]LogDerivedDataCache: FDerivedDataBackendGraph:  CompressedPak pak cache file ../../../../GameDev/_Projects/A.S.H/ASH_Game/DerivedDataCache/Compressed.ddp not found, will not use a pak cache.
[2018.09.24-23.19.20:464][  0]LogDerivedDataCache: Unable to find inner node CompressedPak for hierarchical cache Hierarchy.
[2018.09.24-23.19.20:478][  0]LogDerivedDataCache: Display: Pak cache opened for reading ../../../Engine/DerivedDataCache/Compressed.ddp.
[2018.09.24-23.19.20:490][  0]LogDerivedDataCache: Using Local data cache path C:/Users/maloo/AppData/Local/UnrealEngine/Common/DerivedDataCache: Writable
[2018.09.24-23.19.20:490][  0]LogDerivedDataCache: Shared data cache path not found in *engine.ini, will not use an Shared cache.
[2018.09.24-23.19.20:490][  0]LogDerivedDataCache: Unable to find inner node Shared for hierarchical cache Hierarchy.
[2018.09.24-23.19.20:510][  0]LogMaterial: Verifying Global Shaders for PCD3D_SM5
[2018.09.24-23.19.20:512][  0]LogSlate: Using FreeType 2.6.0
[2018.09.24-23.19.20:513][  0]LogSlate: SlateFontServices - WITH_FREETYPE: 1, WITH_HARFBUZZ: 1
[2018.09.24-23.19.20:602][  0]LogAssetRegistry: FAssetRegistry took 0.0265 seconds to start up
[2018.09.24-23.19.20:976][  0]LogInit: Selected Device Profile: [Windows]
[2018.09.24-23.19.21:033][  0]LogSimplygon: Simplygon DLL not present - disabling.
[2018.09.24-23.19.21:036][  0]LogMeshReduction: Using SimplygonSwarm for distributed automatic mesh merging
[2018.09.24-23.19.21:036][  0]LogMeshReduction: Using ProxyLODMeshReduction for automatic mesh merging
[2018.09.24-23.19.21:036][  0]LogMeshReduction: Using QuadricMeshReduction for automatic static mesh reduction
[2018.09.24-23.19.21:036][  0]LogMeshReduction: No automatic skeletal mesh reduction module available
[2018.09.24-23.19.21:137][  0]LogNetVersion: ASH_Game 1.0.0, NetCL: 4212847, EngineNetVer: 5, GameNetVer: 0 (Checksum: 1471675654)
[2018.09.24-23.19.21:815][  0]LogPackageLocalizationCache: Processed 11 localized package path(s) for 2 prioritized culture(s) in 0.246884 seconds
[2018.09.24-23.19.21:821][  0]LogUObjectArray: 38425 objects as part of root set at end of initial load.
[2018.09.24-23.19.21:821][  0]LogUObjectAllocator: 6690864 out of 0 bytes used by permanent object pool.
[2018.09.24-23.19.21:821][  0]LogUObjectArray: CloseDisregardForGC: 0/0 objects in disregard for GC pool
[2018.09.24-23.19.22:826][  0]LogTcpMessaging: Initializing TcpMessaging bridge
[2018.09.24-23.19.22:839][  0]LogUdpMessaging: Initializing bridge on interface 0.0.0.0:0 to multicast group 230.0.0.1:6666.
[2018.09.24-23.19.22:986][  0]SourceControl: Source control is disabled
[2018.09.24-23.19.22:986][  0]SourceControl: Source control is disabled
[2018.09.24-23.19.22:988][  0]SourceControl: Source control is disabled
[2018.09.24-23.19.22:989][  0]SourceControl: Source control is disabled
[2018.09.24-23.19.23:172][  0]LogAndroidPermission: UAndroidPermissionCallbackProxy::GetInstance
[2018.09.24-23.19.23:295][  0]LogOcInput: OculusInput pre-init called
[2018.09.24-23.19.23:357][  0]LogEngine: Initializing Engine...
[2018.09.24-23.19.23:357][  0]LogHMD: Failed to initialize OpenVR with code 110
[2018.09.24-23.19.23:359][  0]LogStats: UGameplayTagsManager::ConstructGameplayTagTree: ImportINI prefixes -  0.000 s
[2018.09.24-23.19.23:359][  0]LogStats: UGameplayTagsManager::ConstructGameplayTagTree: Construct from data asset -  0.000 s
[2018.09.24-23.19.23:359][  0]LogStats: UGameplayTagsManager::ConstructGameplayTagTree: ImportINI -  0.000 s
[2018.09.24-23.19.23:359][  0]LogStats: UGameplayTagsManager::ConstructGameplayTagTree: GameplayTagTreeChangedEvent.Broadcast -  0.000 s
[2018.09.24-23.19.23:614][  0]LogInit: Initializing FReadOnlyCVARCache
[2018.09.24-23.19.23:626][  0]LogAIModule: Creating AISystem for world Untitled
[2018.09.24-23.19.23:647][  0]LogInit: XAudio2 using 'Speakers / Headphones (Realtek Audio)' : 6 channels at 48 kHz using 32 bits per sample (channel mask 0x3f)
[2018.09.24-23.19.23:721][  0]LogInit: FAudioDevice initialized.
[2018.09.24-23.19.23:721][  0]LogNetVersion: Set ProjectVersion to 1.0.0.0. Version Checksum will be recalculated on next use.
[2018.09.24-23.19.23:800][  0]LogDerivedDataCache: Saved boot cache 0.08s 71MB C:/Users/maloo/AppData/Local/UnrealEngine/4.20/DerivedDataCache/Boot.ddc.
[2018.09.24-23.19.23:804][  0]LogInit: Texture streaming: Enabled
[2018.09.24-23.19.23:816][  0]LogEngineSessionManager: EngineSessionManager initialized
[2018.09.24-23.19.23:827][  0]LogInit: Transaction tracking system initialized
[2018.09.24-23.19.23:846][  0]BlueprintLog: New page: Editor Load
[2018.09.24-23.19.23:906][  0]LocalizationService: Localization service is disabled
[2018.09.24-23.19.24:279][  0]LogAutoReimportManager: Warning: Unable to watch directory ../../../../GameDev/_Projects/A.S.H/ASH_Game/Content/ as it will conflict with another watching ../../../../GameDev/_Projects/A.S.H/ASH_Game/Content/.
[2018.09.24-23.19.24:295][  0]LogCook: Display: Max memory allowance for cook 16384mb min free memory 0mb
[2018.09.24-23.19.24:295][  0]LogCook: Display: Mobile HDR setting 1
[2018.09.24-23.19.24:295][  0]LogGameplayTags: Display: UGameplayTagsManager::DoneAddingNativeTags. DelegateIsBound: 0
[2018.09.24-23.19.24:295][  0]LogStats: UGameplayTagsManager::ConstructGameplayTagTree: ImportINI prefixes -  0.000 s
[2018.09.24-23.19.24:296][  0]LogStats: UGameplayTagsManager::ConstructGameplayTagTree: Construct from data asset -  0.000 s
[2018.09.24-23.19.24:296][  0]LogStats: UGameplayTagsManager::ConstructGameplayTagTree: ImportINI -  0.000 s
[2018.09.24-23.19.24:296][  0]LogStats: UGameplayTagsManager::ConstructGameplayTagTree: GameplayTagTreeChangedEvent.Broadcast -  0.000 s
[2018.09.24-23.19.24:415][  0]LogFileCache: Scanning file cache for directory 'D:/GameDev/_Projects/A.S.H/ASH_Game/Content/' took 0.02s
[2018.09.24-23.19.24:415][  0]SourceControl: Source control is disabled
[2018.09.24-23.19.24:415][  0]Cmd: MAP LOAD FILE="../../../../GameDev/_Projects/A.S.H/ASH_Game/Content/MapGenerator_Mike/MapGenerator.umap" TEMPLATE=0 SHOWPROGRESS=1 FEATURELEVEL=3
[2018.09.24-23.19.24:448][  0]LightingResults: New page: Lighting Build
[2018.09.24-23.19.24:450][  0]MapCheck: New page: Map Check
[2018.09.24-23.19.24:450][  0]LightingResults: New page: Lighting Build
[2018.09.24-23.19.25:485][  0]LogAIModule: Creating AISystem for world MapGenerator
[2018.09.24-23.19.25:490][  0]LogEditorServer: Finished looking for orphan Actors (0.000 secs)
[2018.09.24-23.19.25:518][  0]Cmd: MAP CHECKDEP NOCLEARLOG
[2018.09.24-23.19.25:595][  0]MapCheck: Map check complete: 0 Error(s), 0 Warning(s), took 76.107ms to complete.
[2018.09.24-23.19.25:595][  0]LogFileHelpers: Loading map 'MapGenerator' took 1.180
[2018.09.24-23.19.26:169][  0]LogSlate: Updating window title bar state: overlay mode, drag disabled, window buttons hidden, title bar hidden
[2018.09.24-23.19.26:198][  0]LogSlate: Updating window title bar state: overlay mode, drag disabled, window buttons hidden, title bar hidden
[2018.09.24-23.19.26:205][  0]LogSlate: Updating window title bar state: overlay mode, drag disabled, window buttons hidden, title bar hidden
[2018.09.24-23.19.26:213][  0]LogSlate: Updating window title bar state: overlay mode, drag disabled, window buttons hidden, title bar hidden
[2018.09.24-23.19.26:223][  0]LogCollectionManager: Loaded 0 collections in 0.001115 seconds
[2018.09.24-23.19.26:323][  0]LogFileCache: Scanning file cache for directory 'D:/GameDev/_Projects/A.S.H/ASH_Game/Saved/Collections/' took 0.01s
[2018.09.24-23.19.26:323][  0]LogFileCache: Scanning file cache for directory 'D:/GameDev/_Projects/A.S.H/ASH_Game/Content/Developers/maloo/Collections/' took 0.01s
[2018.09.24-23.19.26:323][  0]LogFileCache: Scanning file cache for directory 'D:/GameDev/_Projects/A.S.H/ASH_Game/Content/Collections/' took 0.01s
[2018.09.24-23.19.26:323][  0]LogCollectionManager: Rebuilt the GUID cache for 0 collections in 0.000000 seconds
[2018.09.24-23.19.26:333][  0]LogContentBrowser: Native class hierarchy populated in 0.0095 seconds. Added 2572 classes and 603 folders.
[2018.09.24-23.19.26:367][  0]LogContentBrowser: Native class hierarchy updated for 'WidgetCarousel' in 0.0004 seconds. Added 0 classes and 0 folders.
[2018.09.24-23.19.27:186][  0]LogContentBrowser: Native class hierarchy updated for 'AddContentDialog' in 0.0005 seconds. Added 0 classes and 0 folders.
[2018.09.24-23.19.27:231][  0]LogContentBrowser: Native class hierarchy updated for 'SceneOutliner' in 0.0004 seconds. Added 1 classes and 2 folders.
[2018.09.24-23.19.27:988][  0]LogSlate: Took 0.000289 seconds to synchronously load lazily loaded font '../../../Engine/Content/Slate/Fonts/Roboto-Regular.ttf' (155K)
[2018.09.24-23.19.27:991][  0]LogSlate: Took 0.000294 seconds to synchronously load lazily loaded font '../../../Engine/Content/Slate/Fonts/Roboto-Bold.ttf' (160K)
[2018.09.24-23.19.28:079][  0]LogSlate: Took 0.025053 seconds to synchronously load lazily loaded font '../../../Engine/Content/Editor/Slate/Fonts/FontAwesome.ttf' (139K)
[2018.09.24-23.19.28:398][  0]LogRenderer: Reallocating scene render targets to support 1072x452 Format 10 NumSamples 1 (Frame:1).
[2018.09.24-23.19.28:647][  0]LogContentBrowser: Native class hierarchy updated for 'HierarchicalLODOutliner' in 0.0003 seconds. Added 0 classes and 0 folders.
[2018.09.24-23.19.28:647][  0]LogLoad: (Engine Initialization) Total time: 13.76 seconds
[2018.09.24-23.19.28:647][  0]LogLoad: (Engine Initialization) Total Blueprint compile time: 0.00 seconds
[2018.09.24-23.19.28:668][  0]LogWindowsTextInputMethodSystem: Display: IME system now deactivated.
[2018.09.24-23.19.28:780][  0]LogContentStreaming: Texture pool size now 1000 MB
[2018.09.24-23.19.28:886][  1]LogFileCache: Retrieving MD5 hashes for directory 'D:/GameDev/_Projects/A.S.H/ASH_Game/Content/' took 0.21s
[2018.09.24-23.19.28:940][  2]LogAssetRegistry: Asset discovery search completed in 8.3609 seconds
[2018.09.24-23.19.28:942][  2]LogCollectionManager: Rebuilt the object cache for 0 collections in 0.000000 seconds (found 0 objects)
[2018.09.24-23.19.28:942][  2]LogCollectionManager: Fixed up redirectors for 0 collections in 0.000059 seconds (updated 0 objects)
[2018.09.24-23.19.29:782][ 33]LogSlate: Took 0.023794 seconds to synchronously load lazily loaded font '../../../Engine/Content/Slate/Fonts/Roboto-Light.ttf' (167K)
[2018.09.24-23.19.31:373][129]LogSlate: FSceneViewport::OnFocusLost() reason 0
[2018.09.24-23.19.31:557][134]LogLinker: Warning: Can't find file '/Game/TopDownBP/Blueprints/Assets/Enemies/Parasite/ParasiteAnim_BP'
[2018.09.24-23.19.31:557][134]LogLinker: Warning: Can't find file for asset '/Game/TopDownBP/Blueprints/Assets/Enemies/Parasite/ParasiteAnim_BP' while loading ../../../../GameDev/_Projects/A.S.H/ASH_Game/Content/TopDownBP/Blueprints/Parasite.uasset.
[2018.09.24-23.19.31:557][134]LoadErrors: Error: /Game/TopDownBP/Blueprints/Parasite : Can't find file for asset. /Game/TopDownBP/Blueprints/Assets/Enemies/Parasite/ParasiteAnim_BP
[2018.09.24-23.19.33:779][134]LogLinker: Warning: Can't find file '/Game/TopDownBP/Blueprints/Assets/Enemies/Parasite/ParasiteAnim_BP'
[2018.09.24-23.19.33:779][134]LoadErrors: Failed to load /Game/TopDownBP/Blueprints/Assets/Enemies/Parasite/ParasiteAnim_BP.ParasiteAnim_BP_C Referenced by Default__Parasite_C
[2018.09.24-23.19.33:779][134]LogLinker: Warning: Can't find file for asset '/Game/TopDownBP/Blueprints/Assets/Enemies/Parasite/ParasiteAnim_BP' while loading ../../../../GameDev/_Projects/A.S.H/ASH_Game/Content/TopDownBP/Blueprints/Weapons/ProjectileBase_Bp.uasset.
[2018.09.24-23.19.33:779][134]LoadErrors: Error: /Game/TopDownBP/Blueprints/Weapons/ProjectileBase_Bp : Can't find file for asset. /Game/TopDownBP/Blueprints/Assets/Enemies/Parasite/ParasiteAnim_BP
[2018.09.24-23.19.33:779][134]LogLinker: Warning: Can't find file '/Game/TopDownBP/Blueprints/Assets/Enemies/Parasite/parasite-TPose'
[2018.09.24-23.19.33:779][134]LoadErrors: Failed to load /Game/TopDownBP/Blueprints/Assets/Enemies/Parasite/parasite-TPose.parasite-TPose Referenced by Default__Parasite_C
[2018.09.24-23.19.33:779][134]LogLinker: Warning: Can't find file for asset '/Game/TopDownBP/Blueprints/Assets/Enemies/Parasite/parasite-TPose' while loading ../../../../GameDev/_Projects/A.S.H/ASH_Game/Content/TopDownBP/Blueprints/Weapons/ProjectileBase_Bp.uasset.
[2018.09.24-23.19.33:779][134]LoadErrors: Error: /Game/TopDownBP/Blueprints/Weapons/ProjectileBase_Bp : Can't find file for asset. /Game/TopDownBP/Blueprints/Assets/Enemies/Parasite/parasite-TPose
[2018.09.24-23.19.33:802][134]LogLinker: Warning: Can't find file '/Game/TopDownBP/Blueprints/Assets/Enemies/Parasite/ParasiteAnim_BP'
[2018.09.24-23.19.33:802][134]LoadErrors: Failed to load /Game/TopDownBP/Blueprints/Assets/Enemies/Parasite/ParasiteAnim_BP.ParasiteAnim_BP_C Referenced by GUN_GEN_VARIABLE
[2018.09.24-23.19.33:802][134]LogLinker: Warning: Can't find file for asset '/Game/TopDownBP/Blueprints/Assets/Enemies/Parasite/ParasiteAnim_BP' while loading ../../../../GameDev/_Projects/A.S.H/ASH_Game/Content/TopDownBP/Blueprints/Weapons/ProjectileBase_Bp.uasset.
[2018.09.24-23.19.33:802][134]LogLinker: Warning: Can't find file '/Game/TopDownBP/Blueprints/Assets/Enemies/Parasite/parasite-TPose'
[2018.09.24-23.19.33:803][134]LoadErrors: Failed to load /Game/TopDownBP/Blueprints/Assets/Enemies/Parasite/parasite-TPose Referenced by GUN_GEN_VARIABLE
[2018.09.24-23.19.33:803][134]LogLinker: Warning: Can't find file for asset '/Game/TopDownBP/Blueprints/Assets/Enemies/Parasite/parasite-TPose' while loading ../../../../GameDev/_Projects/A.S.H/ASH_Game/Content/TopDownBP/Blueprints/Weapons/ProjectileBase_Bp.uasset.
[2018.09.24-23.19.33:803][134]LogLinker: Warning: Can't find file '/Game/TopDownBP/Blueprints/Assets/Enemies/Parasite/ParasiteAnim_BP'
[2018.09.24-23.19.33:803][134]LoadErrors: Failed to load /Game/TopDownBP/Blueprints/Assets/Enemies/Parasite/ParasiteAnim_BP Referenced by GUN_GEN_VARIABLE
[2018.09.24-23.19.33:803][134]LogLinker: Warning: Can't find file for asset '/Game/TopDownBP/Blueprints/Assets/Enemies/Parasite/ParasiteAnim_BP' while loading ../../../../GameDev/_Projects/A.S.H/ASH_Game/Content/TopDownBP/Blueprints/Weapons/ProjectileBase_Bp.uasset.
[2018.09.24-23.19.33:803][134]LogLinker: Warning: Can't find file '/Game/TopDownBP/Blueprints/Assets/Enemies/Parasite/parasite-TPose'
[2018.09.24-23.19.33:803][134]LoadErrors: Failed to load /Game/TopDownBP/Blueprints/Assets/Enemies/Parasite/parasite-TPose.parasite-TPose Referenced by GUN_GEN_VARIABLE
[2018.09.24-23.19.33:803][134]LogLinker: Warning: Can't find file for asset '/Game/TopDownBP/Blueprints/Assets/Enemies/Parasite/parasite-TPose' while loading ../../../../GameDev/_Projects/A.S.H/ASH_Game/Content/TopDownBP/Blueprints/Weapons/ProjectileBase_Bp.uasset.
[2018.09.24-23.19.34:149][134]LogLinker: Warning: Can't find file '/Game/TopDownBP/Blueprints/Assets/Enemies/Parasite/parasite-TPose'
[2018.09.24-23.19.34:150][134]LogLinker: Warning: Can't find file for asset '/Game/TopDownBP/Blueprints/Assets/Enemies/Parasite/parasite-TPose' while loading ../../../../GameDev/_Projects/A.S.H/ASH_Game/Content/TopDownBP/Blueprints/Parasite.uasset.
[2018.09.24-23.19.34:150][134]LoadErrors: Error: /Game/TopDownBP/Blueprints/Parasite : Can't find file for asset. /Game/TopDownBP/Blueprints/Assets/Enemies/Parasite/parasite-TPose
[2018.09.24-23.19.34:150][134]LogLinker: Warning: Can't find file '/Game/TopDownBP/Blueprints/Assets/Enemies/Parasite/ParasiteAnim_BP'
[2018.09.24-23.19.34:150][134]LogLinker: Warning: Can't find file for asset '/Game/TopDownBP/Blueprints/Assets/Enemies/Parasite/ParasiteAnim_BP' while loading ../../../../GameDev/_Projects/A.S.H/ASH_Game/Content/TopDownBP/Blueprints/Parasite.uasset.
[2018.09.24-23.19.34:151][134]LogLinker: Warning: Can't find file '/Game/TopDownBP/Blueprints/Assets/Enemies/Parasite/parasite-TPose'
[2018.09.24-23.19.34:151][134]LogLinker: Warning: Can't find file for asset '/Game/TopDownBP/Blueprints/Assets/Enemies/Parasite/parasite-TPose' while loading ../../../../GameDev/_Projects/A.S.H/ASH_Game/Content/TopDownBP/Blueprints/Parasite.uasset.
[2018.09.24-23.19.35:270][134]LogAssetEditorManager: Opening Asset editor for Blueprint /Game/TopDownBP/Blueprints/Parasite.Parasite
[2018.09.24-23.19.36:245][134]LogContentBrowser: Native class hierarchy updated for 'BlueprintGraph' in 0.0006 seconds. Added 116 classes and 0 folders.
[2018.09.24-23.19.37:732][134]LogAssetEditorManager: Opening Asset editor for Blueprint /Game/TopDownBP/Blueprints/Weapons/PistolBullet.PistolBullet
[2018.09.24-23.19.38:068][134]LogAssetEditorManager: Opening Asset editor for Blueprint /Game/TopDownBP/Blueprints/TopDownCharacter.TopDownCharacter
[2018.09.24-23.19.38:720][134]LogSlate: Took 0.018728 seconds to synchronously load lazily loaded font '../../../Engine/Content/Slate/Fonts/Roboto-BoldCondensed.ttf' (158K)
[2018.09.24-23.33.41:581][636]LogSlate: Took 0.279858 seconds to synchronously load lazily loaded font '../../../Engine/Content/Slate/Fonts/Roboto-Italic.ttf' (157K)
[2018.09.24-23.34.33:203][169]LogFileHelpers: Editor autosave (incl. sublevels) for '/Game/MapGenerator_Mike/MapGenerator' took 0.042
[2018.09.24-23.34.33:206][169]OBJ SavePackage: Generating thumbnails for [1] asset(s) in package [/Game/TopDownBP/Blueprints/Weapons/Tazer] ([1] browsable assets)...
[2018.09.24-23.34.33:232][169]OBJ SavePackage:     Rendered thumbnail for [Blueprint /Game/TopDownBP/Blueprints/Weapons/Tazer.Tazer]
[2018.09.24-23.34.33:232][169]OBJ SavePackage: Finished generating thumbnails for package [/Game/TopDownBP/Blueprints/Weapons/Tazer]
[2018.09.24-23.34.33:288][169]LogSavePackage: Moving '../../../../GameDev/_Projects/A.S.H/ASH_Game/Saved/Tazer_Auto14A558E4047CB91BF49EA7B98D52936C0.tmp' to '../../../../GameDev/_Projects/A.S.H/ASH_Game/Saved/Autosaves/Game/TopDownBP/Blueprints/Weapons/Tazer_Auto1.uasset'
[2018.09.24-23.34.33:315][169]LogFileHelpers: Auto-saving content packages took 0.111
[2018.09.25-01.12.49:548][410]Cmd: OBJ SAVEPACKAGE PACKAGE="/Game/TopDownBP/Blueprints/Weapons/Tazer" FILE="../../../../GameDev/_Projects/A.S.H/ASH_Game/Content/TopDownBP/Blueprints/Weapons/Tazer.uasset" SILENT=true
[2018.09.25-01.12.49:570][410]LogSavePackage: Moving '../../../../GameDev/_Projects/A.S.H/ASH_Game/Saved/Tazer762D7B4F47374D90FA26C586CA2F0E39.tmp' to '../../../../GameDev/_Projects/A.S.H/ASH_Game/Content/TopDownBP/Blueprints/Weapons/Tazer.uasset'
[2018.09.25-01.12.50:865][467]LogActorComponent: UnregisterComponent: (/Engine/Transient.EditorFloorComp) Not registered. Aborting.
[2018.09.25-01.12.51:008][467]LogActorComponent: UnregisterComponent: (/Engine/Transient.EditorFloorComp) Not registered. Aborting.
[2018.09.25-01.12.51:084][467]LogSlate: Window 'ASH_Game - Unreal Editor' being destroyed
[2018.09.25-01.12.51:086][467]LogWindowsTextInputMethodSystem: Display: IME system now deactivated.
[2018.09.25-01.12.51:321][468]Cmd: QUIT_EDITOR
[2018.09.25-01.12.51:362][468]LogExit: Preparing to exit.
[2018.09.25-01.12.52:437][468]LogExit: Editor shut down
[2018.09.25-01.12.52:438][468]LogExit: Transaction tracking system shut down
[2018.09.25-01.12.53:241][468]LogExit: Object subsystem successfully closed.
[2018.09.25-01.12.53:254][468]LogShaderCompilers: Display: Shaders left to compile 0
[2018.09.25-01.12.53:258][468]LogD3D11RHI: Shutdown
[2018.09.25-01.12.53:258][468]LogD3D11RHI: CleanupD3DDevice
[2018.09.25-01.12.53:260][468]LogD3D11RHI: ~FD3D11DynamicRHI
[2018.09.25-01.12.53:271][468]LogModuleManager: Shutting down and abandoning module PortalProxies (614)
[2018.09.25-01.12.53:271][468]LogModuleManager: Shutting down and abandoning module BlueprintGraph (612)
[2018.09.25-01.12.53:271][468]LogModuleManager: Shutting down and abandoning module HierarchicalLODOutliner (610)
[2018.09.25-01.12.53:271][468]LogModuleManager: Shutting down and abandoning module SceneOutliner (608)
[2018.09.25-01.12.53:271][468]LogModuleManager: Shutting down and abandoning module AddContentDialog (606)
[2018.09.25-01.12.53:272][468]LogModuleManager: Shutting down and abandoning module WidgetCarousel (605)
[2018.09.25-01.12.53:272][468]LogModuleManager: Shutting down and abandoning module EditorWidgets (602)
[2018.09.25-01.12.53:272][468]LogModuleManager: Shutting down and abandoning module CollectionManager (600)
[2018.09.25-01.12.53:272][468]LogModuleManager: Shutting down and abandoning module StatsViewer (598)
[2018.09.25-01.12.53:272][468]LogModuleManager: Shutting down and abandoning module FoliageEdit (596)
[2018.09.25-01.12.53:272][468]LogModuleManager: Shutting down and abandoning module LandscapeEditor (594)
[2018.09.25-01.12.53:272][468]LogModuleManager: Shutting down and abandoning module MeshPaintMode (592)
[2018.09.25-01.12.53:272][468]LogModuleManager: Shutting down and abandoning module SceneDepthPickerMode (590)
[2018.09.25-01.12.53:272][468]LogModuleManager: Shutting down and abandoning module ActorPickerMode (588)
[2018.09.25-01.12.53:272][468]LogModuleManager: Shutting down and abandoning module GeometryMode (586)
[2018.09.25-01.12.53:272][468]LogModuleManager: Shutting down and abandoning module TextureAlignMode (584)
[2018.09.25-01.12.53:272][468]LogModuleManager: Shutting down and abandoning module BspMode (582)
[2018.09.25-01.12.53:272][468]LogModuleManager: Shutting down and abandoning module PIEPreviewDeviceProfileSelector (580)
[2018.09.25-01.12.53:272][468]LogModuleManager: Shutting down and abandoning module SequenceRecorderSections (578)
[2018.09.25-01.12.53:272][468]LogModuleManager: Shutting down and abandoning module AutomationWorker (576)
[2018.09.25-01.12.53:272][468]LogModuleManager: Shutting down and abandoning module AudioCaptureEditor (574)
[2018.09.25-01.12.53:272][468]LogModuleManager: Shutting down and abandoning module SequenceRecorder (573)
[2018.09.25-01.12.53:272][468]LogModuleManager: Shutting down and abandoning module MatineeToLevelSequence (570)
[2018.09.25-01.12.53:272][468]LogModuleManager: Shutting down and abandoning module LevelSequenceEditor (568)
[2018.09.25-01.12.53:272][468]LogModuleManager: Shutting down and abandoning module PlacementMode (567)
[2018.09.25-01.12.53:272][468]LogModuleManager: Shutting down and abandoning module MaterialEditor (566)
[2018.09.25-01.12.53:272][468]LogModuleManager: Shutting down and abandoning module WmfMediaFactory (562)
[2018.09.25-01.12.53:272][468]LogModuleManager: Shutting down and abandoning module WmfMediaEditor (560)
[2018.09.25-01.12.53:272][468]LogModuleManager: Shutting down and abandoning module MediaPlayerEditor (558)
[2018.09.25-01.12.53:273][468]LogModuleManager: Shutting down and abandoning module OpenExrWrapper (556)
[2018.09.25-01.12.53:273][468]LogModuleManager: Shutting down and abandoning module ImgMediaFactory (554)
[2018.09.25-01.12.53:273][468]LogModuleManager: Shutting down and abandoning module ImgMediaEditor (552)
[2018.09.25-01.12.53:273][468]LogModuleManager: Shutting down and abandoning module AvfMediaFactory (550)
[2018.09.25-01.12.53:273][468]LogModuleManager: Shutting down and abandoning module AvfMediaEditor (548)
[2018.09.25-01.12.53:273][468]LogModuleManager: Shutting down and abandoning module AndroidMediaFactory (546)
[2018.09.25-01.12.53:273][468]LogModuleManager: Shutting down and abandoning module AndroidMediaEditor (544)
[2018.09.25-01.12.53:273][468]LogModuleManager: Shutting down and abandoning module MagicLeapCameraPreviewFactory (542)
[2018.09.25-01.12.53:273][468]LogModuleManager: Shutting down and abandoning module MagicLeapMediaFactory (540)
[2018.09.25-01.12.53:273][468]LogModuleManager: Shutting down and abandoning module MagicLeapMediaEditor (538)
[2018.09.25-01.12.53:273][468]LogModuleManager: Shutting down and abandoning module CharacterAI (536)
[2018.09.25-01.12.53:273][468]LogModuleManager: Shutting down and abandoning module SmartSnapping (534)
[2018.09.25-01.12.53:273][468]LogModuleManager: Shutting down and abandoning module SessionServices (532)
[2018.09.25-01.12.53:273][468]LogModuleManager: Shutting down and abandoning module ViewportSnapping (530)
[2018.09.25-01.12.53:273][468]LogModuleManager: Shutting down and abandoning module ViewportInteraction (528)
[2018.09.25-01.12.53:273][468]LogModuleManager: Shutting down and abandoning module ClothPainter (526)
[2018.09.25-01.12.53:273][468]LogModuleManager: Shutting down and abandoning module SkeletalMeshEditor (525)
[2018.09.25-01.12.53:273][468]LogModuleManager: Shutting down and abandoning module LogVisualizer (522)
[2018.09.25-01.12.53:273][468]LogModuleManager: Shutting down and abandoning module IntroTutorials (520)
[2018.09.25-01.12.53:273][468]LogModuleManager: Shutting down and abandoning module GameProjectGeneration (519)
[2018.09.25-01.12.53:273][468]LogModuleManager: Shutting down and abandoning module LuminPlatformEditor (516)
[2018.09.25-01.12.53:273][468]LogModuleManager: Shutting down and abandoning module IOSPlatformEditor (514)
[2018.09.25-01.12.53:273][468]LogModuleManager: Shutting down and abandoning module HTML5PlatformEditor (512)
[2018.09.25-01.12.53:273][468]LogModuleManager: Shutting down and abandoning module AndroidPlatformEditor (510)
[2018.09.25-01.12.53:273][468]LogModuleManager: Shutting down and abandoning module AndroidDeviceDetection (509)
[2018.09.25-01.12.53:722][468]LogModuleManager: Shutting down and abandoning module WindowsPlatformEditor (506)
[2018.09.25-01.12.53:722][468]LogModuleManager: Shutting down and abandoning module LuminRuntimeSettings (504)
[2018.09.25-01.12.53:722][468]LogModuleManager: Shutting down and abandoning module IOSRuntimeSettings (502)
[2018.09.25-01.12.53:722][468]LogModuleManager: Shutting down and abandoning module AndroidRuntimeSettings (500)
[2018.09.25-01.12.53:722][468]LogModuleManager: Shutting down and abandoning module InputBindingEditor (498)
[2018.09.25-01.12.53:722][468]LogModuleManager: Shutting down and abandoning module MergeActors (496)
[2018.09.25-01.12.53:722][468]LogModuleManager: Shutting down and abandoning module LocalizationDashboard (494)
[2018.09.25-01.12.53:722][468]LogModuleManager: Shutting down and abandoning module LocalizationService (493)
[2018.09.25-01.12.53:722][468]LogModuleManager: Shutting down and abandoning module HardwareTargeting (490)
[2018.09.25-01.12.53:722][468]LogModuleManager: Shutting down and abandoning module DeviceProfileEditor (488)
[2018.09.25-01.12.53:722][468]LogModuleManager: Shutting down and abandoning module UndoHistory (486)
[2018.09.25-01.12.53:722][468]LogModuleManager: Shutting down and abandoning module XmlParser (484)
[2018.09.25-01.12.53:722][468]LogModuleManager: Shutting down and abandoning module Blutility (482)
[2018.09.25-01.12.53:722][468]LogModuleManager: Shutting down and abandoning module ProjectSettingsViewer (480)
[2018.09.25-01.12.53:722][468]LogModuleManager: Shutting down and abandoning module ProjectTargetPlatformEditor (479)
[2018.09.25-01.12.53:723][468]LogModuleManager: Shutting down and abandoning module EditorSettingsViewer (476)
[2018.09.25-01.12.53:723][468]LogModuleManager: Shutting down and abandoning module SettingsEditor (474)
[2018.09.25-01.12.53:723][468]LogModuleManager: Shutting down and abandoning module ProjectLauncher (472)
[2018.09.25-01.12.53:723][468]LogModuleManager: Shutting down and abandoning module SessionFrontend (470)
[2018.09.25-01.12.53:723][468]LogModuleManager: Shutting down and abandoning module ProfilerClient (468)
[2018.09.25-01.12.53:723][468]LogModuleManager: Shutting down and abandoning module DeviceManager (466)
[2018.09.25-01.12.53:723][468]LogModuleManager: Shutting down and abandoning module TargetDeviceServices (465)
[2018.09.25-01.12.53:788][468]LogModuleManager: Shutting down and abandoning module AutomationController (462)
[2018.09.25-01.12.53:788][468]LogModuleManager: Shutting down and abandoning module AutomationWindow (460)
[2018.09.25-01.12.53:788][468]LogModuleManager: Shutting down and abandoning module Layers (458)
[2018.09.25-01.12.53:788][468]LogModuleManager: Shutting down and abandoning module ComponentVisualizers (456)
[2018.09.25-01.12.53:788][468]LogModuleManager: Shutting down and abandoning module DetailCustomizations (454)
[2018.09.25-01.12.53:788][468]LogModuleManager: Shutting down and abandoning module PackagesDialog (452)
[2018.09.25-01.12.53:788][468]LogModuleManager: Shutting down and abandoning module Persona (450)
[2018.09.25-01.12.53:788][468]LogModuleManager: Shutting down and abandoning module AdvancedPreviewScene (449)
[2018.09.25-01.12.53:788][468]LogModuleManager: Shutting down and abandoning module AnimGraph (447)
[2018.09.25-01.12.53:788][468]LogModuleManager: Shutting down and abandoning module Kismet (444)
[2018.09.25-01.12.53:792][468]LogModuleManager: Shutting down and abandoning module GraphEditor (442)
[2018.09.25-01.12.53:793][468]LogModuleManager: Shutting down and abandoning module ClassViewer (440)
[2018.09.25-01.12.53:793][468]LogModuleManager: Shutting down and abandoning module Toolbox (438)
[2018.09.25-01.12.53:793][468]LogModuleManager: Shutting down and abandoning module ModuleUI (436)
[2018.09.25-01.12.53:793][468]LogModuleManager: Shutting down and abandoning module MovieSceneTools (434)
[2018.09.25-01.12.53:793][468]LogModuleManager: Shutting down and abandoning module OutputLog (432)
[2018.09.25-01.12.53:793][468]LogModuleManager: Shutting down and abandoning module GammaUI (430)
[2018.09.25-01.12.53:793][468]LogModuleManager: Shutting down and abandoning module Documentation (428)
[2018.09.25-01.12.53:794][468]LogModuleManager: Shutting down and abandoning module MovieSceneTracks (426)
[2018.09.25-01.12.53:794][468]LogModuleManager: Shutting down and abandoning module MovieScene (424)
[2018.09.25-01.12.53:794][468]LogModuleManager: Shutting down and abandoning module StreamingPauseRendering (422)
[2018.09.25-01.12.53:794][468]LogModuleManager: Shutting down and abandoning module LauncherPlatform (420)
[2018.09.25-01.12.53:794][468]LogModuleManager: Shutting down and abandoning module AnalyticsET (418)
[2018.09.25-01.12.53:794][468]LogModuleManager: Shutting down and abandoning module PortalServices (416)
[2018.09.25-01.12.53:794][468]LogModuleManager: Shutting down and abandoning module PortalRpc (414)
[2018.09.25-01.12.53:794][468]LogModuleManager: Shutting down and abandoning module MessagingRpc (412)
[2018.09.25-01.12.53:794][468]LogModuleManager: Shutting down and abandoning module AIModule (410)
[2018.09.25-01.12.53:794][468]LogModuleManager: Shutting down and abandoning module GameplayDebugger (409)
[2018.09.25-01.12.53:794][468]LogModuleManager: Shutting down and abandoning module AITestSuite (407)
[2018.09.25-01.12.53:794][468]LogModuleManager: Shutting down and abandoning module NavigationSystem (405)
[2018.09.25-01.12.53:794][468]LogModuleManager: Shutting down and abandoning module DesktopPlatform (402)
[2018.09.25-01.12.53:794][468]LogModuleManager: Shutting down and abandoning module ProfilerService (400)
[2018.09.25-01.12.53:801][468]LogModuleManager: Shutting down and abandoning module TaskGraph (398)
[2018.09.25-01.12.53:801][468]LogModuleManager: Shutting down and abandoning module SteamVRController (396)
[2018.09.25-01.12.53:801][468]LogModuleManager: Shutting down and abandoning module ProceduralMeshComponentEditor (394)
[2018.09.25-01.12.53:801][468]LogModuleManager: Shutting down and abandoning module ProceduralMeshComponent (392)
[2018.09.25-01.12.53:801][468]LogModuleManager: Shutting down and abandoning module OculusInput (390)
[2018.09.25-01.12.53:801][468]LogModuleManager: Shutting down and abandoning module MobilePatchingUtils (388)
[2018.09.25-01.12.53:801][468]LogModuleManager: Shutting down and abandoning module EditableMesh (386)
[2018.09.25-01.12.53:801][468]LogModuleManager: Shutting down and abandoning module CustomMeshComponent (384)
[2018.09.25-01.12.53:801][468]LogModuleManager: Shutting down and abandoning module CableComponent (382)
[2018.09.25-01.12.53:801][468]LogModuleManager: Shutting down and abandoning module AudioCapture (380)
[2018.09.25-01.12.53:801][468]LogModuleManager: Shutting down and abandoning module ArchVisCharacter (378)
[2018.09.25-01.12.53:802][468]LogModuleManager: Shutting down and abandoning module AndroidPermission (376)
[2018.09.25-01.12.53:802][468]LogModuleManager: Shutting down and abandoning module NUTUnrealEngine4 (374)
[2018.09.25-01.12.53:802][468]LogModuleManager: Shutting down and abandoning module NetcodeUnitTest (372)
[2018.09.25-01.12.53:802][468]LogModuleManager: Shutting down and abandoning module MediaCompositingEditor (370)
[2018.09.25-01.12.53:802][468]LogModuleManager: Shutting down and abandoning module MediaCompositing (368)
[2018.09.25-01.12.53:802][468]LogModuleManager: Shutting down and abandoning module LinearTimecode (366)
[2018.09.25-01.12.53:802][468]LogModuleManager: Shutting down and abandoning module ImgMedia (364)
[2018.09.25-01.12.53:805][468]LogModuleManager: Shutting down and abandoning module HTML5Networking (362)
[2018.09.25-01.12.53:805][468]LogModuleManager: Shutting down and abandoning module GeometryCacheTracks (360)
[2018.09.25-01.12.53:805][468]LogModuleManager: Shutting down and abandoning module GeometryCacheSequencer (358)
[2018.09.25-01.12.53:805][468]LogModuleManager: Shutting down and abandoning module BackChannel (356)
[2018.09.25-01.12.53:805][468]LogModuleManager: Shutting down and abandoning module AppleVision (354)
[2018.09.25-01.12.53:805][468]LogModuleManager: Shutting down and abandoning module AppleImageUtils (352)
[2018.09.25-01.12.53:805][468]LogModuleManager: Shutting down and abandoning module AlembicImporter (350)
[2018.09.25-01.12.53:805][468]LogModuleManager: Shutting down and abandoning module AlembicLibrary (349)
[2018.09.25-01.12.53:805][468]LogModuleManager: Shutting down and abandoning module GeometryCache (348)
[2018.09.25-01.12.53:805][468]LogModuleManager: Shutting down and abandoning module GeometryCacheEd (347)
[2018.09.25-01.12.53:805][468]LogModuleManager: Shutting down and abandoning module DatasmithContentEditor (342)
[2018.09.25-01.12.53:805][468]LogModuleManager: Shutting down and abandoning module DatasmithContent (340)
[2018.09.25-01.12.53:806][468]LogModuleManager: Shutting down and abandoning module SpeedTreeImporter (338)
[2018.09.25-01.12.53:806][468]LogModuleManager: Shutting down and abandoning module PluginBrowser (336)
[2018.09.25-01.12.53:806][468]LogModuleManager: Shutting down and abandoning module MobileLauncherProfileWizard (334)
[2018.09.25-01.12.53:806][468]LogModuleManager: Shutting down and abandoning module PolygonModeling (332)
[2018.09.25-01.12.53:806][468]LogModuleManager: Shutting down and abandoning module MeshEditor (330)
[2018.09.25-01.12.53:806][468]LogModuleManager: Shutting down and abandoning module CryptoKeysOpenSSL (328)
[2018.09.25-01.12.53:806][468]LogModuleManager: Shutting down and abandoning module CryptoKeys (326)
[2018.09.25-01.12.53:806][468]LogModuleManager: Shutting down and abandoning module VisualStudioSourceCodeAccess (324)
[2018.09.25-01.12.53:806][468]LogModuleManager: Shutting down and abandoning module VisualStudioCodeSourceCodeAccess (322)
[2018.09.25-01.12.53:806][468]LogModuleManager: Shutting down and abandoning module UObjectPlugin (320)
[2018.09.25-01.12.53:806][468]LogModuleManager: Shutting down and abandoning module SubversionSourceControl (318)
[2018.09.25-01.12.53:806][468]LogModuleManager: Shutting down and abandoning module PerforceSourceControl (316)
[2018.09.25-01.12.53:806][468]LogModuleManager: Shutting down and abandoning module GitSourceControl (314)
[2018.09.25-01.12.53:806][468]LogModuleManager: Shutting down and abandoning module SourceControl (313)
[2018.09.25-01.12.53:806][468]LogModuleManager: Shutting down and abandoning module CLionSourceCodeAccess (310)
[2018.09.25-01.12.53:806][468]LogModuleManager: Shutting down and abandoning module LightPropagationVolumeEditor (308)
[2018.09.25-01.12.53:806][468]LogModuleManager: Shutting down and abandoning module PaperTiledImporter (306)
[2018.09.25-01.12.53:806][468]LogModuleManager: Shutting down and abandoning module PaperSpriteSheetImporter (304)
[2018.09.25-01.12.53:806][468]LogModuleManager: Shutting down and abandoning module Paper2DEditor (302)
[2018.09.25-01.12.53:806][468]LogModuleManager: Shutting down and abandoning module MeshPaint (301)
[2018.09.25-01.12.53:806][468]LogModuleManager: Shutting down and abandoning module RuntimePhysXCooking (298)
[2018.09.25-01.12.53:807][468]LogModuleManager: Shutting down and abandoning module PhysXVehiclesEditor (296)
[2018.09.25-01.12.53:807][468]LogModuleManager: Shutting down and abandoning module PhysXVehicles (294)
[2018.09.25-01.12.53:807][468]LogModuleManager: Shutting down and abandoning module OculusEditor (292)
[2018.09.25-01.12.53:807][468]LogModuleManager: Shutting down and abandoning module LocationServicesBPLibrary (290)
[2018.09.25-01.12.53:807][468]LogModuleManager: Shutting down and abandoning module ImmediatePhysicsEditor (288)
[2018.09.25-01.12.53:807][468]LogModuleManager: Shutting down and abandoning module ImmediatePhysics (286)
[2018.09.25-01.12.53:807][468]LogModuleManager: Shutting down and abandoning module ActorSequence (284)
[2018.09.25-01.12.53:807][468]LogModuleManager: Shutting down and abandoning module UdpMessaging (282)
[2018.09.25-01.12.53:907][468]LogModuleManager: Shutting down and abandoning module TcpMessaging (280)
[2018.09.25-01.12.54:008][468]LogModuleManager: Shutting down and abandoning module MagicLeapAudio (278)
[2018.09.25-01.12.54:008][468]LogModuleManager: Shutting down and abandoning module GameplayTagsEditor (276)
[2018.09.25-01.12.54:008][468]LogModuleManager: Shutting down and abandoning module FacialAnimationEditor (274)
[2018.09.25-01.12.54:008][468]LogModuleManager: Shutting down and abandoning module FacialAnimation (272)
[2018.09.25-01.12.54:008][468]LogModuleManager: Shutting down and abandoning module DataValidation (270)
[2018.09.25-01.12.54:008][468]LogModuleManager: Shutting down and abandoning module AssetManagerEditor (268)
[2018.09.25-01.12.54:008][468]LogModuleManager: Shutting down and abandoning module LevelEditor (267)
[2018.09.25-01.12.54:009][468]LogModuleManager: Shutting down and abandoning module PixelInspectorModule (266)
[2018.09.25-01.12.54:009][468]LogModuleManager: Shutting down and abandoning module CommonMenuExtensions (264)
[2018.09.25-01.12.54:009][468]LogModuleManager: Shutting down and abandoning module MainFrame (262)
[2018.09.25-01.12.54:009][468]LogModuleManager: Shutting down and abandoning module HotReload (261)
[2018.09.25-01.12.54:010][468]LogModuleManager: Shutting down and abandoning module ContentBrowser (257)
[2018.09.25-01.12.54:011][468]LogModuleManager: Shutting down and abandoning module TreeMap (255)
[2018.09.25-01.12.54:011][468]LogModuleManager: Shutting down and abandoning module LightPropagationVolumeRuntime (252)
[2018.09.25-01.12.54:011][468]LogModuleManager: Shutting down and abandoning module AISupportModule (250)
[2018.09.25-01.12.54:011][468]LogModuleManager: Shutting down and abandoning module Paper2D (248)
[2018.09.25-01.12.54:011][468]LogModuleManager: Shutting down and abandoning module WindowsMoviePlayer (246)
[2018.09.25-01.12.54:011][468]LogModuleManager: Shutting down and abandoning module WmfMedia (244)
[2018.09.25-01.12.54:012][468]LogModuleManager: Shutting down and abandoning module Media (243)
[2018.09.25-01.12.54:019][468]LogModuleManager: Shutting down and abandoning module PacketHandler (240)
[2018.09.25-01.12.54:019][468]LogModuleManager: Shutting down and abandoning module ClothingSystemEditor (238)
[2018.09.25-01.12.54:019][468]LogModuleManager: Shutting down and abandoning module ClothingSystemRuntime (236)
[2018.09.25-01.12.54:019][468]LogModuleManager: Shutting down and abandoning module MediaAssets (234)
[2018.09.25-01.12.54:019][468]LogModuleManager: Shutting down and abandoning module Overlay (232)
[2018.09.25-01.12.54:019][468]LogModuleManager: Shutting down and abandoning module OverlayEditor (231)
[2018.09.25-01.12.54:019][468]LogModuleManager: Shutting down and abandoning module VREditor (228)
[2018.09.25-01.12.54:019][468]LogModuleManager: Shutting down and abandoning module StringTableEditor (226)
[2018.09.25-01.12.54:019][468]LogModuleManager: Shutting down and abandoning module GameplayTasksEditor (224)
[2018.09.25-01.12.54:019][468]LogModuleManager: Shutting down and abandoning module BehaviorTreeEditor (222)
[2018.09.25-01.12.54:019][468]LogModuleManager: Shutting down and abandoning module FunctionalTesting (220)
[2018.09.25-01.12.54:019][468]LogModuleManager: Shutting down and abandoning module CollisionAnalyzer (218)
[2018.09.25-01.12.54:019][468]LogModuleManager: Shutting down and abandoning module WorkspaceMenuStructure (217)
[2018.09.25-01.12.54:019][468]LogModuleManager: Shutting down and abandoning module UMG (214)
[2018.09.25-01.12.54:019][468]LogModuleManager: Shutting down and abandoning module UMGEditor (213)
[2018.09.25-01.12.54:020][468]LogModuleManager: Shutting down and abandoning module Sequencer (212)
[2018.09.25-01.12.54:020][468]LogModuleManager: Shutting down and abandoning module MessageLog (209)
[2018.09.25-01.12.54:020][468]LogModuleManager: Shutting down and abandoning module SlateReflector (204)
[2018.09.25-01.12.54:020][468]LogModuleManager: Shutting down and abandoning module Slate (202)
[2018.09.25-01.12.54:020][468]LogModuleManager: Shutting down and abandoning module EditorStyle (200)
[2018.09.25-01.12.54:022][468]LogModuleManager: Shutting down and abandoning module MRMesh (198)
[2018.09.25-01.12.54:022][468]LogModuleManager: Shutting down and abandoning module SourceCodeAccess (196)
[2018.09.25-01.12.54:022][468]LogModuleManager: Shutting down and abandoning module HeadMountedDisplay (194)
[2018.09.25-01.12.54:022][468]LogModuleManager: Shutting down and abandoning module XAudio2 (192)
[2018.09.25-01.12.54:022][468]LogModuleManager: Shutting down and abandoning module Networking (190)
[2018.09.25-01.12.54:022][468]LogModuleManager: Shutting down and abandoning module Core (188)
[2018.09.25-01.12.54:022][468]LogModuleManager: Shutting down and abandoning module LevelSequence (186)
[2018.09.25-01.12.54:022][468]LogModuleManager: Shutting down and abandoning module KismetCompiler (184)
[2018.09.25-01.12.54:022][468]LogModuleManager: Shutting down and abandoning module MeshUtilities (182)
[2018.09.25-01.12.54:022][468]LogModuleManager: Shutting down and abandoning module MeshMergeUtilities (181)
[2018.09.25-01.12.54:022][468]LogModuleManager: Shutting down and abandoning module MeshReductionInterface (180)
[2018.09.25-01.12.54:022][468]LogModuleManager: Shutting down and abandoning module SimplygonSwarm (179)
[2018.09.25-01.12.54:022][468]LogModuleManager: Shutting down and abandoning module ProxyLODMeshReduction (177)
[2018.09.25-01.12.54:022][468]LogModuleManager: Shutting down and abandoning module SimplygonMeshReduction (175)
[2018.09.25-01.12.54:022][468]LogModuleManager: Shutting down and abandoning module QuadricMeshReduction (173)
[2018.09.25-01.12.54:022][468]LogModuleManager: Shutting down and abandoning module MaterialBaking (169)
[2018.09.25-01.12.54:022][468]LogModuleManager: Shutting down and abandoning module DirectoryWatcher (165)
[2018.09.25-01.12.54:022][468]LogModuleManager: Shutting down and abandoning module DerivedDataCache (162)
[2018.09.25-01.12.54:059][468]LogDerivedDataCache: Shutdown
[2018.09.25-01.12.54:059][468]LogModuleManager: Shutting down and abandoning module XGEController (160)
[2018.09.25-01.12.54:059][468]LogModuleManager: Shutting down and abandoning module TargetPlatform (158)
[2018.09.25-01.12.54:059][468]LogModuleManager: Shutting down and abandoning module VulkanShaderFormat (157)
[2018.09.25-01.12.54:059][468]LogModuleManager: Shutting down and abandoning module ShaderFormatVectorVM (155)
[2018.09.25-01.12.54:059][468]LogModuleManager: Shutting down and abandoning module ShaderFormatOpenGL (153)
[2018.09.25-01.12.54:059][468]LogModuleManager: Shutting down and abandoning module ShaderFormatD3D (151)
[2018.09.25-01.12.54:059][468]LogModuleManager: Shutting down and abandoning module MetalShaderFormat (149)
[2018.09.25-01.12.54:059][468]LogModuleManager: Shutting down and abandoning module TextureFormatUncompressed (147)
[2018.09.25-01.12.54:059][468]LogModuleManager: Shutting down and abandoning module TextureFormatPVR (145)
[2018.09.25-01.12.54:059][468]LogModuleManager: Shutting down and abandoning module TextureFormatDXT (143)
[2018.09.25-01.12.54:060][468]LogModuleManager: Shutting down and abandoning module TextureFormatIntelISPCTexComp (141)
[2018.09.25-01.12.54:060][468]LogModuleManager: Shutting down and abandoning module TextureFormatASTC (139)
[2018.09.25-01.12.54:060][468]LogModuleManager: Shutting down and abandoning module ImageWrapper (138)
[2018.09.25-01.12.54:060][468]LogModuleManager: Shutting down and abandoning module TextureFormatAndroid (135)
[2018.09.25-01.12.54:060][468]LogModuleManager: Shutting down and abandoning module AudioFormatOpus (133)
[2018.09.25-01.12.54:060][468]LogModuleManager: Shutting down and abandoning module AudioFormatOgg (131)
[2018.09.25-01.12.54:060][468]LogModuleManager: Shutting down and abandoning module AudioFormatADPCM (129)
[2018.09.25-01.12.54:060][468]LogModuleManager: Shutting down and abandoning module LuminTargetPlatform (127)
[2018.09.25-01.12.54:060][468]LogModuleManager: Shutting down and abandoning module LinuxTargetPlatform (125)
[2018.09.25-01.12.54:060][468]LogModuleManager: Shutting down and abandoning module LinuxServerTargetPlatform (123)
[2018.09.25-01.12.54:060][468]LogModuleManager: Shutting down and abandoning module LinuxNoEditorTargetPlatform (121)
[2018.09.25-01.12.54:060][468]LogModuleManager: Shutting down and abandoning module LinuxClientTargetPlatform (119)
[2018.09.25-01.12.54:060][468]LogModuleManager: Shutting down and abandoning module TVOSTargetPlatform (117)
[2018.09.25-01.12.54:062][468]LogModuleManager: Shutting down and abandoning module Messaging (115)
[2018.09.25-01.12.54:062][468]LogModuleManager: Shutting down and abandoning module IOSTargetPlatform (113)
[2018.09.25-01.12.54:064][468]LogModuleManager: Shutting down and abandoning module HTML5TargetPlatform (111)
[2018.09.25-01.12.54:064][468]LogModuleManager: Shutting down and abandoning module AndroidTargetPlatform (109)
[2018.09.25-01.12.54:078][468]LogModuleManager: Shutting down and abandoning module WindowsTargetPlatform (107)
[2018.09.25-01.12.54:078][468]LogModuleManager: Shutting down and abandoning module WindowsServerTargetPlatform (105)
[2018.09.25-01.12.54:078][468]LogModuleManager: Shutting down and abandoning module WindowsNoEditorTargetPlatform (103)
[2018.09.25-01.12.54:079][468]LogModuleManager: Shutting down and abandoning module WindowsClientTargetPlatform (101)
[2018.09.25-01.12.54:079][468]LogModuleManager: Shutting down and abandoning module MacTargetPlatform (99)
[2018.09.25-01.12.54:079][468]LogModuleManager: Shutting down and abandoning module MacServerTargetPlatform (97)
[2018.09.25-01.12.54:079][468]LogModuleManager: Shutting down and abandoning module MacNoEditorTargetPlatform (95)
[2018.09.25-01.12.54:079][468]LogModuleManager: Shutting down and abandoning module MacClientTargetPlatform (93)
[2018.09.25-01.12.54:079][468]LogModuleManager: Shutting down and abandoning module AllDesktopTargetPlatform (91)
[2018.09.25-01.12.54:079][468]LogModuleManager: Shutting down and abandoning module InputCore (88)
[2018.09.25-01.12.54:079][468]LogModuleManager: Shutting down and abandoning module Settings (86)
[2018.09.25-01.12.54:079][468]LogModuleManager: Shutting down and abandoning module PhysXCooking (84)
[2018.09.25-01.12.54:079][468]LogModuleManager: Shutting down and abandoning module SteamVR (82)
[2018.09.25-01.12.54:079][468]LogModuleManager: Shutting down and abandoning module OculusHMD (80)
[2018.09.25-01.12.54:079][468]LogModuleManager: Shutting down and abandoning module ExampleDeviceProfileSelector (78)
[2018.09.25-01.12.54:079][468]LogModuleManager: Shutting down and abandoning module LauncherChunkInstaller (76)
[2018.09.25-01.12.54:079][468]LogModuleManager: Shutting down and abandoning module OnlineBlueprintSupport (74)
[2018.09.25-01.12.54:079][468]LogModuleManager: Shutting down and abandoning module OnlineSubsystem (70)
[2018.09.25-01.12.54:080][468]LogModuleManager: Shutting down and abandoning module XMPP (65)
[2018.09.25-01.12.54:080][468]LogModuleManager: Shutting down and abandoning module WebSockets (64)
[2018.09.25-01.12.54:109][468]LogModuleManager: Shutting down and abandoning module HTTP (61)
[2018.09.25-01.12.54:109][468]LogHttp: Display: Http module shutting down, but needs to wait on 1 outstanding Http requests:
[2018.09.25-01.12.54:109][468]LogHttp: Display: 	verb=[POST] url=[https://datarouter.ol.epicgames.com/datarouter/api/v1/public/data?SessionID=%7B430B148F-4589-8B4D-9D52-89886AFC7864%7D&AppID=UEEditor.Rocket.Release&AppVersion=4.20.3-4369336%2B%2B%2BUE4%2BRelease-4.20&UserID=e81f7c6a4e20a4c2aba780be7368b7e6%7C69031fb1a45c4ec189825f9d534408ca%7Cd2e6f851-8dc9-42b7-8ff2-f3ab4f006ddd&AppEnvironment=datacollector-binary&UploadType=eteventstream] status=Processing
[2018.09.25-01.12.54:117][468]LogModuleManager: Shutting down and abandoning module SSL (60)
[2018.09.25-01.12.54:118][468]LogModuleManager: Shutting down and abandoning module MagicLeapEmulator (56)
[2018.09.25-01.12.54:118][468]LogModuleManager: Shutting down and abandoning module MagicLeapPrivileges (54)
[2018.09.25-01.12.54:118][468]LogModuleManager: Shutting down and abandoning module MagicLeapIdentity (52)
[2018.09.25-01.12.54:118][468]LogModuleManager: Shutting down and abandoning module MagicLeapHelperVulkan (50)
[2018.09.25-01.12.54:118][468]LogModuleManager: Shutting down and abandoning module MagicLeapHelperOpenGL (48)
[2018.09.25-01.12.54:118][468]LogModuleManager: Shutting down and abandoning module MagicLeapSecureStorage (46)
[2018.09.25-01.12.54:118][468]LogModuleManager: Shutting down and abandoning module MagicLeapGestures (44)
[2018.09.25-01.12.54:118][468]LogModuleManager: Shutting down and abandoning module MagicLeapEyeTracker (42)
[2018.09.25-01.12.54:118][468]LogModuleManager: Shutting down and abandoning module MagicLeapController (40)
[2018.09.25-01.12.54:118][468]LogSlate: Slate User Destroyed.  User Index 0, Is Virtual User: 0
[2018.09.25-01.12.54:118][468]LogModuleManager: Shutting down and abandoning module MagicLeap (38)
[2018.09.25-01.12.54:119][468]LogModuleManager: Shutting down and abandoning module AnimationModifiers (36)
[2018.09.25-01.12.54:119][468]LogModuleManager: Shutting down and abandoning module PropertyEditor (35)
[2018.09.25-01.12.54:119][468]LogModuleManager: Shutting down and abandoning module AudioEditor (32)
[2018.09.25-01.12.54:119][468]LogModuleManager: Shutting down and abandoning module TextureCompressor (30)
[2018.09.25-01.12.54:119][468]LogModuleManager: Shutting down and abandoning module ShaderCore (28)
[2018.09.25-01.12.54:119][468]LogModuleManager: Shutting down and abandoning module Landscape (26)
[2018.09.25-01.12.54:119][468]LogModuleManager: Shutting down and abandoning module SlateRHIRenderer (24)
[2018.09.25-01.12.54:119][468]LogModuleManager: Shutting down and abandoning module OpenGLDrv (22)
[2018.09.25-01.12.54:119][468]LogModuleManager: Shutting down and abandoning module D3D11RHI (20)
[2018.09.25-01.12.54:119][468]LogModuleManager: Shutting down and abandoning module AnimGraphRuntime (18)
[2018.09.25-01.12.54:119][468]LogModuleManager: Shutting down and abandoning module Renderer (16)
[2018.09.25-01.12.54:119][468]LogModuleManager: Shutting down and abandoning module Engine (14)
[2018.09.25-01.12.54:119][468]LogModuleManager: Shutting down and abandoning module CoreUObject (12)
[2018.09.25-01.12.54:119][468]LogModuleManager: Shutting down and abandoning module NetworkFile (10)
[2018.09.25-01.12.54:119][468]LogModuleManager: Shutting down and abandoning module CookedIterativeFile (8)
[2018.09.25-01.12.54:119][468]LogModuleManager: Shutting down and abandoning module StreamingFile (6)
[2018.09.25-01.12.54:119][468]LogModuleManager: Shutting down and abandoning module SandboxFile (4)
[2018.09.25-01.12.54:119][468]LogModuleManager: Shutting down and abandoning module PakFile (2)
[2018.09.25-01.12.54:126][468]LogExit: Exiting.
[2018.09.25-01.12.54:148][468]Log file closed, 09/24/18 21:12:54
