Log file open, 09/20/18 07:45:15
LogWindows: Failed to load 'aqProf.dll' (GetLastError=126)
LogWindows: File 'aqProf.dll' does not exist
LogWindows: Failed to load 'VSPerf140.dll' (GetLastError=126)
LogWindows: File 'VSPerf140.dll' does not exist
LogWindows: Failed to load 'VtuneApi.dll' (GetLastError=126)
LogWindows: File 'VtuneApi.dll' does not exist
LogWindows: Failed to load 'VtuneApi32e.dll' (GetLastError=126)
LogWindows: File 'VtuneApi32e.dll' does not exist
LogInit: Display: Running engine for game: ASH_Game
LogPlatformFile: Not using cached read wrapper
LogTaskGraph: Started task graph with 5 named threads and 35 total threads with 3 sets of task threads.
LogStats: Stats thread started at 0.395624
LogD3D11RHI: Loaded GFSDK_Aftermath_Lib.x64.dll
LogICUInternationalization: Display: ICU TimeZone Detection - Raw Offset: -5:00, Platform Override: ''
LogPluginManager: Mounting plugin Paper2D
LogPluginManager: Mounting plugin AISupport
LogPluginManager: Mounting plugin LightPropagationVolume
LogPluginManager: Mounting plugin CLionSourceCodeAccess
LogPluginManager: Mounting plugin CodeLiteSourceCodeAccess
LogPluginManager: Mounting plugin GitSourceControl
LogPluginManager: Mounting plugin KDevelopSourceCodeAccess
LogPluginManager: Mounting plugin NullSourceCodeAccess
LogPluginManager: Mounting plugin PerforceSourceControl
LogPluginManager: Mounting plugin SubversionSourceControl
LogPluginManager: Mounting plugin UObjectPlugin
LogPluginManager: Mounting plugin VisualStudioCodeSourceCodeAccess
LogPluginManager: Mounting plugin VisualStudioSourceCodeAccess
LogPluginManager: Mounting plugin XCodeSourceCodeAccess
LogPluginManager: Mounting plugin AssetManagerEditor
LogPluginManager: Mounting plugin CryptoKeys
LogPluginManager: Mounting plugin DataValidation
LogPluginManager: Mounting plugin FacialAnimation
LogPluginManager: Mounting plugin GameplayTagsEditor
LogPluginManager: Mounting plugin MacGraphicsSwitching
LogPluginManager: Mounting plugin MeshEditor
LogPluginManager: Mounting plugin MobileLauncherProfileWizard
LogPluginManager: Mounting plugin PluginBrowser
LogPluginManager: Mounting plugin SpeedTreeImporter
LogPluginManager: Mounting plugin DatasmithContent
LogPluginManager: Mounting plugin AlembicImporter
LogPluginManager: Mounting plugin AppleImageUtils
LogPluginManager: Mounting plugin AppleVision
LogPluginManager: Mounting plugin BackChannel
LogPluginManager: Mounting plugin CharacterAI
LogPluginManager: Mounting plugin GeometryCache
LogPluginManager: Mounting plugin HTML5Networking
LogPluginManager: Mounting plugin ProxyLODPlugin
LogPluginManager: Mounting plugin MagicLeap
LogPluginManager: Mounting plugin MagicLeapEmulator
LogPluginManager: Mounting plugin MagicLeapMedia
LogPluginManager: Mounting plugin AndroidMedia
LogPluginManager: Mounting plugin AvfMedia
LogPluginManager: Mounting plugin ImgMedia
LogPluginManager: Mounting plugin LinearTimecode
LogPluginManager: Mounting plugin MediaCompositing
LogPluginManager: Mounting plugin MediaPlayerEditor
LogPluginManager: Mounting plugin WmfMedia
LogPluginManager: Mounting plugin TcpMessaging
LogPluginManager: Mounting plugin UdpMessaging
LogPluginManager: Mounting plugin ActorSequence
LogPluginManager: Mounting plugin LevelSequenceEditor
LogPluginManager: Mounting plugin MatineeToLevelSequence
LogPluginManager: Mounting plugin NetcodeUnitTest
LogPluginManager: Mounting plugin NUTUnrealEngine4
LogPluginManager: Mounting plugin OnlineSubsystemGooglePlay
LogPluginManager: Mounting plugin OnlineSubsystemIOS
LogPluginManager: Mounting plugin OnlineSubsystem
LogPluginManager: Mounting plugin OnlineSubsystemNull
LogPluginManager: Mounting plugin OnlineSubsystemUtils
LogPluginManager: Mounting plugin LauncherChunkInstaller
LogPluginManager: Mounting plugin AndroidDeviceProfileSelector
LogPluginManager: Mounting plugin AndroidMoviePlayer
LogPluginManager: Mounting plugin AndroidPermission
LogPluginManager: Mounting plugin AppleMoviePlayer
LogPluginManager: Mounting plugin ArchVisCharacter
LogPluginManager: Mounting plugin AudioCapture
LogPluginManager: Mounting plugin CableComponent
LogPluginManager: Mounting plugin CustomMeshComponent
LogPluginManager: Mounting plugin EditableMesh
LogPluginManager: Mounting plugin ExampleDeviceProfileSelector
LogPluginManager: Mounting plugin GoogleCloudMessaging
LogPluginManager: Mounting plugin ImmediatePhysics
LogPluginManager: Mounting plugin IOSDeviceProfileSelector
LogPluginManager: Mounting plugin LinuxDeviceProfileSelector
LogPluginManager: Mounting plugin LocationServicesBPLibrary
LogPluginManager: Mounting plugin MobilePatchingUtils
LogPluginManager: Mounting plugin OculusVR
LogPluginManager: Plugin shader directory ../../../Engine/Plugins/Runtime/Oculus/OculusVR/Shaders found
LogPluginManager: Mapping shader source directory ../../../Engine/Plugins/Runtime/Oculus/OculusVR/Shaders to virtual directory /Plugin/OculusVR
LogPluginManager: Mounting plugin PhysXVehicles
LogPluginManager: Mounting plugin ProceduralMeshComponent
LogPluginManager: Mounting plugin RuntimePhysXCooking
LogPluginManager: Mounting plugin SteamVR
LogPluginManager: Mounting plugin WindowsMoviePlayer
LogStreaming: Display: Took  0.105s to configure plugins.
LogInit: Using libcurl 7.55.1-DEV
LogInit:  - built for x86_64-pc-win32
LogInit:  - supports SSL with OpenSSL/1.0.2h
LogInit:  - supports HTTP deflate (compression) using libz 1.2.8
LogInit:  - other features:
LogInit:      CURL_VERSION_SSL
LogInit:      CURL_VERSION_LIBZ
LogInit:      CURL_VERSION_IPV6
LogInit:      CURL_VERSION_ASYNCHDNS
LogInit:      CURL_VERSION_LARGEFILE
LogInit:      CURL_VERSION_IDN
LogInit:  CurlRequestOptions (configurable via config and command line):
LogInit:  - bVerifyPeer = false  - Libcurl will NOT verify peer certificate
LogInit:  - bUseHttpProxy = false  - Libcurl will NOT use HTTP proxy
LogInit:  - bDontReuseConnections = false  - Libcurl will reuse connections
LogInit:  - CertBundlePath = nullptr  - Libcurl will use whatever was configured at build time.
LogInit:  - MaxHostConnections = 16  - Libcurl will limit the number of connections to a host
LogInit:  - LocalHostAddr = Default
LogInit:  - BufferSize = 65536
LogInit: WinSock: version 1.1 (2.2), MaxSocks=32767, MaxUdp=65467
LogInit: Build: ++UE4+Release-4.20-CL-4302132
LogInit: Engine Version: 4.20.2-4302132+++UE4+Release-4.20
LogInit: Compatible Engine Version: 4.20.0-4212847+++UE4+Release-4.20
LogInit: Net CL: 4212847
LogInit: OS: Windows 10 (), CPU: Intel(R) Core(TM) i7-8750H CPU @ 2.20GHz, GPU: NVIDIA GeForce GTX 1060
LogInit: Compiled (64-bit): Aug 21 2018 02:06:06
LogInit: Compiled with Visual C++: 19.13.26129.00
LogInit: Build Configuration: Development
LogInit: Branch Name: ++UE4+Release-4.20
LogInit: Command Line:  
LogInit: Base Directory: D:/UE_4.20/Engine/Binaries/Win64/
LogInit: Installed Engine Build: 1
LogDevObjectVersion: Number of dev versions registered: 20
LogDevObjectVersion:   Dev-Blueprints (B0D832E4-1F89-4F0D-ACCF-7EB736FD4AA2): 10
LogDevObjectVersion:   Dev-Build (E1C64328-A22C-4D53-A36C-8E866417BD8C): 0
LogDevObjectVersion:   Dev-Core (375EC13C-06E4-48FB-B500-84F0262A717E): 2
LogDevObjectVersion:   Dev-Editor (E4B068ED-F494-42E9-A231-DA0B2E46BB41): 24
LogDevObjectVersion:   Dev-Framework (CFFC743F-43B0-4480-9391-14DF171D2073): 34
LogDevObjectVersion:   Dev-Mobile (B02B49B5-BB20-44E9-A304-32B752E40360): 2
LogDevObjectVersion:   Dev-Networking (A4E4105C-59A1-49B5-A7C5-40C4547EDFEE): 0
LogDevObjectVersion:   Dev-Online (39C831C9-5AE6-47DC-9A44-9C173E1C8E7C): 0
LogDevObjectVersion:   Dev-Physics (78F01B33-EBEA-4F98-B9B4-84EACCB95AA2): 0
LogDevObjectVersion:   Dev-Platform (6631380F-2D4D-43E0-8009-CF276956A95A): 0
LogDevObjectVersion:   Dev-Rendering (12F88B9F-8875-4AFC-A67C-D90C383ABD29): 26
LogDevObjectVersion:   Dev-Sequencer (7B5AE74C-D270-4C10-A958-57980B212A5A): 9
LogDevObjectVersion:   Dev-VR (D7296918-1DD6-4BDD-9DE2-64A83CC13884): 2
LogDevObjectVersion:   Dev-LoadTimes (C2A15278-BFE7-4AFE-6C17-90FF531DF755): 1
LogDevObjectVersion:   Private-Geometry (6EACA3D4-40EC-4CC1-B786-8BED09428FC5): 3
LogDevObjectVersion:   Dev-AnimPhys (29E575DD-E0A3-4627-9D10-D276232CDCEA): 17
LogDevObjectVersion:   Dev-ReflectionCapture (6B266CEC-1EC7-4B8F-A30B-E4D90942FC07): 1
LogDevObjectVersion:   Dev-Automation (0DF73D61-A23F-47EA-B727-89E90C41499A): 1
LogDevObjectVersion:   FortniteMain (601D1886-AC64-4F84-AA16-D3DE0DEAC7D6): 12
LogDevObjectVersion:   Dev-Enterprise (9DFFBCD6-494F-0158-E221-12823C92A888): 1
LogStreaming: Display: Took  0.001s to delete old logs.
LogInit: Presizing for max 8388607 objects, including 0 objects not considered by GC, pre-allocating 0 bytes for permanent pool.
LogInit: Object subsystem initialized
[2018.09.20-11.45.15:906][  0]LogInit: Selected Device Profile: [Windows]
[2018.09.20-11.45.15:906][  0]LogInit: Applying CVar settings loaded from the selected device profile: [Windows]
[2018.09.20-11.45.15:918][  0]LogHAL: Display: Platform has ~ 16 GB [17028878336 / 17179869184 / 16], which maps to Larger [LargestMinGB=32, LargerMinGB=12, DefaultMinGB=8, SmallerMinGB=6, SmallestMinGB=0)
[2018.09.20-11.45.15:918][  0]LogInit: Setting Device Profile CVar: [[r.Vulkan.UseRealUBs:1]]
[2018.09.20-11.45.15:918][  0]LogInit: Going up to parent DeviceProfile []
[2018.09.20-11.45.15:919][  0]LogInit: Computer: DESKTOP-EQNU1S5
[2018.09.20-11.45.15:919][  0]LogInit: User: XENO
[2018.09.20-11.45.15:919][  0]LogInit: CPU Page size=4096, Cores=6
[2018.09.20-11.45.15:919][  0]LogInit: High frequency timer resolution =2.156251 MHz
[2018.09.20-11.45.15:919][  0]LogMemory: Memory total: Physical=15.9GB (16GB approx)
[2018.09.20-11.45.15:919][  0]LogMemory: Platform Memory Stats for Windows
[2018.09.20-11.45.15:919][  0]LogMemory: Process Physical Memory: 101.45 MB used, 101.45 MB peak
[2018.09.20-11.45.15:919][  0]LogMemory: Process Virtual Memory: 85.88 MB used, 85.88 MB peak
[2018.09.20-11.45.15:919][  0]LogMemory: Physical Memory: 3911.13 MB used,  12328.88 MB free, 16240.00 MB total
[2018.09.20-11.45.15:919][  0]LogMemory: Virtual Memory: 4657.24 MB used,  12328.88 MB free, 134217728.00 MB total
[2018.09.20-11.45.16:180][  0]LogInit: Using OS detected language (en-US).
[2018.09.20-11.45.16:180][  0]LogInit: Using OS detected locale (en-CA).
[2018.09.20-11.45.16:181][  0]LogTextLocalizationManager: No specific localization for 'en-US' exists, so the 'en' localization will be used.
[2018.09.20-11.45.16:474][  0]LogStreaming: Display: Took  0.293s to InitEngineTextLocalization.
[2018.09.20-11.45.16:474][  0]LogInit: Setting process to per monitor DPI aware
[2018.09.20-11.45.16:494][  0]LogSlate: New Slate User Created.  User Index 0, Is Virtual User: 0
[2018.09.20-11.45.16:494][  0]LogSlate: Slate User Registered.  User Index 0, Is Virtual User: 0
[2018.09.20-11.45.16:651][  0]LogHMD: Failed to initialize OpenVR with code 110
[2018.09.20-11.45.16:651][  0]LogD3D11RHI: D3D11 adapters:
[2018.09.20-11.45.16:697][  0]LogD3D11RHI:    0. 'NVIDIA GeForce GTX 1060' (Feature Level 11_0)
[2018.09.20-11.45.16:697][  0]LogD3D11RHI:       6061/0/8120 MB DedicatedVideo/DedicatedSystem/SharedSystem, Outputs:2, VendorId:0x10de
[2018.09.20-11.45.16:709][  0]LogD3D11RHI:    1. 'Intel(R) UHD Graphics 630' (Feature Level 11_0)
[2018.09.20-11.45.16:709][  0]LogD3D11RHI:       128/0/8120 MB DedicatedVideo/DedicatedSystem/SharedSystem, Outputs:0, VendorId:0x8086
[2018.09.20-11.45.16:710][  0]LogD3D11RHI:    2. 'Microsoft Basic Render Driver' (Feature Level 11_0)
[2018.09.20-11.45.16:710][  0]LogD3D11RHI:       0/0/8120 MB DedicatedVideo/DedicatedSystem/SharedSystem, Outputs:0, VendorId:0x1414
[2018.09.20-11.45.16:710][  0]LogD3D11RHI: Chosen D3D11 Adapter: 0
[2018.09.20-11.45.16:716][  0]LogD3D11RHI: Creating new Direct3DDevice
[2018.09.20-11.45.16:716][  0]LogD3D11RHI:     GPU DeviceId: 0x1c60 (for the marketing name, search the web for "GPU Device Id")
[2018.09.20-11.45.16:716][  0]LogWindows: EnumDisplayDevices:
[2018.09.20-11.45.16:716][  0]LogWindows:    0. 'NVIDIA GeForce GTX 1060' (P:1 D:1)
[2018.09.20-11.45.16:716][  0]LogWindows:    1. 'NVIDIA GeForce GTX 1060' (P:0 D:1)
[2018.09.20-11.45.16:716][  0]LogWindows:    2. 'NVIDIA GeForce GTX 1060' (P:0 D:0)
[2018.09.20-11.45.16:717][  0]LogWindows:    3. 'NVIDIA GeForce GTX 1060' (P:0 D:0)
[2018.09.20-11.45.16:717][  0]LogWindows:    4. 'Intel(R) UHD Graphics 630' (P:0 D:0)
[2018.09.20-11.45.16:717][  0]LogWindows:    5. 'Intel(R) UHD Graphics 630' (P:0 D:0)
[2018.09.20-11.45.16:717][  0]LogWindows:    6. 'Intel(R) UHD Graphics 630' (P:0 D:0)
[2018.09.20-11.45.16:717][  0]LogWindows: DebugString: PrimaryIsNotTheChoosenAdapter PrimaryIsNotTheChoosenAdapter PrimaryIsNotTheChoosenAdapter FoundDriverCount:4 
[2018.09.20-11.45.16:717][  0]LogD3D11RHI:     Adapter Name: NVIDIA GeForce GTX 1060
[2018.09.20-11.45.16:717][  0]LogD3D11RHI:   Driver Version: 389.12 (internal:23.21.13.8912, unified:389.12)
[2018.09.20-11.45.16:717][  0]LogD3D11RHI:      Driver Date: 3-7-2018
[2018.09.20-11.45.16:717][  0]LogRHI: Texture pool is 4242 MB (70% of 6061 MB)
[2018.09.20-11.45.16:745][  0]LogD3D11RHI: Async texture creation enabled
[2018.09.20-11.45.16:756][  0]LogD3D11RHI: GPU Timing Frequency: 1000.000000 (Debug: 2 1)
[2018.09.20-11.45.16:804][  0]LogShaderCompilers: Guid format shader working directory is 3 characters bigger than the processId version (../../../../UnrealProjects/A.S.H/ASH_Game/Intermediate/Shaders/WorkingDirectory/13000/).
[2018.09.20-11.45.16:804][  0]LogShaderCompilers: Cleaned the shader compiler working directory 'C:/Users/XENO/AppData/Local/Temp/UnrealShaderWorkingDir/DBFE0ECD4657BBE8F744109A12EC67F6/'.
[2018.09.20-11.45.17:013][  0]LogTemp: Display: Loaded TP AllDesktopTargetPlatform
[2018.09.20-11.45.17:024][  0]LogTemp: Display: Loaded TP MacClientTargetPlatform
[2018.09.20-11.45.17:034][  0]LogTemp: Display: Loaded TP MacNoEditorTargetPlatform
[2018.09.20-11.45.17:044][  0]LogTemp: Display: Loaded TP MacServerTargetPlatform
[2018.09.20-11.45.17:054][  0]LogTemp: Display: Loaded TP MacTargetPlatform
[2018.09.20-11.45.17:064][  0]LogTemp: Display: Loaded TP WindowsClientTargetPlatform
[2018.09.20-11.45.17:074][  0]LogTemp: Display: Loaded TP WindowsNoEditorTargetPlatform
[2018.09.20-11.45.17:084][  0]LogTemp: Display: Loaded TP WindowsServerTargetPlatform
[2018.09.20-11.45.17:088][  0]LogTemp: Display: Loaded TP WindowsTargetPlatform
[2018.09.20-11.45.17:151][  0]LogTemp: Display: Loaded TP AndroidTargetPlatform
[2018.09.20-11.45.17:151][  0]LogTemp: Display: Loaded TP AndroidTargetPlatform
[2018.09.20-11.45.17:151][  0]LogTemp: Display: Loaded TP AndroidTargetPlatform
[2018.09.20-11.45.17:151][  0]LogTemp: Display: Loaded TP AndroidTargetPlatform
[2018.09.20-11.45.17:151][  0]LogTemp: Display: Loaded TP AndroidTargetPlatform
[2018.09.20-11.45.17:151][  0]LogTemp: Display: Loaded TP AndroidTargetPlatform
[2018.09.20-11.45.17:151][  0]LogTemp: Display: Loaded TP AndroidTargetPlatform
[2018.09.20-11.45.17:151][  0]LogTemp: Display: Loaded TP AndroidTargetPlatform
[2018.09.20-11.45.17:151][  0]LogTemp: Display: Loaded TP AndroidTargetPlatform
[2018.09.20-11.45.17:151][  0]LogTemp: Display: Loaded TP AndroidTargetPlatform
[2018.09.20-11.45.17:151][  0]LogTemp: Display: Loaded TP AndroidTargetPlatform
[2018.09.20-11.45.17:151][  0]LogTemp: Display: Loaded TP AndroidTargetPlatform
[2018.09.20-11.45.17:151][  0]LogTemp: Display: Loaded TP AndroidTargetPlatform
[2018.09.20-11.45.17:151][  0]LogTemp: Display: Loaded TP AndroidTargetPlatform
[2018.09.20-11.45.17:151][  0]LogTemp: Display: Loaded TP AndroidTargetPlatform
[2018.09.20-11.45.17:151][  0]LogTemp: Display: Loaded TP AndroidTargetPlatform
[2018.09.20-11.45.17:151][  0]LogTemp: Display: Loaded TP AndroidTargetPlatform
[2018.09.20-11.45.17:151][  0]LogTemp: Display: Loaded TP AndroidTargetPlatform
[2018.09.20-11.45.17:152][  0]LogTemp: Display: Loaded TP HTML5TargetPlatform
[2018.09.20-11.45.17:207][  0]LogTemp: Display: Loaded TP IOSTargetPlatform
[2018.09.20-11.45.17:207][  0]LogTemp: Display: Loaded TP IOSTargetPlatform
[2018.09.20-11.45.17:226][  0]LogTemp: Display: Loaded TP TVOSTargetPlatform
[2018.09.20-11.45.17:226][  0]LogTemp: Display: Loaded TP TVOSTargetPlatform
[2018.09.20-11.45.17:235][  0]LogTemp: Display: Loaded TP LinuxClientTargetPlatform
[2018.09.20-11.45.17:244][  0]LogTemp: Display: Loaded TP LinuxNoEditorTargetPlatform
[2018.09.20-11.45.17:254][  0]LogTemp: Display: Loaded TP LinuxServerTargetPlatform
[2018.09.20-11.45.17:265][  0]LogTemp: Display: Loaded TP LinuxTargetPlatform
[2018.09.20-11.45.17:272][  0]LogTemp: Display: Loaded TP LuminTargetPlatform
[2018.09.20-11.45.17:272][  0]LogTargetPlatformManager: Display: Building Assets For Windows
[2018.09.20-11.45.17:306][  0]LogXGEController: Cleaning working directory: C:/Users/XENO/AppData/Local/Temp/UnrealXGEWorkingDir/
[2018.09.20-11.45.17:306][  0]LogXGEController: Cannot use XGE Controller as Incredibuild is not installed on this machine.
[2018.09.20-11.45.17:306][  0]LogShaderCompilers: Cannot use XGE Shader Compiler as Incredibuild is not installed on this machine.
[2018.09.20-11.45.17:306][  0]LogShaderCompilers: Display: Using Local Shader Compiler.
[2018.09.20-11.45.17:870][  0]LogDerivedDataCache: Display: Max Cache Size: 512 MB
[2018.09.20-11.45.17:916][  0]LogDerivedDataCache: Loaded boot cache 0.05s 71MB C:/Users/XENO/AppData/Local/UnrealEngine/4.20/DerivedDataCache/Boot.ddc.
[2018.09.20-11.45.17:916][  0]LogDerivedDataCache: Display: Loaded Boot cache: C:/Users/XENO/AppData/Local/UnrealEngine/4.20/DerivedDataCache/Boot.ddc
[2018.09.20-11.45.17:916][  0]LogDerivedDataCache: FDerivedDataBackendGraph:  Pak pak cache file ../../../../UnrealProjects/A.S.H/ASH_Game/DerivedDataCache/DDC.ddp not found, will not use a pak cache.
[2018.09.20-11.45.17:917][  0]LogDerivedDataCache: Unable to find inner node Pak for hierarchical cache Hierarchy.
[2018.09.20-11.45.17:917][  0]LogDerivedDataCache: FDerivedDataBackendGraph:  CompressedPak pak cache file ../../../../UnrealProjects/A.S.H/ASH_Game/DerivedDataCache/Compressed.ddp not found, will not use a pak cache.
[2018.09.20-11.45.17:917][  0]LogDerivedDataCache: Unable to find inner node CompressedPak for hierarchical cache Hierarchy.
[2018.09.20-11.45.17:927][  0]LogDerivedDataCache: Display: Pak cache opened for reading ../../../Engine/DerivedDataCache/Compressed.ddp.
[2018.09.20-11.45.17:940][  0]LogDerivedDataCache: Using Local data cache path C:/Users/XENO/AppData/Local/UnrealEngine/Common/DerivedDataCache: Writable
[2018.09.20-11.45.17:940][  0]LogDerivedDataCache: Shared data cache path not found in *engine.ini, will not use an Shared cache.
[2018.09.20-11.45.17:940][  0]LogDerivedDataCache: Unable to find inner node Shared for hierarchical cache Hierarchy.
[2018.09.20-11.45.17:966][  0]LogMaterial: Verifying Global Shaders for PCD3D_SM5
[2018.09.20-11.45.17:967][  0]LogSlate: Using FreeType 2.6.0
[2018.09.20-11.45.17:968][  0]LogSlate: SlateFontServices - WITH_FREETYPE: 1, WITH_HARFBUZZ: 1
[2018.09.20-11.45.18:029][  0]LogAssetRegistry: FAssetRegistry took 0.0250 seconds to start up
[2018.09.20-11.45.18:272][  0]LogInit: Selected Device Profile: [Windows]
[2018.09.20-11.45.18:370][  0]LogSimplygon: Simplygon DLL not present - disabling.
[2018.09.20-11.45.18:372][  0]LogMeshReduction: Using SimplygonSwarm for distributed automatic mesh merging
[2018.09.20-11.45.18:372][  0]LogMeshReduction: Using ProxyLODMeshReduction for automatic mesh merging
[2018.09.20-11.45.18:372][  0]LogMeshReduction: Using QuadricMeshReduction for automatic static mesh reduction
[2018.09.20-11.45.18:372][  0]LogMeshReduction: No automatic skeletal mesh reduction module available
[2018.09.20-11.45.18:390][  0]LogNetVersion: ASH_Game 1.0.0, NetCL: 4212847, EngineNetVer: 5, GameNetVer: 0 (Checksum: 1471675654)
[2018.09.20-11.45.18:757][  0]LogPackageLocalizationCache: Processed 11 localized package path(s) for 2 prioritized culture(s) in 0.050030 seconds
[2018.09.20-11.45.18:762][  0]LogUObjectArray: 38425 objects as part of root set at end of initial load.
[2018.09.20-11.45.18:762][  0]LogUObjectAllocator: 6690864 out of 0 bytes used by permanent object pool.
[2018.09.20-11.45.18:762][  0]LogUObjectArray: CloseDisregardForGC: 0/0 objects in disregard for GC pool
[2018.09.20-11.45.19:405][  0]LogTcpMessaging: Initializing TcpMessaging bridge
[2018.09.20-11.45.19:417][  0]LogUdpMessaging: Initializing bridge on interface 0.0.0.0:0 to multicast group 230.0.0.1:6666.
[2018.09.20-11.45.19:549][  0]SourceControl: Source control is disabled
[2018.09.20-11.45.19:549][  0]SourceControl: Source control is disabled
[2018.09.20-11.45.19:550][  0]SourceControl: Source control is disabled
[2018.09.20-11.45.19:551][  0]SourceControl: Source control is disabled
[2018.09.20-11.45.19:709][  0]LogAndroidPermission: UAndroidPermissionCallbackProxy::GetInstance
[2018.09.20-11.45.19:776][  0]LogOcInput: OculusInput pre-init called
[2018.09.20-11.45.19:824][  0]LogEngine: Initializing Engine...
[2018.09.20-11.45.19:825][  0]LogHMD: Failed to initialize OpenVR with code 110
[2018.09.20-11.45.19:826][  0]LogStats: UGameplayTagsManager::ConstructGameplayTagTree: ImportINI prefixes -  0.000 s
[2018.09.20-11.45.19:826][  0]LogStats: UGameplayTagsManager::ConstructGameplayTagTree: Construct from data asset -  0.000 s
[2018.09.20-11.45.19:826][  0]LogStats: UGameplayTagsManager::ConstructGameplayTagTree: ImportINI -  0.000 s
[2018.09.20-11.45.19:826][  0]LogStats: UGameplayTagsManager::ConstructGameplayTagTree: GameplayTagTreeChangedEvent.Broadcast -  0.000 s
[2018.09.20-11.45.19:995][  0]LogInit: Initializing FReadOnlyCVARCache
[2018.09.20-11.45.20:002][  0]LogAIModule: Creating AISystem for world Untitled
[2018.09.20-11.45.20:014][  0]LogInit: XAudio2 using 'Speakers (4- USB Audio Device)' : 2 channels at 48 kHz using 16 bits per sample (channel mask 0x3)
[2018.09.20-11.45.20:033][  0]LogInit: FAudioDevice initialized.
[2018.09.20-11.45.20:033][  0]LogNetVersion: Set ProjectVersion to 1.0.0.0. Version Checksum will be recalculated on next use.
[2018.09.20-11.45.20:114][  0]LogDerivedDataCache: Saved boot cache 0.08s 71MB C:/Users/XENO/AppData/Local/UnrealEngine/4.20/DerivedDataCache/Boot.ddc.
[2018.09.20-11.45.20:122][  0]LogInit: Texture streaming: Enabled
[2018.09.20-11.45.20:132][  0]LogEngineSessionManager: EngineSessionManager initialized
[2018.09.20-11.45.20:132][  0]LogEngineSessionManager: EngineSessionManager sent abnormal shutdown report. Type=AbnormalShutdown, SessionId={4379C18E-48B4-3A55-90F8-75B01A429246}
[2018.09.20-11.45.20:139][  0]LogInit: Transaction tracking system initialized
[2018.09.20-11.45.20:151][  0]BlueprintLog: New page: Editor Load
[2018.09.20-11.45.20:192][  0]LocalizationService: Localization service is disabled
[2018.09.20-11.45.20:397][  0]LogCook: Display: Max memory allowance for cook 16384mb min free memory 0mb
[2018.09.20-11.45.20:397][  0]LogCook: Display: Mobile HDR setting 1
[2018.09.20-11.45.20:397][  0]LogGameplayTags: Display: UGameplayTagsManager::DoneAddingNativeTags. DelegateIsBound: 0
[2018.09.20-11.45.20:397][  0]LogStats: UGameplayTagsManager::ConstructGameplayTagTree: ImportINI prefixes -  0.000 s
[2018.09.20-11.45.20:397][  0]LogStats: UGameplayTagsManager::ConstructGameplayTagTree: Construct from data asset -  0.000 s
[2018.09.20-11.45.20:397][  0]LogStats: UGameplayTagsManager::ConstructGameplayTagTree: ImportINI -  0.000 s
[2018.09.20-11.45.20:397][  0]LogStats: UGameplayTagsManager::ConstructGameplayTagTree: GameplayTagTreeChangedEvent.Broadcast -  0.000 s
[2018.09.20-11.45.20:471][  0]LogFileCache: Scanning file cache for directory 'D:/UnrealProjects/A.S.H/ASH_Game/Content/' took 0.01s
[2018.09.20-11.45.20:471][  0]SourceControl: Source control is disabled
[2018.09.20-11.45.20:472][  0]Cmd: MAP LOAD FILE="../../../../UnrealProjects/A.S.H/ASH_Game/Content/MapGenerator_Mike/MapGenerator.umap" TEMPLATE=0 SHOWPROGRESS=1 FEATURELEVEL=3
[2018.09.20-11.45.20:472][  0]LightingResults: New page: Lighting Build
[2018.09.20-11.45.20:473][  0]MapCheck: New page: Map Check
[2018.09.20-11.45.20:473][  0]LightingResults: New page: Lighting Build
[2018.09.20-11.45.20:657][  0]LogAIModule: Creating AISystem for world MapGenerator
[2018.09.20-11.45.20:660][  0]LogEditorServer: Finished looking for orphan Actors (0.000 secs)
[2018.09.20-11.45.20:683][  0]Cmd: MAP CHECKDEP NOCLEARLOG
[2018.09.20-11.45.20:718][  0]MapCheck: Map check complete: 0 Error(s), 0 Warning(s), took 34.822ms to complete.
[2018.09.20-11.45.20:718][  0]LogFileHelpers: Loading map 'MapGenerator' took 0.246
[2018.09.20-11.45.20:825][  0]LogSlate: Updating window title bar state: overlay mode, drag disabled, window buttons hidden, title bar hidden
[2018.09.20-11.45.20:832][  0]LogSlate: Updating window title bar state: overlay mode, drag disabled, window buttons hidden, title bar hidden
[2018.09.20-11.45.20:838][  0]LogSlate: Updating window title bar state: overlay mode, drag disabled, window buttons hidden, title bar hidden
[2018.09.20-11.45.20:844][  0]LogSlate: Updating window title bar state: overlay mode, drag disabled, window buttons hidden, title bar hidden
[2018.09.20-11.45.20:847][  0]LogCollectionManager: Loaded 0 collections in 0.000735 seconds
[2018.09.20-11.45.20:888][  0]LogFileCache: Scanning file cache for directory 'D:/UnrealProjects/A.S.H/ASH_Game/Saved/Collections/' took 0.01s
[2018.09.20-11.45.20:888][  0]LogFileCache: Scanning file cache for directory 'D:/UnrealProjects/A.S.H/ASH_Game/Content/Developers/XENO/Collections/' took 0.01s
[2018.09.20-11.45.20:888][  0]LogFileCache: Scanning file cache for directory 'D:/UnrealProjects/A.S.H/ASH_Game/Content/Collections/' took 0.01s
[2018.09.20-11.45.20:888][  0]LogCollectionManager: Rebuilt the GUID cache for 0 collections in 0.000000 seconds
[2018.09.20-11.45.20:895][  0]LogContentBrowser: Native class hierarchy populated in 0.0074 seconds. Added 2572 classes and 603 folders.
[2018.09.20-11.45.20:899][  0]LogContentBrowser: Native class hierarchy updated for 'WidgetCarousel' in 0.0002 seconds. Added 0 classes and 0 folders.
[2018.09.20-11.45.20:928][  0]LogContentBrowser: Native class hierarchy updated for 'AddContentDialog' in 0.0002 seconds. Added 0 classes and 0 folders.
[2018.09.20-11.45.20:931][  0]LogContentBrowser: Native class hierarchy updated for 'SceneOutliner' in 0.0002 seconds. Added 1 classes and 2 folders.
[2018.09.20-11.45.20:943][  0]LogSlate: Took 0.000130 seconds to synchronously load lazily loaded font '../../../Engine/Content/Slate/Fonts/Roboto-Regular.ttf' (155K)
[2018.09.20-11.45.20:945][  0]LogSlate: Took 0.000131 seconds to synchronously load lazily loaded font '../../../Engine/Content/Slate/Fonts/Roboto-Bold.ttf' (160K)
[2018.09.20-11.45.20:951][  0]LogSlate: Took 0.000171 seconds to synchronously load lazily loaded font '../../../Engine/Content/Editor/Slate/Fonts/FontAwesome.ttf' (139K)
[2018.09.20-11.45.21:014][  0]LogRenderer: Reallocating scene render targets to support 1612x808 Format 10 NumSamples 1 (Frame:1).
[2018.09.20-11.45.21:099][  0]LogContentBrowser: Native class hierarchy updated for 'HierarchicalLODOutliner' in 0.0002 seconds. Added 0 classes and 0 folders.
[2018.09.20-11.45.21:099][  0]LogLoad: (Engine Initialization) Total time: 6.64 seconds
[2018.09.20-11.45.21:099][  0]LogLoad: (Engine Initialization) Total Blueprint compile time: 0.00 seconds
[2018.09.20-11.45.21:129][  0]LogWindowsTextInputMethodSystem: Display: IME system now deactivated.
[2018.09.20-11.45.21:150][  0]LogContentStreaming: Texture pool size now 1000 MB
[2018.09.20-11.45.21:207][  1]LogAssetRegistry: Asset discovery search completed in 3.1999 seconds
[2018.09.20-11.45.21:209][  1]LogCollectionManager: Rebuilt the object cache for 0 collections in 0.000000 seconds (found 0 objects)
[2018.09.20-11.45.21:209][  1]LogCollectionManager: Fixed up redirectors for 0 collections in 0.000040 seconds (updated 0 objects)
[2018.09.20-11.45.22:129][ 56]LogSlate: Took 0.000174 seconds to synchronously load lazily loaded font '../../../Engine/Content/Slate/Fonts/Roboto-Light.ttf' (167K)
[2018.09.20-11.45.23:209][120]LogSlate: FSceneViewport::OnFocusLost() reason 0
[2018.09.20-11.45.23:379][124]LogSavePackage: Moving '../../../../UnrealProjects/A.S.H/ASH_Game/Saved/MapGeneratorE915E26749015967E4D99798CCB3E513.tmp' to '../../../../UnrealProjects/A.S.H/ASH_Game/Content/MapGenerator_Mike/MapGenerator.umap'
[2018.09.20-11.45.24:344][181]LogTemp: Repeating last play command: New Editor Window (PIE)
[2018.09.20-11.45.24:353][181]LogBlueprintUserMessages: Early PlayInEditor Detection: Level '/Game/MapGenerator_Mike/MapGenerator.MapGenerator:PersistentLevel' has LevelScriptBlueprint '/Game/MapGenerator_Mike/MapGenerator.MapGenerator:PersistentLevel.MapGenerator' with GeneratedClass '/Game/MapGenerator_Mike/MapGenerator.MapGenerator_C' with ClassGeneratedBy '/Game/MapGenerator_Mike/MapGenerator.MapGenerator:PersistentLevel.MapGenerator'
[2018.09.20-11.45.24:353][181]LogPlayLevel: PlayLevel: No blueprints needed recompiling
[2018.09.20-11.45.24:365][181]PIE: New page: PIE session: MapGenerator (Sep 20, 2018, 3:45:24 AM)
[2018.09.20-11.45.24:365][181]LogPlayLevel: Creating play world package: /Game/MapGenerator_Mike/UEDPIE_0_MapGenerator
[2018.09.20-11.45.24:367][181]LogPlayLevel: PIE: StaticDuplicateObject took: (0.001209s)
[2018.09.20-11.45.24:367][181]LogAIModule: Creating AISystem for world MapGenerator
[2018.09.20-11.45.24:367][181]LogPlayLevel: PIE: World Init took: (0.000500s)
[2018.09.20-11.45.24:367][181]LogPlayLevel: PIE: Created PIE world by copying editor world from /Game/MapGenerator_Mike/MapGenerator.MapGenerator to /Game/MapGenerator_Mike/UEDPIE_0_MapGenerator.MapGenerator (0.001814s)
[2018.09.20-11.45.24:396][181]LogInit: XAudio2 using 'Speakers (4- USB Audio Device)' : 2 channels at 48 kHz using 16 bits per sample (channel mask 0x3)
[2018.09.20-11.45.24:403][181]LogInit: FAudioDevice initialized.
[2018.09.20-11.45.24:413][181]LogSlate: Updating window title bar state: overlay mode, drag disabled, window buttons hidden, title bar hidden
[2018.09.20-11.45.24:720][181]LogBlueprint: Warning: [Compiler Ue4ASP_Character] InputAction Event references unknown Action 'Crouch' for  InputAction Crouch
[2018.09.20-11.45.24:720][181]LogBlueprint: Warning: [Compiler Ue4ASP_Character] InputAction Event references unknown Action 'Jump' for  InputAction Jump
[2018.09.20-11.45.24:720][181]LogBlueprint: Warning: [Compiler Ue4ASP_Character] Input Axis Event references unknown Axis 'LookUp' for  InputAxis LookUp
[2018.09.20-11.45.24:720][181]LogBlueprint: Warning: [Compiler Ue4ASP_Character] Input Axis Event references unknown Axis 'Turn' for  InputAxis Turn
[2018.09.20-11.45.24:738][181]LogBlueprint: Warning: [Compiler TopDownCharacter] InputAction Event references unknown Action 'ResetVR' for  InputAction ResetVR
[2018.09.20-11.45.24:774][181]LogBlueprint: Warning: [Compiler Ue4ASP_Character] [0010.32] Compile of Ue4ASP_Character successful, but with 4 Warning(s) [in 107 ms] (/Game/AnimStarterPack/Ue4ASP_Character.Ue4ASP_Character)
[2018.09.20-11.45.24:774][181]LogBlueprint: Warning: [Compiler TopDownCharacter] [0010.32] Compile of TopDownCharacter successful, but with 1 Warning(s) [in 107 ms] (/Game/TopDownBP/Blueprints/TopDownCharacter.TopDownCharacter)
[2018.09.20-11.45.25:063][181]LogLoad: Game class is 'TopDownGameMode_C'
[2018.09.20-11.45.25:064][181]LogWorld: Bringing World /Game/MapGenerator_Mike/UEDPIE_0_MapGenerator.MapGenerator up for play (max tick rate 60) at 2018.09.20-07.45.25
[2018.09.20-11.45.25:065][181]LogWorld: Bringing up level for play took: 0.000411
[2018.09.20-11.45.25:079][181]LogContentBrowser: Native class hierarchy updated for 'MovieSceneCapture' in 0.0002 seconds. Added 10 classes and 0 folders.
[2018.09.20-11.45.25:083][181]LogBlueprintUserMessages: [MapGenerator_BP_4] 2
[2018.09.20-11.45.25:084][181]LogBlueprintUserMessages: [MapGenerator_BP_4] 1
