Log file open, 09/18/18 21:50:39
LogWindows: Failed to load 'aqProf.dll' (GetLastError=126)
LogWindows: File 'aqProf.dll' does not exist
LogWindows: Failed to load 'VSPerf140.dll' (GetLastError=126)
LogWindows: File 'VSPerf140.dll' does not exist
LogWindows: Failed to load 'VtuneApi.dll' (GetLastError=126)
LogWindows: File 'VtuneApi.dll' does not exist
LogWindows: Failed to load 'VtuneApi32e.dll' (GetLastError=126)
LogWindows: File 'VtuneApi32e.dll' does not exist
LogInit: Display: Running engine for game: ASH_Game
LogPlatformFile: Not using cached read wrapper
LogTaskGraph: Started task graph with 5 named threads and 23 total threads with 3 sets of task threads.
LogStats: Stats thread started at 0.290259
LogD3D11RHI: Loaded GFSDK_Aftermath_Lib.x64.dll
LogICUInternationalization: Display: ICU TimeZone Detection - Raw Offset: -5:00, Platform Override: ''
LogPluginManager: Mounting plugin Paper2D
LogPluginManager: Mounting plugin AISupport
LogPluginManager: Mounting plugin LightPropagationVolume
LogPluginManager: Mounting plugin CLionSourceCodeAccess
LogPluginManager: Mounting plugin CodeLiteSourceCodeAccess
LogPluginManager: Mounting plugin GitSourceControl
LogPluginManager: Mounting plugin KDevelopSourceCodeAccess
LogPluginManager: Mounting plugin NullSourceCodeAccess
LogPluginManager: Mounting plugin PerforceSourceControl
LogPluginManager: Mounting plugin SubversionSourceControl
LogPluginManager: Mounting plugin UObjectPlugin
LogPluginManager: Mounting plugin VisualStudioCodeSourceCodeAccess
LogPluginManager: Mounting plugin VisualStudioSourceCodeAccess
LogPluginManager: Mounting plugin XCodeSourceCodeAccess
LogPluginManager: Mounting plugin AssetManagerEditor
LogPluginManager: Mounting plugin CryptoKeys
LogPluginManager: Mounting plugin DataValidation
LogPluginManager: Mounting plugin EditorScriptingUtilities
LogPluginManager: Mounting plugin FacialAnimation
LogPluginManager: Mounting plugin GameplayTagsEditor
LogPluginManager: Mounting plugin MacGraphicsSwitching
LogPluginManager: Mounting plugin MeshEditor
LogPluginManager: Mounting plugin MobileLauncherProfileWizard
LogPluginManager: Mounting plugin PluginBrowser
LogPluginManager: Mounting plugin SpeedTreeImporter
LogPluginManager: Mounting plugin DatasmithContent
LogPluginManager: Mounting plugin AlembicImporter
LogPluginManager: Mounting plugin AppleImageUtils
LogPluginManager: Mounting plugin AppleVision
LogPluginManager: Mounting plugin BackChannel
LogPluginManager: Mounting plugin CharacterAI
LogPluginManager: Mounting plugin GeometryCache
LogPluginManager: Mounting plugin HTML5Networking
LogPluginManager: Mounting plugin ProxyLODPlugin
LogPluginManager: Mounting plugin MagicLeap
LogPluginManager: Mounting plugin MagicLeapEmulator
LogPluginManager: Mounting plugin MagicLeapMedia
LogPluginManager: Mounting plugin AndroidMedia
LogPluginManager: Mounting plugin AvfMedia
LogPluginManager: Mounting plugin ImgMedia
LogPluginManager: Mounting plugin LinearTimecode
LogPluginManager: Mounting plugin MediaCompositing
LogPluginManager: Mounting plugin MediaPlayerEditor
LogPluginManager: Mounting plugin WmfMedia
LogPluginManager: Mounting plugin TcpMessaging
LogPluginManager: Mounting plugin UdpMessaging
LogPluginManager: Mounting plugin ActorSequence
LogPluginManager: Mounting plugin LevelSequenceEditor
LogPluginManager: Mounting plugin MatineeToLevelSequence
LogPluginManager: Mounting plugin NetcodeUnitTest
LogPluginManager: Mounting plugin NUTUnrealEngine4
LogPluginManager: Mounting plugin OnlineSubsystemGooglePlay
LogPluginManager: Mounting plugin OnlineSubsystemIOS
LogPluginManager: Mounting plugin OnlineSubsystem
LogPluginManager: Mounting plugin OnlineSubsystemNull
LogPluginManager: Mounting plugin OnlineSubsystemUtils
LogPluginManager: Mounting plugin LauncherChunkInstaller
LogPluginManager: Mounting plugin AndroidDeviceProfileSelector
LogPluginManager: Mounting plugin AndroidMoviePlayer
LogPluginManager: Mounting plugin AndroidPermission
LogPluginManager: Mounting plugin AppleMoviePlayer
LogPluginManager: Mounting plugin ArchVisCharacter
LogPluginManager: Mounting plugin AudioCapture
LogPluginManager: Mounting plugin CableComponent
LogPluginManager: Mounting plugin CustomMeshComponent
LogPluginManager: Mounting plugin EditableMesh
LogPluginManager: Mounting plugin ExampleDeviceProfileSelector
LogPluginManager: Mounting plugin GoogleCloudMessaging
LogPluginManager: Mounting plugin ImmediatePhysics
LogPluginManager: Mounting plugin IOSDeviceProfileSelector
LogPluginManager: Mounting plugin LinuxDeviceProfileSelector
LogPluginManager: Mounting plugin LocationServicesBPLibrary
LogPluginManager: Mounting plugin MobilePatchingUtils
LogPluginManager: Mounting plugin OculusVR
LogPluginManager: Plugin shader directory ../../../Engine/Plugins/Runtime/Oculus/OculusVR/Shaders found
LogPluginManager: Mapping shader source directory ../../../Engine/Plugins/Runtime/Oculus/OculusVR/Shaders to virtual directory /Plugin/OculusVR
LogPluginManager: Mounting plugin PhysXVehicles
LogPluginManager: Mounting plugin ProceduralMeshComponent
LogPluginManager: Mounting plugin RuntimePhysXCooking
LogPluginManager: Mounting plugin SteamVR
LogPluginManager: Mounting plugin WindowsMoviePlayer
LogPluginManager: Mounting plugin DatasmithCADImporter
LogPluginManager: Mounting plugin DatasmithFBXImporter
LogPluginManager: Mounting plugin DatasmithImporter
LogPluginManager: Mounting plugin DatasmithMDLImporter
LogPluginManager: Mounting plugin StaticMeshEditorExtension
LogStreaming: Display: Took  0.243s to configure plugins.
LogInit: Using libcurl 7.55.1-DEV
LogInit:  - built for x86_64-pc-win32
LogInit:  - supports SSL with OpenSSL/1.0.2h
LogInit:  - supports HTTP deflate (compression) using libz 1.2.8
LogInit:  - other features:
LogInit:      CURL_VERSION_SSL
LogInit:      CURL_VERSION_LIBZ
LogInit:      CURL_VERSION_IPV6
LogInit:      CURL_VERSION_ASYNCHDNS
LogInit:      CURL_VERSION_LARGEFILE
LogInit:      CURL_VERSION_IDN
LogInit:  CurlRequestOptions (configurable via config and command line):
LogInit:  - bVerifyPeer = false  - Libcurl will NOT verify peer certificate
LogInit:  - bUseHttpProxy = false  - Libcurl will NOT use HTTP proxy
LogInit:  - bDontReuseConnections = false  - Libcurl will reuse connections
LogInit:  - CertBundlePath = nullptr  - Libcurl will use whatever was configured at build time.
LogInit:  - MaxHostConnections = 16  - Libcurl will limit the number of connections to a host
LogInit:  - LocalHostAddr = Default
LogInit:  - BufferSize = 65536
LogInit: WinSock: version 1.1 (2.2), MaxSocks=32767, MaxUdp=65467
LogInit: Build: ++UE4+Release-4.20-CL-4302132
LogInit: Engine Version: 4.20.2-4302132+++UE4+Release-4.20
LogInit: Compatible Engine Version: 4.20.0-4212847+++UE4+Release-4.20
LogInit: Net CL: 4212847
LogInit: OS: Windows 10 (), CPU: Intel(R) Core(TM) i7-7700HQ CPU @ 2.80GHz, GPU: NVIDIA GeForce GTX 1070
LogInit: Compiled (64-bit): Aug 21 2018 02:06:06
LogInit: Compiled with Visual C++: 19.13.26129.00
LogInit: Build Configuration: Development
LogInit: Branch Name: ++UE4+Release-4.20
LogInit: Command Line:  
LogInit: Base Directory: D:/UE_4.20/Engine/Binaries/Win64/
LogInit: Installed Engine Build: 1
LogDevObjectVersion: Number of dev versions registered: 20
LogDevObjectVersion:   Dev-Blueprints (B0D832E4-1F89-4F0D-ACCF-7EB736FD4AA2): 10
LogDevObjectVersion:   Dev-Build (E1C64328-A22C-4D53-A36C-8E866417BD8C): 0
LogDevObjectVersion:   Dev-Core (375EC13C-06E4-48FB-B500-84F0262A717E): 2
LogDevObjectVersion:   Dev-Editor (E4B068ED-F494-42E9-A231-DA0B2E46BB41): 24
LogDevObjectVersion:   Dev-Framework (CFFC743F-43B0-4480-9391-14DF171D2073): 34
LogDevObjectVersion:   Dev-Mobile (B02B49B5-BB20-44E9-A304-32B752E40360): 2
LogDevObjectVersion:   Dev-Networking (A4E4105C-59A1-49B5-A7C5-40C4547EDFEE): 0
LogDevObjectVersion:   Dev-Online (39C831C9-5AE6-47DC-9A44-9C173E1C8E7C): 0
LogDevObjectVersion:   Dev-Physics (78F01B33-EBEA-4F98-B9B4-84EACCB95AA2): 0
LogDevObjectVersion:   Dev-Platform (6631380F-2D4D-43E0-8009-CF276956A95A): 0
LogDevObjectVersion:   Dev-Rendering (12F88B9F-8875-4AFC-A67C-D90C383ABD29): 26
LogDevObjectVersion:   Dev-Sequencer (7B5AE74C-D270-4C10-A958-57980B212A5A): 9
LogDevObjectVersion:   Dev-VR (D7296918-1DD6-4BDD-9DE2-64A83CC13884): 2
LogDevObjectVersion:   Dev-LoadTimes (C2A15278-BFE7-4AFE-6C17-90FF531DF755): 1
LogDevObjectVersion:   Private-Geometry (6EACA3D4-40EC-4CC1-B786-8BED09428FC5): 3
LogDevObjectVersion:   Dev-AnimPhys (29E575DD-E0A3-4627-9D10-D276232CDCEA): 17
LogDevObjectVersion:   Dev-ReflectionCapture (6B266CEC-1EC7-4B8F-A30B-E4D90942FC07): 1
LogDevObjectVersion:   Dev-Automation (0DF73D61-A23F-47EA-B727-89E90C41499A): 1
LogDevObjectVersion:   FortniteMain (601D1886-AC64-4F84-AA16-D3DE0DEAC7D6): 12
LogDevObjectVersion:   Dev-Enterprise (9DFFBCD6-494F-0158-E221-12823C92A888): 1
LogStreaming: Display: Took  0.002s to delete old logs.
LogInit: Presizing for max 8388607 objects, including 0 objects not considered by GC, pre-allocating 0 bytes for permanent pool.
LogInit: Object subsystem initialized
[2018.09.19-01.50.40:034][  0]LogInit: Selected Device Profile: [Windows]
[2018.09.19-01.50.40:034][  0]LogInit: Applying CVar settings loaded from the selected device profile: [Windows]
[2018.09.19-01.50.40:068][  0]LogHAL: Display: Platform has ~ 16 GB [17046728704 / 17179869184 / 16], which maps to Larger [LargestMinGB=32, LargerMinGB=12, DefaultMinGB=8, SmallerMinGB=6, SmallestMinGB=0)
[2018.09.19-01.50.40:069][  0]LogInit: Setting Device Profile CVar: [[r.Vulkan.UseRealUBs:1]]
[2018.09.19-01.50.40:069][  0]LogInit: Going up to parent DeviceProfile []
[2018.09.19-01.50.40:069][  0]LogInit: Computer: DESKTOP-MIASDKN
[2018.09.19-01.50.40:069][  0]LogInit: User: DKG
[2018.09.19-01.50.40:069][  0]LogInit: CPU Page size=4096, Cores=4
[2018.09.19-01.50.40:069][  0]LogInit: High frequency timer resolution =2.742193 MHz
[2018.09.19-01.50.40:069][  0]LogMemory: Memory total: Physical=15.9GB (16GB approx)
[2018.09.19-01.50.40:069][  0]LogMemory: Platform Memory Stats for Windows
[2018.09.19-01.50.40:069][  0]LogMemory: Process Physical Memory: 100.49 MB used, 100.49 MB peak
[2018.09.19-01.50.40:069][  0]LogMemory: Process Virtual Memory: 89.32 MB used, 89.32 MB peak
[2018.09.19-01.50.40:069][  0]LogMemory: Physical Memory: 8962.91 MB used,  7294.12 MB free, 16257.03 MB total
[2018.09.19-01.50.40:069][  0]LogMemory: Virtual Memory: 4643.41 MB used,  7294.12 MB free, 134217728.00 MB total
[2018.09.19-01.50.40:502][  0]LogInit: Using OS detected language (en-US).
[2018.09.19-01.50.40:502][  0]LogInit: Using OS detected locale (en-CA).
[2018.09.19-01.50.40:504][  0]LogTextLocalizationManager: No specific localization for 'en-US' exists, so the 'en' localization will be used.
[2018.09.19-01.50.40:924][  0]LogStreaming: Display: Took  0.421s to InitEngineTextLocalization.
[2018.09.19-01.50.40:924][  0]LogInit: Setting process to per monitor DPI aware
[2018.09.19-01.50.40:956][  0]LogSlate: New Slate User Created.  User Index 0, Is Virtual User: 0
[2018.09.19-01.50.40:956][  0]LogSlate: Slate User Registered.  User Index 0, Is Virtual User: 0
[2018.09.19-01.50.46:805][  0]LogHMD: Failed to initialize OpenVR with code 108
[2018.09.19-01.50.46:805][  0]LogD3D11RHI: D3D11 adapters:
[2018.09.19-01.50.46:875][  0]LogD3D11RHI:    0. 'NVIDIA GeForce GTX 1070' (Feature Level 11_0)
[2018.09.19-01.50.46:875][  0]LogD3D11RHI:       8081/0/8128 MB DedicatedVideo/DedicatedSystem/SharedSystem, Outputs:1, VendorId:0x10de
[2018.09.19-01.50.46:899][  0]LogD3D11RHI:    1. 'Intel(R) HD Graphics 630' (Feature Level 11_0)
[2018.09.19-01.50.46:899][  0]LogD3D11RHI:       128/0/8128 MB DedicatedVideo/DedicatedSystem/SharedSystem, Outputs:0, VendorId:0x8086
[2018.09.19-01.50.46:902][  0]LogD3D11RHI:    2. 'Microsoft Basic Render Driver' (Feature Level 11_0)
[2018.09.19-01.50.46:902][  0]LogD3D11RHI:       0/0/8128 MB DedicatedVideo/DedicatedSystem/SharedSystem, Outputs:0, VendorId:0x1414
[2018.09.19-01.50.46:902][  0]LogD3D11RHI: Chosen D3D11 Adapter: 0
[2018.09.19-01.50.46:912][  0]LogD3D11RHI: Creating new Direct3DDevice
[2018.09.19-01.50.46:912][  0]LogD3D11RHI:     GPU DeviceId: 0x1be1 (for the marketing name, search the web for "GPU Device Id")
[2018.09.19-01.50.46:912][  0]LogWindows: EnumDisplayDevices:
[2018.09.19-01.50.46:912][  0]LogWindows:    0. 'NVIDIA GeForce GTX 1070' (P:1 D:1)
[2018.09.19-01.50.46:912][  0]LogWindows:    1. 'NVIDIA GeForce GTX 1070' (P:0 D:0)
[2018.09.19-01.50.46:912][  0]LogWindows:    2. 'NVIDIA GeForce GTX 1070' (P:0 D:0)
[2018.09.19-01.50.46:913][  0]LogWindows:    3. 'NVIDIA GeForce GTX 1070' (P:0 D:0)
[2018.09.19-01.50.46:913][  0]LogWindows:    4. 'Intel(R) HD Graphics 630' (P:0 D:0)
[2018.09.19-01.50.46:913][  0]LogWindows:    5. 'Intel(R) HD Graphics 630' (P:0 D:0)
[2018.09.19-01.50.46:913][  0]LogWindows:    6. 'Intel(R) HD Graphics 630' (P:0 D:0)
[2018.09.19-01.50.46:914][  0]LogWindows: DebugString: PrimaryIsNotTheChoosenAdapter PrimaryIsNotTheChoosenAdapter PrimaryIsNotTheChoosenAdapter FoundDriverCount:4 
[2018.09.19-01.50.46:914][  0]LogD3D11RHI:     Adapter Name: NVIDIA GeForce GTX 1070
[2018.09.19-01.50.46:914][  0]LogD3D11RHI:   Driver Version: 398.36 (internal:24.21.13.9836, unified:398.36)
[2018.09.19-01.50.46:914][  0]LogD3D11RHI:      Driver Date: 6-24-2018
[2018.09.19-01.50.46:914][  0]LogRHI: Texture pool is 5656 MB (70% of 8081 MB)
[2018.09.19-01.50.46:966][  0]LogD3D11RHI: Async texture creation enabled
[2018.09.19-01.50.47:003][  0]LogD3D11RHI: GPU Timing Frequency: 1000.000000 (Debug: 2 2)
[2018.09.19-01.50.47:051][  0]LogShaderCompilers: Guid format shader working directory is -1 characters bigger than the processId version (../../../../GameDev/_projects/A.S.H/ASH_Game/Intermediate/Shaders/WorkingDirectory/13088/).
[2018.09.19-01.50.47:051][  0]LogShaderCompilers: Cleaned the shader compiler working directory 'C:/Users/DKG/AppData/Local/Temp/UnrealShaderWorkingDir/4C36A5174EBFF53C5E490B85E4C5A20C/'.
[2018.09.19-01.50.47:389][  0]LogTemp: Display: Loaded TP AllDesktopTargetPlatform
[2018.09.19-01.50.47:403][  0]LogTemp: Display: Loaded TP MacClientTargetPlatform
[2018.09.19-01.50.47:417][  0]LogTemp: Display: Loaded TP MacNoEditorTargetPlatform
[2018.09.19-01.50.47:434][  0]LogTemp: Display: Loaded TP MacServerTargetPlatform
[2018.09.19-01.50.47:457][  0]LogTemp: Display: Loaded TP MacTargetPlatform
[2018.09.19-01.50.47:473][  0]LogTemp: Display: Loaded TP WindowsClientTargetPlatform
[2018.09.19-01.50.47:490][  0]LogTemp: Display: Loaded TP WindowsNoEditorTargetPlatform
[2018.09.19-01.50.47:507][  0]LogTemp: Display: Loaded TP WindowsServerTargetPlatform
[2018.09.19-01.50.47:512][  0]LogTemp: Display: Loaded TP WindowsTargetPlatform
[2018.09.19-01.50.47:610][  0]LogTemp: Display: Loaded TP AndroidTargetPlatform
[2018.09.19-01.50.47:610][  0]LogTemp: Display: Loaded TP AndroidTargetPlatform
[2018.09.19-01.50.47:610][  0]LogTemp: Display: Loaded TP AndroidTargetPlatform
[2018.09.19-01.50.47:610][  0]LogTemp: Display: Loaded TP AndroidTargetPlatform
[2018.09.19-01.50.47:610][  0]LogTemp: Display: Loaded TP AndroidTargetPlatform
[2018.09.19-01.50.47:610][  0]LogTemp: Display: Loaded TP AndroidTargetPlatform
[2018.09.19-01.50.47:610][  0]LogTemp: Display: Loaded TP AndroidTargetPlatform
[2018.09.19-01.50.47:610][  0]LogTemp: Display: Loaded TP AndroidTargetPlatform
[2018.09.19-01.50.47:610][  0]LogTemp: Display: Loaded TP AndroidTargetPlatform
[2018.09.19-01.50.47:610][  0]LogTemp: Display: Loaded TP AndroidTargetPlatform
[2018.09.19-01.50.47:610][  0]LogTemp: Display: Loaded TP AndroidTargetPlatform
[2018.09.19-01.50.47:610][  0]LogTemp: Display: Loaded TP AndroidTargetPlatform
[2018.09.19-01.50.47:610][  0]LogTemp: Display: Loaded TP AndroidTargetPlatform
[2018.09.19-01.50.47:610][  0]LogTemp: Display: Loaded TP AndroidTargetPlatform
[2018.09.19-01.50.47:610][  0]LogTemp: Display: Loaded TP AndroidTargetPlatform
[2018.09.19-01.50.47:610][  0]LogTemp: Display: Loaded TP AndroidTargetPlatform
[2018.09.19-01.50.47:610][  0]LogTemp: Display: Loaded TP AndroidTargetPlatform
[2018.09.19-01.50.47:610][  0]LogTemp: Display: Loaded TP AndroidTargetPlatform
[2018.09.19-01.50.47:611][  0]LogTemp: Display: Loaded TP HTML5TargetPlatform
[2018.09.19-01.50.47:674][  0]LogTemp: Display: Loaded TP IOSTargetPlatform
[2018.09.19-01.50.47:674][  0]LogTemp: Display: Loaded TP IOSTargetPlatform
[2018.09.19-01.50.47:701][  0]LogTemp: Display: Loaded TP TVOSTargetPlatform
[2018.09.19-01.50.47:701][  0]LogTemp: Display: Loaded TP TVOSTargetPlatform
[2018.09.19-01.50.47:716][  0]LogTemp: Display: Loaded TP LinuxClientTargetPlatform
[2018.09.19-01.50.47:730][  0]LogTemp: Display: Loaded TP LinuxNoEditorTargetPlatform
[2018.09.19-01.50.47:744][  0]LogTemp: Display: Loaded TP LinuxServerTargetPlatform
[2018.09.19-01.50.47:759][  0]LogTemp: Display: Loaded TP LinuxTargetPlatform
[2018.09.19-01.50.47:769][  0]LogTemp: Display: Loaded TP LuminTargetPlatform
[2018.09.19-01.50.47:769][  0]LogTargetPlatformManager: Display: Building Assets For Windows
[2018.09.19-01.50.47:823][  0]LogXGEController: Cannot use XGE Controller as Incredibuild is not installed on this machine.
[2018.09.19-01.50.47:824][  0]LogShaderCompilers: Cannot use XGE Shader Compiler as Incredibuild is not installed on this machine.
[2018.09.19-01.50.47:824][  0]LogShaderCompilers: Display: Using Local Shader Compiler.
[2018.09.19-01.50.48:684][  0]LogDerivedDataCache: Display: Max Cache Size: 512 MB
[2018.09.19-01.50.48:748][  0]LogDerivedDataCache: Loaded boot cache 0.06s 72MB C:/Users/DKG/AppData/Local/UnrealEngine/4.20/DerivedDataCache/Boot.ddc.
[2018.09.19-01.50.48:749][  0]LogDerivedDataCache: Display: Loaded Boot cache: C:/Users/DKG/AppData/Local/UnrealEngine/4.20/DerivedDataCache/Boot.ddc
[2018.09.19-01.50.48:749][  0]LogDerivedDataCache: FDerivedDataBackendGraph:  Pak pak cache file ../../../../GameDev/_projects/A.S.H/ASH_Game/DerivedDataCache/DDC.ddp not found, will not use a pak cache.
[2018.09.19-01.50.48:749][  0]LogDerivedDataCache: Unable to find inner node Pak for hierarchical cache Hierarchy.
[2018.09.19-01.50.48:749][  0]LogDerivedDataCache: FDerivedDataBackendGraph:  CompressedPak pak cache file ../../../../GameDev/_projects/A.S.H/ASH_Game/DerivedDataCache/Compressed.ddp not found, will not use a pak cache.
[2018.09.19-01.50.48:749][  0]LogDerivedDataCache: Unable to find inner node CompressedPak for hierarchical cache Hierarchy.
[2018.09.19-01.50.48:763][  0]LogDerivedDataCache: Display: Pak cache opened for reading ../../../Engine/DerivedDataCache/Compressed.ddp.
[2018.09.19-01.50.48:775][  0]LogDerivedDataCache: Using Local data cache path C:/Users/DKG/AppData/Local/UnrealEngine/Common/DerivedDataCache: Writable
[2018.09.19-01.50.48:775][  0]LogDerivedDataCache: Shared data cache path not found in *engine.ini, will not use an Shared cache.
[2018.09.19-01.50.48:775][  0]LogDerivedDataCache: Unable to find inner node Shared for hierarchical cache Hierarchy.
[2018.09.19-01.50.48:798][  0]LogMaterial: Verifying Global Shaders for PCD3D_SM5
[2018.09.19-01.50.48:800][  0]LogSlate: Using FreeType 2.6.0
[2018.09.19-01.50.48:801][  0]LogSlate: SlateFontServices - WITH_FREETYPE: 1, WITH_HARFBUZZ: 1
[2018.09.19-01.50.48:882][  0]LogAssetRegistry: FAssetRegistry took 0.0292 seconds to start up
[2018.09.19-01.50.49:235][  0]LogInit: Selected Device Profile: [Windows]
[2018.09.19-01.50.49:686][  0]LogSimplygon: Simplygon DLL not present - disabling.
[2018.09.19-01.50.50:300][  0]LogMeshReduction: Using SimplygonSwarm for distributed automatic mesh merging
[2018.09.19-01.50.50:315][  0]LogMeshReduction: Using ProxyLODMeshReduction for automatic mesh merging
[2018.09.19-01.50.50:357][  0]LogMeshReduction: Using QuadricMeshReduction for automatic static mesh reduction
[2018.09.19-01.50.50:357][  0]LogMeshReduction: No automatic skeletal mesh reduction module available
[2018.09.19-01.50.51:165][  0]LogNetVersion: ASH_Game 1.0.0, NetCL: 4212847, EngineNetVer: 5, GameNetVer: 0 (Checksum: 1471675654)
[2018.09.19-01.50.57:648][  0]LogPackageLocalizationCache: Processed 13 localized package path(s) for 2 prioritized culture(s) in 0.195729 seconds
[2018.09.19-01.50.57:672][  0]LogUObjectArray: 38425 objects as part of root set at end of initial load.
[2018.09.19-01.50.57:672][  0]LogUObjectAllocator: 6690864 out of 0 bytes used by permanent object pool.
[2018.09.19-01.50.57:672][  0]LogUObjectArray: CloseDisregardForGC: 0/0 objects in disregard for GC pool
[2018.09.19-01.51.17:833][  0]LogTcpMessaging: Initializing TcpMessaging bridge
[2018.09.19-01.51.17:875][  0]LogUdpMessaging: Initializing bridge on interface 0.0.0.0:0 to multicast group 230.0.0.1:6666.
[2018.09.19-01.51.19:427][  0]SourceControl: Source control is disabled
[2018.09.19-01.51.19:433][  0]SourceControl: Source control is disabled
[2018.09.19-01.51.19:742][  0]SourceControl: Source control is disabled
[2018.09.19-01.51.19:804][  0]SourceControl: Source control is disabled
[2018.09.19-01.51.24:053][  0]LogAndroidPermission: UAndroidPermissionCallbackProxy::GetInstance
[2018.09.19-01.51.24:476][  0]LogOcInput: OculusInput pre-init called
[2018.09.19-01.51.38:261][  0]LogEngine: Initializing Engine...
[2018.09.19-01.51.38:309][  0]LogHMD: Failed to initialize OpenVR with code 108
[2018.09.19-01.51.38:311][  0]LogStats: UGameplayTagsManager::ConstructGameplayTagTree: ImportINI prefixes -  0.000 s
[2018.09.19-01.51.38:311][  0]LogStats: UGameplayTagsManager::ConstructGameplayTagTree: Construct from data asset -  0.000 s
[2018.09.19-01.51.38:311][  0]LogStats: UGameplayTagsManager::ConstructGameplayTagTree: ImportINI -  0.000 s
[2018.09.19-01.51.38:311][  0]LogStats: UGameplayTagsManager::ConstructGameplayTagTree: GameplayTagTreeChangedEvent.Broadcast -  0.000 s
[2018.09.19-01.51.38:564][  0]LogInit: Initializing FReadOnlyCVARCache
[2018.09.19-01.51.38:578][  0]LogAIModule: Creating AISystem for world Untitled
[2018.09.19-01.51.38:600][  0]LogInit: XAudio2 using 'Speakers / Headphones (Realtek Audio)' : 6 channels at 48 kHz using 32 bits per sample (channel mask 0x3f)
[2018.09.19-01.51.38:698][  0]LogInit: FAudioDevice initialized.
[2018.09.19-01.51.38:698][  0]LogNetVersion: Set ProjectVersion to 1.0.0.0. Version Checksum will be recalculated on next use.
[2018.09.19-01.51.38:848][  0]LogDerivedDataCache: Saved boot cache 0.15s 72MB C:/Users/DKG/AppData/Local/UnrealEngine/4.20/DerivedDataCache/Boot.ddc.
[2018.09.19-01.51.38:867][  0]LogInit: Texture streaming: Enabled
[2018.09.19-01.51.38:887][  0]LogEngineSessionManager: EngineSessionManager initialized
[2018.09.19-01.51.38:907][  0]LogInit: Transaction tracking system initialized
[2018.09.19-01.51.38:932][  0]BlueprintLog: New page: Editor Load
[2018.09.19-01.51.39:007][  0]LocalizationService: Localization service is disabled
[2018.09.19-01.51.43:663][  0]LogFileCache: Scanning file cache for directory 'D:/GameDev/_projects/A.S.H/ASH_Game/Content/' took 0.02s
[2018.09.19-01.51.43:663][  0]LogCook: Display: Max memory allowance for cook 16384mb min free memory 0mb
[2018.09.19-01.51.43:664][  0]LogCook: Display: Mobile HDR setting 1
[2018.09.19-01.51.43:664][  0]LogGameplayTags: Display: UGameplayTagsManager::DoneAddingNativeTags. DelegateIsBound: 0
[2018.09.19-01.51.43:664][  0]LogStats: UGameplayTagsManager::ConstructGameplayTagTree: ImportINI prefixes -  0.000 s
[2018.09.19-01.51.43:664][  0]LogStats: UGameplayTagsManager::ConstructGameplayTagTree: Construct from data asset -  0.000 s
[2018.09.19-01.51.43:664][  0]LogStats: UGameplayTagsManager::ConstructGameplayTagTree: ImportINI -  0.000 s
[2018.09.19-01.51.43:664][  0]LogStats: UGameplayTagsManager::ConstructGameplayTagTree: GameplayTagTreeChangedEvent.Broadcast -  0.000 s
[2018.09.19-01.51.48:175][  0]SourceControl: Source control is disabled
[2018.09.19-01.51.48:175][  0]Cmd: MAP LOAD FILE="../../../../GameDev/_projects/A.S.H/ASH_Game/Content/MapGenerator_Mike/MapGenerator.umap" TEMPLATE=0 SHOWPROGRESS=1 FEATURELEVEL=3
[2018.09.19-01.51.48:175][  0]LightingResults: New page: Lighting Build
[2018.09.19-01.51.48:177][  0]MapCheck: New page: Map Check
[2018.09.19-01.51.48:177][  0]LightingResults: New page: Lighting Build
[2018.09.19-01.51.49:938][  0]LogAIModule: Creating AISystem for world MapGenerator
[2018.09.19-01.51.50:307][  0]LogEditorServer: Finished looking for orphan Actors (0.000 secs)
[2018.09.19-01.51.50:525][  0]Cmd: MAP CHECKDEP NOCLEARLOG
[2018.09.19-01.51.50:603][  0]MapCheck: Map check complete: 0 Error(s), 0 Warning(s), took 78.131ms to complete.
[2018.09.19-01.51.50:603][  0]LogFileHelpers: Loading map 'MapGenerator' took 2.428
[2018.09.19-01.51.52:116][  0]LogSlate: Updating window title bar state: overlay mode, drag disabled, window buttons hidden, title bar hidden
[2018.09.19-01.51.52:147][  0]LogSlate: Updating window title bar state: overlay mode, drag disabled, window buttons hidden, title bar hidden
[2018.09.19-01.51.52:156][  0]LogSlate: Updating window title bar state: overlay mode, drag disabled, window buttons hidden, title bar hidden
[2018.09.19-01.51.52:167][  0]LogSlate: Updating window title bar state: overlay mode, drag disabled, window buttons hidden, title bar hidden
[2018.09.19-01.51.54:847][  0]LogCollectionManager: Loaded 0 collections in 0.001478 seconds
[2018.09.19-01.51.54:940][  0]LogFileCache: Scanning file cache for directory 'D:/GameDev/_projects/A.S.H/ASH_Game/Saved/Collections/' took 0.01s
[2018.09.19-01.51.54:940][  0]LogFileCache: Scanning file cache for directory 'D:/GameDev/_projects/A.S.H/ASH_Game/Content/Developers/DKG/Collections/' took 0.01s
[2018.09.19-01.51.54:940][  0]LogFileCache: Scanning file cache for directory 'D:/GameDev/_projects/A.S.H/ASH_Game/Content/Collections/' took 0.01s
[2018.09.19-01.51.54:940][  0]LogCollectionManager: Rebuilt the GUID cache for 0 collections in 0.000000 seconds
[2018.09.19-01.51.54:950][  0]LogContentBrowser: Native class hierarchy populated in 0.0098 seconds. Added 2622 classes and 631 folders.
[2018.09.19-01.51.54:997][  0]LogContentBrowser: Native class hierarchy updated for 'WidgetCarousel' in 0.0003 seconds. Added 0 classes and 0 folders.
[2018.09.19-01.51.55:992][  0]LogContentBrowser: Native class hierarchy updated for 'AddContentDialog' in 0.0002 seconds. Added 0 classes and 0 folders.
[2018.09.19-01.51.56:048][  0]LogSlate: Took 0.000181 seconds to synchronously load lazily loaded font '../../../Engine/Content/Slate/Fonts/Roboto-Regular.ttf' (155K)
[2018.09.19-01.51.56:051][  0]LogSlate: Took 0.000274 seconds to synchronously load lazily loaded font '../../../Engine/Content/Slate/Fonts/Roboto-Bold.ttf' (160K)
[2018.09.19-01.51.56:140][  0]LogSlate: Took 0.016573 seconds to synchronously load lazily loaded font '../../../Engine/Content/Editor/Slate/Fonts/FontAwesome.ttf' (139K)
[2018.09.19-01.51.56:402][  0]LogRenderer: Reallocating scene render targets to support 972x540 Format 10 NumSamples 1 (Frame:1).
[2018.09.19-01.51.56:794][  0]LogContentBrowser: Native class hierarchy updated for 'HierarchicalLODOutliner' in 0.0006 seconds. Added 0 classes and 0 folders.
[2018.09.19-01.51.56:794][  0]LogLoad: (Engine Initialization) Total time: 79.74 seconds
[2018.09.19-01.51.56:794][  0]LogLoad: (Engine Initialization) Total Blueprint compile time: 0.00 seconds
[2018.09.19-01.51.56:862][  0]LogContentStreaming: Texture pool size now 1000 MB
[2018.09.19-01.51.57:030][  2]LogAssetRegistry: Asset discovery search completed in 68.1713 seconds
[2018.09.19-01.51.57:032][  2]LogCollectionManager: Rebuilt the object cache for 0 collections in 0.000000 seconds (found 0 objects)
[2018.09.19-01.51.57:032][  2]LogCollectionManager: Fixed up redirectors for 0 collections in 0.000064 seconds (updated 0 objects)
[2018.09.19-01.52.17:072][ 62]LogSlate: FSceneViewport::OnFocusLost() reason 0
[2018.09.19-01.52.23:540][314]LogSlate: Took 0.012128 seconds to synchronously load lazily loaded font '../../../Engine/Content/Slate/Fonts/Roboto-Light.ttf' (167K)
[2018.09.19-01.52.25:293][314]LogBlueprint: Warning: [Compiler Ue4ASP_Character] InputAction Event references unknown Action 'Crouch' for  InputAction Crouch
[2018.09.19-01.52.25:293][314]LogBlueprint: Warning: [Compiler Ue4ASP_Character] InputAction Event references unknown Action 'Jump' for  InputAction Jump
[2018.09.19-01.52.25:293][314]LogBlueprint: Warning: [Compiler Ue4ASP_Character] Input Axis Event references unknown Axis 'LookUp' for  InputAxis LookUp
[2018.09.19-01.52.25:293][314]LogBlueprint: Warning: [Compiler Ue4ASP_Character] Input Axis Event references unknown Axis 'Turn' for  InputAxis Turn
[2018.09.19-01.52.25:324][314]LogBlueprint: Warning: [Compiler TopDownCharacter] InputAction Event references unknown Action 'ResetVR' for  InputAction ResetVR
[2018.09.19-01.52.25:387][314]LogBlueprint: Warning: [Compiler Ue4ASP_Character] [0108.33] Compile of Ue4ASP_Character successful, but with 4 Warning(s) [in 216 ms] (/Game/AnimStarterPack/Ue4ASP_Character.Ue4ASP_Character)
[2018.09.19-01.52.25:387][314]LogBlueprint: Warning: [Compiler TopDownCharacter] [0108.33] Compile of TopDownCharacter successful, but with 1 Warning(s) [in 216 ms] (/Game/TopDownBP/Blueprints/TopDownCharacter.TopDownCharacter)
[2018.09.19-01.52.26:966][314]LogAIModule: Creating AISystem for world MinMaptest
[2018.09.19-01.52.27:154][314]LogAssetEditorManager: Opening Asset editor for World /Game/TopDownBP/MiniMap/MinMaptest.MinMaptest
[2018.09.19-01.52.27:222][314]Cmd: MAP LOAD FILE="../../../../GameDev/_projects/A.S.H/ASH_Game/Content/TopDownBP/MiniMap/MinMaptest.umap" TEMPLATE=0 SHOWPROGRESS=1 FEATURELEVEL=3
[2018.09.19-01.52.27:222][314]LightingResults: New page: Lighting Build
[2018.09.19-01.52.27:223][314]LoadErrors: New page: Loading map: MinMaptest.umap
[2018.09.19-01.52.27:234][314]MapCheck: New page: Map Check
[2018.09.19-01.52.27:234][314]LightingResults: New page: Lighting Build
[2018.09.19-01.52.27:430][314]LogEditorServer: Finished looking for orphan Actors (0.000 secs)
[2018.09.19-01.52.27:496][314]Cmd: MAP CHECKDEP NOCLEARLOG
[2018.09.19-01.52.27:587][314]MapCheck: Map check complete: 0 Error(s), 0 Warning(s), took 90.638ms to complete.
[2018.09.19-01.52.27:587][314]LogFileHelpers: Loading map 'MinMaptest' took 0.373
[2018.09.19-01.52.43:815][687]LogAssetEditorManager: Opening Asset editor for WidgetBlueprint /Game/UI-Rick/TopDownHUD.TopDownHUD
[2018.09.19-01.52.45:068][687]LogContentBrowser: Native class hierarchy updated for 'BlueprintGraph' in 0.0007 seconds. Added 116 classes and 0 folders.
[2018.09.19-01.52.46:854][687]LogSlate: Took 0.019057 seconds to synchronously load lazily loaded font '../../../Engine/Content/Slate/Fonts/Roboto-BoldCondensed.ttf' (158K)
[2018.09.19-01.53.59:043][430]BlueprintLog: New page: Compile TopDownHUD
[2018.09.19-01.54.08:709][667]LogAssetEditorManager: Opening Asset editor for WidgetBlueprint /Game/UI-Rick/FirstPersonHUD.FirstPersonHUD
[2018.09.19-01.55.09:692][248]BlueprintLog: New page: Compile FirstPersonHUD
[2018.09.19-01.55.25:169][665]BlueprintLog: New page: Compile FirstPersonHUD
[2018.09.19-01.55.35:957][935]BlueprintLog: New page: Compile TopDownHUD
[2018.09.19-01.55.37:497][967]LogTemp: Repeating last play command: New Editor Window (PIE)
[2018.09.19-01.55.37:566][967]LogBlueprintUserMessages: Early PlayInEditor Detection: Level '/Game/TopDownBP/MiniMap/MinMaptest.MinMaptest:PersistentLevel' has LevelScriptBlueprint '/Game/TopDownBP/MiniMap/MinMaptest.MinMaptest:PersistentLevel.MinMaptest' with GeneratedClass '/Game/TopDownBP/MiniMap/MinMaptest.MinMaptest_C' with ClassGeneratedBy '/Game/TopDownBP/MiniMap/MinMaptest.MinMaptest:PersistentLevel.MinMaptest'
[2018.09.19-01.55.37:566][967]LogPlayLevel: PlayLevel: No blueprints needed recompiling
[2018.09.19-01.55.37:614][967]PIE: New page: PIE session: MinMaptest (Sep 18, 2018, 5:55:37 PM)
[2018.09.19-01.55.37:614][967]LogPlayLevel: Creating play world package: /Game/TopDownBP/MiniMap/UEDPIE_0_MinMaptest
[2018.09.19-01.55.37:672][967]LogPlayLevel: PIE: StaticDuplicateObject took: (0.057524s)
[2018.09.19-01.55.37:673][967]LogAIModule: Creating AISystem for world MinMaptest
[2018.09.19-01.55.37:673][967]LogPlayLevel: PIE: World Init took: (0.001631s)
[2018.09.19-01.55.37:673][967]LogPlayLevel: PIE: Created PIE world by copying editor world from /Game/TopDownBP/MiniMap/MinMaptest.MinMaptest to /Game/TopDownBP/MiniMap/UEDPIE_0_MinMaptest.MinMaptest (0.059451s)
[2018.09.19-01.55.37:724][967]LogInit: XAudio2 using 'Speakers / Headphones (Realtek Audio)' : 6 channels at 48 kHz using 32 bits per sample (channel mask 0x3f)
[2018.09.19-01.55.37:822][967]LogInit: FAudioDevice initialized.
[2018.09.19-01.55.37:837][967]LogSlate: Updating window title bar state: overlay mode, drag disabled, window buttons hidden, title bar hidden
[2018.09.19-01.55.37:943][967]LogLoad: Game class is 'TopDownGameMode_C'
[2018.09.19-01.55.37:952][967]LogWorld: Bringing World /Game/TopDownBP/MiniMap/UEDPIE_0_MinMaptest.MinMaptest up for play (max tick rate 60) at 2018.09.18-21.55.37
[2018.09.19-01.55.37:991][967]LogWorld: Bringing up level for play took: 0.046985
[2018.09.19-01.55.38:084][967]LogContentBrowser: Native class hierarchy updated for 'MovieSceneCapture' in 0.0004 seconds. Added 10 classes and 0 folders.
[2018.09.19-01.55.38:138][967]PIE: Play in editor start time for /Game/TopDownBP/MiniMap/UEDPIE_0_MinMaptest 0.601
[2018.09.19-01.55.38:138][967]LogBlueprintUserMessages: Late PlayInEditor Detection: Level '/Game/TopDownBP/MiniMap/MinMaptest.MinMaptest:PersistentLevel' has LevelScriptBlueprint '/Game/TopDownBP/MiniMap/MinMaptest.MinMaptest:PersistentLevel.MinMaptest' with GeneratedClass '/Game/TopDownBP/MiniMap/MinMaptest.MinMaptest_C' with ClassGeneratedBy '/Game/TopDownBP/MiniMap/MinMaptest.MinMaptest:PersistentLevel.MinMaptest'
[2018.09.19-01.56.11:961][642]LogBlueprintUserMessages: Early EndPlayMap Detection: Level '/Game/TopDownBP/MiniMap/MinMaptest.MinMaptest:PersistentLevel' has LevelScriptBlueprint '/Game/TopDownBP/MiniMap/MinMaptest.MinMaptest:PersistentLevel.MinMaptest' with GeneratedClass '/Game/TopDownBP/MiniMap/MinMaptest.MinMaptest_C' with ClassGeneratedBy '/Game/TopDownBP/MiniMap/MinMaptest.MinMaptest:PersistentLevel.MinMaptest'
[2018.09.19-01.56.11:961][642]LogSlate: Updating window title bar state: overlay mode, drag disabled, window buttons hidden, title bar hidden
[2018.09.19-01.56.11:983][642]LogSlate: Window 'ASH_Game Game Preview Standalone (64-bit/PCD3D_SM5)' being destroyed
[2018.09.19-01.56.12:087][642]LogPlayLevel: Display: Shutting down PIE online subsystems
[2018.09.19-01.56.12:088][642]LogBlueprintUserMessages: Late EndPlayMap Detection: Level '/Game/TopDownBP/MiniMap/MinMaptest.MinMaptest:PersistentLevel' has LevelScriptBlueprint '/Game/TopDownBP/MiniMap/MinMaptest.MinMaptest:PersistentLevel.MinMaptest' with GeneratedClass '/Game/TopDownBP/MiniMap/MinMaptest.MinMaptest_C' with ClassGeneratedBy '/Game/TopDownBP/MiniMap/MinMaptest.MinMaptest:PersistentLevel.MinMaptest'
[2018.09.19-01.56.12:175][643]LogPlayLevel: Display: Destroying online subsystem :Context_6
[2018.09.19-01.56.13:608][680]LogTemp: Repeating last play command: New Editor Window (PIE)
[2018.09.19-01.56.13:632][680]LogBlueprintUserMessages: Early PlayInEditor Detection: Level '/Game/TopDownBP/MiniMap/MinMaptest.MinMaptest:PersistentLevel' has LevelScriptBlueprint '/Game/TopDownBP/MiniMap/MinMaptest.MinMaptest:PersistentLevel.MinMaptest' with GeneratedClass '/Game/TopDownBP/MiniMap/MinMaptest.MinMaptest_C' with ClassGeneratedBy '/Game/TopDownBP/MiniMap/MinMaptest.MinMaptest:PersistentLevel.MinMaptest'
[2018.09.19-01.56.13:632][680]LogPlayLevel: PlayLevel: No blueprints needed recompiling
[2018.09.19-01.56.13:632][680]PIE: New page: PIE session: MinMaptest (Sep 18, 2018, 5:56:13 PM)
[2018.09.19-01.56.13:632][680]LogPlayLevel: Creating play world package: /Game/TopDownBP/MiniMap/UEDPIE_0_MinMaptest
[2018.09.19-01.56.13:649][680]LogPlayLevel: PIE: StaticDuplicateObject took: (0.017173s)
[2018.09.19-01.56.13:650][680]LogAIModule: Creating AISystem for world MinMaptest
[2018.09.19-01.56.13:650][680]LogPlayLevel: PIE: World Init took: (0.000672s)
[2018.09.19-01.56.13:650][680]LogPlayLevel: PIE: Created PIE world by copying editor world from /Game/TopDownBP/MiniMap/MinMaptest.MinMaptest to /Game/TopDownBP/MiniMap/UEDPIE_0_MinMaptest.MinMaptest (0.017964s)
[2018.09.19-01.56.13:698][680]LogInit: XAudio2 using 'Speakers / Headphones (Realtek Audio)' : 6 channels at 48 kHz using 32 bits per sample (channel mask 0x3f)
[2018.09.19-01.56.13:792][680]LogInit: FAudioDevice initialized.
[2018.09.19-01.56.13:810][680]LogSlate: Updating window title bar state: overlay mode, drag disabled, window buttons hidden, title bar hidden
[2018.09.19-01.56.13:891][680]LogLoad: Game class is 'TopDownGameMode_C'
[2018.09.19-01.56.13:894][680]LogWorld: Bringing World /Game/TopDownBP/MiniMap/UEDPIE_0_MinMaptest.MinMaptest up for play (max tick rate 60) at 2018.09.18-21.56.13
[2018.09.19-01.56.13:895][680]LogWorld: Bringing up level for play took: 0.003639
[2018.09.19-01.56.13:913][680]PIE: Play in editor start time for /Game/TopDownBP/MiniMap/UEDPIE_0_MinMaptest 0.376
[2018.09.19-01.56.13:913][680]LogBlueprintUserMessages: Late PlayInEditor Detection: Level '/Game/TopDownBP/MiniMap/MinMaptest.MinMaptest:PersistentLevel' has LevelScriptBlueprint '/Game/TopDownBP/MiniMap/MinMaptest.MinMaptest:PersistentLevel.MinMaptest' with GeneratedClass '/Game/TopDownBP/MiniMap/MinMaptest.MinMaptest_C' with ClassGeneratedBy '/Game/TopDownBP/MiniMap/MinMaptest.MinMaptest:PersistentLevel.MinMaptest'
[2018.09.19-01.56.16:384][730]LogBlueprintUserMessages: Early EndPlayMap Detection: Level '/Game/TopDownBP/MiniMap/MinMaptest.MinMaptest:PersistentLevel' has LevelScriptBlueprint '/Game/TopDownBP/MiniMap/MinMaptest.MinMaptest:PersistentLevel.MinMaptest' with GeneratedClass '/Game/TopDownBP/MiniMap/MinMaptest.MinMaptest_C' with ClassGeneratedBy '/Game/TopDownBP/MiniMap/MinMaptest.MinMaptest:PersistentLevel.MinMaptest'
[2018.09.19-01.56.16:384][730]LogSlate: Updating window title bar state: overlay mode, drag disabled, window buttons hidden, title bar hidden
[2018.09.19-01.56.16:406][730]LogSlate: Window 'ASH_Game Game Preview Standalone (64-bit/PCD3D_SM5)' being destroyed
[2018.09.19-01.56.16:473][730]LogPlayLevel: Display: Shutting down PIE online subsystems
[2018.09.19-01.56.16:474][730]LogBlueprintUserMessages: Late EndPlayMap Detection: Level '/Game/TopDownBP/MiniMap/MinMaptest.MinMaptest:PersistentLevel' has LevelScriptBlueprint '/Game/TopDownBP/MiniMap/MinMaptest.MinMaptest:PersistentLevel.MinMaptest' with GeneratedClass '/Game/TopDownBP/MiniMap/MinMaptest.MinMaptest_C' with ClassGeneratedBy '/Game/TopDownBP/MiniMap/MinMaptest.MinMaptest:PersistentLevel.MinMaptest'
[2018.09.19-01.56.16:558][731]LogPlayLevel: Display: Destroying online subsystem :Context_7
[2018.09.19-01.56.25:387][ 14]LogTemp: Repeating last play command: New Editor Window (PIE)
[2018.09.19-01.56.25:411][ 14]LogBlueprintUserMessages: Early PlayInEditor Detection: Level '/Game/TopDownBP/MiniMap/MinMaptest.MinMaptest:PersistentLevel' has LevelScriptBlueprint '/Game/TopDownBP/MiniMap/MinMaptest.MinMaptest:PersistentLevel.MinMaptest' with GeneratedClass '/Game/TopDownBP/MiniMap/MinMaptest.MinMaptest_C' with ClassGeneratedBy '/Game/TopDownBP/MiniMap/MinMaptest.MinMaptest:PersistentLevel.MinMaptest'
[2018.09.19-01.56.25:411][ 14]LogPlayLevel: PlayLevel: No blueprints needed recompiling
[2018.09.19-01.56.25:412][ 14]PIE: New page: PIE session: MinMaptest (Sep 18, 2018, 5:56:25 PM)
[2018.09.19-01.56.25:412][ 14]LogPlayLevel: Creating play world package: /Game/TopDownBP/MiniMap/UEDPIE_0_MinMaptest
[2018.09.19-01.56.25:429][ 14]LogPlayLevel: PIE: StaticDuplicateObject took: (0.017311s)
[2018.09.19-01.56.25:430][ 14]LogAIModule: Creating AISystem for world MinMaptest
[2018.09.19-01.56.25:431][ 14]LogPlayLevel: PIE: World Init took: (0.001501s)
[2018.09.19-01.56.25:431][ 14]LogPlayLevel: PIE: Created PIE world by copying editor world from /Game/TopDownBP/MiniMap/MinMaptest.MinMaptest to /Game/TopDownBP/MiniMap/UEDPIE_0_MinMaptest.MinMaptest (0.019037s)
[2018.09.19-01.56.25:479][ 14]LogInit: XAudio2 using 'Speakers / Headphones (Realtek Audio)' : 6 channels at 48 kHz using 32 bits per sample (channel mask 0x3f)
[2018.09.19-01.56.25:577][ 14]LogInit: FAudioDevice initialized.
[2018.09.19-01.56.25:594][ 14]LogSlate: Updating window title bar state: overlay mode, drag disabled, window buttons hidden, title bar hidden
[2018.09.19-01.56.25:677][ 14]LogLoad: Game class is 'TopDownGameMode_C'
[2018.09.19-01.56.25:682][ 14]LogWorld: Bringing World /Game/TopDownBP/MiniMap/UEDPIE_0_MinMaptest.MinMaptest up for play (max tick rate 60) at 2018.09.18-21.56.25
[2018.09.19-01.56.25:683][ 14]LogWorld: Bringing up level for play took: 0.004904
[2018.09.19-01.56.25:702][ 14]PIE: Play in editor start time for /Game/TopDownBP/MiniMap/UEDPIE_0_MinMaptest 0.165
[2018.09.19-01.56.25:703][ 14]LogBlueprintUserMessages: Late PlayInEditor Detection: Level '/Game/TopDownBP/MiniMap/MinMaptest.MinMaptest:PersistentLevel' has LevelScriptBlueprint '/Game/TopDownBP/MiniMap/MinMaptest.MinMaptest:PersistentLevel.MinMaptest' with GeneratedClass '/Game/TopDownBP/MiniMap/MinMaptest.MinMaptest_C' with ClassGeneratedBy '/Game/TopDownBP/MiniMap/MinMaptest.MinMaptest:PersistentLevel.MinMaptest'
[2018.09.19-01.56.40:907][470]LogBlueprintUserMessages: Early EndPlayMap Detection: Level '/Game/TopDownBP/MiniMap/MinMaptest.MinMaptest:PersistentLevel' has LevelScriptBlueprint '/Game/TopDownBP/MiniMap/MinMaptest.MinMaptest:PersistentLevel.MinMaptest' with GeneratedClass '/Game/TopDownBP/MiniMap/MinMaptest.MinMaptest_C' with ClassGeneratedBy '/Game/TopDownBP/MiniMap/MinMaptest.MinMaptest:PersistentLevel.MinMaptest'
[2018.09.19-01.56.40:907][470]LogSlate: Updating window title bar state: overlay mode, drag disabled, window buttons hidden, title bar hidden
[2018.09.19-01.56.40:930][470]LogSlate: Window 'ASH_Game Game Preview Standalone (64-bit/PCD3D_SM5)' being destroyed
[2018.09.19-01.56.40:984][470]LogPlayLevel: Display: Shutting down PIE online subsystems
[2018.09.19-01.56.40:984][470]LogBlueprintUserMessages: Late EndPlayMap Detection: Level '/Game/TopDownBP/MiniMap/MinMaptest.MinMaptest:PersistentLevel' has LevelScriptBlueprint '/Game/TopDownBP/MiniMap/MinMaptest.MinMaptest:PersistentLevel.MinMaptest' with GeneratedClass '/Game/TopDownBP/MiniMap/MinMaptest.MinMaptest_C' with ClassGeneratedBy '/Game/TopDownBP/MiniMap/MinMaptest.MinMaptest:PersistentLevel.MinMaptest'
[2018.09.19-01.56.41:052][471]LogPlayLevel: Display: Destroying online subsystem :Context_8
[2018.09.19-01.57.47:168][829]LogTemp: Repeating last play command: New Editor Window (PIE)
[2018.09.19-01.57.47:193][829]LogBlueprintUserMessages: Early PlayInEditor Detection: Level '/Game/TopDownBP/MiniMap/MinMaptest.MinMaptest:PersistentLevel' has LevelScriptBlueprint '/Game/TopDownBP/MiniMap/MinMaptest.MinMaptest:PersistentLevel.MinMaptest' with GeneratedClass '/Game/TopDownBP/MiniMap/MinMaptest.MinMaptest_C' with ClassGeneratedBy '/Game/TopDownBP/MiniMap/MinMaptest.MinMaptest:PersistentLevel.MinMaptest'
[2018.09.19-01.57.47:193][829]LogPlayLevel: PlayLevel: No blueprints needed recompiling
[2018.09.19-01.57.47:194][829]PIE: New page: PIE session: MinMaptest (Sep 18, 2018, 5:57:47 PM)
[2018.09.19-01.57.47:194][829]LogPlayLevel: Creating play world package: /Game/TopDownBP/MiniMap/UEDPIE_0_MinMaptest
[2018.09.19-01.57.47:211][829]LogPlayLevel: PIE: StaticDuplicateObject took: (0.017402s)
[2018.09.19-01.57.47:212][829]LogAIModule: Creating AISystem for world MinMaptest
[2018.09.19-01.57.47:212][829]LogPlayLevel: PIE: World Init took: (0.001173s)
[2018.09.19-01.57.47:213][829]LogPlayLevel: PIE: Created PIE world by copying editor world from /Game/TopDownBP/MiniMap/MinMaptest.MinMaptest to /Game/TopDownBP/MiniMap/UEDPIE_0_MinMaptest.MinMaptest (0.018817s)
[2018.09.19-01.57.47:261][829]LogInit: XAudio2 using 'Speakers / Headphones (Realtek Audio)' : 6 channels at 48 kHz using 32 bits per sample (channel mask 0x3f)
[2018.09.19-01.57.47:351][829]LogInit: FAudioDevice initialized.
[2018.09.19-01.57.47:366][829]LogSlate: Updating window title bar state: overlay mode, drag disabled, window buttons hidden, title bar hidden
[2018.09.19-01.57.47:445][829]LogLoad: Game class is 'TopDownGameMode_C'
[2018.09.19-01.57.47:450][829]LogWorld: Bringing World /Game/TopDownBP/MiniMap/UEDPIE_0_MinMaptest.MinMaptest up for play (max tick rate 60) at 2018.09.18-21.57.47
[2018.09.19-01.57.47:451][829]LogWorld: Bringing up level for play took: 0.004194
[2018.09.19-01.57.47:469][829]PIE: Play in editor start time for /Game/TopDownBP/MiniMap/UEDPIE_0_MinMaptest -0.067
[2018.09.19-01.57.47:470][829]LogBlueprintUserMessages: Late PlayInEditor Detection: Level '/Game/TopDownBP/MiniMap/MinMaptest.MinMaptest:PersistentLevel' has LevelScriptBlueprint '/Game/TopDownBP/MiniMap/MinMaptest.MinMaptest:PersistentLevel.MinMaptest' with GeneratedClass '/Game/TopDownBP/MiniMap/MinMaptest.MinMaptest_C' with ClassGeneratedBy '/Game/TopDownBP/MiniMap/MinMaptest.MinMaptest:PersistentLevel.MinMaptest'
[2018.09.19-01.58.08:629][464]LogBlueprintUserMessages: Early EndPlayMap Detection: Level '/Game/TopDownBP/MiniMap/MinMaptest.MinMaptest:PersistentLevel' has LevelScriptBlueprint '/Game/TopDownBP/MiniMap/MinMaptest.MinMaptest:PersistentLevel.MinMaptest' with GeneratedClass '/Game/TopDownBP/MiniMap/MinMaptest.MinMaptest_C' with ClassGeneratedBy '/Game/TopDownBP/MiniMap/MinMaptest.MinMaptest:PersistentLevel.MinMaptest'
[2018.09.19-01.58.08:629][464]LogSlate: Updating window title bar state: overlay mode, drag disabled, window buttons hidden, title bar hidden
[2018.09.19-01.58.08:649][464]LogSlate: Window 'ASH_Game Game Preview Standalone (64-bit/PCD3D_SM5)' being destroyed
[2018.09.19-01.58.08:702][464]LogPlayLevel: Display: Shutting down PIE online subsystems
[2018.09.19-01.58.08:702][464]LogBlueprintUserMessages: Late EndPlayMap Detection: Level '/Game/TopDownBP/MiniMap/MinMaptest.MinMaptest:PersistentLevel' has LevelScriptBlueprint '/Game/TopDownBP/MiniMap/MinMaptest.MinMaptest:PersistentLevel.MinMaptest' with GeneratedClass '/Game/TopDownBP/MiniMap/MinMaptest.MinMaptest_C' with ClassGeneratedBy '/Game/TopDownBP/MiniMap/MinMaptest.MinMaptest:PersistentLevel.MinMaptest'
[2018.09.19-01.58.08:761][465]LogPlayLevel: Display: Destroying online subsystem :Context_9
[2018.09.19-02.02.37:815][443]LogTemp: Repeating last play command: New Editor Window (PIE)
[2018.09.19-02.02.37:848][443]LogBlueprintUserMessages: Early PlayInEditor Detection: Level '/Game/TopDownBP/MiniMap/MinMaptest.MinMaptest:PersistentLevel' has LevelScriptBlueprint '/Game/TopDownBP/MiniMap/MinMaptest.MinMaptest:PersistentLevel.MinMaptest' with GeneratedClass '/Game/TopDownBP/MiniMap/MinMaptest.MinMaptest_C' with ClassGeneratedBy '/Game/TopDownBP/MiniMap/MinMaptest.MinMaptest:PersistentLevel.MinMaptest'
[2018.09.19-02.02.37:848][443]LogPlayLevel: PlayLevel: No blueprints needed recompiling
[2018.09.19-02.02.37:848][443]PIE: New page: PIE session: MinMaptest (Sep 18, 2018, 6:02:37 PM)
[2018.09.19-02.02.37:848][443]LogPlayLevel: Creating play world package: /Game/TopDownBP/MiniMap/UEDPIE_0_MinMaptest
[2018.09.19-02.02.37:865][443]LogPlayLevel: PIE: StaticDuplicateObject took: (0.016916s)
[2018.09.19-02.02.37:866][443]LogAIModule: Creating AISystem for world MinMaptest
[2018.09.19-02.02.37:866][443]LogPlayLevel: PIE: World Init took: (0.000777s)
[2018.09.19-02.02.37:866][443]LogPlayLevel: PIE: Created PIE world by copying editor world from /Game/TopDownBP/MiniMap/MinMaptest.MinMaptest to /Game/TopDownBP/MiniMap/UEDPIE_0_MinMaptest.MinMaptest (0.017825s)
[2018.09.19-02.02.37:917][443]LogInit: XAudio2 using 'Speakers / Headphones (Realtek Audio)' : 6 channels at 48 kHz using 32 bits per sample (channel mask 0x3f)
[2018.09.19-02.02.38:009][443]LogInit: FAudioDevice initialized.
[2018.09.19-02.02.38:020][443]LogSlate: Updating window title bar state: overlay mode, drag disabled, window buttons hidden, title bar hidden
[2018.09.19-02.02.38:101][443]LogLoad: Game class is 'TopDownGameMode_C'
[2018.09.19-02.02.38:105][443]LogWorld: Bringing World /Game/TopDownBP/MiniMap/UEDPIE_0_MinMaptest.MinMaptest up for play (max tick rate 60) at 2018.09.18-22.02.38
[2018.09.19-02.02.38:106][443]LogWorld: Bringing up level for play took: 0.004420
[2018.09.19-02.02.38:128][443]PIE: Play in editor start time for /Game/TopDownBP/MiniMap/UEDPIE_0_MinMaptest 0.591
[2018.09.19-02.02.38:129][443]LogBlueprintUserMessages: Late PlayInEditor Detection: Level '/Game/TopDownBP/MiniMap/MinMaptest.MinMaptest:PersistentLevel' has LevelScriptBlueprint '/Game/TopDownBP/MiniMap/MinMaptest.MinMaptest:PersistentLevel.MinMaptest' with GeneratedClass '/Game/TopDownBP/MiniMap/MinMaptest.MinMaptest_C' with ClassGeneratedBy '/Game/TopDownBP/MiniMap/MinMaptest.MinMaptest:PersistentLevel.MinMaptest'
[2018.09.19-02.03.13:227][971]LogBlueprintUserMessages: Early EndPlayMap Detection: Level '/Game/TopDownBP/MiniMap/MinMaptest.MinMaptest:PersistentLevel' has LevelScriptBlueprint '/Game/TopDownBP/MiniMap/MinMaptest.MinMaptest:PersistentLevel.MinMaptest' with GeneratedClass '/Game/TopDownBP/MiniMap/MinMaptest.MinMaptest_C' with ClassGeneratedBy '/Game/TopDownBP/MiniMap/MinMaptest.MinMaptest:PersistentLevel.MinMaptest'
[2018.09.19-02.03.13:227][971]LogSlate: Updating window title bar state: overlay mode, drag disabled, window buttons hidden, title bar hidden
[2018.09.19-02.03.13:247][971]LogSlate: Window 'ASH_Game Game Preview Standalone (64-bit/PCD3D_SM5)' being destroyed
[2018.09.19-02.03.13:330][971]LogPlayLevel: Display: Shutting down PIE online subsystems
[2018.09.19-02.03.13:331][971]LogBlueprintUserMessages: Late EndPlayMap Detection: Level '/Game/TopDownBP/MiniMap/MinMaptest.MinMaptest:PersistentLevel' has LevelScriptBlueprint '/Game/TopDownBP/MiniMap/MinMaptest.MinMaptest:PersistentLevel.MinMaptest' with GeneratedClass '/Game/TopDownBP/MiniMap/MinMaptest.MinMaptest_C' with ClassGeneratedBy '/Game/TopDownBP/MiniMap/MinMaptest.MinMaptest:PersistentLevel.MinMaptest'
[2018.09.19-02.03.13:388][972]LogPlayLevel: Display: Destroying online subsystem :Context_10
[2018.09.19-02.04.13:916][564]LogFileHelpers: Editor autosave (incl. sublevels) for '/Game/TopDownBP/MiniMap/MinMaptest' took 0.033
[2018.09.19-02.04.13:924][564]OBJ SavePackage: Generating thumbnails for [0] asset(s) in package [/Game/UI-Rick/FirstPersonHUD] ([1] browsable assets)...
[2018.09.19-02.04.13:924][564]OBJ SavePackage: Finished generating thumbnails for package [/Game/UI-Rick/FirstPersonHUD]
[2018.09.19-02.04.13:924][564]Cmd: OBJ SAVEPACKAGE PACKAGE="/Game/UI-Rick/FirstPersonHUD" FILE="../../../../GameDev/_projects/A.S.H/ASH_Game/Saved/Autosaves/Game/UI-Rick/FirstPersonHUD_Auto1.uasset" SILENT=false AUTOSAVING=true
[2018.09.19-02.04.13:989][564]LogSavePackage: Moving '../../../../GameDev/_projects/A.S.H/ASH_Game/Saved/FirstPersonHUD_Auto15AD297B24404556C624086AD9A6ABF65.tmp' to '../../../../GameDev/_projects/A.S.H/ASH_Game/Saved/Autosaves/Game/UI-Rick/FirstPersonHUD_Auto1.uasset'
[2018.09.19-02.04.14:010][564]OBJ SavePackage: Generating thumbnails for [0] asset(s) in package [/Game/UI-Rick/TopDownHUD] ([1] browsable assets)...
[2018.09.19-02.04.14:010][564]OBJ SavePackage: Finished generating thumbnails for package [/Game/UI-Rick/TopDownHUD]
[2018.09.19-02.04.14:010][564]Cmd: OBJ SAVEPACKAGE PACKAGE="/Game/UI-Rick/TopDownHUD" FILE="../../../../GameDev/_projects/A.S.H/ASH_Game/Saved/Autosaves/Game/UI-Rick/TopDownHUD_Auto1.uasset" SILENT=false AUTOSAVING=true
[2018.09.19-02.04.14:040][564]LogSavePackage: Moving '../../../../GameDev/_projects/A.S.H/ASH_Game/Saved/TopDownHUD_Auto169FBBB37452EF3A3BF36899CE7C24389.tmp' to '../../../../GameDev/_projects/A.S.H/ASH_Game/Saved/Autosaves/Game/UI-Rick/TopDownHUD_Auto1.uasset'
[2018.09.19-02.04.14:041][564]LogFileHelpers: Auto-saving content packages took 0.124
