Log file open, 10/02/18 19:01:11
LogWindows: Failed to load 'aqProf.dll' (GetLastError=126)
LogWindows: File 'aqProf.dll' does not exist
LogWindows: Failed to load 'VSPerf140.dll' (GetLastError=126)
LogWindows: File 'VSPerf140.dll' does not exist
LogWindows: Failed to load 'VtuneApi.dll' (GetLastError=126)
LogWindows: File 'VtuneApi.dll' does not exist
LogWindows: Failed to load 'VtuneApi32e.dll' (GetLastError=126)
LogWindows: File 'VtuneApi32e.dll' does not exist
LogInit: Display: Running engine for game: ASH_Game
LogPlatformFile: Not using cached read wrapper
LogTaskGraph: Started task graph with 5 named threads and 23 total threads with 3 sets of task threads.
LogStats: Stats thread started at 0.389946
LogD3D11RHI: Loaded GFSDK_Aftermath_Lib.x64.dll
LogICUInternationalization: Display: ICU TimeZone Detection - Raw Offset: -5:00, Platform Override: ''
LogPluginManager: Mounting plugin Paper2D
LogPluginManager: Mounting plugin AISupport
LogPluginManager: Mounting plugin LightPropagationVolume
LogPluginManager: Mounting plugin CLionSourceCodeAccess
LogPluginManager: Mounting plugin CodeLiteSourceCodeAccess
LogPluginManager: Mounting plugin GitSourceControl
LogPluginManager: Mounting plugin KDevelopSourceCodeAccess
LogPluginManager: Mounting plugin NullSourceCodeAccess
LogPluginManager: Mounting plugin PerforceSourceControl
LogPluginManager: Mounting plugin SubversionSourceControl
LogPluginManager: Mounting plugin UObjectPlugin
LogPluginManager: Mounting plugin VisualStudioCodeSourceCodeAccess
LogPluginManager: Mounting plugin VisualStudioSourceCodeAccess
LogPluginManager: Mounting plugin XCodeSourceCodeAccess
LogPluginManager: Mounting plugin AssetManagerEditor
LogPluginManager: Mounting plugin CryptoKeys
LogPluginManager: Mounting plugin DataValidation
LogPluginManager: Mounting plugin FacialAnimation
LogPluginManager: Mounting plugin GameplayTagsEditor
LogPluginManager: Mounting plugin MacGraphicsSwitching
LogPluginManager: Mounting plugin MeshEditor
LogPluginManager: Mounting plugin MobileLauncherProfileWizard
LogPluginManager: Mounting plugin PluginBrowser
LogPluginManager: Mounting plugin SpeedTreeImporter
LogPluginManager: Mounting plugin DatasmithContent
LogPluginManager: Mounting plugin AlembicImporter
LogPluginManager: Mounting plugin AppleImageUtils
LogPluginManager: Mounting plugin AppleVision
LogPluginManager: Mounting plugin BackChannel
LogPluginManager: Mounting plugin CharacterAI
LogPluginManager: Mounting plugin GeometryCache
LogPluginManager: Mounting plugin HTML5Networking
LogPluginManager: Mounting plugin ProxyLODPlugin
LogPluginManager: Mounting plugin MagicLeap
LogPluginManager: Mounting plugin MagicLeapEmulator
LogPluginManager: Mounting plugin MagicLeapMedia
LogPluginManager: Mounting plugin AndroidMedia
LogPluginManager: Mounting plugin AvfMedia
LogPluginManager: Mounting plugin ImgMedia
LogPluginManager: Mounting plugin LinearTimecode
LogPluginManager: Mounting plugin MediaCompositing
LogPluginManager: Mounting plugin MediaPlayerEditor
LogPluginManager: Mounting plugin WmfMedia
LogPluginManager: Mounting plugin TcpMessaging
LogPluginManager: Mounting plugin UdpMessaging
LogPluginManager: Mounting plugin ActorSequence
LogPluginManager: Mounting plugin LevelSequenceEditor
LogPluginManager: Mounting plugin MatineeToLevelSequence
LogPluginManager: Mounting plugin NetcodeUnitTest
LogPluginManager: Mounting plugin NUTUnrealEngine4
LogPluginManager: Mounting plugin OnlineSubsystemGooglePlay
LogPluginManager: Mounting plugin OnlineSubsystemIOS
LogPluginManager: Mounting plugin OnlineSubsystem
LogPluginManager: Mounting plugin OnlineSubsystemNull
LogPluginManager: Mounting plugin OnlineSubsystemUtils
LogPluginManager: Mounting plugin LauncherChunkInstaller
LogPluginManager: Mounting plugin AndroidDeviceProfileSelector
LogPluginManager: Mounting plugin AndroidMoviePlayer
LogPluginManager: Mounting plugin AndroidPermission
LogPluginManager: Mounting plugin AppleMoviePlayer
LogPluginManager: Mounting plugin ArchVisCharacter
LogPluginManager: Mounting plugin AudioCapture
LogPluginManager: Mounting plugin CableComponent
LogPluginManager: Mounting plugin CustomMeshComponent
LogPluginManager: Mounting plugin EditableMesh
LogPluginManager: Mounting plugin ExampleDeviceProfileSelector
LogPluginManager: Mounting plugin GoogleCloudMessaging
LogPluginManager: Mounting plugin ImmediatePhysics
LogPluginManager: Mounting plugin IOSDeviceProfileSelector
LogPluginManager: Mounting plugin LinuxDeviceProfileSelector
LogPluginManager: Mounting plugin LocationServicesBPLibrary
LogPluginManager: Mounting plugin MobilePatchingUtils
LogPluginManager: Mounting plugin OculusVR
LogPluginManager: Plugin shader directory ../../../Engine/Plugins/Runtime/Oculus/OculusVR/Shaders found
LogPluginManager: Mapping shader source directory ../../../Engine/Plugins/Runtime/Oculus/OculusVR/Shaders to virtual directory /Plugin/OculusVR
LogPluginManager: Mounting plugin PhysXVehicles
LogPluginManager: Mounting plugin ProceduralMeshComponent
LogPluginManager: Mounting plugin RuntimePhysXCooking
LogPluginManager: Mounting plugin SteamVR
LogPluginManager: Mounting plugin WindowsMoviePlayer
LogStreaming: Display: Took  0.209s to configure plugins.
LogInit: Using libcurl 7.55.1-DEV
LogInit:  - built for x86_64-pc-win32
LogInit:  - supports SSL with OpenSSL/1.0.2h
LogInit:  - supports HTTP deflate (compression) using libz 1.2.8
LogInit:  - other features:
LogInit:      CURL_VERSION_SSL
LogInit:      CURL_VERSION_LIBZ
LogInit:      CURL_VERSION_IPV6
LogInit:      CURL_VERSION_ASYNCHDNS
LogInit:      CURL_VERSION_LARGEFILE
LogInit:      CURL_VERSION_IDN
LogInit:  CurlRequestOptions (configurable via config and command line):
LogInit:  - bVerifyPeer = false  - Libcurl will NOT verify peer certificate
LogInit:  - bUseHttpProxy = false  - Libcurl will NOT use HTTP proxy
LogInit:  - bDontReuseConnections = false  - Libcurl will reuse connections
LogInit:  - CertBundlePath = nullptr  - Libcurl will use whatever was configured at build time.
LogInit:  - MaxHostConnections = 16  - Libcurl will limit the number of connections to a host
LogInit:  - LocalHostAddr = Default
LogInit:  - BufferSize = 65536
LogInit: WinSock: version 1.1 (2.2), MaxSocks=32767, MaxUdp=65467
LogInit: Build: ++UE4+Release-4.20-CL-4369336
LogInit: Engine Version: 4.20.3-4369336+++UE4+Release-4.20
LogInit: Compatible Engine Version: 4.20.0-4212847+++UE4+Release-4.20
LogInit: Net CL: 4212847
LogInit: OS: Windows 10 (), CPU: Intel(R) Core(TM) i7-7700HQ CPU @ 2.80GHz, GPU: NVIDIA GeForce GTX 1070
LogInit: Compiled (64-bit): Sep 17 2018 12:26:19
LogInit: Compiled with Visual C++: 19.13.26129.00
LogInit: Build Configuration: Development
LogInit: Branch Name: ++UE4+Release-4.20
LogInit: Command Line: -EpicPortal 
LogInit: Base Directory: D:/UE_4.20/UE_4.20/Engine/Binaries/Win64/
LogInit: Installed Engine Build: 1
LogDevObjectVersion: Number of dev versions registered: 20
LogDevObjectVersion:   Dev-Blueprints (B0D832E4-1F89-4F0D-ACCF-7EB736FD4AA2): 10
LogDevObjectVersion:   Dev-Build (E1C64328-A22C-4D53-A36C-8E866417BD8C): 0
LogDevObjectVersion:   Dev-Core (375EC13C-06E4-48FB-B500-84F0262A717E): 2
LogDevObjectVersion:   Dev-Editor (E4B068ED-F494-42E9-A231-DA0B2E46BB41): 24
LogDevObjectVersion:   Dev-Framework (CFFC743F-43B0-4480-9391-14DF171D2073): 34
LogDevObjectVersion:   Dev-Mobile (B02B49B5-BB20-44E9-A304-32B752E40360): 2
LogDevObjectVersion:   Dev-Networking (A4E4105C-59A1-49B5-A7C5-40C4547EDFEE): 0
LogDevObjectVersion:   Dev-Online (39C831C9-5AE6-47DC-9A44-9C173E1C8E7C): 0
LogDevObjectVersion:   Dev-Physics (78F01B33-EBEA-4F98-B9B4-84EACCB95AA2): 0
LogDevObjectVersion:   Dev-Platform (6631380F-2D4D-43E0-8009-CF276956A95A): 0
LogDevObjectVersion:   Dev-Rendering (12F88B9F-8875-4AFC-A67C-D90C383ABD29): 26
LogDevObjectVersion:   Dev-Sequencer (7B5AE74C-D270-4C10-A958-57980B212A5A): 9
LogDevObjectVersion:   Dev-VR (D7296918-1DD6-4BDD-9DE2-64A83CC13884): 2
LogDevObjectVersion:   Dev-LoadTimes (C2A15278-BFE7-4AFE-6C17-90FF531DF755): 1
LogDevObjectVersion:   Private-Geometry (6EACA3D4-40EC-4CC1-B786-8BED09428FC5): 3
LogDevObjectVersion:   Dev-AnimPhys (29E575DD-E0A3-4627-9D10-D276232CDCEA): 17
LogDevObjectVersion:   Dev-ReflectionCapture (6B266CEC-1EC7-4B8F-A30B-E4D90942FC07): 1
LogDevObjectVersion:   Dev-Automation (0DF73D61-A23F-47EA-B727-89E90C41499A): 1
LogDevObjectVersion:   FortniteMain (601D1886-AC64-4F84-AA16-D3DE0DEAC7D6): 12
LogDevObjectVersion:   Dev-Enterprise (9DFFBCD6-494F-0158-E221-12823C92A888): 1
LogStreaming: Display: Took  0.030s to delete old logs.
LogInit: Presizing for max 8388607 objects, including 0 objects not considered by GC, pre-allocating 0 bytes for permanent pool.
LogInit: Object subsystem initialized
[2018.10.02-23.01.11:957][  0]LogInit: Selected Device Profile: [Windows]
[2018.10.02-23.01.11:957][  0]LogInit: Applying CVar settings loaded from the selected device profile: [Windows]
[2018.10.02-23.01.11:973][  0]LogHAL: Display: Platform has ~ 16 GB [17046728704 / 17179869184 / 16], which maps to Larger [LargestMinGB=32, LargerMinGB=12, DefaultMinGB=8, SmallerMinGB=6, SmallestMinGB=0)
[2018.10.02-23.01.11:973][  0]LogInit: Setting Device Profile CVar: [[r.Vulkan.UseRealUBs:1]]
[2018.10.02-23.01.11:973][  0]LogInit: Going up to parent DeviceProfile []
[2018.10.02-23.01.11:973][  0]LogInit: Computer: DESKTOP-EKVR1F9
[2018.10.02-23.01.11:973][  0]LogInit: User: DylanBruton
[2018.10.02-23.01.11:973][  0]LogInit: CPU Page size=4096, Cores=4
[2018.10.02-23.01.11:973][  0]LogInit: High frequency timer resolution =2.742189 MHz
[2018.10.02-23.01.11:974][  0]LogMemory: Memory total: Physical=15.9GB (16GB approx)
[2018.10.02-23.01.11:974][  0]LogMemory: Platform Memory Stats for Windows
[2018.10.02-23.01.11:974][  0]LogMemory: Process Physical Memory: 100.53 MB used, 100.53 MB peak
[2018.10.02-23.01.11:974][  0]LogMemory: Process Virtual Memory: 92.00 MB used, 92.00 MB peak
[2018.10.02-23.01.11:974][  0]LogMemory: Physical Memory: 11441.91 MB used,  4815.11 MB free, 16257.03 MB total
[2018.10.02-23.01.11:974][  0]LogMemory: Virtual Memory: 4646.04 MB used,  4815.11 MB free, 134217728.00 MB total
[2018.10.02-23.01.12:353][  0]LogInit: Using OS detected language (en-US).
[2018.10.02-23.01.12:353][  0]LogInit: Using OS detected locale (en-US).
[2018.10.02-23.01.12:354][  0]LogTextLocalizationManager: No specific localization for 'en-US' exists, so the 'en' localization will be used.
[2018.10.02-23.01.12:763][  0]LogStreaming: Display: Took  0.411s to InitEngineTextLocalization.
[2018.10.02-23.01.12:763][  0]LogInit: Setting process to per monitor DPI aware
[2018.10.02-23.01.12:810][  0]LogSlate: New Slate User Created.  User Index 0, Is Virtual User: 0
[2018.10.02-23.01.12:810][  0]LogSlate: Slate User Registered.  User Index 0, Is Virtual User: 0
[2018.10.02-23.01.13:130][  0]LogHMD: Failed to initialize OpenVR with code 110
[2018.10.02-23.01.13:130][  0]LogD3D11RHI: D3D11 adapters:
[2018.10.02-23.01.13:184][  0]LogD3D11RHI:    0. 'NVIDIA GeForce GTX 1070' (Feature Level 11_0)
[2018.10.02-23.01.13:184][  0]LogD3D11RHI:       8089/0/8128 MB DedicatedVideo/DedicatedSystem/SharedSystem, Outputs:1, VendorId:0x10de
[2018.10.02-23.01.13:207][  0]LogD3D11RHI:    1. 'Intel(R) HD Graphics 630' (Feature Level 11_0)
[2018.10.02-23.01.13:207][  0]LogD3D11RHI:       128/0/8128 MB DedicatedVideo/DedicatedSystem/SharedSystem, Outputs:0, VendorId:0x8086
[2018.10.02-23.01.13:209][  0]LogD3D11RHI:    2. 'Microsoft Basic Render Driver' (Feature Level 11_0)
[2018.10.02-23.01.13:209][  0]LogD3D11RHI:       0/0/8128 MB DedicatedVideo/DedicatedSystem/SharedSystem, Outputs:0, VendorId:0x1414
[2018.10.02-23.01.13:209][  0]LogD3D11RHI: Chosen D3D11 Adapter: 0
[2018.10.02-23.01.13:220][  0]LogD3D11RHI: Creating new Direct3DDevice
[2018.10.02-23.01.13:220][  0]LogD3D11RHI:     GPU DeviceId: 0x1be1 (for the marketing name, search the web for "GPU Device Id")
[2018.10.02-23.01.13:220][  0]LogWindows: EnumDisplayDevices:
[2018.10.02-23.01.13:220][  0]LogWindows:    0. 'NVIDIA GeForce GTX 1070' (P:1 D:1)
[2018.10.02-23.01.13:220][  0]LogWindows:    1. 'NVIDIA GeForce GTX 1070' (P:0 D:0)
[2018.10.02-23.01.13:221][  0]LogWindows:    2. 'NVIDIA GeForce GTX 1070' (P:0 D:0)
[2018.10.02-23.01.13:221][  0]LogWindows:    3. 'NVIDIA GeForce GTX 1070' (P:0 D:0)
[2018.10.02-23.01.13:221][  0]LogWindows:    4. 'Intel(R) HD Graphics 630' (P:0 D:0)
[2018.10.02-23.01.13:222][  0]LogWindows:    5. 'Intel(R) HD Graphics 630' (P:0 D:0)
[2018.10.02-23.01.13:222][  0]LogWindows:    6. 'Intel(R) HD Graphics 630' (P:0 D:0)
[2018.10.02-23.01.13:222][  0]LogWindows: DebugString: PrimaryIsNotTheChoosenAdapter PrimaryIsNotTheChoosenAdapter PrimaryIsNotTheChoosenAdapter FoundDriverCount:4 
[2018.10.02-23.01.13:222][  0]LogD3D11RHI:     Adapter Name: NVIDIA GeForce GTX 1070
[2018.10.02-23.01.13:222][  0]LogD3D11RHI:   Driver Version: 389.12 (internal:23.21.13.8912, unified:389.12)
[2018.10.02-23.01.13:222][  0]LogD3D11RHI:      Driver Date: 3-7-2018
[2018.10.02-23.01.13:222][  0]LogRHI: Texture pool is 5662 MB (70% of 8089 MB)
[2018.10.02-23.01.13:255][  0]LogD3D11RHI: Async texture creation enabled
[2018.10.02-23.01.13:336][  0]LogD3D11RHI: GPU Timing Frequency: 1000.000000 (Debug: 2 1)
[2018.10.02-23.01.13:383][  0]LogShaderCompilers: Guid format shader working directory is 5 characters bigger than the processId version (../../../../../GameDev/_Projects/A.S.H/ASH_Game/Intermediate/Shaders/WorkingDirectory/27976/).
[2018.10.02-23.01.13:383][  0]LogShaderCompilers: Cleaned the shader compiler working directory 'C:/Users/Dylan Bruton/AppData/Local/Temp/UnrealShaderWorkingDir/BB913DD54D262725A4B621A991B294FD/'.
[2018.10.02-23.01.13:683][  0]LogTemp: Display: Loaded TP AllDesktopTargetPlatform
[2018.10.02-23.01.13:697][  0]LogTemp: Display: Loaded TP MacClientTargetPlatform
[2018.10.02-23.01.13:711][  0]LogTemp: Display: Loaded TP MacNoEditorTargetPlatform
[2018.10.02-23.01.13:724][  0]LogTemp: Display: Loaded TP MacServerTargetPlatform
[2018.10.02-23.01.13:738][  0]LogTemp: Display: Loaded TP MacTargetPlatform
[2018.10.02-23.01.13:752][  0]LogTemp: Display: Loaded TP WindowsClientTargetPlatform
[2018.10.02-23.01.13:768][  0]LogTemp: Display: Loaded TP WindowsNoEditorTargetPlatform
[2018.10.02-23.01.13:783][  0]LogTemp: Display: Loaded TP WindowsServerTargetPlatform
[2018.10.02-23.01.13:789][  0]LogTemp: Display: Loaded TP WindowsTargetPlatform
[2018.10.02-23.01.13:889][  0]LogTemp: Display: Loaded TP AndroidTargetPlatform
[2018.10.02-23.01.13:889][  0]LogTemp: Display: Loaded TP AndroidTargetPlatform
[2018.10.02-23.01.13:889][  0]LogTemp: Display: Loaded TP AndroidTargetPlatform
[2018.10.02-23.01.13:889][  0]LogTemp: Display: Loaded TP AndroidTargetPlatform
[2018.10.02-23.01.13:889][  0]LogTemp: Display: Loaded TP AndroidTargetPlatform
[2018.10.02-23.01.13:889][  0]LogTemp: Display: Loaded TP AndroidTargetPlatform
[2018.10.02-23.01.13:889][  0]LogTemp: Display: Loaded TP AndroidTargetPlatform
[2018.10.02-23.01.13:889][  0]LogTemp: Display: Loaded TP AndroidTargetPlatform
[2018.10.02-23.01.13:889][  0]LogTemp: Display: Loaded TP AndroidTargetPlatform
[2018.10.02-23.01.13:889][  0]LogTemp: Display: Loaded TP AndroidTargetPlatform
[2018.10.02-23.01.13:889][  0]LogTemp: Display: Loaded TP AndroidTargetPlatform
[2018.10.02-23.01.13:889][  0]LogTemp: Display: Loaded TP AndroidTargetPlatform
[2018.10.02-23.01.13:889][  0]LogTemp: Display: Loaded TP AndroidTargetPlatform
[2018.10.02-23.01.13:889][  0]LogTemp: Display: Loaded TP AndroidTargetPlatform
[2018.10.02-23.01.13:889][  0]LogTemp: Display: Loaded TP AndroidTargetPlatform
[2018.10.02-23.01.13:889][  0]LogTemp: Display: Loaded TP AndroidTargetPlatform
[2018.10.02-23.01.13:889][  0]LogTemp: Display: Loaded TP AndroidTargetPlatform
[2018.10.02-23.01.13:889][  0]LogTemp: Display: Loaded TP AndroidTargetPlatform
[2018.10.02-23.01.13:891][  0]LogTemp: Display: Loaded TP HTML5TargetPlatform
[2018.10.02-23.01.13:957][  0]LogTemp: Display: Loaded TP IOSTargetPlatform
[2018.10.02-23.01.13:957][  0]LogTemp: Display: Loaded TP IOSTargetPlatform
[2018.10.02-23.01.13:985][  0]LogTemp: Display: Loaded TP TVOSTargetPlatform
[2018.10.02-23.01.13:985][  0]LogTemp: Display: Loaded TP TVOSTargetPlatform
[2018.10.02-23.01.13:999][  0]LogTemp: Display: Loaded TP LinuxClientTargetPlatform
[2018.10.02-23.01.14:013][  0]LogTemp: Display: Loaded TP LinuxNoEditorTargetPlatform
[2018.10.02-23.01.14:031][  0]LogTemp: Display: Loaded TP LinuxServerTargetPlatform
[2018.10.02-23.01.14:047][  0]LogTemp: Display: Loaded TP LinuxTargetPlatform
[2018.10.02-23.01.14:058][  0]LogTemp: Display: Loaded TP LuminTargetPlatform
[2018.10.02-23.01.14:058][  0]LogTargetPlatformManager: Display: Building Assets For Windows
[2018.10.02-23.01.14:112][  0]LogXGEController: Cannot use XGE Controller as Incredibuild is not installed on this machine.
[2018.10.02-23.01.14:112][  0]LogShaderCompilers: Cannot use XGE Shader Compiler as Incredibuild is not installed on this machine.
[2018.10.02-23.01.14:112][  0]LogShaderCompilers: Display: Using Local Shader Compiler.
[2018.10.02-23.01.14:944][  0]LogDerivedDataCache: Display: Max Cache Size: 512 MB
[2018.10.02-23.01.15:001][  0]LogDerivedDataCache: Loaded boot cache 0.06s 71MB C:/Users/Dylan Bruton/AppData/Local/UnrealEngine/4.20/DerivedDataCache/Boot.ddc.
[2018.10.02-23.01.15:002][  0]LogDerivedDataCache: Display: Loaded Boot cache: C:/Users/Dylan Bruton/AppData/Local/UnrealEngine/4.20/DerivedDataCache/Boot.ddc
[2018.10.02-23.01.15:002][  0]LogDerivedDataCache: FDerivedDataBackendGraph:  Pak pak cache file ../../../../../GameDev/_Projects/A.S.H/ASH_Game/DerivedDataCache/DDC.ddp not found, will not use a pak cache.
[2018.10.02-23.01.15:002][  0]LogDerivedDataCache: Unable to find inner node Pak for hierarchical cache Hierarchy.
[2018.10.02-23.01.15:002][  0]LogDerivedDataCache: FDerivedDataBackendGraph:  CompressedPak pak cache file ../../../../../GameDev/_Projects/A.S.H/ASH_Game/DerivedDataCache/Compressed.ddp not found, will not use a pak cache.
[2018.10.02-23.01.15:002][  0]LogDerivedDataCache: Unable to find inner node CompressedPak for hierarchical cache Hierarchy.
[2018.10.02-23.01.15:017][  0]LogDerivedDataCache: Display: Pak cache opened for reading ../../../Engine/DerivedDataCache/Compressed.ddp.
[2018.10.02-23.01.15:030][  0]LogDerivedDataCache: Using Local data cache path C:/Users/Dylan Bruton/AppData/Local/UnrealEngine/Common/DerivedDataCache: Writable
[2018.10.02-23.01.15:030][  0]LogDerivedDataCache: Shared data cache path not found in *engine.ini, will not use an Shared cache.
[2018.10.02-23.01.15:030][  0]LogDerivedDataCache: Unable to find inner node Shared for hierarchical cache Hierarchy.
[2018.10.02-23.01.15:050][  0]LogMaterial: Verifying Global Shaders for PCD3D_SM5
[2018.10.02-23.01.15:052][  0]LogSlate: Using FreeType 2.6.0
[2018.10.02-23.01.15:053][  0]LogSlate: SlateFontServices - WITH_FREETYPE: 1, WITH_HARFBUZZ: 1
[2018.10.02-23.01.15:146][  0]LogAssetRegistry: FAssetRegistry took 0.0269 seconds to start up
[2018.10.02-23.01.15:568][  0]LogInit: Selected Device Profile: [Windows]
[2018.10.02-23.01.15:729][  0]LogSimplygon: Simplygon DLL not present - disabling.
[2018.10.02-23.01.15:734][  0]LogMeshReduction: Using SimplygonSwarm for distributed automatic mesh merging
[2018.10.02-23.01.15:734][  0]LogMeshReduction: Using ProxyLODMeshReduction for automatic mesh merging
[2018.10.02-23.01.15:734][  0]LogMeshReduction: Using QuadricMeshReduction for automatic static mesh reduction
[2018.10.02-23.01.15:734][  0]LogMeshReduction: No automatic skeletal mesh reduction module available
[2018.10.02-23.01.15:752][  0]LogNetVersion: ASH_Game 1.0.0, NetCL: 4212847, EngineNetVer: 5, GameNetVer: 0 (Checksum: 1471675654)
[2018.10.02-23.01.16:420][  0]LogPackageLocalizationCache: Processed 11 localized package path(s) for 2 prioritized culture(s) in 0.144918 seconds
[2018.10.02-23.01.16:427][  0]LogUObjectArray: 38425 objects as part of root set at end of initial load.
[2018.10.02-23.01.16:427][  0]LogUObjectAllocator: 6690872 out of 0 bytes used by permanent object pool.
[2018.10.02-23.01.16:427][  0]LogUObjectArray: CloseDisregardForGC: 0/0 objects in disregard for GC pool
[2018.10.02-23.01.17:601][  0]LogTcpMessaging: Initializing TcpMessaging bridge
[2018.10.02-23.01.17:615][  0]LogUdpMessaging: Initializing bridge on interface 0.0.0.0:0 to multicast group 230.0.0.1:6666.
[2018.10.02-23.01.17:780][  0]SourceControl: Source control is disabled
[2018.10.02-23.01.17:780][  0]SourceControl: Source control is disabled
[2018.10.02-23.01.17:782][  0]SourceControl: Source control is disabled
[2018.10.02-23.01.17:783][  0]SourceControl: Source control is disabled
[2018.10.02-23.01.17:961][  0]LogAndroidPermission: UAndroidPermissionCallbackProxy::GetInstance
[2018.10.02-23.01.18:147][  0]LogOcInput: OculusInput pre-init called
[2018.10.02-23.01.18:216][  0]LogEngine: Initializing Engine...
[2018.10.02-23.01.18:216][  0]LogHMD: Failed to initialize OpenVR with code 110
[2018.10.02-23.01.18:218][  0]LogStats: UGameplayTagsManager::ConstructGameplayTagTree: ImportINI prefixes -  0.000 s
[2018.10.02-23.01.18:218][  0]LogStats: UGameplayTagsManager::ConstructGameplayTagTree: Construct from data asset -  0.000 s
[2018.10.02-23.01.18:218][  0]LogStats: UGameplayTagsManager::ConstructGameplayTagTree: ImportINI -  0.000 s
[2018.10.02-23.01.18:218][  0]LogStats: UGameplayTagsManager::ConstructGameplayTagTree: GameplayTagTreeChangedEvent.Broadcast -  0.000 s
[2018.10.02-23.01.18:475][  0]LogInit: Initializing FReadOnlyCVARCache
[2018.10.02-23.01.18:489][  0]LogAIModule: Creating AISystem for world Untitled
[2018.10.02-23.01.18:618][  0]LogInit: XAudio2 using 'Speakers / Headphones (Realtek Audio)' : 6 channels at 48 kHz using 32 bits per sample (channel mask 0x3f)
[2018.10.02-23.01.18:707][  0]LogInit: FAudioDevice initialized.
[2018.10.02-23.01.18:707][  0]LogNetVersion: Set ProjectVersion to 1.0.0.0. Version Checksum will be recalculated on next use.
[2018.10.02-23.01.18:792][  0]LogDerivedDataCache: Saved boot cache 0.08s 71MB C:/Users/Dylan Bruton/AppData/Local/UnrealEngine/4.20/DerivedDataCache/Boot.ddc.
[2018.10.02-23.01.18:803][  0]LogInit: Texture streaming: Enabled
[2018.10.02-23.01.18:822][  0]LogEngineSessionManager: EngineSessionManager initialized
[2018.10.02-23.01.18:842][  0]LogInit: Transaction tracking system initialized
[2018.10.02-23.01.18:865][  0]BlueprintLog: New page: Editor Load
[2018.10.02-23.01.18:944][  0]LocalizationService: Localization service is disabled
[2018.10.02-23.01.19:228][  0]LogCook: Display: Max memory allowance for cook 16384mb min free memory 0mb
[2018.10.02-23.01.19:228][  0]LogCook: Display: Mobile HDR setting 1
[2018.10.02-23.01.19:228][  0]LogGameplayTags: Display: UGameplayTagsManager::DoneAddingNativeTags. DelegateIsBound: 0
[2018.10.02-23.01.19:228][  0]LogStats: UGameplayTagsManager::ConstructGameplayTagTree: ImportINI prefixes -  0.000 s
[2018.10.02-23.01.19:228][  0]LogStats: UGameplayTagsManager::ConstructGameplayTagTree: Construct from data asset -  0.000 s
[2018.10.02-23.01.19:228][  0]LogStats: UGameplayTagsManager::ConstructGameplayTagTree: ImportINI -  0.000 s
[2018.10.02-23.01.19:228][  0]LogStats: UGameplayTagsManager::ConstructGameplayTagTree: GameplayTagTreeChangedEvent.Broadcast -  0.000 s
[2018.10.02-23.01.19:378][  0]LogFileCache: Scanning file cache for directory 'D:/GameDev/_Projects/A.S.H/ASH_Game/Content/' took 0.04s
[2018.10.02-23.01.19:378][  0]SourceControl: Source control is disabled
[2018.10.02-23.01.19:378][  0]Cmd: MAP LOAD FILE="../../../../../GameDev/_Projects/A.S.H/ASH_Game/Content/UI-Rick/MainMenuTest.umap" TEMPLATE=0 SHOWPROGRESS=1 FEATURELEVEL=3
[2018.10.02-23.01.19:385][  0]LightingResults: New page: Lighting Build
[2018.10.02-23.01.19:388][  0]MapCheck: New page: Map Check
[2018.10.02-23.01.19:388][  0]LightingResults: New page: Lighting Build
[2018.10.02-23.01.19:764][  0]LogLinker: Warning: Can't find file '/Game/StarterContent/Particles/Materials/M_Burst'
[2018.10.02-23.01.19:765][  0]LogLinker: Warning: Can't find file for asset '/Game/StarterContent/Particles/Materials/M_Burst' while loading ../../../../../GameDev/_Projects/A.S.H/ASH_Game/Content/TopDownBP/Blueprints/Weapons/Particles/P_Explosion.uasset.
[2018.10.02-23.01.19:765][  0]LoadErrors: Error: /Game/TopDownBP/Blueprints/Weapons/Particles/P_Explosion : Can't find file for asset. /Game/StarterContent/Particles/Materials/M_Burst
[2018.10.02-23.01.19:765][  0]LogLinker: Warning: Can't find file '/Game/StarterContent/Particles/Materials/M_explosion_subUV'
[2018.10.02-23.01.19:765][  0]LogLinker: Warning: Can't find file for asset '/Game/StarterContent/Particles/Materials/M_explosion_subUV' while loading ../../../../../GameDev/_Projects/A.S.H/ASH_Game/Content/TopDownBP/Blueprints/Weapons/Particles/P_Explosion.uasset.
[2018.10.02-23.01.19:765][  0]LoadErrors: Error: /Game/TopDownBP/Blueprints/Weapons/Particles/P_Explosion : Can't find file for asset. /Game/StarterContent/Particles/Materials/M_explosion_subUV
[2018.10.02-23.01.19:765][  0]LogLinker: Warning: Can't find file '/Game/StarterContent/Particles/Materials/m_flare_01'
[2018.10.02-23.01.19:766][  0]LogLinker: Warning: Can't find file for asset '/Game/StarterContent/Particles/Materials/m_flare_01' while loading ../../../../../GameDev/_Projects/A.S.H/ASH_Game/Content/TopDownBP/Blueprints/Weapons/Particles/P_Explosion.uasset.
[2018.10.02-23.01.19:766][  0]LoadErrors: Error: /Game/TopDownBP/Blueprints/Weapons/Particles/P_Explosion : Can't find file for asset. /Game/StarterContent/Particles/Materials/m_flare_01
[2018.10.02-23.01.19:766][  0]LogLinker: Warning: Can't find file '/Game/StarterContent/Particles/Materials/M_radial_ramp'
[2018.10.02-23.01.19:766][  0]LogLinker: Warning: Can't find file for asset '/Game/StarterContent/Particles/Materials/M_radial_ramp' while loading ../../../../../GameDev/_Projects/A.S.H/ASH_Game/Content/TopDownBP/Blueprints/Weapons/Particles/P_Explosion.uasset.
[2018.10.02-23.01.19:766][  0]LoadErrors: Error: /Game/TopDownBP/Blueprints/Weapons/Particles/P_Explosion : Can't find file for asset. /Game/StarterContent/Particles/Materials/M_radial_ramp
[2018.10.02-23.01.19:766][  0]LogLinker: Warning: Can't find file '/Game/StarterContent/Particles/Materials/M_smoke_subUV'
[2018.10.02-23.01.19:766][  0]LogLinker: Warning: Can't find file for asset '/Game/StarterContent/Particles/Materials/M_smoke_subUV' while loading ../../../../../GameDev/_Projects/A.S.H/ASH_Game/Content/TopDownBP/Blueprints/Weapons/Particles/P_Explosion.uasset.
[2018.10.02-23.01.19:766][  0]LoadErrors: Error: /Game/TopDownBP/Blueprints/Weapons/Particles/P_Explosion : Can't find file for asset. /Game/StarterContent/Particles/Materials/M_smoke_subUV
[2018.10.02-23.01.19:767][  0]LogLinker: Warning: Can't find file '/Game/StarterContent/Particles/Materials/M_Burst'
[2018.10.02-23.01.19:767][  0]LogLinker: Warning: Can't find file for asset '/Game/StarterContent/Particles/Materials/M_Burst' while loading ../../../../../GameDev/_Projects/A.S.H/ASH_Game/Content/TopDownBP/Blueprints/Weapons/Particles/P_Explosion.uasset.
[2018.10.02-23.01.19:767][  0]LoadErrors: Error: /Game/TopDownBP/Blueprints/Weapons/Particles/P_Explosion : Can't find file for asset. /Game/StarterContent/Particles/Materials/M_Burst
[2018.10.02-23.01.19:767][  0]LogLinker: Warning: Can't find file '/Game/StarterContent/Particles/Materials/M_explosion_subUV'
[2018.10.02-23.01.19:767][  0]LogLinker: Warning: Can't find file for asset '/Game/StarterContent/Particles/Materials/M_explosion_subUV' while loading ../../../../../GameDev/_Projects/A.S.H/ASH_Game/Content/TopDownBP/Blueprints/Weapons/Particles/P_Explosion.uasset.
[2018.10.02-23.01.19:767][  0]LoadErrors: Error: /Game/TopDownBP/Blueprints/Weapons/Particles/P_Explosion : Can't find file for asset. /Game/StarterContent/Particles/Materials/M_explosion_subUV
[2018.10.02-23.01.19:767][  0]LogLinker: Warning: Can't find file '/Game/StarterContent/Particles/Materials/m_flare_01'
[2018.10.02-23.01.19:767][  0]LogLinker: Warning: Can't find file for asset '/Game/StarterContent/Particles/Materials/m_flare_01' while loading ../../../../../GameDev/_Projects/A.S.H/ASH_Game/Content/TopDownBP/Blueprints/Weapons/Particles/P_Explosion.uasset.
[2018.10.02-23.01.19:767][  0]LoadErrors: Error: /Game/TopDownBP/Blueprints/Weapons/Particles/P_Explosion : Can't find file for asset. /Game/StarterContent/Particles/Materials/m_flare_01
[2018.10.02-23.01.19:768][  0]LogLinker: Warning: Can't find file '/Game/StarterContent/Particles/Materials/M_radial_ramp'
[2018.10.02-23.01.19:768][  0]LogLinker: Warning: Can't find file for asset '/Game/StarterContent/Particles/Materials/M_radial_ramp' while loading ../../../../../GameDev/_Projects/A.S.H/ASH_Game/Content/TopDownBP/Blueprints/Weapons/Particles/P_Explosion.uasset.
[2018.10.02-23.01.19:768][  0]LoadErrors: Error: /Game/TopDownBP/Blueprints/Weapons/Particles/P_Explosion : Can't find file for asset. /Game/StarterContent/Particles/Materials/M_radial_ramp
[2018.10.02-23.01.19:768][  0]LogLinker: Warning: Can't find file '/Game/StarterContent/Particles/Materials/M_smoke_subUV'
[2018.10.02-23.01.19:768][  0]LogLinker: Warning: Can't find file for asset '/Game/StarterContent/Particles/Materials/M_smoke_subUV' while loading ../../../../../GameDev/_Projects/A.S.H/ASH_Game/Content/TopDownBP/Blueprints/Weapons/Particles/P_Explosion.uasset.
[2018.10.02-23.01.19:768][  0]LoadErrors: Error: /Game/TopDownBP/Blueprints/Weapons/Particles/P_Explosion : Can't find file for asset. /Game/StarterContent/Particles/Materials/M_smoke_subUV
[2018.10.02-23.01.22:277][  0]LogLinker: Warning: Can't find file '/Game/StarterContent/Particles/Materials/M_Radial_Gradient'
[2018.10.02-23.01.22:277][  0]LogLinker: Warning: Can't find file for asset '/Game/StarterContent/Particles/Materials/M_Radial_Gradient' while loading ../../../../../GameDev/_Projects/A.S.H/ASH_Game/Content/TopDownBP/Blueprints/Weapons/Particles/P_Sparks.uasset.
[2018.10.02-23.01.22:277][  0]LoadErrors: Error: /Game/TopDownBP/Blueprints/Weapons/Particles/P_Sparks : Can't find file for asset. /Game/StarterContent/Particles/Materials/M_Radial_Gradient
[2018.10.02-23.01.22:277][  0]LogLinker: Warning: Can't find file '/Game/StarterContent/Particles/Materials/M_smoke_subUV'
[2018.10.02-23.01.22:277][  0]LogLinker: Warning: Can't find file for asset '/Game/StarterContent/Particles/Materials/M_smoke_subUV' while loading ../../../../../GameDev/_Projects/A.S.H/ASH_Game/Content/TopDownBP/Blueprints/Weapons/Particles/P_Sparks.uasset.
[2018.10.02-23.01.22:277][  0]LoadErrors: Error: /Game/TopDownBP/Blueprints/Weapons/Particles/P_Sparks : Can't find file for asset. /Game/StarterContent/Particles/Materials/M_smoke_subUV
[2018.10.02-23.01.22:278][  0]LogLinker: Warning: Can't find file '/Game/StarterContent/Particles/Materials/M_Spark'
[2018.10.02-23.01.22:278][  0]LogLinker: Warning: Can't find file for asset '/Game/StarterContent/Particles/Materials/M_Spark' while loading ../../../../../GameDev/_Projects/A.S.H/ASH_Game/Content/TopDownBP/Blueprints/Weapons/Particles/P_Sparks.uasset.
[2018.10.02-23.01.22:278][  0]LoadErrors: Error: /Game/TopDownBP/Blueprints/Weapons/Particles/P_Sparks : Can't find file for asset. /Game/StarterContent/Particles/Materials/M_Spark
[2018.10.02-23.01.22:278][  0]LogLinker: Warning: Can't find file '/Game/StarterContent/Particles/Materials/M_Radial_Gradient'
[2018.10.02-23.01.22:278][  0]LogLinker: Warning: Can't find file for asset '/Game/StarterContent/Particles/Materials/M_Radial_Gradient' while loading ../../../../../GameDev/_Projects/A.S.H/ASH_Game/Content/TopDownBP/Blueprints/Weapons/Particles/P_Sparks.uasset.
[2018.10.02-23.01.22:278][  0]LoadErrors: Error: /Game/TopDownBP/Blueprints/Weapons/Particles/P_Sparks : Can't find file for asset. /Game/StarterContent/Particles/Materials/M_Radial_Gradient
[2018.10.02-23.01.22:278][  0]LogLinker: Warning: Can't find file '/Game/StarterContent/Particles/Materials/M_smoke_subUV'
[2018.10.02-23.01.22:278][  0]LogLinker: Warning: Can't find file for asset '/Game/StarterContent/Particles/Materials/M_smoke_subUV' while loading ../../../../../GameDev/_Projects/A.S.H/ASH_Game/Content/TopDownBP/Blueprints/Weapons/Particles/P_Sparks.uasset.
[2018.10.02-23.01.22:278][  0]LoadErrors: Error: /Game/TopDownBP/Blueprints/Weapons/Particles/P_Sparks : Can't find file for asset. /Game/StarterContent/Particles/Materials/M_smoke_subUV
[2018.10.02-23.01.22:279][  0]LogLinker: Warning: Can't find file '/Game/StarterContent/Particles/Materials/M_Spark'
[2018.10.02-23.01.22:279][  0]LogLinker: Warning: Can't find file for asset '/Game/StarterContent/Particles/Materials/M_Spark' while loading ../../../../../GameDev/_Projects/A.S.H/ASH_Game/Content/TopDownBP/Blueprints/Weapons/Particles/P_Sparks.uasset.
[2018.10.02-23.01.22:279][  0]LoadErrors: Error: /Game/TopDownBP/Blueprints/Weapons/Particles/P_Sparks : Can't find file for asset. /Game/StarterContent/Particles/Materials/M_Spark
[2018.10.02-23.01.22:548][  0]LogBlueprint: Error: [Compiler GunPickup_Base] In use pin  <Unnamed>  no longer exists on node  Pick Up Item . Please refresh node or break links to remove pin.
[2018.10.02-23.01.22:548][  0]LogBlueprint: Error: [Compiler GunPickup_Base] In use pin  <Unnamed>  no longer exists on node  Pick Up Item . Please refresh node or break links to remove pin.
[2018.10.02-23.01.22:548][  0]LogBlueprint: Error: [Compiler GunPickup_Base] In use pin  Target  no longer exists on node  Pick Up Item . Please refresh node or break links to remove pin.
[2018.10.02-23.01.22:560][  0]LogBlueprint: Error: [Compiler GunPickup_Base] Could not find a function named "PickUpItem" in 'TopDownCharacter_C'.
Make sure 'TopDownCharacter_C' has been compiled for  Pick Up Item
[2018.10.02-23.01.22:596][  0]LogBlueprint: Warning: [Compiler MapGenerator_BP] Could not find a variable named "PlayerSpawn" in 'ROOM_DEF_C'.
Make sure 'ROOM_DEF_C' has been compiled for  Get PlayerSpawn
[2018.10.02-23.01.22:676][  0]LogBlueprint: Warning: [Compiler Survivor1ANIM_BP] Could not find a variable named "HasRifle" in 'Survivor_C'.
Make sure 'Survivor_C' has been compiled for  Get HasRifle
[2018.10.02-23.01.22:751][  0]LogBlueprint: Warning: [Compiler Mutant] Could not find a variable named "Generator_Location" in 'TopDownCharacter_C'.
Make sure 'TopDownCharacter_C' has been compiled for  Get Generator_Location
[2018.10.02-23.01.22:859][  0]LogBlueprint: Error: [Compiler MapGenerator_BP] The property associated with  Player Spawn  could not be found in '/Game/MapGenerator_Mike/MapGenerator_BP.MapGenerator_BP_C'
[2018.10.02-23.01.22:952][  0]LogBlueprint: Error: [Compiler Mutant] The property associated with  Generator Location  could not be found in '/Game/TopDownBP/Blueprints/Mutant.Mutant_C'
[2018.10.02-23.01.23:186][  0]LogBlueprint: Warning: [Compiler GunPickup_Base] [0013.60] Compile of GunPickup_Base failed. 4 Fatal Issue(s) 0 Warning(s) [in 845 ms] (/Game/TopDownBP/Blueprints/Weapons/WeaponPickup/GunPickup_Base.GunPickup_Base)
[2018.10.02-23.01.23:186][  0]LogBlueprint: Warning: [Compiler MapGenerator_BP] [0013.60] Compile of MapGenerator_BP failed. 1 Fatal Issue(s) 1 Warning(s) [in 845 ms] (/Game/MapGenerator_Mike/MapGenerator_BP.MapGenerator_BP)
[2018.10.02-23.01.23:186][  0]LogBlueprint: Warning: [Compiler Survivor1ANIM_BP] [0013.60] Compile of Survivor1ANIM_BP successful, but with 1 Warning(s) [in 846 ms] (/Game/TopDownBP/Blueprints/Assets_Erick/NPCs/Passengers/Survivor1/Survivor1ANIM_BP.Survivor1ANIM_BP)
[2018.10.02-23.01.23:186][  0]LogBlueprint: Warning: [Compiler Mutant] [0013.60] Compile of Mutant failed. 1 Fatal Issue(s) 1 Warning(s) [in 845 ms] (/Game/TopDownBP/Blueprints/Mutant.Mutant)
[2018.10.02-23.01.23:267][  0]LogLinker: Warning: Can't find file '/Game/StarterContent/Particles/Materials/M_smoke_subUV'
[2018.10.02-23.01.23:267][  0]LoadErrors: Failed to load /Game/StarterContent/Particles/Materials/M_smoke_subUV.M_smoke_subUV Referenced by ParticleModuleRequired_0
[2018.10.02-23.01.23:267][  0]LogLinker: Warning: Can't find file for asset '/Game/StarterContent/Particles/Materials/M_smoke_subUV' while loading NULL.
[2018.10.02-23.01.23:267][  0]LoadErrors: Failed to load /Game/StarterContent/Particles/Materials/M_smoke_subUV.M_smoke_subUV Referenced by ParticleModuleRequired_0
[2018.10.02-23.01.23:267][  0]LogLinker: Warning: Can't find file '/Game/StarterContent/Particles/Materials/M_explosion_subUV'
[2018.10.02-23.01.23:267][  0]LoadErrors: Failed to load /Game/StarterContent/Particles/Materials/M_explosion_subUV.M_explosion_subUV Referenced by ParticleModuleRequired_2
[2018.10.02-23.01.23:267][  0]LogLinker: Warning: Can't find file for asset '/Game/StarterContent/Particles/Materials/M_explosion_subUV' while loading NULL.
[2018.10.02-23.01.23:267][  0]LoadErrors: Failed to load /Game/StarterContent/Particles/Materials/M_explosion_subUV.M_explosion_subUV Referenced by ParticleModuleRequired_2
[2018.10.02-23.01.23:268][  0]LogLinker: Warning: Can't find file '/Game/StarterContent/Particles/Materials/M_radial_ramp'
[2018.10.02-23.01.23:268][  0]LoadErrors: Failed to load /Game/StarterContent/Particles/Materials/M_radial_ramp.M_radial_ramp Referenced by ParticleModuleRequired_3
[2018.10.02-23.01.23:268][  0]LogLinker: Warning: Can't find file for asset '/Game/StarterContent/Particles/Materials/M_radial_ramp' while loading NULL.
[2018.10.02-23.01.23:268][  0]LoadErrors: Failed to load /Game/StarterContent/Particles/Materials/M_radial_ramp.M_radial_ramp Referenced by ParticleModuleRequired_3
[2018.10.02-23.01.23:268][  0]LogLinker: Warning: Can't find file '/Game/StarterContent/Particles/Materials/m_flare_01'
[2018.10.02-23.01.23:268][  0]LoadErrors: Failed to load /Game/StarterContent/Particles/Materials/m_flare_01.m_flare_01 Referenced by ParticleModuleRequired_4
[2018.10.02-23.01.23:268][  0]LogLinker: Warning: Can't find file for asset '/Game/StarterContent/Particles/Materials/m_flare_01' while loading NULL.
[2018.10.02-23.01.23:268][  0]LoadErrors: Failed to load /Game/StarterContent/Particles/Materials/m_flare_01.m_flare_01 Referenced by ParticleModuleRequired_4
[2018.10.02-23.01.23:268][  0]LogLinker: Warning: Can't find file '/Game/StarterContent/Particles/Materials/M_Burst'
[2018.10.02-23.01.23:268][  0]LoadErrors: Failed to load /Game/StarterContent/Particles/Materials/M_Burst.M_Burst Referenced by ParticleModuleRequired_8
[2018.10.02-23.01.23:269][  0]LogLinker: Warning: Can't find file for asset '/Game/StarterContent/Particles/Materials/M_Burst' while loading NULL.
[2018.10.02-23.01.23:269][  0]LoadErrors: Failed to load /Game/StarterContent/Particles/Materials/M_Burst.M_Burst Referenced by ParticleModuleRequired_8
[2018.10.02-23.01.23:825][  0]LogLinker: Warning: Can't find file '/Game/StarterContent/Particles/Materials/M_Spark'
[2018.10.02-23.01.23:825][  0]LoadErrors: Failed to load /Game/StarterContent/Particles/Materials/M_Spark.M_Spark Referenced by ParticleModuleRequired_0
[2018.10.02-23.01.23:825][  0]LogLinker: Warning: Can't find file for asset '/Game/StarterContent/Particles/Materials/M_Spark' while loading NULL.
[2018.10.02-23.01.23:825][  0]LoadErrors: Failed to load /Game/StarterContent/Particles/Materials/M_Spark.M_Spark Referenced by ParticleModuleRequired_0
[2018.10.02-23.01.23:826][  0]LogLinker: Warning: Can't find file '/Game/StarterContent/Particles/Materials/M_smoke_subUV'
[2018.10.02-23.01.23:826][  0]LoadErrors: Failed to load /Game/StarterContent/Particles/Materials/M_smoke_subUV.M_smoke_subUV Referenced by ParticleModuleRequired_1
[2018.10.02-23.01.23:826][  0]LogLinker: Warning: Can't find file for asset '/Game/StarterContent/Particles/Materials/M_smoke_subUV' while loading NULL.
[2018.10.02-23.01.23:826][  0]LoadErrors: Failed to load /Game/StarterContent/Particles/Materials/M_smoke_subUV.M_smoke_subUV Referenced by ParticleModuleRequired_1
[2018.10.02-23.01.23:826][  0]LogLinker: Warning: Can't find file '/Game/StarterContent/Particles/Materials/M_Radial_Gradient'
[2018.10.02-23.01.23:826][  0]LoadErrors: Failed to load /Game/StarterContent/Particles/Materials/M_Radial_Gradient.M_Radial_Gradient Referenced by ParticleModuleRequired_4
[2018.10.02-23.01.23:826][  0]LogLinker: Warning: Can't find file for asset '/Game/StarterContent/Particles/Materials/M_Radial_Gradient' while loading NULL.
[2018.10.02-23.01.23:826][  0]LoadErrors: Failed to load /Game/StarterContent/Particles/Materials/M_Radial_Gradient.M_Radial_Gradient Referenced by ParticleModuleRequired_4
[2018.10.02-23.01.26:507][  0]LogAIModule: Creating AISystem for world MainMenuTest
[2018.10.02-23.01.26:508][  0]LogEditorServer: Finished looking for orphan Actors (0.000 secs)
[2018.10.02-23.01.26:554][  0]Cmd: MAP CHECKDEP NOCLEARLOG
[2018.10.02-23.01.26:697][  0]MapCheck: Map check complete: 0 Error(s), 0 Warning(s), took 143.595ms to complete.
[2018.10.02-23.01.26:697][  0]LogFileHelpers: Loading map 'MainMenuTest' took 7.320
[2018.10.02-23.01.26:850][  0]LogSlate: Updating window title bar state: overlay mode, drag disabled, window buttons hidden, title bar hidden
[2018.10.02-23.01.26:859][  0]LogSlate: Updating window title bar state: overlay mode, drag disabled, window buttons hidden, title bar hidden
[2018.10.02-23.01.26:870][  0]LogSlate: Updating window title bar state: overlay mode, drag disabled, window buttons hidden, title bar hidden
[2018.10.02-23.01.26:880][  0]LogSlate: Updating window title bar state: overlay mode, drag disabled, window buttons hidden, title bar hidden
[2018.10.02-23.01.26:886][  0]LogCollectionManager: Loaded 0 collections in 0.002435 seconds
[2018.10.02-23.01.26:932][  0]LogFileCache: Scanning file cache for directory 'D:/GameDev/_Projects/A.S.H/ASH_Game/Saved/Collections/' took 0.01s
[2018.10.02-23.01.26:932][  0]LogFileCache: Scanning file cache for directory 'D:/GameDev/_Projects/A.S.H/ASH_Game/Content/Developers/DylanBruton/Collections/' took 0.01s
[2018.10.02-23.01.26:932][  0]LogFileCache: Scanning file cache for directory 'D:/GameDev/_Projects/A.S.H/ASH_Game/Content/Collections/' took 0.01s
[2018.10.02-23.01.26:932][  0]LogCollectionManager: Rebuilt the GUID cache for 0 collections in 0.000001 seconds
[2018.10.02-23.01.26:947][  0]LogContentBrowser: Native class hierarchy populated in 0.0142 seconds. Added 2572 classes and 603 folders.
[2018.10.02-23.01.26:953][  0]LogContentBrowser: Native class hierarchy updated for 'WidgetCarousel' in 0.0004 seconds. Added 0 classes and 0 folders.
[2018.10.02-23.01.27:056][  0]LogContentBrowser: Native class hierarchy updated for 'AddContentDialog' in 0.0004 seconds. Added 0 classes and 0 folders.
[2018.10.02-23.01.27:063][  0]LogContentBrowser: Native class hierarchy updated for 'SceneOutliner' in 0.0005 seconds. Added 1 classes and 2 folders.
[2018.10.02-23.01.27:227][  0]LogSlate: Took 0.000347 seconds to synchronously load lazily loaded font '../../../Engine/Content/Slate/Fonts/Roboto-Regular.ttf' (155K)
[2018.10.02-23.01.27:230][  0]LogSlate: Took 0.000706 seconds to synchronously load lazily loaded font '../../../Engine/Content/Slate/Fonts/Roboto-Bold.ttf' (160K)
[2018.10.02-23.01.27:237][  0]LogSlate: Took 0.000366 seconds to synchronously load lazily loaded font '../../../Engine/Content/Editor/Slate/Fonts/FontAwesome.ttf' (139K)
[2018.10.02-23.01.27:354][  0]LogRenderer: Reallocating scene render targets to support 1028x388 Format 10 NumSamples 1 (Frame:1).
[2018.10.02-23.01.27:546][  0]LogContentBrowser: Native class hierarchy updated for 'HierarchicalLODOutliner' in 0.0004 seconds. Added 0 classes and 0 folders.
[2018.10.02-23.01.27:546][  0]LogLoad: (Engine Initialization) Total time: 17.96 seconds
[2018.10.02-23.01.27:546][  0]LogLoad: (Engine Initialization) Total Blueprint compile time: 0.00 seconds
[2018.10.02-23.01.27:607][  0]LogContentStreaming: Texture pool size now 1000 MB
[2018.10.02-23.01.27:614][  0]LogSlate: FSceneViewport::OnFocusLost() reason 2
[2018.10.02-23.01.27:710][  1]LogFileCache: Retrieving MD5 hashes for directory 'D:/GameDev/_Projects/A.S.H/ASH_Game/Content/' took 0.13s
[2018.10.02-23.01.43:831][956]LogAssetRegistry: Asset discovery search completed in 28.7063 seconds
[2018.10.02-23.01.43:833][956]LogCollectionManager: Rebuilt the object cache for 0 collections in 0.000000 seconds (found 0 objects)
[2018.10.02-23.01.43:833][956]LogCollectionManager: Fixed up redirectors for 0 collections in 0.000060 seconds (updated 0 objects)
[2018.10.02-23.01.47:813][194]LogSlate: Window 'Message Log' being destroyed
[2018.10.02-23.01.47:817][194]LogSlate: Window 'Message Log' being destroyed
[2018.10.02-23.01.48:581][240]LogSlate: FSceneViewport::OnFocusLost() reason 0
[2018.10.02-23.02.06:176][291]LogSlate: Took 0.022292 seconds to synchronously load lazily loaded font '../../../Engine/Content/Slate/Fonts/Roboto-Light.ttf' (167K)
[2018.10.02-23.02.06:700][291]LogAIModule: Creating AISystem for world MapGeneration
[2018.10.02-23.02.06:718][291]LogAssetEditorManager: Opening Asset editor for World /Game/Beta/MapGeneration.MapGeneration
[2018.10.02-23.02.06:750][291]Cmd: MAP LOAD FILE="../../../../../GameDev/_Projects/A.S.H/ASH_Game/Content/Beta/MapGeneration.umap" TEMPLATE=0 SHOWPROGRESS=1 FEATURELEVEL=3
[2018.10.02-23.02.06:750][291]LightingResults: New page: Lighting Build
[2018.10.02-23.02.06:751][291]LoadErrors: New page: Loading map: MapGeneration.umap
[2018.10.02-23.02.06:751][291]MapCheck: New page: Map Check
[2018.10.02-23.02.06:751][291]LightingResults: New page: Lighting Build
[2018.10.02-23.02.06:963][291]LogEditorServer: Finished looking for orphan Actors (0.000 secs)
[2018.10.02-23.02.07:008][291]Cmd: MAP CHECKDEP NOCLEARLOG
[2018.10.02-23.02.07:123][291]MapCheck: Map check complete: 0 Error(s), 0 Warning(s), took 115.07ms to complete.
[2018.10.02-23.02.07:123][291]LogFileHelpers: Loading map 'MapGeneration' took 0.374
[2018.10.02-23.02.08:916][388]LogAssetEditorManager: Opening Asset editor for LevelScriptBlueprint /Game/Beta/MapGeneration.MapGeneration:PersistentLevel.MapGeneration
[2018.10.02-23.02.09:440][388]LogContentBrowser: Native class hierarchy updated for 'BlueprintGraph' in 0.0008 seconds. Added 116 classes and 0 folders.
[2018.10.02-23.02.10:317][388]LogSlate: Took 0.000325 seconds to synchronously load lazily loaded font '../../../Engine/Content/Slate/Fonts/Roboto-BoldCondensed.ttf' (158K)
[2018.10.02-23.02.10:534][389]LogSlate: Took 0.069245 seconds to synchronously load lazily loaded font '../../../Engine/Content/Slate/Fonts/Roboto-Italic.ttf' (157K)
[2018.10.02-23.02.33:882][735]BlueprintLog: New page: Compile MapGeneration
[2018.10.02-23.02.41:440][125]BlueprintLog: New page: Compile MapGeneration
[2018.10.02-23.02.53:115][802]BlueprintLog: New page: Compile MapGeneration
[2018.10.02-23.02.55:035][899]LogTemp: Repeating last play command: Selected Viewport
[2018.10.02-23.02.55:072][899]LogBlueprintUserMessages: Early PlayInEditor Detection: Level '/Game/Beta/MapGeneration.MapGeneration:PersistentLevel' has LevelScriptBlueprint '/Game/Beta/MapGeneration.MapGeneration:PersistentLevel.MapGeneration' with GeneratedClass '/Game/Beta/MapGeneration.MapGeneration_C' with ClassGeneratedBy '/Game/Beta/MapGeneration.MapGeneration:PersistentLevel.MapGeneration'
[2018.10.02-23.02.55:080][899]LogPlayLevel: PlayLevel: No blueprints needed recompiling
[2018.10.02-23.02.57:976][899]LogSlate: Window 'Message' being destroyed
[2018.10.02-23.03.19:489][219]LogTemp: Repeating last play command: Selected Viewport
[2018.10.02-23.03.19:498][219]LogBlueprintUserMessages: Early PlayInEditor Detection: Level '/Game/Beta/MapGeneration.MapGeneration:PersistentLevel' has LevelScriptBlueprint '/Game/Beta/MapGeneration.MapGeneration:PersistentLevel.MapGeneration' with GeneratedClass '/Game/Beta/MapGeneration.MapGeneration_C' with ClassGeneratedBy '/Game/Beta/MapGeneration.MapGeneration:PersistentLevel.MapGeneration'
[2018.10.02-23.03.19:498][219]LogPlayLevel: PlayLevel: No blueprints needed recompiling
[2018.10.02-23.03.21:901][219]LogSlate: Window 'Message' being destroyed
[2018.10.02-23.03.40:002][280]LogAssetEditorManager: Opening Asset editor for Blueprint /Game/TopDownBP/Blueprints/Mutant.Mutant
[2018.10.02-23.04.54:156][544]BlueprintLog: New page: Compile MapGeneration
[2018.10.02-23.05.05:691][210]LogAssetEditorManager: Opening Asset editor for Blueprint /Game/TopDownBP/Blueprints/TopDownCharacter.TopDownCharacter
[2018.10.02-23.05.16:154][599]LogSlate: Took 0.016641 seconds to synchronously load lazily loaded font '../../../Engine/Content/Slate/Fonts/Roboto-BoldCondensedItalic.ttf' (160K)
[2018.10.02-23.05.33:988][438]BlueprintLog: New page: Compile TopDownCharacter
[2018.10.02-23.05.38:294][571]BlueprintLog: New page: Compile Mutant
[2018.10.02-23.05.38:667][571]LogBlueprint: Warning: [Compiler Mutant] Could not find a variable named "Generator_Location" in 'TopDownCharacter_C'.
Make sure 'TopDownCharacter_C' has been compiled for  Get Generator_Location
[2018.10.02-23.05.38:710][571]LogBlueprint: Error: [Compiler Mutant] The property associated with  Generator Location  could not be found in '/Game/TopDownBP/Blueprints/Mutant.Mutant_C'
[2018.10.02-23.05.39:059][571]LogBlueprint: Warning: [Compiler Mutant] [0269.47] Compile of Mutant failed. 1 Fatal Issue(s) 1 Warning(s) [in 764 ms] (/Game/TopDownBP/Blueprints/Mutant.Mutant)
[2018.10.02-23.05.55:459][457]BlueprintLog: New page: Compile Mutant
[2018.10.02-23.05.55:848][457]LogBlueprint: Warning: [Compiler Mutant] Could not find a variable named "Generator_Location" in 'TopDownCharacter_C'.
Make sure 'TopDownCharacter_C' has been compiled for  Get Generator_Location
[2018.10.02-23.05.55:889][457]LogBlueprint: Error: [Compiler Mutant] The property associated with  Generator Location  could not be found in '/Game/TopDownBP/Blueprints/Mutant.Mutant_C'
[2018.10.02-23.05.56:198][457]LogBlueprint: Warning: [Compiler Mutant] [0286.61] Compile of Mutant failed. 1 Fatal Issue(s) 1 Warning(s) [in 738 ms] (/Game/TopDownBP/Blueprints/Mutant.Mutant)
[2018.10.02-23.06.05:630][973]BlueprintLog: New page: Compile Mutant
[2018.10.02-23.06.12:737][331]Cmd: OBJ SAVEPACKAGE PACKAGE="/Game/TopDownBP/Blueprints/Mutant" FILE="../../../../../GameDev/_Projects/A.S.H/ASH_Game/Content/TopDownBP/Blueprints/Mutant.uasset" SILENT=true
[2018.10.02-23.06.12:957][331]LogSavePackage: Moving '../../../../../GameDev/_Projects/A.S.H/ASH_Game/Saved/Mutant3B2908254DC0202C62935A8CFB65C519.tmp' to '../../../../../GameDev/_Projects/A.S.H/ASH_Game/Content/TopDownBP/Blueprints/Mutant.uasset'
[2018.10.02-23.06.16:680][550]LogTemp: Repeating last play command: Selected Viewport
[2018.10.02-23.06.16:756][550]LogBlueprintUserMessages: Early PlayInEditor Detection: Level '/Game/Beta/MapGeneration.MapGeneration:PersistentLevel' has LevelScriptBlueprint '/Game/Beta/MapGeneration.MapGeneration:PersistentLevel.MapGeneration' with GeneratedClass '/Game/Beta/MapGeneration.MapGeneration_C' with ClassGeneratedBy '/Game/Beta/MapGeneration.MapGeneration:PersistentLevel.MapGeneration'
[2018.10.02-23.06.16:756][550]BlueprintLog: New page: Pre-Play auto-recompile
[2018.10.02-23.06.16:939][550]LogPlayLevel: [PlayLevel] Compiling TopDownCharacter before play...
[2018.10.02-23.06.17:514][550]LogPlayLevel: PlayLevel: Blueprint regeneration took 758 ms (1 blueprints)
[2018.10.02-23.06.18:944][550]LogSlate: Window 'Message' being destroyed
[2018.10.02-23.07.08:780][522]LogAssetEditorManager: Opening Asset editor for Blueprint /Game/MapGenerator_Mike/MapGenerator_BP.MapGenerator_BP
[2018.10.02-23.07.19:404][  3]BlueprintLog: New page: Compile MapGenerator_BP
[2018.10.02-23.07.22:257][ 75]LogTemp: Repeating last play command: Selected Viewport
[2018.10.02-23.07.22:368][ 75]LogBlueprintUserMessages: Early PlayInEditor Detection: Level '/Game/Beta/MapGeneration.MapGeneration:PersistentLevel' has LevelScriptBlueprint '/Game/Beta/MapGeneration.MapGeneration:PersistentLevel.MapGeneration' with GeneratedClass '/Game/Beta/MapGeneration.MapGeneration_C' with ClassGeneratedBy '/Game/Beta/MapGeneration.MapGeneration:PersistentLevel.MapGeneration'
[2018.10.02-23.07.22:368][ 75]LogPlayLevel: PlayLevel: No blueprints needed recompiling
[2018.10.02-23.07.23:885][ 75]LogSlate: Window 'Message' being destroyed
[2018.10.02-23.07.59:093][113]LogAssetEditorManager: Opening Asset editor for Blueprint /Game/TopDownBP/Blueprints/Weapons/WeaponPickup/GunPickup_Base.GunPickup_Base
[2018.10.02-23.08.43:998][ 64]BlueprintLog: New page: Compile GunPickup_Base
[2018.10.02-23.08.48:978][324]Cmd: OBJ SAVEPACKAGE PACKAGE="/Game/Beta/MapGeneration" FILE="../../../../../GameDev/_Projects/A.S.H/ASH_Game/Content/Beta/MapGeneration.umap" SILENT=true AUTOSAVING=false KEEPDIRTY=false
[2018.10.02-23.08.49:388][324]LogSavePackage: Moving '../../../../../GameDev/_Projects/A.S.H/ASH_Game/Saved/MapGeneration8C94C3DC43921E1152427CB751C5199C.tmp' to '../../../../../GameDev/_Projects/A.S.H/ASH_Game/Content/Beta/MapGeneration.umap'
[2018.10.02-23.08.49:411][324]LogFileHelpers: Saving map 'MapGeneration' took 0.580
[2018.10.02-23.08.49:434][324]Cmd: OBJ SAVEPACKAGE PACKAGE="/Game/TopDownBP/Blueprints/TopDownCharacter" FILE="../../../../../GameDev/_Projects/A.S.H/ASH_Game/Content/TopDownBP/Blueprints/TopDownCharacter.uasset" SILENT=true
[2018.10.02-23.08.49:823][324]LogSavePackage: Moving '../../../../../GameDev/_Projects/A.S.H/ASH_Game/Saved/TopDownCharacter03E13BD14C149C8E03C5E9AD817588F2.tmp' to '../../../../../GameDev/_Projects/A.S.H/ASH_Game/Content/TopDownBP/Blueprints/TopDownCharacter.uasset'
[2018.10.02-23.08.49:832][324]Cmd: OBJ SAVEPACKAGE PACKAGE="/Game/MapGenerator_Mike/MapGenerator_BP" FILE="../../../../../GameDev/_Projects/A.S.H/ASH_Game/Content/MapGenerator_Mike/MapGenerator_BP.uasset" SILENT=true
[2018.10.02-23.08.50:211][324]LogSavePackage: Moving '../../../../../GameDev/_Projects/A.S.H/ASH_Game/Saved/MapGenerator_BPA2C31F2D425772875E1BEA92B32DDE30.tmp' to '../../../../../GameDev/_Projects/A.S.H/ASH_Game/Content/MapGenerator_Mike/MapGenerator_BP.uasset'
[2018.10.02-23.08.50:280][324]LogSavePackage: Moving '../../../../../GameDev/_Projects/A.S.H/ASH_Game/Saved/GunPickup_BaseAFBE6B2E4387315D75C13BAD869C615B.tmp' to '../../../../../GameDev/_Projects/A.S.H/ASH_Game/Content/TopDownBP/Blueprints/Weapons/WeaponPickup/GunPickup_Base.uasset'
[2018.10.02-23.08.51:638][405]LogTemp: Repeating last play command: Selected Viewport
[2018.10.02-23.08.51:655][405]LogBlueprintUserMessages: Early PlayInEditor Detection: Level '/Game/Beta/MapGeneration.MapGeneration:PersistentLevel' has LevelScriptBlueprint '/Game/Beta/MapGeneration.MapGeneration:PersistentLevel.MapGeneration' with GeneratedClass '/Game/Beta/MapGeneration.MapGeneration_C' with ClassGeneratedBy '/Game/Beta/MapGeneration.MapGeneration:PersistentLevel.MapGeneration'
[2018.10.02-23.08.51:656][405]LogPlayLevel: PlayLevel: No blueprints needed recompiling
[2018.10.02-23.08.51:767][405]PIE: New page: PIE session: MapGeneration (Oct 2, 2018, 3:08:51 PM)
[2018.10.02-23.08.51:777][405]LogPlayLevel: Creating play world package: /Game/Beta/UEDPIE_0_MapGeneration
[2018.10.02-23.08.51:817][405]LogPlayLevel: PIE: StaticDuplicateObject took: (0.039239s)
[2018.10.02-23.08.51:825][405]LogAIModule: Creating AISystem for world MapGeneration
[2018.10.02-23.08.51:825][405]LogPlayLevel: PIE: World Init took: (0.000948s)
[2018.10.02-23.08.51:825][405]LogPlayLevel: PIE: Created PIE world by copying editor world from /Game/Beta/MapGeneration.MapGeneration to /Game/Beta/UEDPIE_0_MapGeneration.MapGeneration (0.047418s)
[2018.10.02-23.08.51:924][405]LogInit: XAudio2 using 'Speakers / Headphones (Realtek Audio)' : 6 channels at 48 kHz using 32 bits per sample (channel mask 0x3f)
[2018.10.02-23.08.51:999][405]LogInit: FAudioDevice initialized.
[2018.10.02-23.08.52:052][405]LogLoad: Game class is 'TopDownGameMode_C'
[2018.10.02-23.08.52:149][405]LogWorld: Bringing World /Game/Beta/UEDPIE_0_MapGeneration.MapGeneration up for play (max tick rate 60) at 2018.10.02-19.08.52
[2018.10.02-23.08.52:168][405]LogWorld: Bringing up level for play took: 0.040965
[2018.10.02-23.08.52:310][405]LogContentBrowser: Native class hierarchy updated for 'MovieSceneCapture' in 0.0004 seconds. Added 10 classes and 0 folders.
[2018.10.02-23.08.52:487][405]PIE: Play in editor start time for /Game/Beta/UEDPIE_0_MapGeneration 0.477
[2018.10.02-23.08.52:487][405]LogBlueprintUserMessages: Late PlayInEditor Detection: Level '/Game/Beta/MapGeneration.MapGeneration:PersistentLevel' has LevelScriptBlueprint '/Game/Beta/MapGeneration.MapGeneration:PersistentLevel.MapGeneration' with GeneratedClass '/Game/Beta/MapGeneration.MapGeneration_C' with ClassGeneratedBy '/Game/Beta/MapGeneration.MapGeneration:PersistentLevel.MapGeneration'
[2018.10.02-23.08.55:425][555]LogBlueprintUserMessages: Early EndPlayMap Detection: Level '/Game/Beta/MapGeneration.MapGeneration:PersistentLevel' has LevelScriptBlueprint '/Game/Beta/MapGeneration.MapGeneration:PersistentLevel.MapGeneration' with GeneratedClass '/Game/Beta/MapGeneration.MapGeneration_C' with ClassGeneratedBy '/Game/Beta/MapGeneration.MapGeneration:PersistentLevel.MapGeneration'
[2018.10.02-23.08.55:468][555]LogSlate: Updating window title bar state: overlay mode, drag disabled, window buttons hidden, title bar hidden
[2018.10.02-23.08.55:571][555]LogPlayLevel: Display: Shutting down PIE online subsystems
[2018.10.02-23.08.55:571][555]LogBlueprintUserMessages: Late EndPlayMap Detection: Level '/Game/Beta/MapGeneration.MapGeneration:PersistentLevel' has LevelScriptBlueprint '/Game/Beta/MapGeneration.MapGeneration:PersistentLevel.MapGeneration' with GeneratedClass '/Game/Beta/MapGeneration.MapGeneration_C' with ClassGeneratedBy '/Game/Beta/MapGeneration.MapGeneration:PersistentLevel.MapGeneration'
[2018.10.02-23.08.55:618][555]LogSlate: Updating window title bar state: overlay mode, drag disabled, window buttons hidden, title bar hidden
[2018.10.02-23.08.55:666][556]LogPlayLevel: Display: Destroying online subsystem :Context_26
[2018.10.02-23.08.58:838][744]LogAIModule: Creating AISystem for world MainMenuTest
[2018.10.02-23.08.58:841][744]LogAssetEditorManager: Opening Asset editor for World /Game/UI-Rick/MainMenuTest.MainMenuTest
[2018.10.02-23.08.58:883][744]Cmd: MAP LOAD FILE="../../../../../GameDev/_Projects/A.S.H/ASH_Game/Content/UI-Rick/MainMenuTest.umap" TEMPLATE=0 SHOWPROGRESS=1 FEATURELEVEL=3
[2018.10.02-23.08.58:883][744]LightingResults: New page: Lighting Build
[2018.10.02-23.08.58:884][744]LoadErrors: New page: Loading map: MainMenuTest.umap
[2018.10.02-23.08.58:959][744]MapCheck: New page: Map Check
[2018.10.02-23.08.58:959][744]LightingResults: New page: Lighting Build
[2018.10.02-23.08.59:173][744]LogEditorServer: Finished looking for orphan Actors (0.000 secs)
[2018.10.02-23.08.59:226][744]Cmd: MAP CHECKDEP NOCLEARLOG
[2018.10.02-23.08.59:345][744]MapCheck: Map check complete: 0 Error(s), 0 Warning(s), took 119.019ms to complete.
[2018.10.02-23.08.59:345][744]LogFileHelpers: Loading map 'MainMenuTest' took 0.463
[2018.10.02-23.09.01:973][900]LogTemp: Repeating last play command: Selected Viewport
[2018.10.02-23.09.02:016][900]LogBlueprintUserMessages: Early PlayInEditor Detection: Level '/Game/UI-Rick/MainMenuTest.MainMenuTest:PersistentLevel' has LevelScriptBlueprint '/Game/UI-Rick/MainMenuTest.MainMenuTest:PersistentLevel.MainMenuTest' with GeneratedClass '/Game/UI-Rick/MainMenuTest.MainMenuTest_C' with ClassGeneratedBy '/Game/UI-Rick/MainMenuTest.MainMenuTest:PersistentLevel.MainMenuTest'
[2018.10.02-23.09.02:016][900]LogPlayLevel: PlayLevel: No blueprints needed recompiling
[2018.10.02-23.09.02:016][900]PIE: New page: PIE session: MainMenuTest (Oct 2, 2018, 3:09:02 PM)
[2018.10.02-23.09.02:017][900]LogPlayLevel: Creating play world package: /Game/UI-Rick/UEDPIE_0_MainMenuTest
[2018.10.02-23.09.02:018][900]LogPlayLevel: PIE: StaticDuplicateObject took: (0.001287s)
[2018.10.02-23.09.02:019][900]LogAIModule: Creating AISystem for world MainMenuTest
[2018.10.02-23.09.02:019][900]LogPlayLevel: PIE: World Init took: (0.000942s)
[2018.10.02-23.09.02:019][900]LogPlayLevel: PIE: Created PIE world by copying editor world from /Game/UI-Rick/MainMenuTest.MainMenuTest to /Game/UI-Rick/UEDPIE_0_MainMenuTest.MainMenuTest (0.002442s)
[2018.10.02-23.09.02:079][900]LogInit: XAudio2 using 'Speakers / Headphones (Realtek Audio)' : 6 channels at 48 kHz using 32 bits per sample (channel mask 0x3f)
[2018.10.02-23.09.02:152][900]LogInit: FAudioDevice initialized.
[2018.10.02-23.09.02:184][900]LogLoad: Game class is 'TopDownGameMode_C'
[2018.10.02-23.09.02:185][900]LogWorld: Bringing World /Game/UI-Rick/UEDPIE_0_MainMenuTest.MainMenuTest up for play (max tick rate 60) at 2018.10.02-19.09.02
[2018.10.02-23.09.02:185][900]LogWorld: Bringing up level for play took: 0.000477
[2018.10.02-23.09.02:238][900]PIE: Play in editor start time for /Game/UI-Rick/UEDPIE_0_MainMenuTest 0.228
[2018.10.02-23.09.02:238][900]LogBlueprintUserMessages: Late PlayInEditor Detection: Level '/Game/UI-Rick/MainMenuTest.MainMenuTest:PersistentLevel' has LevelScriptBlueprint '/Game/UI-Rick/MainMenuTest.MainMenuTest:PersistentLevel.MainMenuTest' with GeneratedClass '/Game/UI-Rick/MainMenuTest.MainMenuTest_C' with ClassGeneratedBy '/Game/UI-Rick/MainMenuTest.MainMenuTest:PersistentLevel.MainMenuTest'
[2018.10.02-23.09.03:415][968]LogSlate: FSceneViewport::OnFocusLost() reason 0
[2018.10.02-23.09.04:423][ 20]LogNet: Browse: /Game/Beta/MapGeneration
[2018.10.02-23.09.04:436][ 20]LogLoad: LoadMap: /Game/Beta/MapGeneration
[2018.10.02-23.09.06:175][ 20]LogAIModule: Creating AISystem for world MapGeneration
[2018.10.02-23.09.06:175][ 20]LogLoad: Game class is 'TopDownGameMode_C'
[2018.10.02-23.09.06:186][ 20]LogWorld: Bringing World /Game/Beta/UEDPIE_0_MapGeneration.MapGeneration up for play (max tick rate 60) at 2018.10.02-19.09.06
[2018.10.02-23.09.06:187][ 20]LogWorld: Bringing up level for play took: 0.011656
[2018.10.02-23.09.06:215][ 20]LogBlueprintUserMessages: [MapGenerator_BP_2] REAbranch#3
[2018.10.02-23.09.06:216][ 20]LogBlueprintUserMessages: [MapGenerator_BP_2] CSbranch#1
[2018.10.02-23.09.06:293][ 20]LogBlueprintUserMessages: [MapGenerator_BP_2] CS Spawned
[2018.10.02-23.09.06:547][ 20]LogBlueprintUserMessages: [MapGenerator_BP_2] REA Spawned
[2018.10.02-23.09.06:689][ 20]LogLoad: Took 2.252506 seconds to LoadMap(/Game/Beta/MapGeneration)
[2018.10.02-23.09.07:315][ 29]LogBlueprintUserMessages: [TopDownCharacter] false
[2018.10.02-23.09.08:368][ 89]LogBlueprintUserMessages: [TopDownCharacter] false
[2018.10.02-23.09.09:461][149]LogBlueprintUserMessages: [TopDownCharacter] false
[2018.10.02-23.09.10:460][209]LogBlueprintUserMessages: [TopDownCharacter] false
[2018.10.02-23.09.11:488][269]LogBlueprintUserMessages: [TopDownCharacter] false
[2018.10.02-23.09.12:487][329]LogBlueprintUserMessages: [TopDownCharacter] false
[2018.10.02-23.09.13:488][389]LogBlueprintUserMessages: [TopDownCharacter] false
[2018.10.02-23.09.14:553][449]LogBlueprintUserMessages: [TopDownCharacter] false
[2018.10.02-23.09.15:553][509]LogBlueprintUserMessages: [TopDownCharacter] false
[2018.10.02-23.09.16:554][569]LogBlueprintUserMessages: [TopDownCharacter] false
[2018.10.02-23.09.17:554][629]LogBlueprintUserMessages: [TopDownCharacter] true
[2018.10.02-23.09.18:553][689]LogBlueprintUserMessages: [TopDownCharacter] true
[2018.10.02-23.09.19:554][749]LogBlueprintUserMessages: [TopDownCharacter] true
[2018.10.02-23.09.20:124][783]LogBlueprintUserMessages: Early EndPlayMap Detection: Level '/Game/UI-Rick/MainMenuTest.MainMenuTest:PersistentLevel' has LevelScriptBlueprint '/Game/UI-Rick/MainMenuTest.MainMenuTest:PersistentLevel.MainMenuTest' with GeneratedClass '/Game/UI-Rick/MainMenuTest.MainMenuTest_C' with ClassGeneratedBy '/Game/UI-Rick/MainMenuTest.MainMenuTest:PersistentLevel.MainMenuTest'
[2018.10.02-23.09.20:125][783]LogSlate: Updating window title bar state: overlay mode, drag disabled, window buttons hidden, title bar hidden
[2018.10.02-23.09.20:220][783]LogPlayLevel: Display: Shutting down PIE online subsystems
[2018.10.02-23.09.20:220][783]LogBlueprintUserMessages: Late EndPlayMap Detection: Level '/Game/UI-Rick/MainMenuTest.MainMenuTest:PersistentLevel' has LevelScriptBlueprint '/Game/UI-Rick/MainMenuTest.MainMenuTest:PersistentLevel.MainMenuTest' with GeneratedClass '/Game/UI-Rick/MainMenuTest.MainMenuTest_C' with ClassGeneratedBy '/Game/UI-Rick/MainMenuTest.MainMenuTest:PersistentLevel.MainMenuTest'
[2018.10.02-23.09.20:273][783]LogSlate: Updating window title bar state: overlay mode, drag disabled, window buttons hidden, title bar hidden
[2018.10.02-23.09.20:309][784]LogPlayLevel: Display: Destroying online subsystem :Context_27
[2018.10.02-23.09.23:678][986]LogSlate: FSceneViewport::OnFocusLost() reason 0
